make[1]: Entering directory '/home/runner/work/moq-interop-runner/moq-interop-runner/main'
Running tests against https://relay.moqtail.dev...
  Client: ghcr.io/englishm/moq-interop-runner-moq-test-client-draft-16:latest
docker run --rm \
	 \
	--network host \
	-e RELAY_URL=https://relay.moqtail.dev \
	-e TLS_DISABLE_VERIFY=false \
	ghcr.io/englishm/moq-interop-runner-moq-test-client-draft-16:latest
TAP version 14
# moq-test-client v0.1.0
# Relay: https://relay.moqtail.dev/
1..6
ok 1 - setup-only
  ---
  duration_ms: 280
  connection_id: 5ad8bac898c19b4a4cbc397e6219860e
  ...
ok 2 - announce-only
  ---
  duration_ms: 2200
  connection_id: c7c7b1b054b90ea067779e61bff4696a
  ...
ok 3 - subscribe-error
  ---
  duration_ms: 346
  connection_id: 26fe141288dac3c657b151edd3cc333e
  ...
ok 4 - announce-subscribe
  ---
  duration_ms: 634
  publisher_connection_id: c3033ab057590a16f345b863d3b4ca57
  subscriber_connection_id: d010be614b537bef8daba448c9a6e32a
  ...
ok 5 - subscribe-before-announce
  ---
  duration_ms: 4029
  subscriber_connection_id: c60264f6e235b555daf2f2522afc6b9b
  publisher_connection_id: f825292228449ac90e2daf63f2ae6d95
  ...
ok 6 - publish-namespace-done
  ---
  duration_ms: 2304
  connection_id: ce8b9e55f19bcf7e7192ce16e9c833df
  ...
make[1]: Leaving directory '/home/runner/work/moq-interop-runner/moq-interop-runner/main'
