make[1]: Entering directory '/home/runner/work/moq-interop-runner/moq-interop-runner/main'
Running tests against moqt://draft-14.cloudflare.mediaoverquic.com:443...
  Client: ghcr.io/englishm/moq-interop-runner-moq-test-client:latest
docker run --rm \
	 \
	--network host \
	-e RELAY_URL=moqt://draft-14.cloudflare.mediaoverquic.com:443 \
	-e TLS_DISABLE_VERIFY=false \
	ghcr.io/englishm/moq-interop-runner-moq-test-client:latest
TAP version 14
# moq-test-client v0.1.0
# Relay: moqt://draft-14.cloudflare.mediaoverquic.com:443
1..6
ok 1 - setup-only
  ---
  duration_ms: 69
  connection_id: af3fdc6980686396f2ff6d866e534605
  ...
ok 2 - announce-only
  ---
  duration_ms: 2036
  connection_id: a7c6d2fe7bcd6361c24f8946156d5ed9
  ...
ok 3 - subscribe-error
  ---
  duration_ms: 164
  connection_id: 3cfc6a0e347ea3afe619ea047ad375f7
  ...
ok 4 - announce-subscribe
  ---
  duration_ms: 137
  publisher_connection_id: 71f70da16fcca6b3df98f3d6e3e1873d
  subscriber_connection_id: 35f8955cbb8cb4c390f5c649d9ae5739
  ...
ok 5 - subscribe-before-announce
  ---
  duration_ms: 3574
  subscriber_connection_id: 3bdc033bfbcf55b576dc4133c8ff9d82
  publisher_connection_id: ee9a93903167a85ffe1a72f5faadeb7c
  ...
ok 6 - publish-namespace-done
  ---
  duration_ms: 2139
  connection_id: 6b190165c059be111f9263fb59b3059d
  ...
make[1]: Leaving directory '/home/runner/work/moq-interop-runner/moq-interop-runner/main'
