make[1]: Entering directory '/home/runner/work/moq-interop-runner/moq-interop-runner/main'
Running tests against https://moqx-main.ci.openmoq.org:4433/moq-relay...
  Client: ghcr.io/englishm/moq-interop-runner-moq-test-client:latest
docker run --rm \
	 \
	--network host \
	-e RELAY_URL=https://moqx-main.ci.openmoq.org:4433/moq-relay \
	-e TLS_DISABLE_VERIFY=false \
	ghcr.io/englishm/moq-interop-runner-moq-test-client:latest
TAP version 14
# moq-test-client v0.1.0
# Relay: https://moqx-main.ci.openmoq.org:4433/moq-relay
1..6
ok 1 - setup-only
  ---
  duration_ms: 339
  connection_id: 73907307998b1d5a59575c16f32dc586
  ...
ok 2 - announce-only
  ---
  duration_ms: 2153
  connection_id: 3072312870ed88b2536eedb571b6fb16
  ...
ok 3 - subscribe-error
  ---
  duration_ms: 402
  connection_id: ef084d16c6ed697f93b774ce89cd26e5
  ...
ok 4 - announce-subscribe
  ---
  duration_ms: 3586
  publisher_connection_id: 39c424d79570106abe2172ca9fec99eb
  subscriber_connection_id: 8855fdd0ad7f25cd4e4d8e93aa71e562
  ...
ok 5 - subscribe-before-announce
  ---
  duration_ms: 3896
  subscriber_connection_id: ffea2e3e682569982fed8fb047f9f0f5
  publisher_connection_id: ccb1dc37e1a48909c8a162c4ff3868f9
  ...
ok 6 - publish-namespace-done
  ---
  duration_ms: 2253
  connection_id: d3bf453326c0c277594c5c08232a6f22
  ...
make[1]: Leaving directory '/home/runner/work/moq-interop-runner/moq-interop-runner/main'
