make[1]: Entering directory '/home/runner/work/moq-interop-runner/moq-interop-runner/main'
Running tests against https://moqx-main.ci.openmoq.org:4433/moq-relay...
  Client: ghcr.io/englishm/moq-interop-runner-moq-test-client-draft-18:latest
docker run --rm \
	 \
	--network host \
	-e RELAY_URL=https://moqx-main.ci.openmoq.org:4433/moq-relay \
	-e TLS_DISABLE_VERIFY=false \
	ghcr.io/englishm/moq-interop-runner-moq-test-client-draft-18:latest
TAP version 14
# moq-test-client v0.1.6
# Relay: https://moqx-main.ci.openmoq.org:4433/moq-relay
1..6
[2m2026-07-16T01:03:18.611596Z[0m [32m INFO[0m [2mmoq_native_ietf::quic[0m[2m:[0m UDP socket bound [3mbind[0m[2m=[0m[::]:0 [3mlocal[0m[2m=[0m[::]:36297 [3mdual_stack[0m[2m=[0mtrue
[2m2026-07-16T01:03:18.795510Z[0m [32m INFO[0m [2mmoq_test_client::scenarios[0m[2m:[0m SETUP exchange completed successfully
ok 1 - setup-only
  ---
  duration_ms: 184
  connection_id: 0b9748a121aa0c28e9cbe17ab26df065
  ...
[2m2026-07-16T01:03:18.796281Z[0m [32m INFO[0m [2mmoq_native_ietf::quic[0m[2m:[0m UDP socket bound [3mbind[0m[2m=[0m[::]:0 [3mlocal[0m[2m=[0m[::]:58271 [3mdual_stack[0m[2m=[0mtrue
[2m2026-07-16T01:03:18.843669Z[0m [33m WARN[0m [2mweb_transport_quinn::session[0m[2m:[0m failed to read capsule [3me[0m[2m=[0mUnexpectedEnd
[2m2026-07-16T01:03:19.099459Z[0m [32m INFO[0m [2mmoq_test_client::scenarios[0m[2m:[0m Sending PUBLISH_NAMESPACE for: moq-test/interop
[2m2026-07-16T01:03:21.100624Z[0m [32m INFO[0m [2mmoq_test_client::scenarios[0m[2m:[0m PUBLISH_NAMESPACE succeeded (REQUEST_OK received, waiting for subscribers)
ok 2 - publish-namespace-only
  ---
  duration_ms: 2305
  connection_id: ae3c20225bfb332d54cf2af16afdfcb0
  ...
[2m2026-07-16T01:03:21.101388Z[0m [32m INFO[0m [2mmoq_native_ietf::quic[0m[2m:[0m UDP socket bound [3mbind[0m[2m=[0m[::]:0 [3mlocal[0m[2m=[0m[::]:40624 [3mdual_stack[0m[2m=[0mtrue
[2m2026-07-16T01:03:21.304468Z[0m [32m INFO[0m [2mmoq_test_client::scenarios[0m[2m:[0m Subscribing to non-existent track: nonexistent/namespace/test-track
[2m2026-07-16T01:03:21.352454Z[0m [33m WARN[0m [2mmoq_transport::serve::error[0m[2m:[0m [981d163b-58e3-4352-98b3-5761f7fa2d7a] Not found: no such namespace or track at moq-transport/src/session/subscriber.rs:455
[2m2026-07-16T01:03:21.352488Z[0m [33m WARN[0m [2mmoq_transport::session::reader[0m[2m:[0m [READER] decode: stream ended while waiting for data (have=0 bytes, need=1)
[2m2026-07-16T01:03:21.352618Z[0m [32m INFO[0m [2mmoq_test_client::scenarios[0m[2m:[0m Got expected 'not found' error: not found: Track not found [error:981d163b-58e3-4352-98b3-5761f7fa2d7a]
ok 3 - subscribe-error
  ---
  duration_ms: 251
  connection_id: 2f8f4593269611ba97f76562cc5c0f8d
  ...
[2m2026-07-16T01:03:21.353285Z[0m [32m INFO[0m [2mmoq_native_ietf::quic[0m[2m:[0m UDP socket bound [3mbind[0m[2m=[0m[::]:0 [3mlocal[0m[2m=[0m[::]:45458 [3mdual_stack[0m[2m=[0mtrue
[2m2026-07-16T01:03:21.400437Z[0m [33m WARN[0m [2mweb_transport_quinn::session[0m[2m:[0m failed to read capsule [3me[0m[2m=[0mUnexpectedEnd
[2m2026-07-16T01:03:21.479814Z[0m [32m INFO[0m [2mmoq_native_ietf::quic[0m[2m:[0m UDP socket bound [3mbind[0m[2m=[0m[::]:0 [3mlocal[0m[2m=[0m[::]:58126 [3mdual_stack[0m[2m=[0mtrue
[2m2026-07-16T01:03:21.750551Z[0m [32m INFO[0m [2mmoq_test_client::scenarios[0m[2m:[0m Publisher sending PUBLISH_NAMESPACE: moq-test/interop
[2m2026-07-16T01:03:21.750571Z[0m [32m INFO[0m [2mmoq_test_client::scenarios[0m[2m:[0m Subscriber subscribing to track: moq-test/interop/test-track
[2m2026-07-16T01:03:21.798727Z[0m [33m WARN[0m [2mmoq_transport::serve::error[0m[2m:[0m [1b7ca5ef-1988-4564-97e3-f68bcf17ca90] Not found: no such namespace or track at moq-transport/src/session/subscriber.rs:455
[2m2026-07-16T01:03:21.798762Z[0m [33m WARN[0m [2mmoq_transport::session::reader[0m[2m:[0m [READER] decode: stream ended while waiting for data (have=0 bytes, need=1)
[2m2026-07-16T01:03:21.798983Z[0m [32m INFO[0m [2mmoq_test_client::scenarios[0m[2m:[0m Subscriber got error: not found: Track not found [error:1b7ca5ef-1988-4564-97e3-f68bcf17ca90] - subscription was processed
ok 4 - publish-namespace-subscribe
  ---
  duration_ms: 446
  publisher_connection_id: ab78354c969d98e13b815ac1f146ef68
  subscriber_connection_id: a5731949c34674055339e6773aa97005
  ...
[2m2026-07-16T01:03:21.799711Z[0m [32m INFO[0m [2mmoq_native_ietf::quic[0m[2m:[0m UDP socket bound [3mbind[0m[2m=[0m[::]:0 [3mlocal[0m[2m=[0m[::]:58897 [3mdual_stack[0m[2m=[0mtrue
[2m2026-07-16T01:03:21.847247Z[0m [33m WARN[0m [2mweb_transport_quinn::session[0m[2m:[0m failed to read capsule [3me[0m[2m=[0mUnexpectedEnd
[2m2026-07-16T01:03:22.020129Z[0m [32m INFO[0m [2mmoq_test_client::scenarios[0m[2m:[0m Subscriber subscribing BEFORE PUBLISH_NAMESPACE: moq-test/interop/test-track
[2m2026-07-16T01:03:22.068541Z[0m [33m WARN[0m [2mmoq_transport::serve::error[0m[2m:[0m [831b1e12-ee27-4aad-b6ca-ab1d533f7fe1] Not found: no such namespace or track at moq-transport/src/session/subscriber.rs:455
[2m2026-07-16T01:03:22.068569Z[0m [33m WARN[0m [2mmoq_transport::session::reader[0m[2m:[0m [READER] decode: stream ended while waiting for data (have=0 bytes, need=1)
[2m2026-07-16T01:03:22.117100Z[0m [33m WARN[0m [2mweb_transport_quinn::session[0m[2m:[0m failed to read capsule [3me[0m[2m=[0mUnexpectedEnd
[2m2026-07-16T01:03:22.521747Z[0m [32m INFO[0m [2mmoq_native_ietf::quic[0m[2m:[0m UDP socket bound [3mbind[0m[2m=[0m[::]:0 [3mlocal[0m[2m=[0m[::]:40472 [3mdual_stack[0m[2m=[0mtrue
[2m2026-07-16T01:03:22.628504Z[0m [32m INFO[0m [2mmoq_test_client::scenarios[0m[2m:[0m Publisher sending PUBLISH_NAMESPACE (after subscriber): moq-test/interop
[2m2026-07-16T01:03:25.629520Z[0m [32m INFO[0m [2mmoq_test_client::scenarios[0m[2m:[0m Publisher PUBLISH_NAMESPACE timeout (expected)
[2m2026-07-16T01:03:25.629546Z[0m [32m INFO[0m [2mmoq_test_client::scenarios[0m[2m:[0m Subscriber got error: not found: Track not found [error:831b1e12-ee27-4aad-b6ca-ab1d533f7fe1] (may be expected)
ok 5 - subscribe-before-publish-namespace
  ---
  duration_ms: 3830
  subscriber_connection_id: 37fa3f29fa3a335855832596c6c74658
  publisher_connection_id: 8b768276e31dbd07bc4a4e325e92d728
  ...
[2m2026-07-16T01:03:25.630230Z[0m [32m INFO[0m [2mmoq_native_ietf::quic[0m[2m:[0m UDP socket bound [3mbind[0m[2m=[0m[::]:0 [3mlocal[0m[2m=[0m[::]:48331 [3mdual_stack[0m[2m=[0mtrue
[2m2026-07-16T01:03:25.738772Z[0m [32m INFO[0m [2mmoq_test_client::scenarios[0m[2m:[0m Sending PUBLISH_NAMESPACE: moq-test/interop
[2m2026-07-16T01:03:27.740212Z[0m [32m INFO[0m [2mmoq_test_client::scenarios[0m[2m:[0m PUBLISH_NAMESPACE active; sending PUBLISH_NAMESPACE_DONE
[2m2026-07-16T01:03:27.840974Z[0m [32m INFO[0m [2mmoq_test_client::scenarios[0m[2m:[0m PUBLISH_NAMESPACE_DONE sent successfully
ok 6 - publish-namespace-done
  ---
  duration_ms: 2211
  connection_id: ed44b6c0313e508eb375e93740ee2c60
  ...
make[1]: Leaving directory '/home/runner/work/moq-interop-runner/moq-interop-runner/main'
