make[1]: Entering directory '/home/runner/work/moq-interop-runner/moq-interop-runner/main'
Running tests against moqt://fb.mvfst.net:9448...
  Client: ghcr.io/englishm/moq-interop-runner-moq-test-client-draft-18:latest
docker run --rm \
	 \
	--network host \
	-e RELAY_URL=moqt://fb.mvfst.net:9448 \
	-e TLS_DISABLE_VERIFY=1 \
	ghcr.io/englishm/moq-interop-runner-moq-test-client-draft-18:latest
TAP version 14
# moq-test-client v0.1.6
# Relay: moqt://fb.mvfst.net:9448
1..6
[2m2026-07-16T01:04:20.218411Z[0m [32m INFO[0m [2mmoq_native_ietf::quic[0m[2m:[0m UDP socket bound [3mbind[0m[2m=[0m[::]:0 [3mlocal[0m[2m=[0m[::]:45298 [3mdual_stack[0m[2m=[0mtrue
[2m2026-07-16T01:04:20.352706Z[0m [32m INFO[0m [2mmoq_test_client::scenarios[0m[2m:[0m SETUP exchange completed successfully
ok 1 - setup-only
  ---
  duration_ms: 135
  connection_id: 1b7e44a6db1b9cd5ea25d301890007ab
  ...
[2m2026-07-16T01:04:20.353404Z[0m [32m INFO[0m [2mmoq_native_ietf::quic[0m[2m:[0m UDP socket bound [3mbind[0m[2m=[0m[::]:0 [3mlocal[0m[2m=[0m[::]:48386 [3mdual_stack[0m[2m=[0mtrue
[2m2026-07-16T01:04:20.506146Z[0m [32m INFO[0m [2mmoq_test_client::scenarios[0m[2m:[0m Sending PUBLISH_NAMESPACE for: moq-test/interop
[2m2026-07-16T01:04:22.507272Z[0m [32m INFO[0m [2mmoq_test_client::scenarios[0m[2m:[0m PUBLISH_NAMESPACE succeeded (REQUEST_OK received, waiting for subscribers)
ok 2 - publish-namespace-only
  ---
  duration_ms: 2154
  connection_id: 5065ee30fe36903f559415c386d97830
  ...
[2m2026-07-16T01:04:22.508017Z[0m [32m INFO[0m [2mmoq_native_ietf::quic[0m[2m:[0m UDP socket bound [3mbind[0m[2m=[0m[::]:0 [3mlocal[0m[2m=[0m[::]:51432 [3mdual_stack[0m[2m=[0mtrue
[2m2026-07-16T01:04:22.670224Z[0m [32m INFO[0m [2mmoq_test_client::scenarios[0m[2m:[0m Subscribing to non-existent track: nonexistent/namespace/test-track
[2m2026-07-16T01:04:22.748291Z[0m [33m WARN[0m [2mmoq_transport::serve::error[0m[2m:[0m [3d9d8fd8-4c0c-4a82-b587-bb998aead171] Not found: no such namespace or track at moq-transport/src/session/subscriber.rs:455
[2m2026-07-16T01:04:22.748325Z[0m [33m WARN[0m [2mmoq_transport::session::reader[0m[2m:[0m [READER] decode: stream ended while waiting for data (have=0 bytes, need=1)
[2m2026-07-16T01:04:22.748376Z[0m [32m INFO[0m [2mmoq_test_client::scenarios[0m[2m:[0m Got expected 'not found' error: not found: Track not found [error:3d9d8fd8-4c0c-4a82-b587-bb998aead171]
ok 3 - subscribe-error
  ---
  duration_ms: 241
  connection_id: 42fe41a44b3be9af054f230491d235ba
  ...
[2m2026-07-16T01:04:22.749070Z[0m [32m INFO[0m [2mmoq_native_ietf::quic[0m[2m:[0m UDP socket bound [3mbind[0m[2m=[0m[::]:0 [3mlocal[0m[2m=[0m[::]:49237 [3mdual_stack[0m[2m=[0mtrue
[2m2026-07-16T01:04:22.837173Z[0m [32m INFO[0m [2mmoq_native_ietf::quic[0m[2m:[0m UDP socket bound [3mbind[0m[2m=[0m[::]:0 [3mlocal[0m[2m=[0m[::]:54033 [3mdual_stack[0m[2m=[0mtrue
[2m2026-07-16T01:04:22.940857Z[0m [32m INFO[0m [2mmoq_test_client::scenarios[0m[2m:[0m Publisher sending PUBLISH_NAMESPACE: moq-test/interop
[2m2026-07-16T01:04:22.940881Z[0m [32m INFO[0m [2mmoq_test_client::scenarios[0m[2m:[0m Subscriber subscribing to track: moq-test/interop/test-track
[2m2026-07-16T01:04:23.019512Z[0m [33m WARN[0m [2mmoq_transport::serve::error[0m[2m:[0m [87140418-bdb4-41a6-878e-c629590b0f8d] Not found: no such namespace or track at moq-transport/src/session/subscriber.rs:455
[2m2026-07-16T01:04:23.019543Z[0m [33m WARN[0m [2mmoq_transport::session::reader[0m[2m:[0m [READER] decode: stream ended while waiting for data (have=0 bytes, need=1)
[2m2026-07-16T01:04:23.019782Z[0m [32m INFO[0m [2mmoq_test_client::scenarios[0m[2m:[0m Subscriber got error: not found: Track not found [error:87140418-bdb4-41a6-878e-c629590b0f8d] - subscription was processed
ok 4 - publish-namespace-subscribe
  ---
  duration_ms: 271
  publisher_connection_id: ef3c1fbe52e1d197a5281e050d151a2a
  subscriber_connection_id: 2cee96d01925475e918c51956fa916dc
  ...
[2m2026-07-16T01:04:23.020379Z[0m [32m INFO[0m [2mmoq_native_ietf::quic[0m[2m:[0m UDP socket bound [3mbind[0m[2m=[0m[::]:0 [3mlocal[0m[2m=[0m[::]:54294 [3mdual_stack[0m[2m=[0mtrue
[2m2026-07-16T01:04:23.116598Z[0m [32m INFO[0m [2mmoq_test_client::scenarios[0m[2m:[0m Subscriber subscribing BEFORE PUBLISH_NAMESPACE: moq-test/interop/test-track
[2m2026-07-16T01:04:23.193314Z[0m [33m WARN[0m [2mmoq_transport::serve::error[0m[2m:[0m [2be5c2f2-69ea-421b-a02b-a6c2bafae500] Not found: no such namespace or track at moq-transport/src/session/subscriber.rs:455
[2m2026-07-16T01:04:23.193340Z[0m [33m WARN[0m [2mmoq_transport::session::reader[0m[2m:[0m [READER] decode: stream ended while waiting for data (have=0 bytes, need=1)
[2m2026-07-16T01:04:23.618912Z[0m [32m INFO[0m [2mmoq_native_ietf::quic[0m[2m:[0m UDP socket bound [3mbind[0m[2m=[0m[::]:0 [3mlocal[0m[2m=[0m[::]:51083 [3mdual_stack[0m[2m=[0mtrue
[2m2026-07-16T01:04:23.714976Z[0m [32m INFO[0m [2mmoq_test_client::scenarios[0m[2m:[0m Publisher sending PUBLISH_NAMESPACE (after subscriber): moq-test/interop
[2m2026-07-16T01:04:26.716503Z[0m [32m INFO[0m [2mmoq_test_client::scenarios[0m[2m:[0m Publisher PUBLISH_NAMESPACE timeout (expected)
[2m2026-07-16T01:04:26.716524Z[0m [32m INFO[0m [2mmoq_test_client::scenarios[0m[2m:[0m Subscriber got error: not found: Track not found [error:2be5c2f2-69ea-421b-a02b-a6c2bafae500] (may be expected)
ok 5 - subscribe-before-publish-namespace
  ---
  duration_ms: 3696
  subscriber_connection_id: 23e39c0d4d7eab43317e1ffc40b9df48
  publisher_connection_id: ef8fe8abb24a9b818a0bacfbd4a98038
  ...
[2m2026-07-16T01:04:26.717167Z[0m [32m INFO[0m [2mmoq_native_ietf::quic[0m[2m:[0m UDP socket bound [3mbind[0m[2m=[0m[::]:0 [3mlocal[0m[2m=[0m[::]:44677 [3mdual_stack[0m[2m=[0mtrue
[2m2026-07-16T01:04:26.897298Z[0m [32m INFO[0m [2mmoq_test_client::scenarios[0m[2m:[0m Sending PUBLISH_NAMESPACE: moq-test/interop
[2m2026-07-16T01:04:28.897920Z[0m [32m INFO[0m [2mmoq_test_client::scenarios[0m[2m:[0m PUBLISH_NAMESPACE active; sending PUBLISH_NAMESPACE_DONE
[2m2026-07-16T01:04:28.999094Z[0m [32m INFO[0m [2mmoq_test_client::scenarios[0m[2m:[0m PUBLISH_NAMESPACE_DONE sent successfully
ok 6 - publish-namespace-done
  ---
  duration_ms: 2282
  connection_id: 2b2af9fa36aca62a2a621440bb1b1cab
  ...
make[1]: Leaving directory '/home/runner/work/moq-interop-runner/moq-interop-runner/main'
