make[1]: Entering directory '/home/runner/work/moq-interop-runner/moq-interop-runner/main'
Running tests against moqt://draft-18-interop.cloudflare.mediaoverquic.com:443...
  Client: ghcr.io/englishm/moq-interop-runner-moq-test-client-draft-18:latest
docker run --rm \
	 \
	--network host \
	-e RELAY_URL=moqt://draft-18-interop.cloudflare.mediaoverquic.com:443 \
	-e TLS_DISABLE_VERIFY=false \
	ghcr.io/englishm/moq-interop-runner-moq-test-client-draft-18:latest
TAP version 14
# moq-test-client v0.1.6
# Relay: moqt://draft-18-interop.cloudflare.mediaoverquic.com:443
1..6
[2m2026-07-16T01:02:13.310748Z[0m [32m INFO[0m [2mmoq_native_ietf::quic[0m[2m:[0m UDP socket bound [3mbind[0m[2m=[0m[::]:0 [3mlocal[0m[2m=[0m[::]:38427 [3mdual_stack[0m[2m=[0mtrue
[2m2026-07-16T01:02:13.447807Z[0m [32m INFO[0m [2mmoq_test_client::scenarios[0m[2m:[0m SETUP exchange completed successfully
ok 1 - setup-only
  ---
  duration_ms: 137
  connection_id: ec28fd8e79f67389018c6fff079aa597
  ...
[2m2026-07-16T01:02:13.448521Z[0m [32m INFO[0m [2mmoq_native_ietf::quic[0m[2m:[0m UDP socket bound [3mbind[0m[2m=[0m[::]:0 [3mlocal[0m[2m=[0m[::]:53922 [3mdual_stack[0m[2m=[0mtrue
[2m2026-07-16T01:02:13.501069Z[0m [32m INFO[0m [2mmoq_test_client::scenarios[0m[2m:[0m Sending PUBLISH_NAMESPACE for: moq-test/interop
[2m2026-07-16T01:02:15.502782Z[0m [32m INFO[0m [2mmoq_test_client::scenarios[0m[2m:[0m PUBLISH_NAMESPACE succeeded (REQUEST_OK received, waiting for subscribers)
ok 2 - publish-namespace-only
  ---
  duration_ms: 2054
  connection_id: 745a0301b7bfc885f15029d5dc900abd
  ...
[2m2026-07-16T01:02:15.503454Z[0m [32m INFO[0m [2mmoq_native_ietf::quic[0m[2m:[0m UDP socket bound [3mbind[0m[2m=[0m[::]:0 [3mlocal[0m[2m=[0m[::]:58112 [3mdual_stack[0m[2m=[0mtrue
[2m2026-07-16T01:02:15.599552Z[0m [32m INFO[0m [2mmoq_test_client::scenarios[0m[2m:[0m Subscribing to non-existent track: nonexistent/namespace/test-track
[2m2026-07-16T01:02:15.613089Z[0m [33m WARN[0m [2mmoq_transport::serve::error[0m[2m:[0m [83006a73-44c1-47d3-a143-b0035e46f542] Not found: not found: Track not found [error:bd229553-5933-4594-b58f-d4b42cb479f3] at moq-transport/src/session/subscriber.rs:455
[2m2026-07-16T01:02:15.613173Z[0m [32m INFO[0m [2mmoq_test_client::scenarios[0m[2m:[0m Got expected 'not found' error: not found: Track not found [error:83006a73-44c1-47d3-a143-b0035e46f542]
ok 3 - subscribe-error
  ---
  duration_ms: 110
  connection_id: 7c858c65588b466926d636daf8691c1f
  ...
[2m2026-07-16T01:02:15.613836Z[0m [32m INFO[0m [2mmoq_native_ietf::quic[0m[2m:[0m UDP socket bound [3mbind[0m[2m=[0m[::]:0 [3mlocal[0m[2m=[0m[::]:50846 [3mdual_stack[0m[2m=[0mtrue
[2m2026-07-16T01:02:15.614594Z[0m [33m WARN[0m [2mmoq_transport::session::reader[0m[2m:[0m [READER] decode: stream ended while waiting for data (have=0 bytes, need=1)
[2m2026-07-16T01:02:15.712709Z[0m [32m INFO[0m [2mmoq_native_ietf::quic[0m[2m:[0m UDP socket bound [3mbind[0m[2m=[0m[::]:0 [3mlocal[0m[2m=[0m[::]:60011 [3mdual_stack[0m[2m=[0mtrue
[2m2026-07-16T01:02:15.761973Z[0m [32m INFO[0m [2mmoq_test_client::scenarios[0m[2m:[0m Publisher sending PUBLISH_NAMESPACE: moq-test/interop
[2m2026-07-16T01:02:15.761987Z[0m [32m INFO[0m [2mmoq_test_client::scenarios[0m[2m:[0m Subscriber subscribing to track: moq-test/interop/test-track
[2m2026-07-16T01:02:18.763461Z[0m [32m INFO[0m [2mmoq_test_client::scenarios[0m[2m:[0m Test timeout reached - subscription routing may still be in progress
ok 4 - publish-namespace-subscribe
  ---
  duration_ms: 3150
  publisher_connection_id: 278c43dad5730f273b94fd2a59be61a4
  subscriber_connection_id: c43d162a19a61ac0743f99a8eadf18f2
  ...
[2m2026-07-16T01:02:18.764131Z[0m [32m INFO[0m [2mmoq_native_ietf::quic[0m[2m:[0m UDP socket bound [3mbind[0m[2m=[0m[::]:0 [3mlocal[0m[2m=[0m[::]:37240 [3mdual_stack[0m[2m=[0mtrue
[2m2026-07-16T01:02:18.840016Z[0m [32m INFO[0m [2mmoq_test_client::scenarios[0m[2m:[0m Subscriber subscribing BEFORE PUBLISH_NAMESPACE: moq-test/interop/test-track
[2m2026-07-16T01:02:18.852462Z[0m [33m WARN[0m [2mmoq_transport::serve::error[0m[2m:[0m [318c40f8-fef7-4e57-ae55-b831a1ec30ab] Not found: not found: Track not found [error:a28b5e57-511e-4798-ae20-a9d6ac7a2daf] at moq-transport/src/session/subscriber.rs:455
[2m2026-07-16T01:02:18.852623Z[0m [33m WARN[0m [2mmoq_transport::session::reader[0m[2m:[0m [READER] decode: stream ended while waiting for data (have=0 bytes, need=1)
[2m2026-07-16T01:02:19.341959Z[0m [32m INFO[0m [2mmoq_native_ietf::quic[0m[2m:[0m UDP socket bound [3mbind[0m[2m=[0m[::]:0 [3mlocal[0m[2m=[0m[::]:33833 [3mdual_stack[0m[2m=[0mtrue
[2m2026-07-16T01:02:19.414750Z[0m [32m INFO[0m [2mmoq_test_client::scenarios[0m[2m:[0m Publisher sending PUBLISH_NAMESPACE (after subscriber): moq-test/interop
[2m2026-07-16T01:02:22.416830Z[0m [32m INFO[0m [2mmoq_test_client::scenarios[0m[2m:[0m Publisher PUBLISH_NAMESPACE timeout (expected)
[2m2026-07-16T01:02:22.416864Z[0m [32m INFO[0m [2mmoq_test_client::scenarios[0m[2m:[0m Subscriber got error: not found: Track not found [error:318c40f8-fef7-4e57-ae55-b831a1ec30ab] (may be expected)
ok 5 - subscribe-before-publish-namespace
  ---
  duration_ms: 3653
  subscriber_connection_id: 62acd9825b4253cb7918b5604e881b80
  publisher_connection_id: 0d97c4be7435986c80f66c1c336bac55
  ...
[2m2026-07-16T01:02:22.417618Z[0m [32m INFO[0m [2mmoq_native_ietf::quic[0m[2m:[0m UDP socket bound [3mbind[0m[2m=[0m[::]:0 [3mlocal[0m[2m=[0m[::]:57362 [3mdual_stack[0m[2m=[0mtrue
[2m2026-07-16T01:02:22.473052Z[0m [32m INFO[0m [2mmoq_test_client::scenarios[0m[2m:[0m Sending PUBLISH_NAMESPACE: moq-test/interop
[2m2026-07-16T01:02:24.474385Z[0m [32m INFO[0m [2mmoq_test_client::scenarios[0m[2m:[0m PUBLISH_NAMESPACE active; sending PUBLISH_NAMESPACE_DONE
[2m2026-07-16T01:02:24.575751Z[0m [32m INFO[0m [2mmoq_test_client::scenarios[0m[2m:[0m PUBLISH_NAMESPACE_DONE sent successfully
ok 6 - publish-namespace-done
  ---
  duration_ms: 2158
  connection_id: 0b30f9b4c640a977b22b3d4f449f7cc9
  ...
make[1]: Leaving directory '/home/runner/work/moq-interop-runner/moq-interop-runner/main'
