make[1]: Entering directory '/home/runner/work/moq-interop-runner/moq-interop-runner/main'
Running tests against moqt://fb.mvfst.net:9448...
  Client: ghcr.io/englishm/moq-interop-runner-moq-test-client-draft-16:latest
docker run --rm \
	 \
	--network host \
	-e RELAY_URL=moqt://fb.mvfst.net:9448 \
	-e TLS_DISABLE_VERIFY=1 \
	ghcr.io/englishm/moq-interop-runner-moq-test-client-draft-16:latest
TAP version 14
# moq-test-client v0.1.0
# Relay: moqt://fb.mvfst.net:9448
1..6
ok 1 - setup-only
  ---
  duration_ms: 177
  connection_id: bc9d34fd0ea0252b12b10f07a60015e8
  ...
ok 2 - announce-only
  ---
  duration_ms: 2180
  connection_id: d5e00b8a332b901aa228bdab67376f0d
  ...
ok 3 - subscribe-error
  ---
  duration_ms: 242
  connection_id: 50fafea090f38908a38a5ef24e9ff720
  ...
not ok 4 - announce-subscribe
  ---
  duration_ms: 452
  message: "publisher session error: webtransport error: session error: connection error: closed by peer: 3: session error: connection error: closed by peer: 3: connection error: closed by peer: 3"
  ...
ok 5 - subscribe-before-announce
  ---
  duration_ms: 3832
  subscriber_connection_id: 159d1ad4d8cff2258321652dccd4b987
  publisher_connection_id: 9095cadffe7a764512644b6718ab2f3d
  ...
ok 6 - publish-namespace-done
  ---
  duration_ms: 2292
  connection_id: 88f33f0ffca98fd77df0c7f984cbb890
  ...
make[1]: *** [Makefile:121: test-external] Error 1
make[1]: Leaving directory '/home/runner/work/moq-interop-runner/moq-interop-runner/main'
