make[1]: Entering directory '/home/runner/work/moq-interop-runner/moq-interop-runner/main'
Running tests against moqt://moqt.nokiaresearch.com:4443/moq...
  Client: ghcr.io/englishm/moq-interop-runner-moq-test-client-draft-18:latest
docker run --rm \
	 \
	--network host \
	-e RELAY_URL=moqt://moqt.nokiaresearch.com:4443/moq \
	-e TLS_DISABLE_VERIFY=false \
	ghcr.io/englishm/moq-interop-runner-moq-test-client-draft-18:latest
TAP version 14
# moq-test-client v0.1.6
# Relay: moqt://moqt.nokiaresearch.com:4443/moq
1..6
[2m2026-07-16T01:02:36.534849Z[0m [32m INFO[0m [2mmoq_native_ietf::quic[0m[2m:[0m UDP socket bound [3mbind[0m[2m=[0m[::]:0 [3mlocal[0m[2m=[0m[::]:58269 [3mdual_stack[0m[2m=[0mtrue
[2m2026-07-16T01:02:37.050562Z[0m [32m INFO[0m [2mmoq_test_client::scenarios[0m[2m:[0m SETUP exchange completed successfully
ok 1 - setup-only
  ---
  duration_ms: 516
  connection_id: 2fc2b0a91981b86b55db8030ea6553c3
  ...
[2m2026-07-16T01:02:37.051454Z[0m [32m INFO[0m [2mmoq_native_ietf::quic[0m[2m:[0m UDP socket bound [3mbind[0m[2m=[0m[::]:0 [3mlocal[0m[2m=[0m[::]:35624 [3mdual_stack[0m[2m=[0mtrue
[2m2026-07-16T01:02:37.559275Z[0m [32m INFO[0m [2mmoq_test_client::scenarios[0m[2m:[0m Sending PUBLISH_NAMESPACE for: moq-test/interop
[2m2026-07-16T01:02:39.560716Z[0m [32m INFO[0m [2mmoq_test_client::scenarios[0m[2m:[0m PUBLISH_NAMESPACE succeeded (REQUEST_OK received, waiting for subscribers)
ok 2 - publish-namespace-only
  ---
  duration_ms: 2510
  connection_id: 982b067b0c7ea6fa4b69e0e2c2612f75
  ...
[2m2026-07-16T01:02:39.561469Z[0m [32m INFO[0m [2mmoq_native_ietf::quic[0m[2m:[0m UDP socket bound [3mbind[0m[2m=[0m[::]:0 [3mlocal[0m[2m=[0m[::]:49513 [3mdual_stack[0m[2m=[0mtrue
[2m2026-07-16T01:02:39.710046Z[0m [33m WARN[0m [2mmoq_transport::session::reader[0m[2m:[0m [READER] decode: stream ended while waiting for data (have=0 bytes, need=1)
[2m2026-07-16T01:02:40.161838Z[0m [32m INFO[0m [2mmoq_test_client::scenarios[0m[2m:[0m Subscribing to non-existent track: nonexistent/namespace/test-track
[2m2026-07-16T01:02:40.315104Z[0m [33m WARN[0m [2mmoq_transport::serve::error[0m[2m:[0m [dee55b34-f9e3-4948-8bf3-353ba81cd3f9] Not found: Track /nonexistent/namespace/test-track does not exist at moq-transport/src/session/subscriber.rs:455
[2m2026-07-16T01:02:40.315143Z[0m [33m WARN[0m [2mmoq_transport::session::reader[0m[2m:[0m [READER] decode: stream ended while waiting for data (have=0 bytes, need=1)
[2m2026-07-16T01:02:40.315240Z[0m [32m INFO[0m [2mmoq_test_client::scenarios[0m[2m:[0m Got expected 'not found' error: not found: Track not found [error:dee55b34-f9e3-4948-8bf3-353ba81cd3f9]
ok 3 - subscribe-error
  ---
  duration_ms: 754
  connection_id: 810458a79a6046322c89a77913979929
  ...
[2m2026-07-16T01:02:40.316102Z[0m [32m INFO[0m [2mmoq_native_ietf::quic[0m[2m:[0m UDP socket bound [3mbind[0m[2m=[0m[::]:0 [3mlocal[0m[2m=[0m[::]:40315 [3mdual_stack[0m[2m=[0mtrue
[2m2026-07-16T01:02:40.789133Z[0m [32m INFO[0m [2mmoq_native_ietf::quic[0m[2m:[0m UDP socket bound [3mbind[0m[2m=[0m[::]:0 [3mlocal[0m[2m=[0m[::]:35857 [3mdual_stack[0m[2m=[0mtrue
[2m2026-07-16T01:02:41.311856Z[0m [32m INFO[0m [2mmoq_test_client::scenarios[0m[2m:[0m Publisher sending PUBLISH_NAMESPACE: moq-test/interop
[2m2026-07-16T01:02:41.311876Z[0m [32m INFO[0m [2mmoq_test_client::scenarios[0m[2m:[0m Subscriber subscribing to track: moq-test/interop/test-track
[2m2026-07-16T01:02:41.467037Z[0m [33m WARN[0m [2mmoq_transport::serve::error[0m[2m:[0m [22bae78d-383d-46cf-8024-c26fcf57988e] Not found: Track /moq-test/interop/test-track does not exist at moq-transport/src/session/subscriber.rs:455
[2m2026-07-16T01:02:41.467079Z[0m [33m WARN[0m [2mmoq_transport::session::reader[0m[2m:[0m [READER] decode: stream ended while waiting for data (have=0 bytes, need=1)
[2m2026-07-16T01:02:41.467238Z[0m [32m INFO[0m [2mmoq_test_client::scenarios[0m[2m:[0m Subscriber got error: not found: Track not found [error:22bae78d-383d-46cf-8024-c26fcf57988e] - subscription was processed
ok 4 - publish-namespace-subscribe
  ---
  duration_ms: 1151
  publisher_connection_id: 9a36552676bbaeb888f938c609570436
  subscriber_connection_id: 468859f1a38ba60b720c566090906493
  ...
[2m2026-07-16T01:02:41.467916Z[0m [32m INFO[0m [2mmoq_native_ietf::quic[0m[2m:[0m UDP socket bound [3mbind[0m[2m=[0m[::]:0 [3mlocal[0m[2m=[0m[::]:47619 [3mdual_stack[0m[2m=[0mtrue
[2m2026-07-16T01:02:41.622063Z[0m [33m WARN[0m [2mmoq_transport::session::reader[0m[2m:[0m [READER] decode: stream ended while waiting for data (have=0 bytes, need=1)
[2m2026-07-16T01:02:41.986393Z[0m [32m INFO[0m [2mmoq_test_client::scenarios[0m[2m:[0m Subscriber subscribing BEFORE PUBLISH_NAMESPACE: moq-test/interop/test-track
[2m2026-07-16T01:02:42.139212Z[0m [33m WARN[0m [2mmoq_transport::serve::error[0m[2m:[0m [ae5e6d1d-ebb5-4ac0-8e3c-ab84c953cc43] Not found: Track /moq-test/interop/test-track does not exist at moq-transport/src/session/subscriber.rs:455
[2m2026-07-16T01:02:42.139236Z[0m [33m WARN[0m [2mmoq_transport::session::reader[0m[2m:[0m [READER] decode: stream ended while waiting for data (have=0 bytes, need=1)
[2m2026-07-16T01:02:42.488189Z[0m [32m INFO[0m [2mmoq_native_ietf::quic[0m[2m:[0m UDP socket bound [3mbind[0m[2m=[0m[::]:0 [3mlocal[0m[2m=[0m[::]:58178 [3mdual_stack[0m[2m=[0mtrue
[2m2026-07-16T01:02:42.972863Z[0m [32m INFO[0m [2mmoq_test_client::scenarios[0m[2m:[0m Publisher sending PUBLISH_NAMESPACE (after subscriber): moq-test/interop
[2m2026-07-16T01:02:45.974311Z[0m [32m INFO[0m [2mmoq_test_client::scenarios[0m[2m:[0m Publisher PUBLISH_NAMESPACE timeout (expected)
[2m2026-07-16T01:02:45.974340Z[0m [32m INFO[0m [2mmoq_test_client::scenarios[0m[2m:[0m Subscriber got error: not found: Track not found [error:ae5e6d1d-ebb5-4ac0-8e3c-ab84c953cc43] (may be expected)
ok 5 - subscribe-before-publish-namespace
  ---
  duration_ms: 4507
  subscriber_connection_id: d3b7bde8e8ece568128623f2b57bd89c
  publisher_connection_id: e2041ab0f891e62703bb8778cd572d07
  ...
[2m2026-07-16T01:02:45.975010Z[0m [32m INFO[0m [2mmoq_native_ietf::quic[0m[2m:[0m UDP socket bound [3mbind[0m[2m=[0m[::]:0 [3mlocal[0m[2m=[0m[::]:39706 [3mdual_stack[0m[2m=[0mtrue
[2m2026-07-16T01:02:46.123661Z[0m [33m WARN[0m [2mmoq_transport::session::reader[0m[2m:[0m [READER] decode: stream ended while waiting for data (have=0 bytes, need=1)
[2m2026-07-16T01:02:46.459053Z[0m [32m INFO[0m [2mmoq_test_client::scenarios[0m[2m:[0m Sending PUBLISH_NAMESPACE: moq-test/interop
[2m2026-07-16T01:02:48.461105Z[0m [32m INFO[0m [2mmoq_test_client::scenarios[0m[2m:[0m PUBLISH_NAMESPACE active; sending PUBLISH_NAMESPACE_DONE
[2m2026-07-16T01:02:48.562662Z[0m [32m INFO[0m [2mmoq_test_client::scenarios[0m[2m:[0m PUBLISH_NAMESPACE_DONE sent successfully
ok 6 - publish-namespace-done
  ---
  duration_ms: 2588
  connection_id: 17af8fd56b266f47dbadfe277d3b1bc9
  ...
make[1]: Leaving directory '/home/runner/work/moq-interop-runner/moq-interop-runner/main'
