make[1]: Entering directory '/home/runner/work/moq-interop-runner/moq-interop-runner/main'
Running tests against https://moqx-main.ci.openmoq.org:4433/moq-relay...
  Client: ghcr.io/englishm/moq-interop-runner-moq-test-client-draft-16:latest
docker run --rm \
	 \
	--network host \
	-e RELAY_URL=https://moqx-main.ci.openmoq.org:4433/moq-relay \
	-e TLS_DISABLE_VERIFY=false \
	ghcr.io/englishm/moq-interop-runner-moq-test-client-draft-16:latest
TAP version 14
# moq-test-client v0.1.0
# Relay: https://moqx-main.ci.openmoq.org:4433/moq-relay
1..6
ok 1 - setup-only
  ---
  duration_ms: 280
  connection_id: d046015f45096c78a8205aa9fc7b81d7
  ...
ok 2 - announce-only
  ---
  duration_ms: 2265
  connection_id: 73e9f4bb58be8c787bffca4c0ce63c6d
  ...
ok 3 - subscribe-error
  ---
  duration_ms: 368
  connection_id: be33a311245d51bd7fd8176a8729683f
  ...
not ok 4 - announce-subscribe
  ---
  duration_ms: 609
  message: "publisher session error: webtransport error: session error: connection error: closed: session error: connection error: closed: connection error: closed"
  ...
ok 5 - subscribe-before-announce
  ---
  duration_ms: 3875
  subscriber_connection_id: 7a2cfa023254d6ace61ad1a9197fc0b0
  publisher_connection_id: 691d80eab61c89249e9ba17d05a5f273
  ...
ok 6 - publish-namespace-done
  ---
  duration_ms: 2254
  connection_id: 55b24cab449d4bc054b1821f13b16356
  ...
make[1]: *** [Makefile:121: test-external] Error 1
make[1]: Leaving directory '/home/runner/work/moq-interop-runner/moq-interop-runner/main'
