make[1]: Entering directory '/home/runner/work/moq-interop-runner/moq-interop-runner/main'
Running tests against https://fb.mvfst.net:9448/moq-relay...
  Client: ghcr.io/englishm/moq-interop-runner-moq-test-client:latest
docker run --rm \
	 \
	--network host \
	-e RELAY_URL=https://fb.mvfst.net:9448/moq-relay \
	-e TLS_DISABLE_VERIFY=1 \
	ghcr.io/englishm/moq-interop-runner-moq-test-client:latest
TAP version 14
# moq-test-client v0.1.0
# Relay: https://fb.mvfst.net:9448/moq-relay
1..6
ok 1 - setup-only
  ---
  duration_ms: 319
  connection_id: 59a874a5a5ec6c1a0b00ed7ed6f3b460
  ...
ok 2 - announce-only
  ---
  duration_ms: 2239
  connection_id: 5fc223e7fd700667a6e18f4c56b5c2d8
  ...
ok 3 - subscribe-error
  ---
  duration_ms: 387
  connection_id: f94286237f67c835577295f6a4c431c7
  ...
ok 4 - announce-subscribe
  ---
  duration_ms: 3557
  publisher_connection_id: 295b529edbc01ad696b0bc62d7c11ccc
  subscriber_connection_id: d7baa651dd599d0cfc6a621c7f8abe39
  ...
ok 5 - subscribe-before-announce
  ---
  duration_ms: 3988
  subscriber_connection_id: c983b90ad8131fff44462a76d08889d2
  publisher_connection_id: 727adbf1c7ee97927d5d7b991c566118
  ...
ok 6 - publish-namespace-done
  ---
  duration_ms: 2392
  connection_id: da42d3e34c19ae2fb5aae3aee406ee6a
  ...
make[1]: Leaving directory '/home/runner/work/moq-interop-runner/moq-interop-runner/main'
