make[1]: Entering directory '/home/runner/work/moq-interop-runner/moq-interop-runner/main'
Running tests against moqt://moqx-main.ci.openmoq.org:4433...
  Client: ghcr.io/eyevinn/mlmtest:latest
docker run --rm \
	 \
	--network host \
	-e RELAY_URL=moqt://moqx-main.ci.openmoq.org:4433 \
	-e TLS_DISABLE_VERIFY=false \
	ghcr.io/eyevinn/mlmtest:latest
TAP version 14
# moqlivemock 0.12.0, date: 2026-07-06
# Relay: moqt://moqx-main.ci.openmoq.org:4433
# Draft: 16 (ALPN: moqt-16)
1..6
2026/07/16 01:37:28 failed to sufficiently increase receive buffer size (was: 1024 kiB, wanted: 7168 kiB, got: 2048 kiB). See https://github.com/quic-go/quic-go/wiki/UDP-Buffer-Sizes for details.
ok 1 - setup-only
ok 2 - announce-only
ok 3 - publish-namespace-done
ok 4 - subscribe-error
ok 5 - announce-subscribe
ok 6 - subscribe-before-announce
make[1]: Leaving directory '/home/runner/work/moq-interop-runner/moq-interop-runner/main'
