make[1]: Entering directory '/home/runner/work/moq-interop-runner/moq-interop-runner/main'
Running tests against moqt://lminiero.it:9000...
  Client: ghcr.io/openmoq/moqx-interop-client:latest
docker run --rm \
	 \
	--network host \
	-e RELAY_URL=moqt://lminiero.it:9000 \
	-e TLS_DISABLE_VERIFY=false \
	ghcr.io/openmoq/moqx-interop-client:latest
TAP version 14
# moxygen interop test client
# Relay: moqt://lminiero.it:9000
# Transport: QUIC
1..6
E0716 01:05:46.188223     1 MoQCodec.cpp:126] Conn error=3
E0716 01:05:46.188256     1 MoQSession.cpp:5259] MoQCodec control stream parse error err=3
not ok 1 - setup-only
  ---
  duration_ms: 663
  error: coroutine operation cancelled
  ...
E0716 01:05:46.533072     1 MoQCodec.cpp:126] Conn error=3
E0716 01:05:46.533100     1 MoQSession.cpp:5259] MoQCodec control stream parse error err=3
not ok 2 - announce-only
  ---
  duration_ms: 344
  error: coroutine operation cancelled
  ...
E0716 01:05:47.022644     1 MoQCodec.cpp:126] Conn error=3
E0716 01:05:47.022674     1 MoQSession.cpp:5259] MoQCodec control stream parse error err=3
not ok 3 - subscribe-error
  ---
  duration_ms: 489
  error: coroutine operation cancelled
  ...
E0716 01:05:47.374486     1 MoQCodec.cpp:126] Conn error=3
E0716 01:05:47.374514     1 MoQSession.cpp:5259] MoQCodec control stream parse error err=3
not ok 4 - announce-subscribe
  ---
  duration_ms: 351
  error: coroutine operation cancelled
  ...
E0716 01:05:47.737684     1 MoQCodec.cpp:126] Conn error=3
E0716 01:05:47.737712     1 MoQSession.cpp:5259] MoQCodec control stream parse error err=3
not ok 5 - publish-namespace-done
  ---
  duration_ms: 363
  error: coroutine operation cancelled
  ...
E0716 01:05:48.117642     1 MoQCodec.cpp:126] Conn error=3
E0716 01:05:48.117671     1 MoQSession.cpp:5259] MoQCodec control stream parse error err=3
not ok 6 - subscribe-before-announce
  ---
  duration_ms: 379
  error: coroutine operation cancelled
  ...
E20260716 01:05:49.119730     1 EventHandler.cpp:90] EventBase: failed to register event handler for fd 13: Resource temporarily unavailable
E20260716 01:05:49.120800     1 EventHandler.cpp:90] EventBase: failed to register event handler for fd 9: Resource temporarily unavailable
make[1]: *** [Makefile:121: test-external] Error 1
make[1]: Leaving directory '/home/runner/work/moq-interop-runner/moq-interop-runner/main'
