make[1]: Entering directory '/home/runner/work/moq-interop-runner/moq-interop-runner/main'
Running tests against https://moqt.nokiaresearch.com:4443/moq...
  Client: ghcr.io/facebookexperimental/moxygen-interop-client:latest-amd64
docker run --rm \
	 \
	--network host \
	-e RELAY_URL=https://moqt.nokiaresearch.com:4443/moq \
	-e TLS_DISABLE_VERIFY=false \
	ghcr.io/facebookexperimental/moxygen-interop-client:latest-amd64
TAP version 14
# moxygen interop test client
# Relay: https://moqt.nokiaresearch.com:4443/moq
# Transport: WebTransport
1..6
W0716 01:09:50.170963     1 MoQWebTransportClient.cpp:175] WebTransport: No WT-Protocol header in response, will use legacy version negotiation
E0716 01:09:52.184902     1 MoQWebTransportClient.cpp:200] proxygen::HTTPException: ingress timeout, streamID=0, timeout=2000ms
not ok 1 - setup-only
  ---
  duration_ms: 2463
  error: coroutine operation cancelled
  ...
W0716 01:09:52.614592     1 MoQWebTransportClient.cpp:175] WebTransport: No WT-Protocol header in response, will use legacy version negotiation
E0716 01:09:54.619986     1 MoQWebTransportClient.cpp:200] proxygen::HTTPException: ingress timeout, streamID=0, timeout=2000ms
not ok 2 - announce-only
  ---
  duration_ms: 2434
  error: coroutine operation cancelled
  ...
W0716 01:09:55.049179     1 MoQWebTransportClient.cpp:175] WebTransport: No WT-Protocol header in response, will use legacy version negotiation
E0716 01:09:57.063273     1 MoQWebTransportClient.cpp:200] proxygen::HTTPException: ingress timeout, streamID=0, timeout=2000ms
not ok 3 - subscribe-error
  ---
  duration_ms: 2443
  error: coroutine operation cancelled
  ...
W0716 01:09:57.490642     1 MoQWebTransportClient.cpp:175] WebTransport: No WT-Protocol header in response, will use legacy version negotiation
E0716 01:09:59.504818     1 MoQWebTransportClient.cpp:200] proxygen::HTTPException: ingress timeout, streamID=0, timeout=2000ms
not ok 4 - announce-subscribe
  ---
  duration_ms: 2441
  error: coroutine operation cancelled
  ...
W0716 01:09:59.923112     1 MoQWebTransportClient.cpp:175] WebTransport: No WT-Protocol header in response, will use legacy version negotiation
E0716 01:10:01.931652     1 MoQWebTransportClient.cpp:200] proxygen::HTTPException: ingress timeout, streamID=0, timeout=2000ms
not ok 5 - publish-namespace-done
  ---
  duration_ms: 2426
  error: coroutine operation cancelled
  ...
W0716 01:10:02.376329     1 MoQWebTransportClient.cpp:175] WebTransport: No WT-Protocol header in response, will use legacy version negotiation
E0716 01:10:04.380685     1 MoQWebTransportClient.cpp:200] proxygen::HTTPException: ingress timeout, streamID=0, timeout=2000ms
not ok 6 - subscribe-before-announce
  ---
  duration_ms: 2448
  error: coroutine operation cancelled
  ...
E20260716 01:10:05.382716     1 EventHandler.cpp:90] EventBase: failed to register event handler for fd 10: No such file or directory
make[1]: *** [Makefile:121: test-external] Error 1
make[1]: Leaving directory '/home/runner/work/moq-interop-runner/moq-interop-runner/main'
