make[1]: Entering directory '/home/runner/work/moq-interop-runner/moq-interop-runner/main'
Running tests against https://us-west-2.relay.quicr.org:33437/relay...
  Client: ghcr.io/facebookexperimental/moxygen-interop-client:latest-amd64
docker run --rm \
	 \
	--network host \
	-e RELAY_URL=https://us-west-2.relay.quicr.org:33437/relay \
	-e TLS_DISABLE_VERIFY=1 \
	ghcr.io/facebookexperimental/moxygen-interop-client:latest-amd64
TAP version 14
# moxygen interop test client
# Relay: https://us-west-2.relay.quicr.org:33437/relay
# Transport: WebTransport
1..6
W0716 01:41:10.432617     1 MoQWebTransportClient.cpp:175] WebTransport: No WT-Protocol header in response, will use legacy version negotiation
E0716 01:41:10.468786     1 MoQFramer.cpp:1064] Server selected version draft-1 but we only offer draft-14 in legacy mode
E0716 01:41:10.468805     1 MoQCodec.cpp:126] Conn error=21
E0716 01:41:10.468809     1 MoQSession.cpp:5259] MoQCodec control stream parse error err=21
not ok 1 - setup-only
  ---
  duration_ms: 140
  error: coroutine operation cancelled
  ...
W0716 01:41:10.572404     1 MoQWebTransportClient.cpp:175] WebTransport: No WT-Protocol header in response, will use legacy version negotiation
E0716 01:41:10.608486     1 MoQFramer.cpp:1064] Server selected version draft-1 but we only offer draft-14 in legacy mode
E0716 01:41:10.608502     1 MoQCodec.cpp:126] Conn error=21
E0716 01:41:10.608505     1 MoQSession.cpp:5259] MoQCodec control stream parse error err=21
not ok 2 - announce-only
  ---
  duration_ms: 139
  error: coroutine operation cancelled
  ...
W0716 01:41:10.865671     1 MoQWebTransportClient.cpp:175] WebTransport: No WT-Protocol header in response, will use legacy version negotiation
E0716 01:41:10.901814     1 MoQFramer.cpp:1064] Server selected version draft-1 but we only offer draft-14 in legacy mode
E0716 01:41:10.901828     1 MoQCodec.cpp:126] Conn error=21
E0716 01:41:10.901832     1 MoQSession.cpp:5259] MoQCodec control stream parse error err=21
not ok 3 - subscribe-error
  ---
  duration_ms: 293
  error: coroutine operation cancelled
  ...
W0716 01:41:10.982144     1 MoQWebTransportClient.cpp:175] WebTransport: No WT-Protocol header in response, will use legacy version negotiation
E0716 01:41:11.020775     1 MoQFramer.cpp:1064] Server selected version draft-1 but we only offer draft-14 in legacy mode
E0716 01:41:11.020795     1 MoQCodec.cpp:126] Conn error=21
E0716 01:41:11.020798     1 MoQSession.cpp:5259] MoQCodec control stream parse error err=21
not ok 4 - announce-subscribe
  ---
  duration_ms: 118
  error: coroutine operation cancelled
  ...
W0716 01:41:11.112359     1 MoQWebTransportClient.cpp:175] WebTransport: No WT-Protocol header in response, will use legacy version negotiation
E0716 01:41:11.148386     1 MoQFramer.cpp:1064] Server selected version draft-1 but we only offer draft-14 in legacy mode
E0716 01:41:11.148400     1 MoQCodec.cpp:126] Conn error=21
E0716 01:41:11.148402     1 MoQSession.cpp:5259] MoQCodec control stream parse error err=21
not ok 5 - publish-namespace-done
  ---
  duration_ms: 127
  error: coroutine operation cancelled
  ...
W0716 01:41:11.236759     1 MoQWebTransportClient.cpp:175] WebTransport: No WT-Protocol header in response, will use legacy version negotiation
E0716 01:41:11.272946     1 MoQFramer.cpp:1064] Server selected version draft-1 but we only offer draft-14 in legacy mode
E0716 01:41:11.272961     1 MoQCodec.cpp:126] Conn error=21
E0716 01:41:11.272964     1 MoQSession.cpp:5259] MoQCodec control stream parse error err=21
not ok 6 - subscribe-before-announce
  ---
  duration_ms: 124
  error: coroutine operation cancelled
  ...
make[1]: *** [Makefile:121: test-external] Error 1
make[1]: Leaving directory '/home/runner/work/moq-interop-runner/moq-interop-runner/main'
