make[1]: Entering directory '/home/runner/work/moq-interop-runner/moq-interop-runner/main'
Running tests against https://quichemoq.dev:443...
  Client: ghcr.io/facebookexperimental/moxygen-interop-client:latest-amd64
docker run --rm \
	--network host \
	-e RELAY_URL=https://quichemoq.dev:443 \
	-e TLS_DISABLE_VERIFY=false \
	ghcr.io/facebookexperimental/moxygen-interop-client:latest-amd64
TAP version 14
# moxygen interop test client
# Relay: https://quichemoq.dev:443
# Transport: WebTransport
1..6
E0302 00:28:09.833846     1 MoQSession.cpp:2559] proxygen::WebTransport::Exception: session terminated with error=386759528 id=4 sess=0x55c826585810
ok 1 - setup-only
  ---
  duration_ms: 304
  info: SETUP exchange completed successfully
  ...
E0302 00:28:10.088357     1 MoQRelaySession.cpp:698] PublishNamespaceDone for unknown publishNamespace, sess=0x55c826597700
ok 2 - announce-only
  ---
  duration_ms: 254
  info: PUBLISH_NAMESPACE completed successfully
  ...
E0302 00:28:10.088511     1 MoQSession.cpp:2559] proxygen::WebTransport::Exception: session terminated with error=386759528 id=4 sess=0x55c826597700
E0302 00:28:10.418881     1 MoQSession.cpp:2559] proxygen::WebTransport::Exception: session terminated with error=386759528 id=4 sess=0x55c82653f4f0
ok 3 - subscribe-error
  ---
  duration_ms: 330
  info: Subscribe correctly returned error: Session closed
  ...
E0302 00:28:10.959806     1 MoQSession.cpp:2559] proxygen::WebTransport::Exception: session terminated with error=386759528 id=4 sess=0x55c82659a250
E0302 00:28:10.959942     1 MoQSession.cpp:2559] proxygen::WebTransport::Exception: session terminated with error=386759528 id=4 sess=0x55c82659f770
not ok 4 - announce-subscribe
  ---
  duration_ms: 540
  error: Subscribe failed: Session closed
  ...
E0302 00:28:11.211583     1 MoQSession.cpp:2559] proxygen::WebTransport::Exception: session terminated with error=386759528 id=4 sess=0x55c826594ac0
ok 5 - publish-namespace-done
  ---
  duration_ms: 251
  info: PUBLISH_NAMESPACE_OK received, PUBLISH_NAMESPACE_DONE sent
  ...
E0302 00:28:11.462027     1 MoQSession.cpp:2559] proxygen::WebTransport::Exception: session terminated with error=386759528 id=4 sess=0x55c8265d8f50
ok 6 - subscribe-before-announce
  ---
  duration_ms: 958
  info: Subscribe returned error (relay doesn't buffer pending subscriptions): Session closed
  ...
E0302 00:28:12.170758     1 MoQSession.cpp:2559] proxygen::WebTransport::Exception: session terminated with error=386759528 id=4 sess=0x55c8265b6de0
make[1]: *** [Makefile:91: test-external] Error 1
make[1]: Leaving directory '/home/runner/work/moq-interop-runner/moq-interop-runner/main'
