make[1]: Entering directory '/home/runner/work/moq-interop-runner/moq-interop-runner/main'
Running tests against moqt://fb.mvfst.net:9448...
  Client: ghcr.io/facebookexperimental/moxygen-interop-client:latest-amd64
docker run --rm \
	--network host \
	-e RELAY_URL=moqt://fb.mvfst.net:9448 \
	-e TLS_DISABLE_VERIFY=1 \
	ghcr.io/facebookexperimental/moxygen-interop-client:latest-amd64
TAP version 14
# moxygen interop test client
# Relay: moqt://fb.mvfst.net:9448
# Transport: QUIC
1..6
E0302 00:27:28.965290     1 MoQSession.cpp:2559] proxygen::WebTransport::Exception: received reset_stream with error=0 id=0 sess=0x55dffbfc6bb0
ok 1 - setup-only
  ---
  duration_ms: 41
  info: SETUP exchange completed successfully
  ...
E0302 00:27:29.016721     1 MoQRelaySession.cpp:698] PublishNamespaceDone for unknown publishNamespace, sess=0x55dffc034470
E0302 00:27:29.016785     1 MoQSession.cpp:2559] proxygen::WebTransport::Exception: received reset_stream with error=0 id=0 sess=0x55dffc034470
ok 2 - announce-only
  ---
  duration_ms: 51
  info: PUBLISH_NAMESPACE completed successfully
  ...
E0302 00:27:29.264449     1 MoQSession.cpp:2559] proxygen::WebTransport::Exception: received reset_stream with error=0 id=0 sess=0x55dffc01cf10
ok 3 - subscribe-error
  ---
  duration_ms: 247
  info: Subscribe correctly returned error: no such namespace or track
  ...
ok 4 - announce-subscribe
  ---
  duration_ms: 118
  info: Publisher announced, subscriber subscribed successfully
  ...
E0302 00:27:29.382781     1 MoQSession.cpp:2559] proxygen::WebTransport::Exception: received reset_stream with error=0 id=0 sess=0x55dffc0363b0
E0302 00:27:29.382805     1 MoQSession.cpp:2559] proxygen::WebTransport::Exception: received reset_stream with error=0 id=0 sess=0x55dffc047c70
ok 5 - publish-namespace-done
  ---
  duration_ms: 55
  info: PUBLISH_NAMESPACE_OK received, PUBLISH_NAMESPACE_DONE sent
  ...
E0302 00:27:29.438531     1 MoQSession.cpp:2559] proxygen::WebTransport::Exception: received reset_stream with error=0 id=0 sess=0x55dffc0363b0
E0302 00:27:30.033190     1 MoQSession.cpp:2559] proxygen::WebTransport::Exception: received reset_stream with error=0 id=0 sess=0x55dffc0363b0
E0302 00:27:30.033227     1 MoQSession.cpp:2559] proxygen::WebTransport::Exception: received reset_stream with error=0 id=0 sess=0x55dffc047c70
ok 6 - subscribe-before-announce
  ---
  duration_ms: 594
  info: Subscribe returned error (relay doesn't buffer pending subscriptions): no such namespace or track
  ...
make[1]: Leaving directory '/home/runner/work/moq-interop-runner/moq-interop-runner/main'
