make[1]: Entering directory '/home/runner/work/moq-interop-runner/moq-interop-runner/main'
Running tests against https://draft-14.cloudflare.mediaoverquic.com:443/moq...
  Client: ghcr.io/englishm/moq-interop-runner-moq-test-client:latest
docker run --rm \
	 \
	--network host \
	-e RELAY_URL=https://draft-14.cloudflare.mediaoverquic.com:443/moq \
	-e TLS_DISABLE_VERIFY=false \
	ghcr.io/englishm/moq-interop-runner-moq-test-client:latest
TAP version 14
# moq-test-client v0.1.0
# Relay: https://draft-14.cloudflare.mediaoverquic.com/moq
1..6
ok 1 - setup-only
  ---
  duration_ms: 31
  connection_id: d425b864165c8613d4b30a2a2198f921
  ...
ok 2 - announce-only
  ---
  duration_ms: 2026
  connection_id: 34912d470913ab39b4ec5c1df30fc684
  ...
ok 3 - subscribe-error
  ---
  duration_ms: 139
  connection_id: cd8c542c64cd867d4fa7095415de417c
  ...
ok 4 - announce-subscribe
  ---
  duration_ms: 3053
  publisher_connection_id: bc9b5c765ec7eb3b0a2f4ef5baba3871
  subscriber_connection_id: 097f897e0bee9cfb7e2a4e5af1991f36
  ...
ok 5 - subscribe-before-announce
  ---
  duration_ms: 3643
  subscriber_connection_id: c99d3031e78000107e5477d7df5fad52
  publisher_connection_id: e5330be93ea152059c29896a9f2d8067
  ...
ok 6 - publish-namespace-done
  ---
  duration_ms: 2133
  connection_id: 5cc7dd3d9733970226bf27b8d307f6aa
  ...
make[1]: Leaving directory '/home/runner/work/moq-interop-runner/moq-interop-runner/main'
