make[1]: Entering directory '/home/runner/work/moq-interop-runner/moq-interop-runner/main'
Running tests against https://relay.moqtail.dev...
  Client: ghcr.io/englishm/moq-interop-runner-moq-test-client-draft-16:latest
docker run --rm \
	 \
	--network host \
	-e RELAY_URL=https://relay.moqtail.dev \
	-e TLS_DISABLE_VERIFY=false \
	ghcr.io/englishm/moq-interop-runner-moq-test-client-draft-16:latest
TAP version 14
# moq-test-client v0.1.0
# Relay: https://relay.moqtail.dev/
1..6
ok 1 - setup-only
  ---
  duration_ms: 159
  connection_id: ca22f86d885d98928af2943a24f9a429
  ...
ok 2 - announce-only
  ---
  duration_ms: 2142
  connection_id: fc6cafd70e1c0b3e02207bbc9fb0245f
  ...
ok 3 - subscribe-error
  ---
  duration_ms: 142
  connection_id: be759a50853dad508be6fc963bea3084
  ...
ok 4 - announce-subscribe
  ---
  duration_ms: 3319
  publisher_connection_id: 2d4c575c4dfe5fe8eac0c84a0ce70d8d
  subscriber_connection_id: 3e98e8959ac8ddf08b8eb5fa2caabc33
  ...
ok 5 - subscribe-before-announce
  ---
  duration_ms: 3786
  subscriber_connection_id: ea26eb9c9eee7530df6f1d3b1379c04e
  publisher_connection_id: 83bc9bf2dce97878936bbb1c2e0d7047
  ...
ok 6 - publish-namespace-done
  ---
  duration_ms: 2224
  connection_id: 620198288cd5fe046b357762ac9a179f
  ...
make[1]: Leaving directory '/home/runner/work/moq-interop-runner/moq-interop-runner/main'
