make[1]: Entering directory '/home/runner/work/moq-interop-runner/moq-interop-runner/main'
Running tests against https://fb.mvfst.net:9448/moq-relay...
  Client: ghcr.io/englishm/moq-interop-runner-moq-test-client:latest
docker run --rm \
	 \
	--network host \
	-e RELAY_URL=https://fb.mvfst.net:9448/moq-relay \
	-e TLS_DISABLE_VERIFY=1 \
	ghcr.io/englishm/moq-interop-runner-moq-test-client:latest
TAP version 14
# moq-test-client v0.1.0
# Relay: https://fb.mvfst.net:9448/moq-relay
1..6
ok 1 - setup-only
  ---
  duration_ms: 138
  connection_id: fad11483185c9adf4f8cc476cbf664a2
  ...
ok 2 - announce-only
  ---
  duration_ms: 2192
  connection_id: 490a98727948ef05f9edeb20ad5a8714
  ...
ok 3 - subscribe-error
  ---
  duration_ms: 142
  connection_id: 230aa5bc53a8c16ac5040f1908bbeb13
  ...
ok 4 - announce-subscribe
  ---
  duration_ms: 488
  publisher_connection_id: 1b1e6817f8bf886b812b9eed668452de
  subscriber_connection_id: d8a85e8eec292ec96b679b1d726f4f43
  ...
ok 5 - subscribe-before-announce
  ---
  duration_ms: 3762
  subscriber_connection_id: 388b739c8f7d51306a0bb1e1bddcd1fb
  publisher_connection_id: b4ba21815f36550bae4e7163d804ba30
  ...
ok 6 - publish-namespace-done
  ---
  duration_ms: 2321
  connection_id: 174aeed5f7f80784b81fb8e813ea01b1
  ...
make[1]: Leaving directory '/home/runner/work/moq-interop-runner/moq-interop-runner/main'
