make[1]: Entering directory '/home/runner/work/moq-interop-runner/moq-interop-runner/main'
Running tests against https://us-west-2.relay.quicr.org:33437/relay...
  Client: ghcr.io/openmoq/moqx-interop-client:latest
docker run --rm \
	 \
	--network host \
	-e RELAY_URL=https://us-west-2.relay.quicr.org:33437/relay \
	-e TLS_DISABLE_VERIFY=1 \
	ghcr.io/openmoq/moqx-interop-client:latest
TAP version 14
# moxygen interop test client
# Relay: https://us-west-2.relay.quicr.org:33437/relay
# Transport: WebTransport
1..6
W0621 01:20:12.526282     1 MoQWebTransportClient.cpp:176] WebTransport: No WT-Protocol header in response, will use legacy version negotiation
E0621 01:20:12.607210     1 MoQFramer.cpp:1064] Server selected version draft-1 but we only offer draft-14 in legacy mode
E0621 01:20:12.607264     1 MoQCodec.cpp:126] Conn error=21
E0621 01:20:12.607269     1 MoQSession.cpp:5224] MoQCodec control stream parse error err=21
not ok 1 - setup-only
  ---
  duration_ms: 448
  error: coroutine operation cancelled
  ...
W0621 01:20:12.984669     1 MoQWebTransportClient.cpp:176] WebTransport: No WT-Protocol header in response, will use legacy version negotiation
E0621 01:20:13.065655     1 MoQFramer.cpp:1064] Server selected version draft-1 but we only offer draft-14 in legacy mode
E0621 01:20:13.065686     1 MoQCodec.cpp:126] Conn error=21
E0621 01:20:13.065692     1 MoQSession.cpp:5224] MoQCodec control stream parse error err=21
not ok 2 - announce-only
  ---
  duration_ms: 458
  error: coroutine operation cancelled
  ...
W0621 01:20:13.478633     1 MoQWebTransportClient.cpp:176] WebTransport: No WT-Protocol header in response, will use legacy version negotiation
E0621 01:20:13.559494     1 MoQFramer.cpp:1064] Server selected version draft-1 but we only offer draft-14 in legacy mode
E0621 01:20:13.559525     1 MoQCodec.cpp:126] Conn error=21
E0621 01:20:13.559532     1 MoQSession.cpp:5224] MoQCodec control stream parse error err=21
not ok 3 - subscribe-error
  ---
  duration_ms: 493
  error: coroutine operation cancelled
  ...
W0621 01:20:13.914084     1 MoQWebTransportClient.cpp:176] WebTransport: No WT-Protocol header in response, will use legacy version negotiation
E0621 01:20:13.995667     1 MoQFramer.cpp:1064] Server selected version draft-1 but we only offer draft-14 in legacy mode
E0621 01:20:13.995699     1 MoQCodec.cpp:126] Conn error=21
E0621 01:20:13.995706     1 MoQSession.cpp:5224] MoQCodec control stream parse error err=21
not ok 4 - announce-subscribe
  ---
  duration_ms: 435
  error: coroutine operation cancelled
  ...
W0621 01:20:14.228739     1 MoQWebTransportClient.cpp:176] WebTransport: No WT-Protocol header in response, will use legacy version negotiation
E0621 01:20:14.310194     1 MoQFramer.cpp:1064] Server selected version draft-1 but we only offer draft-14 in legacy mode
E0621 01:20:14.310252     1 MoQCodec.cpp:126] Conn error=21
E0621 01:20:14.310257     1 MoQSession.cpp:5224] MoQCodec control stream parse error err=21
not ok 5 - publish-namespace-done
  ---
  duration_ms: 314
  error: coroutine operation cancelled
  ...
W0621 01:20:14.669574     1 MoQWebTransportClient.cpp:176] WebTransport: No WT-Protocol header in response, will use legacy version negotiation
E0621 01:20:14.750856     1 MoQFramer.cpp:1064] Server selected version draft-1 but we only offer draft-14 in legacy mode
E0621 01:20:14.750891     1 MoQCodec.cpp:126] Conn error=21
E0621 01:20:14.750897     1 MoQSession.cpp:5224] MoQCodec control stream parse error err=21
not ok 6 - subscribe-before-announce
  ---
  duration_ms: 440
  error: coroutine operation cancelled
  ...
make[1]: *** [Makefile:121: test-external] Error 1
make[1]: Leaving directory '/home/runner/work/moq-interop-runner/moq-interop-runner/main'
