make[1]: Entering directory '/home/runner/work/moq-interop-runner/moq-interop-runner/main'
Running tests against https://quichemoq.dev:443...
  Client: ghcr.io/openmoq/moqx-interop-client:latest
docker run --rm \
	 \
	--network host \
	-e RELAY_URL=https://quichemoq.dev:443 \
	-e TLS_DISABLE_VERIFY=false \
	ghcr.io/openmoq/moqx-interop-client:latest
TAP version 14
# moxygen interop test client
# Relay: https://quichemoq.dev:443
# Transport: WebTransport
1..6
E20260621 01:22:27.503793     1 HQSession.cpp:558] Connection closed with error err=Connect failed msg=connect timeout proto=, client CID=, server CID=, local=<uninitialized address>, 34.53.4.47:443=upstream, drain=none
E0621 01:22:27.505022     1 MoQWebTransportClient.cpp:96] std::runtime_error: Connect failed
not ok 1 - setup-only
  ---
  duration_ms: 2096
  error: Connect failed
  ...
E20260621 01:22:29.675721     1 HQSession.cpp:558] Connection closed with error err=Connect failed msg=connect timeout proto=, client CID=, server CID=, local=<uninitialized address>, 34.53.4.47:443=upstream, drain=none
E0621 01:22:29.675899     1 MoQWebTransportClient.cpp:96] std::runtime_error: Connect failed
not ok 2 - announce-only
  ---
  duration_ms: 2170
  error: Connect failed
  ...
E20260621 01:22:31.881914     1 HQSession.cpp:558] Connection closed with error err=Connect failed msg=connect timeout proto=, client CID=, server CID=, local=<uninitialized address>, 34.53.4.47:443=upstream, drain=none
E0621 01:22:31.882060     1 MoQWebTransportClient.cpp:96] std::runtime_error: Connect failed
not ok 3 - subscribe-error
  ---
  duration_ms: 2206
  error: Connect failed
  ...
E20260621 01:22:33.913570     1 HQSession.cpp:558] Connection closed with error err=Connect failed msg=connect timeout proto=, client CID=, server CID=, local=<uninitialized address>, 34.53.4.47:443=upstream, drain=none
E0621 01:22:33.913730     1 MoQWebTransportClient.cpp:96] std::runtime_error: Connect failed
not ok 4 - announce-subscribe
  ---
  duration_ms: 2031
  error: Connect failed
  ...
E20260621 01:22:35.966183     1 HQSession.cpp:558] Connection closed with error err=Connect failed msg=connect timeout proto=, client CID=, server CID=, local=<uninitialized address>, 34.53.4.47:443=upstream, drain=none
E0621 01:22:35.966360     1 MoQWebTransportClient.cpp:96] std::runtime_error: Connect failed
not ok 5 - publish-namespace-done
  ---
  duration_ms: 2052
  error: Connect failed
  ...
E20260621 01:22:37.989539     1 HQSession.cpp:558] Connection closed with error err=Connect failed msg=connect timeout proto=, client CID=, server CID=, local=<uninitialized address>, 34.53.4.47:443=upstream, drain=none
E0621 01:22:37.989698     1 MoQWebTransportClient.cpp:96] std::runtime_error: Connect failed
not ok 6 - subscribe-before-announce
  ---
  duration_ms: 2023
  error: Connect failed
  ...
make[1]: *** [Makefile:121: test-external] Error 1
make[1]: Leaving directory '/home/runner/work/moq-interop-runner/moq-interop-runner/main'
