make[1]: Entering directory '/home/runner/work/moq-interop-runner/moq-interop-runner/main'
Running tests against moqt://us-west-2.relay.quicr.org:33437...
  Client: ghcr.io/facebookexperimental/moxygen-interop-client:latest-amd64
docker run --rm \
	 \
	--network host \
	-e RELAY_URL=moqt://us-west-2.relay.quicr.org:33437 \
	-e TLS_DISABLE_VERIFY=1 \
	ghcr.io/facebookexperimental/moxygen-interop-client:latest-amd64
TAP version 14
# moxygen interop test client
# Relay: moqt://us-west-2.relay.quicr.org:33437
# Transport: QUIC
1..6
ok 1 - setup-only
  ---
  duration_ms: 404
  info: SETUP exchange completed successfully
  ...
W0621 01:23:25.796440     1 MoQSession.cpp:5438] Issuing request that will fail; nextRequestID_=0 peerMaxRequestID_=0 sess=0x55a560fbc910
E0621 01:23:25.877991     1 MoQRelaySession.cpp:880] PublishNamespaceDone for unknown publishNamespace, sess=0x55a560fbc910
ok 2 - announce-only
  ---
  duration_ms: 257
  info: PUBLISH_NAMESPACE completed successfully
  ...
W0621 01:23:26.128081     1 MoQSession.cpp:5438] Issuing request that will fail; nextRequestID_=0 peerMaxRequestID_=0 sess=0x55a560fbc250
not ok 3 - subscribe-error
  ---
  duration_ms: 331
  error: Subscribe succeeded (relay accepted non-existent track)
  ...
W0621 01:23:26.378408     1 MoQSession.cpp:5438] Issuing request that will fail; nextRequestID_=0 peerMaxRequestID_=0 sess=0x55a560f91930
W0621 01:23:26.632429     1 MoQSession.cpp:5438] Issuing request that will fail; nextRequestID_=0 peerMaxRequestID_=0 sess=0x55a560fb90d0
E0621 01:23:26.713955     1 MoQSession.cpp:5665] publishDone for invalid id=1 sess=0x55a560f91930
ok 4 - announce-subscribe
  ---
  duration_ms: 504
  info: Publisher announced, subscriber subscribed successfully
  ...
W0621 01:23:26.881889     1 MoQSession.cpp:5438] Issuing request that will fail; nextRequestID_=0 peerMaxRequestID_=0 sess=0x55a560fc7b00
ok 5 - publish-namespace-done
  ---
  duration_ms: 249
  info: PUBLISH_NAMESPACE_OK received, PUBLISH_NAMESPACE_DONE sent
  ...
W0621 01:23:27.131945     1 MoQSession.cpp:5438] Issuing request that will fail; nextRequestID_=0 peerMaxRequestID_=0 sess=0x55a560fb11f0
W0621 01:23:27.806005     1 MoQSession.cpp:5438] Issuing request that will fail; nextRequestID_=0 peerMaxRequestID_=0 sess=0x55a560f991f0
ok 6 - subscribe-before-announce
  ---
  duration_ms: 923
  info: Subscribe succeeded after publisher announced (relay buffers pending subscriptions)
  ...
make[1]: *** [Makefile:121: test-external] Error 1
make[1]: Leaving directory '/home/runner/work/moq-interop-runner/moq-interop-runner/main'
