make[1]: Entering directory '/home/runner/work/moq-interop-runner/moq-interop-runner/main'
Running tests against https://us-west-2.relay.quicr.org:33437/relay...
  Client: ghcr.io/facebookexperimental/moxygen-interop-client:latest-amd64
docker run --rm \
	 \
	--network host \
	-e RELAY_URL=https://us-west-2.relay.quicr.org:33437/relay \
	-e TLS_DISABLE_VERIFY=1 \
	ghcr.io/facebookexperimental/moxygen-interop-client:latest-amd64
TAP version 14
# moxygen interop test client
# Relay: https://us-west-2.relay.quicr.org:33437/relay
# Transport: WebTransport
1..6
W0621 01:23:22.071844     1 MoQWebTransportClient.cpp:176] WebTransport: No WT-Protocol header in response, will use legacy version negotiation
E0621 01:23:22.152703     1 MoQFramer.cpp:1004] Server selected version draft-1 but we only offer draft-14 in legacy mode
E0621 01:23:22.152732     1 MoQCodec.cpp:126] Conn error=21
E0621 01:23:22.152737     1 MoQSession.cpp:5224] MoQCodec control stream parse error err=21
not ok 1 - setup-only
  ---
  duration_ms: 457
  error: coroutine operation cancelled
  ...
W0621 01:23:22.431184     1 MoQWebTransportClient.cpp:176] WebTransport: No WT-Protocol header in response, will use legacy version negotiation
E0621 01:23:22.512287     1 MoQFramer.cpp:1004] Server selected version draft-1 but we only offer draft-14 in legacy mode
E0621 01:23:22.512314     1 MoQCodec.cpp:126] Conn error=21
E0621 01:23:22.512319     1 MoQSession.cpp:5224] MoQCodec control stream parse error err=21
not ok 2 - announce-only
  ---
  duration_ms: 359
  error: coroutine operation cancelled
  ...
W0621 01:23:22.903441     1 MoQWebTransportClient.cpp:176] WebTransport: No WT-Protocol header in response, will use legacy version negotiation
E0621 01:23:22.984069     1 MoQFramer.cpp:1004] Server selected version draft-1 but we only offer draft-14 in legacy mode
E0621 01:23:22.984095     1 MoQCodec.cpp:126] Conn error=21
E0621 01:23:22.984099     1 MoQSession.cpp:5224] MoQCodec control stream parse error err=21
not ok 3 - subscribe-error
  ---
  duration_ms: 471
  error: coroutine operation cancelled
  ...
W0621 01:23:23.337819     1 MoQWebTransportClient.cpp:176] WebTransport: No WT-Protocol header in response, will use legacy version negotiation
E0621 01:23:23.419283     1 MoQFramer.cpp:1004] Server selected version draft-1 but we only offer draft-14 in legacy mode
E0621 01:23:23.419308     1 MoQCodec.cpp:126] Conn error=21
E0621 01:23:23.419313     1 MoQSession.cpp:5224] MoQCodec control stream parse error err=21
not ok 4 - announce-subscribe
  ---
  duration_ms: 435
  error: coroutine operation cancelled
  ...
W0621 01:23:23.722748     1 MoQWebTransportClient.cpp:176] WebTransport: No WT-Protocol header in response, will use legacy version negotiation
E0621 01:23:23.804327     1 MoQFramer.cpp:1004] Server selected version draft-1 but we only offer draft-14 in legacy mode
E0621 01:23:23.804351     1 MoQCodec.cpp:126] Conn error=21
E0621 01:23:23.804355     1 MoQSession.cpp:5224] MoQCodec control stream parse error err=21
not ok 5 - publish-namespace-done
  ---
  duration_ms: 384
  error: coroutine operation cancelled
  ...
W0621 01:23:23.970548     1 MoQWebTransportClient.cpp:176] WebTransport: No WT-Protocol header in response, will use legacy version negotiation
E0621 01:23:24.051641     1 MoQFramer.cpp:1004] Server selected version draft-1 but we only offer draft-14 in legacy mode
E0621 01:23:24.051668     1 MoQCodec.cpp:126] Conn error=21
E0621 01:23:24.051673     1 MoQSession.cpp:5224] MoQCodec control stream parse error err=21
not ok 6 - subscribe-before-announce
  ---
  duration_ms: 247
  error: coroutine operation cancelled
  ...
make[1]: *** [Makefile:121: test-external] Error 1
make[1]: Leaving directory '/home/runner/work/moq-interop-runner/moq-interop-runner/main'
