make[1]: Entering directory '/home/runner/work/moq-interop-runner/moq-interop-runner/main'
Running tests against moqt://moqx-main.ci.openmoq.org:4433...
  Client: ghcr.io/facebookexperimental/moxygen-interop-client:latest-amd64
docker run --rm \
	 \
	--network host \
	-e RELAY_URL=moqt://moqx-main.ci.openmoq.org:4433 \
	-e TLS_DISABLE_VERIFY=false \
	ghcr.io/facebookexperimental/moxygen-interop-client:latest-amd64
TAP version 14
# moxygen interop test client
# Relay: moqt://moqx-main.ci.openmoq.org:4433
# Transport: QUIC
1..6
ok 1 - setup-only
  ---
  duration_ms: 442
  info: SETUP exchange completed successfully
  ...
ok 2 - announce-only
  ---
  duration_ms: 73
  info: PUBLISH_NAMESPACE completed successfully
  ...
E0621 01:24:47.787463     1 MoQRelaySession.cpp:880] PublishNamespaceDone for unknown publishNamespace, sess=0x56439e383140
ok 3 - subscribe-error
  ---
  duration_ms: 383
  info: Subscribe correctly returned error: no such namespace or track
  ...
ok 4 - announce-subscribe
  ---
  duration_ms: 510
  info: Publisher announced, subscriber subscribed successfully
  ...
E0621 01:24:48.681935     1 MoQSession.cpp:5665] publishDone for invalid id=1 sess=0x56439e368ed0
ok 5 - publish-namespace-done
  ---
  duration_ms: 80
  info: PUBLISH_NAMESPACE_OK received, PUBLISH_NAMESPACE_DONE sent
  ...
ok 6 - subscribe-before-announce
  ---
  duration_ms: 629
  info: Subscribe returned error (relay doesn't buffer pending subscriptions): no such namespace or track
  ...
make[1]: Leaving directory '/home/runner/work/moq-interop-runner/moq-interop-runner/main'
