make[1]: Entering directory '/home/runner/work/moq-interop-runner/moq-interop-runner/main'
Running tests against moqt://us-west-2.relay.quicr.org:33437...
  Client: ghcr.io/englishm/moq-interop-runner-moq-test-client:latest
docker run --rm \
	--network host \
	-e RELAY_URL=moqt://us-west-2.relay.quicr.org:33437 \
	-e TLS_DISABLE_VERIFY=1 \
	ghcr.io/englishm/moq-interop-runner-moq-test-client:latest
TAP version 14
# moq-test-client v0.1.0
# Relay: moqt://us-west-2.relay.quicr.org:33437
1..6
ok 1 - setup-only
  ---
  duration_ms: 221
  connection_id: 96943cbc757dd86988be76a9eceb56ea
  ...
ok 2 - announce-only
  ---
  duration_ms: 2139
  connection_id: 65bdb2e7d37284bb31427f40cc2dee0a
  ...
not ok 3 - subscribe-error
  ---
  duration_ms: 10000
  message: "test timed out: deadline has elapsed"
  ...
ok 4 - announce-subscribe
  ---
  duration_ms: 3356
  publisher_connection_id: 7f16a628a4a6bfa0bca38bf8cd32d110
  subscriber_connection_id: 728b88942b8f711cf96b0dee165c5f5d
  ...
ok 5 - subscribe-before-announce
  ---
  duration_ms: 4785
  subscriber_connection_id: 4b68b00287ec4550137894b67d135986
  publisher_connection_id: 9291e5b5985834b15b5df44b6859ffb3
  ...
ok 6 - publish-namespace-done
  ---
  duration_ms: 2241
  connection_id: 0f228c04f6767209dc4211af5d05e4f8
  ...
make[1]: *** [Makefile:91: test-external] Error 1
make[1]: Leaving directory '/home/runner/work/moq-interop-runner/moq-interop-runner/main'
