make[1]: Entering directory '/home/runner/work/moq-interop-runner/moq-interop-runner/main'
Running tests against moqt://us-west-2.relay.quicr.org:33437...
  Client: ghcr.io/englishm/moq-interop-runner-moq-test-client:latest
docker run --rm \
	--network host \
	-e RELAY_URL=moqt://us-west-2.relay.quicr.org:33437 \
	-e TLS_DISABLE_VERIFY=1 \
	ghcr.io/englishm/moq-interop-runner-moq-test-client:latest
TAP version 14
# moq-test-client v0.1.0
# Relay: moqt://us-west-2.relay.quicr.org:33437
1..6
ok 1 - setup-only
  ---
  duration_ms: 122
  connection_id: 6b403c70e191198159e065516f3fe66a
  ...
ok 2 - announce-only
  ---
  duration_ms: 2072
  connection_id: 14096c3c553856dd2787b6c10dc6db73
  ...
not ok 3 - subscribe-error
  ---
  duration_ms: 10001
  message: "test timed out: deadline has elapsed"
  ...
ok 4 - announce-subscribe
  ---
  duration_ms: 3145
  publisher_connection_id: 3edfd0cb7315fe55ec06bec3b773e10a
  subscriber_connection_id: 37e10f21fb68e878e9ca381804d8ffc3
  ...
ok 5 - subscribe-before-announce
  ---
  duration_ms: 4715
  subscriber_connection_id: f8ececd347ad5da185feaca09f8b348e
  publisher_connection_id: 5e1c0ef5a100801d29946a6c32d55d21
  ...
ok 6 - publish-namespace-done
  ---
  duration_ms: 2176
  connection_id: f782eef566d692f2ebe5df43b81ac04f
  ...
make[1]: *** [Makefile:91: test-external] Error 1
make[1]: Leaving directory '/home/runner/work/moq-interop-runner/moq-interop-runner/main'
