make[1]: Entering directory '/home/runner/work/moq-interop-runner/moq-interop-runner/main'
Running tests against moqt://draft-14.cloudflare.mediaoverquic.com:443...
  Client: ghcr.io/englishm/moq-interop-runner-moq-test-client:latest
docker run --rm \
	--network host \
	-e RELAY_URL=moqt://draft-14.cloudflare.mediaoverquic.com:443 \
	-e TLS_DISABLE_VERIFY=false \
	ghcr.io/englishm/moq-interop-runner-moq-test-client:latest
TAP version 14
# moq-test-client v0.1.0
# Relay: moqt://draft-14.cloudflare.mediaoverquic.com:443
1..6
ok 1 - setup-only
  ---
  duration_ms: 76
  connection_id: 816e0442953914f52bcd4869ab5556bb
  ...
ok 2 - announce-only
  ---
  duration_ms: 2040
  connection_id: beb7aeb1bee1f576455220ba961a1e98
  ...
ok 3 - subscribe-error
  ---
  duration_ms: 223
  connection_id: d72802d4c49d0f1c8ba50f93c8c5d061
  ...
ok 4 - announce-subscribe
  ---
  duration_ms: 3071
  publisher_connection_id: e746799452e49d7eb15be92f7b04116f
  subscriber_connection_id: 551aa2acb613ec065ea551b229d07ad7
  ...
ok 5 - subscribe-before-announce
  ---
  duration_ms: 3548
  subscriber_connection_id: 25dc51eec04142572f2517b3e86fbda6
  publisher_connection_id: 8f77d34dacbc1251ed3d29be8f62862d
  ...
ok 6 - publish-namespace-done
  ---
  duration_ms: 2130
  connection_id: 64815069a2374a977771f7ed9e9f9dad
  ...
make[1]: Leaving directory '/home/runner/work/moq-interop-runner/moq-interop-runner/main'
