make[1]: Entering directory '/home/runner/work/moq-interop-runner/moq-interop-runner/main'
Running tests against moqt://fb.mvfst.net:9448...
  Client: ghcr.io/englishm/moq-interop-runner-moq-test-client:latest
docker run --rm \
	--network host \
	-e RELAY_URL=moqt://fb.mvfst.net:9448 \
	-e TLS_DISABLE_VERIFY=1 \
	ghcr.io/englishm/moq-interop-runner-moq-test-client:latest
TAP version 14
# moq-test-client v0.1.0
# Relay: moqt://fb.mvfst.net:9448
1..6
ok 1 - setup-only
  ---
  duration_ms: 139
  connection_id: c0915a3675c419f7c2b81b1b0ce66ca1
  ...
ok 2 - announce-only
  ---
  duration_ms: 2126
  connection_id: ce725ba1b16fa12f4766ef90c037382c
  ...
ok 3 - subscribe-error
  ---
  duration_ms: 175
  connection_id: fe0a1a5952d6a362edfbac6b05de5626
  ...
ok 4 - announce-subscribe
  ---
  duration_ms: 314
  publisher_connection_id: 4f15b40ad80d566caae04beab9dd7660
  subscriber_connection_id: 1dfc3a25d5b5bdc678ed46abceae7e16
  ...
ok 5 - subscribe-before-announce
  ---
  duration_ms: 3809
  subscriber_connection_id: c33bd92b4ccd4d1db6cf1b419a5a3795
  publisher_connection_id: 840579a3cfebb02ea69f09bb1023626c
  ...
ok 6 - publish-namespace-done
  ---
  duration_ms: 2244
  connection_id: a85d818ce43aaab4041c026cfe3712be
  ...
make[1]: Leaving directory '/home/runner/work/moq-interop-runner/moq-interop-runner/main'
