make[1]: Entering directory '/home/runner/work/moq-interop-runner/moq-interop-runner/main'
Running tests against https://draft-16-manish.cloudflare.mediaoverquic.com:443/moq...
  Client: ghcr.io/englishm/moq-interop-runner-moq-test-client-draft-16:latest
docker run --rm \
	--network host \
	-e RELAY_URL=https://draft-16-manish.cloudflare.mediaoverquic.com:443/moq \
	-e TLS_DISABLE_VERIFY=false \
	ghcr.io/englishm/moq-interop-runner-moq-test-client-draft-16:latest
TAP version 14
# moq-test-client v0.1.0
# Relay: https://draft-16-manish.cloudflare.mediaoverquic.com/moq
1..6
ok 1 - setup-only
  ---
  duration_ms: 222
  connection_id: 0d16e8cfb7fefc90638d00c2d4b337d2
  ...
ok 2 - announce-only
  ---
  duration_ms: 2211
  connection_id: f8f6abc38bbd83a1a69a0ed40358753c
  ...
ok 3 - subscribe-error
  ---
  duration_ms: 289
  connection_id: bc7f7fde4c0d5f34c015bffbbd43c0dd
  ...
ok 4 - announce-subscribe
  ---
  duration_ms: 543
  publisher_connection_id: 804cf1aefd7849293a051ebc39be9aad
  subscriber_connection_id: cff44c48bea2420ea5736ba90530c516
  ...
ok 5 - subscribe-before-announce
  ---
  duration_ms: 3962
  subscriber_connection_id: 0c49e370bf54e550389c7268833143c5
  publisher_connection_id: 9e7b73cee93b0894ccacefae2fcc5b2c
  ...
ok 6 - publish-namespace-done
  ---
  duration_ms: 2360
  connection_id: a3e20675c723a2eb1a94af9995982f88
  ...
make[1]: Leaving directory '/home/runner/work/moq-interop-runner/moq-interop-runner/main'
