make[1]: Entering directory '/home/runner/work/moq-interop-runner/moq-interop-runner/main'
Running tests against moqt://fb.mvfst.net:9448...
  Client: ghcr.io/englishm/moq-interop-runner-moq-test-client-draft-16:latest
docker run --rm \
	--network host \
	-e RELAY_URL=moqt://fb.mvfst.net:9448 \
	-e TLS_DISABLE_VERIFY=1 \
	ghcr.io/englishm/moq-interop-runner-moq-test-client-draft-16:latest
TAP version 14
# moq-test-client v0.1.0
# Relay: moqt://fb.mvfst.net:9448
1..6
ok 1 - setup-only
  ---
  duration_ms: 35
  connection_id: 8f99ac943ec0194b615b5c724841617a
  ...
ok 2 - announce-only
  ---
  duration_ms: 2035
  connection_id: c297588f32db0ff72c9940d78321e65b
  ...
ok 3 - subscribe-error
  ---
  duration_ms: 81
  connection_id: 89221dd69b73df6b24490f1ff7fc7054
  ...
ok 4 - announce-subscribe
  ---
  duration_ms: 82
  publisher_connection_id: 4fea629bfa79e67758c97b073137cc57
  subscriber_connection_id: 0ddb3dc03c6964da034125c23855bb7e
  ...
ok 5 - subscribe-before-announce
  ---
  duration_ms: 3663
  subscriber_connection_id: 1d541d403697c6e405d50d2b6326a237
  publisher_connection_id: 023b02ebee5f6ca6c47c17a4a6ffcb49
  ...
ok 6 - publish-namespace-done
  ---
  duration_ms: 2142
  connection_id: 5635afebcc7999583647ae866ae0ab0b
  ...
make[1]: Leaving directory '/home/runner/work/moq-interop-runner/moq-interop-runner/main'
