make[1]: Entering directory '/home/runner/work/moq-interop-runner/moq-interop-runner/main'
Running tests against https://lminiero.it:9000...
  Client: ghcr.io/englishm/moq-interop-runner-moq-test-client:latest
docker run --rm \
	--network host \
	-e RELAY_URL=https://lminiero.it:9000 \
	-e TLS_DISABLE_VERIFY=false \
	ghcr.io/englishm/moq-interop-runner-moq-test-client:latest
TAP version 14
# moq-test-client v0.1.0
# Relay: https://lminiero.it:9000/
1..6
ok 1 - setup-only
  ---
  duration_ms: 576
  connection_id: a24c3559ff6fb7803b4b19bdd0477233
  ...
ok 2 - announce-only
  ---
  duration_ms: 2582
  connection_id: 7e6a278ff4b4cf6c0a6df01401ddf7bd
  ...
ok 3 - subscribe-error
  ---
  duration_ms: 694
  connection_id: c0a7ebeb053b489a1f6181807e986c8d
  ...
ok 4 - announce-subscribe
  ---
  duration_ms: 1388
  publisher_connection_id: 508e1049ecf872d3cdca1a92283cd8bc
  subscriber_connection_id: f2ae8768d1407da800fb98eb0ca39daf
  ...
ok 5 - subscribe-before-announce
  ---
  duration_ms: 4540
  subscriber_connection_id: a0318ac934d5bd7a4dcc63e650d3f66b
  publisher_connection_id: 3706925160b25e3635a569e4837e7e35
  ...
ok 6 - publish-namespace-done
  ---
  duration_ms: 2685
  connection_id: 4b60b6099dadd916e10abeeaa54824ff
  ...
make[1]: Leaving directory '/home/runner/work/moq-interop-runner/moq-interop-runner/main'
