make[1]: Entering directory '/home/runner/work/moq-interop-runner/moq-interop-runner/main'
Running tests against https://fb.mvfst.net:9448/moq-relay...
  Client: ghcr.io/englishm/moq-interop-runner-moq-test-client:latest
docker run --rm \
	--network host \
	-e RELAY_URL=https://fb.mvfst.net:9448/moq-relay \
	-e TLS_DISABLE_VERIFY=1 \
	ghcr.io/englishm/moq-interop-runner-moq-test-client:latest
TAP version 14
# moq-test-client v0.1.0
# Relay: https://fb.mvfst.net:9448/moq-relay
1..6
ok 1 - setup-only
  ---
  duration_ms: 87
  connection_id: 4f968475ae7d0aac4f68e14c44209bf3
  ...
ok 2 - announce-only
  ---
  duration_ms: 2052
  connection_id: 15764a745bb2276d33b75692b458fb1c
  ...
ok 3 - subscribe-error
  ---
  duration_ms: 108
  connection_id: 46eb66f0112c90af2d4a8a1de48c64c5
  ...
ok 4 - announce-subscribe
  ---
  duration_ms: 154
  publisher_connection_id: 7d70917a045c1c7fe682f64d4c916a68
  subscriber_connection_id: f713639f1431ad638e2f81681b96deed
  ...
ok 5 - subscribe-before-announce
  ---
  duration_ms: 3636
  subscriber_connection_id: f53b8e2ba8a3f0dbe5ec272ef0d645fa
  publisher_connection_id: dedc5fd709968d9b14357728449b624e
  ...
ok 6 - publish-namespace-done
  ---
  duration_ms: 2152
  connection_id: d5a4926802d7444bad4b8e66edd0faeb
  ...
make[1]: Leaving directory '/home/runner/work/moq-interop-runner/moq-interop-runner/main'
