make[1]: Entering directory '/home/runner/work/moq-interop-runner/moq-interop-runner/main'
Running tests against https://fb.mvfst.net:9448/moq-relay...
  Client: ghcr.io/facebookexperimental/moxygen-interop-client:latest-amd64
docker run --rm \
	--network host \
	-e RELAY_URL=https://fb.mvfst.net:9448/moq-relay \
	-e TLS_DISABLE_VERIFY=1 \
	ghcr.io/facebookexperimental/moxygen-interop-client:latest-amd64
TAP version 14
# moxygen interop test client
# Relay: https://fb.mvfst.net:9448/moq-relay
# Transport: WebTransport
1..6
ok 1 - setup-only
  ---
  duration_ms: 56
  info: SETUP exchange completed successfully
  ...
E0223 00:28:34.656146     1 MoQSession.cpp:2600] proxygen::WebTransport::Exception: session terminated with error=386759528 id=4 sess=0x55a2c67fd6c0
E0223 00:28:34.872117     1 MoQRelaySession.cpp:681] PublishNamespaceDone for unknown publishNamespace, sess=0x55a2c680c530
E0223 00:28:34.872273     1 MoQSession.cpp:2600] proxygen::WebTransport::Exception: session terminated with error=386759528 id=4 sess=0x55a2c680c530
ok 2 - announce-only
  ---
  duration_ms: 215
  info: PUBLISH_NAMESPACE completed successfully
  ...
ok 3 - subscribe-error
  ---
  duration_ms: 63
  info: Subscribe correctly returned error: no such namespace or track
  ...
E0223 00:28:34.935795     1 MoQSession.cpp:2600] proxygen::WebTransport::Exception: session terminated with error=386759528 id=4 sess=0x55a2c681ca20
E0223 00:28:35.170296     1 MoQSession.cpp:2600] proxygen::WebTransport::Exception: session terminated with error=386759528 id=4 sess=0x55a2c6808060
E0223 00:28:35.170324     1 MoQSession.cpp:2600] proxygen::WebTransport::Exception: session terminated with error=386759528 id=4 sess=0x55a2c682c350
ok 4 - announce-subscribe
  ---
  duration_ms: 234
  info: Publisher announced, subscriber subscribed successfully
  ...
ok 5 - publish-namespace-done
  ---
  duration_ms: 70
  info: PUBLISH_NAMESPACE_OK received, PUBLISH_NAMESPACE_DONE sent
  ...
E0223 00:28:35.240706     1 MoQSession.cpp:2600] proxygen::WebTransport::Exception: session terminated with error=386759528 id=4 sess=0x55a2c6823f70
ok 6 - subscribe-before-announce
  ---
  duration_ms: 794
  info: Subscribe returned error (relay doesn't buffer pending subscriptions): no such namespace or track
  ...
E0223 00:28:36.035356     1 MoQSession.cpp:2600] proxygen::WebTransport::Exception: session terminated with error=386759528 id=4 sess=0x55a2c683d640
E0223 00:28:36.035382     1 MoQSession.cpp:2600] proxygen::WebTransport::Exception: session terminated with error=386759528 id=4 sess=0x55a2c67f17e0
make[1]: Leaving directory '/home/runner/work/moq-interop-runner/moq-interop-runner/main'
