make[1]: Entering directory '/home/runner/work/moq-interop-runner/moq-interop-runner/main'
Running tests against https://quichemoq.dev:443...
  Client: ghcr.io/facebookexperimental/moxygen-interop-client:latest-amd64
docker run --rm \
	--network host \
	-e RELAY_URL=https://quichemoq.dev:443 \
	-e TLS_DISABLE_VERIFY=false \
	ghcr.io/facebookexperimental/moxygen-interop-client:latest-amd64
TAP version 14
# moxygen interop test client
# Relay: https://quichemoq.dev:443
# Transport: WebTransport
1..6
E0223 00:29:28.982787     1 MoQSession.cpp:2600] proxygen::WebTransport::Exception: session terminated with error=386759528 id=4 sess=0x5555e1ac8c60
ok 1 - setup-only
  ---
  duration_ms: 308
  info: SETUP exchange completed successfully
  ...
E0223 00:29:29.323059     1 MoQRelaySession.cpp:681] PublishNamespaceDone for unknown publishNamespace, sess=0x5555e1ad8c40
E0223 00:29:29.323267     1 MoQSession.cpp:2600] proxygen::WebTransport::Exception: session terminated with error=386759528 id=4 sess=0x5555e1ad8c40
ok 2 - announce-only
  ---
  duration_ms: 340
  info: PUBLISH_NAMESPACE completed successfully
  ...
E0223 00:29:29.576983     1 MoQSession.cpp:2600] proxygen::WebTransport::Exception: session terminated with error=386759528 id=4 sess=0x5555e1aea250
ok 3 - subscribe-error
  ---
  duration_ms: 253
  info: Subscribe correctly returned error: Session closed
  ...
E0223 00:29:30.104158     1 MoQSession.cpp:2600] proxygen::WebTransport::Exception: session terminated with error=386759528 id=4 sess=0x5555e1adb000
E0223 00:29:30.104318     1 MoQSession.cpp:2600] proxygen::WebTransport::Exception: session terminated with error=386759528 id=4 sess=0x5555e1ab2ed0
not ok 4 - announce-subscribe
  ---
  duration_ms: 527
  error: Subscribe failed: Session closed
  ...
ok 5 - publish-namespace-done
  ---
  duration_ms: 258
  info: PUBLISH_NAMESPACE_OK received, PUBLISH_NAMESPACE_DONE sent
  ...
E0223 00:29:30.363022     1 MoQSession.cpp:2600] proxygen::WebTransport::Exception: session terminated with error=386759528 id=4 sess=0x5555e1ad1980
E0223 00:29:30.625395     1 MoQSession.cpp:2600] proxygen::WebTransport::Exception: session terminated with error=386759528 id=4 sess=0x5555e1aeda70
ok 6 - subscribe-before-announce
  ---
  duration_ms: 1034
  info: Subscribe returned error (relay doesn't buffer pending subscriptions): Session closed
  ...
E0223 00:29:31.397286     1 MoQSession.cpp:2600] proxygen::WebTransport::Exception: session terminated with error=386759528 id=4 sess=0x5555e1aef2d0
make[1]: *** [Makefile:91: test-external] Error 1
make[1]: Leaving directory '/home/runner/work/moq-interop-runner/moq-interop-runner/main'
