make[1]: Entering directory '/home/runner/work/moq-interop-runner/moq-interop-runner/main'
Running tests against https://draft-16-manish.cloudflare.mediaoverquic.com:443/moq...
  Client: ghcr.io/englishm/moq-interop-runner-moq-test-client-draft-16:latest
docker run --rm \
	--network host \
	-e RELAY_URL=https://draft-16-manish.cloudflare.mediaoverquic.com:443/moq \
	-e TLS_DISABLE_VERIFY=false \
	ghcr.io/englishm/moq-interop-runner-moq-test-client-draft-16:latest
TAP version 14
# moq-test-client v0.1.0
# Relay: https://draft-16-manish.cloudflare.mediaoverquic.com/moq
1..6
ok 1 - setup-only
  ---
  duration_ms: 254
  connection_id: de6b36e201fd70a2f17ac061c6ca5cf1
  ...
ok 2 - announce-only
  ---
  duration_ms: 2273
  connection_id: bf642094cceb43cff52e43a2aa78fc6a
  ...
[2026-03-12T00:24:34Z ERROR moq_transport::session::reader] [READER] decode: ERROR decoding moq_transport::message::Message - FieldBoundsExceeded("ReasonPhrase") (buffer_len=57)
not ok 3 - subscribe-error
  ---
  duration_ms: 249
  message: "session error: decode error: field 'ReasonPhrase' too large: field 'ReasonPhrase' too large"
  ...
ok 4 - announce-subscribe
  ---
  duration_ms: 3472
  publisher_connection_id: 8e2f94db8d4d3d27def45dae90132004
  subscriber_connection_id: 92ea6ef1a3a23f2087a654cccb8c9797
  ...
[2026-03-12T00:24:38Z ERROR moq_transport::session::reader] [READER] decode: ERROR decoding moq_transport::message::Message - FieldBoundsExceeded("ReasonPhrase") (buffer_len=57)
ok 5 - subscribe-before-announce
  ---
  duration_ms: 3918
  subscriber_connection_id: f6df799da8d3dc885842882399a881da
  publisher_connection_id: 32a1f4153716752c02769938835f025b
  ...
ok 6 - publish-namespace-done
  ---
  duration_ms: 2313
  connection_id: 96b0f340a1b38864e1cb19a7165335c0
  ...
make[1]: *** [Makefile:91: test-external] Error 1
make[1]: Leaving directory '/home/runner/work/moq-interop-runner/moq-interop-runner/main'
