make[1]: Entering directory '/home/runner/work/moq-interop-runner/moq-interop-runner/main'
Running tests against https://quichemoq.dev:443...
  Client: ghcr.io/englishm/moq-interop-runner-moq-test-client-draft-16:latest
docker run --rm \
	--network host \
	-e RELAY_URL=https://quichemoq.dev:443 \
	-e TLS_DISABLE_VERIFY=false \
	ghcr.io/englishm/moq-interop-runner-moq-test-client-draft-16:latest
TAP version 14
# moq-test-client v0.1.0
# Relay: https://quichemoq.dev/
1..6
ok 1 - setup-only
  ---
  duration_ms: 265
  connection_id: 1b73402fe0a34e54d37dc4ab0642e98e
  ...
[2m2026-05-08T00:40:47.271986Z[0m [33m WARN[0m [2mweb_transport_quinn::session[0m[2m:[0m unknown capsule [3mtyp[0m[2m=[0m0 [3msize[0m[2m=[0m43
ok 2 - announce-only
  ---
  duration_ms: 2143
  connection_id: e937233d047c5e03fa7c9eef6a2788ce
  ...
[2m2026-05-08T00:40:49.415110Z[0m [33m WARN[0m [2mweb_transport_quinn::session[0m[2m:[0m unknown capsule [3mtyp[0m[2m=[0m0 [3msize[0m[2m=[0m43
ok 3 - subscribe-error
  ---
  duration_ms: 125
  connection_id: efe29cebe32bbac6b92dcaf834a1700a
  ...
[2m2026-05-08T00:40:49.540835Z[0m [33m WARN[0m [2mweb_transport_quinn::session[0m[2m:[0m unknown capsule [3mtyp[0m[2m=[0m0 [3msize[0m[2m=[0m43
[2m2026-05-08T00:40:50.048582Z[0m [33m WARN[0m [2mweb_transport_quinn::session[0m[2m:[0m unknown capsule [3mtyp[0m[2m=[0m0 [3msize[0m[2m=[0m59
not ok 4 - announce-subscribe
  ---
  duration_ms: 529
  message: "publisher session error: webtransport error: session error: connection error: closed: session error: connection error: closed: connection error: closed"
  ...
[2m2026-05-08T00:40:50.070847Z[0m [33m WARN[0m [2mweb_transport_quinn::session[0m[2m:[0m unknown capsule [3mtyp[0m[2m=[0m0 [3msize[0m[2m=[0m43
[2m2026-05-08T00:40:50.295457Z[0m [33m WARN[0m [2mweb_transport_quinn::session[0m[2m:[0m unknown capsule [3mtyp[0m[2m=[0m0 [3msize[0m[2m=[0m43
ok 5 - subscribe-before-announce
  ---
  duration_ms: 3959
  subscriber_connection_id: f43c6cbbe8a3dee5c8759f0d4c8ef3d2
  publisher_connection_id: ac48c37eeafaf11b406c4013b57245ac
  ...
[2m2026-05-08T00:40:54.030531Z[0m [33m WARN[0m [2mweb_transport_quinn::session[0m[2m:[0m unknown capsule [3mtyp[0m[2m=[0m0 [3msize[0m[2m=[0m43
[2m2026-05-08T00:40:56.216285Z[0m [33m WARN[0m [2mweb_transport_quinn::session[0m[2m:[0m unknown capsule [3mtyp[0m[2m=[0m0 [3msize[0m[2m=[0m43
ok 6 - publish-namespace-done
  ---
  duration_ms: 2286
  connection_id: 716642724ef10f29e048817cca32b3e4
  ...
make[1]: *** [Makefile:91: test-external] Error 1
make[1]: Leaving directory '/home/runner/work/moq-interop-runner/moq-interop-runner/main'
