make[1]: Entering directory '/home/runner/work/moq-interop-runner/moq-interop-runner/main'
Running tests against https://moqx-main.ci.openmoq.org:4433/moq-relay...
  Client: ghcr.io/englishm/moq-interop-runner-moq-test-client:latest
docker run --rm \
	 \
	--network host \
	-e RELAY_URL=https://moqx-main.ci.openmoq.org:4433/moq-relay \
	-e TLS_DISABLE_VERIFY=false \
	ghcr.io/englishm/moq-interop-runner-moq-test-client:latest
TAP version 14
# moq-test-client v0.1.0
# Relay: https://moqx-main.ci.openmoq.org:4433/moq-relay
1..6
ok 1 - setup-only
  ---
  duration_ms: 108
  connection_id: 8b3212c150713876febf46395b3a998c
  ...
ok 2 - announce-only
  ---
  duration_ms: 2181
  connection_id: fb4132470fd3fb71ad07faf404412b44
  ...
ok 3 - subscribe-error
  ---
  duration_ms: 155
  connection_id: 61cf347577f8a97502a2d930e0ef66c0
  ...
ok 4 - announce-subscribe
  ---
  duration_ms: 157
  publisher_connection_id: 1de4ead4aa9086211f5336b78c12a5ea
  subscriber_connection_id: d560a75ed8ca8bc5d2e803e63c72033e
  ...
ok 5 - subscribe-before-announce
  ---
  duration_ms: 3653
  subscriber_connection_id: f24ae9410b508674e1f4ae40b905ddce
  publisher_connection_id: abaf595b3ecec4122a6d084197b8e231
  ...
ok 6 - publish-namespace-done
  ---
  duration_ms: 2210
  connection_id: d8358d95207ddbca148e47461f8c9cf4
  ...
make[1]: Leaving directory '/home/runner/work/moq-interop-runner/moq-interop-runner/main'
