make[1]: Entering directory '/home/runner/work/moq-interop-runner/moq-interop-runner/main'
Running tests against moqt://moqx-main.ci.openmoq.org:4433...
  Client: ghcr.io/englishm/moq-interop-runner-moq-test-client:latest
docker run --rm \
	 \
	--network host \
	-e RELAY_URL=moqt://moqx-main.ci.openmoq.org:4433 \
	-e TLS_DISABLE_VERIFY=false \
	ghcr.io/englishm/moq-interop-runner-moq-test-client:latest
TAP version 14
# moq-test-client v0.1.0
# Relay: moqt://moqx-main.ci.openmoq.org:4433
1..6
ok 1 - setup-only
  ---
  duration_ms: 59
  connection_id: ffc01c26dcd63802ad88a7df2c688cc0
  ...
ok 2 - announce-only
  ---
  duration_ms: 2082
  connection_id: 7e50e75995c199705de6cbce3abd6fe9
  ...
ok 3 - subscribe-error
  ---
  duration_ms: 196
  connection_id: e704116cffe0652000622409920b5c57
  ...
ok 4 - announce-subscribe
  ---
  duration_ms: 3228
  publisher_connection_id: 70a5b0f3d3ec928e4896c46ea8c6279f
  subscriber_connection_id: 47e15b2ed7b881ea009bf96f5b2ae864
  ...
ok 5 - subscribe-before-announce
  ---
  duration_ms: 3604
  subscriber_connection_id: 094ee9d3ffdb550b092bc77a1678228c
  publisher_connection_id: b6e907b27783ce86454473f8425b7c44
  ...
ok 6 - publish-namespace-done
  ---
  duration_ms: 2249
  connection_id: 18efd167bbea6c160c6a249dd60cf758
  ...
make[1]: Leaving directory '/home/runner/work/moq-interop-runner/moq-interop-runner/main'
