make[1]: Entering directory '/home/runner/work/moq-interop-runner/moq-interop-runner/main'
Running tests against https://lminiero.it:9000...
  Client: ghcr.io/englishm/moq-interop-runner-moq-test-client-draft-16:latest
docker run --rm \
	 \
	--network host \
	-e RELAY_URL=https://lminiero.it:9000 \
	-e TLS_DISABLE_VERIFY=false \
	ghcr.io/englishm/moq-interop-runner-moq-test-client-draft-16:latest
TAP version 14
# moq-test-client v0.1.0
# Relay: https://lminiero.it:9000/
1..6
ok 1 - setup-only
  ---
  duration_ms: 913
  connection_id: 161c99cc3bd3e439749c13bc6cacbf7a
  ...
ok 2 - announce-only
  ---
  duration_ms: 2662
  connection_id: 67c04232228d023d67c580a2fe93eb9f
  ...
ok 3 - subscribe-error
  ---
  duration_ms: 1050
  connection_id: cb69ec9c7e11c5670e5a82d00a6e0896
  ...
ok 4 - announce-subscribe
  ---
  duration_ms: 5518
  publisher_connection_id: 44fe2e096d3511fc3ca49ddc9ac06293
  subscriber_connection_id: 282018c013333141f0fe523edf1e5e0d
  ...
ok 5 - subscribe-before-announce
  ---
  duration_ms: 6065
  subscriber_connection_id: 6b1f9f5b54153d72471f1b0ba5c98021
  publisher_connection_id: 66d28bb408204684da5704afc42ea698
  ...
ok 6 - publish-namespace-done
  ---
  duration_ms: 3091
  connection_id: 894af3d7c7738e47dead15b452a2ef93
  ...
make[1]: Leaving directory '/home/runner/work/moq-interop-runner/moq-interop-runner/main'
