make[1]: Entering directory '/home/runner/work/moq-interop-runner/moq-interop-runner/main'
Running tests against moqt://draft-16-manish.cloudflare.mediaoverquic.com:443...
  Client: ghcr.io/eyevinn/mlmtest:latest
docker run --rm \
	 \
	--network host \
	-e RELAY_URL=moqt://draft-16-manish.cloudflare.mediaoverquic.com:443 \
	-e TLS_DISABLE_VERIFY=false \
	ghcr.io/eyevinn/mlmtest:latest
TAP version 14
# moqlivemock 0.11.0, date: 2026-06-04
# Relay: moqt://draft-16-manish.cloudflare.mediaoverquic.com:443
# Draft: 16 (ALPN: moqt-16)
1..6
2026/06/06 01:11:01 failed to sufficiently increase receive buffer size (was: 1024 kiB, wanted: 7168 kiB, got: 2048 kiB). See https://github.com/quic-go/quic-go/wiki/UDP-Buffer-Sizes for details.
not ok 1 - setup-only
  ---
  error: QUIC dial: CRYPTO_ERROR 0x12a (local): tls: failed to verify certificate: x509: certificate has expired or is not yet valid: current time 2026-06-06T01:11:01Z is after 2026-06-04T06:50:51Z
  ...
not ok 2 - announce-only
  ---
  error: QUIC dial: CRYPTO_ERROR 0x12a (local): tls: failed to verify certificate: x509: certificate has expired or is not yet valid: current time 2026-06-06T01:11:01Z is after 2026-06-04T06:50:51Z
  ...
not ok 3 - publish-namespace-done
  ---
  error: QUIC dial: CRYPTO_ERROR 0x12a (local): tls: failed to verify certificate: x509: certificate has expired or is not yet valid: current time 2026-06-06T01:11:01Z is after 2026-06-04T06:50:51Z
  ...
not ok 4 - subscribe-error
  ---
  error: QUIC dial: CRYPTO_ERROR 0x12a (local): tls: failed to verify certificate: x509: certificate has expired or is not yet valid: current time 2026-06-06T01:11:01Z is after 2026-06-04T06:50:51Z
  ...
not ok 5 - announce-subscribe
  ---
  error: publisher: QUIC dial: CRYPTO_ERROR 0x12a (local): tls: failed to verify certificate: x509: certificate has expired or is not yet valid: current time 2026-06-06T01:11:01Z is after 2026-06-04T06:50:51Z
  ...
not ok 6 - subscribe-before-announce
  ---
  error: subscriber dial: QUIC dial: CRYPTO_ERROR 0x12a (local): tls: failed to verify certificate: x509: certificate has expired or is not yet valid: current time 2026-06-06T01:11:02Z is after 2026-06-04T06:50:51Z
  ...
make[1]: *** [Makefile:121: test-external] Error 1
make[1]: Leaving directory '/home/runner/work/moq-interop-runner/moq-interop-runner/main'
