make[1]: Entering directory '/home/runner/work/moq-interop-runner/moq-interop-runner/main'
Running tests against https://lminiero.it:9000...
  Client: ghcr.io/facebookexperimental/moxygen-interop-client:latest-amd64
docker run --rm \
	 \
	--network host \
	-e RELAY_URL=https://lminiero.it:9000 \
	-e TLS_DISABLE_VERIFY=false \
	ghcr.io/facebookexperimental/moxygen-interop-client:latest-amd64
TAP version 14
# moxygen interop test client
# Relay: https://lminiero.it:9000
# Transport: WebTransport
1..6
E0606 01:17:15.321434     1 MoQWebTransportClient.cpp:148] std::runtime_error: Error setting up WebTransport: proxygen::HTTPException: ingress timeout, streamID=0, timeout=2000ms
not ok 1 - setup-only
  ---
  duration_ms: 2558
  error: Error setting up WebTransport: proxygen::HTTPException: ingress timeout, streamID=0, timeout=2000ms
  ...
not ok 2 - announce-only
  ---
  duration_ms: 2149
  error: Error setting up WebTransport: proxygen::HTTPException: ingress timeout, streamID=0, timeout=2000ms
  ...
E0606 01:17:17.471519     1 MoQWebTransportClient.cpp:148] std::runtime_error: Error setting up WebTransport: proxygen::HTTPException: ingress timeout, streamID=0, timeout=2000ms
E0606 01:17:19.615407     1 MoQWebTransportClient.cpp:148] std::runtime_error: Error setting up WebTransport: proxygen::HTTPException: ingress timeout, streamID=0, timeout=2000ms
not ok 3 - subscribe-error
  ---
  duration_ms: 2143
  error: Error setting up WebTransport: proxygen::HTTPException: ingress timeout, streamID=0, timeout=2000ms
  ...
E0606 01:17:21.764432     1 MoQWebTransportClient.cpp:148] std::runtime_error: Error setting up WebTransport: proxygen::HTTPException: ingress timeout, streamID=0, timeout=2000ms
not ok 4 - announce-subscribe
  ---
  duration_ms: 2148
  error: Error setting up WebTransport: proxygen::HTTPException: ingress timeout, streamID=0, timeout=2000ms
  ...
E0606 01:17:24.041153     1 MoQWebTransportClient.cpp:148] std::runtime_error: Error setting up WebTransport: proxygen::HTTPException: ingress timeout, streamID=0, timeout=2000ms
not ok 5 - publish-namespace-done
  ---
  duration_ms: 2276
  error: Error setting up WebTransport: proxygen::HTTPException: ingress timeout, streamID=0, timeout=2000ms
  ...
E0606 01:17:26.175545     1 MoQWebTransportClient.cpp:148] std::runtime_error: Error setting up WebTransport: proxygen::HTTPException: ingress timeout, streamID=0, timeout=2000ms
not ok 6 - subscribe-before-announce
  ---
  duration_ms: 2134
  error: Error setting up WebTransport: proxygen::HTTPException: ingress timeout, streamID=0, timeout=2000ms
  ...
E20260606 01:17:27.176357     1 EventHandler.cpp:90] EventBase: failed to register event handler for fd 9: No such file or directory
E20260606 01:17:27.177305     1 EventHandler.cpp:90] EventBase: failed to register event handler for fd 10: No such file or directory
E20260606 01:17:27.177368     1 EventHandler.cpp:90] EventBase: failed to register event handler for fd 11: No such file or directory
E20260606 01:17:27.177409     1 EventHandler.cpp:90] EventBase: failed to register event handler for fd 12: No such file or directory
E20260606 01:17:27.177443     1 EventHandler.cpp:90] EventBase: failed to register event handler for fd 13: No such file or directory
E20260606 01:17:27.177484     1 EventHandler.cpp:90] EventBase: failed to register event handler for fd 14: No such file or directory
make[1]: *** [Makefile:121: test-external] Error 1
make[1]: Leaving directory '/home/runner/work/moq-interop-runner/moq-interop-runner/main'
