make[1]: Entering directory '/home/runner/work/moq-interop-runner/moq-interop-runner/main'
Running tests against https://draft-16-manish.cloudflare.mediaoverquic.com:443/moq...
  Client: ghcr.io/facebookexperimental/moxygen-interop-client:latest-amd64
docker run --rm \
	 \
	--network host \
	-e RELAY_URL=https://draft-16-manish.cloudflare.mediaoverquic.com:443/moq \
	-e TLS_DISABLE_VERIFY=false \
	ghcr.io/facebookexperimental/moxygen-interop-client:latest-amd64
TAP version 14
# moxygen interop test client
# Relay: https://draft-16-manish.cloudflare.mediaoverquic.com:443/moq
# Transport: WebTransport
1..6
E20260606 01:18:32.146080     1 HQSession.cpp:541] Connection closed with error err=Crypto error: certificate_expired msg=fizz::FizzVerificationException: certificate verification failed: certificate has expired proto=, client CID=, server CID=83b08992ddc9e219, local=<uninitialized address>, 34.68.101.111:443=upstream, drain=none
E0606 01:18:32.146933     1 MoQWebTransportClient.cpp:96] std::runtime_error: Crypto error: certificate_expired
not ok 1 - setup-only
  ---
  duration_ms: 51
  error: Crypto error: certificate_expired
  ...
E20260606 01:18:32.233691     1 HQSession.cpp:541] Connection closed with error err=Crypto error: certificate_expired msg=fizz::FizzVerificationException: certificate verification failed: certificate has expired proto=, client CID=, server CID=1251190b4fc8f727, local=<uninitialized address>, 34.68.101.111:443=upstream, drain=none
E0606 01:18:32.233827     1 MoQWebTransportClient.cpp:96] std::runtime_error: Crypto error: certificate_expired
not ok 2 - announce-only
  ---
  duration_ms: 86
  error: Crypto error: certificate_expired
  ...
E20260606 01:18:32.269850     1 HQSession.cpp:541] Connection closed with error err=Crypto error: certificate_expired msg=fizz::FizzVerificationException: certificate verification failed: certificate has expired proto=, client CID=, server CID=f26fc989e29766f9, local=<uninitialized address>, 34.68.101.111:443=upstream, drain=none
E0606 01:18:32.269986     1 MoQWebTransportClient.cpp:96] std::runtime_error: Crypto error: certificate_expired
not ok 3 - subscribe-error
  ---
  duration_ms: 36
  error: Crypto error: certificate_expired
  ...
E20260606 01:18:32.337430     1 HQSession.cpp:541] Connection closed with error err=Crypto error: certificate_expired msg=fizz::FizzVerificationException: certificate verification failed: certificate has expired proto=, client CID=, server CID=2eeef1b061572c1d, local=<uninitialized address>, 34.68.101.111:443=upstream, drain=none
E0606 01:18:32.337562     1 MoQWebTransportClient.cpp:96] std::runtime_error: Crypto error: certificate_expired
not ok 4 - announce-subscribe
  ---
  duration_ms: 67
  error: Crypto error: certificate_expired
  ...
E20260606 01:18:32.372277     1 HQSession.cpp:541] Connection closed with error err=Crypto error: certificate_expired msg=fizz::FizzVerificationException: certificate verification failed: certificate has expired proto=, client CID=, server CID=cc428230e623111a, local=<uninitialized address>, 34.68.101.111:443=upstream, drain=none
E0606 01:18:32.372418     1 MoQWebTransportClient.cpp:96] std::runtime_error: Crypto error: certificate_expired
not ok 5 - publish-namespace-done
  ---
  duration_ms: 34
  error: Crypto error: certificate_expired
  ...
E20260606 01:18:32.460319     1 HQSession.cpp:541] Connection closed with error err=Crypto error: certificate_expired msg=fizz::FizzVerificationException: certificate verification failed: certificate has expired proto=, client CID=, server CID=b457163ef080bcfa, local=<uninitialized address>, 34.68.101.111:443=upstream, drain=none
E0606 01:18:32.460455     1 MoQWebTransportClient.cpp:96] std::runtime_error: Crypto error: certificate_expired
not ok 6 - subscribe-before-announce
  ---
  duration_ms: 87
  error: Crypto error: certificate_expired
  ...
make[1]: *** [Makefile:121: test-external] Error 1
make[1]: Leaving directory '/home/runner/work/moq-interop-runner/moq-interop-runner/main'
