make[1]: Entering directory '/home/runner/work/moq-interop-runner/moq-interop-runner/main'
Running tests against moqt://fb.mvfst.net:9448...
  Client: ghcr.io/englishm/moq-interop-runner-moq-test-client:latest
docker run --rm \
	--network host \
	-e RELAY_URL=moqt://fb.mvfst.net:9448 \
	-e TLS_DISABLE_VERIFY=1 \
	ghcr.io/englishm/moq-interop-runner-moq-test-client:latest
TAP version 14
# moq-test-client v0.1.0
# Relay: moqt://fb.mvfst.net:9448
1..6
ok 1 - setup-only
  ---
  duration_ms: 128
  connection_id: 7e001b91068cebc42163c92707b26953
  ...
ok 2 - announce-only
  ---
  duration_ms: 2123
  connection_id: 45abb60ad1ff9be82edc0b88c468f51b
  ...
ok 3 - subscribe-error
  ---
  duration_ms: 195
  connection_id: 074ed9428d875a41c12546952aec2971
  ...
ok 4 - announce-subscribe
  ---
  duration_ms: 307
  publisher_connection_id: 1a6c9e0e04fb6d358ceafe8e522ff7a1
  subscriber_connection_id: ac29209ac9e70f30b243786516b6ea88
  ...
ok 5 - subscribe-before-announce
  ---
  duration_ms: 3755
  subscriber_connection_id: 36835369cdd05cfc1714db86b88753b0
  publisher_connection_id: 1023ff370f5923a9770bbbe0932f6cf2
  ...
ok 6 - publish-namespace-done
  ---
  duration_ms: 2227
  connection_id: 95eb2e98ee32458f09da75bf8b818618
  ...
make[1]: Leaving directory '/home/runner/work/moq-interop-runner/moq-interop-runner/main'
