make[1]: Entering directory '/home/runner/work/moq-interop-runner/moq-interop-runner/main'
Running tests against https://draft-16-manish.cloudflare.mediaoverquic.com:443/moq...
  Client: ghcr.io/englishm/moq-interop-runner-moq-test-client-draft-16:latest
docker run --rm \
	--network host \
	-e RELAY_URL=https://draft-16-manish.cloudflare.mediaoverquic.com:443/moq \
	-e TLS_DISABLE_VERIFY=false \
	ghcr.io/englishm/moq-interop-runner-moq-test-client-draft-16:latest
TAP version 14
# moq-test-client v0.1.0
# Relay: https://draft-16-manish.cloudflare.mediaoverquic.com/moq
1..6
ok 1 - setup-only
  ---
  duration_ms: 256
  connection_id: 1d1f353901e6068b732e447a0692470b
  ...
ok 2 - announce-only
  ---
  duration_ms: 2245
  connection_id: 846ac178afa4392164e6a7be008047cf
  ...
ok 3 - subscribe-error
  ---
  duration_ms: 286
  connection_id: 4ce704a5e2e9a27f207285f132f51388
  ...
ok 4 - announce-subscribe
  ---
  duration_ms: 578
  publisher_connection_id: 94288a564ba4bae98bc4f4545805a574
  subscriber_connection_id: d0cb053d91849ea54e9ab1b89949d3f1
  ...
ok 5 - subscribe-before-announce
  ---
  duration_ms: 3971
  subscriber_connection_id: 181fdd434005eaae4a9b9c7ec92bc138
  publisher_connection_id: 3e8da5274caa4de0370e0256fe590083
  ...
ok 6 - publish-namespace-done
  ---
  duration_ms: 2342
  connection_id: 635f9ee94603eb0b7dc82601a2a1e0a1
  ...
make[1]: Leaving directory '/home/runner/work/moq-interop-runner/moq-interop-runner/main'
