make[1]: Entering directory '/home/runner/work/moq-interop-runner/moq-interop-runner/main'
Running tests against moqt://us-west-2.relay.quicr.org:33437...
  Client: ghcr.io/englishm/moq-interop-runner-moq-test-client:latest
docker run --rm \
	--network host \
	-e RELAY_URL=moqt://us-west-2.relay.quicr.org:33437 \
	-e TLS_DISABLE_VERIFY=1 \
	ghcr.io/englishm/moq-interop-runner-moq-test-client:latest
TAP version 14
# moq-test-client v0.1.0
# Relay: moqt://us-west-2.relay.quicr.org:33437
1..6
ok 1 - setup-only
  ---
  duration_ms: 57
  connection_id: 10330a40f3d8a045ffe490d01f75ded6
  ...
ok 2 - announce-only
  ---
  duration_ms: 2066
  connection_id: 1c8ed2f92ed6af2a2cc4a39c269a7b44
  ...
not ok 3 - subscribe-error
  ---
  duration_ms: 10001
  message: "test timed out: deadline has elapsed"
  ...
ok 4 - announce-subscribe
  ---
  duration_ms: 3103
  publisher_connection_id: 338cdacffc41d9bff9c003b843568c42
  subscriber_connection_id: a9557af2fc540df299de503096b956c4
  ...
ok 5 - subscribe-before-announce
  ---
  duration_ms: 4610
  subscriber_connection_id: 115da4fd8849c1004a239bb862216b0d
  publisher_connection_id: 65e49379e644f4af9269ff8360c2ace9
  ...
ok 6 - publish-namespace-done
  ---
  duration_ms: 2150
  connection_id: 0595ba771cb54043c64945d14938da40
  ...
make[1]: *** [Makefile:91: test-external] Error 1
make[1]: Leaving directory '/home/runner/work/moq-interop-runner/moq-interop-runner/main'
