make[1]: Entering directory '/home/runner/work/moq-interop-runner/moq-interop-runner/main'
Running tests against moqt://draft-14.cloudflare.mediaoverquic.com:443...
  Client: ghcr.io/englishm/moq-interop-runner-moq-test-client:latest
docker run --rm \
	--network host \
	-e RELAY_URL=moqt://draft-14.cloudflare.mediaoverquic.com:443 \
	-e TLS_DISABLE_VERIFY=false \
	ghcr.io/englishm/moq-interop-runner-moq-test-client:latest
TAP version 14
# moq-test-client v0.1.0
# Relay: moqt://draft-14.cloudflare.mediaoverquic.com:443
1..6
ok 1 - setup-only
  ---
  duration_ms: 40
  connection_id: af16d67575ab481a109599294957122f
  ...
ok 2 - announce-only
  ---
  duration_ms: 2017
  connection_id: 3d3b2d786a1a0d71914c199f1edec2bc
  ...
ok 3 - subscribe-error
  ---
  duration_ms: 92
  connection_id: 494e2c15a21a4bc4a5884107df29325c
  ...
ok 4 - announce-subscribe
  ---
  duration_ms: 3058
  publisher_connection_id: 10086488d8ba6720198e1697a5b64237
  subscriber_connection_id: fb34da1d447587d02980d3e16a41f40f
  ...
ok 5 - subscribe-before-announce
  ---
  duration_ms: 3529
  subscriber_connection_id: 1485530e4c7820b4c7cf08535727c4d9
  publisher_connection_id: baf21b831a63922da59760c15fb09982
  ...
ok 6 - publish-namespace-done
  ---
  duration_ms: 2125
  connection_id: 7be3fc4333d06a59b5435976b9742fe6
  ...
make[1]: Leaving directory '/home/runner/work/moq-interop-runner/moq-interop-runner/main'
