make[1]: Entering directory '/home/runner/work/moq-interop-runner/moq-interop-runner/main'
Running tests against moqt://lminiero.it:9000...
  Client: ghcr.io/gmarzot/aiomoqt:latest
docker run --rm \
	 \
	--network host \
	-e RELAY_URL=moqt://lminiero.it:9000 \
	-e TLS_DISABLE_VERIFY=false \
	ghcr.io/gmarzot/aiomoqt:latest
2026-06-10 00:50:16.044 ERROR: QUIC error: code: 376 reason: ConnectionTerminated
2026-06-10 00:50:16.044 ERROR: MOQT error: closing: ConnectionTerminated (376)
  [FAIL] setup-only: Failed: TimeoutError
2026-06-10 00:50:18.041 ERROR: QUIC error: code: 376 reason: ConnectionTerminated
2026-06-10 00:50:18.041 ERROR: MOQT error: closing: ConnectionTerminated (376)
  [FAIL] announce-only: Failed: TimeoutError
2026-06-10 00:50:20.046 ERROR: QUIC error: code: 376 reason: ConnectionTerminated
2026-06-10 00:50:20.046 ERROR: MOQT error: closing: ConnectionTerminated (376)
  [FAIL] publish-namespace-done: Failed: TimeoutError
2026-06-10 00:50:22.048 ERROR: QUIC error: code: 376 reason: ConnectionTerminated
2026-06-10 00:50:22.048 ERROR: MOQT error: closing: ConnectionTerminated (376)
  [FAIL] subscribe-error: Failed: TimeoutError
2026-06-10 00:50:24.051 ERROR: QUIC error: code: 376 reason: ConnectionTerminated
2026-06-10 00:50:24.051 ERROR: MOQT error: closing: ConnectionTerminated (376)
  [FAIL] announce-subscribe: Failed: TimeoutError
2026-06-10 00:50:27.055 ERROR: QUIC error: code: 376 reason: ConnectionTerminated
2026-06-10 00:50:27.055 ERROR: MOQT error: closing: ConnectionTerminated (376)
  [FAIL] subscribe-before-announce: Failed: TimeoutError
TAP version 14
# date: 2026-06-10T00:50:15Z
# ended: 2026-06-10T00:50:30Z
# target: moqt://lminiero.it:9000
# version: aiomoqt/0.9.6
1..6
not ok 1 - setup-only
  ---
  duration_ms: 2003.4
  message: Failed: TimeoutError
  expected: SERVER_SETUP received
  received: TimeoutError
  ...
not ok 2 - announce-only
  ---
  duration_ms: 2003.3
  message: Failed: TimeoutError
  expected: PUBLISH_NAMESPACE_OK
  received: TimeoutError
  ...
not ok 3 - publish-namespace-done
  ---
  duration_ms: 2002.3
  message: Failed: TimeoutError
  expected: PUBLISH_NAMESPACE_OK + PUBLISH_NAMESPACE_DONE
  received: TimeoutError
  ...
not ok 4 - subscribe-error
  ---
  duration_ms: 2003.1
  message: Failed: TimeoutError
  expected: error response
  received: TimeoutError
  ...
not ok 5 - announce-subscribe
  ---
  duration_ms: 3004.0
  publisher_connection_id: unknown
  subscriber_connection_id: unknown
  message: Failed: TimeoutError
  received: TimeoutError
  ...
not ok 6 - subscribe-before-announce
  ---
  duration_ms: 3504.1
  publisher_connection_id: unknown
  subscriber_connection_id: unknown
  message: Failed: TimeoutError
  received: TimeoutError
  ...
make[1]: *** [Makefile:121: test-external] Error 1
make[1]: Leaving directory '/home/runner/work/moq-interop-runner/moq-interop-runner/main'
