make[1]: Entering directory '/home/runner/work/moq-interop-runner/moq-interop-runner/main'
Running tests against https://lminiero.it:9000...
  Client: ghcr.io/englishm/moq-interop-runner-moq-test-client-draft-16:latest
docker run --rm \
	 \
	--network host \
	-e RELAY_URL=https://lminiero.it:9000 \
	-e TLS_DISABLE_VERIFY=false \
	ghcr.io/englishm/moq-interop-runner-moq-test-client-draft-16:latest
TAP version 14
# moq-test-client v0.1.0
# Relay: https://lminiero.it:9000/
1..6
not ok 1 - setup-only
  ---
  duration_ms: 10000
  message: "test timed out: deadline has elapsed"
  ...
ok 2 - announce-only
  ---
  duration_ms: 3001
  connection_id: 9a2fd28b8a8c3eb67eece86da403b81d
  ...
not ok 3 - subscribe-error
  ---
  duration_ms: 10001
  message: "test timed out: deadline has elapsed"
  ...
ok 4 - announce-subscribe
  ---
  duration_ms: 5013
  publisher_connection_id: 13184cd2e2ec64bd23ee6baa83672af9
  subscriber_connection_id: d016d61f95c15e6483ad2f46e9ce3003
  ...
ok 5 - subscribe-before-announce
  ---
  duration_ms: 7098
  subscriber_connection_id: 74b072dffd1035fb9dca1176a468cde9
  publisher_connection_id: 12ab46a00f5da946b4aa383bb8aba0b3
  ...
ok 6 - publish-namespace-done
  ---
  duration_ms: 3852
  connection_id: baf045d59190bcbcb23c78e64736ed10
  ...
make[1]: *** [Makefile:121: test-external] Error 1
make[1]: Leaving directory '/home/runner/work/moq-interop-runner/moq-interop-runner/main'
