make[1]: Entering directory '/home/runner/work/moq-interop-runner/moq-interop-runner/main'
Running tests against moqt://lminiero.it:9000...
  Client: ghcr.io/openmoq/moqx-interop-client:latest
docker run --rm \
	 \
	--network host \
	-e RELAY_URL=moqt://lminiero.it:9000 \
	-e TLS_DISABLE_VERIFY=false \
	ghcr.io/openmoq/moqx-interop-client:latest
TAP version 14
# moxygen interop test client
# Relay: moqt://lminiero.it:9000
# Transport: QUIC
1..6
ok 1 - setup-only
  ---
  duration_ms: 1655
  info: SETUP exchange completed successfully
  ...
E0610 01:13:08.833081     1 MoQRelaySession.cpp:864] PublishNamespaceDone for unknown publishNamespace, sess=0x5567a3f5db50
ok 2 - announce-only
  ---
  duration_ms: 1863
  info: PUBLISH_NAMESPACE completed successfully
  ...
ok 3 - subscribe-error
  ---
  duration_ms: 1185
  info: Subscribe correctly returned error: Namespace not found
  ...
ok 4 - announce-subscribe
  ---
  duration_ms: 2054
  info: Publisher announced, subscriber subscribed successfully
  ...
E0610 01:13:12.074105     1 MoQSession.cpp:5201] publishDone for invalid id=1 sess=0x5567a3fa26a0
ok 5 - publish-namespace-done
  ---
  duration_ms: 423
  info: PUBLISH_NAMESPACE_OK received, PUBLISH_NAMESPACE_DONE sent
  ...
ok 6 - subscribe-before-announce
  ---
  duration_ms: 2816
  info: Subscribe returned error (relay doesn't buffer pending subscriptions): Namespace not found
  ...
make[1]: Leaving directory '/home/runner/work/moq-interop-runner/moq-interop-runner/main'
