make[1]: Entering directory '/home/runner/work/moq-interop-runner/moq-interop-runner/main'
Running tests against moqt://moqx-main.ci.openmoq.org:4433...
  Client: ghcr.io/openmoq/moqx-interop-client:latest
docker run --rm \
	 \
	--network host \
	-e RELAY_URL=moqt://moqx-main.ci.openmoq.org:4433 \
	-e TLS_DISABLE_VERIFY=false \
	ghcr.io/openmoq/moqx-interop-client:latest
TAP version 14
# moxygen interop test client
# Relay: moqt://moqx-main.ci.openmoq.org:4433
# Transport: QUIC
1..6
ok 1 - setup-only
  ---
  duration_ms: 226
  info: SETUP exchange completed successfully
  ...
E0610 01:14:26.931882     1 MoQRelaySession.cpp:864] PublishNamespaceDone for unknown publishNamespace, sess=0x5605291a5470
ok 2 - announce-only
  ---
  duration_ms: 251
  info: PUBLISH_NAMESPACE completed successfully
  ...
ok 3 - subscribe-error
  ---
  duration_ms: 173
  info: Subscribe correctly returned error: no such namespace or track
  ...
ok 4 - announce-subscribe
  ---
  duration_ms: 280
  info: Publisher announced, subscriber subscribed successfully
  ...
E0610 01:14:27.386782     1 MoQSession.cpp:5201] publishDone for invalid id=1 sess=0x5605291bd830
ok 5 - publish-namespace-done
  ---
  duration_ms: 109
  info: PUBLISH_NAMESPACE_OK received, PUBLISH_NAMESPACE_DONE sent
  ...
ok 6 - subscribe-before-announce
  ---
  duration_ms: 689
  info: Subscribe returned error (relay doesn't buffer pending subscriptions): no such namespace or track
  ...
make[1]: Leaving directory '/home/runner/work/moq-interop-runner/moq-interop-runner/main'
