make[1]: Entering directory '/home/runner/work/moq-interop-runner/moq-interop-runner/main'
Running tests against https://lminiero.it:9000...
  Client: ghcr.io/gmarzot/aiomoqt:latest
docker run --rm \
	 \
	--network host \
	-e RELAY_URL=https://lminiero.it:9000 \
	-e TLS_DISABLE_VERIFY=false \
	ghcr.io/gmarzot/aiomoqt:latest
  [PASS] setup-only: SERVER_SETUP received with compatible version
  [PASS] announce-only: PUBLISH_NAMESPACE_OK received
  [PASS] publish-namespace-done: PUBLISH_NAMESPACE_OK received, PUBLISH_NAMESPACE_DONE sent
  [PASS] subscribe-error: Error received (expected): code=16
  [PASS] announce-subscribe: SUBSCRIBE_OK received — relay routed subscription
  [FAIL] subscribe-before-announce: Failed: TimeoutError
ERROR asyncio: Task exception was never retrieved
future: <Task finished name='Task-17' coro=<_MOQTSessionMixin._await_response() done, defined at /app/aiomoqt/protocol.py:302> exception=MOQTRequestError('request error: code=16 reason=Namespace not found')>
Traceback (most recent call last):
  File "/app/aiomoqt/protocol.py", line 328, in _await_response
    raise MOQTRequestError(
aiomoqt.types.MOQTRequestError: request error: code=16 reason=Namespace not found
TAP version 14
# date: 2026-06-29T01:42:22Z
# ended: 2026-06-29T01:42:35Z
# target: https://lminiero.it:9000
# version: aiomoqt/0.10.4
# note: preference probe pinned draft-16
1..6
ok 1 - setup-only
  ---
  duration_ms: 500.9
  connection_id: unknown
  message: SERVER_SETUP received with compatible version
  ...
ok 2 - announce-only
  ---
  duration_ms: 668.5
  connection_id: unknown
  message: PUBLISH_NAMESPACE_OK received
  ...
ok 3 - publish-namespace-done
  ---
  duration_ms: 787.7
  connection_id: unknown
  message: PUBLISH_NAMESPACE_OK received, PUBLISH_NAMESPACE_DONE sent
  ...
ok 4 - subscribe-error
  ---
  duration_ms: 684.3
  connection_id: unknown
  message: Error received (expected): code=16
  expected: SUBSCRIBE_ERROR code=TRACK_DOES_NOT_EXIST
  ...
ok 5 - announce-subscribe
  ---
  duration_ms: 1541.3
  publisher_connection_id: unknown
  subscriber_connection_id: unknown
  message: SUBSCRIBE_OK received — relay routed subscription
  ...
not ok 6 - subscribe-before-announce
  ---
  duration_ms: 7006.1
  publisher_connection_id: unknown
  subscriber_connection_id: unknown
  message: Failed: TimeoutError
  received: TimeoutError
  ...
make[1]: *** [Makefile:121: test-external] Error 1
make[1]: Leaving directory '/home/runner/work/moq-interop-runner/moq-interop-runner/main'
