make[1]: Entering directory '/home/runner/work/moq-interop-runner/moq-interop-runner/main'
Running tests against moqt://draft-14.cloudflare.mediaoverquic.com:443...
  Client: ghcr.io/englishm/moq-interop-runner-moq-test-client:latest
docker run --rm \
	 \
	--network host \
	-e RELAY_URL=moqt://draft-14.cloudflare.mediaoverquic.com:443 \
	-e TLS_DISABLE_VERIFY=false \
	ghcr.io/englishm/moq-interop-runner-moq-test-client:latest
TAP version 14
# moq-test-client v0.1.0
# Relay: moqt://draft-14.cloudflare.mediaoverquic.com:443
1..6
ok 1 - setup-only
  ---
  duration_ms: 28
  connection_id: faa02ebef12498d51964751d13347c80
  ...
ok 2 - announce-only
  ---
  duration_ms: 2008
  connection_id: 8ec9dc246cf193f61839e498b6049eb5
  ...
ok 3 - subscribe-error
  ---
  duration_ms: 66
  connection_id: 8c55daafa124ee2f5f1a6859590848bd
  ...
ok 4 - announce-subscribe
  ---
  duration_ms: 3014
  publisher_connection_id: 686c930811625e3d15621e0e91dddd6c
  subscriber_connection_id: 6114788f9202d976a691498484cab4f3
  ...
ok 5 - subscribe-before-announce
  ---
  duration_ms: 3529
  subscriber_connection_id: 0c2bb10d6f9f39397fe1145b774ce0b3
  publisher_connection_id: e15e093d1d12d29c7aed29f89e2f0509
  ...
ok 6 - publish-namespace-done
  ---
  duration_ms: 2109
  connection_id: 7dcecf9d283a5a833a972cf02a1b4276
  ...
make[1]: Leaving directory '/home/runner/work/moq-interop-runner/moq-interop-runner/main'
