make[1]: Entering directory '/home/runner/work/moq-interop-runner/moq-interop-runner/main'
Running tests against https://moqt.nokiaresearch.com:4443/moq...
  Client: ghcr.io/englishm/moq-interop-runner-moq-test-client-draft-18:latest
docker run --rm \
	 \
	--network host \
	-e RELAY_URL=https://moqt.nokiaresearch.com:4443/moq \
	-e TLS_DISABLE_VERIFY=false \
	ghcr.io/englishm/moq-interop-runner-moq-test-client-draft-18:latest
TAP version 14
# moq-test-client v0.1.6
# Relay: https://moqt.nokiaresearch.com:4443/moq
1..6
[2m2026-06-29T02:01:33.255781Z[0m [32m INFO[0m [2mmoq_native_ietf::quic[0m[2m:[0m UDP socket bound [3mbind[0m[2m=[0m[::]:0 [3mlocal[0m[2m=[0m[::]:41196 [3mdual_stack[0m[2m=[0mtrue
[2m2026-06-29T02:01:34.137512Z[0m [32m INFO[0m [2mmoq_test_client::scenarios[0m[2m:[0m SETUP exchange completed successfully
ok 1 - setup-only
  ---
  duration_ms: 882
  connection_id: 95fe707947cd7bdf66720a54db92bc86
  ...
[2m2026-06-29T02:01:34.138515Z[0m [32m INFO[0m [2mmoq_native_ietf::quic[0m[2m:[0m UDP socket bound [3mbind[0m[2m=[0m[::]:0 [3mlocal[0m[2m=[0m[::]:50958 [3mdual_stack[0m[2m=[0mtrue
[2m2026-06-29T02:01:34.982512Z[0m [32m INFO[0m [2mmoq_test_client::scenarios[0m[2m:[0m Sending PUBLISH_NAMESPACE for: moq-test/interop
not ok 2 - publish-namespace-only
  ---
  duration_ms: 845
  message: "PUBLISH_NAMESPACE failed: too many requests"
  ...
[2m2026-06-29T02:01:34.983590Z[0m [32m INFO[0m [2mmoq_native_ietf::quic[0m[2m:[0m UDP socket bound [3mbind[0m[2m=[0m[::]:0 [3mlocal[0m[2m=[0m[::]:47349 [3mdual_stack[0m[2m=[0mtrue
[2m2026-06-29T02:01:35.824394Z[0m [32m INFO[0m [2mmoq_test_client::scenarios[0m[2m:[0m Subscribing to non-existent track: nonexistent/namespace/test-track
[2m2026-06-29T02:01:35.824434Z[0m [31mERROR[0m [2mmoq_transport::serve::error[0m[2m:[0m [8e6b85fe-a763-4ceb-957d-262503f50528] Internal error: request ID limit: too many requests at /build/moq-transport/src/session/subscriber.rs:191
[2m2026-06-29T02:01:35.824516Z[0m [33m WARN[0m [2mmoq_test_client::scenarios[0m[2m:[0m Got error but not clearly 'not found': internal error: Internal error [error:8e6b85fe-a763-4ceb-957d-262503f50528]. Relay may use different error text.
ok 3 - subscribe-error
  ---
  duration_ms: 842
  connection_id: 78d737e49dd2295372e4780557bc1a61
  ...
[2m2026-06-29T02:01:35.825526Z[0m [32m INFO[0m [2mmoq_native_ietf::quic[0m[2m:[0m UDP socket bound [3mbind[0m[2m=[0m[::]:0 [3mlocal[0m[2m=[0m[::]:42957 [3mdual_stack[0m[2m=[0mtrue
[2m2026-06-29T02:01:36.651399Z[0m [32m INFO[0m [2mmoq_native_ietf::quic[0m[2m:[0m UDP socket bound [3mbind[0m[2m=[0m[::]:0 [3mlocal[0m[2m=[0m[::]:53234 [3mdual_stack[0m[2m=[0mtrue
[2m2026-06-29T02:01:37.495717Z[0m [32m INFO[0m [2mmoq_test_client::scenarios[0m[2m:[0m Publisher sending PUBLISH_NAMESPACE: moq-test/interop
[2m2026-06-29T02:01:37.495738Z[0m [32m INFO[0m [2mmoq_test_client::scenarios[0m[2m:[0m Subscriber subscribing to track: moq-test/interop/test-track
not ok 4 - publish-namespace-subscribe
  ---
  duration_ms: 1671
  message: "publisher PUBLISH_NAMESPACE failed: too many requests"
  ...
[2m2026-06-29T02:01:37.496852Z[0m [32m INFO[0m [2mmoq_native_ietf::quic[0m[2m:[0m UDP socket bound [3mbind[0m[2m=[0m[::]:0 [3mlocal[0m[2m=[0m[::]:56936 [3mdual_stack[0m[2m=[0mtrue
[2m2026-06-29T02:01:38.380078Z[0m [32m INFO[0m [2mmoq_test_client::scenarios[0m[2m:[0m Subscriber subscribing BEFORE PUBLISH_NAMESPACE: moq-test/interop/test-track
[2m2026-06-29T02:01:38.380175Z[0m [31mERROR[0m [2mmoq_transport::serve::error[0m[2m:[0m [9dabdf25-1067-42cc-9078-2221cf1779b8] Internal error: request ID limit: too many requests at /build/moq-transport/src/session/subscriber.rs:191
[2m2026-06-29T02:01:38.882427Z[0m [32m INFO[0m [2mmoq_native_ietf::quic[0m[2m:[0m UDP socket bound [3mbind[0m[2m=[0m[::]:0 [3mlocal[0m[2m=[0m[::]:51971 [3mdual_stack[0m[2m=[0mtrue
[2m2026-06-29T02:01:39.733790Z[0m [32m INFO[0m [2mmoq_test_client::scenarios[0m[2m:[0m Publisher sending PUBLISH_NAMESPACE (after subscriber): moq-test/interop
not ok 5 - subscribe-before-publish-namespace
  ---
  duration_ms: 2238
  message: "publisher PUBLISH_NAMESPACE failed: too many requests"
  ...
[2m2026-06-29T02:01:39.734697Z[0m [32m INFO[0m [2mmoq_native_ietf::quic[0m[2m:[0m UDP socket bound [3mbind[0m[2m=[0m[::]:0 [3mlocal[0m[2m=[0m[::]:60467 [3mdual_stack[0m[2m=[0mtrue
[2m2026-06-29T02:01:40.597855Z[0m [32m INFO[0m [2mmoq_test_client::scenarios[0m[2m:[0m Sending PUBLISH_NAMESPACE: moq-test/interop
not ok 6 - publish-namespace-done
  ---
  duration_ms: 864
  message: "PUBLISH_NAMESPACE failed: too many requests"
  ...
make[1]: *** [Makefile:121: test-external] Error 1
make[1]: Leaving directory '/home/runner/work/moq-interop-runner/moq-interop-runner/main'
