make[1]: Entering directory '/home/runner/work/moq-interop-runner/moq-interop-runner/main'
Running tests against https://draft-14.cloudflare.mediaoverquic.com:443/moq...
  Client: ghcr.io/englishm/moq-interop-runner-moq-test-client:latest
docker run --rm \
	 \
	--network host \
	-e RELAY_URL=https://draft-14.cloudflare.mediaoverquic.com:443/moq \
	-e TLS_DISABLE_VERIFY=false \
	ghcr.io/englishm/moq-interop-runner-moq-test-client:latest
TAP version 14
# moq-test-client v0.1.0
# Relay: https://draft-14.cloudflare.mediaoverquic.com/moq
1..6
ok 1 - setup-only
  ---
  duration_ms: 10
  connection_id: be8da2538dbd9ef389a1134c51f1271d
  ...
ok 2 - announce-only
  ---
  duration_ms: 2011
  connection_id: 8fa9123a424816e2a9a7c97cf228dd64
  ...
ok 3 - subscribe-error
  ---
  duration_ms: 56
  connection_id: 7c56b75137329e7b1ec3ea007a48f5a4
  ...
ok 4 - announce-subscribe
  ---
  duration_ms: 3020
  publisher_connection_id: 332df9b41d0770573e08031c56ab8ec5
  subscriber_connection_id: 4418a1f3a81ea05db4c84d59ce901f51
  ...
ok 5 - subscribe-before-announce
  ---
  duration_ms: 3532
  subscriber_connection_id: b19372b0183731425ea08aadd71bfcd5
  publisher_connection_id: f60fc10a012de1c05840259e390c0cc5
  ...
ok 6 - publish-namespace-done
  ---
  duration_ms: 2112
  connection_id: 2e209c7b5069b43f7783a0668eb6b433
  ...
make[1]: Leaving directory '/home/runner/work/moq-interop-runner/moq-interop-runner/main'
