make[1]: Entering directory '/home/runner/work/moq-interop-runner/moq-interop-runner/main'
Running tests against https://relay.moqtail.dev...
  Client: ghcr.io/englishm/moq-interop-runner-moq-test-client-draft-16:latest
docker run --rm \
	 \
	--network host \
	-e RELAY_URL=https://relay.moqtail.dev \
	-e TLS_DISABLE_VERIFY=false \
	ghcr.io/englishm/moq-interop-runner-moq-test-client-draft-16:latest
TAP version 14
# moq-test-client v0.1.0
# Relay: https://relay.moqtail.dev/
1..6
ok 1 - setup-only
  ---
  duration_ms: 242
  connection_id: 15e49c9ce91b81c285b9736ed34471f5
  ...
ok 2 - announce-only
  ---
  duration_ms: 2282
  connection_id: 6bc3c41174ac5a3c1aef6dc57c52c343
  ...
ok 3 - subscribe-error
  ---
  duration_ms: 274
  connection_id: ec5bf39a07ad708034d9f4a7625581c3
  ...
ok 4 - announce-subscribe
  ---
  duration_ms: 3519
  publisher_connection_id: 7c9a7a0454d287f0f2a8237e52564f4f
  subscriber_connection_id: fce9ac9db32f5d84ff4001ab13e64c47
  ...
ok 5 - subscribe-before-announce
  ---
  duration_ms: 3954
  subscriber_connection_id: a558ec6542113da0c4ae8f095c39c721
  publisher_connection_id: f54fa33af68b9fe600b16754fee1f96e
  ...
ok 6 - publish-namespace-done
  ---
  duration_ms: 2322
  connection_id: 0e5a3385133742e92371bb637de6019c
  ...
make[1]: Leaving directory '/home/runner/work/moq-interop-runner/moq-interop-runner/main'
