make[1]: Entering directory '/home/runner/work/moq-interop-runner/moq-interop-runner/main'
Running tests against moqt://fb.mvfst.net:9448...
  Client: ghcr.io/englishm/moq-interop-runner-moq-test-client:latest
docker run --rm \
	 \
	--network host \
	-e RELAY_URL=moqt://fb.mvfst.net:9448 \
	-e TLS_DISABLE_VERIFY=1 \
	ghcr.io/englishm/moq-interop-runner-moq-test-client:latest
TAP version 14
# moq-test-client v0.1.0
# Relay: moqt://fb.mvfst.net:9448
1..6
ok 1 - setup-only
  ---
  duration_ms: 170
  connection_id: efd3fd1bf3f7a73ecd9ce743089fd1d7
  ...
ok 2 - announce-only
  ---
  duration_ms: 2170
  connection_id: c9120241b194c10b873a1435877f3716
  ...
ok 3 - subscribe-error
  ---
  duration_ms: 226
  connection_id: e5c907f3505c5c1ca6c7eea21098b84e
  ...
ok 4 - announce-subscribe
  ---
  duration_ms: 3278
  publisher_connection_id: d82b7faf6b48fa276992bfa279cdbbec
  subscriber_connection_id: d903c86fccbee5dc405e70d431a60915
  ...
ok 5 - subscribe-before-announce
  ---
  duration_ms: 3805
  subscriber_connection_id: a742e00d80fcb6d077cee9813cb754e7
  publisher_connection_id: 0361a797f6336dccb06da0f6d7efc91e
  ...
ok 6 - publish-namespace-done
  ---
  duration_ms: 2244
  connection_id: 250074eb245509e1489b39e1592d3464
  ...
make[1]: Leaving directory '/home/runner/work/moq-interop-runner/moq-interop-runner/main'
