make[1]: Entering directory '/home/runner/work/moq-interop-runner/moq-interop-runner/main'
Running tests against moqt://lminiero.it:9000...
  Client: ghcr.io/englishm/moq-interop-runner-moq-test-client-draft-18:latest
docker run --rm \
	 \
	--network host \
	-e RELAY_URL=moqt://lminiero.it:9000 \
	-e TLS_DISABLE_VERIFY=false \
	ghcr.io/englishm/moq-interop-runner-moq-test-client-draft-18:latest
TAP version 14
# moq-test-client v0.1.6
# Relay: moqt://lminiero.it:9000
1..6
[2m2026-06-29T01:59:35.400916Z[0m [32m INFO[0m [2mmoq_native_ietf::quic[0m[2m:[0m UDP socket bound [3mbind[0m[2m=[0m[::]:0 [3mlocal[0m[2m=[0m[::]:44438 [3mdual_stack[0m[2m=[0mtrue
not ok 1 - setup-only
  ---
  duration_ms: 10001
  message: "test timed out: deadline has elapsed"
  ...
[2m2026-06-29T01:59:45.403003Z[0m [32m INFO[0m [2mmoq_native_ietf::quic[0m[2m:[0m UDP socket bound [3mbind[0m[2m=[0m[::]:0 [3mlocal[0m[2m=[0m[::]:54928 [3mdual_stack[0m[2m=[0mtrue
[2m2026-06-29T01:59:45.745943Z[0m [32m INFO[0m [2mmoq_test_client::scenarios[0m[2m:[0m Sending PUBLISH_NAMESPACE for: moq-test/interop
not ok 2 - publish-namespace-only
  ---
  duration_ms: 344
  message: "PUBLISH_NAMESPACE failed: too many requests"
  ...
[2m2026-06-29T01:59:45.746985Z[0m [32m INFO[0m [2mmoq_native_ietf::quic[0m[2m:[0m UDP socket bound [3mbind[0m[2m=[0m[::]:0 [3mlocal[0m[2m=[0m[::]:38308 [3mdual_stack[0m[2m=[0mtrue
[2m2026-06-29T01:59:46.094907Z[0m [32m INFO[0m [2mmoq_test_client::scenarios[0m[2m:[0m Subscribing to non-existent track: nonexistent/namespace/test-track
[2m2026-06-29T01:59:46.094945Z[0m [31mERROR[0m [2mmoq_transport::serve::error[0m[2m:[0m [6c55c397-07e4-418c-ae2a-c494ac34b143] Internal error: request ID limit: too many requests at /build/moq-transport/src/session/subscriber.rs:191
[2m2026-06-29T01:59:46.094969Z[0m [33m WARN[0m [2mmoq_test_client::scenarios[0m[2m:[0m Got error but not clearly 'not found': internal error: Internal error [error:6c55c397-07e4-418c-ae2a-c494ac34b143]. Relay may use different error text.
ok 3 - subscribe-error
  ---
  duration_ms: 348
  connection_id: 097b366575180efaafbc7cc13e48c218
  ...
[2m2026-06-29T01:59:46.095942Z[0m [32m INFO[0m [2mmoq_native_ietf::quic[0m[2m:[0m UDP socket bound [3mbind[0m[2m=[0m[::]:0 [3mlocal[0m[2m=[0m[::]:36449 [3mdual_stack[0m[2m=[0mtrue
[2m2026-06-29T01:59:46.762801Z[0m [32m INFO[0m [2mmoq_native_ietf::quic[0m[2m:[0m UDP socket bound [3mbind[0m[2m=[0m[::]:0 [3mlocal[0m[2m=[0m[::]:52835 [3mdual_stack[0m[2m=[0mtrue
not ok 4 - publish-namespace-subscribe
  ---
  duration_ms: 10001
  message: "test timed out: deadline has elapsed"
  ...
[2m2026-06-29T01:59:56.097870Z[0m [32m INFO[0m [2mmoq_native_ietf::quic[0m[2m:[0m UDP socket bound [3mbind[0m[2m=[0m[::]:0 [3mlocal[0m[2m=[0m[::]:38207 [3mdual_stack[0m[2m=[0mtrue
not ok 5 - subscribe-before-publish-namespace
  ---
  duration_ms: 10001
  message: "test timed out: deadline has elapsed"
  ...
[2m2026-06-29T02:00:06.099816Z[0m [32m INFO[0m [2mmoq_native_ietf::quic[0m[2m:[0m UDP socket bound [3mbind[0m[2m=[0m[::]:0 [3mlocal[0m[2m=[0m[::]:49932 [3mdual_stack[0m[2m=[0mtrue
not ok 6 - publish-namespace-done
  ---
  duration_ms: 10001
  message: "test timed out: deadline has elapsed"
  ...
make[1]: *** [Makefile:121: test-external] Error 1
make[1]: Leaving directory '/home/runner/work/moq-interop-runner/moq-interop-runner/main'
