make[1]: Entering directory '/home/runner/work/moq-interop-runner/moq-interop-runner/main'
Running tests against moqt://fb.mvfst.net:9448...
  Client: ghcr.io/englishm/moq-interop-runner-moq-test-client:latest
docker run --rm \
	--network host \
	-e RELAY_URL=moqt://fb.mvfst.net:9448 \
	-e TLS_DISABLE_VERIFY=1 \
	ghcr.io/englishm/moq-interop-runner-moq-test-client:latest
TAP version 14
# moq-test-client v0.1.0
# Relay: moqt://fb.mvfst.net:9448
1..6
ok 1 - setup-only
  ---
  duration_ms: 216
  connection_id: 325a0b3421a60f0ffa132173db248cc2
  ...
ok 2 - announce-only
  ---
  duration_ms: 2121
  connection_id: 524c887445af641329bc1ad535078378
  ...
ok 3 - subscribe-error
  ---
  duration_ms: 136
  connection_id: 2cea6ba424e9682683c5eeb7a72e4fcd
  ...
ok 4 - announce-subscribe
  ---
  duration_ms: 125
  publisher_connection_id: a4262dad6920f712b150365343a053a6
  subscriber_connection_id: 0f0e7f32c5142d77fc946346a5b46a38
  ...
ok 5 - subscribe-before-announce
  ---
  duration_ms: 3713
  subscriber_connection_id: f2da4e8fa6ccf78ff41874876018d905
  publisher_connection_id: 9d02fc905269f10c259f6cc82f252ca8
  ...
ok 6 - publish-namespace-done
  ---
  duration_ms: 2164
  connection_id: 44b3d113d320a990f98c7cfa863fe245
  ...
make[1]: Leaving directory '/home/runner/work/moq-interop-runner/moq-interop-runner/main'
