make[1]: Entering directory '/home/runner/work/moq-interop-runner/moq-interop-runner/main'
Running tests against moqt://draft-16-manish.cloudflare.mediaoverquic.com:443...
  Client: ghcr.io/englishm/moq-interop-runner-moq-test-client-draft-16:latest
docker run --rm \
	--network host \
	-e RELAY_URL=moqt://draft-16-manish.cloudflare.mediaoverquic.com:443 \
	-e TLS_DISABLE_VERIFY=false \
	ghcr.io/englishm/moq-interop-runner-moq-test-client-draft-16:latest
TAP version 14
# moq-test-client v0.1.0
# Relay: moqt://draft-16-manish.cloudflare.mediaoverquic.com:443
1..6
ok 1 - setup-only
  ---
  duration_ms: 311
  connection_id: 12d888345b2f9bacfff5e9554014f4fe
  ...
ok 2 - announce-only
  ---
  duration_ms: 2127
  connection_id: d8da495d0cf520c3f3cbe3ba688cd720
  ...
ok 3 - subscribe-error
  ---
  duration_ms: 152
  connection_id: 54dd83873f627c77a1681b5bc05aed25
  ...
ok 4 - announce-subscribe
  ---
  duration_ms: 298
  publisher_connection_id: 7334f0410e3d7b4bf01984cc31cb36f1
  subscriber_connection_id: 789caefd504663986ee7ad3c7ac7089f
  ...
ok 5 - subscribe-before-announce
  ---
  duration_ms: 3781
  subscriber_connection_id: 65011840b733ec8fd9dff5982b16ca88
  publisher_connection_id: 8035a420964692991d184df714ce4931
  ...
ok 6 - publish-namespace-done
  ---
  duration_ms: 2179
  connection_id: 7aa61eee0353c6b71d28572c2af122ee
  ...
make[1]: Leaving directory '/home/runner/work/moq-interop-runner/moq-interop-runner/main'
