make[1]: Entering directory '/home/runner/work/moq-interop-runner/moq-interop-runner/main'
Running tests against moqt://draft-14.cloudflare.mediaoverquic.com:443...
  Client: ghcr.io/englishm/moq-interop-runner-moq-test-client:latest
docker run --rm \
	--network host \
	-e RELAY_URL=moqt://draft-14.cloudflare.mediaoverquic.com:443 \
	-e TLS_DISABLE_VERIFY=false \
	ghcr.io/englishm/moq-interop-runner-moq-test-client:latest
TAP version 14
# moq-test-client v0.1.0
# Relay: moqt://draft-14.cloudflare.mediaoverquic.com:443
1..6
ok 1 - setup-only
  ---
  duration_ms: 90
  connection_id: 39befff3fea2e2ba0828388acb819532
  ...
ok 2 - announce-only
  ---
  duration_ms: 2025
  connection_id: 63c32858d0a1b5612846aaa22f6b29f3
  ...
ok 3 - subscribe-error
  ---
  duration_ms: 346
  connection_id: 58e069fa8417207cad8d40d8eaedee29
  ...
ok 4 - announce-subscribe
  ---
  duration_ms: 3065
  publisher_connection_id: 95b90d015546749c1a768ef924ad8ff0
  subscriber_connection_id: 0d5f2e2ace79472fee6962c62cd828ee
  ...
ok 5 - subscribe-before-announce
  ---
  duration_ms: 3569
  subscriber_connection_id: 649b5cd905f990a1a48e5ac890f7f42f
  publisher_connection_id: 6d109d45d7a85fcd53dd2c68a4fea543
  ...
ok 6 - publish-namespace-done
  ---
  duration_ms: 2143
  connection_id: 170879d5069bde30fec70ff682683103
  ...
make[1]: Leaving directory '/home/runner/work/moq-interop-runner/moq-interop-runner/main'
