make[1]: Entering directory '/home/runner/work/moq-interop-runner/moq-interop-runner/main'
Running tests against https://us-west-2.relay.quicr.org:33437/relay...
  Client: ghcr.io/englishm/moq-interop-runner-moq-test-client:latest
docker run --rm \
	--network host \
	-e RELAY_URL=https://us-west-2.relay.quicr.org:33437/relay \
	-e TLS_DISABLE_VERIFY=1 \
	ghcr.io/englishm/moq-interop-runner-moq-test-client:latest
TAP version 14
# moq-test-client v0.1.0
# Relay: https://us-west-2.relay.quicr.org:33437/relay
1..6
ok 1 - setup-only
  ---
  duration_ms: 421
  connection_id: f5eb116b0c952f18fbf57dc2a5ce03d8
  ...
ok 2 - announce-only
  ---
  duration_ms: 2366
  connection_id: df5f3b505cf63f6656c574ad89472c83
  ...
not ok 3 - subscribe-error
  ---
  duration_ms: 10000
  message: "test timed out: deadline has elapsed"
  ...
ok 4 - announce-subscribe
  ---
  duration_ms: 3605
  publisher_connection_id: 9046a4924cd7933aeb33c12779435a93
  subscriber_connection_id: 81fcbbb923d9bc11167019d5014074a1
  ...
ok 5 - subscribe-before-announce
  ---
  duration_ms: 4956
  subscriber_connection_id: 381338a3ff9473b296b73cd58fb959c5
  publisher_connection_id: dc2a33f1bb82f65b09d8f3012cb9ff37
  ...
ok 6 - publish-namespace-done
  ---
  duration_ms: 2298
  connection_id: e49e5238080ad0c76de2b925cc533f09
  ...
make[1]: *** [Makefile:91: test-external] Error 1
make[1]: Leaving directory '/home/runner/work/moq-interop-runner/moq-interop-runner/main'
