make[1]: Entering directory '/home/runner/work/moq-interop-runner/moq-interop-runner/main'
Running tests against https://draft-16-manish.cloudflare.mediaoverquic.com:443/moq...
  Client: ghcr.io/englishm/moq-interop-runner-moq-test-client-draft-16:latest
docker run --rm \
	--network host \
	-e RELAY_URL=https://draft-16-manish.cloudflare.mediaoverquic.com:443/moq \
	-e TLS_DISABLE_VERIFY=false \
	ghcr.io/englishm/moq-interop-runner-moq-test-client-draft-16:latest
TAP version 14
# moq-test-client v0.1.0
# Relay: https://draft-16-manish.cloudflare.mediaoverquic.com/moq
1..6
ok 1 - setup-only
  ---
  duration_ms: 67
  connection_id: 298dd2b24870826e540a35e4227de6f4
  ...
ok 2 - announce-only
  ---
  duration_ms: 2174
  connection_id: ad450e571612cc83bb054865b4a8aa64
  ...
ok 3 - subscribe-error
  ---
  duration_ms: 75
  connection_id: f82b1525e99e3d7d2bbd2ad353b1c6ff
  ...
ok 4 - announce-subscribe
  ---
  duration_ms: 3185
  publisher_connection_id: 5a27a6033e5bace28a16fedf321af7b6
  subscriber_connection_id: 4e091e6d8d7e31c5a5fce453ce06395a
  ...
ok 5 - subscribe-before-announce
  ---
  duration_ms: 3675
  subscriber_connection_id: 229ce70ba57c322dd8b5b9509478a79c
  publisher_connection_id: 561a2918ce3e3571081116d6429b17be
  ...
ok 6 - publish-namespace-done
  ---
  duration_ms: 2168
  connection_id: ece100b4d133fa1d4a92da540ab4b890
  ...
make[1]: Leaving directory '/home/runner/work/moq-interop-runner/moq-interop-runner/main'
