make[1]: Entering directory '/home/runner/work/moq-interop-runner/moq-interop-runner/main'
Running tests against moqt://fb.mvfst.net:9448...
  Client: ghcr.io/englishm/moq-interop-runner-moq-test-client-draft-16:latest
docker run --rm \
	 \
	--network host \
	-e RELAY_URL=moqt://fb.mvfst.net:9448 \
	-e TLS_DISABLE_VERIFY=1 \
	ghcr.io/englishm/moq-interop-runner-moq-test-client-draft-16:latest
TAP version 14
# moq-test-client v0.1.0
# Relay: moqt://fb.mvfst.net:9448
1..6
ok 1 - setup-only
  ---
  duration_ms: 179
  connection_id: 547561ab62c47e9de2b6588933953186
  ...
ok 2 - announce-only
  ---
  duration_ms: 2157
  connection_id: 6129cc6888272ff6c38bc177ca700ab1
  ...
ok 3 - subscribe-error
  ---
  duration_ms: 254
  connection_id: 81d361fb53c2f59de6c6a963db0f8402
  ...
ok 4 - announce-subscribe
  ---
  duration_ms: 492
  publisher_connection_id: 366897a6f1dd38ced0ff1a1268cca282
  subscriber_connection_id: 3f20f9ba2e3402fd0275a98c6d90fc8c
  ...
ok 5 - subscribe-before-announce
  ---
  duration_ms: 3888
  subscriber_connection_id: 3eb51c44493adbf8f2d3ac67b0603963
  publisher_connection_id: 45033a9a6a74cd4977c6e36f3796cc71
  ...
ok 6 - publish-namespace-done
  ---
  duration_ms: 2267
  connection_id: 7d40d5dc93407216797149fcbe7574a7
  ...
make[1]: Leaving directory '/home/runner/work/moq-interop-runner/moq-interop-runner/main'
