make[1]: Entering directory '/home/runner/work/moq-interop-runner/moq-interop-runner/main'
Running tests against moqt://draft-18-interop.cloudflare.mediaoverquic.com:443...
  Client: ghcr.io/englishm/moq-interop-runner-moq-go-client:latest
docker run --rm \
	 \
	--network host \
	-e RELAY_URL=moqt://draft-18-interop.cloudflare.mediaoverquic.com:443 \
	-e TLS_DISABLE_VERIFY=false \
	ghcr.io/englishm/moq-interop-runner-moq-go-client:latest
TAP version 14
# moq interop-client
# Relay: moqt://draft-18-interop.cloudflare.mediaoverquic.com:443
1..6
ok 1 - setup-only
  ---
  duration_ms: 159
  ...
ok 2 - announce-only
  ---
  duration_ms: 123
  ...
ok 3 - publish-namespace-done
  ---
  duration_ms: 383
  ...
ok 4 - subscribe-error
  ---
  duration_ms: 110
  ...
not ok 5 - announce-subscribe
  ---
  duration_ms: 69
  message: "publisher PUBLISH: moqt request rejected: not supported (code 0x3)"
  ...
not ok 6 - subscribe-before-announce
  ---
  duration_ms: 54
  message: "subscriber SUBSCRIBE_NAMESPACE: moqt/session: read SUBSCRIBE_NAMESPACE response: EOF"
  ...
make[1]: *** [Makefile:121: test-external] Error 1
make[1]: Leaving directory '/home/runner/work/moq-interop-runner/moq-interop-runner/main'
