make[1]: Entering directory '/home/runner/work/moq-interop-runner/moq-interop-runner/main'
Running tests against moqt://draft-14.cloudflare.mediaoverquic.com:443...
  Client: ghcr.io/englishm/moq-interop-runner-moq-test-client:latest
docker run --rm \
	 \
	--network host \
	-e RELAY_URL=moqt://draft-14.cloudflare.mediaoverquic.com:443 \
	-e TLS_DISABLE_VERIFY=false \
	ghcr.io/englishm/moq-interop-runner-moq-test-client:latest
TAP version 14
# moq-test-client v0.1.0
# Relay: moqt://draft-14.cloudflare.mediaoverquic.com:443
1..6
ok 1 - setup-only
  ---
  duration_ms: 32
  connection_id: fd71d77a211a5ead121ea12fd3790a40
  ...
ok 2 - announce-only
  ---
  duration_ms: 2011
  connection_id: c5a8269b782cf597d3459b1ab14fcce5
  ...
ok 3 - subscribe-error
  ---
  duration_ms: 57
  connection_id: 48fe52a1df67682a8a188eb225cea107
  ...
ok 4 - announce-subscribe
  ---
  duration_ms: 3027
  publisher_connection_id: 6923e9957ecd52ff1a5bd62a03ab0852
  subscriber_connection_id: 73c0df03935d9cd3f6df8621dcb14cf4
  ...
ok 5 - subscribe-before-announce
  ---
  duration_ms: 3526
  subscriber_connection_id: 54cf6c9ddf953dec967dc352ca7f975a
  publisher_connection_id: 5673f68dfd741b376370b3a9c9578910
  ...
ok 6 - publish-namespace-done
  ---
  duration_ms: 2113
  connection_id: ebffef8b39ec03a71bef652cb1ab63ce
  ...
make[1]: Leaving directory '/home/runner/work/moq-interop-runner/moq-interop-runner/main'
