make[1]: Entering directory '/home/runner/work/moq-interop-runner/moq-interop-runner/main'
Running tests against https://relay.moqtail.dev...
  Client: ghcr.io/englishm/moq-interop-runner-moq-test-client-draft-16:latest
docker run --rm \
	 \
	--network host \
	-e RELAY_URL=https://relay.moqtail.dev \
	-e TLS_DISABLE_VERIFY=false \
	ghcr.io/englishm/moq-interop-runner-moq-test-client-draft-16:latest
TAP version 14
# moq-test-client v0.1.0
# Relay: https://relay.moqtail.dev/
1..6
ok 1 - setup-only
  ---
  duration_ms: 278
  connection_id: bed684aafd294cb9a9bb12091640a65c
  ...
ok 2 - announce-only
  ---
  duration_ms: 2283
  connection_id: 4cf3cbe48113e8688af7576236a41ec6
  ...
ok 3 - subscribe-error
  ---
  duration_ms: 263
  connection_id: 43444bc60d13f9d6b631cbd6611bea09
  ...
not ok 4 - announce-subscribe
  ---
  duration_ms: 630
  message: "publisher session error: webtransport error: session error: connection error: closed: session error: connection error: closed: connection error: closed"
  ...
ok 5 - subscribe-before-announce
  ---
  duration_ms: 3901
  subscriber_connection_id: 410547d775817b012aa33220bec90e4b
  publisher_connection_id: 57214ad1be9093e4cb894f5613b3376c
  ...
ok 6 - publish-namespace-done
  ---
  duration_ms: 2326
  connection_id: b22846d5bc758ba5747f05a1cab8dec1
  ...
make[1]: *** [Makefile:121: test-external] Error 1
make[1]: Leaving directory '/home/runner/work/moq-interop-runner/moq-interop-runner/main'
