make[1]: Entering directory '/home/runner/work/moq-interop-runner/moq-interop-runner/main'
Running tests against https://fb.mvfst.net:9448/moq-relay...
  Client: ghcr.io/englishm/moq-interop-runner-moq-test-client-draft-16:latest
docker run --rm \
	 \
	--network host \
	-e RELAY_URL=https://fb.mvfst.net:9448/moq-relay \
	-e TLS_DISABLE_VERIFY=1 \
	ghcr.io/englishm/moq-interop-runner-moq-test-client-draft-16:latest
TAP version 14
# moq-test-client v0.1.0
# Relay: https://fb.mvfst.net:9448/moq-relay
1..6
ok 1 - setup-only
  ---
  duration_ms: 274
  connection_id: 51d29545244529828caadc94512a43c4
  ...
ok 2 - announce-only
  ---
  duration_ms: 2234
  connection_id: f17f8356f37cba298c34213508d399ca
  ...
ok 3 - subscribe-error
  ---
  duration_ms: 311
  connection_id: 836d6a9843e5da902d6ea253d0883d81
  ...
not ok 4 - announce-subscribe
  ---
  duration_ms: 702
  message: "publisher session error: webtransport error: read error: RESET_STREAM: 386759528: read error: RESET_STREAM: 386759528"
  ...
ok 5 - subscribe-before-announce
  ---
  duration_ms: 3990
  subscriber_connection_id: 5466b0feb3e7184156a56ed966efb59a
  publisher_connection_id: 6bd27db572e304eafef90b279dce16b9
  ...
ok 6 - publish-namespace-done
  ---
  duration_ms: 2327
  connection_id: e5a3422101e24f66293c317fd037a3da
  ...
make[1]: *** [Makefile:121: test-external] Error 1
make[1]: Leaving directory '/home/runner/work/moq-interop-runner/moq-interop-runner/main'
