make[1]: Entering directory '/home/runner/work/moq-interop-runner/moq-interop-runner/main'
Running tests against moqt://moqx-main.ci.openmoq.org:4433...
  Client: ghcr.io/englishm/moq-interop-runner-moq-test-client-draft-16:latest
docker run --rm \
	 \
	--network host \
	-e RELAY_URL=moqt://moqx-main.ci.openmoq.org:4433 \
	-e TLS_DISABLE_VERIFY=false \
	ghcr.io/englishm/moq-interop-runner-moq-test-client-draft-16:latest
TAP version 14
# moq-test-client v0.1.0
# Relay: moqt://moqx-main.ci.openmoq.org:4433
1..6
ok 1 - setup-only
  ---
  duration_ms: 125
  connection_id: bb696ac6924f23a63069d9688dcd550b
  ...
ok 2 - announce-only
  ---
  duration_ms: 2107
  connection_id: f2255d8eb1aea5376916b6c15262eb6b
  ...
ok 3 - subscribe-error
  ---
  duration_ms: 298
  connection_id: dada45fab109d1a196d01cf8f0151c4e
  ...
not ok 4 - announce-subscribe
  ---
  duration_ms: 340
  message: "publisher session error: webtransport error: session error: connection error: closed by peer: 3: session error: connection error: closed by peer: 3: connection error: closed by peer: 3"
  ...
ok 5 - subscribe-before-announce
  ---
  duration_ms: 3712
  subscriber_connection_id: 72c424b32663d619e78e86cc8a6984db
  publisher_connection_id: 33c1a14d5bfc6111fc0f5a2dc3b70262
  ...
ok 6 - publish-namespace-done
  ---
  duration_ms: 2204
  connection_id: f7acaa50669f536cf035fdfee4049419
  ...
make[1]: *** [Makefile:121: test-external] Error 1
make[1]: Leaving directory '/home/runner/work/moq-interop-runner/moq-interop-runner/main'
