make[1]: Entering directory '/home/runner/work/moq-interop-runner/moq-interop-runner/main'
Running tests against moqt://lminiero.it:9000...
  Client: ghcr.io/openmoq/moqx-interop-client:latest
docker run --rm \
	 \
	--network host \
	-e RELAY_URL=moqt://lminiero.it:9000 \
	-e TLS_DISABLE_VERIFY=false \
	ghcr.io/openmoq/moqx-interop-client:latest
TAP version 14
# moxygen interop test client
# Relay: moqt://lminiero.it:9000
# Transport: QUIC
1..6
E0715 01:03:26.546221     1 MoQCodec.cpp:126] Conn error=3
E0715 01:03:26.546259     1 MoQSession.cpp:5259] MoQCodec control stream parse error err=3
not ok 1 - setup-only
  ---
  duration_ms: 833
  error: coroutine operation cancelled
  ...
E0715 01:03:27.186865     1 MoQCodec.cpp:126] Conn error=3
E0715 01:03:27.186932     1 MoQSession.cpp:5259] MoQCodec control stream parse error err=3
not ok 2 - announce-only
  ---
  duration_ms: 640
  error: coroutine operation cancelled
  ...
E0715 01:03:27.831288     1 MoQCodec.cpp:126] Conn error=3
E0715 01:03:27.831320     1 MoQSession.cpp:5259] MoQCodec control stream parse error err=3
not ok 3 - subscribe-error
  ---
  duration_ms: 644
  error: coroutine operation cancelled
  ...
E0715 01:03:28.801399     1 MoQCodec.cpp:126] Conn error=3
E0715 01:03:28.801427     1 MoQSession.cpp:5259] MoQCodec control stream parse error err=3
not ok 4 - announce-subscribe
  ---
  duration_ms: 969
  error: coroutine operation cancelled
  ...
E0715 01:03:29.464115     1 MoQCodec.cpp:126] Conn error=3
E0715 01:03:29.464145     1 MoQSession.cpp:5259] MoQCodec control stream parse error err=3
not ok 5 - publish-namespace-done
  ---
  duration_ms: 662
  error: coroutine operation cancelled
  ...
E0715 01:03:30.133556     1 MoQCodec.cpp:126] Conn error=3
E0715 01:03:30.133584     1 MoQSession.cpp:5259] MoQCodec control stream parse error err=3
not ok 6 - subscribe-before-announce
  ---
  duration_ms: 669
  error: coroutine operation cancelled
  ...
E20260715 01:03:31.134043     1 EventHandler.cpp:90] EventBase: failed to register event handler for fd 11: Resource temporarily unavailable
make[1]: *** [Makefile:121: test-external] Error 1
make[1]: Leaving directory '/home/runner/work/moq-interop-runner/moq-interop-runner/main'
