make[1]: Entering directory '/home/runner/work/moq-interop-runner/moq-interop-runner/main'
Running tests against https://moqt.nokiaresearch.com:4443/moq...
  Client: ghcr.io/openmoq/moqx-interop-client:latest
docker run --rm \
	 \
	--network host \
	-e RELAY_URL=https://moqt.nokiaresearch.com:4443/moq \
	-e TLS_DISABLE_VERIFY=false \
	ghcr.io/openmoq/moqx-interop-client:latest
TAP version 14
# moxygen interop test client
# Relay: https://moqt.nokiaresearch.com:4443/moq
# Transport: WebTransport
1..6
E20260715 01:04:33.083745     1 HQSession.cpp:579] Connection closed with error err=Connect failed msg=connect timeout proto=, client CID=, server CID=, local=<uninitialized address>, 74.119.206.44:4443=upstream, drain=none
E0715 01:04:33.085223     1 MoQWebTransportClient.cpp:95] std::runtime_error: Connect failed
not ok 1 - setup-only
  ---
  duration_ms: 2039
  error: Connect failed
  ...
E20260715 01:04:35.091459     1 HQSession.cpp:579] Connection closed with error err=Connect failed msg=connect timeout proto=, client CID=, server CID=, local=<uninitialized address>, 74.119.206.44:4443=upstream, drain=none
E0715 01:04:35.091601     1 MoQWebTransportClient.cpp:95] std::runtime_error: Connect failed
not ok 2 - announce-only
  ---
  duration_ms: 2006
  error: Connect failed
  ...
E20260715 01:04:37.107831     1 HQSession.cpp:579] Connection closed with error err=Connect failed msg=connect timeout proto=, client CID=, server CID=, local=<uninitialized address>, 74.119.206.44:4443=upstream, drain=none
E0715 01:04:37.108035     1 MoQWebTransportClient.cpp:95] std::runtime_error: Connect failed
not ok 3 - subscribe-error
  ---
  duration_ms: 2016
  error: Connect failed
  ...
E20260715 01:04:39.114348     1 HQSession.cpp:579] Connection closed with error err=Connect failed msg=connect timeout proto=, client CID=, server CID=, local=<uninitialized address>, 74.119.206.44:4443=upstream, drain=none
E0715 01:04:39.114512     1 MoQWebTransportClient.cpp:95] std::runtime_error: Connect failed
not ok 4 - announce-subscribe
  ---
  duration_ms: 2006
  error: Connect failed
  ...
E20260715 01:04:41.130795     1 HQSession.cpp:579] Connection closed with error err=Connect failed msg=connect timeout proto=, client CID=, server CID=, local=<uninitialized address>, 74.119.206.44:4443=upstream, drain=none
E0715 01:04:41.130968     1 MoQWebTransportClient.cpp:95] std::runtime_error: Connect failed
not ok 5 - publish-namespace-done
  ---
  duration_ms: 2016
  error: Connect failed
  ...
E20260715 01:04:43.160631     1 HQSession.cpp:579] Connection closed with error err=Connect failed msg=connect timeout proto=, client CID=, server CID=, local=<uninitialized address>, 74.119.206.44:4443=upstream, drain=none
E0715 01:04:43.160775     1 MoQWebTransportClient.cpp:95] std::runtime_error: Connect failed
not ok 6 - subscribe-before-announce
  ---
  duration_ms: 2029
  error: Connect failed
  ...
make[1]: *** [Makefile:121: test-external] Error 1
make[1]: Leaving directory '/home/runner/work/moq-interop-runner/moq-interop-runner/main'
