make[1]: Entering directory '/home/runner/work/moq-interop-runner/moq-interop-runner/main'
Running tests against moqt://draft-18-interop.cloudflare.mediaoverquic.com:443...
  Client: ghcr.io/gmarzot/aiomoqt:latest
docker run --rm \
	 \
	--network host \
	-e RELAY_URL=moqt://draft-18-interop.cloudflare.mediaoverquic.com:443 \
	-e TLS_DISABLE_VERIFY=false \
	ghcr.io/gmarzot/aiomoqt:latest
WARNING aiopquic.quic.connection: connection closed (transport): error=376
2026-06-28 00:49:25.126 ERROR: QUIC error: code: 376 reason: ConnectionTerminated
2026-06-28 00:49:25.126 ERROR: MOQT error: closing: ConnectionTerminated (376)
WARNING aiopquic.quic.connection: connection closed (transport): error=376
2026-06-28 00:49:25.142 ERROR: QUIC error: code: 376 reason: ConnectionTerminated
2026-06-28 00:49:25.142 ERROR: MOQT error: closing: ConnectionTerminated (376)
  [PASS] setup-only: SERVER_SETUP received with compatible version
  [FAIL] announce-only: Failed: TimeoutError
  [FAIL] publish-namespace-done: Failed: TimeoutError
  [FAIL] subscribe-error: Failed: TimeoutError
  [FAIL] announce-subscribe: Failed: TimeoutError
  [FAIL] subscribe-before-announce: Failed: TimeoutError
TAP version 14
# date: 2026-06-28T00:49:25Z
# ended: 2026-06-28T00:49:57Z
# target: moqt://draft-18-interop.cloudflare.mediaoverquic.com:443
# version: aiomoqt/0.10.4
# note: preference probe pinned draft-18
1..6
ok 1 - setup-only
  ---
  duration_ms: 49.4
  connection_id: unknown
  message: SERVER_SETUP received with compatible version
  ...
not ok 2 - announce-only
  ---
  duration_ms: 5005.5
  message: Failed: TimeoutError
  expected: PUBLISH_NAMESPACE_OK
  received: TimeoutError
  ...
not ok 3 - publish-namespace-done
  ---
  duration_ms: 5006.4
  message: Failed: TimeoutError
  expected: PUBLISH_NAMESPACE_OK + PUBLISH_NAMESPACE_DONE
  received: TimeoutError
  ...
not ok 4 - subscribe-error
  ---
  duration_ms: 5006.8
  message: Failed: TimeoutError
  expected: error response
  received: TimeoutError
  ...
not ok 5 - announce-subscribe
  ---
  duration_ms: 10011.4
  publisher_connection_id: unknown
  subscriber_connection_id: unknown
  message: Failed: TimeoutError
  received: TimeoutError
  ...
not ok 6 - subscribe-before-announce
  ---
  duration_ms: 7007.0
  publisher_connection_id: unknown
  subscriber_connection_id: unknown
  message: Failed: TimeoutError
  received: TimeoutError
  ...
make[1]: *** [Makefile:121: test-external] Error 1
make[1]: Leaving directory '/home/runner/work/moq-interop-runner/moq-interop-runner/main'
