make[1]: Entering directory '/home/runner/work/moq-interop-runner/moq-interop-runner/main'
Running tests against https://fb.mvfst.net:9448/moq-relay...
  Client: ghcr.io/englishm/moq-interop-runner-moq-test-client-draft-16:latest
docker run --rm \
	 \
	--network host \
	-e RELAY_URL=https://fb.mvfst.net:9448/moq-relay \
	-e TLS_DISABLE_VERIFY=1 \
	ghcr.io/englishm/moq-interop-runner-moq-test-client-draft-16:latest
TAP version 14
# moq-test-client v0.1.0
# Relay: https://fb.mvfst.net:9448/moq-relay
1..6
ok 1 - setup-only
  ---
  duration_ms: 222
  connection_id: f9550949f43ddfea08b6b7d367130be7
  ...
ok 2 - announce-only
  ---
  duration_ms: 2224
  connection_id: 171b367ec62f1d383871c67f04dc7a01
  ...
ok 3 - subscribe-error
  ---
  duration_ms: 289
  connection_id: d83bf3967a493115f35230317a666e80
  ...
ok 4 - announce-subscribe
  ---
  duration_ms: 3405
  publisher_connection_id: 464b83213b5546361bafdb479b23516a
  subscriber_connection_id: 0768777fbd81d7ddcfb674ab47a21494
  ...
ok 5 - subscribe-before-announce
  ---
  duration_ms: 4901
  subscriber_connection_id: 937cd19a0bc1305f2bccc896ca6aca36
  publisher_connection_id: bcfe93386b053f9123e3689ede79f244
  ...
ok 6 - publish-namespace-done
  ---
  duration_ms: 2325
  connection_id: 9d3c60e706c68492f91201eea6f79f9c
  ...
make[1]: Leaving directory '/home/runner/work/moq-interop-runner/moq-interop-runner/main'
