make[1]: Entering directory '/home/runner/work/moq-interop-runner/moq-interop-runner/main'
Running tests against https://moqx-main.ci.openmoq.org:4433/moq-relay...
  Client: ghcr.io/englishm/moq-interop-runner-moq-test-client-draft-16:latest
docker run --rm \
	 \
	--network host \
	-e RELAY_URL=https://moqx-main.ci.openmoq.org:4433/moq-relay \
	-e TLS_DISABLE_VERIFY=false \
	ghcr.io/englishm/moq-interop-runner-moq-test-client-draft-16:latest
TAP version 14
# moq-test-client v0.1.0
# Relay: https://moqx-main.ci.openmoq.org:4433/moq-relay
1..6
ok 1 - setup-only
  ---
  duration_ms: 270
  connection_id: bf98cf545b8f63bdc3bfe76ef4009562
  ...
ok 2 - announce-only
  ---
  duration_ms: 2159
  connection_id: cecba72b2d98ea2803434509b4c09f94
  ...
ok 3 - subscribe-error
  ---
  duration_ms: 347
  connection_id: 97485c412d55a3e04003f89a8739afc5
  ...
not ok 4 - announce-subscribe
  ---
  duration_ms: 465
  message: "publisher session error: webtransport error: read error: RESET_STREAM: 386759528: read error: RESET_STREAM: 386759528"
  ...
ok 5 - subscribe-before-announce
  ---
  duration_ms: 3947
  subscriber_connection_id: a50fdd5bfebe2bd6c11ef32b8bf9dacf
  publisher_connection_id: ebab8dffb1a24cacf5f86022ded30592
  ...
ok 6 - publish-namespace-done
  ---
  duration_ms: 2248
  connection_id: c0fc2540b25dc9e9f5e78c56ad731fc8
  ...
make[1]: *** [Makefile:121: test-external] Error 1
make[1]: Leaving directory '/home/runner/work/moq-interop-runner/moq-interop-runner/main'
