make[1]: Entering directory '/home/runner/work/moq-interop-runner/moq-interop-runner/main'
Running tests against https://fb.mvfst.net:9448/moq-relay...
  Client: ghcr.io/englishm/moq-interop-runner-moq-test-client:latest
docker run --rm \
	 \
	--network host \
	-e RELAY_URL=https://fb.mvfst.net:9448/moq-relay \
	-e TLS_DISABLE_VERIFY=1 \
	ghcr.io/englishm/moq-interop-runner-moq-test-client:latest
TAP version 14
# moq-test-client v0.1.0
# Relay: https://fb.mvfst.net:9448/moq-relay
1..6
ok 1 - setup-only
  ---
  duration_ms: 266
  connection_id: 1f250a4cc26ea1c41ed27b34079839ec
  ...
ok 2 - announce-only
  ---
  duration_ms: 2273
  connection_id: 0cb40a9e3c42362848457af854667c94
  ...
ok 3 - subscribe-error
  ---
  duration_ms: 284
  connection_id: e90d0e3d2c2fa65aacf6e9dd28c4bddd
  ...
ok 4 - announce-subscribe
  ---
  duration_ms: 3466
  publisher_connection_id: 0e98d113e477873c0f27587a5154d8d3
  subscriber_connection_id: 0f6749c8f2d447515eaecf9c22721259
  ...
ok 5 - subscribe-before-announce
  ---
  duration_ms: 3933
  subscriber_connection_id: 5a0bf7368bd17bbe4d417610128eb1ce
  publisher_connection_id: bbf394dc1623be9e77ca40ac8a2cf98a
  ...
ok 6 - publish-namespace-done
  ---
  duration_ms: 2297
  connection_id: 5387152e234f6af4c292e2ce3271e7f9
  ...
make[1]: Leaving directory '/home/runner/work/moq-interop-runner/moq-interop-runner/main'
