make[1]: Entering directory '/home/runner/work/moq-interop-runner/moq-interop-runner/main'
Running tests against https://relay.moqtail.dev...
  Client: ghcr.io/eyevinn/mlmtest:latest
docker run --rm \
	 \
	--network host \
	-e RELAY_URL=https://relay.moqtail.dev \
	-e TLS_DISABLE_VERIFY=false \
	ghcr.io/eyevinn/mlmtest:latest
TAP version 14
# moqlivemock 0.11.1, date: 2026-06-08
# Relay: https://relay.moqtail.dev
# Draft: 16 (ALPN: moqt-16)
1..6
2026/06/28 01:20:34 failed to sufficiently increase receive buffer size (was: 1024 kiB, wanted: 7168 kiB, got: 2048 kiB). See https://github.com/quic-go/quic-go/wiki/UDP-Buffer-Sizes for details.
not ok 1 - setup-only
  ---
  error: session setup: Application error 0x0 (remote): Setup failed
  ...
not ok 2 - announce-only
  ---
  error: session setup: Application error 0x0 (remote): Setup failed
  ...
not ok 3 - publish-namespace-done
  ---
  error: session setup: Application error 0x0 (remote): Setup failed
  ...
not ok 4 - subscribe-error
  ---
  error: session setup: Application error 0x0 (remote): Setup failed
  ...
not ok 5 - announce-subscribe
  ---
  error: publisher: publisher session setup: Application error 0x0 (remote): Setup failed
  ...
not ok 6 - subscribe-before-announce
  ---
  error: subscriber session: session setup: Application error 0x0 (remote): Setup failed
  ...
make[1]: *** [Makefile:121: test-external] Error 1
make[1]: Leaving directory '/home/runner/work/moq-interop-runner/moq-interop-runner/main'
