make[1]: Entering directory '/home/runner/work/moq-interop-runner/moq-interop-runner/main'
Running tests against moqt://us-west-2.relay.quicr.org:33437...
  Client: ghcr.io/openmoq/moqx-interop-client:latest
docker run --rm \
	 \
	--network host \
	-e RELAY_URL=moqt://us-west-2.relay.quicr.org:33437 \
	-e TLS_DISABLE_VERIFY=1 \
	ghcr.io/openmoq/moqx-interop-client:latest
TAP version 14
# moxygen interop test client
# Relay: moqt://us-west-2.relay.quicr.org:33437
# Transport: QUIC
1..6
ok 1 - setup-only
  ---
  duration_ms: 58
  info: SETUP exchange completed successfully
  ...
W0628 01:23:24.915218     1 MoQSession.cpp:5440] Issuing request that will fail; nextRequestID_=0 peerMaxRequestID_=0 sess=0x55b4fb7b07a0
E0628 01:23:24.935547     1 MoQRelaySession.cpp:880] PublishNamespaceDone for unknown publishNamespace, sess=0x55b4fb7b07a0
ok 2 - announce-only
  ---
  duration_ms: 86
  info: PUBLISH_NAMESPACE completed successfully
  ...
W0628 01:23:24.982067     1 MoQSession.cpp:5440] Issuing request that will fail; nextRequestID_=0 peerMaxRequestID_=0 sess=0x55b4fb7b0110
not ok 3 - subscribe-error
  ---
  duration_ms: 67
  error: Subscribe succeeded (relay accepted non-existent track)
  ...
W0628 01:23:25.051061     1 MoQSession.cpp:5440] Issuing request that will fail; nextRequestID_=0 peerMaxRequestID_=0 sess=0x55b4fb7cd8b0
W0628 01:23:25.123864     1 MoQSession.cpp:5440] Issuing request that will fail; nextRequestID_=0 peerMaxRequestID_=0 sess=0x55b4fb733f60
ok 4 - announce-subscribe
  ---
  duration_ms: 140
  info: Publisher announced, subscriber subscribed successfully
  ...
W0628 01:23:25.189938     1 MoQSession.cpp:5440] Issuing request that will fail; nextRequestID_=0 peerMaxRequestID_=0 sess=0x55b4fb7a9eb0
ok 5 - publish-namespace-done
  ---
  duration_ms: 66
  info: PUBLISH_NAMESPACE_OK received, PUBLISH_NAMESPACE_DONE sent
  ...
W0628 01:23:25.256253     1 MoQSession.cpp:5440] Issuing request that will fail; nextRequestID_=0 peerMaxRequestID_=0 sess=0x55b4fb78ab00
W0628 01:23:25.917796     1 MoQSession.cpp:5440] Issuing request that will fail; nextRequestID_=0 peerMaxRequestID_=0 sess=0x55b4fb7cd7a0
ok 6 - subscribe-before-announce
  ---
  duration_ms: 728
  info: Subscribe succeeded after publisher announced (relay buffers pending subscriptions)
  ...
make[1]: *** [Makefile:121: test-external] Error 1
make[1]: Leaving directory '/home/runner/work/moq-interop-runner/moq-interop-runner/main'
