make[1]: Entering directory '/home/runner/work/moq-interop-runner/moq-interop-runner/main'
Running tests against moqt://us-west-2.relay.quicr.org:33437...
  Client: ghcr.io/facebookexperimental/moxygen-interop-client:latest-amd64
docker run --rm \
	 \
	--network host \
	-e RELAY_URL=moqt://us-west-2.relay.quicr.org:33437 \
	-e TLS_DISABLE_VERIFY=1 \
	ghcr.io/facebookexperimental/moxygen-interop-client:latest-amd64
TAP version 14
# moxygen interop test client
# Relay: moqt://us-west-2.relay.quicr.org:33437
# Transport: QUIC
1..6
ok 1 - setup-only
  ---
  duration_ms: 181
  info: SETUP exchange completed successfully
  ...
W0628 01:27:01.254816     1 MoQSession.cpp:5440] Issuing request that will fail; nextRequestID_=0 peerMaxRequestID_=0 sess=0x55e1003c78f0
E0628 01:27:01.274966     1 MoQRelaySession.cpp:880] PublishNamespaceDone for unknown publishNamespace, sess=0x55e1003c78f0
ok 2 - announce-only
  ---
  duration_ms: 80
  info: PUBLISH_NAMESPACE completed successfully
  ...
W0628 01:27:01.352411     1 MoQSession.cpp:5440] Issuing request that will fail; nextRequestID_=0 peerMaxRequestID_=0 sess=0x55e1003c71b0
not ok 3 - subscribe-error
  ---
  duration_ms: 97
  error: Subscribe succeeded (relay accepted non-existent track)
  ...
W0628 01:27:01.557720     1 MoQSession.cpp:5440] Issuing request that will fail; nextRequestID_=0 peerMaxRequestID_=0 sess=0x55e1003c40b0
W0628 01:27:01.755994     1 MoQSession.cpp:5440] Issuing request that will fail; nextRequestID_=0 peerMaxRequestID_=0 sess=0x55e100351e00
ok 4 - announce-subscribe
  ---
  duration_ms: 403
  info: Publisher announced, subscriber subscribed successfully
  ...
W0628 01:27:01.940878     1 MoQSession.cpp:5440] Issuing request that will fail; nextRequestID_=0 peerMaxRequestID_=0 sess=0x55e1003d8b10
ok 5 - publish-namespace-done
  ---
  duration_ms: 186
  info: PUBLISH_NAMESPACE_OK received, PUBLISH_NAMESPACE_DONE sent
  ...
W0628 01:27:02.011433     1 MoQSession.cpp:5440] Issuing request that will fail; nextRequestID_=0 peerMaxRequestID_=0 sess=0x55e1003a3fd0
W0628 01:27:02.558819     1 MoQSession.cpp:5440] Issuing request that will fail; nextRequestID_=0 peerMaxRequestID_=0 sess=0x55e10039c710
ok 6 - subscribe-before-announce
  ---
  duration_ms: 616
  info: Subscribe succeeded after publisher announced (relay buffers pending subscriptions)
  ...
make[1]: *** [Makefile:121: test-external] Error 1
make[1]: Leaving directory '/home/runner/work/moq-interop-runner/moq-interop-runner/main'
