make[1]: Entering directory '/home/runner/work/moq-interop-runner/moq-interop-runner/main'
Running tests against moqt://lminiero.it:9000...
  Client: ghcr.io/facebookexperimental/moxygen-interop-client:latest-amd64
docker run --rm \
	 \
	--network host \
	-e RELAY_URL=moqt://lminiero.it:9000 \
	-e TLS_DISABLE_VERIFY=false \
	ghcr.io/facebookexperimental/moxygen-interop-client:latest-amd64
TAP version 14
# moxygen interop test client
# Relay: moqt://lminiero.it:9000
# Transport: QUIC
1..6
ok 1 - setup-only
  ---
  duration_ms: 690
  info: SETUP exchange completed successfully
  ...
not ok 2 - announce-only
  ---
  duration_ms: 1162
  error: Namespace already published
  ...
ok 3 - subscribe-error
  ---
  duration_ms: 512
  info: Subscribe correctly returned error: Namespace not found
  ...
E0628 01:26:52.342831     1 MoQSession.cpp:5667] publishDone for invalid id=1 sess=0x562713e53aa0
ok 4 - announce-subscribe
  ---
  duration_ms: 1516
  info: Publisher announced, subscriber subscribed successfully
  ...
not ok 5 - publish-namespace-done
  ---
  duration_ms: 818
  error: PUBLISH_NAMESPACE failed: Namespace already published
  ...
E0628 01:26:57.996029     1 MoQSession.cpp:5539] subscribeFuture exception=folly::OperationCancelled: coroutine operation cancelled
not ok 6 - subscribe-before-announce
  ---
  duration_ms: 4834
  error: Timed out during subscribe-before-announce test
  ...
E20260628 01:26:58.997159     1 EventHandler.cpp:90] EventBase: failed to register event handler for fd 9: No such file or directory
E20260628 01:26:58.998270     1 EventHandler.cpp:90] EventBase: failed to register event handler for fd 11: No such file or directory
make[1]: *** [Makefile:121: test-external] Error 1
make[1]: Leaving directory '/home/runner/work/moq-interop-runner/moq-interop-runner/main'
