make[1]: Entering directory '/home/runner/work/moq-interop-runner/moq-interop-runner/main'
Running tests against https://draft-16-manish.cloudflare.mediaoverquic.com:443/moq...
  Client: ghcr.io/englishm/moq-interop-runner-moq-test-client-draft-16:latest
docker run --rm \
	--network host \
	-e RELAY_URL=https://draft-16-manish.cloudflare.mediaoverquic.com:443/moq \
	-e TLS_DISABLE_VERIFY=false \
	ghcr.io/englishm/moq-interop-runner-moq-test-client-draft-16:latest
TAP version 14
# moq-test-client v0.1.0
# Relay: https://draft-16-manish.cloudflare.mediaoverquic.com/moq
1..6
ok 1 - setup-only
  ---
  duration_ms: 258
  connection_id: 9d7793855013856b3ed9071752597305
  ...
ok 2 - announce-only
  ---
  duration_ms: 2189
  connection_id: 386a656d320733233c95b784be8c8726
  ...
ok 3 - subscribe-error
  ---
  duration_ms: 174
  connection_id: 5f2704a13e40d9fccdf4713ff54fcb84
  ...
ok 4 - announce-subscribe
  ---
  duration_ms: 3373
  publisher_connection_id: 76ea7c023ee463fe29278d528b7101d0
  subscriber_connection_id: 51b97cb15067c41b2b0524be8ccb4450
  ...
ok 5 - subscribe-before-announce
  ---
  duration_ms: 3796
  subscriber_connection_id: 900ef4947fbe07cf82818cf592928a0e
  publisher_connection_id: 805803f197b3f4a2ff3b6db549be3823
  ...
ok 6 - publish-namespace-done
  ---
  duration_ms: 2252
  connection_id: e8534cbc477769d110d19cca6d92715e
  ...
make[1]: Leaving directory '/home/runner/work/moq-interop-runner/moq-interop-runner/main'
