make[1]: Entering directory '/home/runner/work/moq-interop-runner/moq-interop-runner/main'
Running tests against https://us-west-2.relay.quicr.org:33437/relay...
  Client: ghcr.io/englishm/moq-interop-runner-moq-test-client:latest
docker run --rm \
	--network host \
	-e RELAY_URL=https://us-west-2.relay.quicr.org:33437/relay \
	-e TLS_DISABLE_VERIFY=1 \
	ghcr.io/englishm/moq-interop-runner-moq-test-client:latest
TAP version 14
# moq-test-client v0.1.0
# Relay: https://us-west-2.relay.quicr.org:33437/relay
1..6
ok 1 - setup-only
  ---
  duration_ms: 524
  connection_id: 776449655de2ad246fffa82fb7d922ee
  ...
ok 2 - announce-only
  ---
  duration_ms: 2612
  connection_id: 590053a90ae8bd84f550b2190da45565
  ...
not ok 3 - subscribe-error
  ---
  duration_ms: 10001
  message: "test timed out: deadline has elapsed"
  ...
ok 4 - announce-subscribe
  ---
  duration_ms: 3806
  publisher_connection_id: 1405a97c28635cacbf2b86018d70db64
  subscriber_connection_id: 67c7a22da75a24718f33f590ba4e4379
  ...
ok 5 - subscribe-before-announce
  ---
  duration_ms: 5357
  subscriber_connection_id: e835e098d22cf42746e1a8a78d54e492
  publisher_connection_id: 2d92f10369925501d33ce833a8ad89ed
  ...
ok 6 - publish-namespace-done
  ---
  duration_ms: 2487
  connection_id: 5a6646db13e5ef38f383a427434574b2
  ...
make[1]: *** [Makefile:91: test-external] Error 1
make[1]: Leaving directory '/home/runner/work/moq-interop-runner/moq-interop-runner/main'
