make[1]: Entering directory '/home/runner/work/moq-interop-runner/moq-interop-runner/main'
Running tests against moqt://draft-16-manish.cloudflare.mediaoverquic.com:443...
  Client: ghcr.io/englishm/moq-interop-runner-moq-test-client-draft-16:latest
docker run --rm \
	--network host \
	-e RELAY_URL=moqt://draft-16-manish.cloudflare.mediaoverquic.com:443 \
	-e TLS_DISABLE_VERIFY=false \
	ghcr.io/englishm/moq-interop-runner-moq-test-client-draft-16:latest
TAP version 14
# moq-test-client v0.1.0
# Relay: moqt://draft-16-manish.cloudflare.mediaoverquic.com:443
1..6
ok 1 - setup-only
  ---
  duration_ms: 394
  connection_id: 5d743907e5e4f007321320c48bffadc5
  ...
ok 2 - announce-only
  ---
  duration_ms: 2125
  connection_id: 62249832408c35bfa94fc2f7d5fc7ef8
  ...
ok 3 - subscribe-error
  ---
  duration_ms: 204
  connection_id: 59c2f13edd838f62c1a77019335377d2
  ...
ok 4 - announce-subscribe
  ---
  duration_ms: 295
  publisher_connection_id: 2d5be546af46132f4f49526e54b6d650
  subscriber_connection_id: 299bddb107c34e9d471a060733b47f4a
  ...
ok 5 - subscribe-before-announce
  ---
  duration_ms: 3686
  subscriber_connection_id: 755be27a6374e9093103ebc136768de3
  publisher_connection_id: b7441d6eae4c8ab621c463d11aeb575d
  ...
ok 6 - publish-namespace-done
  ---
  duration_ms: 2224
  connection_id: 365639f832526b192314df7050919354
  ...
make[1]: Leaving directory '/home/runner/work/moq-interop-runner/moq-interop-runner/main'
