make[1]: Entering directory '/home/runner/work/moq-interop-runner/moq-interop-runner/main'
Running tests against https://draft-14.cloudflare.mediaoverquic.com:443/moq...
  Client: ghcr.io/englishm/moq-interop-runner-moq-test-client:latest
docker run --rm \
	--network host \
	-e RELAY_URL=https://draft-14.cloudflare.mediaoverquic.com:443/moq \
	-e TLS_DISABLE_VERIFY=false \
	ghcr.io/englishm/moq-interop-runner-moq-test-client:latest
TAP version 14
# moq-test-client v0.1.0
# Relay: https://draft-14.cloudflare.mediaoverquic.com/moq
1..6
ok 1 - setup-only
  ---
  duration_ms: 43
  connection_id: 3a2aa264e1081f5cfc2f7225e9066785
  ...
ok 2 - announce-only
  ---
  duration_ms: 2046
  connection_id: 4078ca34c829b1408235f2ceb92b67e0
  ...
ok 3 - subscribe-error
  ---
  duration_ms: 196
  connection_id: 93bfde720ab7c7fbd39ebd383422632e
  ...
ok 4 - announce-subscribe
  ---
  duration_ms: 395
  publisher_connection_id: 99ea3b5590e6a0c9c0490018bf02f213
  subscriber_connection_id: c62f16bd2a67f09316049abf0bc59f7a
  ...
ok 5 - subscribe-before-announce
  ---
  duration_ms: 3612
  subscriber_connection_id: 61dfd706a51d282342f9a234459b94ba
  publisher_connection_id: b84758fdeb07d250501c1574f891eab6
  ...
ok 6 - publish-namespace-done
  ---
  duration_ms: 2134
  connection_id: 5f4b0565c3f5ca128397ba494ab4ca1c
  ...
make[1]: Leaving directory '/home/runner/work/moq-interop-runner/moq-interop-runner/main'
