make[1]: Entering directory '/home/runner/work/moq-interop-runner/moq-interop-runner/main'
Running tests against moqt://draft-14.cloudflare.mediaoverquic.com:443...
  Client: ghcr.io/englishm/moq-interop-runner-moq-test-client:latest
docker run --rm \
	--network host \
	-e RELAY_URL=moqt://draft-14.cloudflare.mediaoverquic.com:443 \
	-e TLS_DISABLE_VERIFY=false \
	ghcr.io/englishm/moq-interop-runner-moq-test-client:latest
TAP version 14
# moq-test-client v0.1.0
# Relay: moqt://draft-14.cloudflare.mediaoverquic.com:443
1..6
ok 1 - setup-only
  ---
  duration_ms: 97
  connection_id: 22366a213b9f046a00348fbd41dfa002
  ...
ok 2 - announce-only
  ---
  duration_ms: 2019
  connection_id: 48ace9be445a559fdd79c08ff74a63dc
  ...
ok 3 - subscribe-error
  ---
  duration_ms: 150
  connection_id: e12e6a14688fc3a67c0246711700b2ab
  ...
ok 4 - announce-subscribe
  ---
  duration_ms: 634
  publisher_connection_id: 0f76176a4937ae2e8ffab2c32fc187f9
  subscriber_connection_id: aefa6dfffc07c31873736c73a0f47fb2
  ...
ok 5 - subscribe-before-announce
  ---
  duration_ms: 3563
  subscriber_connection_id: 8487712ec20967a9a626c4c3a73a8975
  publisher_connection_id: 4d27eec9e34b945223e18b0e05f0ed3c
  ...
ok 6 - publish-namespace-done
  ---
  duration_ms: 2111
  connection_id: 6bdcc48a2f8f9391231255894d864d8b
  ...
make[1]: Leaving directory '/home/runner/work/moq-interop-runner/moq-interop-runner/main'
