make[1]: Entering directory '/home/runner/work/moq-interop-runner/moq-interop-runner/main'
Running tests against moqt://lminiero.it:9000...
  Client: ghcr.io/englishm/moq-interop-runner-moq-test-client:latest
docker run --rm \
	--network host \
	-e RELAY_URL=moqt://lminiero.it:9000 \
	-e TLS_DISABLE_VERIFY=false \
	ghcr.io/englishm/moq-interop-runner-moq-test-client:latest
TAP version 14
# moq-test-client v0.1.0
# Relay: moqt://lminiero.it:9000
1..6
ok 1 - setup-only
  ---
  duration_ms: 347
  connection_id: 0bb64400f5326943e47b372430c7f6ce
  ...
ok 2 - announce-only
  ---
  duration_ms: 2682
  connection_id: f1108c213ed161dc86c25f017ef13737
  ...
ok 3 - subscribe-error
  ---
  duration_ms: 663
  connection_id: a3f7f23ee6e474aaa2a6447048c65bf9
  ...
ok 4 - announce-subscribe
  ---
  duration_ms: 4302
  publisher_connection_id: 2a8ebf689f77f4c7186fd878a0faa016
  subscriber_connection_id: 73693c222d3248fd2191d28fdb5e3aeb
  ...
ok 5 - subscribe-before-announce
  ---
  duration_ms: 4183
  subscriber_connection_id: 094b2e8d8d0566b9bf065675e8e0de69
  publisher_connection_id: b688d39efc0d0c071efb6c9ecb987364
  ...
ok 6 - publish-namespace-done
  ---
  duration_ms: 2436
  connection_id: ece4f471b44b2161c74819ffadf86c8f
  ...
make[1]: Leaving directory '/home/runner/work/moq-interop-runner/moq-interop-runner/main'
