make[1]: Entering directory '/home/runner/work/moq-interop-runner/moq-interop-runner/main'
Running tests against https://lminiero.it:9000...
  Client: ghcr.io/englishm/moq-interop-runner-moq-test-client:latest
docker run --rm \
	--network host \
	-e RELAY_URL=https://lminiero.it:9000 \
	-e TLS_DISABLE_VERIFY=false \
	ghcr.io/englishm/moq-interop-runner-moq-test-client:latest
TAP version 14
# moq-test-client v0.1.0
# Relay: https://lminiero.it:9000/
1..6
ok 1 - setup-only
  ---
  duration_ms: 1034
  connection_id: 4a34cb556af8c9e46885cfaa084b6792
  ...
ok 2 - announce-only
  ---
  duration_ms: 2689
  connection_id: 3b8b3cec880d6dc891a27821e1e4dc09
  ...
ok 3 - subscribe-error
  ---
  duration_ms: 974
  connection_id: f0bb1abb86ffe9413af50302814a91c4
  ...
ok 4 - announce-subscribe
  ---
  duration_ms: 4364
  publisher_connection_id: 5fb1a5093ffffcad354a348248e1547e
  subscriber_connection_id: 2da18b08c4f713c265c0ed871c07b3bf
  ...
ok 5 - subscribe-before-announce
  ---
  duration_ms: 5801
  subscriber_connection_id: 3f466b8e66df95921c25098333324634
  publisher_connection_id: 18ce0f179698148ca3b6b8ec19be3c33
  ...
ok 6 - publish-namespace-done
  ---
  duration_ms: 3100
  connection_id: c59634aaafc2aef0cb68205b18ba239c
  ...
make[1]: Leaving directory '/home/runner/work/moq-interop-runner/moq-interop-runner/main'
