make[1]: Entering directory '/home/runner/work/moq-interop-runner/moq-interop-runner/main'
Running tests against moqt://fb.mvfst.net:9448...
  Client: ghcr.io/englishm/moq-interop-runner-moq-test-client:latest
docker run --rm \
	--network host \
	-e RELAY_URL=moqt://fb.mvfst.net:9448 \
	-e TLS_DISABLE_VERIFY=1 \
	ghcr.io/englishm/moq-interop-runner-moq-test-client:latest
TAP version 14
# moq-test-client v0.1.0
# Relay: moqt://fb.mvfst.net:9448
1..6
ok 1 - setup-only
  ---
  duration_ms: 135
  connection_id: 6a3dabb18b52ffca3bdc857a044f0582
  ...
ok 2 - announce-only
  ---
  duration_ms: 2133
  connection_id: b26b534601ac43d0e7599cdfa0848f05
  ...
ok 3 - subscribe-error
  ---
  duration_ms: 198
  connection_id: abd4f81e52b83da495a65e1701e1ef76
  ...
ok 4 - announce-subscribe
  ---
  duration_ms: 328
  publisher_connection_id: bb3106554460060482cd0f4155ed8356
  subscriber_connection_id: f341af9c1b3ba35b34e4cffbc413a4a4
  ...
ok 5 - subscribe-before-announce
  ---
  duration_ms: 3772
  subscriber_connection_id: 7641130b43a771c8d4ef795cc3426e41
  publisher_connection_id: 74ec2d1240228d3c6d1d2581ce3df6eb
  ...
ok 6 - publish-namespace-done
  ---
  duration_ms: 2234
  connection_id: 520921783d158b0efa163daed23d9b62
  ...
make[1]: Leaving directory '/home/runner/work/moq-interop-runner/moq-interop-runner/main'
