make[1]: Entering directory '/home/runner/work/moq-interop-runner/moq-interop-runner/main'
Running tests against https://relay.moqtail.dev...
  Client: ghcr.io/facebookexperimental/moxygen-interop-client:latest-amd64
docker run --rm \
	--network host \
	-e RELAY_URL=https://relay.moqtail.dev \
	-e TLS_DISABLE_VERIFY=false \
	ghcr.io/facebookexperimental/moxygen-interop-client:latest-amd64
TAP version 14
# moxygen interop test client
# Relay: https://relay.moqtail.dev
# Transport: WebTransport
1..6
W0216 00:39:30.375944     1 MoQWebTransportClient.cpp:180] WebTransport: No WT-Protocol header in response, will use legacy version negotiation
E0216 00:39:30.530769     1 MoQSession.cpp:2573] proxygen::WebTransport::Exception: session terminated with error=386759528 id=4 sess=0x5588edb1cf70
ok 1 - setup-only
  ---
  duration_ms: 520
  info: SETUP exchange completed successfully
  ...
W0216 00:39:30.902766     1 MoQWebTransportClient.cpp:180] WebTransport: No WT-Protocol header in response, will use legacy version negotiation
E0216 00:39:31.216222     1 MoQRelaySession.cpp:681] PublishNamespaceDone for unknown publishNamespace, sess=0x5588edb238c0
E0216 00:39:31.216398     1 MoQSession.cpp:2573] proxygen::WebTransport::Exception: session terminated with error=386759528 id=4 sess=0x5588edb238c0
ok 2 - announce-only
  ---
  duration_ms: 685
  info: PUBLISH_NAMESPACE completed successfully
  ...
W0216 00:39:31.531411     1 MoQWebTransportClient.cpp:180] WebTransport: No WT-Protocol header in response, will use legacy version negotiation
E0216 00:39:31.840149     1 MoQWebTransportClient.cpp:205] proxygen::HTTPException: Got error=ApplicationError: 3, Client closed by peer reason=Error in control stream handler
E20260216 00:39:31.840250     1 HQSession.cpp:530] Connection closed with error err=3 msg=Client closed by peer reason=Error in control stream handler proto=h3, client CID=, server CID=9498878fc6dfa3a4, local=10.1.0.230:38939, 172.238.107.254:443=upstream, drain=done
E0216 00:39:31.841226     1 MoQSession.cpp:2573] proxygen::WebTransport::Exception: received invalid reset_stream with error=3 id=4 sess=0x5588edb4fe60
ok 3 - subscribe-error
  ---
  duration_ms: 624
  info: Subscribe correctly returned error: Session closed
  ...
W0216 00:39:32.158699     1 MoQWebTransportClient.cpp:180] WebTransport: No WT-Protocol header in response, will use legacy version negotiation
W0216 00:39:32.800804     1 MoQWebTransportClient.cpp:180] WebTransport: No WT-Protocol header in response, will use legacy version negotiation
E0216 00:39:33.124985     1 MoQWebTransportClient.cpp:205] proxygen::HTTPException: Got error=ApplicationError: 3, Client closed by peer reason=Error in control stream handler
E20260216 00:39:33.125062     1 HQSession.cpp:530] Connection closed with error err=3 msg=Client closed by peer reason=Error in control stream handler proto=h3, client CID=, server CID=7272615d7fbe7844, local=10.1.0.230:53455, 172.238.107.254:443=upstream, drain=done
E0216 00:39:33.125208     1 MoQSession.cpp:2573] proxygen::WebTransport::Exception: received invalid reset_stream with error=3 id=4 sess=0x5588edb43f30
E0216 00:39:33.125454     1 MoQSession.cpp:2573] proxygen::WebTransport::Exception: session terminated with error=386759528 id=4 sess=0x5588edb553a0
not ok 4 - announce-subscribe
  ---
  duration_ms: 1283
  error: Subscribe failed: Session closed
  ...
E20260216 00:39:33.281191     1 HQSession.cpp:530] Connection closed with error err=1 msg=Client closed by peer reason=Error in control stream handler proto=h3, client CID=, server CID=abd8aad137579049, local=10.1.0.230:33123, 172.238.107.254:443=upstream, drain=done
W0216 00:39:33.455232     1 MoQWebTransportClient.cpp:180] WebTransport: No WT-Protocol header in response, will use legacy version negotiation
E0216 00:39:33.779533     1 MoQSession.cpp:2573] proxygen::WebTransport::Exception: session terminated with error=386759528 id=4 sess=0x5588edb0c830
ok 5 - publish-namespace-done
  ---
  duration_ms: 653
  info: PUBLISH_NAMESPACE_OK received, PUBLISH_NAMESPACE_DONE sent
  ...
E20260216 00:39:33.942327     1 HQSession.cpp:530] Connection closed with error err=1 msg=Client closed by peer reason=Error in control stream handler proto=h3, client CID=, server CID=b94537054e4b0ae4, local=10.1.0.230:60828, 172.238.107.254:443=upstream, drain=done
W0216 00:39:34.110357     1 MoQWebTransportClient.cpp:180] WebTransport: No WT-Protocol header in response, will use legacy version negotiation
E0216 00:39:34.434708     1 MoQWebTransportClient.cpp:205] proxygen::HTTPException: Got error=ApplicationError: 3, Client closed by peer reason=Error in control stream handler
E20260216 00:39:34.434784     1 HQSession.cpp:530] Connection closed with error err=3 msg=Client closed by peer reason=Error in control stream handler proto=h3, client CID=, server CID=9433416ffc1c14cd, local=10.1.0.230:48892, 172.238.107.254:443=upstream, drain=done
E0216 00:39:34.434936     1 MoQSession.cpp:2573] proxygen::WebTransport::Exception: received invalid reset_stream with error=3 id=4 sess=0x5588edad64a0
W0216 00:39:35.107182     1 MoQWebTransportClient.cpp:180] WebTransport: No WT-Protocol header in response, will use legacy version negotiation
E0216 00:39:35.409460     1 MoQSession.cpp:2573] proxygen::WebTransport::Exception: session terminated with error=386759528 id=4 sess=0x5588edb388e0
ok 6 - subscribe-before-announce
  ---
  duration_ms: 1629
  info: Subscribe returned error (relay doesn't buffer pending subscriptions): Session closed
  ...
E20260216 00:39:35.560259     1 HQSession.cpp:530] Connection closed with error err=1 msg=Client closed by peer reason=Error in control stream handler proto=h3, client CID=, server CID=2bb4c130ae10502d, local=10.1.0.230:33523, 172.238.107.254:443=upstream, drain=done
make[1]: *** [Makefile:91: test-external] Error 1
make[1]: Leaving directory '/home/runner/work/moq-interop-runner/moq-interop-runner/main'
