make[1]: Entering directory '/home/runner/work/moq-interop-runner/moq-interop-runner/main'
Running tests against https://fb.mvfst.net:9448/moq-relay...
  Client: ghcr.io/facebookexperimental/moxygen-interop-client:latest-amd64
docker run --rm \
	--network host \
	-e RELAY_URL=https://fb.mvfst.net:9448/moq-relay \
	-e TLS_DISABLE_VERIFY=1 \
	ghcr.io/facebookexperimental/moxygen-interop-client:latest-amd64
TAP version 14
# moxygen interop test client
# Relay: https://fb.mvfst.net:9448/moq-relay
# Transport: WebTransport
1..6
E0216 00:29:07.124277     1 MoQSession.cpp:2573] proxygen::WebTransport::Exception: session terminated with error=386759528 id=4 sess=0x55fe010b1800
ok 1 - setup-only
  ---
  duration_ms: 197
  info: SETUP exchange completed successfully
  ...
E0216 00:29:07.381289     1 MoQRelaySession.cpp:681] PublishNamespaceDone for unknown publishNamespace, sess=0x55fe010c33e0
ok 2 - announce-only
  ---
  duration_ms: 256
  info: PUBLISH_NAMESPACE completed successfully
  ...
E0216 00:29:07.381428     1 MoQSession.cpp:2573] proxygen::WebTransport::Exception: session terminated with error=386759528 id=4 sess=0x55fe010c33e0
ok 3 - subscribe-error
  ---
  duration_ms: 259
  info: Subscribe correctly returned error: no such namespace or track
  ...
E0216 00:29:07.641560     1 MoQSession.cpp:2573] proxygen::WebTransport::Exception: session terminated with error=386759528 id=4 sess=0x55fe010d39f0
ok 4 - announce-subscribe
  ---
  duration_ms: 610
  info: Publisher announced, subscriber subscribed successfully
  ...
E0216 00:29:08.252625     1 MoQSession.cpp:2573] proxygen::WebTransport::Exception: session terminated with error=386759528 id=4 sess=0x55fe010b26f0
E0216 00:29:08.252678     1 MoQSession.cpp:2573] proxygen::WebTransport::Exception: session terminated with error=386759528 id=4 sess=0x55fe010c7e90
E0216 00:29:08.541617     1 MoQSession.cpp:2573] proxygen::WebTransport::Exception: session terminated with error=386759528 id=4 sess=0x55fe010b2d40
ok 5 - publish-namespace-done
  ---
  duration_ms: 288
  info: PUBLISH_NAMESPACE_OK received, PUBLISH_NAMESPACE_DONE sent
  ...
E0216 00:29:09.497587     1 MoQSession.cpp:2573] proxygen::WebTransport::Exception: session terminated with error=386759528 id=4 sess=0x55fe0108f510
E0216 00:29:09.497607     1 MoQSession.cpp:2573] proxygen::WebTransport::Exception: session terminated with error=386759528 id=4 sess=0x55fe010b2660
ok 6 - subscribe-before-announce
  ---
  duration_ms: 955
  info: Subscribe returned error (relay doesn't buffer pending subscriptions): no such namespace or track
  ...
make[1]: Leaving directory '/home/runner/work/moq-interop-runner/moq-interop-runner/main'
