make[1]: Entering directory '/home/runner/work/moq-interop-runner/moq-interop-runner/main'
Running tests against moqt://us-west-2.relay.quicr.org:33437...
  Client: ghcr.io/gmarzot/aiomoqt:latest
docker run --rm \
	 \
	--network host \
	-e RELAY_URL=moqt://us-west-2.relay.quicr.org:33437 \
	-e TLS_DISABLE_VERIFY=1 \
	ghcr.io/gmarzot/aiomoqt:latest
2026-06-11 00:50:14.404 ERROR: QUIC error: code: 376 reason: ConnectionTerminated
2026-06-11 00:50:14.404 ERROR: MOQT error: closing: ConnectionTerminated (376)
  [FAIL] setup-only: Failed: TimeoutError
2026-06-11 00:50:16.406 ERROR: QUIC error: code: 376 reason: ConnectionTerminated
2026-06-11 00:50:16.406 ERROR: MOQT error: closing: ConnectionTerminated (376)
  [FAIL] announce-only: Failed: TimeoutError
2026-06-11 00:50:18.407 ERROR: QUIC error: code: 376 reason: ConnectionTerminated
2026-06-11 00:50:18.407 ERROR: MOQT error: closing: ConnectionTerminated (376)
  [FAIL] publish-namespace-done: Failed: TimeoutError
2026-06-11 00:50:20.410 ERROR: QUIC error: code: 376 reason: ConnectionTerminated
2026-06-11 00:50:20.410 ERROR: MOQT error: closing: ConnectionTerminated (376)
  [FAIL] subscribe-error: Failed: TimeoutError
2026-06-11 00:50:22.413 ERROR: QUIC error: code: 376 reason: ConnectionTerminated
2026-06-11 00:50:22.413 ERROR: MOQT error: closing: ConnectionTerminated (376)
  [FAIL] announce-subscribe: Failed: TimeoutError
2026-06-11 00:50:25.417 ERROR: QUIC error: code: 376 reason: ConnectionTerminated
2026-06-11 00:50:25.417 ERROR: MOQT error: closing: ConnectionTerminated (376)
  [FAIL] subscribe-before-announce: Failed: TimeoutError
TAP version 14
# date: 2026-06-11T00:50:14Z
# ended: 2026-06-11T00:50:28Z
# target: moqt://us-west-2.relay.quicr.org:33437
# version: aiomoqt/0.9.6
1..6
not ok 1 - setup-only
  ---
  duration_ms: 2003.0
  message: Failed: TimeoutError
  expected: SERVER_SETUP received
  received: TimeoutError
  ...
not ok 2 - announce-only
  ---
  duration_ms: 2002.6
  message: Failed: TimeoutError
  expected: PUBLISH_NAMESPACE_OK
  received: TimeoutError
  ...
not ok 3 - publish-namespace-done
  ---
  duration_ms: 2002.4
  message: Failed: TimeoutError
  expected: PUBLISH_NAMESPACE_OK + PUBLISH_NAMESPACE_DONE
  received: TimeoutError
  ...
not ok 4 - subscribe-error
  ---
  duration_ms: 2003.4
  message: Failed: TimeoutError
  expected: error response
  received: TimeoutError
  ...
not ok 5 - announce-subscribe
  ---
  duration_ms: 3004.1
  publisher_connection_id: unknown
  subscriber_connection_id: unknown
  message: Failed: TimeoutError
  received: TimeoutError
  ...
not ok 6 - subscribe-before-announce
  ---
  duration_ms: 3504.2
  publisher_connection_id: unknown
  subscriber_connection_id: unknown
  message: Failed: TimeoutError
  received: TimeoutError
  ...
make[1]: *** [Makefile:121: test-external] Error 1
make[1]: Leaving directory '/home/runner/work/moq-interop-runner/moq-interop-runner/main'
