make[1]: Entering directory '/home/runner/work/moq-interop-runner/moq-interop-runner/main'
Running tests against moqt://lminiero.it:9000...
  Client: ghcr.io/gmarzot/aiomoqt:latest
docker run --rm \
	 \
	--network host \
	-e RELAY_URL=moqt://lminiero.it:9000 \
	-e TLS_DISABLE_VERIFY=false \
	ghcr.io/gmarzot/aiomoqt:latest
2026-06-11 00:49:44.597 ERROR: QUIC error: code: 376 reason: ConnectionTerminated
2026-06-11 00:49:44.597 ERROR: MOQT error: closing: ConnectionTerminated (376)
  [FAIL] setup-only: Failed: TimeoutError
2026-06-11 00:49:46.601 ERROR: QUIC error: code: 376 reason: ConnectionTerminated
2026-06-11 00:49:46.601 ERROR: MOQT error: closing: ConnectionTerminated (376)
  [FAIL] announce-only: Failed: TimeoutError
2026-06-11 00:49:48.603 ERROR: QUIC error: code: 376 reason: ConnectionTerminated
2026-06-11 00:49:48.604 ERROR: MOQT error: closing: ConnectionTerminated (376)
  [FAIL] publish-namespace-done: Failed: TimeoutError
2026-06-11 00:49:50.604 ERROR: QUIC error: code: 376 reason: ConnectionTerminated
2026-06-11 00:49:50.604 ERROR: MOQT error: closing: ConnectionTerminated (376)
  [FAIL] subscribe-error: Failed: TimeoutError
2026-06-11 00:49:52.609 ERROR: QUIC error: code: 376 reason: ConnectionTerminated
2026-06-11 00:49:52.609 ERROR: MOQT error: closing: ConnectionTerminated (376)
  [FAIL] announce-subscribe: Failed: TimeoutError
2026-06-11 00:49:55.612 ERROR: QUIC error: code: 376 reason: ConnectionTerminated
2026-06-11 00:49:55.612 ERROR: MOQT error: closing: ConnectionTerminated (376)
  [FAIL] subscribe-before-announce: Failed: TimeoutError
TAP version 14
# date: 2026-06-11T00:49:44Z
# ended: 2026-06-11T00:49:59Z
# target: moqt://lminiero.it:9000
# version: aiomoqt/0.9.6
1..6
not ok 1 - setup-only
  ---
  duration_ms: 2003.6
  message: Failed: TimeoutError
  expected: SERVER_SETUP received
  received: TimeoutError
  ...
not ok 2 - announce-only
  ---
  duration_ms: 2002.7
  message: Failed: TimeoutError
  expected: PUBLISH_NAMESPACE_OK
  received: TimeoutError
  ...
not ok 3 - publish-namespace-done
  ---
  duration_ms: 2002.6
  message: Failed: TimeoutError
  expected: PUBLISH_NAMESPACE_OK + PUBLISH_NAMESPACE_DONE
  received: TimeoutError
  ...
not ok 4 - subscribe-error
  ---
  duration_ms: 2002.5
  message: Failed: TimeoutError
  expected: error response
  received: TimeoutError
  ...
not ok 5 - announce-subscribe
  ---
  duration_ms: 3003.6
  publisher_connection_id: unknown
  subscriber_connection_id: unknown
  message: Failed: TimeoutError
  received: TimeoutError
  ...
not ok 6 - subscribe-before-announce
  ---
  duration_ms: 3504.6
  publisher_connection_id: unknown
  subscriber_connection_id: unknown
  message: Failed: TimeoutError
  received: TimeoutError
  ...
make[1]: *** [Makefile:121: test-external] Error 1
make[1]: Leaving directory '/home/runner/work/moq-interop-runner/moq-interop-runner/main'
