make[1]: Entering directory '/home/runner/work/moq-interop-runner/moq-interop-runner/main'
Running tests against moqt://lminiero.it:9000...
  Client: ghcr.io/englishm/moq-interop-runner-moq-test-client-draft-16:latest
docker run --rm \
	 \
	--network host \
	-e RELAY_URL=moqt://lminiero.it:9000 \
	-e TLS_DISABLE_VERIFY=false \
	ghcr.io/englishm/moq-interop-runner-moq-test-client-draft-16:latest
TAP version 14
# moq-test-client v0.1.0
# Relay: moqt://lminiero.it:9000
1..6
ok 1 - setup-only
  ---
  duration_ms: 586
  connection_id: e89b90a9dd1195085a53b5e9f616166e
  ...
ok 2 - announce-only
  ---
  duration_ms: 2480
  connection_id: 924d02cfd00f0a3c7dd85168f835736b
  ...
ok 3 - subscribe-error
  ---
  duration_ms: 458
  connection_id: 1e7457075036d08a0158eaa6b30f6efd
  ...
ok 4 - announce-subscribe
  ---
  duration_ms: 3932
  publisher_connection_id: 5f7678e094b168eca923e2923bd2be4d
  subscriber_connection_id: 8e13da6a4d533cc34e3d9352620421f6
  ...
ok 5 - subscribe-before-announce
  ---
  duration_ms: 5223
  subscriber_connection_id: 0ceff551b77faca9879d52a19af97d76
  publisher_connection_id: 0ecc6a41f11e03a7402b079bd640185c
  ...
ok 6 - publish-namespace-done
  ---
  duration_ms: 2451
  connection_id: f9f4e3d88130e84167b5de5630439114
  ...
make[1]: Leaving directory '/home/runner/work/moq-interop-runner/moq-interop-runner/main'
