make[1]: Entering directory '/home/runner/work/moq-interop-runner/moq-interop-runner/main'
Running tests against https://relay.moqtail.dev...
  Client: ghcr.io/englishm/moq-interop-runner-moq-test-client-draft-16:latest
docker run --rm \
	 \
	--network host \
	-e RELAY_URL=https://relay.moqtail.dev \
	-e TLS_DISABLE_VERIFY=false \
	ghcr.io/englishm/moq-interop-runner-moq-test-client-draft-16:latest
TAP version 14
# moq-test-client v0.1.0
# Relay: https://relay.moqtail.dev/
1..6
ok 1 - setup-only
  ---
  duration_ms: 74
  connection_id: 2972157c6a91eb2fe47a80c7517bf985
  ...
ok 2 - announce-only
  ---
  duration_ms: 2132
  connection_id: 1758b3b354dfbba8634bb89a1983876f
  ...
ok 3 - subscribe-error
  ---
  duration_ms: 78
  connection_id: 4603bf8c5484c70bc2c2a69417ccbca6
  ...
ok 4 - announce-subscribe
  ---
  duration_ms: 186
  publisher_connection_id: 874d9cf4d4135bc1ad9f7dbb63bc5054
  subscriber_connection_id: 2a1bfe8f71223a9eb5b2991fadaf1c30
  ...
ok 5 - subscribe-before-announce
  ---
  duration_ms: 3566
  subscriber_connection_id: d12e077aebf27b6f399653d4b2dfd075
  publisher_connection_id: 57a4785e267cf1a494762ecdd4e35e1a
  ...
ok 6 - publish-namespace-done
  ---
  duration_ms: 2167
  connection_id: 85cbd333e8b866a779cd140252a057ac
  ...
make[1]: Leaving directory '/home/runner/work/moq-interop-runner/moq-interop-runner/main'
