make[1]: Entering directory '/home/runner/work/moq-interop-runner/moq-interop-runner/main'
Running tests against https://us-west-2.relay.quicr.org:33437/relay...
  Client: ghcr.io/openmoq/moqx-interop-client:latest
docker run --rm \
	 \
	--network host \
	-e RELAY_URL=https://us-west-2.relay.quicr.org:33437/relay \
	-e TLS_DISABLE_VERIFY=1 \
	ghcr.io/openmoq/moqx-interop-client:latest
TAP version 14
# moxygen interop test client
# Relay: https://us-west-2.relay.quicr.org:33437/relay
# Transport: WebTransport
1..6
W0611 01:09:50.163131     1 MoQWebTransportClient.cpp:176] WebTransport: No WT-Protocol header in response, will use legacy version negotiation
E0611 01:09:50.228388     1 MoQFramer.cpp:1054] Server selected version draft-1 but we only offer draft-14 in legacy mode
E0611 01:09:50.228412     1 MoQCodec.cpp:126] Conn error=21
E0611 01:09:50.228418     1 MoQSession.cpp:4884] MoQCodec control stream parse error err=21
not ok 1 - setup-only
  ---
  duration_ms: 230
  error: coroutine operation cancelled
  ...
W0611 01:09:50.413856     1 MoQWebTransportClient.cpp:176] WebTransport: No WT-Protocol header in response, will use legacy version negotiation
E0611 01:09:50.478514     1 MoQFramer.cpp:1054] Server selected version draft-1 but we only offer draft-14 in legacy mode
E0611 01:09:50.478536     1 MoQCodec.cpp:126] Conn error=21
E0611 01:09:50.478543     1 MoQSession.cpp:4884] MoQCodec control stream parse error err=21
not ok 2 - announce-only
  ---
  duration_ms: 250
  error: coroutine operation cancelled
  ...
W0611 01:09:50.642926     1 MoQWebTransportClient.cpp:176] WebTransport: No WT-Protocol header in response, will use legacy version negotiation
E0611 01:09:50.708434     1 MoQFramer.cpp:1054] Server selected version draft-1 but we only offer draft-14 in legacy mode
E0611 01:09:50.708453     1 MoQCodec.cpp:126] Conn error=21
E0611 01:09:50.708459     1 MoQSession.cpp:4884] MoQCodec control stream parse error err=21
not ok 3 - subscribe-error
  ---
  duration_ms: 229
  error: coroutine operation cancelled
  ...
W0611 01:09:50.851635     1 MoQWebTransportClient.cpp:176] WebTransport: No WT-Protocol header in response, will use legacy version negotiation
E0611 01:09:50.916782     1 MoQFramer.cpp:1054] Server selected version draft-1 but we only offer draft-14 in legacy mode
E0611 01:09:50.916800     1 MoQCodec.cpp:126] Conn error=21
E0611 01:09:50.916805     1 MoQSession.cpp:4884] MoQCodec control stream parse error err=21
not ok 4 - announce-subscribe
  ---
  duration_ms: 208
  error: coroutine operation cancelled
  ...
W0611 01:09:51.050045     1 MoQWebTransportClient.cpp:176] WebTransport: No WT-Protocol header in response, will use legacy version negotiation
E0611 01:09:51.114457     1 MoQFramer.cpp:1054] Server selected version draft-1 but we only offer draft-14 in legacy mode
E0611 01:09:51.114477     1 MoQCodec.cpp:126] Conn error=21
E0611 01:09:51.114482     1 MoQSession.cpp:4884] MoQCodec control stream parse error err=21
not ok 5 - publish-namespace-done
  ---
  duration_ms: 197
  error: coroutine operation cancelled
  ...
W0611 01:09:51.247253     1 MoQWebTransportClient.cpp:176] WebTransport: No WT-Protocol header in response, will use legacy version negotiation
E0611 01:09:51.312195     1 MoQFramer.cpp:1054] Server selected version draft-1 but we only offer draft-14 in legacy mode
E0611 01:09:51.312211     1 MoQCodec.cpp:126] Conn error=21
E0611 01:09:51.312215     1 MoQSession.cpp:4884] MoQCodec control stream parse error err=21
not ok 6 - subscribe-before-announce
  ---
  duration_ms: 197
  error: coroutine operation cancelled
  ...
make[1]: *** [Makefile:121: test-external] Error 1
make[1]: Leaving directory '/home/runner/work/moq-interop-runner/moq-interop-runner/main'
