make[1]: Entering directory '/home/runner/work/moq-interop-runner/moq-interop-runner/main'
Running tests against moqt://draft-14.cloudflare.mediaoverquic.com:443...
  Client: ghcr.io/englishm/moq-interop-runner-moq-test-client:latest
docker run --rm \
	--network host \
	-e RELAY_URL=moqt://draft-14.cloudflare.mediaoverquic.com:443 \
	-e TLS_DISABLE_VERIFY=false \
	ghcr.io/englishm/moq-interop-runner-moq-test-client:latest
TAP version 14
# moq-test-client v0.1.0
# Relay: moqt://draft-14.cloudflare.mediaoverquic.com:443
1..6
ok 1 - setup-only
  ---
  duration_ms: 78
  connection_id: 8491eaaa459d6ba4fe591acfa249eaaa
  ...
ok 2 - announce-only
  ---
  duration_ms: 2031
  connection_id: e5798532052b2029f6bba183f3db1b32
  ...
ok 3 - subscribe-error
  ---
  duration_ms: 384
  connection_id: 4f110204a4889970700fd559aa45e14b
  ...
ok 4 - announce-subscribe
  ---
  duration_ms: 615
  publisher_connection_id: ddd9219b72a475af26ea151f1da80906
  subscriber_connection_id: 0b5064c4ce8a98c40a98c29e490b9750
  ...
ok 5 - subscribe-before-announce
  ---
  duration_ms: 3557
  subscriber_connection_id: b8f00d6a122ef8ffcb66f3b367ccc19b
  publisher_connection_id: 722138fa6fd9412bfabc286192239b89
  ...
ok 6 - publish-namespace-done
  ---
  duration_ms: 2140
  connection_id: d5b68289e71c3704fe9a61d9307759e2
  ...
make[1]: Leaving directory '/home/runner/work/moq-interop-runner/moq-interop-runner/main'
