make[1]: Entering directory '/home/runner/work/moq-interop-runner/moq-interop-runner/main'
Running tests against moqt://us-west-2.relay.quicr.org:33437...
  Client: ghcr.io/englishm/moq-interop-runner-moq-test-client:latest
docker run --rm \
	--network host \
	-e RELAY_URL=moqt://us-west-2.relay.quicr.org:33437 \
	-e TLS_DISABLE_VERIFY=1 \
	ghcr.io/englishm/moq-interop-runner-moq-test-client:latest
TAP version 14
# moq-test-client v0.1.0
# Relay: moqt://us-west-2.relay.quicr.org:33437
1..6
ok 1 - setup-only
  ---
  duration_ms: 377
  connection_id: d3e6dac021e18b4d5c2571d320b4ad33
  ...
ok 2 - announce-only
  ---
  duration_ms: 2193
  connection_id: edc2dbe3fa8e307c9c35d28c6c4fb9a2
  ...
not ok 3 - subscribe-error
  ---
  duration_ms: 10000
  message: "test timed out: deadline has elapsed"
  ...
ok 4 - announce-subscribe
  ---
  duration_ms: 3347
  publisher_connection_id: 137aaa24880829446251f018d2bbd4fd
  subscriber_connection_id: ebd50929d5ce5bf04b48634b9bbd7833
  ...
ok 5 - subscribe-before-announce
  ---
  duration_ms: 5396
  subscriber_connection_id: 3b0a4e41ab0439b67f337bd82c3b639c
  publisher_connection_id: 112264a56cbf0b4f5ae06d48d4a3c30c
  ...
ok 6 - publish-namespace-done
  ---
  duration_ms: 2344
  connection_id: e0a92e899927bd1fdca1ed7a9cc91440
  ...
make[1]: *** [Makefile:91: test-external] Error 1
make[1]: Leaving directory '/home/runner/work/moq-interop-runner/moq-interop-runner/main'
