make[1]: Entering directory '/home/runner/work/moq-interop-runner/moq-interop-runner/main'
Running tests against https://fb.mvfst.net:9448/moq-relay...
  Client: ghcr.io/englishm/moq-interop-runner-moq-test-client:latest
docker run --rm \
	--network host \
	-e RELAY_URL=https://fb.mvfst.net:9448/moq-relay \
	-e TLS_DISABLE_VERIFY=1 \
	ghcr.io/englishm/moq-interop-runner-moq-test-client:latest
TAP version 14
# moq-test-client v0.1.0
# Relay: https://fb.mvfst.net:9448/moq-relay
1..6
ok 1 - setup-only
  ---
  duration_ms: 81
  connection_id: f005e148036a37b0e554b11098ababdb
  ...
ok 2 - announce-only
  ---
  duration_ms: 2107
  connection_id: fb42c82747d7045d66738f21f5967544
  ...
ok 3 - subscribe-error
  ---
  duration_ms: 100
  connection_id: 79ca0a326416801c014096f94169716c
  ...
ok 4 - announce-subscribe
  ---
  duration_ms: 210
  publisher_connection_id: af1355450590166fbf7244a647ad92fc
  subscriber_connection_id: 77c488872884a1b9efa2fc11d4187ef2
  ...
ok 5 - subscribe-before-announce
  ---
  duration_ms: 3736
  subscriber_connection_id: ebbe21e068c21badbe32cc50a475b306
  publisher_connection_id: 7b9559f019f9c706044a8f300fbc8c73
  ...
ok 6 - publish-namespace-done
  ---
  duration_ms: 2183
  connection_id: 17c46c05d9852fc26fb50e52c9b3b6b3
  ...
make[1]: Leaving directory '/home/runner/work/moq-interop-runner/moq-interop-runner/main'
