make[1]: Entering directory '/home/runner/work/moq-interop-runner/moq-interop-runner/main'
Running tests against https://lminiero.it:9000...
  Client: ghcr.io/facebookexperimental/moxygen-interop-client:latest-amd64
docker run --rm \
	--network host \
	-e RELAY_URL=https://lminiero.it:9000 \
	-e TLS_DISABLE_VERIFY=false \
	ghcr.io/facebookexperimental/moxygen-interop-client:latest-amd64
TAP version 14
# moxygen interop test client
# Relay: https://lminiero.it:9000
# Transport: WebTransport
1..6
E20260306 00:34:14.667758     1 HQSession.cpp:530] Connection closed with error err=Connect failed msg=connect timeout proto=, client CID=, server CID=, local=<uninitialized address>, 212.227.213.68:9000=upstream, drain=none
E0306 00:34:14.669060     1 MoQWebTransportClient.cpp:95] std::runtime_error: Connect failed
not ok 1 - setup-only
  ---
  duration_ms: 2247
  error: Connect failed
  ...
E20260306 00:34:16.689321     1 HQSession.cpp:530] Connection closed with error err=Connect failed msg=connect timeout proto=, client CID=, server CID=, local=<uninitialized address>, 212.227.213.68:9000=upstream, drain=none
E0306 00:34:16.689429     1 MoQWebTransportClient.cpp:95] std::runtime_error: Connect failed
not ok 2 - announce-only
  ---
  duration_ms: 2020
  error: Connect failed
  ...
E20260306 00:34:18.708618     1 HQSession.cpp:530] Connection closed with error err=Connect failed msg=connect timeout proto=, client CID=, server CID=, local=<uninitialized address>, 212.227.213.68:9000=upstream, drain=none
E0306 00:34:18.708730     1 MoQWebTransportClient.cpp:95] std::runtime_error: Connect failed
not ok 3 - subscribe-error
  ---
  duration_ms: 2019
  error: Connect failed
  ...
E20260306 00:34:20.731279     1 HQSession.cpp:530] Connection closed with error err=Connect failed msg=connect timeout proto=, client CID=, server CID=, local=<uninitialized address>, 212.227.213.68:9000=upstream, drain=none
E0306 00:34:20.731381     1 MoQWebTransportClient.cpp:95] std::runtime_error: Connect failed
not ok 4 - announce-subscribe
  ---
  duration_ms: 2022
  error: Connect failed
  ...
E20260306 00:34:22.933923     1 HQSession.cpp:530] Connection closed with error err=Connect failed msg=connect timeout proto=, client CID=, server CID=, local=<uninitialized address>, 212.227.213.68:9000=upstream, drain=none
E0306 00:34:22.934049     1 MoQWebTransportClient.cpp:95] std::runtime_error: Connect failed
not ok 5 - publish-namespace-done
  ---
  duration_ms: 2202
  error: Connect failed
  ...
E20260306 00:34:25.150161     1 HQSession.cpp:530] Connection closed with error err=Connect failed msg=connect timeout proto=, client CID=, server CID=, local=<uninitialized address>, 212.227.213.68:9000=upstream, drain=none
E0306 00:34:25.150269     1 MoQWebTransportClient.cpp:95] std::runtime_error: Connect failed
not ok 6 - subscribe-before-announce
  ---
  duration_ms: 2216
  error: Connect failed
  ...
make[1]: *** [Makefile:91: test-external] Error 1
make[1]: Leaving directory '/home/runner/work/moq-interop-runner/moq-interop-runner/main'
