make[1]: Entering directory '/home/runner/work/moq-interop-runner/moq-interop-runner/main'
Running tests against https://lminiero.it:9000...
  Client: moq-test-client:latest
docker run --rm \
	--network host \
	-e RELAY_URL=https://lminiero.it:9000 \
	-e TLS_DISABLE_VERIFY=1 \
	moq-test-client:latest
TAP version 14
# moq-test-client v0.1.0
# Relay: https://lminiero.it:9000/
1..6
ok 1 - setup-only
  ---
  duration_ms: 1175
  connection_id: dde908ac6288b8e86a759bb6d9991eb0
  ...
ok 2 - announce-only
  ---
  duration_ms: 2753
  connection_id: 3837981a355d94ec00e3aa6ad9858745
  ...
ok 3 - subscribe-error
  ---
  duration_ms: 1146
  connection_id: 5af661be98b2d6d3bfe1a1f956836b3f
  ...
ok 4 - announce-subscribe
  ---
  duration_ms: 5514
  publisher_connection_id: ae1e43d83f7fa596c6f212973e8a9fd4
  subscriber_connection_id: ca016e4e337faa5c1cb4ea076a6d8892
  ...
ok 5 - subscribe-before-announce
  ---
  duration_ms: 4935
  subscriber_connection_id: 5fc6296d979b2217cc4603ff18817a54
  publisher_connection_id: 82f96867028f44a8fdb093f5101b5ab1
  ...
ok 6 - publish-namespace-done
  ---
  duration_ms: 2779
  connection_id: 8c8764a632b80ae6094de2bb6f39517b
  ...
make[1]: Leaving directory '/home/runner/work/moq-interop-runner/moq-interop-runner/main'
