make[1]: Entering directory '/home/runner/work/moq-interop-runner/moq-interop-runner/main'
Running tests against https://fb.mvfst.net:9448/moq-relay...
  Client: moq-test-client:latest
docker run --rm \
	--network host \
	-e RELAY_URL=https://fb.mvfst.net:9448/moq-relay \
	-e TLS_DISABLE_VERIFY=1 \
	moq-test-client:latest
TAP version 14
# moq-test-client v0.1.0
# Relay: https://fb.mvfst.net:9448/moq-relay
1..6
ok 1 - setup-only
  ---
  duration_ms: 252
  connection_id: df59c134fce9601a439e72253365a7f1
  ...
ok 2 - announce-only
  ---
  duration_ms: 2231
  connection_id: d3acb417524f66dd89e4e31342916631
  ...
ok 3 - subscribe-error
  ---
  duration_ms: 287
  connection_id: a94daaa719d4e15ab3d90426d526bd85
  ...
ok 4 - announce-subscribe
  ---
  duration_ms: 492
  publisher_connection_id: 4e83f7d82aff0f83f8e5f2da4615b491
  subscriber_connection_id: c6f2e8fdcc4516a938c48d68ca8f29bf
  ...
ok 5 - subscribe-before-announce
  ---
  duration_ms: 3939
  subscriber_connection_id: 708211b8b8d19666fe3cf14d0e18d15f
  publisher_connection_id: 5d73cb2056c3f7cbdf95b99d8e1385ee
  ...
ok 6 - publish-namespace-done
  ---
  duration_ms: 2339
  connection_id: 63726e6a449cc38ca43ffee62941e7cc
  ...
make[1]: Leaving directory '/home/runner/work/moq-interop-runner/moq-interop-runner/main'
