make[1]: Entering directory '/home/runner/work/moq-interop-runner/moq-interop-runner/main'
Running tests against moqt://us-west-2.relay.quicr.org:33437...
  Client: ghcr.io/englishm/moq-interop-runner-moq-test-client:latest
docker run --rm \
	--network host \
	-e RELAY_URL=moqt://us-west-2.relay.quicr.org:33437 \
	-e TLS_DISABLE_VERIFY=1 \
	ghcr.io/englishm/moq-interop-runner-moq-test-client:latest
TAP version 14
# moq-test-client v0.1.0
# Relay: moqt://us-west-2.relay.quicr.org:33437
1..6
ok 1 - setup-only
  ---
  duration_ms: 804
  connection_id: 5d79e5312ac23b8f57540ee4b12b9c2f
  ...
ok 2 - announce-only
  ---
  duration_ms: 2142
  connection_id: 8b9b7e03357aefda94b48807e8993bd3
  ...
not ok 3 - subscribe-error
  ---
  duration_ms: 10001
  message: "test timed out: deadline has elapsed"
  ...
ok 4 - announce-subscribe
  ---
  duration_ms: 3246
  publisher_connection_id: 6b0d2ac88ad2ebba6f5b8fd6d3586ab9
  subscriber_connection_id: 3456ff3db2ed31ed8e8e800a8d137070
  ...
ok 5 - subscribe-before-announce
  ---
  duration_ms: 4765
  subscriber_connection_id: 4272d9c452541cecefdbe7e99783550d
  publisher_connection_id: a06d158d42ddf3515afb29ecccc21434
  ...
ok 6 - publish-namespace-done
  ---
  duration_ms: 2252
  connection_id: 9890df550dbee8ab31c1e9da94dea248
  ...
make[1]: *** [Makefile:91: test-external] Error 1
make[1]: Leaving directory '/home/runner/work/moq-interop-runner/moq-interop-runner/main'
