make[1]: Entering directory '/home/runner/work/moq-interop-runner/moq-interop-runner/main'
Running tests against moqt://draft-14.cloudflare.mediaoverquic.com:443...
  Client: ghcr.io/englishm/moq-interop-runner-moq-test-client:latest
docker run --rm \
	--network host \
	-e RELAY_URL=moqt://draft-14.cloudflare.mediaoverquic.com:443 \
	-e TLS_DISABLE_VERIFY=false \
	ghcr.io/englishm/moq-interop-runner-moq-test-client:latest
TAP version 14
# moq-test-client v0.1.0
# Relay: moqt://draft-14.cloudflare.mediaoverquic.com:443
1..6
ok 1 - setup-only
  ---
  duration_ms: 35
  connection_id: a9991383adfc30fe1bd041f5d76e23b4
  ...
ok 2 - announce-only
  ---
  duration_ms: 2019
  connection_id: 2b5c15fd3cf2e8c6c1f47593fbe9d098
  ...
ok 3 - subscribe-error
  ---
  duration_ms: 280
  connection_id: 4040b72ddbf391a1d8533e40333f80cc
  ...
ok 4 - announce-subscribe
  ---
  duration_ms: 3046
  publisher_connection_id: 5b7dc03cb2d69da2b543273f2abd2801
  subscriber_connection_id: 791cabc48be17aec0dfc8439fa879c72
  ...
ok 5 - subscribe-before-announce
  ---
  duration_ms: 3549
  subscriber_connection_id: 98888d01aa565eaf91a88bfa4248db29
  publisher_connection_id: 6e8b304e874253c06467ea58dc5f90ad
  ...
ok 6 - publish-namespace-done
  ---
  duration_ms: 2126
  connection_id: fa0ffa4e2dbed5a76bd0f691b44f3a82
  ...
make[1]: Leaving directory '/home/runner/work/moq-interop-runner/moq-interop-runner/main'
