make[1]: Entering directory '/home/runner/work/moq-interop-runner/moq-interop-runner/main'
Running tests against https://draft-16-manish.cloudflare.mediaoverquic.com:443/moq...
  Client: ghcr.io/englishm/moq-interop-runner-moq-test-client-draft-16:latest
docker run --rm \
	--network host \
	-e RELAY_URL=https://draft-16-manish.cloudflare.mediaoverquic.com:443/moq \
	-e TLS_DISABLE_VERIFY=false \
	ghcr.io/englishm/moq-interop-runner-moq-test-client-draft-16:latest
TAP version 14
# moq-test-client v0.1.0
# Relay: https://draft-16-manish.cloudflare.mediaoverquic.com/moq
1..6
ok 1 - setup-only
  ---
  duration_ms: 168
  connection_id: 23638b5718e889fdf08989a713c074aa
  ...
ok 2 - announce-only
  ---
  duration_ms: 2057
  connection_id: 963e1c80efa245e40809f86848252e66
  ...
not ok 3 - subscribe-error
  ---
  duration_ms: 68
  message: "session error: decode error: field 'ReasonPhrase' too large: field 'ReasonPhrase' too large"
  ...
[2026-03-07T00:23:55Z ERROR moq_transport::session::reader] [READER] decode: ERROR decoding moq_transport::message::Message - FieldBoundsExceeded("ReasonPhrase") (buffer_len=57)
ok 4 - announce-subscribe
  ---
  duration_ms: 3172
  publisher_connection_id: 50c3286ab3bcbf0ad297b6bbf2058c51
  subscriber_connection_id: 6dc95553d9b1687a5c5010cba37513df
  ...
[2026-03-07T00:23:58Z ERROR moq_transport::session::reader] [READER] decode: ERROR decoding moq_transport::message::Message - FieldBoundsExceeded("ReasonPhrase") (buffer_len=57)
ok 5 - subscribe-before-announce
  ---
  duration_ms: 3613
  subscriber_connection_id: c1e8971c980691548097a0a72240ec79
  publisher_connection_id: b6ba7bee5bf3de1a881baf0d434df5e4
  ...
ok 6 - publish-namespace-done
  ---
  duration_ms: 2160
  connection_id: a0955645d5f5a69ce063c5de797845f3
  ...
make[1]: *** [Makefile:91: test-external] Error 1
make[1]: Leaving directory '/home/runner/work/moq-interop-runner/moq-interop-runner/main'
