make[1]: Entering directory '/home/runner/work/moq-interop-runner/moq-interop-runner/main'
Running tests against https://us-west-2.relay.quicr.org:33437/relay...
  Client: ghcr.io/englishm/moq-interop-runner-moq-test-client:latest
docker run --rm \
	--network host \
	-e RELAY_URL=https://us-west-2.relay.quicr.org:33437/relay \
	-e TLS_DISABLE_VERIFY=1 \
	ghcr.io/englishm/moq-interop-runner-moq-test-client:latest
TAP version 14
# moq-test-client v0.1.0
# Relay: https://us-west-2.relay.quicr.org:33437/relay
1..6
ok 1 - setup-only
  ---
  duration_ms: 213
  connection_id: 45f666dc3990eca8e8d7fa1d932ab6a1
  ...
ok 2 - announce-only
  ---
  duration_ms: 2213
  connection_id: 96101a7618f2af34e64827442466f03a
  ...
not ok 3 - subscribe-error
  ---
  duration_ms: 10000
  message: "test timed out: deadline has elapsed"
  ...
ok 4 - announce-subscribe
  ---
  duration_ms: 3329
  publisher_connection_id: 2e1f83728bd55469c07fe3b79f2a5da5
  subscriber_connection_id: 8d215b60fc1b8495ac88883eb2c01d5a
  ...
ok 5 - subscribe-before-announce
  ---
  duration_ms: 4978
  subscriber_connection_id: 90b1d36a1013285883819a224042bff5
  publisher_connection_id: 8d5a094984c2e22711ebf0387375c220
  ...
ok 6 - publish-namespace-done
  ---
  duration_ms: 2352
  connection_id: a136f1a9b5d2b180e79ecc3957c0f5e6
  ...
make[1]: *** [Makefile:91: test-external] Error 1
make[1]: Leaving directory '/home/runner/work/moq-interop-runner/moq-interop-runner/main'
