make[1]: Entering directory '/home/runner/work/moq-interop-runner/moq-interop-runner/main'
Running tests against https://fb.mvfst.net:9448/moq-relay...
  Client: ghcr.io/englishm/moq-interop-runner-moq-test-client:latest
docker run --rm \
	--network host \
	-e RELAY_URL=https://fb.mvfst.net:9448/moq-relay \
	-e TLS_DISABLE_VERIFY=1 \
	ghcr.io/englishm/moq-interop-runner-moq-test-client:latest
TAP version 14
# moq-test-client v0.1.0
# Relay: https://fb.mvfst.net:9448/moq-relay
1..6
ok 1 - setup-only
  ---
  duration_ms: 99
  connection_id: e6395eb05d2c3e31b9aedef0038c7555
  ...
ok 2 - announce-only
  ---
  duration_ms: 2330
  connection_id: cb2883da066992b3e36cf9c7aef1cf3e
  ...
ok 3 - subscribe-error
  ---
  duration_ms: 154
  connection_id: 8d4ad5481bf8b0f932134015b21dd977
  ...
ok 4 - announce-subscribe
  ---
  duration_ms: 3196
  publisher_connection_id: 9374c9a2c96e4d4ce26bc6490d139522
  subscriber_connection_id: 9179da590f1d30a72f818b56b14ad5e9
  ...
ok 5 - subscribe-before-announce
  ---
  duration_ms: 3815
  subscriber_connection_id: 119a110ce73cccbb65e51bde26345a7e
  publisher_connection_id: 0fa39f75c96f20c252ce1584ddc0d1df
  ...
ok 6 - publish-namespace-done
  ---
  duration_ms: 2204
  connection_id: eb2f79d5ad4b0f5869bef4f5224af98d
  ...
make[1]: Leaving directory '/home/runner/work/moq-interop-runner/moq-interop-runner/main'
