make[1]: Entering directory '/home/runner/work/moq-interop-runner/moq-interop-runner/main'
Running tests against moqt://fb.mvfst.net:9448...
  Client: ghcr.io/englishm/moq-interop-runner-moq-test-client-draft-16:latest
docker run --rm \
	--network host \
	-e RELAY_URL=moqt://fb.mvfst.net:9448 \
	-e TLS_DISABLE_VERIFY=1 \
	ghcr.io/englishm/moq-interop-runner-moq-test-client-draft-16:latest
TAP version 14
# moq-test-client v0.1.0
# Relay: moqt://fb.mvfst.net:9448
1..6
ok 1 - setup-only
  ---
  duration_ms: 64
  connection_id: e02d838d2f78654c270de2c7dcb91a7c
  ...
ok 2 - announce-only
  ---
  duration_ms: 2131
  connection_id: 7ec6f8c784da9ed36e88f83c2c3a0991
  ...
ok 3 - subscribe-error
  ---
  duration_ms: 174
  connection_id: 143c0aa132837418663ec8ac51feb0e4
  ...
ok 4 - announce-subscribe
  ---
  duration_ms: 282
  publisher_connection_id: e33f76528d6bfc1c0cdb269ddccdd33a
  subscriber_connection_id: 075d3e440b51a7680176cea4aecf36a6
  ...
ok 5 - subscribe-before-announce
  ---
  duration_ms: 3623
  subscriber_connection_id: 3d39daf3868e8a117f70976b1e1975ca
  publisher_connection_id: 09f8577e10ba4f6a763433dd799ab102
  ...
ok 6 - publish-namespace-done
  ---
  duration_ms: 2180
  connection_id: 8721aacb243c3b40a43a1caa86ce2753
  ...
make[1]: Leaving directory '/home/runner/work/moq-interop-runner/moq-interop-runner/main'
