make[1]: Entering directory '/home/runner/work/moq-interop-runner/moq-interop-runner/main'
Running tests against moqt://fb.mvfst.net:9448...
  Client: ghcr.io/englishm/moq-interop-runner-moq-test-client:latest
docker run --rm \
	--network host \
	-e RELAY_URL=moqt://fb.mvfst.net:9448 \
	-e TLS_DISABLE_VERIFY=1 \
	ghcr.io/englishm/moq-interop-runner-moq-test-client:latest
TAP version 14
# moq-test-client v0.1.0
# Relay: moqt://fb.mvfst.net:9448
1..6
ok 1 - setup-only
  ---
  duration_ms: 56
  connection_id: 60a6fc1d5c21fe8ec50d4dd9f9f44f78
  ...
ok 2 - announce-only
  ---
  duration_ms: 2121
  connection_id: 5be911f0726411af3bc74f1c7204811a
  ...
ok 3 - subscribe-error
  ---
  duration_ms: 194
  connection_id: 0e8968c51f3bcb1e0d9f480ad7f02ac7
  ...
ok 4 - announce-subscribe
  ---
  duration_ms: 209
  publisher_connection_id: f7b856121db2a0f3f92899a8f75bae83
  subscriber_connection_id: c2a8a2d2a0b5ea777f59555b94cb2301
  ...
ok 5 - subscribe-before-announce
  ---
  duration_ms: 3644
  subscriber_connection_id: 26684ab9f5f5df28030fdb2054893980
  publisher_connection_id: 637cdd678e7e031c888e7c4234129a5f
  ...
ok 6 - publish-namespace-done
  ---
  duration_ms: 2167
  connection_id: af6387aa526f6b8d7dfb9fb9a47d7bb1
  ...
make[1]: Leaving directory '/home/runner/work/moq-interop-runner/moq-interop-runner/main'
