make[1]: Entering directory '/home/runner/work/moq-interop-runner/moq-interop-runner/main'
Running tests against https://fb.mvfst.net:9448/moq-relay...
  Client: ghcr.io/englishm/moq-interop-runner-moq-test-client:latest
docker run --rm \
	--network host \
	-e RELAY_URL=https://fb.mvfst.net:9448/moq-relay \
	-e TLS_DISABLE_VERIFY=1 \
	ghcr.io/englishm/moq-interop-runner-moq-test-client:latest
TAP version 14
# moq-test-client v0.1.0
# Relay: https://fb.mvfst.net:9448/moq-relay
1..6
ok 1 - setup-only
  ---
  duration_ms: 136
  connection_id: 7ec55e97f26847c6f45c505afba8e10d
  ...
ok 2 - announce-only
  ---
  duration_ms: 2235
  connection_id: aae330020ba344a50fa996eb8327e3ba
  ...
ok 3 - subscribe-error
  ---
  duration_ms: 117
  connection_id: 615adb6ba40bd60da9c35fe9d244805d
  ...
ok 4 - announce-subscribe
  ---
  duration_ms: 179
  publisher_connection_id: d1a16c1913c1f291b416f5781b3d9f56
  subscriber_connection_id: 1bcdb538dc80e3df5d793c62d59c9efa
  ...
ok 5 - subscribe-before-announce
  ---
  duration_ms: 3789
  subscriber_connection_id: 4035079e3da7d505b4e4890048178194
  publisher_connection_id: 86adca17d71232f9e7cd156444b7d09c
  ...
ok 6 - publish-namespace-done
  ---
  duration_ms: 2266
  connection_id: 4fd4cb45b2964103fcd8785929afc90e
  ...
make[1]: Leaving directory '/home/runner/work/moq-interop-runner/moq-interop-runner/main'
