make[1]: Entering directory '/home/runner/work/moq-interop-runner/moq-interop-runner/main'
Running tests against moqt://draft-14.cloudflare.mediaoverquic.com:443...
  Client: moq-test-client:latest
docker run --rm \
	--network host \
	-e RELAY_URL=moqt://draft-14.cloudflare.mediaoverquic.com:443 \
	-e TLS_DISABLE_VERIFY=false \
	moq-test-client:latest
TAP version 14
# moq-test-client v0.1.0
# Relay: moqt://draft-14.cloudflare.mediaoverquic.com:443
1..6
ok 1 - setup-only
  ---
  duration_ms: 78
  connection_id: 008e4fb1220e48dca0b22a15042c4a31
  ...
ok 2 - announce-only
  ---
  duration_ms: 2029
  connection_id: 10ffe6c2cf9cbba62cb4f4f6eb45eb30
  ...
ok 3 - subscribe-error
  ---
  duration_ms: 178
  connection_id: 806cee968e83a0f74ee8e9f8353be97b
  ...
ok 4 - announce-subscribe
  ---
  duration_ms: 396
  publisher_connection_id: 001b1242066a1c1be8998c5c0b0954d0
  subscriber_connection_id: 7a5240c05786d43bf7c3976511949408
  ...
ok 5 - subscribe-before-announce
  ---
  duration_ms: 3568
  subscriber_connection_id: f03b0e9e418e518a7482187d16fff4dc
  publisher_connection_id: 4a1c1726a55467faddca59a4b4063abd
  ...
ok 6 - publish-namespace-done
  ---
  duration_ms: 2121
  connection_id: 047c7b0e643e29d28c7ed0fbf21627de
  ...
make[1]: Leaving directory '/home/runner/work/moq-interop-runner/moq-interop-runner/main'
