make[1]: Entering directory '/home/runner/work/moq-interop-runner/moq-interop-runner/main'
Running tests against https://us-west-2.relay.quicr.org:33437/relay...
  Client: moq-test-client:latest
docker run --rm \
	--network host \
	-e RELAY_URL=https://us-west-2.relay.quicr.org:33437/relay \
	-e TLS_DISABLE_VERIFY=1 \
	moq-test-client:latest
TAP version 14
# moq-test-client v0.1.0
# Relay: https://us-west-2.relay.quicr.org:33437/relay
1..6
ok 1 - setup-only
  ---
  duration_ms: 534
  connection_id: ce418bd0927844d302411ba85b0c4890
  ...
ok 2 - announce-only
  ---
  duration_ms: 2438
  connection_id: d66d29f41dfc381ebdaaccf7b4b0b73d
  ...
not ok 3 - subscribe-error
  ---
  duration_ms: 10000
  message: "test timed out: deadline has elapsed"
  ...
ok 4 - announce-subscribe
  ---
  duration_ms: 3869
  publisher_connection_id: fe976655cc71d84c70f3d079f176e8f0
  subscriber_connection_id: 62d5d62865cbbc4bd6bed2fb3e0cbaef
  ...
ok 5 - subscribe-before-announce
  ---
  duration_ms: 5346
  subscriber_connection_id: 18bc4f2907e8e54549b4584e5fb390ad
  publisher_connection_id: 130a94d6ab4a265a1ed48a3e3d57ac6e
  ...
ok 6 - publish-namespace-done
  ---
  duration_ms: 2376
  connection_id: bef2c91727f8709af78540959cb37e2c
  ...
make[1]: *** [Makefile:91: test-external] Error 1
make[1]: Leaving directory '/home/runner/work/moq-interop-runner/moq-interop-runner/main'
