make[1]: Entering directory '/home/runner/work/moq-interop-runner/moq-interop-runner/main'
Running tests against moqt://moqx-main.ci.openmoq.org:4433...
  Client: ghcr.io/englishm/moq-interop-runner-moq-test-client:latest
docker run --rm \
	 \
	--network host \
	-e RELAY_URL=moqt://moqx-main.ci.openmoq.org:4433 \
	-e TLS_DISABLE_VERIFY=false \
	ghcr.io/englishm/moq-interop-runner-moq-test-client:latest
TAP version 14
# moq-test-client v0.1.0
# Relay: moqt://moqx-main.ci.openmoq.org:4433
1..6
ok 1 - setup-only
  ---
  duration_ms: 60
  connection_id: 3795ebebdee40982277dbf2b73183c90
  ...
ok 2 - announce-only
  ---
  duration_ms: 2048
  connection_id: 90509060e2c8de4832977425dd409998
  ...
ok 3 - subscribe-error
  ---
  duration_ms: 99
  connection_id: 483165eef98022c2f3a37e49a8a50761
  ...
ok 4 - announce-subscribe
  ---
  duration_ms: 159
  publisher_connection_id: 9064f7463254203a28a648de2a8711bc
  subscriber_connection_id: 8ed293408773c67d1cf8593cc4c29df1
  ...
ok 5 - subscribe-before-announce
  ---
  duration_ms: 3651
  subscriber_connection_id: 7602713b2001c3bd55af344821455a0d
  publisher_connection_id: 4383e308dc9776732ac8ad5b36c79d68
  ...
ok 6 - publish-namespace-done
  ---
  duration_ms: 2151
  connection_id: 0643c586e807d7dc493cfcefe4c7c5e6
  ...
make[1]: Leaving directory '/home/runner/work/moq-interop-runner/moq-interop-runner/main'
