make[1]: Entering directory '/home/runner/work/moq-interop-runner/moq-interop-runner/main'
Running tests against moqt://fb.mvfst.net:9448...
  Client: ghcr.io/englishm/moq-interop-runner-moq-test-client-draft-16:latest
docker run --rm \
	 \
	--network host \
	-e RELAY_URL=moqt://fb.mvfst.net:9448 \
	-e TLS_DISABLE_VERIFY=1 \
	ghcr.io/englishm/moq-interop-runner-moq-test-client-draft-16:latest
TAP version 14
# moq-test-client v0.1.0
# Relay: moqt://fb.mvfst.net:9448
1..6
ok 1 - setup-only
  ---
  duration_ms: 150
  connection_id: df53cef2d274bdcb1e214ac993543a95
  ...
ok 2 - announce-only
  ---
  duration_ms: 2051
  connection_id: da99f8a90872f8c9574ae08fe8d5b520
  ...
ok 3 - subscribe-error
  ---
  duration_ms: 518
  connection_id: 19baef842b6eae1be032a6cfd984548f
  ...
ok 4 - announce-subscribe
  ---
  duration_ms: 244
  publisher_connection_id: c90647db46c87710ca3cc3015ebfba4b
  subscriber_connection_id: 05366a90e68a10dafd400d3c1f5aa30e
  ...
ok 5 - subscribe-before-announce
  ---
  duration_ms: 3729
  subscriber_connection_id: e050fe77c4dd18fdbc3e94afe0ce4482
  publisher_connection_id: c87ba0cb0876454ddc0f635e6e4b376c
  ...
ok 6 - publish-namespace-done
  ---
  duration_ms: 2336
  connection_id: e4c111026f7f24bb9fa4b28cde8e6e68
  ...
make[1]: Leaving directory '/home/runner/work/moq-interop-runner/moq-interop-runner/main'
