make[1]: Entering directory '/home/runner/work/moq-interop-runner/moq-interop-runner/main'
Running tests against https://moqx-main.ci.openmoq.org:4433/moq-relay...
  Client: ghcr.io/englishm/moq-interop-runner-moq-test-client:latest
docker run --rm \
	 \
	--network host \
	-e RELAY_URL=https://moqx-main.ci.openmoq.org:4433/moq-relay \
	-e TLS_DISABLE_VERIFY=false \
	ghcr.io/englishm/moq-interop-runner-moq-test-client:latest
TAP version 14
# moq-test-client v0.1.0
# Relay: https://moqx-main.ci.openmoq.org:4433/moq-relay
1..6
ok 1 - setup-only
  ---
  duration_ms: 98
  connection_id: f30ea15ca871f6db5f7184aaadfa04c9
  ...
ok 2 - announce-only
  ---
  duration_ms: 2110
  connection_id: 0906d9de5a2849b60276d7700c6ba374
  ...
ok 3 - subscribe-error
  ---
  duration_ms: 98
  connection_id: 74553eb7598019fbc72e63f887b0f3b8
  ...
ok 4 - announce-subscribe
  ---
  duration_ms: 3396
  publisher_connection_id: 927e91b0a674d0a8f2ba48587b337d78
  subscriber_connection_id: b2724e3adde47e188e29107bfa4e3670
  ...
ok 5 - subscribe-before-announce
  ---
  duration_ms: 3748
  subscriber_connection_id: 77b1faddef87ffd4f60aa5f0bbebec5d
  publisher_connection_id: 10a602f03a16a845fe6a4fb16b5c82f5
  ...
ok 6 - publish-namespace-done
  ---
  duration_ms: 2170
  connection_id: 77065d6cdf11fb861dd5703b75aaa4b9
  ...
make[1]: Leaving directory '/home/runner/work/moq-interop-runner/moq-interop-runner/main'
