make[1]: Entering directory '/home/runner/work/moq-interop-runner/moq-interop-runner/main'
Running tests against https://draft-16-manish.cloudflare.mediaoverquic.com:443/moq...
  Client: ghcr.io/openmoq/moqx-interop-client:latest
docker run --rm \
	 \
	--network host \
	-e RELAY_URL=https://draft-16-manish.cloudflare.mediaoverquic.com:443/moq \
	-e TLS_DISABLE_VERIFY=false \
	ghcr.io/openmoq/moqx-interop-client:latest
TAP version 14
# moxygen interop test client
# Relay: https://draft-16-manish.cloudflare.mediaoverquic.com:443/moq
# Transport: WebTransport
1..6
W0529 00:54:33.460167     1 MoQWebTransportClient.cpp:173] WebTransport: No WT-Protocol header in response, will use legacy version negotiation
E0529 00:54:33.497207     1 MoQFramer.cpp:775] Server selected version draft-1 but we only offer draft-14 in legacy mode
E0529 00:54:33.497230     1 MoQCodec.cpp:126] Conn error=21
E0529 00:54:33.497234     1 MoQSession.cpp:4700] MoQCodec control stream parse error err=21
not ok 1 - setup-only
  ---
  duration_ms: 149
  error: coroutine operation cancelled
  ...
W0529 00:54:33.572168     1 MoQWebTransportClient.cpp:173] WebTransport: No WT-Protocol header in response, will use legacy version negotiation
E0529 00:54:33.603661     1 MoQFramer.cpp:775] Server selected version draft-1 but we only offer draft-14 in legacy mode
E0529 00:54:33.603683     1 MoQCodec.cpp:126] Conn error=21
E0529 00:54:33.603688     1 MoQSession.cpp:4700] MoQCodec control stream parse error err=21
not ok 2 - announce-only
  ---
  duration_ms: 106
  error: coroutine operation cancelled
  ...
W0529 00:54:33.685752     1 MoQWebTransportClient.cpp:173] WebTransport: No WT-Protocol header in response, will use legacy version negotiation
E0529 00:54:33.721757     1 MoQFramer.cpp:775] Server selected version draft-1 but we only offer draft-14 in legacy mode
E0529 00:54:33.721778     1 MoQCodec.cpp:126] Conn error=21
E0529 00:54:33.721783     1 MoQSession.cpp:4700] MoQCodec control stream parse error err=21
not ok 3 - subscribe-error
  ---
  duration_ms: 117
  error: coroutine operation cancelled
  ...
W0529 00:54:33.803149     1 MoQWebTransportClient.cpp:173] WebTransport: No WT-Protocol header in response, will use legacy version negotiation
E0529 00:54:33.834084     1 MoQFramer.cpp:775] Server selected version draft-1 but we only offer draft-14 in legacy mode
E0529 00:54:33.834107     1 MoQCodec.cpp:126] Conn error=21
E0529 00:54:33.834111     1 MoQSession.cpp:4700] MoQCodec control stream parse error err=21
not ok 4 - announce-subscribe
  ---
  duration_ms: 112
  error: coroutine operation cancelled
  ...
W0529 00:54:33.907679     1 MoQWebTransportClient.cpp:173] WebTransport: No WT-Protocol header in response, will use legacy version negotiation
E0529 00:54:33.940030     1 MoQFramer.cpp:775] Server selected version draft-1 but we only offer draft-14 in legacy mode
E0529 00:54:33.940051     1 MoQCodec.cpp:126] Conn error=21
E0529 00:54:33.940055     1 MoQSession.cpp:4700] MoQCodec control stream parse error err=21
not ok 5 - publish-namespace-done
  ---
  duration_ms: 105
  error: coroutine operation cancelled
  ...
W0529 00:54:34.066911     1 MoQWebTransportClient.cpp:173] WebTransport: No WT-Protocol header in response, will use legacy version negotiation
E0529 00:54:34.098350     1 MoQFramer.cpp:775] Server selected version draft-1 but we only offer draft-14 in legacy mode
E0529 00:54:34.098373     1 MoQCodec.cpp:126] Conn error=21
E0529 00:54:34.098379     1 MoQSession.cpp:4700] MoQCodec control stream parse error err=21
not ok 6 - subscribe-before-announce
  ---
  duration_ms: 158
  error: coroutine operation cancelled
  ...
make[1]: *** [Makefile:121: test-external] Error 1
make[1]: Leaving directory '/home/runner/work/moq-interop-runner/moq-interop-runner/main'
