make[1]: Entering directory '/home/runner/work/moq-interop-runner/moq-interop-runner/main'
Running tests against moqt://us-west-2.relay.quicr.org:33437...
  Client: ghcr.io/openmoq/moqx-interop-client:latest
docker run --rm \
	 \
	--network host \
	-e RELAY_URL=moqt://us-west-2.relay.quicr.org:33437 \
	-e TLS_DISABLE_VERIFY=1 \
	ghcr.io/openmoq/moqx-interop-client:latest
TAP version 14
# moxygen interop test client
# Relay: moqt://us-west-2.relay.quicr.org:33437
# Transport: QUIC
1..6
ok 1 - setup-only
  ---
  duration_ms: 163
  info: SETUP exchange completed successfully
  ...
W0529 01:14:29.372516     1 MoQSession.cpp:4880] Issuing request that will fail; nextRequestID_=0 peerMaxRequestID_=0 sess=0x556a5057bb70
E0529 01:14:29.454255     1 MoQRelaySession.cpp:718] PublishNamespaceDone for unknown publishNamespace, sess=0x556a5057bb70
ok 2 - announce-only
  ---
  duration_ms: 498
  info: PUBLISH_NAMESPACE completed successfully
  ...
W0529 01:14:29.742413     1 MoQSession.cpp:4880] Issuing request that will fail; nextRequestID_=0 peerMaxRequestID_=0 sess=0x556a5057b780
not ok 3 - subscribe-error
  ---
  duration_ms: 369
  error: Subscribe succeeded (relay accepted non-existent track)
  ...
W0529 01:14:29.986589     1 MoQSession.cpp:4880] Issuing request that will fail; nextRequestID_=0 peerMaxRequestID_=0 sess=0x556a5058b3f0
W0529 01:14:30.483330     1 MoQSession.cpp:4880] Issuing request that will fail; nextRequestID_=0 peerMaxRequestID_=0 sess=0x556a50578440
E0529 01:14:30.564328     1 MoQSession.cpp:5064] publishDone for invalid id=1 sess=0x556a5058b3f0
ok 4 - announce-subscribe
  ---
  duration_ms: 740
  info: Publisher announced, subscriber subscribed successfully
  ...
W0529 01:14:30.732770     1 MoQSession.cpp:4880] Issuing request that will fail; nextRequestID_=0 peerMaxRequestID_=0 sess=0x556a5058e5c0
ok 5 - publish-namespace-done
  ---
  duration_ms: 249
  info: PUBLISH_NAMESPACE_OK received, PUBLISH_NAMESPACE_DONE sent
  ...
W0529 01:14:30.987904     1 MoQSession.cpp:4880] Issuing request that will fail; nextRequestID_=0 peerMaxRequestID_=0 sess=0x556a5059b590
W0529 01:14:31.658732     1 MoQSession.cpp:4880] Issuing request that will fail; nextRequestID_=0 peerMaxRequestID_=0 sess=0x556a505057a0
ok 6 - subscribe-before-announce
  ---
  duration_ms: 926
  info: Subscribe succeeded after publisher announced (relay buffers pending subscriptions)
  ...
make[1]: *** [Makefile:121: test-external] Error 1
make[1]: Leaving directory '/home/runner/work/moq-interop-runner/moq-interop-runner/main'
