make[1]: Entering directory '/home/runner/work/moq-interop-runner/moq-interop-runner/main'
Running tests against moqt://fb.mvfst.net:9448...
  Client: ghcr.io/englishm/moq-interop-runner-moq-test-client:latest
docker run --rm \
	--network host \
	-e RELAY_URL=moqt://fb.mvfst.net:9448 \
	-e TLS_DISABLE_VERIFY=1 \
	ghcr.io/englishm/moq-interop-runner-moq-test-client:latest
TAP version 14
# moq-test-client v0.1.0
# Relay: moqt://fb.mvfst.net:9448
1..6
ok 1 - setup-only
  ---
  duration_ms: 136
  connection_id: 06a30db27c815dcd8a6b5322845a68d1
  ...
ok 2 - announce-only
  ---
  duration_ms: 2136
  connection_id: 524f9714b7d40b082923ccdd27316e09
  ...
ok 3 - subscribe-error
  ---
  duration_ms: 194
  connection_id: e9ec9caba0dbdee7c89d1da5dc2923c3
  ...
ok 4 - announce-subscribe
  ---
  duration_ms: 341
  publisher_connection_id: 97ba1cf01358886a2490d025463007e8
  subscriber_connection_id: 5f27d2c6e5cbf84944329abc69bac733
  ...
ok 5 - subscribe-before-announce
  ---
  duration_ms: 3769
  subscriber_connection_id: 7d66509900f7c20f274a48cefa70f8f3
  publisher_connection_id: 2e8d6310510980dc579246785bd3dad4
  ...
ok 6 - publish-namespace-done
  ---
  duration_ms: 2236
  connection_id: 1c57645c159837612d3ed22125406b1d
  ...
make[1]: Leaving directory '/home/runner/work/moq-interop-runner/moq-interop-runner/main'
