make[1]: Entering directory '/home/runner/work/moq-interop-runner/moq-interop-runner/main'
Running tests against moqt://lminiero.it:9000...
  Client: ghcr.io/englishm/moq-interop-runner-moq-test-client:latest
docker run --rm \
	--network host \
	-e RELAY_URL=moqt://lminiero.it:9000 \
	-e TLS_DISABLE_VERIFY=false \
	ghcr.io/englishm/moq-interop-runner-moq-test-client:latest
TAP version 14
# moq-test-client v0.1.0
# Relay: moqt://lminiero.it:9000
1..6
ok 1 - setup-only
  ---
  duration_ms: 348
  connection_id: 5cb8f5c2ff4fca482ecf8a1b8bf1e1f8
  ...
ok 2 - announce-only
  ---
  duration_ms: 2501
  connection_id: ebb16b4604aff2ef3c1840b2caac852d
  ...
ok 3 - subscribe-error
  ---
  duration_ms: 507
  connection_id: 384cec770a6d91da304bba3f18a925a6
  ...
ok 4 - announce-subscribe
  ---
  duration_ms: 3681
  publisher_connection_id: ed21605b8aac2a7548883c8d4d0e856f
  subscriber_connection_id: cbb4913d95f34a818c95ba5801e890a7
  ...
ok 5 - subscribe-before-announce
  ---
  duration_ms: 4514
  subscriber_connection_id: db83d2b1e24ba78aa3f9958351a96e2b
  publisher_connection_id: 3becd8ddfa00fdde3f355fba6c6bd2fc
  ...
ok 6 - publish-namespace-done
  ---
  duration_ms: 2597
  connection_id: 9c5b3c96b4c979cc8b259df1339dfb94
  ...
make[1]: Leaving directory '/home/runner/work/moq-interop-runner/moq-interop-runner/main'
