make[1]: Entering directory '/home/runner/work/moq-interop-runner/moq-interop-runner/main'
Running tests against https://us-west-2.relay.quicr.org:33437/relay...
  Client: ghcr.io/facebookexperimental/moxygen-interop-client:latest-amd64
docker run --rm \
	--network host \
	-e RELAY_URL=https://us-west-2.relay.quicr.org:33437/relay \
	-e TLS_DISABLE_VERIFY=1 \
	ghcr.io/facebookexperimental/moxygen-interop-client:latest-amd64
TAP version 14
# moxygen interop test client
# Relay: https://us-west-2.relay.quicr.org:33437/relay
# Transport: WebTransport
1..6
W0217 00:39:57.156482     1 MoQWebTransportClient.cpp:180] WebTransport: No WT-Protocol header in response, will use legacy version negotiation
E0217 00:39:57.177917     1 MoQSession.cpp:2573] proxygen::WebTransport::Exception: session terminated with error=386759528 id=4 sess=0x55a032adee10
ok 1 - setup-only
  ---
  duration_ms: 70
  info: SETUP exchange completed successfully
  ...
E20260217 00:39:57.198808     1 HQSession.cpp:530] Connection closed with error err=100 msg=Client closed by peer reason= proto=h3, client CID=, server CID=24835e9dedf37134, local=10.1.0.120:43488, 35.95.73.240:33437=upstream, drain=done
W0217 00:39:57.223149     1 MoQWebTransportClient.cpp:180] WebTransport: No WT-Protocol header in response, will use legacy version negotiation
W0217 00:39:57.244073     1 MoQSession.cpp:4518] Issuing request that will fail; nextRequestID_=0 peerMaxRequestID_=0 sess=0x55a032af6e70
E0217 00:39:57.264832     1 MoQRelaySession.cpp:681] PublishNamespaceDone for unknown publishNamespace, sess=0x55a032af6e70
ok 2 - announce-only
  ---
  duration_ms: 86
  info: PUBLISH_NAMESPACE completed successfully
  ...
E0217 00:39:57.264984     1 MoQSession.cpp:2573] proxygen::WebTransport::Exception: session terminated with error=386759528 id=4 sess=0x55a032af6e70
E20260217 00:39:57.285720     1 HQSession.cpp:530] Connection closed with error err=100 msg=Client closed by peer reason= proto=h3, client CID=, server CID=c9711690d585cdb7, local=10.1.0.120:47366, 35.95.73.240:33437=upstream, drain=done
W0217 00:39:57.311090     1 MoQWebTransportClient.cpp:180] WebTransport: No WT-Protocol header in response, will use legacy version negotiation
W0217 00:39:57.332181     1 MoQSession.cpp:4518] Issuing request that will fail; nextRequestID_=0 peerMaxRequestID_=0 sess=0x55a032b071f0
W0217 00:39:57.353427     1 MoQFramer.cpp:698] parseParams: ignoring param not allowed for frame type at param index=0, key=32
E0217 00:39:57.353529     1 MoQSession.cpp:2573] proxygen::WebTransport::Exception: session terminated with error=386759528 id=4 sess=0x55a032b071f0
not ok 3 - subscribe-error
  ---
  duration_ms: 88
  error: Subscribe succeeded (relay accepted non-existent track)
  ...
E20260217 00:39:57.419682     1 HQSession.cpp:530] Connection closed with error err=100 msg=Client closed by peer reason= proto=h3, client CID=, server CID=70aa93fc57a82405, local=10.1.0.120:55192, 35.95.73.240:33437=upstream, drain=done
W0217 00:39:57.463075     1 MoQWebTransportClient.cpp:180] WebTransport: No WT-Protocol header in response, will use legacy version negotiation
W0217 00:39:57.483939     1 MoQSession.cpp:4518] Issuing request that will fail; nextRequestID_=0 peerMaxRequestID_=0 sess=0x55a032ac7340
W0217 00:39:57.563304     1 MoQWebTransportClient.cpp:180] WebTransport: No WT-Protocol header in response, will use legacy version negotiation
W0217 00:39:57.584257     1 MoQSession.cpp:4518] Issuing request that will fail; nextRequestID_=0 peerMaxRequestID_=0 sess=0x55a032b0f730
W0217 00:39:57.604961     1 MoQFramer.cpp:698] parseParams: ignoring param not allowed for frame type at param index=0, key=32
ok 4 - announce-subscribe
  ---
  duration_ms: 251
  info: Publisher announced, subscriber subscribed successfully
  ...
E0217 00:39:57.605198     1 MoQSession.cpp:2573] proxygen::WebTransport::Exception: session terminated with error=386759528 id=4 sess=0x55a032b0f730
E0217 00:39:57.605219     1 MoQSession.cpp:2573] proxygen::WebTransport::Exception: session terminated with error=386759528 id=4 sess=0x55a032ac7340
E20260217 00:39:57.626058     1 HQSession.cpp:530] Connection closed with error err=100 msg=Client closed by peer reason= proto=h3, client CID=, server CID=f2cff36e85bc3162, local=10.1.0.120:52408, 35.95.73.240:33437=upstream, drain=done
E20260217 00:39:57.626209     1 HQSession.cpp:530] Connection closed with error err=100 msg=Client closed by peer reason= proto=h3, client CID=, server CID=779a48c37c78e745, local=10.1.0.120:37223, 35.95.73.240:33437=upstream, drain=done
W0217 00:39:57.650577     1 MoQWebTransportClient.cpp:180] WebTransport: No WT-Protocol header in response, will use legacy version negotiation
W0217 00:39:57.671445     1 MoQSession.cpp:4518] Issuing request that will fail; nextRequestID_=0 peerMaxRequestID_=0 sess=0x55a032b1c080
ok 5 - publish-namespace-done
  ---
  duration_ms: 86
  info: PUBLISH_NAMESPACE_OK received, PUBLISH_NAMESPACE_DONE sent
  ...
E0217 00:39:57.692276     1 MoQSession.cpp:2573] proxygen::WebTransport::Exception: session terminated with error=386759528 id=4 sess=0x55a032b1c080
E20260217 00:39:57.713195     1 HQSession.cpp:530] Connection closed with error err=100 msg=Client closed by peer reason= proto=h3, client CID=, server CID=c19f6ba5549f8ab2, local=10.1.0.120:60337, 35.95.73.240:33437=upstream, drain=done
W0217 00:39:57.737412     1 MoQWebTransportClient.cpp:180] WebTransport: No WT-Protocol header in response, will use legacy version negotiation
W0217 00:39:57.758589     1 MoQSession.cpp:4518] Issuing request that will fail; nextRequestID_=0 peerMaxRequestID_=0 sess=0x55a032b09380
W0217 00:39:57.779469     1 MoQFramer.cpp:698] parseParams: ignoring param not allowed for frame type at param index=0, key=32
W0217 00:39:58.304387     1 MoQWebTransportClient.cpp:180] WebTransport: No WT-Protocol header in response, will use legacy version negotiation
W0217 00:39:58.325713     1 MoQSession.cpp:4518] Issuing request that will fail; nextRequestID_=0 peerMaxRequestID_=0 sess=0x55a032b175b0
*** Aborted at 1771288798 (Unix time, try 'date -d @1771288798') ***
*** Signal 11 (SIGSEGV) (0x55a032b17590) received by PID 1 (pthread TID 0x7f27fd9ac300) (linux TID 1) (code: invalid permissions for mapped object), stack trace: ***
    @ 00000000002b1dc1 _ZN5folly10symbolizer12_GLOBAL__N_113signalHandlerEiP9siginfo_tPv
                       /tmp/fbcode_builder_getdeps-ZappZbuildZfbcode_builder-root/repos/github.com-facebook-folly.git/folly/debugging/symbolizer/SignalHandler.cpp:552
    @ 000000000004532f (unknown)
    @ 000055a032b17590 (not found)

*** Check failure async stack trace: ***
*** First async stack root: 0x7fff066cc180, normal stack frame pointer holding async stack root: 0x7fff066cc1c0, return address: 0x55a0152ec964 ***
*** First async stack frame pointer: 0x55a032ac7700, return address: 0x55a01542591a, async stack trace: ***
    @ 0000000000149814 _ZN7moxygen10MoQSession11onSubscribeENS_16SubscribeRequestE
                       /tmp/fbcode_builder_getdeps-ZappZbuildZfbcode_builder-root/repos/github.com-facebookexperimental-moxygen.git/moxygen/MoQSession.cpp:3262
    @ 00000000000f3529 _ZN5follyL13detached_taskEv
                       /tmp/fbcode_builder_getdeps-ZappZbuildZfbcode_builder-root/repos/github.com-facebook-folly.git/folly/tracing/AsyncStack.cpp:169
make[1]: *** [Makefile:91: test-external] Error 139
make[1]: Leaving directory '/home/runner/work/moq-interop-runner/moq-interop-runner/main'
