make[1]: Entering directory '/home/runner/work/moq-interop-runner/moq-interop-runner/main'
Running tests against https://draft-14.cloudflare.mediaoverquic.com:443/moq...
  Client: ghcr.io/facebookexperimental/moxygen-interop-client:latest-amd64
docker run --rm \
	--network host \
	-e RELAY_URL=https://draft-14.cloudflare.mediaoverquic.com:443/moq \
	-e TLS_DISABLE_VERIFY=false \
	ghcr.io/facebookexperimental/moxygen-interop-client:latest-amd64
TAP version 14
# moxygen interop test client
# Relay: https://draft-14.cloudflare.mediaoverquic.com:443/moq
# Transport: WebTransport
1..6
W0217 00:39:47.902744     1 MoQWebTransportClient.cpp:180] WebTransport: No WT-Protocol header in response, will use legacy version negotiation
E0217 00:39:47.904927     1 MoQSession.cpp:2573] proxygen::WebTransport::Exception: session terminated with error=386759528 id=4 sess=0x557ad6acd250
ok 1 - setup-only
  ---
  duration_ms: 45
  info: SETUP exchange completed successfully
  ...
W0217 00:39:47.912001     1 MoQWebTransportClient.cpp:180] WebTransport: No WT-Protocol header in response, will use legacy version negotiation
E0217 00:39:48.193505     1 MoQRelaySession.cpp:681] PublishNamespaceDone for unknown publishNamespace, sess=0x557ad6ad4e10
ok 2 - announce-only
  ---
  duration_ms: 288
  info: PUBLISH_NAMESPACE completed successfully
  ...
E0217 00:39:48.193672     1 MoQSession.cpp:2573] proxygen::WebTransport::Exception: session terminated with error=386759528 id=4 sess=0x557ad6ad4e10
W0217 00:39:48.208669     1 MoQWebTransportClient.cpp:180] WebTransport: No WT-Protocol header in response, will use legacy version negotiation
E0217 00:39:48.214375     1 MoQWebTransportClient.cpp:205] proxygen::HTTPException: Got error=ApplicationError: No Error, Client closed by peer reason=
ok 3 - subscribe-error
  ---
  duration_ms: 20
  info: Subscribe correctly returned error: Session closed
  ...
W0217 00:39:48.222972     1 MoQWebTransportClient.cpp:180] WebTransport: No WT-Protocol header in response, will use legacy version negotiation
W0217 00:39:48.607950     1 MoQWebTransportClient.cpp:180] WebTransport: No WT-Protocol header in response, will use legacy version negotiation
E0217 00:39:48.612065     1 MoQWebTransportClient.cpp:205] proxygen::HTTPException: Got error=ApplicationError: No Error, Client closed by peer reason=
E0217 00:39:48.612245     1 MoQSession.cpp:2573] proxygen::WebTransport::Exception: session terminated with error=386759528 id=4 sess=0x557ad6ad82d0
not ok 4 - announce-subscribe
  ---
  duration_ms: 397
  error: Subscribe failed: Session closed
  ...
W0217 00:39:48.637500     1 MoQWebTransportClient.cpp:180] WebTransport: No WT-Protocol header in response, will use legacy version negotiation
ok 5 - publish-namespace-done
  ---
  duration_ms: 92
  info: PUBLISH_NAMESPACE_OK received, PUBLISH_NAMESPACE_DONE sent
  ...
E0217 00:39:48.705065     1 MoQSession.cpp:2573] proxygen::WebTransport::Exception: session terminated with error=386759528 id=4 sess=0x557ad6b04190
W0217 00:39:48.713013     1 MoQWebTransportClient.cpp:180] WebTransport: No WT-Protocol header in response, will use legacy version negotiation
E0217 00:39:48.718283     1 MoQWebTransportClient.cpp:205] proxygen::HTTPException: Got error=ApplicationError: No Error, Client closed by peer reason=
E0217 00:39:48.718336     1 MoQSession.cpp:2573] proxygen::WebTransport::Exception: received invalid reset_stream with error=0 id=4 sess=0x557ad6ae0f20
W0217 00:39:49.222620     1 MoQWebTransportClient.cpp:180] WebTransport: No WT-Protocol header in response, will use legacy version negotiation
ok 6 - subscribe-before-announce
  ---
  duration_ms: 561
  info: Subscribe returned error (relay doesn't buffer pending subscriptions): Session closed
  ...
E0217 00:39:49.266709     1 MoQSession.cpp:2573] proxygen::WebTransport::Exception: session terminated with error=386759528 id=4 sess=0x557ad6adcf10
make[1]: *** [Makefile:91: test-external] Error 1
make[1]: Leaving directory '/home/runner/work/moq-interop-runner/moq-interop-runner/main'
