make[1]: Entering directory '/home/runner/work/moq-interop-runner/moq-interop-runner/main'
Running tests against moqt://fb.mvfst.net:9448...
  Client: ghcr.io/englishm/moq-interop-runner-moq-test-client-draft-16:latest
docker run --rm \
	 \
	--network host \
	-e RELAY_URL=moqt://fb.mvfst.net:9448 \
	-e TLS_DISABLE_VERIFY=1 \
	ghcr.io/englishm/moq-interop-runner-moq-test-client-draft-16:latest
TAP version 14
# moq-test-client v0.1.0
# Relay: moqt://fb.mvfst.net:9448
1..6
ok 1 - setup-only
  ---
  duration_ms: 219
  connection_id: c0b8f5ec7de49f6198cbb157fdde5d19
  ...
ok 2 - announce-only
  ---
  duration_ms: 2095
  connection_id: edbe45ccb98a667cabb0966dfee2d002
  ...
ok 3 - subscribe-error
  ---
  duration_ms: 151
  connection_id: eac64a3f67ade394c6fb8f5465a96463
  ...
not ok 4 - announce-subscribe
  ---
  duration_ms: 351
  message: "publisher session error: webtransport error: session error: connection error: closed by peer: 3: session error: connection error: closed by peer: 3: connection error: closed by peer: 3"
  ...
ok 5 - subscribe-before-announce
  ---
  duration_ms: 3650
  subscriber_connection_id: 072bce9f9f0d0f031660efc7986b118b
  publisher_connection_id: ea284c0c6e1eed1f8e06f0c1a3700f71
  ...
ok 6 - publish-namespace-done
  ---
  duration_ms: 2153
  connection_id: 06344d5eecb9100b0744cacbe9b26f17
  ...
make[1]: *** [Makefile:121: test-external] Error 1
make[1]: Leaving directory '/home/runner/work/moq-interop-runner/moq-interop-runner/main'
