make[1]: Entering directory '/home/runner/work/moq-interop-runner/moq-interop-runner/main'
Running tests against moqt://lminiero.it:9000...
  Client: ghcr.io/openmoq/moqx-interop-client:latest
docker run --rm \
	 \
	--network host \
	-e RELAY_URL=moqt://lminiero.it:9000 \
	-e TLS_DISABLE_VERIFY=false \
	ghcr.io/openmoq/moqx-interop-client:latest
TAP version 14
# moxygen interop test client
# Relay: moqt://lminiero.it:9000
# Transport: QUIC
1..6
ok 1 - setup-only
  ---
  duration_ms: 294
  info: SETUP exchange completed successfully
  ...
E0522 00:52:50.556653     1 MoQRelaySession.cpp:712] PublishNamespaceDone for unknown publishNamespace, sess=0x557edef89260
ok 2 - announce-only
  ---
  duration_ms: 661
  info: PUBLISH_NAMESPACE completed successfully
  ...
ok 3 - subscribe-error
  ---
  duration_ms: 403
  info: Subscribe correctly returned error: Namespace not found
  ...
ok 4 - announce-subscribe
  ---
  duration_ms: 1369
  info: Publisher announced, subscriber subscribed successfully
  ...
E0522 00:52:52.330177     1 MoQSession.cpp:4981] publishDone for invalid id=1 sess=0x557edef7cf60
ok 5 - publish-namespace-done
  ---
  duration_ms: 397
  info: PUBLISH_NAMESPACE_OK received, PUBLISH_NAMESPACE_DONE sent
  ...
E0522 00:52:57.499200     1 MoQSession.cpp:4867] subscribeFuture exception=folly::OperationCancelled: coroutine operation cancelled
not ok 6 - subscribe-before-announce
  ---
  duration_ms: 4771
  error: Timed out during subscribe-before-announce test
  ...
make[1]: *** [Makefile:121: test-external] Error 1
make[1]: Leaving directory '/home/runner/work/moq-interop-runner/moq-interop-runner/main'
