make[1]: Entering directory '/home/runner/work/moq-interop-runner/moq-interop-runner/main'
Running tests against moqt://moqx-000.ci.openmoq.org:4433...
  Client: ghcr.io/facebookexperimental/moxygen-interop-client:latest-amd64
docker run --rm \
	 \
	--network host \
	-e RELAY_URL=moqt://moqx-000.ci.openmoq.org:4433 \
	-e TLS_DISABLE_VERIFY=false \
	ghcr.io/facebookexperimental/moxygen-interop-client:latest-amd64
TAP version 14
# moxygen interop test client
# Relay: moqt://moqx-000.ci.openmoq.org:4433
# Transport: QUIC
1..6
ok 1 - setup-only
  ---
  duration_ms: 1597
  info: SETUP exchange completed successfully
  ...
ok 2 - announce-only
  ---
  duration_ms: 50
  info: PUBLISH_NAMESPACE completed successfully
  ...
E0522 00:49:40.318218     1 MoQRelaySession.cpp:712] PublishNamespaceDone for unknown publishNamespace, sess=0x5578f7c85450
ok 3 - subscribe-error
  ---
  duration_ms: 3160
  info: Subscribe correctly returned error: no such namespace or track
  ...
E0522 00:49:45.209885     1 MoQSession.cpp:4987] publishDone for invalid id=1 sess=0x5578f7c79720
ok 4 - announce-subscribe
  ---
  duration_ms: 1731
  info: Publisher announced, subscriber subscribed successfully
  ...
ok 5 - publish-namespace-done
  ---
  duration_ms: 1610
  info: PUBLISH_NAMESPACE_OK received, PUBLISH_NAMESPACE_DONE sent
  ...
ok 6 - subscribe-before-announce
  ---
  duration_ms: 2197
  info: Subscribe returned error (relay doesn't buffer pending subscriptions): no such namespace or track
  ...
make[1]: Leaving directory '/home/runner/work/moq-interop-runner/moq-interop-runner/main'
