make[1]: Entering directory '/home/runner/work/moq-interop-runner/moq-interop-runner/main'
Running tests against moqt://us-west-2.relay.quicr.org:33437...
  Client: ghcr.io/facebookexperimental/moxygen-interop-client:latest-amd64
docker run --rm \
	 \
	--network host \
	-e RELAY_URL=moqt://us-west-2.relay.quicr.org:33437 \
	-e TLS_DISABLE_VERIFY=1 \
	ghcr.io/facebookexperimental/moxygen-interop-client:latest-amd64
TAP version 14
# moxygen interop test client
# Relay: moqt://us-west-2.relay.quicr.org:33437
# Transport: QUIC
1..6
ok 1 - setup-only
  ---
  duration_ms: 246
  info: SETUP exchange completed successfully
  ...
W0522 01:08:26.845963     1 MoQSession.cpp:4812] Issuing request that will fail; nextRequestID_=0 peerMaxRequestID_=0 sess=0x55fe3a9debd0
ok 2 - announce-only
  ---
  duration_ms: 166
  info: PUBLISH_NAMESPACE completed successfully
  ...
E0522 01:08:26.899652     1 MoQRelaySession.cpp:712] PublishNamespaceDone for unknown publishNamespace, sess=0x55fe3a9debd0
W0522 01:08:27.113585     1 MoQSession.cpp:4812] Issuing request that will fail; nextRequestID_=0 peerMaxRequestID_=0 sess=0x55fe3a9ed790
not ok 3 - subscribe-error
  ---
  duration_ms: 268
  error: Subscribe succeeded (relay accepted non-existent track)
  ...
W0522 01:08:27.283220     1 MoQSession.cpp:4812] Issuing request that will fail; nextRequestID_=0 peerMaxRequestID_=0 sess=0x55fe3a9b40a0
W0522 01:08:27.517717     1 MoQSession.cpp:4812] Issuing request that will fail; nextRequestID_=0 peerMaxRequestID_=0 sess=0x55fe3a969730
E0522 01:08:27.571154     1 MoQSession.cpp:4987] publishDone for invalid id=1 sess=0x55fe3a9b40a0
ok 4 - announce-subscribe
  ---
  duration_ms: 402
  info: Publisher announced, subscriber subscribed successfully
  ...
W0522 01:08:27.687540     1 MoQSession.cpp:4812] Issuing request that will fail; nextRequestID_=0 peerMaxRequestID_=0 sess=0x55fe3a9d8a20
ok 5 - publish-namespace-done
  ---
  duration_ms: 172
  info: PUBLISH_NAMESPACE_OK received, PUBLISH_NAMESPACE_DONE sent
  ...
W0522 01:08:28.080270     1 MoQSession.cpp:4812] Issuing request that will fail; nextRequestID_=0 peerMaxRequestID_=0 sess=0x55fe3a9e1bf0
W0522 01:08:28.837761     1 MoQSession.cpp:4812] Issuing request that will fail; nextRequestID_=0 peerMaxRequestID_=0 sess=0x55fe3a9f2e30
ok 6 - subscribe-before-announce
  ---
  duration_ms: 1149
  info: Subscribe succeeded after publisher announced (relay buffers pending subscriptions)
  ...
make[1]: *** [Makefile:121: test-external] Error 1
make[1]: Leaving directory '/home/runner/work/moq-interop-runner/moq-interop-runner/main'
