make[1]: Entering directory '/home/runner/work/moq-interop-runner/moq-interop-runner/main'
Running tests against https://relay.moqtail.dev...
  Client: ghcr.io/facebookexperimental/moxygen-interop-client:latest-amd64
docker run --rm \
	 \
	--network host \
	-e RELAY_URL=https://relay.moqtail.dev \
	-e TLS_DISABLE_VERIFY=false \
	ghcr.io/facebookexperimental/moxygen-interop-client:latest-amd64
TAP version 14
# moxygen interop test client
# Relay: https://relay.moqtail.dev
# Transport: WebTransport
1..6
W0522 01:08:22.391251     1 MoQWebTransportClient.cpp:172] WebTransport: No WT-Protocol header in response, will use legacy version negotiation
E0522 01:08:22.416385     1 MoQWebTransportClient.cpp:197] proxygen::HTTPException: Got error=ApplicationError: No Error, Client closed by peer reason=Setup failed
not ok 1 - setup-only
  ---
  duration_ms: 163
  error: coroutine operation cancelled
  ...
W0522 01:08:22.520648     1 MoQWebTransportClient.cpp:172] WebTransport: No WT-Protocol header in response, will use legacy version negotiation
E0522 01:08:22.543359     1 MoQWebTransportClient.cpp:197] proxygen::HTTPException: Got error=ApplicationError: No Error, Client closed by peer reason=Setup failed
not ok 2 - announce-only
  ---
  duration_ms: 126
  error: coroutine operation cancelled
  ...
W0522 01:08:22.673186     1 MoQWebTransportClient.cpp:172] WebTransport: No WT-Protocol header in response, will use legacy version negotiation
E0522 01:08:22.696028     1 MoQWebTransportClient.cpp:197] proxygen::HTTPException: Got error=ApplicationError: No Error, Client closed by peer reason=Setup failed
not ok 3 - subscribe-error
  ---
  duration_ms: 152
  error: coroutine operation cancelled
  ...
W0522 01:08:22.754094     1 MoQWebTransportClient.cpp:172] WebTransport: No WT-Protocol header in response, will use legacy version negotiation
E0522 01:08:22.763457     1 MoQWebTransportClient.cpp:197] proxygen::HTTPException: Got error=ApplicationError: No Error, Client closed by peer reason=Setup failed
not ok 4 - announce-subscribe
  ---
  duration_ms: 67
  error: coroutine operation cancelled
  ...
W0522 01:08:22.822102     1 MoQWebTransportClient.cpp:172] WebTransport: No WT-Protocol header in response, will use legacy version negotiation
E0522 01:08:22.847766     1 MoQWebTransportClient.cpp:197] proxygen::HTTPException: Got error=ApplicationError: No Error, Client closed by peer reason=Setup failed
not ok 5 - publish-namespace-done
  ---
  duration_ms: 84
  error: coroutine operation cancelled
  ...
W0522 01:08:22.952303     1 MoQWebTransportClient.cpp:172] WebTransport: No WT-Protocol header in response, will use legacy version negotiation
not ok 6 - subscribe-before-announce
  ---
  duration_ms: 116
  error: coroutine operation cancelled
  ...
E0522 01:08:22.964252     1 MoQWebTransportClient.cpp:197] proxygen::HTTPException: Got error=ApplicationError: No Error, Client closed by peer reason=Setup failed
make[1]: *** [Makefile:121: test-external] Error 1
make[1]: Leaving directory '/home/runner/work/moq-interop-runner/moq-interop-runner/main'
