make[1]: Entering directory '/home/runner/work/moq-interop-runner/moq-interop-runner/main'
Running tests against moqt://lminiero.it:9000...
  Client: ghcr.io/facebookexperimental/moxygen-interop-client:latest-amd64
docker run --rm \
	 \
	--network host \
	-e RELAY_URL=moqt://lminiero.it:9000 \
	-e TLS_DISABLE_VERIFY=false \
	ghcr.io/facebookexperimental/moxygen-interop-client:latest-amd64
TAP version 14
# moxygen interop test client
# Relay: moqt://lminiero.it:9000
# Transport: QUIC
1..6
ok 1 - setup-only
  ---
  duration_ms: 557
  info: SETUP exchange completed successfully
  ...
ok 2 - announce-only
  ---
  duration_ms: 404
  info: PUBLISH_NAMESPACE completed successfully
  ...
E0522 00:50:40.132085     1 MoQRelaySession.cpp:712] PublishNamespaceDone for unknown publishNamespace, sess=0x55cdc2689dd0
ok 3 - subscribe-error
  ---
  duration_ms: 412
  info: Subscribe correctly returned error: Namespace not found
  ...
E0522 00:50:41.736607     1 MoQSession.cpp:4987] publishDone for invalid id=1 sess=0x55cdc26b62c0
ok 4 - announce-subscribe
  ---
  duration_ms: 1192
  info: Publisher announced, subscriber subscribed successfully
  ...
ok 5 - publish-namespace-done
  ---
  duration_ms: 669
  info: PUBLISH_NAMESPACE_OK received, PUBLISH_NAMESPACE_DONE sent
  ...
E0522 00:50:47.438277     1 MoQSession.cpp:4873] subscribeFuture exception=folly::OperationCancelled: coroutine operation cancelled
not ok 6 - subscribe-before-announce
  ---
  duration_ms: 5032
  error: Timed out during subscribe-before-announce test
  ...
make[1]: *** [Makefile:121: test-external] Error 1
make[1]: Leaving directory '/home/runner/work/moq-interop-runner/moq-interop-runner/main'
