make[1]: Entering directory '/home/runner/work/moq-interop-runner/moq-interop-runner/main'
Running tests against https://relay.moqtail.dev...
  Client: ghcr.io/englishm/moq-interop-runner-moq-test-client:latest
docker run --rm \
	--network host \
	-e RELAY_URL=https://relay.moqtail.dev \
	-e TLS_DISABLE_VERIFY=false \
	ghcr.io/englishm/moq-interop-runner-moq-test-client:latest
TAP version 14
# moq-test-client v0.1.0
# Relay: https://relay.moqtail.dev/
1..6
ok 1 - setup-only
  ---
  duration_ms: 284
  connection_id: 3db6a01cb13f354e336215703faade31
  ...
ok 2 - announce-only
  ---
  duration_ms: 2287
  connection_id: b3757771e70f88ef545e3523595c6267
  ...
ok 3 - subscribe-error
  ---
  duration_ms: 306
  connection_id: 35f1bc6f6f43b94cf6375e66ed2fe3ae
  ...
ok 4 - announce-subscribe
  ---
  duration_ms: 548
  publisher_connection_id: 0d154eb9005532bb2888f717b5f988fd
  subscriber_connection_id: abcf1d92abebdacf6b03d06b4ff48322
  ...
ok 5 - subscribe-before-announce
  ---
  duration_ms: 4092
  subscriber_connection_id: d8c3716354c9f9693fb0f9369dc6b901
  publisher_connection_id: acae0fed955ac941f76d8626ebf74f25
  ...
ok 6 - publish-namespace-done
  ---
  duration_ms: 2303
  connection_id: dbfe94277a26120f5ee886e09e93ed49
  ...
make[1]: Leaving directory '/home/runner/work/moq-interop-runner/moq-interop-runner/main'
