make[1]: Entering directory '/home/runner/work/moq-interop-runner/moq-interop-runner/main'
Running tests against https://draft-16-manish.cloudflare.mediaoverquic.com:443/moq...
  Client: ghcr.io/englishm/moq-interop-runner-moq-test-client-draft-16:latest
docker run --rm \
	--network host \
	-e RELAY_URL=https://draft-16-manish.cloudflare.mediaoverquic.com:443/moq \
	-e TLS_DISABLE_VERIFY=false \
	ghcr.io/englishm/moq-interop-runner-moq-test-client-draft-16:latest
TAP version 14
# moq-test-client v0.1.0
# Relay: https://draft-16-manish.cloudflare.mediaoverquic.com/moq
1..6
ok 1 - setup-only
  ---
  duration_ms: 230
  connection_id: 7b0d83be873d5a32fdd5e4a6a34b5052
  ...
ok 2 - announce-only
  ---
  duration_ms: 2226
  connection_id: 3caae9fe5d7b846c5bb486fc068254dc
  ...
ok 3 - subscribe-error
  ---
  duration_ms: 257
  connection_id: 23926bd11a26f9b036fcd7c35dc690a3
  ...
ok 4 - announce-subscribe
  ---
  duration_ms: 458
  publisher_connection_id: f90b53ee0f0ba8f6be522b53d31db947
  subscriber_connection_id: 0b07667b6bc445ade68c0452d0b9bbc4
  ...
ok 5 - subscribe-before-announce
  ---
  duration_ms: 3962
  subscriber_connection_id: 7e1d4e9ed8f4ff2f5455e194ed2bca47
  publisher_connection_id: 7876a685b2dca6cd15a3f318e462db74
  ...
ok 6 - publish-namespace-done
  ---
  duration_ms: 2346
  connection_id: ad91fe66715ce02a152abb7e689505de
  ...
make[1]: Leaving directory '/home/runner/work/moq-interop-runner/moq-interop-runner/main'
