make[1]: Entering directory '/home/runner/work/moq-interop-runner/moq-interop-runner/main'
Running tests against moqt://moqx-000.ci.openmoq.org:4433...
  Client: ghcr.io/englishm/moq-interop-runner-moq-test-client:latest
docker run --rm \
	--network host \
	-e RELAY_URL=moqt://moqx-000.ci.openmoq.org:4433 \
	-e TLS_DISABLE_VERIFY=false \
	ghcr.io/englishm/moq-interop-runner-moq-test-client:latest
TAP version 14
# moq-test-client v0.1.0
# Relay: moqt://moqx-000.ci.openmoq.org:4433
1..6
ok 1 - setup-only
  ---
  duration_ms: 132
  connection_id: 442b88bc9b3c756e6777204db913cd57
  ...
ok 2 - announce-only
  ---
  duration_ms: 2106
  connection_id: f2b2c4a0a4ee9df275f536857b09bf65
  ...
ok 3 - subscribe-error
  ---
  duration_ms: 153
  connection_id: cdfb62e07355745b6726dcbaf2d5b7c3
  ...
ok 4 - announce-subscribe
  ---
  duration_ms: 3234
  publisher_connection_id: be952f68f906d5affe62f4e6036ae498
  subscriber_connection_id: aa07384f7289e706d73b480330520c7a
  ...
ok 5 - subscribe-before-announce
  ---
  duration_ms: 4057
  subscriber_connection_id: 8950752e776941798cc342d8ef815a8f
  publisher_connection_id: 46887510a204c3ce0141f701dba1dc71
  ...
ok 6 - publish-namespace-done
  ---
  duration_ms: 2232
  connection_id: 896d95f91e122985cde4f26fc9b320ba
  ...
make[1]: Leaving directory '/home/runner/work/moq-interop-runner/moq-interop-runner/main'
