make[1]: Entering directory '/home/runner/work/moq-interop-runner/moq-interop-runner/main'
Running tests against https://draft-14.cloudflare.mediaoverquic.com:443/moq...
  Client: ghcr.io/englishm/moq-interop-runner-moq-test-client:latest
docker run --rm \
	--network host \
	-e RELAY_URL=https://draft-14.cloudflare.mediaoverquic.com:443/moq \
	-e TLS_DISABLE_VERIFY=false \
	ghcr.io/englishm/moq-interop-runner-moq-test-client:latest
TAP version 14
# moq-test-client v0.1.0
# Relay: https://draft-14.cloudflare.mediaoverquic.com/moq
1..6
ok 1 - setup-only
  ---
  duration_ms: 10
  connection_id: b5ee4b871b0bfdca4175ee5ab54d1304
  ...
ok 2 - announce-only
  ---
  duration_ms: 2028
  connection_id: 179c893156083ebd84487a78fad7f82d
  ...
ok 3 - subscribe-error
  ---
  duration_ms: 64
  connection_id: 2c781b034f4d146e89b128e8515a67f3
  ...
ok 4 - announce-subscribe
  ---
  duration_ms: 3047
  publisher_connection_id: daef256f4ed8c4a7f2b54d34eb50e92a
  subscriber_connection_id: b39e6fe64a7f66cba8acb801a51b9e97
  ...
ok 5 - subscribe-before-announce
  ---
  duration_ms: 3540
  subscriber_connection_id: 6ec0918f79059bdf40e63927f1b6dedf
  publisher_connection_id: ec2006a94133f76181334a3bda0d7300
  ...
ok 6 - publish-namespace-done
  ---
  duration_ms: 2112
  connection_id: 2df89f2953259aa8102d117dc062421d
  ...
make[1]: Leaving directory '/home/runner/work/moq-interop-runner/moq-interop-runner/main'
