make[1]: Entering directory '/home/runner/work/moq-interop-runner/moq-interop-runner/main'
Running tests against moqt://us-west-2.relay.quicr.org:33437...
  Client: ghcr.io/englishm/moq-interop-runner-moq-test-client:latest
docker run --rm \
	--network host \
	-e RELAY_URL=moqt://us-west-2.relay.quicr.org:33437 \
	-e TLS_DISABLE_VERIFY=1 \
	ghcr.io/englishm/moq-interop-runner-moq-test-client:latest
TAP version 14
# moq-test-client v0.1.0
# Relay: moqt://us-west-2.relay.quicr.org:33437
1..6
ok 1 - setup-only
  ---
  duration_ms: 171
  connection_id: 87e5bedc04869430ca09b1862790c207
  ...
ok 2 - announce-only
  ---
  duration_ms: 2138
  connection_id: ecdee794b5eed2a12c746b58ee339ef4
  ...
not ok 3 - subscribe-error
  ---
  duration_ms: 10001
  message: "test timed out: deadline has elapsed"
  ...
ok 4 - announce-subscribe
  ---
  duration_ms: 3290
  publisher_connection_id: ad0ee4cdf5fd9ad115ddea48a24f1aed
  subscriber_connection_id: 0575ae149ff8a02ab2c177149a2bccd2
  ...
ok 5 - subscribe-before-announce
  ---
  duration_ms: 5146
  subscriber_connection_id: 795c643057bb677cadbef5906495aa63
  publisher_connection_id: 81d1ae70dcc8032263befe4b9ce4e8ed
  ...
ok 6 - publish-namespace-done
  ---
  duration_ms: 2308
  connection_id: 3114cb440d61608d6fd7be7980caa3d0
  ...
make[1]: *** [Makefile:91: test-external] Error 1
make[1]: Leaving directory '/home/runner/work/moq-interop-runner/moq-interop-runner/main'
