make[1]: Entering directory '/home/runner/work/moq-interop-runner/moq-interop-runner/main'
Running tests against moqt://draft-16-manish.cloudflare.mediaoverquic.com:443...
  Client: ghcr.io/englishm/moq-interop-runner-moq-test-client-draft-16:latest
docker run --rm \
	--network host \
	-e RELAY_URL=moqt://draft-16-manish.cloudflare.mediaoverquic.com:443 \
	-e TLS_DISABLE_VERIFY=false \
	ghcr.io/englishm/moq-interop-runner-moq-test-client-draft-16:latest
TAP version 14
# moq-test-client v0.1.0
# Relay: moqt://draft-16-manish.cloudflare.mediaoverquic.com:443
1..6
ok 1 - setup-only
  ---
  duration_ms: 308
  connection_id: 00bd879041fd38e1da5cc5dd9e69faf8
  ...
ok 2 - announce-only
  ---
  duration_ms: 2066
  connection_id: 133487220b8ca6741002070431df1f7a
  ...
ok 3 - subscribe-error
  ---
  duration_ms: 117
  connection_id: b3faae6eae7105d12f1e33b32fae3eaa
  ...
ok 4 - announce-subscribe
  ---
  duration_ms: 3285
  publisher_connection_id: b6ef4de371fe4c033dbc14f5778d4242
  subscriber_connection_id: 401e7619fce3049d5fff9cb6008e9ac2
  ...
ok 5 - subscribe-before-announce
  ---
  duration_ms: 3692
  subscriber_connection_id: a66c583ac7a2aadbd18f8da14d363a79
  publisher_connection_id: e0caa86fbccbb9fdeff891fe34107d86
  ...
ok 6 - publish-namespace-done
  ---
  duration_ms: 2144
  connection_id: 54f03a090725fb8263763ba648d7d799
  ...
make[1]: Leaving directory '/home/runner/work/moq-interop-runner/moq-interop-runner/main'
