make[1]: Entering directory '/home/runner/work/moq-interop-runner/moq-interop-runner/main'
Running tests against https://draft-16-manish.cloudflare.mediaoverquic.com:443/moq...
  Client: ghcr.io/englishm/moq-interop-runner-moq-test-client-draft-16:latest
docker run --rm \
	--network host \
	-e RELAY_URL=https://draft-16-manish.cloudflare.mediaoverquic.com:443/moq \
	-e TLS_DISABLE_VERIFY=false \
	ghcr.io/englishm/moq-interop-runner-moq-test-client-draft-16:latest
TAP version 14
# moq-test-client v0.1.0
# Relay: https://draft-16-manish.cloudflare.mediaoverquic.com/moq
1..6
ok 1 - setup-only
  ---
  duration_ms: 69
  connection_id: e4db808c56d6c1883ef534c9148856c5
  ...
ok 2 - announce-only
  ---
  duration_ms: 2063
  connection_id: 3d39322e5fe13a1d7411e3d99536995b
  ...
ok 3 - subscribe-error
  ---
  duration_ms: 77
  connection_id: da815f75732d28311ef306be7b27dcc4
  ...
ok 4 - announce-subscribe
  ---
  duration_ms: 175
  publisher_connection_id: 2930219f7861bbd25226dd9edaf972f6
  subscriber_connection_id: 4dcfc034a58628cfbbc88779a75962bc
  ...
ok 5 - subscribe-before-announce
  ---
  duration_ms: 3741
  subscriber_connection_id: 7aed4f92daae29f5863b45c3684c4dfd
  publisher_connection_id: 4a703b74ec1b2634a1d8d9801a34d9eb
  ...
ok 6 - publish-namespace-done
  ---
  duration_ms: 2164
  connection_id: 7827796475bb05fdc6d077e716e598d2
  ...
make[1]: Leaving directory '/home/runner/work/moq-interop-runner/moq-interop-runner/main'
