make[1]: Entering directory '/home/runner/work/moq-interop-runner/moq-interop-runner/main'
Running tests against moqt://draft-14.cloudflare.mediaoverquic.com:443...
  Client: ghcr.io/englishm/moq-interop-runner-moq-test-client:latest
docker run --rm \
	--network host \
	-e RELAY_URL=moqt://draft-14.cloudflare.mediaoverquic.com:443 \
	-e TLS_DISABLE_VERIFY=false \
	ghcr.io/englishm/moq-interop-runner-moq-test-client:latest
TAP version 14
# moq-test-client v0.1.0
# Relay: moqt://draft-14.cloudflare.mediaoverquic.com:443
1..6
ok 1 - setup-only
  ---
  duration_ms: 132
  connection_id: 94f1ad7cfa2ae0671c96a6f866358a0b
  ...
ok 2 - announce-only
  ---
  duration_ms: 2029
  connection_id: d597ebd2e2051a19e2dce883c0acc831
  ...
ok 3 - subscribe-error
  ---
  duration_ms: 162
  connection_id: aa101ad0d2a04c4bdf4afeddd65f2c74
  ...
ok 4 - announce-subscribe
  ---
  duration_ms: 698
  publisher_connection_id: 577382d42ba0d2c500944ff56e928d25
  subscriber_connection_id: ef8f10be9d0e3b6c493f0bedbc01f20e
  ...
ok 5 - subscribe-before-announce
  ---
  duration_ms: 3589
  subscriber_connection_id: e8f78ec5d339a2d8b70fc6cb1ff591da
  publisher_connection_id: cc10953c63ba7bd90a7f678d1f5cf3b1
  ...
ok 6 - publish-namespace-done
  ---
  duration_ms: 2126
  connection_id: 3d837646f23bcff4262f35b4db9ee504
  ...
make[1]: Leaving directory '/home/runner/work/moq-interop-runner/moq-interop-runner/main'
