make[1]: Entering directory '/home/runner/work/moq-interop-runner/moq-interop-runner/main'
Running tests against https://fb.mvfst.net:9448/moq-relay...
  Client: ghcr.io/englishm/moq-interop-runner-moq-test-client-draft-16:latest
docker run --rm \
	--network host \
	-e RELAY_URL=https://fb.mvfst.net:9448/moq-relay \
	-e TLS_DISABLE_VERIFY=1 \
	ghcr.io/englishm/moq-interop-runner-moq-test-client-draft-16:latest
TAP version 14
# moq-test-client v0.1.0
# Relay: https://fb.mvfst.net:9448/moq-relay
1..6
[2m2026-02-20T00:23:32.282786Z[0m [33m WARN[0m [2mweb_transport_quinn::session[0m[2m:[0m unknown capsule [3mtyp[0m[2m=[0m0 [3msize[0m[2m=[0m9
ok 1 - setup-only
  ---
  duration_ms: 221
  connection_id: 2302db9c7841e7398eaff60b5dbab5f4
  ...
[2m2026-02-20T00:23:32.410703Z[0m [33m WARN[0m [2mweb_transport_quinn::session[0m[2m:[0m unknown capsule [3mtyp[0m[2m=[0m0 [3msize[0m[2m=[0m9
[2m2026-02-20T00:23:32.441167Z[0m [33m WARN[0m [2mweb_transport_quinn::session[0m[2m:[0m unknown capsule [3mtyp[0m[2m=[0m0 [3msize[0m[2m=[0m9
ok 2 - announce-only
  ---
  duration_ms: 2129
  connection_id: ff945a86cbd2129603a7a087138f4691
  ...
[2m2026-02-20T00:23:34.643343Z[0m [33m WARN[0m [2mweb_transport_quinn::session[0m[2m:[0m unknown capsule [3mtyp[0m[2m=[0m0 [3msize[0m[2m=[0m9
[2m2026-02-20T00:23:34.669239Z[0m [33m WARN[0m [2mweb_transport_quinn::session[0m[2m:[0m unknown capsule [3mtyp[0m[2m=[0m0 [3msize[0m[2m=[0m9
ok 3 - subscribe-error
  ---
  duration_ms: 256
  connection_id: cf86fc6cbdc896120a18b38155a43a50
  ...
[2m2026-02-20T00:23:34.828735Z[0m [33m WARN[0m [2mweb_transport_quinn::session[0m[2m:[0m unknown capsule [3mtyp[0m[2m=[0m0 [3msize[0m[2m=[0m9
[2m2026-02-20T00:23:35.029221Z[0m [33m WARN[0m [2mweb_transport_quinn::session[0m[2m:[0m unknown capsule [3mtyp[0m[2m=[0m0 [3msize[0m[2m=[0m9
[2m2026-02-20T00:23:35.049595Z[0m [33m WARN[0m [2mweb_transport_quinn::session[0m[2m:[0m unknown capsule [3mtyp[0m[2m=[0m0 [3msize[0m[2m=[0m9
[2m2026-02-20T00:23:35.056318Z[0m [33m WARN[0m [2mweb_transport_quinn::session[0m[2m:[0m unknown capsule [3mtyp[0m[2m=[0m0 [3msize[0m[2m=[0m9
[2m2026-02-20T00:23:35.074146Z[0m [33m WARN[0m [2mweb_transport_quinn::session[0m[2m:[0m unknown capsule [3mtyp[0m[2m=[0m0 [3msize[0m[2m=[0m9
not ok 4 - announce-subscribe
  ---
  duration_ms: 405
  message: "publisher session error: webtransport error: read error: RESET_STREAM: 386759528: read error: RESET_STREAM: 386759528"
  ...
[2m2026-02-20T00:23:35.076906Z[0m [33m WARN[0m [2mweb_transport_quinn::session[0m[2m:[0m unknown capsule [3mtyp[0m[2m=[0m0 [3msize[0m[2m=[0m6
[2m2026-02-20T00:23:35.294392Z[0m [33m WARN[0m [2mweb_transport_quinn::session[0m[2m:[0m unknown capsule [3mtyp[0m[2m=[0m0 [3msize[0m[2m=[0m9
[2m2026-02-20T00:23:35.317500Z[0m [33m WARN[0m [2mweb_transport_quinn::session[0m[2m:[0m unknown capsule [3mtyp[0m[2m=[0m0 [3msize[0m[2m=[0m9
[2m2026-02-20T00:23:36.044235Z[0m [33m WARN[0m [2mweb_transport_quinn::session[0m[2m:[0m unknown capsule [3mtyp[0m[2m=[0m0 [3msize[0m[2m=[0m9
[2m2026-02-20T00:23:36.077800Z[0m [33m WARN[0m [2mweb_transport_quinn::session[0m[2m:[0m unknown capsule [3mtyp[0m[2m=[0m0 [3msize[0m[2m=[0m9
ok 5 - subscribe-before-announce
  ---
  duration_ms: 3971
  subscriber_connection_id: e1264b0094b6d8063f26248b4df75d4f
  publisher_connection_id: 69e3ce72120dfd6d6454047cda3c9e03
  ...
[2m2026-02-20T00:23:39.294248Z[0m [33m WARN[0m [2mweb_transport_quinn::session[0m[2m:[0m unknown capsule [3mtyp[0m[2m=[0m0 [3msize[0m[2m=[0m9
[2m2026-02-20T00:23:39.325227Z[0m [33m WARN[0m [2mweb_transport_quinn::session[0m[2m:[0m unknown capsule [3mtyp[0m[2m=[0m0 [3msize[0m[2m=[0m9
ok 6 - publish-namespace-done
  ---
  duration_ms: 2350
  connection_id: 691afcf357d4dddc1e609fca1ff0f2e1
  ...
make[1]: *** [Makefile:91: test-external] Error 1
make[1]: Leaving directory '/home/runner/work/moq-interop-runner/moq-interop-runner/main'
