make[1]: Entering directory '/home/runner/work/moq-interop-runner/moq-interop-runner/main'
Running tests against moqt://fb.mvfst.net:9448...
  Client: ghcr.io/englishm/moq-interop-runner-moq-test-client:latest
docker run --rm \
	--network host \
	-e RELAY_URL=moqt://fb.mvfst.net:9448 \
	-e TLS_DISABLE_VERIFY=1 \
	ghcr.io/englishm/moq-interop-runner-moq-test-client:latest
TAP version 14
# moq-test-client v0.1.0
# Relay: moqt://fb.mvfst.net:9448
1..6
ok 1 - setup-only
  ---
  duration_ms: 68
  connection_id: 8a63a6dd4913c99b88d3d51cf95fc363
  ...
ok 2 - announce-only
  ---
  duration_ms: 2113
  connection_id: d738309df2148e38a0718f1e93d7a4eb
  ...
ok 3 - subscribe-error
  ---
  duration_ms: 76
  connection_id: 7b7e0ea113aeb459c1070c6907ff771c
  ...
ok 4 - announce-subscribe
  ---
  duration_ms: 3206
  publisher_connection_id: f4dd478d59f37b9e7fa75a1b15f21357
  subscriber_connection_id: 2346ee5a5ea9483a314ea97f1f6d596a
  ...
ok 5 - subscribe-before-announce
  ---
  duration_ms: 3702
  subscriber_connection_id: bd36d5c23a120c3ae08deb7bb564d430
  publisher_connection_id: 4a0536e7c625990eb757a7eb622a1dad
  ...
ok 6 - publish-namespace-done
  ---
  duration_ms: 2202
  connection_id: 3cd8ba4d60f843152d9c48d116996d6d
  ...
make[1]: Leaving directory '/home/runner/work/moq-interop-runner/moq-interop-runner/main'
