make[1]: Entering directory '/home/runner/work/moq-interop-runner/moq-interop-runner/main'
Running tests against https://draft-14.cloudflare.mediaoverquic.com:443/moq...
  Client: ghcr.io/facebookexperimental/moxygen-interop-client:latest-amd64
docker run --rm \
	--network host \
	-e RELAY_URL=https://draft-14.cloudflare.mediaoverquic.com:443/moq \
	-e TLS_DISABLE_VERIFY=false \
	ghcr.io/facebookexperimental/moxygen-interop-client:latest-amd64
TAP version 14
# moxygen interop test client
# Relay: https://draft-14.cloudflare.mediaoverquic.com:443/moq
# Transport: WebTransport
1..6
W0220 00:35:49.824029     1 MoQWebTransportClient.cpp:180] WebTransport: No WT-Protocol header in response, will use legacy version negotiation
ok 1 - setup-only
  ---
  duration_ms: 64
  info: SETUP exchange completed successfully
  ...
E0220 00:35:49.835450     1 MoQSession.cpp:2573] proxygen::WebTransport::Exception: session terminated with error=386759528 id=4 sess=0x55ca90c65000
W0220 00:35:49.879895     1 MoQWebTransportClient.cpp:180] WebTransport: No WT-Protocol header in response, will use legacy version negotiation
E0220 00:35:50.174589     1 MoQRelaySession.cpp:681] PublishNamespaceDone for unknown publishNamespace, sess=0x55ca90c846c0
E0220 00:35:50.174725     1 MoQSession.cpp:2573] proxygen::WebTransport::Exception: session terminated with error=386759528 id=4 sess=0x55ca90c846c0
ok 2 - announce-only
  ---
  duration_ms: 339
  info: PUBLISH_NAMESPACE completed successfully
  ...
W0220 00:35:50.204771     1 MoQWebTransportClient.cpp:180] WebTransport: No WT-Protocol header in response, will use legacy version negotiation
E0220 00:35:50.230109     1 MoQWebTransportClient.cpp:205] proxygen::HTTPException: Got error=ApplicationError: No Error, Client closed by peer reason=
ok 3 - subscribe-error
  ---
  duration_ms: 55
  info: Subscribe correctly returned error: Session closed
  ...
W0220 00:35:50.277233     1 MoQWebTransportClient.cpp:180] WebTransport: No WT-Protocol header in response, will use legacy version negotiation
W0220 00:35:50.585096     1 MoQWebTransportClient.cpp:180] WebTransport: No WT-Protocol header in response, will use legacy version negotiation
E0220 00:35:50.614846     1 MoQWebTransportClient.cpp:205] proxygen::HTTPException: Got error=ApplicationError: No Error, Client closed by peer reason=
E0220 00:35:50.615139     1 MoQSession.cpp:2573] proxygen::WebTransport::Exception: session terminated with error=386759528 id=4 sess=0x55ca90c9cb10
not ok 4 - announce-subscribe
  ---
  duration_ms: 384
  error: Subscribe failed: Session closed
  ...
W0220 00:35:50.637423     1 MoQWebTransportClient.cpp:180] WebTransport: No WT-Protocol header in response, will use legacy version negotiation
ok 5 - publish-namespace-done
  ---
  duration_ms: 151
  info: PUBLISH_NAMESPACE_OK received, PUBLISH_NAMESPACE_DONE sent
  ...
E0220 00:35:50.766513     1 MoQSession.cpp:2573] proxygen::WebTransport::Exception: session terminated with error=386759528 id=4 sess=0x55ca90ca3770
W0220 00:35:50.807955     1 MoQWebTransportClient.cpp:180] WebTransport: No WT-Protocol header in response, will use legacy version negotiation
E0220 00:35:50.829179     1 MoQWebTransportClient.cpp:205] proxygen::HTTPException: Got error=ApplicationError: No Error, Client closed by peer reason=
W0220 00:35:51.361047     1 MoQWebTransportClient.cpp:180] WebTransport: No WT-Protocol header in response, will use legacy version negotiation
E0220 00:35:51.479756     1 MoQSession.cpp:2573] proxygen::WebTransport::Exception: session terminated with error=386759528 id=4 sess=0x55ca90c854a0
ok 6 - subscribe-before-announce
  ---
  duration_ms: 713
  info: Subscribe returned error (relay doesn't buffer pending subscriptions): Session closed
  ...
E20260220 00:35:51.493569     1 HQControlCodec.h:58] Unexpected control stream EOF
E20260220 00:35:51.494552     1 HQSession.cpp:3046] Got error on control stream error=HTTP: Critical stream was closed streamID=3 sess=proto=h3, client CID=, server CID=81ecf7adcd636ff9, local=10.1.0.133:52101, 162.159.207.5:443=upstream, drain=done
make[1]: *** [Makefile:91: test-external] Error 1
make[1]: Leaving directory '/home/runner/work/moq-interop-runner/moq-interop-runner/main'
