make[1]: Entering directory '/home/runner/work/moq-interop-runner/moq-interop-runner/main'
Running tests against https://fb.mvfst.net:9448/moq-relay...
  Client: ghcr.io/facebookexperimental/moxygen-interop-client:latest-amd64
docker run --rm \
	--network host \
	-e RELAY_URL=https://fb.mvfst.net:9448/moq-relay \
	-e TLS_DISABLE_VERIFY=1 \
	ghcr.io/facebookexperimental/moxygen-interop-client:latest-amd64
TAP version 14
# moxygen interop test client
# Relay: https://fb.mvfst.net:9448/moq-relay
# Transport: WebTransport
1..6
ok 1 - setup-only
  ---
  duration_ms: 97
  info: SETUP exchange completed successfully
  ...
E0220 00:26:26.313302     1 MoQSession.cpp:2573] proxygen::WebTransport::Exception: session terminated with error=386759528 id=4 sess=0x55974cb73800
E0220 00:26:26.590366     1 MoQRelaySession.cpp:681] PublishNamespaceDone for unknown publishNamespace, sess=0x55974cb85890
ok 2 - announce-only
  ---
  duration_ms: 276
  info: PUBLISH_NAMESPACE completed successfully
  ...
E0220 00:26:26.590536     1 MoQSession.cpp:2573] proxygen::WebTransport::Exception: session terminated with error=386759528 id=4 sess=0x55974cb85890
E0220 00:26:26.710880     1 MoQSession.cpp:2573] proxygen::WebTransport::Exception: session terminated with error=386759528 id=4 sess=0x55974cb81fc0
ok 3 - subscribe-error
  ---
  duration_ms: 120
  info: Subscribe correctly returned error: no such namespace or track
  ...
E0220 00:26:27.173596     1 MoQSession.cpp:2573] proxygen::WebTransport::Exception: session terminated with error=386759528 id=4 sess=0x55974cafeb90
E0220 00:26:27.173627     1 MoQSession.cpp:2573] proxygen::WebTransport::Exception: session terminated with error=386759528 id=4 sess=0x55974cba5c20
ok 4 - announce-subscribe
  ---
  duration_ms: 462
  info: Publisher announced, subscriber subscribed successfully
  ...
E0220 00:26:27.445641     1 MoQSession.cpp:2573] proxygen::WebTransport::Exception: session terminated with error=386759528 id=4 sess=0x55974cb7d680
ok 5 - publish-namespace-done
  ---
  duration_ms: 271
  info: PUBLISH_NAMESPACE_OK received, PUBLISH_NAMESPACE_DONE sent
  ...
ok 6 - subscribe-before-announce
  ---
  duration_ms: 746
  info: Subscribe returned error (relay doesn't buffer pending subscriptions): no such namespace or track
  ...
E0220 00:26:28.192205     1 MoQSession.cpp:2573] proxygen::WebTransport::Exception: session terminated with error=386759528 id=4 sess=0x55974cb866d0
E0220 00:26:28.192230     1 MoQSession.cpp:2573] proxygen::WebTransport::Exception: session terminated with error=386759528 id=4 sess=0x55974cb81f40
make[1]: Leaving directory '/home/runner/work/moq-interop-runner/moq-interop-runner/main'
