make[1]: Entering directory '/home/runner/work/moq-interop-runner/moq-interop-runner/main'
Running tests against https://lminiero.it:9000...
  Client: ghcr.io/englishm/moq-interop-runner-moq-test-client:latest
docker run --rm \
	--network host \
	-e RELAY_URL=https://lminiero.it:9000 \
	-e TLS_DISABLE_VERIFY=false \
	ghcr.io/englishm/moq-interop-runner-moq-test-client:latest
TAP version 14
# moq-test-client v0.1.0
# Relay: https://lminiero.it:9000/
1..6
ok 1 - setup-only
  ---
  duration_ms: 844
  connection_id: d08476f519ac258cf97833a700a14247
  ...
ok 2 - announce-only
  ---
  duration_ms: 2869
  connection_id: 4eb721cdf1561fb047f53edf9e58a81c
  ...
ok 3 - subscribe-error
  ---
  duration_ms: 990
  connection_id: 2df33f65c96ad83c3423551ecc8d6702
  ...
not ok 4 - announce-subscribe
  ---
  duration_ms: 10001
  message: "test timed out: deadline has elapsed"
  ...
ok 5 - subscribe-before-announce
  ---
  duration_ms: 4945
  subscriber_connection_id: fa9b663e27021766e8b67ea548882afb
  publisher_connection_id: 42cfe2ea928d54e6763a27a139060cce
  ...
ok 6 - publish-namespace-done
  ---
  duration_ms: 2808
  connection_id: 8dd255ba498b0c9032b29d0999fd0d3e
  ...
make[1]: *** [Makefile:91: test-external] Error 1
make[1]: Leaving directory '/home/runner/work/moq-interop-runner/moq-interop-runner/main'
