make[1]: Entering directory '/home/runner/work/moq-interop-runner/moq-interop-runner/main'
Running tests against moqt://fb.mvfst.net:9448...
  Client: ghcr.io/facebookexperimental/moxygen-interop-client:latest-amd64
docker run --rm \
	--network host \
	-e RELAY_URL=moqt://fb.mvfst.net:9448 \
	-e TLS_DISABLE_VERIFY=1 \
	ghcr.io/facebookexperimental/moxygen-interop-client:latest-amd64
TAP version 14
# moxygen interop test client
# Relay: moqt://fb.mvfst.net:9448
# Transport: QUIC
1..6
E0227 00:28:57.602314     1 MoQSession.cpp:2559] proxygen::WebTransport::Exception: received reset_stream with error=0 id=0 sess=0x5586d628cbb0
ok 1 - setup-only
  ---
  duration_ms: 111
  info: SETUP exchange completed successfully
  ...
ok 2 - announce-only
  ---
  duration_ms: 151
  info: PUBLISH_NAMESPACE completed successfully
  ...
E0227 00:28:57.753422     1 MoQRelaySession.cpp:698] PublishNamespaceDone for unknown publishNamespace, sess=0x5586d62fa470
E0227 00:28:57.753467     1 MoQSession.cpp:2559] proxygen::WebTransport::Exception: received reset_stream with error=0 id=0 sess=0x5586d62fa470
E0227 00:28:57.905598     1 MoQSession.cpp:2559] proxygen::WebTransport::Exception: received reset_stream with error=0 id=0 sess=0x5586d630a1c0
ok 3 - subscribe-error
  ---
  duration_ms: 152
  info: Subscribe correctly returned error: no such namespace or track
  ...
E0227 00:28:58.251628     1 MoQSession.cpp:2559] proxygen::WebTransport::Exception: received reset_stream with error=0 id=0 sess=0x5586d62e2f10
E0227 00:28:58.251650     1 MoQSession.cpp:2559] proxygen::WebTransport::Exception: received reset_stream with error=0 id=0 sess=0x5586d6318800
ok 4 - announce-subscribe
  ---
  duration_ms: 345
  info: Publisher announced, subscriber subscribed successfully
  ...
ok 5 - publish-namespace-done
  ---
  duration_ms: 168
  info: PUBLISH_NAMESPACE_OK received, PUBLISH_NAMESPACE_DONE sent
  ...
E0227 00:28:58.420478     1 MoQSession.cpp:2559] proxygen::WebTransport::Exception: received reset_stream with error=0 id=0 sess=0x5586d628fd40
ok 6 - subscribe-before-announce
  ---
  duration_ms: 791
  info: Subscribe returned error (relay doesn't buffer pending subscriptions): no such namespace or track
  ...
E0227 00:28:59.212277     1 MoQSession.cpp:2559] proxygen::WebTransport::Exception: received reset_stream with error=0 id=0 sess=0x5586d628fd40
E0227 00:28:59.212317     1 MoQSession.cpp:2559] proxygen::WebTransport::Exception: received reset_stream with error=0 id=0 sess=0x5586d631fe80
make[1]: Leaving directory '/home/runner/work/moq-interop-runner/moq-interop-runner/main'
