make[1]: Entering directory '/home/runner/work/moq-interop-runner/moq-interop-runner/main'
Running tests against https://relay.moqtail.dev...
  Client: ghcr.io/englishm/moq-interop-runner-moq-test-client:latest
docker run --rm \
	--network host \
	-e RELAY_URL=https://relay.moqtail.dev \
	-e TLS_DISABLE_VERIFY=false \
	ghcr.io/englishm/moq-interop-runner-moq-test-client:latest
TAP version 14
# moq-test-client v0.1.0
# Relay: https://relay.moqtail.dev/
1..6
ok 1 - setup-only
  ---
  duration_ms: 506
  connection_id: 5dbe2d2d8773f550e02c6782f9f0318c
  ...
ok 2 - announce-only
  ---
  duration_ms: 2455
  connection_id: 506e7da97c856b94194fe6525e03375f
  ...
ok 3 - subscribe-error
  ---
  duration_ms: 597
  connection_id: eba7bc93c9829d4ec44461fd8c4582b9
  ...
ok 4 - announce-subscribe
  ---
  duration_ms: 1053
  publisher_connection_id: 56d291e6ae320f8bf4cf59901055bbe3
  subscriber_connection_id: ac08e7b969672bd21d930964107cf03c
  ...
ok 5 - subscribe-before-announce
  ---
  duration_ms: 4426
  subscriber_connection_id: 0a4a6d47eed0053dc682614d45bd6689
  publisher_connection_id: 03b27e92486075b0f0981db27ab8e873
  ...
ok 6 - publish-namespace-done
  ---
  duration_ms: 2554
  connection_id: cb7014bf4f72c30ea32a308c6272e861
  ...
make[1]: Leaving directory '/home/runner/work/moq-interop-runner/moq-interop-runner/main'
