make[1]: Entering directory '/home/runner/work/moq-interop-runner/moq-interop-runner/main'
Running tests against moqt://us-west-2.relay.quicr.org:33437...
  Client: ghcr.io/englishm/moq-interop-runner-moq-test-client:latest
docker run --rm \
	--network host \
	-e RELAY_URL=moqt://us-west-2.relay.quicr.org:33437 \
	-e TLS_DISABLE_VERIFY=1 \
	ghcr.io/englishm/moq-interop-runner-moq-test-client:latest
TAP version 14
# moq-test-client v0.1.0
# Relay: moqt://us-west-2.relay.quicr.org:33437
1..6
ok 1 - setup-only
  ---
  duration_ms: 211
  connection_id: 6b59b8be887ad8d1bc25a3d077dee1da
  ...
ok 2 - announce-only
  ---
  duration_ms: 2121
  connection_id: c545efada76f9248dc4247cbb2eb9745
  ...
not ok 3 - subscribe-error
  ---
  duration_ms: 10001
  message: "test timed out: deadline has elapsed"
  ...
ok 4 - announce-subscribe
  ---
  duration_ms: 3228
  publisher_connection_id: 1ebe40cc80545acb25c54dc412aaea7e
  subscriber_connection_id: 25c57be7fdf2117a8084c8d20777d4d9
  ...
ok 5 - subscribe-before-announce
  ---
  duration_ms: 4741
  subscriber_connection_id: d3113c6d4e24580a35d1544cfc7e90a0
  publisher_connection_id: 9a587345dd2c8f4127455edfa1aa4988
  ...
ok 6 - publish-namespace-done
  ---
  duration_ms: 2217
  connection_id: b6f85b4a52e988fe0aa1aeed9ab7bd8e
  ...
make[1]: *** [Makefile:91: test-external] Error 1
make[1]: Leaving directory '/home/runner/work/moq-interop-runner/moq-interop-runner/main'
