make[1]: Entering directory '/home/runner/work/moq-interop-runner/moq-interop-runner/main'
Running tests against https://draft-14.cloudflare.mediaoverquic.com:443/moq...
  Client: ghcr.io/englishm/moq-interop-runner-moq-test-client:latest
docker run --rm \
	--network host \
	-e RELAY_URL=https://draft-14.cloudflare.mediaoverquic.com:443/moq \
	-e TLS_DISABLE_VERIFY=false \
	ghcr.io/englishm/moq-interop-runner-moq-test-client:latest
TAP version 14
# moq-test-client v0.1.0
# Relay: https://draft-14.cloudflare.mediaoverquic.com/moq
1..6
ok 1 - setup-only
  ---
  duration_ms: 31
  connection_id: abaaf1a7271dc787c5a40ea254daa875
  ...
ok 2 - announce-only
  ---
  duration_ms: 2023
  connection_id: 3e7528a3e2cce4e9aecbdd09915f848f
  ...
ok 3 - subscribe-error
  ---
  duration_ms: 232
  connection_id: 02dae07e6f9d0b1262f4d20c552882f9
  ...
ok 4 - announce-subscribe
  ---
  duration_ms: 312
  publisher_connection_id: 56a178487be96c4ee3c7bc75556673ca
  subscriber_connection_id: 04647b72eedb3b75c06af0b99aa5cf4a
  ...
ok 5 - subscribe-before-announce
  ---
  duration_ms: 3536
  subscriber_connection_id: 6575f8f287eec60530fe92de53a265ae
  publisher_connection_id: b5bfb3cfadc36c7cab343e958168b054
  ...
ok 6 - publish-namespace-done
  ---
  duration_ms: 2121
  connection_id: f916d55bc6da59babca68c73b89e3a71
  ...
make[1]: Leaving directory '/home/runner/work/moq-interop-runner/moq-interop-runner/main'
