make[1]: Entering directory '/home/runner/work/moq-interop-runner/moq-interop-runner/main'
Running tests against moqt://draft-14.cloudflare.mediaoverquic.com:443...
  Client: ghcr.io/englishm/moq-interop-runner-moq-test-client:latest
docker run --rm \
	--network host \
	-e RELAY_URL=moqt://draft-14.cloudflare.mediaoverquic.com:443 \
	-e TLS_DISABLE_VERIFY=false \
	ghcr.io/englishm/moq-interop-runner-moq-test-client:latest
TAP version 14
# moq-test-client v0.1.0
# Relay: moqt://draft-14.cloudflare.mediaoverquic.com:443
1..6
ok 1 - setup-only
  ---
  duration_ms: 65
  connection_id: 95fe233888e833726089a92b291ef25a
  ...
ok 2 - announce-only
  ---
  duration_ms: 2023
  connection_id: 089470db5c58f5605ce3f2f5b0895ee9
  ...
ok 3 - subscribe-error
  ---
  duration_ms: 324
  connection_id: bb5f6be01bd28e75fd381938bcc70866
  ...
ok 4 - announce-subscribe
  ---
  duration_ms: 423
  publisher_connection_id: 7b264eba51ed951d797c2909a4a9cefb
  subscriber_connection_id: 33ff9a2e02896515ae9ce340e7782f73
  ...
ok 5 - subscribe-before-announce
  ---
  duration_ms: 3550
  subscriber_connection_id: 11b077103533b9c751c04788f110213d
  publisher_connection_id: ff0297fe5c4c3f508018233f9e26a50d
  ...
ok 6 - publish-namespace-done
  ---
  duration_ms: 2110
  connection_id: 3653662fbaca922aad1fb092056dc824
  ...
make[1]: Leaving directory '/home/runner/work/moq-interop-runner/moq-interop-runner/main'
