make[1]: Entering directory '/home/runner/work/moq-interop-runner/moq-interop-runner/main'
Running tests against https://draft-14.cloudflare.mediaoverquic.com:443/moq...
  Client: ghcr.io/facebookexperimental/moxygen-interop-client:latest-amd64
docker run --rm \
	--network host \
	-e RELAY_URL=https://draft-14.cloudflare.mediaoverquic.com:443/moq \
	-e TLS_DISABLE_VERIFY=false \
	ghcr.io/facebookexperimental/moxygen-interop-client:latest-amd64
TAP version 14
# moxygen interop test client
# Relay: https://draft-14.cloudflare.mediaoverquic.com:443/moq
# Transport: WebTransport
1..6
W0219 00:39:46.929349     1 MoQWebTransportClient.cpp:180] WebTransport: No WT-Protocol header in response, will use legacy version negotiation
E0219 00:39:46.931687     1 MoQSession.cpp:2573] proxygen::WebTransport::Exception: session terminated with error=386759528 id=4 sess=0x5611d87a14c0
ok 1 - setup-only
  ---
  duration_ms: 33
  info: SETUP exchange completed successfully
  ...
W0219 00:39:46.954241     1 MoQWebTransportClient.cpp:180] WebTransport: No WT-Protocol header in response, will use legacy version negotiation
E0219 00:39:47.196376     1 MoQRelaySession.cpp:681] PublishNamespaceDone for unknown publishNamespace, sess=0x5611d87ac260
E0219 00:39:47.196551     1 MoQSession.cpp:2573] proxygen::WebTransport::Exception: session terminated with error=386759528 id=4 sess=0x5611d87ac260
ok 2 - announce-only
  ---
  duration_ms: 264
  info: PUBLISH_NAMESPACE completed successfully
  ...
W0219 00:39:47.205189     1 MoQWebTransportClient.cpp:180] WebTransport: No WT-Protocol header in response, will use legacy version negotiation
E0219 00:39:47.209064     1 MoQWebTransportClient.cpp:205] proxygen::HTTPException: Got error=ApplicationError: No Error, Client closed by peer reason=
ok 3 - subscribe-error
  ---
  duration_ms: 12
  info: Subscribe correctly returned error: Session closed
  ...
W0219 00:39:47.219500     1 MoQWebTransportClient.cpp:180] WebTransport: No WT-Protocol header in response, will use legacy version negotiation
W0219 00:39:47.432248     1 MoQWebTransportClient.cpp:180] WebTransport: No WT-Protocol header in response, will use legacy version negotiation
E0219 00:39:47.437594     1 MoQWebTransportClient.cpp:205] proxygen::HTTPException: Got error=ApplicationError: No Error, Client closed by peer reason=
E0219 00:39:47.437842     1 MoQSession.cpp:2573] proxygen::WebTransport::Exception: session terminated with error=386759528 id=4 sess=0x5611d87d9340
not ok 4 - announce-subscribe
  ---
  duration_ms: 228
  error: Subscribe failed: Session closed
  ...
W0219 00:39:47.446425     1 MoQWebTransportClient.cpp:180] WebTransport: No WT-Protocol header in response, will use legacy version negotiation
ok 5 - publish-namespace-done
  ---
  duration_ms: 102
  info: PUBLISH_NAMESPACE_OK received, PUBLISH_NAMESPACE_DONE sent
  ...
E0219 00:39:47.540674     1 MoQSession.cpp:2573] proxygen::WebTransport::Exception: session terminated with error=386759528 id=4 sess=0x5611d87bc860
W0219 00:39:47.550395     1 MoQWebTransportClient.cpp:180] WebTransport: No WT-Protocol header in response, will use legacy version negotiation
E0219 00:39:47.556061     1 MoQWebTransportClient.cpp:205] proxygen::HTTPException: Got error=ApplicationError: No Error, Client closed by peer reason=
W0219 00:39:48.077606     1 MoQWebTransportClient.cpp:180] WebTransport: No WT-Protocol header in response, will use legacy version negotiation
ok 6 - subscribe-before-announce
  ---
  duration_ms: 655
  info: Subscribe returned error (relay doesn't buffer pending subscriptions): Session closed
  ...
E0219 00:39:48.195833     1 MoQSession.cpp:2573] proxygen::WebTransport::Exception: session terminated with error=386759528 id=4 sess=0x5611d87ae110
make[1]: *** [Makefile:91: test-external] Error 1
make[1]: Leaving directory '/home/runner/work/moq-interop-runner/moq-interop-runner/main'
