make[1]: Entering directory '/home/runner/work/moq-interop-runner/moq-interop-runner/main'
Running tests against https://quichemoq.dev:443...
  Client: ghcr.io/facebookexperimental/moxygen-interop-client:latest-amd64
docker run --rm \
	--network host \
	-e RELAY_URL=https://quichemoq.dev:443 \
	-e TLS_DISABLE_VERIFY=false \
	ghcr.io/facebookexperimental/moxygen-interop-client:latest-amd64
TAP version 14
# moxygen interop test client
# Relay: https://quichemoq.dev:443
# Transport: WebTransport
1..6
E0219 00:30:54.100386     1 MoQSession.cpp:2573] proxygen::WebTransport::Exception: session terminated with error=386759528 id=4 sess=0x55f41c618d40
ok 1 - setup-only
  ---
  duration_ms: 313
  info: SETUP exchange completed successfully
  ...
E0219 00:30:54.402065     1 MoQRelaySession.cpp:681] PublishNamespaceDone for unknown publishNamespace, sess=0x55f41c6253b0
E0219 00:30:54.402279     1 MoQSession.cpp:2573] proxygen::WebTransport::Exception: session terminated with error=386759528 id=4 sess=0x55f41c6253b0
ok 2 - announce-only
  ---
  duration_ms: 301
  info: PUBLISH_NAMESPACE completed successfully
  ...
E0219 00:30:54.654147     1 MoQSession.cpp:2573] proxygen::WebTransport::Exception: session terminated with error=386759528 id=4 sess=0x55f41c653250
ok 3 - subscribe-error
  ---
  duration_ms: 251
  info: Subscribe correctly returned error: Session closed
  ...
not ok 4 - announce-subscribe
  ---
  duration_ms: 583
  error: Subscribe failed: Session closed
  ...
E0219 00:30:55.238048     1 MoQSession.cpp:2573] proxygen::WebTransport::Exception: session terminated with error=386759528 id=4 sess=0x55f41c649470
E0219 00:30:55.238158     1 MoQSession.cpp:2573] proxygen::WebTransport::Exception: session terminated with error=386759528 id=4 sess=0x55f41c629ab0
ok 5 - publish-namespace-done
  ---
  duration_ms: 310
  info: PUBLISH_NAMESPACE_OK received, PUBLISH_NAMESPACE_DONE sent
  ...
E0219 00:30:55.549214     1 MoQSession.cpp:2573] proxygen::WebTransport::Exception: session terminated with error=386759528 id=4 sess=0x55f41c644090
E0219 00:30:55.800954     1 MoQSession.cpp:2573] proxygen::WebTransport::Exception: session terminated with error=386759528 id=4 sess=0x55f41c632b00
E0219 00:30:56.557008     1 MoQSession.cpp:2573] proxygen::WebTransport::Exception: session terminated with error=386759528 id=4 sess=0x55f41c64d130
ok 6 - subscribe-before-announce
  ---
  duration_ms: 1007
  info: Subscribe returned error (relay doesn't buffer pending subscriptions): Session closed
  ...
make[1]: *** [Makefile:91: test-external] Error 1
make[1]: Leaving directory '/home/runner/work/moq-interop-runner/moq-interop-runner/main'
