make[1]: Entering directory '/home/runner/work/moq-interop-runner/moq-interop-runner/main'
Running tests against moqt://fb.mvfst.net:9448...
  Client: ghcr.io/facebookexperimental/moxygen-interop-client:latest-amd64
docker run --rm \
	--network host \
	-e RELAY_URL=moqt://fb.mvfst.net:9448 \
	-e TLS_DISABLE_VERIFY=1 \
	ghcr.io/facebookexperimental/moxygen-interop-client:latest-amd64
TAP version 14
# moxygen interop test client
# Relay: moqt://fb.mvfst.net:9448
# Transport: QUIC
1..6
ok 1 - setup-only
  ---
  duration_ms: 38
  info: SETUP exchange completed successfully
  ...
E0219 00:29:45.894281     1 MoQSession.cpp:2573] proxygen::WebTransport::Exception: received reset_stream with error=0 id=0 sess=0x55c397b56c50
E0219 00:29:45.955813     1 MoQRelaySession.cpp:681] PublishNamespaceDone for unknown publishNamespace, sess=0x55c397b772d0
E0219 00:29:45.955880     1 MoQSession.cpp:2573] proxygen::WebTransport::Exception: received reset_stream with error=0 id=0 sess=0x55c397b772d0
ok 2 - announce-only
  ---
  duration_ms: 61
  info: PUBLISH_NAMESPACE completed successfully
  ...
E0219 00:29:46.003464     1 MoQSession.cpp:2573] proxygen::WebTransport::Exception: received reset_stream with error=0 id=0 sess=0x55c397b85e60
ok 3 - subscribe-error
  ---
  duration_ms: 47
  info: Subscribe correctly returned error: no such namespace or track
  ...
E0219 00:29:46.167037     1 MoQSession.cpp:2573] proxygen::WebTransport::Exception: received reset_stream with error=0 id=0 sess=0x55c397b6e370
E0219 00:29:46.167068     1 MoQSession.cpp:2573] proxygen::WebTransport::Exception: received reset_stream with error=0 id=0 sess=0x55c397b4c4d0
ok 4 - announce-subscribe
  ---
  duration_ms: 163
  info: Publisher announced, subscriber subscribed successfully
  ...
E0219 00:29:46.219284     1 MoQSession.cpp:2573] proxygen::WebTransport::Exception: received reset_stream with error=0 id=0 sess=0x55c397b7ec40
ok 5 - publish-namespace-done
  ---
  duration_ms: 52
  info: PUBLISH_NAMESPACE_OK received, PUBLISH_NAMESPACE_DONE sent
  ...
ok 6 - subscribe-before-announce
  ---
  duration_ms: 584
  info: Subscribe returned error (relay doesn't buffer pending subscriptions): no such namespace or track
  ...
E0219 00:29:46.803424     1 MoQSession.cpp:2573] proxygen::WebTransport::Exception: received reset_stream with error=0 id=0 sess=0x55c397b97560
E0219 00:29:46.803462     1 MoQSession.cpp:2573] proxygen::WebTransport::Exception: received reset_stream with error=0 id=0 sess=0x55c397b4c4d0
make[1]: Leaving directory '/home/runner/work/moq-interop-runner/moq-interop-runner/main'
