make[1]: Entering directory '/home/runner/work/moq-interop-runner/moq-interop-runner/main'
Running tests against https://draft-14.cloudflare.mediaoverquic.com:443/moq...
  Client: ghcr.io/englishm/moq-interop-runner-moq-test-client:latest
docker run --rm \
	--network host \
	-e RELAY_URL=https://draft-14.cloudflare.mediaoverquic.com:443/moq \
	-e TLS_DISABLE_VERIFY=false \
	ghcr.io/englishm/moq-interop-runner-moq-test-client:latest
TAP version 14
# moq-test-client v0.1.0
# Relay: https://draft-14.cloudflare.mediaoverquic.com/moq
1..6
ok 1 - setup-only
  ---
  duration_ms: 32
  connection_id: 4832ec59381680810fe63cb089cd8c46
  ...
ok 2 - announce-only
  ---
  duration_ms: 2039
  connection_id: 820982a10235c66cbdfc9ba5a12f66ea
  ...
ok 3 - subscribe-error
  ---
  duration_ms: 195
  connection_id: 2a528c669db547609a781c4cc4d257af
  ...
ok 4 - announce-subscribe
  ---
  duration_ms: 482
  publisher_connection_id: 7ef3085f97e9dc81a76d11104bbb68bb
  subscriber_connection_id: 27a4f6cb564f74b34b705af4db64ef39
  ...
ok 5 - subscribe-before-announce
  ---
  duration_ms: 3591
  subscriber_connection_id: ee124031083aff05f3a1bcc8c0aa16c9
  publisher_connection_id: 25554e8fdc65677c409bb65dc5a872f8
  ...
ok 6 - publish-namespace-done
  ---
  duration_ms: 2144
  connection_id: 21dbc453ae811c3bef889ea3abfb0e08
  ...
make[1]: Leaving directory '/home/runner/work/moq-interop-runner/moq-interop-runner/main'
