make[1]: Entering directory '/home/runner/work/moq-interop-runner/moq-interop-runner/main'
Running tests against https://lminiero.it:9000...
  Client: ghcr.io/englishm/moq-interop-runner-moq-test-client:latest
docker run --rm \
	--network host \
	-e RELAY_URL=https://lminiero.it:9000 \
	-e TLS_DISABLE_VERIFY=false \
	ghcr.io/englishm/moq-interop-runner-moq-test-client:latest
TAP version 14
# moq-test-client v0.1.0
# Relay: https://lminiero.it:9000/
1..6
ok 1 - setup-only
  ---
  duration_ms: 535
  connection_id: a2b1c061428951f9894030fe14fd2c4e
  ...
ok 2 - announce-only
  ---
  duration_ms: 2432
  connection_id: 20b170af05d777dfc9b0cacf7c1d2c83
  ...
ok 3 - subscribe-error
  ---
  duration_ms: 1028
  connection_id: c9866cde65e94fc265e90329e2de0e83
  ...
ok 4 - announce-subscribe
  ---
  duration_ms: 4264
  publisher_connection_id: ea909f3e4f1bc8233c16b4477f656df9
  subscriber_connection_id: 4901df91abfc1e8d7ff8ea18694ef14d
  ...
ok 5 - subscribe-before-announce
  ---
  duration_ms: 4657
  subscriber_connection_id: 4f63bfd9d98bf5c12ce776b3e4817ec5
  publisher_connection_id: 3b97e4cdf18beec64a5b47ceabd6362a
  ...
ok 6 - publish-namespace-done
  ---
  duration_ms: 2575
  connection_id: 2acc65161728097b4209a1a879d785ed
  ...
make[1]: Leaving directory '/home/runner/work/moq-interop-runner/moq-interop-runner/main'
