make[1]: Entering directory '/home/runner/work/moq-interop-runner/moq-interop-runner/main'
Running tests against moqt://fb.mvfst.net:9448...
  Client: ghcr.io/englishm/moq-interop-runner-moq-test-client:latest
docker run --rm \
	--network host \
	-e RELAY_URL=moqt://fb.mvfst.net:9448 \
	-e TLS_DISABLE_VERIFY=1 \
	ghcr.io/englishm/moq-interop-runner-moq-test-client:latest
TAP version 14
# moq-test-client v0.1.0
# Relay: moqt://fb.mvfst.net:9448
1..6
ok 1 - setup-only
  ---
  duration_ms: 66
  connection_id: 854b8ce4ff820367348e5503c69d3f55
  ...
ok 2 - announce-only
  ---
  duration_ms: 2136
  connection_id: 3d090b303101075aa6d861c0e23b4e5f
  ...
ok 3 - subscribe-error
  ---
  duration_ms: 105
  connection_id: 5576c55028a611b0c57f414bf08521f0
  ...
ok 4 - announce-subscribe
  ---
  duration_ms: 176
  publisher_connection_id: 07b3adc8ece6d458ae6f8bc24b81679d
  subscriber_connection_id: e887a0137cde27ff52f2747a84c28634
  ...
ok 5 - subscribe-before-announce
  ---
  duration_ms: 3663
  subscriber_connection_id: fd0d35faceedf5f2bd5bdc138085dd51
  publisher_connection_id: 8b5d226958742dfeb54e2255ade4aa8d
  ...
ok 6 - publish-namespace-done
  ---
  duration_ms: 2170
  connection_id: 21da8dfde3c7d97470380369f63e156a
  ...
make[1]: Leaving directory '/home/runner/work/moq-interop-runner/moq-interop-runner/main'
