make[1]: Entering directory '/home/runner/work/moq-interop-runner/moq-interop-runner/main'
Running tests against moqt://us-west-2.relay.quicr.org:33437...
  Client: ghcr.io/englishm/moq-interop-runner-moq-test-client:latest
docker run --rm \
	--network host \
	-e RELAY_URL=moqt://us-west-2.relay.quicr.org:33437 \
	-e TLS_DISABLE_VERIFY=1 \
	ghcr.io/englishm/moq-interop-runner-moq-test-client:latest
TAP version 14
# moq-test-client v0.1.0
# Relay: moqt://us-west-2.relay.quicr.org:33437
1..6
ok 1 - setup-only
  ---
  duration_ms: 270
  connection_id: 298d7acca6ddb980430efaf818a50732
  ...
ok 2 - announce-only
  ---
  duration_ms: 2408
  connection_id: d8c79e8e65119f97576a55086f17684e
  ...
not ok 3 - subscribe-error
  ---
  duration_ms: 10000
  message: "test timed out: deadline has elapsed"
  ...
ok 4 - announce-subscribe
  ---
  duration_ms: 3379
  publisher_connection_id: 8fc1d32db3fa6c9bd72a8b5b7a412de9
  subscriber_connection_id: 4cbd18c607db8f87d2dd7b9488082419
  ...
ok 5 - subscribe-before-announce
  ---
  duration_ms: 4867
  subscriber_connection_id: 9b8022bbffb373b1ec659081945061d5
  publisher_connection_id: 0c4b96f0e6dea0789bd8382b0eb07c9f
  ...
ok 6 - publish-namespace-done
  ---
  duration_ms: 2461
  connection_id: 64445288395fa3e15f9446cd1c1a9064
  ...
make[1]: *** [Makefile:91: test-external] Error 1
make[1]: Leaving directory '/home/runner/work/moq-interop-runner/moq-interop-runner/main'
