make[1]: Entering directory '/home/runner/work/moq-interop-runner/moq-interop-runner/main'
Running tests against moqt://draft-14.cloudflare.mediaoverquic.com:443...
  Client: ghcr.io/facebookexperimental/moxygen-interop-client:latest-amd64
docker run --rm \
	--network host \
	-e RELAY_URL=moqt://draft-14.cloudflare.mediaoverquic.com:443 \
	-e TLS_DISABLE_VERIFY=false \
	ghcr.io/facebookexperimental/moxygen-interop-client:latest-amd64
TAP version 14
# moxygen interop test client
# Relay: moqt://draft-14.cloudflare.mediaoverquic.com:443
# Transport: QUIC
1..6
not ok 1 - setup-only
  ---
  duration_ms: 44
  error: Client closed by peer reason=peer doesn't support any known protocol
  ...
not ok 2 - announce-only
  ---
  duration_ms: 21
  error: Client closed by peer reason=peer doesn't support any known protocol
  ...
not ok 3 - subscribe-error
  ---
  duration_ms: 8
  error: Client closed by peer reason=peer doesn't support any known protocol
  ...
not ok 4 - announce-subscribe
  ---
  duration_ms: 45
  error: Client closed by peer reason=peer doesn't support any known protocol
  ...
not ok 5 - publish-namespace-done
  ---
  duration_ms: 40
  error: Client closed by peer reason=peer doesn't support any known protocol
  ...
not ok 6 - subscribe-before-announce
  ---
  duration_ms: 13
  error: Client closed by peer reason=peer doesn't support any known protocol
  ...
make[1]: *** [Makefile:91: test-external] Error 1
make[1]: Leaving directory '/home/runner/work/moq-interop-runner/moq-interop-runner/main'
