make[1]: Entering directory '/home/runner/work/moq-interop-runner/moq-interop-runner/main'
Running tests against moqt://fb.mvfst.net:9448...
  Client: ghcr.io/facebookexperimental/moxygen-interop-client:latest-amd64
docker run --rm \
	--network host \
	-e RELAY_URL=moqt://fb.mvfst.net:9448 \
	-e TLS_DISABLE_VERIFY=1 \
	ghcr.io/facebookexperimental/moxygen-interop-client:latest-amd64
TAP version 14
# moxygen interop test client
# Relay: moqt://fb.mvfst.net:9448
# Transport: QUIC
1..6
ok 1 - setup-only
  ---
  duration_ms: 175
  info: SETUP exchange completed successfully
  ...
E0213 22:21:12.754414     1 MoQSession.cpp:2573] proxygen::WebTransport::Exception: received reset_stream with error=0 id=0 sess=0x5591b6fe8c50
E0213 22:21:12.948137     1 MoQRelaySession.cpp:681] PublishNamespaceDone for unknown publishNamespace, sess=0x5591b7009030
E0213 22:21:12.948212     1 MoQSession.cpp:2573] proxygen::WebTransport::Exception: received reset_stream with error=0 id=0 sess=0x5591b7009030
ok 2 - announce-only
  ---
  duration_ms: 193
  info: PUBLISH_NAMESPACE completed successfully
  ...
ok 3 - subscribe-error
  ---
  duration_ms: 231
  info: Subscribe correctly returned error: no such namespace or track
  ...
E0213 22:21:13.179703     1 MoQSession.cpp:2573] proxygen::WebTransport::Exception: received reset_stream with error=0 id=0 sess=0x5591b6f93e40
ok 4 - announce-subscribe
  ---
  duration_ms: 202
  info: Publisher announced, subscriber subscribed successfully
  ...
E0213 22:21:13.381998     1 MoQSession.cpp:2573] proxygen::WebTransport::Exception: received reset_stream with error=0 id=0 sess=0x5591b701a330
E0213 22:21:13.382029     1 MoQSession.cpp:2573] proxygen::WebTransport::Exception: received reset_stream with error=0 id=0 sess=0x5591b7000e30
E0213 22:21:13.486201     1 MoQSession.cpp:2573] proxygen::WebTransport::Exception: received reset_stream with error=0 id=0 sess=0x5591b700fd20
ok 5 - publish-namespace-done
  ---
  duration_ms: 104
  info: PUBLISH_NAMESPACE_OK received, PUBLISH_NAMESPACE_DONE sent
  ...
ok 6 - subscribe-before-announce
  ---
  duration_ms: 750
  info: Subscribe returned error (relay doesn't buffer pending subscriptions): no such namespace or track
  ...
E0213 22:21:14.236760     1 MoQSession.cpp:2573] proxygen::WebTransport::Exception: received reset_stream with error=0 id=0 sess=0x5591b7000e30
E0213 22:21:14.236790     1 MoQSession.cpp:2573] proxygen::WebTransport::Exception: received reset_stream with error=0 id=0 sess=0x5591b701a1b0
make[1]: Leaving directory '/home/runner/work/moq-interop-runner/moq-interop-runner/main'
