make[1]: Entering directory '/home/runner/work/moq-interop-runner/moq-interop-runner/main'
Running tests against https://quichemoq.dev:443...
  Client: ghcr.io/facebookexperimental/moxygen-interop-client:latest-amd64
docker run --rm \
	--network host \
	-e RELAY_URL=https://quichemoq.dev:443 \
	-e TLS_DISABLE_VERIFY=false \
	ghcr.io/facebookexperimental/moxygen-interop-client:latest-amd64
TAP version 14
# moxygen interop test client
# Relay: https://quichemoq.dev:443
# Transport: WebTransport
1..6
ok 1 - setup-only
  ---
  duration_ms: 457
  info: SETUP exchange completed successfully
  ...
E0213 22:22:22.108298     1 MoQSession.cpp:2573] proxygen::WebTransport::Exception: session terminated with error=386759528 id=4 sess=0x55da81295910
E0213 22:22:22.454424     1 MoQRelaySession.cpp:681] PublishNamespaceDone for unknown publishNamespace, sess=0x55da812a2450
E0213 22:22:22.454562     1 MoQSession.cpp:2573] proxygen::WebTransport::Exception: session terminated with error=386759528 id=4 sess=0x55da812a2450
ok 2 - announce-only
  ---
  duration_ms: 346
  info: PUBLISH_NAMESPACE completed successfully
  ...
ok 3 - subscribe-error
  ---
  duration_ms: 416
  info: Subscribe correctly returned error: Session closed
  ...
E0213 22:22:22.870818     1 MoQSession.cpp:2573] proxygen::WebTransport::Exception: session terminated with error=386759528 id=4 sess=0x55da81252430
E0213 22:22:23.607112     1 MoQSession.cpp:2573] proxygen::WebTransport::Exception: session terminated with error=386759528 id=4 sess=0x55da812c66e0
E0213 22:22:23.607211     1 MoQSession.cpp:2573] proxygen::WebTransport::Exception: session terminated with error=386759528 id=4 sess=0x55da81287320
not ok 4 - announce-subscribe
  ---
  duration_ms: 736
  error: Subscribe failed: Session closed
  ...
E0213 22:22:24.064761     1 MoQSession.cpp:2573] proxygen::WebTransport::Exception: session terminated with error=386759528 id=4 sess=0x55da812c7cc0
ok 5 - publish-namespace-done
  ---
  duration_ms: 457
  info: PUBLISH_NAMESPACE_OK received, PUBLISH_NAMESPACE_DONE sent
  ...
E0213 22:22:24.438738     1 MoQSession.cpp:2573] proxygen::WebTransport::Exception: session terminated with error=386759528 id=4 sess=0x55da812afa80
ok 6 - subscribe-before-announce
  ---
  duration_ms: 1174
  info: Subscribe returned error (relay doesn't buffer pending subscriptions): Session closed
  ...
E0213 22:22:25.238984     1 MoQSession.cpp:2573] proxygen::WebTransport::Exception: session terminated with error=386759528 id=4 sess=0x55da812a1d90
make[1]: *** [Makefile:91: test-external] Error 1
make[1]: Leaving directory '/home/runner/work/moq-interop-runner/moq-interop-runner/main'
