make[1]: Entering directory '/home/runner/work/moq-interop-runner/moq-interop-runner/main'
Running tests against moqt://fb.mvfst.net:9448...
  Client: ghcr.io/englishm/moq-interop-runner-moq-test-client-draft-16:latest
docker run --rm \
	 \
	--network host \
	-e RELAY_URL=moqt://fb.mvfst.net:9448 \
	-e TLS_DISABLE_VERIFY=1 \
	ghcr.io/englishm/moq-interop-runner-moq-test-client-draft-16:latest
TAP version 14
# moq-test-client v0.1.0
# Relay: moqt://fb.mvfst.net:9448
1..6
ok 1 - setup-only
  ---
  duration_ms: 180
  connection_id: c6187c3fbe360a13a103b722b4c8afd3
  ...
ok 2 - announce-only
  ---
  duration_ms: 2064
  connection_id: 398ab4b0010edfc5b75e731f5c763497
  ...
ok 3 - subscribe-error
  ---
  duration_ms: 160
  connection_id: 0ebdb8d43af1f368cbf1ee4b0c69fee2
  ...
ok 4 - announce-subscribe
  ---
  duration_ms: 239
  publisher_connection_id: 45432aaed14b9e3593a4580bbff086de
  subscriber_connection_id: 93fa3bca3d73f6d8c560e4884c70ab28
  ...
ok 5 - subscribe-before-announce
  ---
  duration_ms: 3643
  subscriber_connection_id: c043c84fa9c8868574557a9933fde70d
  publisher_connection_id: f24e4df404d9c239c44f9c763b1d78c9
  ...
ok 6 - publish-namespace-done
  ---
  duration_ms: 2316
  connection_id: cc5503bf353103de159c11024e91a636
  ...
make[1]: Leaving directory '/home/runner/work/moq-interop-runner/moq-interop-runner/main'
