make[1]: Entering directory '/home/runner/work/moq-interop-runner/moq-interop-runner/main'
Running tests against https://draft-16-manish.cloudflare.mediaoverquic.com:443/moq...
  Client: ghcr.io/englishm/moq-interop-runner-moq-test-client-draft-16:latest
docker run --rm \
	 \
	--network host \
	-e RELAY_URL=https://draft-16-manish.cloudflare.mediaoverquic.com:443/moq \
	-e TLS_DISABLE_VERIFY=false \
	ghcr.io/englishm/moq-interop-runner-moq-test-client-draft-16:latest
TAP version 14
# moq-test-client v0.1.0
# Relay: https://draft-16-manish.cloudflare.mediaoverquic.com/moq
1..6
ok 1 - setup-only
  ---
  duration_ms: 133
  connection_id: ddbecd6ce2a37faba2f149aa402876c7
  ...
ok 2 - announce-only
  ---
  duration_ms: 2137
  connection_id: 0b7848fe9980e22595b24e0d1daefd2a
  ...
ok 3 - subscribe-error
  ---
  duration_ms: 147
  connection_id: 260b62430445b2c5b0f8cf5ab0809fa8
  ...
ok 4 - announce-subscribe
  ---
  duration_ms: 3246
  publisher_connection_id: 5d9ec979de71d0f8e708e087841e6bf4
  subscriber_connection_id: 29f92563f0c9ce06fc5c4ecf2bc954ec
  ...
ok 5 - subscribe-before-announce
  ---
  duration_ms: 3770
  subscriber_connection_id: 71ef8d82993f4e26c84853b228b4e1a7
  publisher_connection_id: a334df4e4dbfcc97580e03a5c0788540
  ...
ok 6 - publish-namespace-done
  ---
  duration_ms: 2220
  connection_id: 5cc591c7c48cad58dd4267df45f250a1
  ...
make[1]: Leaving directory '/home/runner/work/moq-interop-runner/moq-interop-runner/main'
