make[1]: Entering directory '/home/runner/work/moq-interop-runner/moq-interop-runner/main'
Running tests against https://us-west-2.relay.quicr.org:33437/relay...
  Client: ghcr.io/openmoq/moqx-interop-client:latest
docker run --rm \
	 \
	--network host \
	-e RELAY_URL=https://us-west-2.relay.quicr.org:33437/relay \
	-e TLS_DISABLE_VERIFY=1 \
	ghcr.io/openmoq/moqx-interop-client:latest
TAP version 14
# moxygen interop test client
# Relay: https://us-west-2.relay.quicr.org:33437/relay
# Transport: WebTransport
1..6
W0519 01:56:16.991241     1 MoQWebTransportClient.cpp:172] WebTransport: No WT-Protocol header in response, will use legacy version negotiation
E0519 01:56:17.081541     1 MoQFramer.cpp:775] Server selected version draft-1 but we only offer draft-14 in legacy mode
E0519 01:56:17.081576     1 MoQCodec.cpp:126] Conn error=21
E0519 01:56:17.081582     1 MoQSession.cpp:4640] MoQCodec control stream parse error err=21
not ok 1 - setup-only
  ---
  duration_ms: 278
  error: coroutine operation cancelled
  ...
W0519 01:56:17.267728     1 MoQWebTransportClient.cpp:172] WebTransport: No WT-Protocol header in response, will use legacy version negotiation
E0519 01:56:17.358006     1 MoQFramer.cpp:775] Server selected version draft-1 but we only offer draft-14 in legacy mode
E0519 01:56:17.358038     1 MoQCodec.cpp:126] Conn error=21
E0519 01:56:17.358052     1 MoQSession.cpp:4640] MoQCodec control stream parse error err=21
not ok 2 - announce-only
  ---
  duration_ms: 276
  error: coroutine operation cancelled
  ...
W0519 01:56:17.543862     1 MoQWebTransportClient.cpp:172] WebTransport: No WT-Protocol header in response, will use legacy version negotiation
E0519 01:56:17.634146     1 MoQFramer.cpp:775] Server selected version draft-1 but we only offer draft-14 in legacy mode
E0519 01:56:17.634173     1 MoQCodec.cpp:126] Conn error=21
E0519 01:56:17.634178     1 MoQSession.cpp:4640] MoQCodec control stream parse error err=21
not ok 3 - subscribe-error
  ---
  duration_ms: 275
  error: coroutine operation cancelled
  ...
W0519 01:56:17.847319     1 MoQWebTransportClient.cpp:172] WebTransport: No WT-Protocol header in response, will use legacy version negotiation
E0519 01:56:17.937396     1 MoQFramer.cpp:775] Server selected version draft-1 but we only offer draft-14 in legacy mode
E0519 01:56:17.937427     1 MoQCodec.cpp:126] Conn error=21
E0519 01:56:17.937432     1 MoQSession.cpp:4640] MoQCodec control stream parse error err=21
not ok 4 - announce-subscribe
  ---
  duration_ms: 303
  error: coroutine operation cancelled
  ...
W0519 01:56:18.306098     1 MoQWebTransportClient.cpp:172] WebTransport: No WT-Protocol header in response, will use legacy version negotiation
E0519 01:56:18.396559     1 MoQFramer.cpp:775] Server selected version draft-1 but we only offer draft-14 in legacy mode
E0519 01:56:18.396588     1 MoQCodec.cpp:126] Conn error=21
E0519 01:56:18.396593     1 MoQSession.cpp:4640] MoQCodec control stream parse error err=21
not ok 5 - publish-namespace-done
  ---
  duration_ms: 458
  error: coroutine operation cancelled
  ...
W0519 01:56:18.845077     1 MoQWebTransportClient.cpp:172] WebTransport: No WT-Protocol header in response, will use legacy version negotiation
E0519 01:56:18.934952     1 MoQFramer.cpp:775] Server selected version draft-1 but we only offer draft-14 in legacy mode
E0519 01:56:18.934980     1 MoQCodec.cpp:126] Conn error=21
E0519 01:56:18.934984     1 MoQSession.cpp:4640] MoQCodec control stream parse error err=21
not ok 6 - subscribe-before-announce
  ---
  duration_ms: 538
  error: coroutine operation cancelled
  ...
make[1]: *** [Makefile:121: test-external] Error 1
make[1]: Leaving directory '/home/runner/work/moq-interop-runner/moq-interop-runner/main'
