make[1]: Entering directory '/home/runner/work/moq-interop-runner/moq-interop-runner/main'
Running tests against https://lminiero.it:9000...
  Client: moq-test-client:latest
docker run --rm \
	--network host \
	-e RELAY_URL=https://lminiero.it:9000 \
	-e TLS_DISABLE_VERIFY=1 \
	moq-test-client:latest
TAP version 14
# moq-test-client v0.1.0
# Relay: https://lminiero.it:9000/
1..6
ok 1 - setup-only
  ---
  duration_ms: 1091
  connection_id: 77d951abed19ac37df11f233eecdef2f
  ...
ok 2 - announce-only
  ---
  duration_ms: 3327
  connection_id: 77ffe6daca78203878bc3ebc94a8dc26
  ...
ok 3 - subscribe-error
  ---
  duration_ms: 1176
  connection_id: 5891167f9ac30b55edfe7533c48c343a
  ...
ok 4 - announce-subscribe
  ---
  duration_ms: 4647
  publisher_connection_id: 19dfe7e820c8ebcd450a418b3ff07894
  subscriber_connection_id: 7900d7f4d55a563d55ddde2a70b5b3bc
  ...
ok 5 - subscribe-before-announce
  ---
  duration_ms: 4640
  subscriber_connection_id: 41853296e3e32a78faca1e48c17352fb
  publisher_connection_id: 844b929c38db202d033b8a247ec062ec
  ...
ok 6 - publish-namespace-done
  ---
  duration_ms: 2669
  connection_id: 2fa0a7fc8cc5e4f652ca7f7242c1b96b
  ...
make[1]: Leaving directory '/home/runner/work/moq-interop-runner/moq-interop-runner/main'
