make[1]: Entering directory '/home/runner/work/moq-interop-runner/moq-interop-runner/main'
Running tests against https://fb.mvfst.net:9448/moq-relay...
  Client: moq-test-client:latest
docker run --rm \
	--network host \
	-e RELAY_URL=https://fb.mvfst.net:9448/moq-relay \
	-e TLS_DISABLE_VERIFY=1 \
	moq-test-client:latest
TAP version 14
# moq-test-client v0.1.0
# Relay: https://fb.mvfst.net:9448/moq-relay
1..6
ok 1 - setup-only
  ---
  duration_ms: 207
  connection_id: 5e375a24dc0d1050aa2bb56117cffe8e
  ...
ok 2 - announce-only
  ---
  duration_ms: 2131
  connection_id: 29fd536878cf7d6199766fc1fdd4994e
  ...
ok 3 - subscribe-error
  ---
  duration_ms: 211
  connection_id: 6cc198cfb008ad2dc54a0b9bad025057
  ...
ok 4 - announce-subscribe
  ---
  duration_ms: 500
  publisher_connection_id: c6739f6744a8549a56e5029e64471673
  subscriber_connection_id: bcff9d80f879db9ba5d55c243f3ead9b
  ...
ok 5 - subscribe-before-announce
  ---
  duration_ms: 3809
  subscriber_connection_id: ecf4ca0e7314df3a0537a239fb84db5a
  publisher_connection_id: dc7c1ba8f852f15d66a7bc97adf9f5a5
  ...
ok 6 - publish-namespace-done
  ---
  duration_ms: 2316
  connection_id: 504800b90c23d150fb74b99142ea4eee
  ...
make[1]: Leaving directory '/home/runner/work/moq-interop-runner/moq-interop-runner/main'
