make[1]: Entering directory '/home/runner/work/moq-interop-runner/moq-interop-runner/main'
Running tests against moqt://draft-14.cloudflare.mediaoverquic.com:443...
  Client: moq-test-client:latest
docker run --rm \
	--network host \
	-e RELAY_URL=moqt://draft-14.cloudflare.mediaoverquic.com:443 \
	-e TLS_DISABLE_VERIFY=false \
	moq-test-client:latest
TAP version 14
# moq-test-client v0.1.0
# Relay: moqt://draft-14.cloudflare.mediaoverquic.com:443
1..6
ok 1 - setup-only
  ---
  duration_ms: 183
  connection_id: 125fa76f17dff2e996ec1562a298fc35
  ...
ok 2 - announce-only
  ---
  duration_ms: 2041
  connection_id: 6afa46f581ff04fb2890dbff9714f053
  ...
ok 3 - subscribe-error
  ---
  duration_ms: 338
  connection_id: 1286ca2ab4728c80ea7cb34e1eb4c0a4
  ...
ok 4 - announce-subscribe
  ---
  duration_ms: 641
  publisher_connection_id: fb57e23bfca6b7236e84bd518e8d2662
  subscriber_connection_id: 4a95530e0632af15941d9c46430febea
  ...
ok 5 - subscribe-before-announce
  ---
  duration_ms: 3590
  subscriber_connection_id: 0f718307cb2ad290fda8037593553654
  publisher_connection_id: 3b3e0aa3003ca156adf520436fa3eba0
  ...
ok 6 - publish-namespace-done
  ---
  duration_ms: 2144
  connection_id: de449e80783cea98c954200bb982632a
  ...
make[1]: Leaving directory '/home/runner/work/moq-interop-runner/moq-interop-runner/main'
