make[1]: Entering directory '/home/runner/work/moq-interop-runner/moq-interop-runner/main'
Running tests against moqt://lminiero.it:9000...
  Client: ghcr.io/englishm/moq-interop-runner-moq-test-client:latest
docker run --rm \
	--network host \
	-e RELAY_URL=moqt://lminiero.it:9000 \
	-e TLS_DISABLE_VERIFY=false \
	ghcr.io/englishm/moq-interop-runner-moq-test-client:latest
TAP version 14
# moq-test-client v0.1.0
# Relay: moqt://lminiero.it:9000
1..6
ok 1 - setup-only
  ---
  duration_ms: 266
  connection_id: bca9c01a65d799947963060cd909f56c
  ...
ok 2 - announce-only
  ---
  duration_ms: 2259
  connection_id: e4cd117c7d89916500133a246d76e3ac
  ...
ok 3 - subscribe-error
  ---
  duration_ms: 387
  connection_id: 08b217d90196bf0fd5b7a32b3386deda
  ...
ok 4 - announce-subscribe
  ---
  duration_ms: 620
  publisher_connection_id: 784f08a816bf65a8676051fdbb0c5fa5
  subscriber_connection_id: f228e6195bc363b4dcdc850e5904f910
  ...
ok 5 - subscribe-before-announce
  ---
  duration_ms: 3993
  subscriber_connection_id: 93d4d62d43124cf50ac234120774d547
  publisher_connection_id: 40a7d3dcc698cfd364c764f9e6ce89fa
  ...
ok 6 - publish-namespace-done
  ---
  duration_ms: 2463
  connection_id: 0241a698c3c2f5e82efb0442e56b04be
  ...
make[1]: Leaving directory '/home/runner/work/moq-interop-runner/moq-interop-runner/main'
