make[1]: Entering directory '/home/runner/work/moq-interop-runner/moq-interop-runner/main'
Running tests against https://fb.mvfst.net:9448/moq-relay...
  Client: ghcr.io/englishm/moq-interop-runner-moq-test-client:latest
docker run --rm \
	--network host \
	-e RELAY_URL=https://fb.mvfst.net:9448/moq-relay \
	-e TLS_DISABLE_VERIFY=1 \
	ghcr.io/englishm/moq-interop-runner-moq-test-client:latest
TAP version 14
# moq-test-client v0.1.0
# Relay: https://fb.mvfst.net:9448/moq-relay
1..6
ok 1 - setup-only
  ---
  duration_ms: 114
  connection_id: 9f4374c885ae11ec4dbda1603a98076f
  ...
ok 2 - announce-only
  ---
  duration_ms: 2079
  connection_id: b9de119bf50e42de911f5f72f4979b3d
  ...
ok 3 - subscribe-error
  ---
  duration_ms: 95
  connection_id: 7508da66b2acdb59f51ebcf573e99ae2
  ...
ok 4 - announce-subscribe
  ---
  duration_ms: 212
  publisher_connection_id: f2946c68ae7ed502f0d69198652e757b
  subscriber_connection_id: 7189d19b7fe920d1125d325bcddc4fad
  ...
ok 5 - subscribe-before-announce
  ---
  duration_ms: 3611
  subscriber_connection_id: ebf5a68d2ed02a741669a59f90c851be
  publisher_connection_id: 05d5255c44d640a1fbd233bf71421c8e
  ...
ok 6 - publish-namespace-done
  ---
  duration_ms: 2164
  connection_id: 0ee2a3df0476d99f62ad73e567cb8d75
  ...
make[1]: Leaving directory '/home/runner/work/moq-interop-runner/moq-interop-runner/main'
