make[1]: Entering directory '/home/runner/work/moq-interop-runner/moq-interop-runner/main'
Running tests against https://quichemoq.dev:443...
  Client: ghcr.io/facebookexperimental/moxygen-interop-client:latest-amd64
docker run --rm \
	--network host \
	-e RELAY_URL=https://quichemoq.dev:443 \
	-e TLS_DISABLE_VERIFY=false \
	ghcr.io/facebookexperimental/moxygen-interop-client:latest-amd64
TAP version 14
# moxygen interop test client
# Relay: https://quichemoq.dev:443
# Transport: WebTransport
1..6
E0301 00:31:50.170224     1 MoQSession.cpp:2559] proxygen::WebTransport::Exception: session terminated with error=386759528 id=4 sess=0x564290751d00
ok 1 - setup-only
  ---
  duration_ms: 289
  info: SETUP exchange completed successfully
  ...
E0301 00:31:50.475878     1 MoQRelaySession.cpp:698] PublishNamespaceDone for unknown publishNamespace, sess=0x564290753e40
E0301 00:31:50.476058     1 MoQSession.cpp:2559] proxygen::WebTransport::Exception: session terminated with error=386759528 id=4 sess=0x564290753e40
ok 2 - announce-only
  ---
  duration_ms: 305
  info: PUBLISH_NAMESPACE completed successfully
  ...
E0301 00:31:50.778190     1 MoQSession.cpp:2559] proxygen::WebTransport::Exception: session terminated with error=386759528 id=4 sess=0x564290740b70
ok 3 - subscribe-error
  ---
  duration_ms: 302
  info: Subscribe correctly returned error: Session closed
  ...
not ok 4 - announce-subscribe
  ---
  duration_ms: 533
  error: Subscribe failed: Session closed
  ...
E0301 00:31:51.311291     1 MoQSession.cpp:2559] proxygen::WebTransport::Exception: session terminated with error=386759528 id=4 sess=0x56429075b080
E0301 00:31:51.311382     1 MoQSession.cpp:2559] proxygen::WebTransport::Exception: session terminated with error=386759528 id=4 sess=0x56429076c690
E0301 00:31:51.562822     1 MoQSession.cpp:2559] proxygen::WebTransport::Exception: session terminated with error=386759528 id=4 sess=0x56429077fda0
ok 5 - publish-namespace-done
  ---
  duration_ms: 251
  info: PUBLISH_NAMESPACE_OK received, PUBLISH_NAMESPACE_DONE sent
  ...
E0301 00:31:51.834716     1 MoQSession.cpp:2559] proxygen::WebTransport::Exception: session terminated with error=386759528 id=4 sess=0x56429078c0e0
ok 6 - subscribe-before-announce
  ---
  duration_ms: 972
  info: Subscribe returned error (relay doesn't buffer pending subscriptions): Session closed
  ...
E0301 00:31:52.535859     1 MoQSession.cpp:2559] proxygen::WebTransport::Exception: session terminated with error=386759528 id=4 sess=0x564290748040
make[1]: *** [Makefile:91: test-external] Error 1
make[1]: Leaving directory '/home/runner/work/moq-interop-runner/moq-interop-runner/main'
