make[1]: Entering directory '/home/runner/work/moq-interop-runner/moq-interop-runner/main'
Running tests against https://relay.moqtail.dev...
  Client: ghcr.io/facebookexperimental/moxygen-interop-client:latest-amd64
docker run --rm \
	--network host \
	-e RELAY_URL=https://relay.moqtail.dev \
	-e TLS_DISABLE_VERIFY=false \
	ghcr.io/facebookexperimental/moxygen-interop-client:latest-amd64
TAP version 14
# moxygen interop test client
# Relay: https://relay.moqtail.dev
# Transport: WebTransport
1..6
W0301 00:41:23.199124     1 MoQWebTransportClient.cpp:180] WebTransport: No WT-Protocol header in response, will use legacy version negotiation
E0301 00:41:23.311708     1 MoQSession.cpp:2559] proxygen::WebTransport::Exception: session terminated with error=386759528 id=4 sess=0x5606feefecd0
ok 1 - setup-only
  ---
  duration_ms: 371
  info: SETUP exchange completed successfully
  ...
W0301 00:41:23.547810     1 MoQWebTransportClient.cpp:180] WebTransport: No WT-Protocol header in response, will use legacy version negotiation
E0301 00:41:23.770650     1 MoQRelaySession.cpp:698] PublishNamespaceDone for unknown publishNamespace, sess=0x5606fef05850
E0301 00:41:23.770763     1 MoQSession.cpp:2559] proxygen::WebTransport::Exception: session terminated with error=386759528 id=4 sess=0x5606fef05850
ok 2 - announce-only
  ---
  duration_ms: 458
  info: PUBLISH_NAMESPACE completed successfully
  ...
E20260301 00:41:23.881744     1 HQSession.cpp:530] Connection closed with error err=1 msg=Client closed by peer reason=Error in control stream handler proto=h3, client CID=, server CID=60b5498fd03b35e2, local=10.1.0.146:43013, 172.238.107.254:443=upstream, drain=done
W0301 00:41:24.052689     1 MoQWebTransportClient.cpp:180] WebTransport: No WT-Protocol header in response, will use legacy version negotiation
E0301 00:41:24.279029     1 MoQWebTransportClient.cpp:205] proxygen::HTTPException: Got error=ApplicationError: 3, Client closed by peer reason=Error in control stream handler
E20260301 00:41:24.279083     1 HQSession.cpp:530] Connection closed with error err=3 msg=Client closed by peer reason=Error in control stream handler proto=h3, client CID=, server CID=5e111c8e2b3abc30, local=10.1.0.146:58379, 172.238.107.254:443=upstream, drain=done
E0301 00:41:24.279197     1 MoQSession.cpp:2559] proxygen::WebTransport::Exception: received invalid reset_stream with error=3 id=4 sess=0x5606fef17020
ok 3 - subscribe-error
  ---
  duration_ms: 508
  info: Subscribe correctly returned error: Session closed
  ...
W0301 00:41:24.505226     1 MoQWebTransportClient.cpp:180] WebTransport: No WT-Protocol header in response, will use legacy version negotiation
W0301 00:41:24.957604     1 MoQWebTransportClient.cpp:180] WebTransport: No WT-Protocol header in response, will use legacy version negotiation
E0301 00:41:25.175574     1 MoQWebTransportClient.cpp:205] proxygen::HTTPException: Got error=ApplicationError: 3, Client closed by peer reason=Error in control stream handler
E20260301 00:41:25.175630     1 HQSession.cpp:530] Connection closed with error err=3 msg=Client closed by peer reason=Error in control stream handler proto=h3, client CID=, server CID=11808d258fbe9b18, local=10.1.0.146:34044, 172.238.107.254:443=upstream, drain=done
E0301 00:41:25.175748     1 MoQSession.cpp:2559] proxygen::WebTransport::Exception: received invalid reset_stream with error=3 id=4 sess=0x5606fef2bc30
E0301 00:41:25.175949     1 MoQSession.cpp:2559] proxygen::WebTransport::Exception: session terminated with error=386759528 id=4 sess=0x5606fef0fb60
not ok 4 - announce-subscribe
  ---
  duration_ms: 896
  error: Subscribe failed: Session closed
  ...
W0301 00:41:25.446119     1 MoQWebTransportClient.cpp:180] WebTransport: No WT-Protocol header in response, will use legacy version negotiation
ok 5 - publish-namespace-done
  ---
  duration_ms: 486
  info: PUBLISH_NAMESPACE_OK received, PUBLISH_NAMESPACE_DONE sent
  ...
E0301 00:41:25.662414     1 MoQSession.cpp:2559] proxygen::WebTransport::Exception: session terminated with error=386759528 id=4 sess=0x5606fef37870
E20260301 00:41:25.770335     1 HQSession.cpp:530] Connection closed with error err=1 msg=Client closed by peer reason=Error in control stream handler proto=h3, client CID=, server CID=3678531849c3cbcb, local=10.1.0.146:57521, 172.238.107.254:443=upstream, drain=done
W0301 00:41:25.893315     1 MoQWebTransportClient.cpp:180] WebTransport: No WT-Protocol header in response, will use legacy version negotiation
E0301 00:41:26.118330     1 MoQWebTransportClient.cpp:205] proxygen::HTTPException: Got error=ApplicationError: 3, Client closed by peer reason=Error in control stream handler
E20260301 00:41:26.118393     1 HQSession.cpp:530] Connection closed with error err=3 msg=Client closed by peer reason=Error in control stream handler proto=h3, client CID=, server CID=5d8d58e381d533e3, local=10.1.0.146:49493, 172.238.107.254:443=upstream, drain=done
E0301 00:41:26.118523     1 MoQSession.cpp:2559] proxygen::WebTransport::Exception: received invalid reset_stream with error=3 id=4 sess=0x5606fef154b0
W0301 00:41:26.731263     1 MoQWebTransportClient.cpp:180] WebTransport: No WT-Protocol header in response, will use legacy version negotiation
E0301 00:41:26.950426     1 MoQSession.cpp:2559] proxygen::WebTransport::Exception: session terminated with error=386759528 id=4 sess=0x5606fef0fb60
ok 6 - subscribe-before-announce
  ---
  duration_ms: 1287
  info: Subscribe returned error (relay doesn't buffer pending subscriptions): Session closed
  ...
E20260301 00:41:27.059624     1 HQSession.cpp:530] Connection closed with error err=1 msg=Client closed by peer reason=Error in control stream handler proto=h3, client CID=, server CID=cea1f23d675263da, local=10.1.0.146:33248, 172.238.107.254:443=upstream, drain=done
make[1]: *** [Makefile:91: test-external] Error 1
make[1]: Leaving directory '/home/runner/work/moq-interop-runner/moq-interop-runner/main'
