make[1]: Entering directory '/home/runner/work/moq-interop-runner/moq-interop-runner/main'
Running tests against https://lminiero.it:9000...
  Client: ghcr.io/englishm/moq-interop-runner-moq-test-client-draft-16:latest
docker run --rm \
	--network host \
	-e RELAY_URL=https://lminiero.it:9000 \
	-e TLS_DISABLE_VERIFY=false \
	ghcr.io/englishm/moq-interop-runner-moq-test-client-draft-16:latest
TAP version 14
# moq-test-client v0.1.0
# Relay: https://lminiero.it:9000/
1..6
ok 1 - setup-only
  ---
  duration_ms: 1154
  connection_id: cb7f945a8c0cce47257a26b5653f330f
  ...
ok 2 - announce-only
  ---
  duration_ms: 2817
  connection_id: 236fe226e372aef7fb00d84f6242b667
  ...
ok 3 - subscribe-error
  ---
  duration_ms: 1358
  connection_id: 937f864b1dcdedf87f9433ef5d97f828
  ...
ok 4 - announce-subscribe
  ---
  duration_ms: 4932
  publisher_connection_id: 22089d8388c7073639dbee47340a0f9c
  subscriber_connection_id: 251917b6eb8feb2e597b2e964df2e716
  ...
ok 5 - subscribe-before-announce
  ---
  duration_ms: 6856
  subscriber_connection_id: 394d42bce12f38737e2e41b281ce470c
  publisher_connection_id: 84c711ffae5baa4dcc060d73e9433581
  ...
ok 6 - publish-namespace-done
  ---
  duration_ms: 3252
  connection_id: b9d06c437618cf586b317d1c8fc71155
  ...
make[1]: Leaving directory '/home/runner/work/moq-interop-runner/moq-interop-runner/main'
