make[1]: Entering directory '/home/runner/work/moq-interop-runner/moq-interop-runner/main'
Running tests against moqt://moqx-000.ci.openmoq.org:4433...
  Client: ghcr.io/englishm/moq-interop-runner-moq-test-client-draft-16:latest
docker run --rm \
	--network host \
	-e RELAY_URL=moqt://moqx-000.ci.openmoq.org:4433 \
	-e TLS_DISABLE_VERIFY=false \
	ghcr.io/englishm/moq-interop-runner-moq-test-client-draft-16:latest
TAP version 14
# moq-test-client v0.1.0
# Relay: moqt://moqx-000.ci.openmoq.org:4433
1..6
ok 1 - setup-only
  ---
  duration_ms: 153
  connection_id: 3de1620b2c249f633b4356961b47dec3
  ...
ok 2 - announce-only
  ---
  duration_ms: 2120
  connection_id: 85c6c2961ce728dc2fc98c2ae168d491
  ...
ok 3 - subscribe-error
  ---
  duration_ms: 198
  connection_id: 6df44489b077e68596e233d5fa9286bc
  ...
ok 4 - announce-subscribe
  ---
  duration_ms: 3271
  publisher_connection_id: b1f293f95debc5f69fb206c9c8258ee3
  subscriber_connection_id: cfb8eb00fd41db49e6e37649a12dfb99
  ...
ok 5 - subscribe-before-announce
  ---
  duration_ms: 3725
  subscriber_connection_id: 256e70f7601ead990b5d40a432e1339b
  publisher_connection_id: a77ee5af7f4a0f47511d8c38ddb04d38
  ...
ok 6 - publish-namespace-done
  ---
  duration_ms: 2205
  connection_id: e4e481a73f3171573ab80df7ec176bc4
  ...
make[1]: Leaving directory '/home/runner/work/moq-interop-runner/moq-interop-runner/main'
