make[1]: Entering directory '/home/runner/work/moq-interop-runner/moq-interop-runner/main'
Running tests against https://draft-14.cloudflare.mediaoverquic.com:443/moq...
  Client: ghcr.io/englishm/moq-interop-runner-moq-test-client:latest
docker run --rm \
	 \
	--network host \
	-e RELAY_URL=https://draft-14.cloudflare.mediaoverquic.com:443/moq \
	-e TLS_DISABLE_VERIFY=false \
	ghcr.io/englishm/moq-interop-runner-moq-test-client:latest
TAP version 14
# moq-test-client v0.1.0
# Relay: https://draft-14.cloudflare.mediaoverquic.com/moq
1..6
ok 1 - setup-only
  ---
  duration_ms: 45
  connection_id: 29c6dd4bda968e12eba807a5709de1d4
  ...
ok 2 - announce-only
  ---
  duration_ms: 2061
  connection_id: 73464fb13e3ac80ac589a91e8dfcb2db
  ...
ok 3 - subscribe-error
  ---
  duration_ms: 156
  connection_id: b868ad8797e0b51164e3ac116fdbef99
  ...
ok 4 - announce-subscribe
  ---
  duration_ms: 3110
  publisher_connection_id: 650d2f8919e7fb3a77048eb1f8b93b60
  subscriber_connection_id: 2a978c3279f1fe72241f7c3b148c5a5c
  ...
ok 5 - subscribe-before-announce
  ---
  duration_ms: 3656
  subscriber_connection_id: 17d5f9b3bbb112d29a4037f53394ee88
  publisher_connection_id: 2cd1b1887a5558aa2ef2f072754915fe
  ...
ok 6 - publish-namespace-done
  ---
  duration_ms: 2157
  connection_id: a1c82bd2376294ef8ae61da5c0387266
  ...
make[1]: Leaving directory '/home/runner/work/moq-interop-runner/moq-interop-runner/main'
