make[1]: Entering directory '/home/runner/work/moq-interop-runner/moq-interop-runner/main'
Running tests against https://moqx-main.ci.openmoq.org:4433/moq-relay...
  Client: ghcr.io/englishm/moq-interop-runner-moq-test-client-draft-16:latest
docker run --rm \
	 \
	--network host \
	-e RELAY_URL=https://moqx-main.ci.openmoq.org:4433/moq-relay \
	-e TLS_DISABLE_VERIFY=false \
	ghcr.io/englishm/moq-interop-runner-moq-test-client-draft-16:latest
TAP version 14
# moq-test-client v0.1.0
# Relay: https://moqx-main.ci.openmoq.org:4433/moq-relay
1..6
ok 1 - setup-only
  ---
  duration_ms: 111
  connection_id: 12a8abb1bf84c55a7ae4a1c7991d3959
  ...
ok 2 - announce-only
  ---
  duration_ms: 2052
  connection_id: 3262827da7c346f0a352630e9c5a8778
  ...
ok 3 - subscribe-error
  ---
  duration_ms: 43
  connection_id: 3d25227d5666ecdb55833abaf3506856
  ...
not ok 4 - announce-subscribe
  ---
  duration_ms: 289
  message: "publisher session error: webtransport error: read error: RESET_STREAM: 386759528: read error: RESET_STREAM: 386759528"
  ...
ok 5 - subscribe-before-announce
  ---
  duration_ms: 3663
  subscriber_connection_id: e9f0eacd4206df79f069d214832728a8
  publisher_connection_id: 68d9b7827d63e76293ca571bbe6dffdd
  ...
ok 6 - publish-namespace-done
  ---
  duration_ms: 2251
  connection_id: 2fd97d9dca01916196e5325a44cce339
  ...
make[1]: *** [Makefile:121: test-external] Error 1
make[1]: Leaving directory '/home/runner/work/moq-interop-runner/moq-interop-runner/main'
