make[1]: Entering directory '/home/runner/work/moq-interop-runner/moq-interop-runner/main'
Running tests against moqt://lminiero.it:9000...
  Client: ghcr.io/englishm/moq-interop-runner-moq-test-client-draft-18:latest
docker run --rm \
	 \
	--network host \
	-e RELAY_URL=moqt://lminiero.it:9000 \
	-e TLS_DISABLE_VERIFY=false \
	ghcr.io/englishm/moq-interop-runner-moq-test-client-draft-18:latest
TAP version 14
# moq-test-client v0.1.6
# Relay: moqt://lminiero.it:9000
1..6
[2m2026-06-13T00:56:06.928313Z[0m [32m INFO[0m [2mmoq_native_ietf::quic[0m[2m:[0m UDP socket bound [3mbind[0m[2m=[0m[::]:0 [3mlocal[0m[2m=[0m[::]:53610 [3mdual_stack[0m[2m=[0mtrue
not ok 1 - setup-only
  ---
  duration_ms: 10001
  message: "test timed out: deadline has elapsed"
  ...
[2m2026-06-13T00:56:16.929884Z[0m [32m INFO[0m [2mmoq_native_ietf::quic[0m[2m:[0m UDP socket bound [3mbind[0m[2m=[0m[::]:0 [3mlocal[0m[2m=[0m[::]:57233 [3mdual_stack[0m[2m=[0mtrue
[2m2026-06-13T00:56:17.194632Z[0m [32m INFO[0m [2mmoq_test_client::scenarios[0m[2m:[0m Sending PUBLISH_NAMESPACE for: moq-test/interop
not ok 2 - publish-namespace-only
  ---
  duration_ms: 265
  message: "PUBLISH_NAMESPACE failed: too many requests"
  ...
[2m2026-06-13T00:56:17.195483Z[0m [32m INFO[0m [2mmoq_native_ietf::quic[0m[2m:[0m UDP socket bound [3mbind[0m[2m=[0m[::]:0 [3mlocal[0m[2m=[0m[::]:39995 [3mdual_stack[0m[2m=[0mtrue
[2m2026-06-13T00:56:17.473907Z[0m [32m INFO[0m [2mmoq_test_client::scenarios[0m[2m:[0m Subscribing to non-existent track: nonexistent/namespace/test-track
[2m2026-06-13T00:56:17.473939Z[0m [31mERROR[0m [2mmoq_transport::serve::error[0m[2m:[0m [506599b0-2b3f-48ad-9c0b-d621c068d7d2] Internal error: request ID limit: too many requests at /build/moq-transport/src/session/subscriber.rs:191
[2m2026-06-13T00:56:17.473959Z[0m [33m WARN[0m [2mmoq_test_client::scenarios[0m[2m:[0m Got error but not clearly 'not found': internal error: Internal error [error:506599b0-2b3f-48ad-9c0b-d621c068d7d2]. Relay may use different error text.
ok 3 - subscribe-error
  ---
  duration_ms: 279
  connection_id: eb02d8fcafeff4ed3541203909a20cf7
  ...
[2m2026-06-13T00:56:17.474754Z[0m [32m INFO[0m [2mmoq_native_ietf::quic[0m[2m:[0m UDP socket bound [3mbind[0m[2m=[0m[::]:0 [3mlocal[0m[2m=[0m[::]:48570 [3mdual_stack[0m[2m=[0mtrue
[2m2026-06-13T00:56:17.754433Z[0m [32m INFO[0m [2mmoq_native_ietf::quic[0m[2m:[0m UDP socket bound [3mbind[0m[2m=[0m[::]:0 [3mlocal[0m[2m=[0m[::]:52752 [3mdual_stack[0m[2m=[0mtrue
[2m2026-06-13T00:56:18.031632Z[0m [32m INFO[0m [2mmoq_test_client::scenarios[0m[2m:[0m Publisher sending PUBLISH_NAMESPACE: moq-test/interop
[2m2026-06-13T00:56:18.031668Z[0m [32m INFO[0m [2mmoq_test_client::scenarios[0m[2m:[0m Subscriber subscribing to track: moq-test/interop/test-track
[2m2026-06-13T00:56:18.031680Z[0m [31mERROR[0m [2mmoq_transport::serve::error[0m[2m:[0m [a61e7125-63da-445b-8ead-88a1e6bcd49f] Internal error: request ID limit: too many requests at /build/moq-transport/src/session/subscriber.rs:191
[2m2026-06-13T00:56:18.031706Z[0m [32m INFO[0m [2mmoq_test_client::scenarios[0m[2m:[0m Subscriber got error: internal error: Internal error [error:a61e7125-63da-445b-8ead-88a1e6bcd49f] - subscription was processed
ok 4 - publish-namespace-subscribe
  ---
  duration_ms: 557
  publisher_connection_id: 4cce7fb2a04a1512730e11dfa2a7cf77
  subscriber_connection_id: baacc50690845df5221751a436641d3d
  ...
[2m2026-06-13T00:56:18.032580Z[0m [32m INFO[0m [2mmoq_native_ietf::quic[0m[2m:[0m UDP socket bound [3mbind[0m[2m=[0m[::]:0 [3mlocal[0m[2m=[0m[::]:58289 [3mdual_stack[0m[2m=[0mtrue
[2m2026-06-13T00:56:18.301810Z[0m [32m INFO[0m [2mmoq_test_client::scenarios[0m[2m:[0m Subscriber subscribing BEFORE PUBLISH_NAMESPACE: moq-test/interop/test-track
[2m2026-06-13T00:56:18.301902Z[0m [31mERROR[0m [2mmoq_transport::serve::error[0m[2m:[0m [0c449118-b4ee-46b0-b4b7-52fd232a471f] Internal error: request ID limit: too many requests at /build/moq-transport/src/session/subscriber.rs:191
[2m2026-06-13T00:56:18.803696Z[0m [32m INFO[0m [2mmoq_native_ietf::quic[0m[2m:[0m UDP socket bound [3mbind[0m[2m=[0m[::]:0 [3mlocal[0m[2m=[0m[::]:48430 [3mdual_stack[0m[2m=[0mtrue
[2m2026-06-13T00:56:19.080049Z[0m [32m INFO[0m [2mmoq_test_client::scenarios[0m[2m:[0m Publisher sending PUBLISH_NAMESPACE (after subscriber): moq-test/interop
not ok 5 - subscribe-before-publish-namespace
  ---
  duration_ms: 1048
  message: "publisher PUBLISH_NAMESPACE failed: too many requests"
  ...
[2m2026-06-13T00:56:19.080794Z[0m [32m INFO[0m [2mmoq_native_ietf::quic[0m[2m:[0m UDP socket bound [3mbind[0m[2m=[0m[::]:0 [3mlocal[0m[2m=[0m[::]:55928 [3mdual_stack[0m[2m=[0mtrue
[2m2026-06-13T00:56:19.605498Z[0m [32m INFO[0m [2mmoq_test_client::scenarios[0m[2m:[0m Sending PUBLISH_NAMESPACE: moq-test/interop
not ok 6 - publish-namespace-done
  ---
  duration_ms: 525
  message: "PUBLISH_NAMESPACE failed: too many requests"
  ...
make[1]: *** [Makefile:121: test-external] Error 1
make[1]: Leaving directory '/home/runner/work/moq-interop-runner/moq-interop-runner/main'
