make[1]: Entering directory '/home/runner/work/moq-interop-runner/moq-interop-runner/main'
Running tests against moqt://fb.mvfst.net:9448...
  Client: ghcr.io/englishm/moq-interop-runner-moq-test-client-draft-16:latest
docker run --rm \
	 \
	--network host \
	-e RELAY_URL=moqt://fb.mvfst.net:9448 \
	-e TLS_DISABLE_VERIFY=1 \
	ghcr.io/englishm/moq-interop-runner-moq-test-client-draft-16:latest
TAP version 14
# moq-test-client v0.1.0
# Relay: moqt://fb.mvfst.net:9448
1..6
ok 1 - setup-only
  ---
  duration_ms: 83
  connection_id: 98480dc19b3069fd520d63a658e5001e
  ...
ok 2 - announce-only
  ---
  duration_ms: 2066
  connection_id: 69112ab9dc3a95f4f992cc44e0c2039d
  ...
ok 3 - subscribe-error
  ---
  duration_ms: 94
  connection_id: b2b6a45622926edb5dc60587e99f775c
  ...
ok 4 - announce-subscribe
  ---
  duration_ms: 215
  publisher_connection_id: bdcdb9e0b08ba70683c0e03b5a9223de
  subscriber_connection_id: c1120bb483d6dc3947456c475bf6db70
  ...
ok 5 - subscribe-before-announce
  ---
  duration_ms: 3648
  subscriber_connection_id: d93fbca49ff324132fa5f229f1a6271f
  publisher_connection_id: 88d00a387a71d26152c0909d4835c22d
  ...
ok 6 - publish-namespace-done
  ---
  duration_ms: 2169
  connection_id: 16a14e2dbdd5037c350523ea44fd4614
  ...
make[1]: Leaving directory '/home/runner/work/moq-interop-runner/moq-interop-runner/main'
