make[1]: Entering directory '/home/runner/work/moq-interop-runner/moq-interop-runner/main'
Running tests against moqt://moqx-main.ci.openmoq.org:4433...
  Client: ghcr.io/englishm/moq-interop-runner-moq-test-client:latest
docker run --rm \
	 \
	--network host \
	-e RELAY_URL=moqt://moqx-main.ci.openmoq.org:4433 \
	-e TLS_DISABLE_VERIFY=false \
	ghcr.io/englishm/moq-interop-runner-moq-test-client:latest
TAP version 14
# moq-test-client v0.1.0
# Relay: moqt://moqx-main.ci.openmoq.org:4433
1..6
ok 1 - setup-only
  ---
  duration_ms: 129
  connection_id: 62c988754815b764dd797cc96dfbc3dd
  ...
ok 2 - announce-only
  ---
  duration_ms: 2098
  connection_id: 3062bed950aaa6f92ca20aab98df2beb
  ...
ok 3 - subscribe-error
  ---
  duration_ms: 74
  connection_id: 436ce4fe011617d408808f826eade434
  ...
ok 4 - announce-subscribe
  ---
  duration_ms: 3183
  publisher_connection_id: 5d54dd2539ff501910ba93ae8763a8d9
  subscriber_connection_id: e53e99f42f131bcf4b38e115ec6b69e0
  ...
ok 5 - subscribe-before-announce
  ---
  duration_ms: 3691
  subscriber_connection_id: f912b9559bf9fb9ec9246bab60a3f136
  publisher_connection_id: b375a4052cc771f21f59ecc6f7ca0682
  ...
ok 6 - publish-namespace-done
  ---
  duration_ms: 2162
  connection_id: b3966005d103783cace147eae46c806d
  ...
make[1]: Leaving directory '/home/runner/work/moq-interop-runner/moq-interop-runner/main'
