make[1]: Entering directory '/home/runner/work/moq-interop-runner/moq-interop-runner/main'
Running tests against https://us-west-2.relay.quicr.org:33437/relay...
  Client: ghcr.io/openmoq/moqx-interop-client:latest
docker run --rm \
	 \
	--network host \
	-e RELAY_URL=https://us-west-2.relay.quicr.org:33437/relay \
	-e TLS_DISABLE_VERIFY=1 \
	ghcr.io/openmoq/moqx-interop-client:latest
TAP version 14
# moxygen interop test client
# Relay: https://us-west-2.relay.quicr.org:33437/relay
# Transport: WebTransport
1..6
W0613 01:21:05.065928     1 MoQWebTransportClient.cpp:176] WebTransport: No WT-Protocol header in response, will use legacy version negotiation
E0613 01:21:05.118067     1 MoQFramer.cpp:1054] Server selected version draft-1 but we only offer draft-14 in legacy mode
E0613 01:21:05.118094     1 MoQCodec.cpp:126] Conn error=21
E0613 01:21:05.118099     1 MoQSession.cpp:4919] MoQCodec control stream parse error err=21
not ok 1 - setup-only
  ---
  duration_ms: 168
  error: coroutine operation cancelled
  ...
W0613 01:21:05.226512     1 MoQWebTransportClient.cpp:176] WebTransport: No WT-Protocol header in response, will use legacy version negotiation
E0613 01:21:05.279278     1 MoQFramer.cpp:1054] Server selected version draft-1 but we only offer draft-14 in legacy mode
E0613 01:21:05.279304     1 MoQCodec.cpp:126] Conn error=21
E0613 01:21:05.279309     1 MoQSession.cpp:4919] MoQCodec control stream parse error err=21
not ok 2 - announce-only
  ---
  duration_ms: 161
  error: coroutine operation cancelled
  ...
W0613 01:21:05.390026     1 MoQWebTransportClient.cpp:176] WebTransport: No WT-Protocol header in response, will use legacy version negotiation
E0613 01:21:05.442914     1 MoQFramer.cpp:1054] Server selected version draft-1 but we only offer draft-14 in legacy mode
E0613 01:21:05.442940     1 MoQCodec.cpp:126] Conn error=21
E0613 01:21:05.442946     1 MoQSession.cpp:4919] MoQCodec control stream parse error err=21
not ok 3 - subscribe-error
  ---
  duration_ms: 163
  error: coroutine operation cancelled
  ...
W0613 01:21:05.622986     1 MoQWebTransportClient.cpp:176] WebTransport: No WT-Protocol header in response, will use legacy version negotiation
E0613 01:21:05.675636     1 MoQFramer.cpp:1054] Server selected version draft-1 but we only offer draft-14 in legacy mode
E0613 01:21:05.675668     1 MoQCodec.cpp:126] Conn error=21
E0613 01:21:05.675674     1 MoQSession.cpp:4919] MoQCodec control stream parse error err=21
not ok 4 - announce-subscribe
  ---
  duration_ms: 232
  error: coroutine operation cancelled
  ...
W0613 01:21:05.862876     1 MoQWebTransportClient.cpp:176] WebTransport: No WT-Protocol header in response, will use legacy version negotiation
E0613 01:21:05.915153     1 MoQFramer.cpp:1054] Server selected version draft-1 but we only offer draft-14 in legacy mode
E0613 01:21:05.915180     1 MoQCodec.cpp:126] Conn error=21
E0613 01:21:05.915186     1 MoQSession.cpp:4919] MoQCodec control stream parse error err=21
not ok 5 - publish-namespace-done
  ---
  duration_ms: 239
  error: coroutine operation cancelled
  ...
W0613 01:21:06.027101     1 MoQWebTransportClient.cpp:176] WebTransport: No WT-Protocol header in response, will use legacy version negotiation
E0613 01:21:06.080118     1 MoQFramer.cpp:1054] Server selected version draft-1 but we only offer draft-14 in legacy mode
E0613 01:21:06.080145     1 MoQCodec.cpp:126] Conn error=21
E0613 01:21:06.080151     1 MoQSession.cpp:4919] MoQCodec control stream parse error err=21
not ok 6 - subscribe-before-announce
  ---
  duration_ms: 164
  error: coroutine operation cancelled
  ...
make[1]: *** [Makefile:121: test-external] Error 1
make[1]: Leaving directory '/home/runner/work/moq-interop-runner/moq-interop-runner/main'
