make[1]: Entering directory '/home/runner/work/moq-interop-runner/moq-interop-runner/main'
Running tests against moqt://lminiero.it:9000...
  Client: ghcr.io/englishm/moq-interop-runner-moq-test-client-draft-18:latest
docker run --rm \
	 \
	--network host \
	-e RELAY_URL=moqt://lminiero.it:9000 \
	-e TLS_DISABLE_VERIFY=false \
	ghcr.io/englishm/moq-interop-runner-moq-test-client-draft-18:latest
TAP version 14
# moq-test-client v0.1.6
# Relay: moqt://lminiero.it:9000
1..6
[2m2026-07-22T00:58:33.051130Z[0m [32m INFO[0m [2mmoq_native_ietf::quic[0m[2m:[0m UDP socket bound [3mbind[0m[2m=[0m[::]:0 [3mlocal[0m[2m=[0m[::]:52139 [3mdual_stack[0m[2m=[0mtrue
[2m2026-07-22T00:58:33.551327Z[0m [32m INFO[0m [2mmoq_test_client::scenarios[0m[2m:[0m SETUP exchange completed successfully
ok 1 - setup-only
  ---
  duration_ms: 501
  connection_id: 890b93c0aa47c07f70bd21cc2a94771a
  ...
[2m2026-07-22T00:58:33.552208Z[0m [32m INFO[0m [2mmoq_native_ietf::quic[0m[2m:[0m UDP socket bound [3mbind[0m[2m=[0m[::]:0 [3mlocal[0m[2m=[0m[::]:33617 [3mdual_stack[0m[2m=[0mtrue
[2m2026-07-22T00:58:34.233067Z[0m [32m INFO[0m [2mmoq_test_client::scenarios[0m[2m:[0m Sending PUBLISH_NAMESPACE for: moq-test/interop
[2m2026-07-22T00:58:36.235082Z[0m [32m INFO[0m [2mmoq_test_client::scenarios[0m[2m:[0m PUBLISH_NAMESPACE succeeded (REQUEST_OK received, waiting for subscribers)
ok 2 - publish-namespace-only
  ---
  duration_ms: 2683
  connection_id: d8a6af52105c714e28546935b35fa136
  ...
[2m2026-07-22T00:58:36.236067Z[0m [32m INFO[0m [2mmoq_native_ietf::quic[0m[2m:[0m UDP socket bound [3mbind[0m[2m=[0m[::]:0 [3mlocal[0m[2m=[0m[::]:46567 [3mdual_stack[0m[2m=[0mtrue
[2m2026-07-22T00:58:36.585646Z[0m [32m INFO[0m [2mmoq_test_client::scenarios[0m[2m:[0m Subscribing to non-existent track: nonexistent/namespace/test-track
[2m2026-07-22T00:58:36.756505Z[0m [33m WARN[0m [2mmoq_transport::serve::error[0m[2m:[0m [b0b21006-38b9-4ec5-a032-563a03ee750f] Not found: Namespace not found at moq-transport/src/session/subscriber.rs:455
[2m2026-07-22T00:58:36.756541Z[0m [33m WARN[0m [2mmoq_transport::session::reader[0m[2m:[0m [READER] decode: stream ended while waiting for data (have=0 bytes, need=1)
[2m2026-07-22T00:58:36.756624Z[0m [32m INFO[0m [2mmoq_test_client::scenarios[0m[2m:[0m Got expected 'not found' error: not found: Track not found [error:b0b21006-38b9-4ec5-a032-563a03ee750f]
ok 3 - subscribe-error
  ---
  duration_ms: 521
  connection_id: 826a07b655aee4233040685451081062
  ...
[2m2026-07-22T00:58:36.757548Z[0m [32m INFO[0m [2mmoq_native_ietf::quic[0m[2m:[0m UDP socket bound [3mbind[0m[2m=[0m[::]:0 [3mlocal[0m[2m=[0m[::]:57853 [3mdual_stack[0m[2m=[0mtrue
[2m2026-07-22T00:58:37.110657Z[0m [32m INFO[0m [2mmoq_native_ietf::quic[0m[2m:[0m UDP socket bound [3mbind[0m[2m=[0m[::]:0 [3mlocal[0m[2m=[0m[::]:59837 [3mdual_stack[0m[2m=[0mtrue
[2m2026-07-22T00:58:37.786112Z[0m [32m INFO[0m [2mmoq_test_client::scenarios[0m[2m:[0m Publisher sending PUBLISH_NAMESPACE: moq-test/interop
[2m2026-07-22T00:58:37.786138Z[0m [32m INFO[0m [2mmoq_test_client::scenarios[0m[2m:[0m Subscriber subscribing to track: moq-test/interop/test-track
[2m2026-07-22T00:58:40.787419Z[0m [32m INFO[0m [2mmoq_test_client::scenarios[0m[2m:[0m Test timeout reached - subscription routing may still be in progress
ok 4 - publish-namespace-subscribe
  ---
  duration_ms: 4030
  publisher_connection_id: 8657cf12d23bcd7e210d5aa4d1e7ec19
  subscriber_connection_id: 1d455749a1303bd19a2d4461a634aa1b
  ...
[2m2026-07-22T00:58:40.788487Z[0m [32m INFO[0m [2mmoq_native_ietf::quic[0m[2m:[0m UDP socket bound [3mbind[0m[2m=[0m[::]:0 [3mlocal[0m[2m=[0m[::]:41179 [3mdual_stack[0m[2m=[0mtrue
[2m2026-07-22T00:58:41.303205Z[0m [32m INFO[0m [2mmoq_test_client::scenarios[0m[2m:[0m Subscriber subscribing BEFORE PUBLISH_NAMESPACE: moq-test/interop/test-track
[2m2026-07-22T00:58:41.475487Z[0m [33m WARN[0m [2mmoq_transport::serve::error[0m[2m:[0m [827b22fe-d269-48a9-b908-3f2f71ac3d33] Not found: Namespace not found at moq-transport/src/session/subscriber.rs:455
[2m2026-07-22T00:58:41.475514Z[0m [33m WARN[0m [2mmoq_transport::session::reader[0m[2m:[0m [READER] decode: stream ended while waiting for data (have=0 bytes, need=1)
[2m2026-07-22T00:58:41.805992Z[0m [32m INFO[0m [2mmoq_native_ietf::quic[0m[2m:[0m UDP socket bound [3mbind[0m[2m=[0m[::]:0 [3mlocal[0m[2m=[0m[::]:39080 [3mdual_stack[0m[2m=[0mtrue
[2m2026-07-22T00:58:42.982419Z[0m [32m INFO[0m [2mmoq_test_client::scenarios[0m[2m:[0m Publisher sending PUBLISH_NAMESPACE (after subscriber): moq-test/interop
[2m2026-07-22T00:58:45.983573Z[0m [32m INFO[0m [2mmoq_test_client::scenarios[0m[2m:[0m Publisher PUBLISH_NAMESPACE timeout (expected)
[2m2026-07-22T00:58:45.983600Z[0m [32m INFO[0m [2mmoq_test_client::scenarios[0m[2m:[0m Subscriber got error: not found: Track not found [error:827b22fe-d269-48a9-b908-3f2f71ac3d33] (may be expected)
ok 5 - subscribe-before-publish-namespace
  ---
  duration_ms: 5196
  subscriber_connection_id: ddfb1641a8067f99acbd751f248559a7
  publisher_connection_id: 19966cf25ed492629d4d726f3d44ddaa
  ...
[2m2026-07-22T00:58:45.984568Z[0m [32m INFO[0m [2mmoq_native_ietf::quic[0m[2m:[0m UDP socket bound [3mbind[0m[2m=[0m[::]:0 [3mlocal[0m[2m=[0m[::]:34124 [3mdual_stack[0m[2m=[0mtrue
[2m2026-07-22T00:58:46.328395Z[0m [32m INFO[0m [2mmoq_test_client::scenarios[0m[2m:[0m Sending PUBLISH_NAMESPACE: moq-test/interop
[2m2026-07-22T00:58:48.329607Z[0m [32m INFO[0m [2mmoq_test_client::scenarios[0m[2m:[0m PUBLISH_NAMESPACE active; sending PUBLISH_NAMESPACE_DONE
[2m2026-07-22T00:58:48.431133Z[0m [32m INFO[0m [2mmoq_test_client::scenarios[0m[2m:[0m PUBLISH_NAMESPACE_DONE sent successfully
ok 6 - publish-namespace-done
  ---
  duration_ms: 2447
  connection_id: 473aa7889b2718c1c166d191bc0673aa
  ...
make[1]: Leaving directory '/home/runner/work/moq-interop-runner/moq-interop-runner/main'
