make[1]: Entering directory '/home/runner/work/moq-interop-runner/moq-interop-runner/main'
Running tests against https://draft-18-interop.cloudflare.mediaoverquic.com:443/moq...
  Client: ghcr.io/englishm/moq-interop-runner-moq-test-client-draft-18:latest
docker run --rm \
	 \
	--network host \
	-e RELAY_URL=https://draft-18-interop.cloudflare.mediaoverquic.com:443/moq \
	-e TLS_DISABLE_VERIFY=false \
	ghcr.io/englishm/moq-interop-runner-moq-test-client-draft-18:latest
TAP version 14
# moq-test-client v0.1.6
# Relay: https://draft-18-interop.cloudflare.mediaoverquic.com/moq
1..6
[2m2026-07-22T01:00:40.276695Z[0m [32m INFO[0m [2mmoq_native_ietf::quic[0m[2m:[0m UDP socket bound [3mbind[0m[2m=[0m[::]:0 [3mlocal[0m[2m=[0m[::]:33559 [3mdual_stack[0m[2m=[0mtrue
[2m2026-07-22T01:00:40.381723Z[0m [32m INFO[0m [2mmoq_test_client::scenarios[0m[2m:[0m SETUP exchange completed successfully
ok 1 - setup-only
  ---
  duration_ms: 105
  connection_id: 3ce9d19f59bb62cdb9f61b41f2f2644f
  ...
[2m2026-07-22T01:00:40.382709Z[0m [32m INFO[0m [2mmoq_native_ietf::quic[0m[2m:[0m UDP socket bound [3mbind[0m[2m=[0m[::]:0 [3mlocal[0m[2m=[0m[::]:34844 [3mdual_stack[0m[2m=[0mtrue
[2m2026-07-22T01:00:40.396760Z[0m [33m WARN[0m [2mweb_transport_quinn::session[0m[2m:[0m failed to read capsule [3me[0m[2m=[0mUnexpectedEnd
[2m2026-07-22T01:00:40.492528Z[0m [32m INFO[0m [2mmoq_test_client::scenarios[0m[2m:[0m Sending PUBLISH_NAMESPACE for: moq-test/interop
[2m2026-07-22T01:00:42.494729Z[0m [32m INFO[0m [2mmoq_test_client::scenarios[0m[2m:[0m PUBLISH_NAMESPACE succeeded (REQUEST_OK received, waiting for subscribers)
ok 2 - publish-namespace-only
  ---
  duration_ms: 2112
  connection_id: e8915f9efbd7ac97412ec966367d3674
  ...
[2m2026-07-22T01:00:42.495695Z[0m [32m INFO[0m [2mmoq_native_ietf::quic[0m[2m:[0m UDP socket bound [3mbind[0m[2m=[0m[::]:0 [3mlocal[0m[2m=[0m[::]:40237 [3mdual_stack[0m[2m=[0mtrue
[2m2026-07-22T01:00:42.510526Z[0m [33m WARN[0m [2mmoq_transport::session::reader[0m[2m:[0m [READER] decode: stream ended while waiting for data (have=0 bytes, need=1)
[2m2026-07-22T01:00:42.576187Z[0m [32m INFO[0m [2mmoq_test_client::scenarios[0m[2m:[0m Subscribing to non-existent track: nonexistent/namespace/test-track
[2m2026-07-22T01:00:42.591956Z[0m [33m WARN[0m [2mmoq_transport::serve::error[0m[2m:[0m [e0546b2d-f3dd-4f7b-a274-b3e9da0a7924] Not found: not found: Track not found [error:226bc6b0-58bf-4c22-9b74-c9c2c3ad9eb4] at moq-transport/src/session/subscriber.rs:455
[2m2026-07-22T01:00:42.592058Z[0m [32m INFO[0m [2mmoq_test_client::scenarios[0m[2m:[0m Got expected 'not found' error: not found: Track not found [error:e0546b2d-f3dd-4f7b-a274-b3e9da0a7924]
ok 3 - subscribe-error
  ---
  duration_ms: 97
  connection_id: 0c2511dcb84652cbd39828e124e43b4c
  ...
[2m2026-07-22T01:00:42.592983Z[0m [33m WARN[0m [2mmoq_transport::session::reader[0m[2m:[0m [READER] decode: stream ended while waiting for data (have=0 bytes, need=1)
[2m2026-07-22T01:00:42.593184Z[0m [32m INFO[0m [2mmoq_native_ietf::quic[0m[2m:[0m UDP socket bound [3mbind[0m[2m=[0m[::]:0 [3mlocal[0m[2m=[0m[::]:58436 [3mdual_stack[0m[2m=[0mtrue
[2m2026-07-22T01:00:42.688257Z[0m [32m INFO[0m [2mmoq_native_ietf::quic[0m[2m:[0m UDP socket bound [3mbind[0m[2m=[0m[::]:0 [3mlocal[0m[2m=[0m[::]:50680 [3mdual_stack[0m[2m=[0mtrue
[2m2026-07-22T01:00:42.777574Z[0m [32m INFO[0m [2mmoq_test_client::scenarios[0m[2m:[0m Publisher sending PUBLISH_NAMESPACE: moq-test/interop
[2m2026-07-22T01:00:42.777593Z[0m [32m INFO[0m [2mmoq_test_client::scenarios[0m[2m:[0m Subscriber subscribing to track: moq-test/interop/test-track
[2m2026-07-22T01:00:45.780900Z[0m [32m INFO[0m [2mmoq_test_client::scenarios[0m[2m:[0m Test timeout reached - subscription routing may still be in progress
ok 4 - publish-namespace-subscribe
  ---
  duration_ms: 3188
  publisher_connection_id: 018e169d93c7c38cb176438f469f19fb
  subscriber_connection_id: 6dcaf583c110adb83f538bb725ffefe9
  ...
[2m2026-07-22T01:00:45.781932Z[0m [32m INFO[0m [2mmoq_native_ietf::quic[0m[2m:[0m UDP socket bound [3mbind[0m[2m=[0m[::]:0 [3mlocal[0m[2m=[0m[::]:43945 [3mdual_stack[0m[2m=[0mtrue
[2m2026-07-22T01:00:45.796696Z[0m [33m WARN[0m [2mmoq_transport::session::reader[0m[2m:[0m [READER] decode: stream ended while waiting for data (have=0 bytes, need=1)
[2m2026-07-22T01:00:45.797650Z[0m [33m WARN[0m [2mmoq_transport::session::reader[0m[2m:[0m [READER] decode: stream ended while waiting for data (have=0 bytes, need=1)
[2m2026-07-22T01:00:45.869284Z[0m [32m INFO[0m [2mmoq_test_client::scenarios[0m[2m:[0m Subscriber subscribing BEFORE PUBLISH_NAMESPACE: moq-test/interop/test-track
[2m2026-07-22T01:00:45.885797Z[0m [33m WARN[0m [2mmoq_transport::serve::error[0m[2m:[0m [0bd46979-5209-4224-9c10-2a088497f6f5] Not found: not found: Track not found [error:59c72a3b-8618-4dea-940e-8a9e645b3847] at moq-transport/src/session/subscriber.rs:455
[2m2026-07-22T01:00:45.887126Z[0m [33m WARN[0m [2mmoq_transport::session::reader[0m[2m:[0m [READER] decode: stream ended while waiting for data (have=0 bytes, need=1)
[2m2026-07-22T01:00:46.371107Z[0m [32m INFO[0m [2mmoq_native_ietf::quic[0m[2m:[0m UDP socket bound [3mbind[0m[2m=[0m[::]:0 [3mlocal[0m[2m=[0m[::]:48484 [3mdual_stack[0m[2m=[0mtrue
[2m2026-07-22T01:00:46.465842Z[0m [32m INFO[0m [2mmoq_test_client::scenarios[0m[2m:[0m Publisher sending PUBLISH_NAMESPACE (after subscriber): moq-test/interop
[2m2026-07-22T01:00:49.466958Z[0m [32m INFO[0m [2mmoq_test_client::scenarios[0m[2m:[0m Publisher PUBLISH_NAMESPACE timeout (expected)
[2m2026-07-22T01:00:49.466980Z[0m [32m INFO[0m [2mmoq_test_client::scenarios[0m[2m:[0m Subscriber got error: not found: Track not found [error:0bd46979-5209-4224-9c10-2a088497f6f5] (may be expected)
ok 5 - subscribe-before-publish-namespace
  ---
  duration_ms: 3685
  subscriber_connection_id: 680ebdc9d6d0b793aa29070514bf1f57
  publisher_connection_id: 9d0eee6952f70c173dca21d8c2eba0b1
  ...
[2m2026-07-22T01:00:49.467888Z[0m [32m INFO[0m [2mmoq_native_ietf::quic[0m[2m:[0m UDP socket bound [3mbind[0m[2m=[0m[::]:0 [3mlocal[0m[2m=[0m[::]:42900 [3mdual_stack[0m[2m=[0mtrue
[2m2026-07-22T01:00:49.483536Z[0m [33m WARN[0m [2mmoq_transport::session::reader[0m[2m:[0m [READER] decode: stream ended while waiting for data (have=0 bytes, need=1)
[2m2026-07-22T01:00:49.567471Z[0m [32m INFO[0m [2mmoq_test_client::scenarios[0m[2m:[0m Sending PUBLISH_NAMESPACE: moq-test/interop
[2m2026-07-22T01:00:51.569633Z[0m [32m INFO[0m [2mmoq_test_client::scenarios[0m[2m:[0m PUBLISH_NAMESPACE active; sending PUBLISH_NAMESPACE_DONE
[2m2026-07-22T01:00:51.587174Z[0m [33m WARN[0m [2mmoq_transport::session::reader[0m[2m:[0m [READER] decode: stream ended while waiting for data (have=0 bytes, need=1)
[2m2026-07-22T01:00:51.671078Z[0m [32m INFO[0m [2mmoq_test_client::scenarios[0m[2m:[0m PUBLISH_NAMESPACE_DONE sent successfully
ok 6 - publish-namespace-done
  ---
  duration_ms: 2204
  connection_id: 27b9edb6f6e89de3bd9655e6f6e601b9
  ...
make[1]: Leaving directory '/home/runner/work/moq-interop-runner/moq-interop-runner/main'
