make[1]: Entering directory '/home/runner/work/moq-interop-runner/moq-interop-runner/main'
Running tests against https://relay.moqtail.dev...
  Client: ghcr.io/englishm/moq-interop-runner-moq-test-client-draft-16:latest
docker run --rm \
	 \
	--network host \
	-e RELAY_URL=https://relay.moqtail.dev \
	-e TLS_DISABLE_VERIFY=false \
	ghcr.io/englishm/moq-interop-runner-moq-test-client-draft-16:latest
TAP version 14
# moq-test-client v0.1.0
# Relay: https://relay.moqtail.dev/
1..6
ok 1 - setup-only
  ---
  duration_ms: 274
  connection_id: e63e8a803af25696996350ef6f74fc4b
  ...
ok 2 - announce-only
  ---
  duration_ms: 2259
  connection_id: e58a6e902df92b9a8f2d09c3b7b0a445
  ...
ok 3 - subscribe-error
  ---
  duration_ms: 268
  connection_id: fb3ea6c16169e37a645085e8da711328
  ...
ok 4 - announce-subscribe
  ---
  duration_ms: 578
  publisher_connection_id: f6fa883ab194ea3f07043482394a6e4e
  subscriber_connection_id: 59c69f220f59a86e4f2ad2e5e65bc5b4
  ...
ok 5 - subscribe-before-announce
  ---
  duration_ms: 3896
  subscriber_connection_id: 21ba5a1e563330ffaa650a44d3da6591
  publisher_connection_id: e36d95e61c273b40381a4a6a147ad6d8
  ...
ok 6 - publish-namespace-done
  ---
  duration_ms: 2308
  connection_id: 9e793d5584fdbea41f85ac1d36578951
  ...
make[1]: Leaving directory '/home/runner/work/moq-interop-runner/moq-interop-runner/main'
