make[1]: Entering directory '/home/runner/work/moq-interop-runner/moq-interop-runner/main'
Running tests against https://moqt.nokiaresearch.com:4443/moq...
  Client: ghcr.io/englishm/moq-interop-runner-moq-test-client-draft-18:latest
docker run --rm \
	 \
	--network host \
	-e RELAY_URL=https://moqt.nokiaresearch.com:4443/moq \
	-e TLS_DISABLE_VERIFY=false \
	ghcr.io/englishm/moq-interop-runner-moq-test-client-draft-18:latest
TAP version 14
# moq-test-client v0.1.6
# Relay: https://moqt.nokiaresearch.com:4443/moq
1..6
[2m2026-07-22T01:01:06.957449Z[0m [32m INFO[0m [2mmoq_native_ietf::quic[0m[2m:[0m UDP socket bound [3mbind[0m[2m=[0m[::]:0 [3mlocal[0m[2m=[0m[::]:52064 [3mdual_stack[0m[2m=[0mtrue
[2m2026-07-22T01:01:07.816160Z[0m [32m INFO[0m [2mmoq_test_client::scenarios[0m[2m:[0m SETUP exchange completed successfully
ok 1 - setup-only
  ---
  duration_ms: 859
  connection_id: 1d3e880bc7bd5d380807f43120bceea5
  ...
[2m2026-07-22T01:01:07.817145Z[0m [32m INFO[0m [2mmoq_native_ietf::quic[0m[2m:[0m UDP socket bound [3mbind[0m[2m=[0m[::]:0 [3mlocal[0m[2m=[0m[::]:40344 [3mdual_stack[0m[2m=[0mtrue
[2m2026-07-22T01:01:08.698631Z[0m [32m INFO[0m [2mmoq_test_client::scenarios[0m[2m:[0m Sending PUBLISH_NAMESPACE for: moq-test/interop
[2m2026-07-22T01:01:10.700370Z[0m [32m INFO[0m [2mmoq_test_client::scenarios[0m[2m:[0m PUBLISH_NAMESPACE succeeded (REQUEST_OK received, waiting for subscribers)
ok 2 - publish-namespace-only
  ---
  duration_ms: 2884
  connection_id: 75f8c9cc0b94bbd91b57a8cba973b3d1
  ...
[2m2026-07-22T01:01:10.701502Z[0m [32m INFO[0m [2mmoq_native_ietf::quic[0m[2m:[0m UDP socket bound [3mbind[0m[2m=[0m[::]:0 [3mlocal[0m[2m=[0m[::]:47464 [3mdual_stack[0m[2m=[0mtrue
[2m2026-07-22T01:01:10.871189Z[0m [33m WARN[0m [2mmoq_transport::session::reader[0m[2m:[0m [READER] decode: stream ended while waiting for data (have=0 bytes, need=1)
[2m2026-07-22T01:01:11.561236Z[0m [32m INFO[0m [2mmoq_test_client::scenarios[0m[2m:[0m Subscribing to non-existent track: nonexistent/namespace/test-track
[2m2026-07-22T01:01:11.732477Z[0m [33m WARN[0m [2mmoq_transport::serve::error[0m[2m:[0m [59233219-c63d-4076-b0bd-212b15b4eaf2] Not found: Track /nonexistent/namespace/test-track does not exist at moq-transport/src/session/subscriber.rs:455
[2m2026-07-22T01:01:11.732523Z[0m [33m WARN[0m [2mmoq_transport::session::reader[0m[2m:[0m [READER] decode: stream ended while waiting for data (have=0 bytes, need=1)
[2m2026-07-22T01:01:11.732630Z[0m [32m INFO[0m [2mmoq_test_client::scenarios[0m[2m:[0m Got expected 'not found' error: not found: Track not found [error:59233219-c63d-4076-b0bd-212b15b4eaf2]
ok 3 - subscribe-error
  ---
  duration_ms: 1032
  connection_id: 1289c8ead977fe4399fc9f7ea9da3f33
  ...
[2m2026-07-22T01:01:11.733585Z[0m [32m INFO[0m [2mmoq_native_ietf::quic[0m[2m:[0m UDP socket bound [3mbind[0m[2m=[0m[::]:0 [3mlocal[0m[2m=[0m[::]:33224 [3mdual_stack[0m[2m=[0mtrue
[2m2026-07-22T01:01:12.577460Z[0m [32m INFO[0m [2mmoq_native_ietf::quic[0m[2m:[0m UDP socket bound [3mbind[0m[2m=[0m[::]:0 [3mlocal[0m[2m=[0m[::]:35002 [3mdual_stack[0m[2m=[0mtrue
[2m2026-07-22T01:01:13.409924Z[0m [32m INFO[0m [2mmoq_test_client::scenarios[0m[2m:[0m Publisher sending PUBLISH_NAMESPACE: moq-test/interop
[2m2026-07-22T01:01:13.409944Z[0m [32m INFO[0m [2mmoq_test_client::scenarios[0m[2m:[0m Subscriber subscribing to track: moq-test/interop/test-track
[2m2026-07-22T01:01:13.574801Z[0m [33m WARN[0m [2mmoq_transport::session::reader[0m[2m:[0m [READER] decode: stream ended while waiting for data (have=0 bytes, need=1)
[2m2026-07-22T01:01:16.411217Z[0m [32m INFO[0m [2mmoq_test_client::scenarios[0m[2m:[0m Test timeout reached - subscription routing may still be in progress
ok 4 - publish-namespace-subscribe
  ---
  duration_ms: 4678
  publisher_connection_id: 2bcf265da2cb283b0b284212349064ca
  subscriber_connection_id: df10d9894a013001eb738bd8f20bbbfd
  ...
[2m2026-07-22T01:01:16.412530Z[0m [32m INFO[0m [2mmoq_native_ietf::quic[0m[2m:[0m UDP socket bound [3mbind[0m[2m=[0m[::]:0 [3mlocal[0m[2m=[0m[::]:42717 [3mdual_stack[0m[2m=[0mtrue
[2m2026-07-22T01:01:16.578330Z[0m [33m WARN[0m [2mmoq_transport::session::reader[0m[2m:[0m [READER] decode: stream ended while waiting for data (have=0 bytes, need=1)
[2m2026-07-22T01:01:17.272358Z[0m [32m INFO[0m [2mmoq_test_client::scenarios[0m[2m:[0m Subscriber subscribing BEFORE PUBLISH_NAMESPACE: moq-test/interop/test-track
[2m2026-07-22T01:01:17.443848Z[0m [33m WARN[0m [2mmoq_transport::serve::error[0m[2m:[0m [75ec26cf-26c0-4c5a-91a4-9b87deda035e] Not found: Track /moq-test/interop/test-track does not exist at moq-transport/src/session/subscriber.rs:455
[2m2026-07-22T01:01:17.443873Z[0m [33m WARN[0m [2mmoq_transport::session::reader[0m[2m:[0m [READER] decode: stream ended while waiting for data (have=0 bytes, need=1)
[2m2026-07-22T01:01:17.774954Z[0m [32m INFO[0m [2mmoq_native_ietf::quic[0m[2m:[0m UDP socket bound [3mbind[0m[2m=[0m[::]:0 [3mlocal[0m[2m=[0m[::]:37545 [3mdual_stack[0m[2m=[0mtrue
[2m2026-07-22T01:01:18.605623Z[0m [32m INFO[0m [2mmoq_test_client::scenarios[0m[2m:[0m Publisher sending PUBLISH_NAMESPACE (after subscriber): moq-test/interop
[2m2026-07-22T01:01:21.607382Z[0m [32m INFO[0m [2mmoq_test_client::scenarios[0m[2m:[0m Publisher PUBLISH_NAMESPACE timeout (expected)
[2m2026-07-22T01:01:21.607404Z[0m [32m INFO[0m [2mmoq_test_client::scenarios[0m[2m:[0m Subscriber got error: not found: Track not found [error:75ec26cf-26c0-4c5a-91a4-9b87deda035e] (may be expected)
ok 5 - subscribe-before-publish-namespace
  ---
  duration_ms: 5196
  subscriber_connection_id: e842006ed12846522399a6fdb3fdd05c
  publisher_connection_id: 97e2637cbe6727d672de632837276705
  ...
[2m2026-07-22T01:01:21.608320Z[0m [32m INFO[0m [2mmoq_native_ietf::quic[0m[2m:[0m UDP socket bound [3mbind[0m[2m=[0m[::]:0 [3mlocal[0m[2m=[0m[::]:36947 [3mdual_stack[0m[2m=[0mtrue
[2m2026-07-22T01:01:21.773578Z[0m [33m WARN[0m [2mmoq_transport::session::reader[0m[2m:[0m [READER] decode: stream ended while waiting for data (have=0 bytes, need=1)
[2m2026-07-22T01:01:22.468588Z[0m [32m INFO[0m [2mmoq_test_client::scenarios[0m[2m:[0m Sending PUBLISH_NAMESPACE: moq-test/interop
[2m2026-07-22T01:01:24.469930Z[0m [32m INFO[0m [2mmoq_test_client::scenarios[0m[2m:[0m PUBLISH_NAMESPACE active; sending PUBLISH_NAMESPACE_DONE
[2m2026-07-22T01:01:24.570777Z[0m [32m INFO[0m [2mmoq_test_client::scenarios[0m[2m:[0m PUBLISH_NAMESPACE_DONE sent successfully
ok 6 - publish-namespace-done
  ---
  duration_ms: 2963
  connection_id: 2cd8135c4938ad87f3b2ee4bb6067ee9
  ...
make[1]: Leaving directory '/home/runner/work/moq-interop-runner/moq-interop-runner/main'
