make[1]: Entering directory '/home/runner/work/moq-interop-runner/moq-interop-runner/main'
Running tests against https://draft-16-manish.cloudflare.mediaoverquic.com:443/moq...
  Client: ghcr.io/openmoq/moq5-interop-client:latest
docker run --rm \
	 \
	--network host \
	-e RELAY_URL=https://draft-16-manish.cloudflare.mediaoverquic.com:443/moq \
	-e TLS_DISABLE_VERIFY=false \
	ghcr.io/openmoq/moq5-interop-client:latest
TAP version 14
1..6
not ok 1 - setup-only
  ---
  duration_ms: 0
  message: "case did not pass"
  ...
not ok 2 - announce-only
  ---
  duration_ms: 0
  message: "case did not pass"
  ...
not ok 3 - publish-namespace-done
  ---
  duration_ms: 0
  message: "case did not pass"
  ...
not ok 4 - subscribe-error
  ---
  duration_ms: 0
  message: "case did not pass"
  ...
not ok 5 - announce-subscribe
  ---
  duration_ms: 0
  message: "case did not pass"
  ...
not ok 6 - subscribe-before-announce
  ---
  duration_ms: 0
  message: "case did not pass"
  ...
make[1]: *** [Makefile:122: test-external] Error 1
make[1]: Leaving directory '/home/runner/work/moq-interop-runner/moq-interop-runner/main'
