make[1]: Entering directory '/home/runner/work/moq-interop-runner/moq-interop-runner/main'
Running tests against https://us-west-2.relay.quicr.org:33437/relay...
  Client: ghcr.io/openmoq/moqx-interop-client:latest
docker run --rm \
	 \
	--network host \
	-e RELAY_URL=https://us-west-2.relay.quicr.org:33437/relay \
	-e TLS_DISABLE_VERIFY=1 \
	ghcr.io/openmoq/moqx-interop-client:latest
TAP version 14
# moxygen interop test client
# Relay: https://us-west-2.relay.quicr.org:33437/relay
# Transport: WebTransport
1..6
W0722 01:37:47.476589     1 MoQWebTransportClient.cpp:175] WebTransport: No WT-Protocol header in response, will use legacy version negotiation
E0722 01:37:47.497405     1 MoQFramer.cpp:1124] Server selected version draft-1 but we only offer draft-14 in legacy mode
E0722 01:37:47.497422     1 MoQCodec.cpp:126] Conn error=21
E0722 01:37:47.497428     1 MoQSession.cpp:5259] MoQCodec control stream parse error err=21
not ok 1 - setup-only
  ---
  duration_ms: 72
  error: coroutine operation cancelled
  ...
W0722 01:37:47.542080     1 MoQWebTransportClient.cpp:175] WebTransport: No WT-Protocol header in response, will use legacy version negotiation
E0722 01:37:47.562349     1 MoQFramer.cpp:1124] Server selected version draft-1 but we only offer draft-14 in legacy mode
E0722 01:37:47.562364     1 MoQCodec.cpp:126] Conn error=21
E0722 01:37:47.562369     1 MoQSession.cpp:5259] MoQCodec control stream parse error err=21
not ok 2 - announce-only
  ---
  duration_ms: 64
  error: coroutine operation cancelled
  ...
W0722 01:37:47.607505     1 MoQWebTransportClient.cpp:175] WebTransport: No WT-Protocol header in response, will use legacy version negotiation
E0722 01:37:47.628092     1 MoQFramer.cpp:1124] Server selected version draft-1 but we only offer draft-14 in legacy mode
E0722 01:37:47.628112     1 MoQCodec.cpp:126] Conn error=21
E0722 01:37:47.628118     1 MoQSession.cpp:5259] MoQCodec control stream parse error err=21
not ok 3 - subscribe-error
  ---
  duration_ms: 65
  error: coroutine operation cancelled
  ...
W0722 01:37:47.674138     1 MoQWebTransportClient.cpp:175] WebTransport: No WT-Protocol header in response, will use legacy version negotiation
E0722 01:37:47.694451     1 MoQFramer.cpp:1124] Server selected version draft-1 but we only offer draft-14 in legacy mode
E0722 01:37:47.694469     1 MoQCodec.cpp:126] Conn error=21
E0722 01:37:47.694473     1 MoQSession.cpp:5259] MoQCodec control stream parse error err=21
not ok 4 - announce-subscribe
  ---
  duration_ms: 66
  error: coroutine operation cancelled
  ...
W0722 01:37:47.897149     1 MoQWebTransportClient.cpp:175] WebTransport: No WT-Protocol header in response, will use legacy version negotiation
E0722 01:37:47.917764     1 MoQFramer.cpp:1124] Server selected version draft-1 but we only offer draft-14 in legacy mode
E0722 01:37:47.917794     1 MoQCodec.cpp:126] Conn error=21
E0722 01:37:47.917798     1 MoQSession.cpp:5259] MoQCodec control stream parse error err=21
not ok 5 - publish-namespace-done
  ---
  duration_ms: 223
  error: coroutine operation cancelled
  ...
W0722 01:37:47.979503     1 MoQWebTransportClient.cpp:175] WebTransport: No WT-Protocol header in response, will use legacy version negotiation
E0722 01:37:47.999850     1 MoQFramer.cpp:1124] Server selected version draft-1 but we only offer draft-14 in legacy mode
E0722 01:37:47.999868     1 MoQCodec.cpp:126] Conn error=21
E0722 01:37:47.999873     1 MoQSession.cpp:5259] MoQCodec control stream parse error err=21
not ok 6 - subscribe-before-announce
  ---
  duration_ms: 81
  error: coroutine operation cancelled
  ...
make[1]: *** [Makefile:122: test-external] Error 1
make[1]: Leaving directory '/home/runner/work/moq-interop-runner/moq-interop-runner/main'
