make[1]: Entering directory '/home/runner/work/moq-interop-runner/moq-interop-runner/main'
Running tests against https://draft-18-interop.cloudflare.mediaoverquic.com:443/moq...
  Client: ghcr.io/openmoq/moqx-interop-client:latest
docker run --rm \
	 \
	--network host \
	-e RELAY_URL=https://draft-18-interop.cloudflare.mediaoverquic.com:443/moq \
	-e TLS_DISABLE_VERIFY=false \
	ghcr.io/openmoq/moqx-interop-client:latest
TAP version 14
# moxygen interop test client
# Relay: https://draft-18-interop.cloudflare.mediaoverquic.com:443/moq
# Transport: WebTransport
1..6
E0722 01:04:47.353757     1 MoQWebTransportClient.cpp:147] std::runtime_error: Error setting up WebTransport: proxygen::HTTPException: Got error=ApplicationError: No Error, Client closed by peer reason=
not ok 1 - setup-only
  ---
  duration_ms: 67
  error: Error setting up WebTransport: proxygen::HTTPException: Got error=ApplicationError: No Error, Client closed by peer reason=
  ...
E20260722 01:04:47.354008     1 HQSession.cpp:1848] Got error=Stream does not exist streamID=10 bufLen=1 readEOF=0
E0722 01:04:47.404630     1 MoQWebTransportClient.cpp:147] std::runtime_error: Error setting up WebTransport: proxygen::HTTPException: Got error=ApplicationError: No Error, Client closed by peer reason=
E20260722 01:04:47.405018     1 HQSession.cpp:1848] Got error=Stream does not exist streamID=10 bufLen=1 readEOF=0
not ok 2 - announce-only
  ---
  duration_ms: 50
  error: Error setting up WebTransport: proxygen::HTTPException: Got error=ApplicationError: No Error, Client closed by peer reason=
  ...
E0722 01:04:47.443802     1 MoQWebTransportClient.cpp:147] std::runtime_error: Error setting up WebTransport: proxygen::HTTPException: Got error=ApplicationError: No Error, Client closed by peer reason=
not ok 3 - subscribe-error
  ---
  duration_ms: 39
  error: Error setting up WebTransport: proxygen::HTTPException: Got error=ApplicationError: No Error, Client closed by peer reason=
  ...
E0722 01:04:47.483218     1 MoQWebTransportClient.cpp:147] std::runtime_error: Error setting up WebTransport: proxygen::HTTPException: Got error=ApplicationError: No Error, Client closed by peer reason=
not ok 4 - announce-subscribe
  ---
  duration_ms: 39
  error: Error setting up WebTransport: proxygen::HTTPException: Got error=ApplicationError: No Error, Client closed by peer reason=
  ...
E0722 01:04:47.523073     1 MoQWebTransportClient.cpp:147] std::runtime_error: Error setting up WebTransport: proxygen::HTTPException: Got error=ApplicationError: No Error, Client closed by peer reason=
not ok 5 - publish-namespace-done
  ---
  duration_ms: 39
  error: Error setting up WebTransport: proxygen::HTTPException: Got error=ApplicationError: No Error, Client closed by peer reason=
  ...
E0722 01:04:47.576833     1 MoQWebTransportClient.cpp:147] std::runtime_error: Error setting up WebTransport: proxygen::HTTPException: Got error=ApplicationError: No Error, Client closed by peer reason=
E20260722 01:04:47.577190     1 HQSession.cpp:1848] Got error=Stream does not exist streamID=10 bufLen=1 readEOF=0
not ok 6 - subscribe-before-announce
  ---
  duration_ms: 53
  error: Error setting up WebTransport: proxygen::HTTPException: Got error=ApplicationError: No Error, Client closed by peer reason=
  ...
make[1]: *** [Makefile:122: test-external] Error 1
make[1]: Leaving directory '/home/runner/work/moq-interop-runner/moq-interop-runner/main'
