make[1]: Entering directory '/home/runner/work/moq-interop-runner/moq-interop-runner/main'
Running tests against https://draft-16-manish.cloudflare.mediaoverquic.com:443/moq...
  Client: ghcr.io/facebookexperimental/moxygen-interop-client:latest-amd64
docker run --rm \
	 \
	--network host \
	-e RELAY_URL=https://draft-16-manish.cloudflare.mediaoverquic.com:443/moq \
	-e TLS_DISABLE_VERIFY=false \
	ghcr.io/facebookexperimental/moxygen-interop-client:latest-amd64
TAP version 14
# moxygen interop test client
# Relay: https://draft-16-manish.cloudflare.mediaoverquic.com:443/moq
# Transport: WebTransport
1..6
E20260722 01:40:18.264240     1 HQSession.cpp:579] Connection closed with error err=Crypto error: certificate_expired msg=fizz::FizzVerificationException: certificate verification failed: certificate has expired proto=, client CID=, server CID=c5906294567aa241, local=<uninitialized address>, 34.68.101.111:443=upstream, drain=none
E0722 01:40:18.265141     1 MoQWebTransportClient.cpp:95] std::runtime_error: Crypto error: certificate_expired
not ok 1 - setup-only
  ---
  duration_ms: 76
  error: Crypto error: certificate_expired
  ...
E20260722 01:40:18.319644     1 HQSession.cpp:579] Connection closed with error err=Crypto error: certificate_expired msg=fizz::FizzVerificationException: certificate verification failed: certificate has expired proto=, client CID=, server CID=1f49f926a3726b49, local=<uninitialized address>, 34.68.101.111:443=upstream, drain=none
not ok 2 - announce-only
  ---
  duration_ms: 54
  error: Crypto error: certificate_expired
  ...
E0722 01:40:18.319773     1 MoQWebTransportClient.cpp:95] std::runtime_error: Crypto error: certificate_expired
E20260722 01:40:18.385036     1 HQSession.cpp:579] Connection closed with error err=Crypto error: certificate_expired msg=fizz::FizzVerificationException: certificate verification failed: certificate has expired proto=, client CID=, server CID=77f2a6ace54eba07, local=<uninitialized address>, 34.68.101.111:443=upstream, drain=none
E0722 01:40:18.385156     1 MoQWebTransportClient.cpp:95] std::runtime_error: Crypto error: certificate_expired
not ok 3 - subscribe-error
  ---
  duration_ms: 65
  error: Crypto error: certificate_expired
  ...
E20260722 01:40:18.441691     1 HQSession.cpp:579] Connection closed with error err=Crypto error: certificate_expired msg=fizz::FizzVerificationException: certificate verification failed: certificate has expired proto=, client CID=, server CID=3f418721408d2abb, local=<uninitialized address>, 34.68.101.111:443=upstream, drain=none
E0722 01:40:18.441790     1 MoQWebTransportClient.cpp:95] std::runtime_error: Crypto error: certificate_expired
not ok 4 - announce-subscribe
  ---
  duration_ms: 56
  error: Crypto error: certificate_expired
  ...
E20260722 01:40:18.496703     1 HQSession.cpp:579] Connection closed with error err=Crypto error: certificate_expired msg=fizz::FizzVerificationException: certificate verification failed: certificate has expired proto=, client CID=, server CID=d3c5cbaddf77bf23, local=<uninitialized address>, 34.68.101.111:443=upstream, drain=none
E0722 01:40:18.496815     1 MoQWebTransportClient.cpp:95] std::runtime_error: Crypto error: certificate_expired
not ok 5 - publish-namespace-done
  ---
  duration_ms: 54
  error: Crypto error: certificate_expired
  ...
E20260722 01:40:18.553445     1 HQSession.cpp:579] Connection closed with error err=Crypto error: certificate_expired msg=fizz::FizzVerificationException: certificate verification failed: certificate has expired proto=, client CID=, server CID=5cfd27469841f38c, local=<uninitialized address>, 34.68.101.111:443=upstream, drain=none
E0722 01:40:18.553574     1 MoQWebTransportClient.cpp:95] std::runtime_error: Crypto error: certificate_expired
not ok 6 - subscribe-before-announce
  ---
  duration_ms: 56
  error: Crypto error: certificate_expired
  ...
make[1]: *** [Makefile:122: test-external] Error 1
make[1]: Leaving directory '/home/runner/work/moq-interop-runner/moq-interop-runner/main'
