make[1]: Entering directory '/home/runner/work/moq-interop-runner/moq-interop-runner/main'
Running tests against https://fb.mvfst.net:9448/moq-relay...
  Client: ghcr.io/facebookexperimental/moxygen-interop-client:latest-amd64
docker run --rm \
	 \
	--network host \
	-e RELAY_URL=https://fb.mvfst.net:9448/moq-relay \
	-e TLS_DISABLE_VERIFY=1 \
	ghcr.io/facebookexperimental/moxygen-interop-client:latest-amd64
TAP version 14
# moxygen interop test client
# Relay: https://fb.mvfst.net:9448/moq-relay
# Transport: WebTransport
1..6
ok 1 - setup-only
  ---
  duration_ms: 247
  info: SETUP exchange completed successfully
  ...
E0722 01:08:38.832289     1 MoQRelaySession.cpp:1116] PublishNamespaceDone for unknown publishNamespace, sess=0x560b71d30f40
ok 2 - announce-only
  ---
  duration_ms: 289
  info: PUBLISH_NAMESPACE completed successfully
  ...
ok 3 - subscribe-error
  ---
  duration_ms: 316
  info: Subscribe correctly returned error: no such namespace or track
  ...
E0722 01:08:39.832262     1 MoQSession.cpp:5739] publishDone for invalid id=1 sess=0x560b71d24160
ok 4 - announce-subscribe
  ---
  duration_ms: 683
  info: Publisher announced, subscriber subscribed successfully
  ...
ok 5 - publish-namespace-done
  ---
  duration_ms: 310
  info: PUBLISH_NAMESPACE_OK received, PUBLISH_NAMESPACE_DONE sent
  ...
ok 6 - subscribe-before-announce
  ---
  duration_ms: 1041
  info: Subscribe returned error (relay doesn't buffer pending subscriptions): no such namespace or track
  ...
make[1]: Leaving directory '/home/runner/work/moq-interop-runner/moq-interop-runner/main'
