make[1]: Entering directory '/home/runner/work/moq-interop-runner/moq-interop-runner/main'
Running tests against https://lminiero.it:9000...
  Client: ghcr.io/facebookexperimental/moxygen-interop-client:latest-amd64
docker run --rm \
	 \
	--network host \
	-e RELAY_URL=https://lminiero.it:9000 \
	-e TLS_DISABLE_VERIFY=false \
	ghcr.io/facebookexperimental/moxygen-interop-client:latest-amd64
TAP version 14
# moxygen interop test client
# Relay: https://lminiero.it:9000
# Transport: WebTransport
1..6
E0722 01:06:43.375918     1 MoQWebTransportClient.cpp:147] std::runtime_error: Error setting up WebTransport: proxygen::HTTPException: ingress timeout, streamID=0, timeout=2000ms
not ok 1 - setup-only
  ---
  duration_ms: 2478
  error: Error setting up WebTransport: proxygen::HTTPException: ingress timeout, streamID=0, timeout=2000ms
  ...
E0722 01:06:46.808835     1 MoQWebTransportClient.cpp:147] std::runtime_error: Error setting up WebTransport: proxygen::HTTPException: ingress timeout, streamID=0, timeout=2000ms
not ok 2 - announce-only
  ---
  duration_ms: 3432
  error: Error setting up WebTransport: proxygen::HTTPException: ingress timeout, streamID=0, timeout=2000ms
  ...
E0722 01:06:49.651805     1 MoQWebTransportClient.cpp:147] std::runtime_error: Error setting up WebTransport: proxygen::HTTPException: ingress timeout, streamID=0, timeout=2000ms
not ok 3 - subscribe-error
  ---
  duration_ms: 2842
  error: Error setting up WebTransport: proxygen::HTTPException: ingress timeout, streamID=0, timeout=2000ms
  ...
E0722 01:06:52.260267     1 MoQWebTransportClient.cpp:147] std::runtime_error: Error setting up WebTransport: proxygen::HTTPException: ingress timeout, streamID=0, timeout=2000ms
not ok 4 - announce-subscribe
  ---
  duration_ms: 2608
  error: Error setting up WebTransport: proxygen::HTTPException: ingress timeout, streamID=0, timeout=2000ms
  ...
E0722 01:06:54.707465     1 MoQWebTransportClient.cpp:147] std::runtime_error: Error setting up WebTransport: proxygen::HTTPException: ingress timeout, streamID=0, timeout=2000ms
not ok 5 - publish-namespace-done
  ---
  duration_ms: 2447
  error: Error setting up WebTransport: proxygen::HTTPException: ingress timeout, streamID=0, timeout=2000ms
  ...
E0722 01:06:56.995766     1 MoQWebTransportClient.cpp:147] std::runtime_error: Error setting up WebTransport: proxygen::HTTPException: ingress timeout, streamID=0, timeout=2000ms
not ok 6 - subscribe-before-announce
  ---
  duration_ms: 2288
  error: Error setting up WebTransport: proxygen::HTTPException: ingress timeout, streamID=0, timeout=2000ms
  ...
E20260722 01:06:57.998256     1 EventHandler.cpp:90] EventBase: failed to register event handler for fd 10: No such file or directory
E20260722 01:06:57.999467     1 EventHandler.cpp:90] EventBase: failed to register event handler for fd 11: No such file or directory
E20260722 01:06:57.999557     1 EventHandler.cpp:90] EventBase: failed to register event handler for fd 12: No such file or directory
E20260722 01:06:57.999666     1 EventHandler.cpp:90] EventBase: failed to register event handler for fd 13: No such file or directory
E20260722 01:06:57.999758     1 EventHandler.cpp:90] EventBase: failed to register event handler for fd 9: No such file or directory
E20260722 01:06:57.999845     1 EventHandler.cpp:90] EventBase: failed to register event handler for fd 14: No such file or directory
make[1]: *** [Makefile:122: test-external] Error 1
make[1]: Leaving directory '/home/runner/work/moq-interop-runner/moq-interop-runner/main'
