make[1]: Entering directory '/home/runner/work/moq-interop-runner/moq-interop-runner/main'
Running tests against https://draft-14.cloudflare.mediaoverquic.com:443/moq...
  Client: ghcr.io/englishm/moq-interop-runner-moq-test-client:latest
docker run --rm \
	--network host \
	-e RELAY_URL=https://draft-14.cloudflare.mediaoverquic.com:443/moq \
	-e TLS_DISABLE_VERIFY=false \
	ghcr.io/englishm/moq-interop-runner-moq-test-client:latest
TAP version 14
# moq-test-client v0.1.0
# Relay: https://draft-14.cloudflare.mediaoverquic.com/moq
1..6
ok 1 - setup-only
  ---
  duration_ms: 24
  connection_id: f315ab2cd9cce443cb8d58cda7ebab7a
  ...
ok 2 - announce-only
  ---
  duration_ms: 2012
  connection_id: cced3139783e56bbfe9dfab5a9d41106
  ...
ok 3 - subscribe-error
  ---
  duration_ms: 72
  connection_id: ee4d94ba7857368bc3d0928db8e2d2e5
  ...
ok 4 - announce-subscribe
  ---
  duration_ms: 3020
  publisher_connection_id: 83f4b513e987193421790d31d613e75a
  subscriber_connection_id: 231035deccdbd2748d9982066ca218cb
  ...
ok 5 - subscribe-before-announce
  ---
  duration_ms: 3525
  subscriber_connection_id: faffdb16a4631055e6264edee9c3c06e
  publisher_connection_id: 565b7c25c30bfab9ade16fc890a36966
  ...
ok 6 - publish-namespace-done
  ---
  duration_ms: 2123
  connection_id: fd847f75bf822b7aa6a6998632e1734a
  ...
make[1]: Leaving directory '/home/runner/work/moq-interop-runner/moq-interop-runner/main'
