make[1]: Entering directory '/home/runner/work/moq-interop-runner/moq-interop-runner/main'
Running tests against moqt://draft-16-manish.cloudflare.mediaoverquic.com:443...
  Client: ghcr.io/englishm/moq-interop-runner-moq-test-client-draft-16:latest
docker run --rm \
	--network host \
	-e RELAY_URL=moqt://draft-16-manish.cloudflare.mediaoverquic.com:443 \
	-e TLS_DISABLE_VERIFY=false \
	ghcr.io/englishm/moq-interop-runner-moq-test-client-draft-16:latest
TAP version 14
# moq-test-client v0.1.0
# Relay: moqt://draft-16-manish.cloudflare.mediaoverquic.com:443
1..6
ok 1 - setup-only
  ---
  duration_ms: 316
  connection_id: ff34832a53fc12229e5a1dd6677e2b9e
  ...
ok 2 - announce-only
  ---
  duration_ms: 2139
  connection_id: 9b85f25834b03e60e33c35e3697d55a8
  ...
ok 3 - subscribe-error
  ---
  duration_ms: 182
  connection_id: 0c98418b44929a766d54aea0c9a296fd
  ...
ok 4 - announce-subscribe
  ---
  duration_ms: 297
  publisher_connection_id: fdb0468686ce86664eb7ed7f82a683a2
  subscriber_connection_id: ad5dd68441d87df1f04e9b855a522558
  ...
ok 5 - subscribe-before-announce
  ---
  duration_ms: 3827
  subscriber_connection_id: 0639185e9996c9aaa5d5a11d31aa8115
  publisher_connection_id: e0d5c27f1d45b220c9023bbb322115ec
  ...
ok 6 - publish-namespace-done
  ---
  duration_ms: 2242
  connection_id: ff388504f41e50d80a430a05fcfe84eb
  ...
make[1]: Leaving directory '/home/runner/work/moq-interop-runner/moq-interop-runner/main'
