make[1]: Entering directory '/home/runner/work/moq-interop-runner/moq-interop-runner/main'
Running tests against https://us-west-2.relay.quicr.org:33437/relay...
  Client: ghcr.io/englishm/moq-interop-runner-moq-test-client:latest
docker run --rm \
	--network host \
	-e RELAY_URL=https://us-west-2.relay.quicr.org:33437/relay \
	-e TLS_DISABLE_VERIFY=1 \
	ghcr.io/englishm/moq-interop-runner-moq-test-client:latest
TAP version 14
# moq-test-client v0.1.0
# Relay: https://us-west-2.relay.quicr.org:33437/relay
1..6
ok 1 - setup-only
  ---
  duration_ms: 92
  connection_id: 74cb3a4fb4edccef9f617f5ff3cbff93
  ...
ok 2 - announce-only
  ---
  duration_ms: 2110
  connection_id: 292297513e6b88a6425a1cdd81823c56
  ...
not ok 3 - subscribe-error
  ---
  duration_ms: 10001
  message: "test timed out: deadline has elapsed"
  ...
ok 4 - announce-subscribe
  ---
  duration_ms: 3146
  publisher_connection_id: 29fb21fcebe211bdbfe69d9e87d8b850
  subscriber_connection_id: 493028053e156c65e43226beb43232c8
  ...
ok 5 - subscribe-before-announce
  ---
  duration_ms: 4668
  subscriber_connection_id: 9109837a9ba248cbc17ad0b98888c9f0
  publisher_connection_id: aaac12ed10fa65651d6ac60075dfd3a6
  ...
ok 6 - publish-namespace-done
  ---
  duration_ms: 2169
  connection_id: 2b4a9598065887cf9b8d8101ed2b3741
  ...
make[1]: *** [Makefile:91: test-external] Error 1
make[1]: Leaving directory '/home/runner/work/moq-interop-runner/moq-interop-runner/main'
