make[1]: Entering directory '/home/runner/work/moq-interop-runner/moq-interop-runner/main'
Running tests against moqt://fb.mvfst.net:9448...
  Client: ghcr.io/englishm/moq-interop-runner-moq-test-client-draft-16:latest
docker run --rm \
	--network host \
	-e RELAY_URL=moqt://fb.mvfst.net:9448 \
	-e TLS_DISABLE_VERIFY=1 \
	ghcr.io/englishm/moq-interop-runner-moq-test-client-draft-16:latest
TAP version 14
# moq-test-client v0.1.0
# Relay: moqt://fb.mvfst.net:9448
1..6
ok 1 - setup-only
  ---
  duration_ms: 147
  connection_id: b825497fc73432f1123dbaceb73b1013
  ...
ok 2 - announce-only
  ---
  duration_ms: 2128
  connection_id: 60cfa40d4f0b79af56e1287bd64f6944
  ...
ok 3 - subscribe-error
  ---
  duration_ms: 183
  connection_id: 8143472256aa0033586c5c14b8279701
  ...
ok 4 - announce-subscribe
  ---
  duration_ms: 324
  publisher_connection_id: c065c11a3eed8a5259ba4bbbfb318392
  subscriber_connection_id: 51633dc9a611ae691af27e51ba6c5f18
  ...
ok 5 - subscribe-before-announce
  ---
  duration_ms: 3778
  subscriber_connection_id: 71999f295ab409cfd82a8c05a2ec5f8d
  publisher_connection_id: 7313d4578b510533542917343f1624f0
  ...
ok 6 - publish-namespace-done
  ---
  duration_ms: 2228
  connection_id: 6610f46bb30c02fff826f4f4a38b6a69
  ...
make[1]: Leaving directory '/home/runner/work/moq-interop-runner/moq-interop-runner/main'
