make[1]: Entering directory '/home/runner/work/moq-interop-runner/moq-interop-runner/main'
Running tests against moqt://fb.mvfst.net:9448...
  Client: ghcr.io/englishm/moq-interop-runner-moq-test-client:latest
docker run --rm \
	--network host \
	-e RELAY_URL=moqt://fb.mvfst.net:9448 \
	-e TLS_DISABLE_VERIFY=1 \
	ghcr.io/englishm/moq-interop-runner-moq-test-client:latest
TAP version 14
# moq-test-client v0.1.0
# Relay: moqt://fb.mvfst.net:9448
1..6
ok 1 - setup-only
  ---
  duration_ms: 126
  connection_id: 0001ff274038bec7a4838447dafb07d4
  ...
ok 2 - announce-only
  ---
  duration_ms: 2148
  connection_id: 7a9915e84857fb34b850b834275d98ae
  ...
ok 3 - subscribe-error
  ---
  duration_ms: 185
  connection_id: 68755a70164a383c59f89c0e1b2751c7
  ...
ok 4 - announce-subscribe
  ---
  duration_ms: 334
  publisher_connection_id: 4633377f35d473589a18698f50dab41f
  subscriber_connection_id: 04373b94e0345de7bbf058ed93f8832c
  ...
ok 5 - subscribe-before-announce
  ---
  duration_ms: 3769
  subscriber_connection_id: a6a938a4316ed79405a663e18adfba2d
  publisher_connection_id: e55c1bcf0ddf09087afeb72a03cbd8e9
  ...
ok 6 - publish-namespace-done
  ---
  duration_ms: 2250
  connection_id: b0ff6fe54ed510bae152a5d127ed90f5
  ...
make[1]: Leaving directory '/home/runner/work/moq-interop-runner/moq-interop-runner/main'
