make[1]: Entering directory '/home/runner/work/moq-interop-runner/moq-interop-runner/main'
Running tests against moqt://us-west-2.relay.quicr.org:33437...
  Client: ghcr.io/englishm/moq-interop-runner-moq-test-client:latest
docker run --rm \
	--network host \
	-e RELAY_URL=moqt://us-west-2.relay.quicr.org:33437 \
	-e TLS_DISABLE_VERIFY=1 \
	ghcr.io/englishm/moq-interop-runner-moq-test-client:latest
TAP version 14
# moq-test-client v0.1.0
# Relay: moqt://us-west-2.relay.quicr.org:33437
1..6
ok 1 - setup-only
  ---
  duration_ms: 60
  connection_id: 0a384b05f39593b9b9e0ffa7576208f3
  ...
ok 2 - announce-only
  ---
  duration_ms: 2046
  connection_id: 007dffee9eb6839150cf0ba448ddfa65
  ...
not ok 3 - subscribe-error
  ---
  duration_ms: 10001
  message: "test timed out: deadline has elapsed"
  ...
ok 4 - announce-subscribe
  ---
  duration_ms: 3096
  publisher_connection_id: 31ac87f82daeaf9e5734e97bf8bf15d0
  subscriber_connection_id: 27b8903d68f52513b91aeadba93bc9ce
  ...
ok 5 - subscribe-before-announce
  ---
  duration_ms: 4606
  subscriber_connection_id: e5b612619152adf5c8772f19c36e1f80
  publisher_connection_id: b5310b4929c14adead0d2333b9be7fb1
  ...
ok 6 - publish-namespace-done
  ---
  duration_ms: 2149
  connection_id: d049744a8c4886be58a62db8e6383f09
  ...
make[1]: *** [Makefile:91: test-external] Error 1
make[1]: Leaving directory '/home/runner/work/moq-interop-runner/moq-interop-runner/main'
