make[1]: Entering directory '/home/runner/work/moq-interop-runner/moq-interop-runner/main'
Running tests against https://fb.mvfst.net:9448/moq-relay...
  Client: ghcr.io/englishm/moq-interop-runner-moq-test-client:latest
docker run --rm \
	--network host \
	-e RELAY_URL=https://fb.mvfst.net:9448/moq-relay \
	-e TLS_DISABLE_VERIFY=1 \
	ghcr.io/englishm/moq-interop-runner-moq-test-client:latest
TAP version 14
# moq-test-client v0.1.0
# Relay: https://fb.mvfst.net:9448/moq-relay
1..6
ok 1 - setup-only
  ---
  duration_ms: 539
  connection_id: 13f8bc4af715dd07c85b90f33376ff08
  ...
ok 2 - announce-only
  ---
  duration_ms: 2195
  connection_id: 2eb6f4d9079ef1a46f4570d6260cd76e
  ...
ok 3 - subscribe-error
  ---
  duration_ms: 248
  connection_id: 52446fe32cb9737647844edef8f66039
  ...
ok 4 - announce-subscribe
  ---
  duration_ms: 449
  publisher_connection_id: f18394ca4c85579b95c48888a28b1bf5
  subscriber_connection_id: 4ff25c31efaabfeb567de0431b4da4fb
  ...
ok 5 - subscribe-before-announce
  ---
  duration_ms: 4034
  subscriber_connection_id: 3d0ee2c38cb035730151d90dab3da0da
  publisher_connection_id: 3df7800cdde285498db91ef564232d4e
  ...
ok 6 - publish-namespace-done
  ---
  duration_ms: 2296
  connection_id: f15a75844c089788bf3d508de4d2b836
  ...
make[1]: Leaving directory '/home/runner/work/moq-interop-runner/moq-interop-runner/main'
