make[1]: Entering directory '/home/runner/work/moq-interop-runner/moq-interop-runner/main'
Running tests against https://relay.moqtail.dev...
  Client: ghcr.io/englishm/moq-interop-runner-moq-test-client:latest
docker run --rm \
	--network host \
	-e RELAY_URL=https://relay.moqtail.dev \
	-e TLS_DISABLE_VERIFY=false \
	ghcr.io/englishm/moq-interop-runner-moq-test-client:latest
TAP version 14
# moq-test-client v0.1.0
# Relay: https://relay.moqtail.dev/
1..6
ok 1 - setup-only
  ---
  duration_ms: 282
  connection_id: c657bcf3bd74018eaa792c1ef7575727
  ...
ok 2 - announce-only
  ---
  duration_ms: 2307
  connection_id: 2b84fbd9398b9a64ee26232dbe17965c
  ...
ok 3 - subscribe-error
  ---
  duration_ms: 282
  connection_id: 1ee62c42daf2a98accf2a0dd6945ec6f
  ...
ok 4 - announce-subscribe
  ---
  duration_ms: 3554
  publisher_connection_id: 9298c5a4e45c98eb2842108f54abacfc
  subscriber_connection_id: 8cb4e23f1501ae3edfc0da8ff5cb9af9
  ...
ok 5 - subscribe-before-announce
  ---
  duration_ms: 4001
  subscriber_connection_id: eee3848d1c80d4649747b92148f64729
  publisher_connection_id: 402ffda3c682d650653c238a98696f04
  ...
ok 6 - publish-namespace-done
  ---
  duration_ms: 2402
  connection_id: ecf5108dff90326031c9eeab9b80f721
  ...
make[1]: Leaving directory '/home/runner/work/moq-interop-runner/moq-interop-runner/main'
