make[1]: Entering directory '/home/runner/work/moq-interop-runner/moq-interop-runner/main'
Running tests against moqt://moqx-000.ci.openmoq.org:4433...
  Client: ghcr.io/englishm/moq-interop-runner-moq-test-client-draft-16:latest
docker run --rm \
	--network host \
	-e RELAY_URL=moqt://moqx-000.ci.openmoq.org:4433 \
	-e TLS_DISABLE_VERIFY=false \
	ghcr.io/englishm/moq-interop-runner-moq-test-client-draft-16:latest
TAP version 14
# moq-test-client v0.1.0
# Relay: moqt://moqx-000.ci.openmoq.org:4433
1..6
ok 1 - setup-only
  ---
  duration_ms: 139
  connection_id: 4d9dee067cb0f0b98fe38bff725bed53
  ...
ok 2 - announce-only
  ---
  duration_ms: 2099
  connection_id: f94ab36ae090a1c1058537c4c2a568ba
  ...
ok 3 - subscribe-error
  ---
  duration_ms: 147
  connection_id: 85e5cc1b32a79f921dc008c52ca9b56e
  ...
ok 4 - announce-subscribe
  ---
  duration_ms: 279
  publisher_connection_id: 03bec0a572220d1996eb79f3756753d6
  subscriber_connection_id: 539578ba3f9f7dd686c5fc87b52ce5cb
  ...
ok 5 - subscribe-before-announce
  ---
  duration_ms: 3725
  subscriber_connection_id: 8d9e6db8cfb1dbba4f83f5907f722e57
  publisher_connection_id: dfda130d0273bb5abcbadf6bcb6afd03
  ...
ok 6 - publish-namespace-done
  ---
  duration_ms: 2208
  connection_id: 8d3ca051282fc9b0cc73845b49e4cfce
  ...
make[1]: Leaving directory '/home/runner/work/moq-interop-runner/moq-interop-runner/main'
