make[1]: Entering directory '/home/runner/work/moq-interop-runner/moq-interop-runner/main'
Running tests against moqt://lminiero.it:9000...
  Client: ghcr.io/englishm/moq-interop-runner-moq-test-client-draft-16:latest
docker run --rm \
	--network host \
	-e RELAY_URL=moqt://lminiero.it:9000 \
	-e TLS_DISABLE_VERIFY=false \
	ghcr.io/englishm/moq-interop-runner-moq-test-client-draft-16:latest
TAP version 14
# moq-test-client v0.1.0
# Relay: moqt://lminiero.it:9000
1..6
ok 1 - setup-only
  ---
  duration_ms: 499
  connection_id: be2ad09c1c39b5008660f218bc466713
  ...
ok 2 - announce-only
  ---
  duration_ms: 2839
  connection_id: 5359349b4682967af38f006a5527702e
  ...
ok 3 - subscribe-error
  ---
  duration_ms: 815
  connection_id: 24541a437ff219b9036c8b453c8ab5cd
  ...
ok 4 - announce-subscribe
  ---
  duration_ms: 4202
  publisher_connection_id: c6fe5e33afed36c7b9ea23116ecf09db
  subscriber_connection_id: 96c0d10a36ab8848f6c53924e677eade
  ...
ok 5 - subscribe-before-announce
  ---
  duration_ms: 4853
  subscriber_connection_id: 59e4f772c5b37ba8affc3caea53cb7ee
  publisher_connection_id: 2da997fcac11b08a8fb58a613b644a02
  ...
ok 6 - publish-namespace-done
  ---
  duration_ms: 2598
  connection_id: 29a3fd22cd9de87ef2c8bfa4c7dd9c75
  ...
make[1]: Leaving directory '/home/runner/work/moq-interop-runner/moq-interop-runner/main'
