make[1]: Entering directory '/home/runner/work/moq-interop-runner/moq-interop-runner/main'
Running tests against moqt://fb.mvfst.net:9448...
  Client: ghcr.io/englishm/moq-interop-runner-moq-test-client-draft-16:latest
docker run --rm \
	--network host \
	-e RELAY_URL=moqt://fb.mvfst.net:9448 \
	-e TLS_DISABLE_VERIFY=1 \
	ghcr.io/englishm/moq-interop-runner-moq-test-client-draft-16:latest
TAP version 14
# moq-test-client v0.1.0
# Relay: moqt://fb.mvfst.net:9448
1..6
ok 1 - setup-only
  ---
  duration_ms: 129
  connection_id: 308563eade3ec596e9e09ec8edc12706
  ...
ok 2 - announce-only
  ---
  duration_ms: 2127
  connection_id: d5e8b57abe7aa4c6e1eaa057341f92e3
  ...
ok 3 - subscribe-error
  ---
  duration_ms: 177
  connection_id: 7aceb0703ca2fbbdc92faa28a5594510
  ...
ok 4 - announce-subscribe
  ---
  duration_ms: 406
  publisher_connection_id: bd83ae1573eced91d3b1b84e26862720
  subscriber_connection_id: 9875726b1950399f34b50a677cee9bcc
  ...
ok 5 - subscribe-before-announce
  ---
  duration_ms: 3795
  subscriber_connection_id: afe0c2fbd6ec9d57f1246ec902610483
  publisher_connection_id: 504671b10821616cfd53624e61b499e3
  ...
ok 6 - publish-namespace-done
  ---
  duration_ms: 2251
  connection_id: 9f1ed1861631857c8daccfaa3450a655
  ...
make[1]: Leaving directory '/home/runner/work/moq-interop-runner/moq-interop-runner/main'
