make[1]: Entering directory '/home/runner/work/moq-interop-runner/moq-interop-runner/main'
Running tests against moqt://moqx-000.ci.openmoq.org:4433...
  Client: ghcr.io/englishm/moq-interop-runner-moq-test-client:latest
docker run --rm \
	--network host \
	-e RELAY_URL=moqt://moqx-000.ci.openmoq.org:4433 \
	-e TLS_DISABLE_VERIFY=false \
	ghcr.io/englishm/moq-interop-runner-moq-test-client:latest
TAP version 14
# moq-test-client v0.1.0
# Relay: moqt://moqx-000.ci.openmoq.org:4433
1..6
ok 1 - setup-only
  ---
  duration_ms: 109
  connection_id: 83b2af6d9ad528ebdb7c8437dd553ce6
  ...
ok 2 - announce-only
  ---
  duration_ms: 2107
  connection_id: 62e03709ca8d1f13c1df114344e6eff1
  ...
ok 3 - subscribe-error
  ---
  duration_ms: 189
  connection_id: 8510e5530212b37166300f6857f939e1
  ...
ok 4 - announce-subscribe
  ---
  duration_ms: 3246
  publisher_connection_id: 21ba032fa57d8af5abe2d766acceeb02
  subscriber_connection_id: d15292791b575a54af811871a643c88a
  ...
ok 5 - subscribe-before-announce
  ---
  duration_ms: 3703
  subscriber_connection_id: 223f5f9abd02406b1a3232a68b369a0f
  publisher_connection_id: 3b1586bed4acb5426b0931d3f315513f
  ...
ok 6 - publish-namespace-done
  ---
  duration_ms: 2211
  connection_id: 0596a4235ded2d74a201561e171ba15b
  ...
make[1]: Leaving directory '/home/runner/work/moq-interop-runner/moq-interop-runner/main'
