make[1]: Entering directory '/home/runner/work/moq-interop-runner/moq-interop-runner/main'
Running tests against moqt://lminiero.it:9000...
  Client: ghcr.io/englishm/moq-interop-runner-moq-test-client-draft-16:latest
docker run --rm \
	 \
	--network host \
	-e RELAY_URL=moqt://lminiero.it:9000 \
	-e TLS_DISABLE_VERIFY=false \
	ghcr.io/englishm/moq-interop-runner-moq-test-client-draft-16:latest
TAP version 14
# moq-test-client v0.1.0
# Relay: moqt://lminiero.it:9000
1..6
not ok 1 - setup-only
  ---
  duration_ms: 10001
  message: "test timed out: deadline has elapsed"
  ...
ok 2 - announce-only
  ---
  duration_ms: 2568
  connection_id: 304e55960e90f878349aa0baaf6f51a2
  ...
ok 3 - subscribe-error
  ---
  duration_ms: 763
  connection_id: da9d37456258048af5fc113fca81c799
  ...
ok 4 - announce-subscribe
  ---
  duration_ms: 4098
  publisher_connection_id: 7bbcd35f903935b08b0da04cac14fd89
  subscriber_connection_id: 9170b1459e747dab7ec26d4cd68098aa
  ...
ok 5 - subscribe-before-announce
  ---
  duration_ms: 5414
  subscriber_connection_id: e055791aa724a8992c946bdf6b4c44b5
  publisher_connection_id: 76ab6c11df312be1ece65eaf272591cc
  ...
ok 6 - publish-namespace-done
  ---
  duration_ms: 2446
  connection_id: b4a6251d5eeb9403098a1920173a1212
  ...
make[1]: *** [Makefile:121: test-external] Error 1
make[1]: Leaving directory '/home/runner/work/moq-interop-runner/moq-interop-runner/main'
