make[1]: Entering directory '/home/runner/work/moq-interop-runner/moq-interop-runner/main'
Running tests against https://moqx-main.ci.openmoq.org:4433/moq-relay...
  Client: ghcr.io/englishm/moq-interop-runner-moq-test-client-draft-16:latest
docker run --rm \
	 \
	--network host \
	-e RELAY_URL=https://moqx-main.ci.openmoq.org:4433/moq-relay \
	-e TLS_DISABLE_VERIFY=false \
	ghcr.io/englishm/moq-interop-runner-moq-test-client-draft-16:latest
TAP version 14
# moq-test-client v0.1.0
# Relay: https://moqx-main.ci.openmoq.org:4433/moq-relay
1..6
ok 1 - setup-only
  ---
  duration_ms: 123
  connection_id: 6a3baeed01c7a97ff1dcba7806eea60b
  ...
ok 2 - announce-only
  ---
  duration_ms: 2274
  connection_id: 20a07ed2c352f4fbbd5d0c511b18ef12
  ...
ok 3 - subscribe-error
  ---
  duration_ms: 407
  connection_id: d4b1959f60cdad2fd6ce9cc09a18cc53
  ...
not ok 4 - announce-subscribe
  ---
  duration_ms: 400
  message: "publisher session error: webtransport error: read error: RESET_STREAM: 386759528: read error: RESET_STREAM: 386759528"
  ...
ok 5 - subscribe-before-announce
  ---
  duration_ms: 3914
  subscriber_connection_id: 74d83d67a3d151f6646cc8f881855bad
  publisher_connection_id: d27da14385ec09ab4229307ac8de4cee
  ...
ok 6 - publish-namespace-done
  ---
  duration_ms: 2366
  connection_id: 093d1684d1fa2e2988236b0cbb4aac11
  ...
make[1]: *** [Makefile:121: test-external] Error 1
make[1]: Leaving directory '/home/runner/work/moq-interop-runner/moq-interop-runner/main'
