make[1]: Entering directory '/home/runner/work/moq-interop-runner/moq-interop-runner/main'
Running tests against https://moqx-main.ci.openmoq.org:4433/moq-relay...
  Client: ghcr.io/englishm/moq-interop-runner-moq-test-client:latest
docker run --rm \
	 \
	--network host \
	-e RELAY_URL=https://moqx-main.ci.openmoq.org:4433/moq-relay \
	-e TLS_DISABLE_VERIFY=false \
	ghcr.io/englishm/moq-interop-runner-moq-test-client:latest
TAP version 14
# moq-test-client v0.1.0
# Relay: https://moqx-main.ci.openmoq.org:4433/moq-relay
1..6
ok 1 - setup-only
  ---
  duration_ms: 246
  connection_id: a5db7815f410513808c0727c7ada4bbb
  ...
ok 2 - announce-only
  ---
  duration_ms: 2133
  connection_id: 02fd8a88e2559594a28a27db28e830b1
  ...
ok 3 - subscribe-error
  ---
  duration_ms: 271
  connection_id: 7f006dca2897cba26473feb88e5d465b
  ...
ok 4 - announce-subscribe
  ---
  duration_ms: 3234
  publisher_connection_id: 2cd574f0eff2b60fb343ffbc995409ea
  subscriber_connection_id: 9cf18ad6ee55cd14f45432618a337cd4
  ...
ok 5 - subscribe-before-announce
  ---
  duration_ms: 4105
  subscriber_connection_id: df00646c71ae06699e113f813ee01128
  publisher_connection_id: 0ac1d4f9f875d1108dd8d4710d9029db
  ...
ok 6 - publish-namespace-done
  ---
  duration_ms: 2378
  connection_id: bf8bc3860c5f652f5cde80237ab45d8e
  ...
make[1]: Leaving directory '/home/runner/work/moq-interop-runner/moq-interop-runner/main'
