make[1]: Entering directory '/home/runner/work/moq-interop-runner/moq-interop-runner/main'
Running tests against https://relay.moqtail.dev...
  Client: ghcr.io/openmoq/moqx-interop-client:latest
docker run --rm \
	 \
	--network host \
	-e RELAY_URL=https://relay.moqtail.dev \
	-e TLS_DISABLE_VERIFY=false \
	ghcr.io/openmoq/moqx-interop-client:latest
TAP version 14
# moxygen interop test client
# Relay: https://relay.moqtail.dev
# Transport: WebTransport
1..6
W0629 01:29:46.774254     1 MoQWebTransportClient.cpp:175] WebTransport: No WT-Protocol header in response, will use legacy version negotiation
E0629 01:29:46.794846     1 MoQWebTransportClient.cpp:200] proxygen::HTTPException: Got error=ApplicationError: No Error, Client closed by peer reason=Setup failed
not ok 1 - setup-only
  ---
  duration_ms: 133
  error: coroutine operation cancelled
  ...
W0629 01:29:46.914235     1 MoQWebTransportClient.cpp:175] WebTransport: No WT-Protocol header in response, will use legacy version negotiation
E0629 01:29:46.934954     1 MoQWebTransportClient.cpp:200] proxygen::HTTPException: Got error=ApplicationError: No Error, Client closed by peer reason=Setup failed
not ok 2 - announce-only
  ---
  duration_ms: 140
  error: coroutine operation cancelled
  ...
W0629 01:29:46.991839     1 MoQWebTransportClient.cpp:175] WebTransport: No WT-Protocol header in response, will use legacy version negotiation
E0629 01:29:47.011914     1 MoQWebTransportClient.cpp:200] proxygen::HTTPException: Got error=ApplicationError: No Error, Client closed by peer reason=Setup failed
not ok 3 - subscribe-error
  ---
  duration_ms: 76
  error: coroutine operation cancelled
  ...
W0629 01:29:47.085690     1 MoQWebTransportClient.cpp:175] WebTransport: No WT-Protocol header in response, will use legacy version negotiation
E0629 01:29:47.106314     1 MoQWebTransportClient.cpp:200] proxygen::HTTPException: Got error=ApplicationError: No Error, Client closed by peer reason=Setup failed
not ok 4 - announce-subscribe
  ---
  duration_ms: 94
  error: coroutine operation cancelled
  ...
W0629 01:29:47.221107     1 MoQWebTransportClient.cpp:175] WebTransport: No WT-Protocol header in response, will use legacy version negotiation
E0629 01:29:47.241670     1 MoQWebTransportClient.cpp:200] proxygen::HTTPException: Got error=ApplicationError: No Error, Client closed by peer reason=Setup failed
not ok 5 - publish-namespace-done
  ---
  duration_ms: 135
  error: coroutine operation cancelled
  ...
W0629 01:29:47.362473     1 MoQWebTransportClient.cpp:175] WebTransport: No WT-Protocol header in response, will use legacy version negotiation
E0629 01:29:47.383153     1 MoQWebTransportClient.cpp:200] proxygen::HTTPException: Got error=ApplicationError: No Error, Client closed by peer reason=Setup failed
not ok 6 - subscribe-before-announce
  ---
  duration_ms: 141
  error: coroutine operation cancelled
  ...
make[1]: *** [Makefile:121: test-external] Error 1
make[1]: Leaving directory '/home/runner/work/moq-interop-runner/moq-interop-runner/main'
