make[1]: Entering directory '/home/runner/work/moq-interop-runner/moq-interop-runner/main'
Running tests against https://lminiero.it:9000...
  Client: ghcr.io/openmoq/moqx-interop-client:latest
docker run --rm \
	 \
	--network host \
	-e RELAY_URL=https://lminiero.it:9000 \
	-e TLS_DISABLE_VERIFY=false \
	ghcr.io/openmoq/moqx-interop-client:latest
TAP version 14
# moxygen interop test client
# Relay: https://lminiero.it:9000
# Transport: WebTransport
1..6
E0629 01:28:05.507252     1 MoQWebTransportClient.cpp:147] std::runtime_error: Error setting up WebTransport: proxygen::HTTPException: ingress timeout, streamID=0, timeout=2000ms
not ok 1 - setup-only
  ---
  duration_ms: 2370
  error: Error setting up WebTransport: proxygen::HTTPException: ingress timeout, streamID=0, timeout=2000ms
  ...
E0629 01:28:07.844000     1 MoQWebTransportClient.cpp:147] std::runtime_error: Error setting up WebTransport: proxygen::HTTPException: ingress timeout, streamID=0, timeout=2000ms
not ok 2 - announce-only
  ---
  duration_ms: 2336
  error: Error setting up WebTransport: proxygen::HTTPException: ingress timeout, streamID=0, timeout=2000ms
  ...
E0629 01:28:10.179483     1 MoQWebTransportClient.cpp:147] std::runtime_error: Error setting up WebTransport: proxygen::HTTPException: ingress timeout, streamID=0, timeout=2000ms
not ok 3 - subscribe-error
  ---
  duration_ms: 2335
  error: Error setting up WebTransport: proxygen::HTTPException: ingress timeout, streamID=0, timeout=2000ms
  ...
E0629 01:28:12.515965     1 MoQWebTransportClient.cpp:147] std::runtime_error: Error setting up WebTransport: proxygen::HTTPException: ingress timeout, streamID=0, timeout=2000ms
not ok 4 - announce-subscribe
  ---
  duration_ms: 2336
  error: Error setting up WebTransport: proxygen::HTTPException: ingress timeout, streamID=0, timeout=2000ms
  ...
E0629 01:28:14.645858     1 MoQWebTransportClient.cpp:147] std::runtime_error: Error setting up WebTransport: proxygen::HTTPException: ingress timeout, streamID=0, timeout=2000ms
not ok 5 - publish-namespace-done
  ---
  duration_ms: 2129
  error: Error setting up WebTransport: proxygen::HTTPException: ingress timeout, streamID=0, timeout=2000ms
  ...
E0629 01:28:16.992470     1 MoQWebTransportClient.cpp:147] std::runtime_error: Error setting up WebTransport: proxygen::HTTPException: ingress timeout, streamID=0, timeout=2000ms
not ok 6 - subscribe-before-announce
  ---
  duration_ms: 2346
  error: Error setting up WebTransport: proxygen::HTTPException: ingress timeout, streamID=0, timeout=2000ms
  ...
E20260629 01:28:17.994047     1 EventHandler.cpp:90] EventBase: failed to register event handler for fd 9: Resource temporarily unavailable
E20260629 01:28:17.995112     1 EventHandler.cpp:90] EventBase: failed to register event handler for fd 10: Resource temporarily unavailable
E20260629 01:28:17.995203     1 EventHandler.cpp:90] EventBase: failed to register event handler for fd 11: Resource temporarily unavailable
E20260629 01:28:17.995281     1 EventHandler.cpp:90] EventBase: failed to register event handler for fd 12: Resource temporarily unavailable
E20260629 01:28:17.995352     1 EventHandler.cpp:90] EventBase: failed to register event handler for fd 13: Resource temporarily unavailable
E20260629 01:28:17.995398     1 EventHandler.cpp:90] EventBase: failed to register event handler for fd 14: Resource temporarily unavailable
make[1]: *** [Makefile:121: test-external] Error 1
make[1]: Leaving directory '/home/runner/work/moq-interop-runner/moq-interop-runner/main'
