make[1]: Entering directory '/home/runner/work/moq-interop-runner/moq-interop-runner/main'
Running tests against https://us-west-2.relay.quicr.org:33437/relay...
  Client: ghcr.io/facebookexperimental/moxygen-interop-client:latest-amd64
docker run --rm \
	 \
	--network host \
	-e RELAY_URL=https://us-west-2.relay.quicr.org:33437/relay \
	-e TLS_DISABLE_VERIFY=1 \
	ghcr.io/facebookexperimental/moxygen-interop-client:latest-amd64
TAP version 14
# moxygen interop test client
# Relay: https://us-west-2.relay.quicr.org:33437/relay
# Transport: WebTransport
1..6
W0629 01:32:05.592339     1 MoQWebTransportClient.cpp:175] WebTransport: No WT-Protocol header in response, will use legacy version negotiation
E0629 01:32:05.673952     1 MoQFramer.cpp:1056] Server selected version draft-1 but we only offer draft-14 in legacy mode
E0629 01:32:05.673981     1 MoQCodec.cpp:126] Conn error=21
E0629 01:32:05.673985     1 MoQSession.cpp:5226] MoQCodec control stream parse error err=21
not ok 1 - setup-only
  ---
  duration_ms: 521
  error: coroutine operation cancelled
  ...
W0629 01:32:05.879167     1 MoQWebTransportClient.cpp:175] WebTransport: No WT-Protocol header in response, will use legacy version negotiation
E0629 01:32:05.961710     1 MoQFramer.cpp:1056] Server selected version draft-1 but we only offer draft-14 in legacy mode
E0629 01:32:05.961739     1 MoQCodec.cpp:126] Conn error=21
E0629 01:32:05.961743     1 MoQSession.cpp:5226] MoQCodec control stream parse error err=21
not ok 2 - announce-only
  ---
  duration_ms: 287
  error: coroutine operation cancelled
  ...
W0629 01:32:06.303224     1 MoQWebTransportClient.cpp:175] WebTransport: No WT-Protocol header in response, will use legacy version negotiation
E0629 01:32:06.384774     1 MoQFramer.cpp:1056] Server selected version draft-1 but we only offer draft-14 in legacy mode
E0629 01:32:06.384805     1 MoQCodec.cpp:126] Conn error=21
E0629 01:32:06.384810     1 MoQSession.cpp:5226] MoQCodec control stream parse error err=21
not ok 3 - subscribe-error
  ---
  duration_ms: 422
  error: coroutine operation cancelled
  ...
W0629 01:32:06.760823     1 MoQWebTransportClient.cpp:175] WebTransport: No WT-Protocol header in response, will use legacy version negotiation
E0629 01:32:06.843232     1 MoQFramer.cpp:1056] Server selected version draft-1 but we only offer draft-14 in legacy mode
E0629 01:32:06.843265     1 MoQCodec.cpp:126] Conn error=21
E0629 01:32:06.843271     1 MoQSession.cpp:5226] MoQCodec control stream parse error err=21
not ok 4 - announce-subscribe
  ---
  duration_ms: 458
  error: coroutine operation cancelled
  ...
W0629 01:32:07.027803     1 MoQWebTransportClient.cpp:175] WebTransport: No WT-Protocol header in response, will use legacy version negotiation
E0629 01:32:07.109758     1 MoQFramer.cpp:1056] Server selected version draft-1 but we only offer draft-14 in legacy mode
E0629 01:32:07.109787     1 MoQCodec.cpp:126] Conn error=21
E0629 01:32:07.109794     1 MoQSession.cpp:5226] MoQCodec control stream parse error err=21
not ok 5 - publish-namespace-done
  ---
  duration_ms: 266
  error: coroutine operation cancelled
  ...
W0629 01:32:07.375977     1 MoQWebTransportClient.cpp:175] WebTransport: No WT-Protocol header in response, will use legacy version negotiation
E0629 01:32:07.457386     1 MoQFramer.cpp:1056] Server selected version draft-1 but we only offer draft-14 in legacy mode
E0629 01:32:07.457415     1 MoQCodec.cpp:126] Conn error=21
E0629 01:32:07.457420     1 MoQSession.cpp:5226] MoQCodec control stream parse error err=21
not ok 6 - subscribe-before-announce
  ---
  duration_ms: 347
  error: coroutine operation cancelled
  ...
make[1]: *** [Makefile:121: test-external] Error 1
make[1]: Leaving directory '/home/runner/work/moq-interop-runner/moq-interop-runner/main'
