make[1]: Entering directory '/home/runner/work/moq-interop-runner/moq-interop-runner/main'
Running tests against moqt://fb.mvfst.net:9448...
  Client: ghcr.io/englishm/moq-interop-runner-moq-test-client-draft-16:latest
docker run --rm \
	 \
	--network host \
	-e RELAY_URL=moqt://fb.mvfst.net:9448 \
	-e TLS_DISABLE_VERIFY=1 \
	ghcr.io/englishm/moq-interop-runner-moq-test-client-draft-16:latest
TAP version 14
# moq-test-client v0.1.0
# Relay: moqt://fb.mvfst.net:9448
1..6
ok 1 - setup-only
  ---
  duration_ms: 105
  connection_id: fee2bd188ee6a8721586f501e276abb7
  ...
ok 2 - announce-only
  ---
  duration_ms: 2067
  connection_id: 990300bcb0bcaf498c81016baf040a61
  ...
ok 3 - subscribe-error
  ---
  duration_ms: 109
  connection_id: 99f0ccfe274f68e127cbfb52b6053414
  ...
not ok 4 - announce-subscribe
  ---
  duration_ms: 283
  message: "publisher session error: webtransport error: session error: connection error: closed by peer: 3: session error: connection error: closed by peer: 3: connection error: closed by peer: 3"
  ...
ok 5 - subscribe-before-announce
  ---
  duration_ms: 3880
  subscriber_connection_id: 660425ba1102f895cecd09850168bd65
  publisher_connection_id: 0cde839c24afa0482b79b1edde1a4c4d
  ...
ok 6 - publish-namespace-done
  ---
  duration_ms: 2172
  connection_id: b939a741230612d3dee09dae9a029bf2
  ...
make[1]: *** [Makefile:121: test-external] Error 1
make[1]: Leaving directory '/home/runner/work/moq-interop-runner/moq-interop-runner/main'
