make[1]: Entering directory '/home/runner/work/moq-interop-runner/moq-interop-runner/main'
Running tests against moqt://moqx-main.ci.openmoq.org:4433...
  Client: ghcr.io/englishm/moq-interop-runner-moq-test-client:latest
docker run --rm \
	 \
	--network host \
	-e RELAY_URL=moqt://moqx-main.ci.openmoq.org:4433 \
	-e TLS_DISABLE_VERIFY=false \
	ghcr.io/englishm/moq-interop-runner-moq-test-client:latest
TAP version 14
# moq-test-client v0.1.0
# Relay: moqt://moqx-main.ci.openmoq.org:4433
1..6
ok 1 - setup-only
  ---
  duration_ms: 121
  connection_id: 771d3a20dcd2ab854d313692d92cc24c
  ...
ok 2 - announce-only
  ---
  duration_ms: 2103
  connection_id: 05d32b785b77296f276bc87f76306ad7
  ...
ok 3 - subscribe-error
  ---
  duration_ms: 98
  connection_id: 34330bc8674a1b0ceeeda9af76df08a7
  ...
ok 4 - announce-subscribe
  ---
  duration_ms: 139
  publisher_connection_id: aeaecabfededace970c6b1baf66f8f89
  subscriber_connection_id: 313bb8e8a66337af74c2827dd4876775
  ...
ok 5 - subscribe-before-announce
  ---
  duration_ms: 3710
  subscriber_connection_id: e536a850b47191a5c74945a706fd2a7e
  publisher_connection_id: 07a302b9f9fa666ffd642e2ee8e6660a
  ...
ok 6 - publish-namespace-done
  ---
  duration_ms: 2179
  connection_id: 7183d50b79a4be8a66ee0b4b6e13fe53
  ...
make[1]: Leaving directory '/home/runner/work/moq-interop-runner/moq-interop-runner/main'
