make[1]: Entering directory '/home/runner/work/moq-interop-runner/moq-interop-runner/main'
Running tests against moqt://moqx-main.ci.openmoq.org:4433...
  Client: ghcr.io/englishm/moq-interop-runner-moq-test-client-draft-16:latest
docker run --rm \
	 \
	--network host \
	-e RELAY_URL=moqt://moqx-main.ci.openmoq.org:4433 \
	-e TLS_DISABLE_VERIFY=false \
	ghcr.io/englishm/moq-interop-runner-moq-test-client-draft-16:latest
TAP version 14
# moq-test-client v0.1.0
# Relay: moqt://moqx-main.ci.openmoq.org:4433
1..6
ok 1 - setup-only
  ---
  duration_ms: 94
  connection_id: 81f0ebbe94a1ffcea832814d3b6bb51f
  ...
ok 2 - announce-only
  ---
  duration_ms: 2127
  connection_id: 07f4e0ecf89f9d31b6f769f62218c613
  ...
ok 3 - subscribe-error
  ---
  duration_ms: 179
  connection_id: 05ba55cafbe39e219c1edf8cf45540b7
  ...
ok 4 - announce-subscribe
  ---
  duration_ms: 3700
  publisher_connection_id: 02a1f3d34a65a2bc13e7077ec86e3262
  subscriber_connection_id: 570eaaaf445c5887f8dc848bd7becea9
  ...
ok 5 - subscribe-before-announce
  ---
  duration_ms: 4725
  subscriber_connection_id: 4e9c6fb6d4859b1094df2583649affc8
  publisher_connection_id: 321bb3bb66e11a3b88d853a48f690aa8
  ...
ok 6 - publish-namespace-done
  ---
  duration_ms: 2177
  connection_id: 68d59df3fa04b1fe5daa7ae628c8c629
  ...
make[1]: Leaving directory '/home/runner/work/moq-interop-runner/moq-interop-runner/main'
