make[1]: Entering directory '/home/runner/work/moq-interop-runner/moq-interop-runner/main'
Running tests against https://moqt.nokiaresearch.com:4443/moq...
  Client: ghcr.io/englishm/moq-interop-runner-moq-test-client-draft-18:latest
docker run --rm \
	 \
	--network host \
	-e RELAY_URL=https://moqt.nokiaresearch.com:4443/moq \
	-e TLS_DISABLE_VERIFY=false \
	ghcr.io/englishm/moq-interop-runner-moq-test-client-draft-18:latest
TAP version 14
# moq-test-client v0.1.6
# Relay: https://moqt.nokiaresearch.com:4443/moq
1..6
[2m2026-07-02T14:18:55.464314Z[0m [32m INFO[0m [2mmoq_native_ietf::quic[0m[2m:[0m UDP socket bound [3mbind[0m[2m=[0m[::]:0 [3mlocal[0m[2m=[0m[::]:44491 [3mdual_stack[0m[2m=[0mtrue
[2m2026-07-02T14:18:56.052330Z[0m [32m INFO[0m [2mmoq_test_client::scenarios[0m[2m:[0m SETUP exchange completed successfully
ok 1 - setup-only
  ---
  duration_ms: 588
  connection_id: 2eda1bb2197fc4964ec416e2eaa4ba3d
  ...
[2m2026-07-02T14:18:56.053211Z[0m [32m INFO[0m [2mmoq_native_ietf::quic[0m[2m:[0m UDP socket bound [3mbind[0m[2m=[0m[::]:0 [3mlocal[0m[2m=[0m[::]:57957 [3mdual_stack[0m[2m=[0mtrue
[2m2026-07-02T14:18:56.593201Z[0m [32m INFO[0m [2mmoq_test_client::scenarios[0m[2m:[0m Sending PUBLISH_NAMESPACE for: moq-test/interop
not ok 2 - publish-namespace-only
  ---
  duration_ms: 540
  message: "PUBLISH_NAMESPACE failed: too many requests"
  ...
[2m2026-07-02T14:18:56.594122Z[0m [32m INFO[0m [2mmoq_native_ietf::quic[0m[2m:[0m UDP socket bound [3mbind[0m[2m=[0m[::]:0 [3mlocal[0m[2m=[0m[::]:57885 [3mdual_stack[0m[2m=[0mtrue
[2m2026-07-02T14:18:57.148740Z[0m [32m INFO[0m [2mmoq_test_client::scenarios[0m[2m:[0m Subscribing to non-existent track: nonexistent/namespace/test-track
[2m2026-07-02T14:18:57.148781Z[0m [31mERROR[0m [2mmoq_transport::serve::error[0m[2m:[0m [6a0dd72f-74a8-41e4-9ce9-d0799aa34d05] Internal error: request ID limit: too many requests at /build/moq-transport/src/session/subscriber.rs:191
[2m2026-07-02T14:18:57.148804Z[0m [33m WARN[0m [2mmoq_test_client::scenarios[0m[2m:[0m Got error but not clearly 'not found': internal error: Internal error [error:6a0dd72f-74a8-41e4-9ce9-d0799aa34d05]. Relay may use different error text.
ok 3 - subscribe-error
  ---
  duration_ms: 555
  connection_id: 14654fe889fb2000964fd34f582b1a61
  ...
[2m2026-07-02T14:18:57.149741Z[0m [32m INFO[0m [2mmoq_native_ietf::quic[0m[2m:[0m UDP socket bound [3mbind[0m[2m=[0m[::]:0 [3mlocal[0m[2m=[0m[::]:35637 [3mdual_stack[0m[2m=[0mtrue
[2m2026-07-02T14:18:57.793743Z[0m [32m INFO[0m [2mmoq_native_ietf::quic[0m[2m:[0m UDP socket bound [3mbind[0m[2m=[0m[::]:0 [3mlocal[0m[2m=[0m[::]:35777 [3mdual_stack[0m[2m=[0mtrue
[2m2026-07-02T14:18:58.337415Z[0m [32m INFO[0m [2mmoq_test_client::scenarios[0m[2m:[0m Publisher sending PUBLISH_NAMESPACE: moq-test/interop
[2m2026-07-02T14:18:58.337437Z[0m [32m INFO[0m [2mmoq_test_client::scenarios[0m[2m:[0m Subscriber subscribing to track: moq-test/interop/test-track
not ok 4 - publish-namespace-subscribe
  ---
  duration_ms: 1188
  message: "publisher PUBLISH_NAMESPACE failed: too many requests"
  ...
[2m2026-07-02T14:18:58.338486Z[0m [32m INFO[0m [2mmoq_native_ietf::quic[0m[2m:[0m UDP socket bound [3mbind[0m[2m=[0m[::]:0 [3mlocal[0m[2m=[0m[::]:52477 [3mdual_stack[0m[2m=[0mtrue
[2m2026-07-02T14:18:58.892101Z[0m [32m INFO[0m [2mmoq_test_client::scenarios[0m[2m:[0m Subscriber subscribing BEFORE PUBLISH_NAMESPACE: moq-test/interop/test-track
[2m2026-07-02T14:18:58.892190Z[0m [31mERROR[0m [2mmoq_transport::serve::error[0m[2m:[0m [f7ec61e1-099f-4253-9c69-eecf088a2683] Internal error: request ID limit: too many requests at /build/moq-transport/src/session/subscriber.rs:191
[2m2026-07-02T14:18:59.393614Z[0m [32m INFO[0m [2mmoq_native_ietf::quic[0m[2m:[0m UDP socket bound [3mbind[0m[2m=[0m[::]:0 [3mlocal[0m[2m=[0m[::]:50366 [3mdual_stack[0m[2m=[0mtrue
[2m2026-07-02T14:19:00.023194Z[0m [32m INFO[0m [2mmoq_test_client::scenarios[0m[2m:[0m Publisher sending PUBLISH_NAMESPACE (after subscriber): moq-test/interop
not ok 5 - subscribe-before-publish-namespace
  ---
  duration_ms: 1685
  message: "publisher PUBLISH_NAMESPACE failed: too many requests"
  ...
[2m2026-07-02T14:19:00.024100Z[0m [32m INFO[0m [2mmoq_native_ietf::quic[0m[2m:[0m UDP socket bound [3mbind[0m[2m=[0m[::]:0 [3mlocal[0m[2m=[0m[::]:41506 [3mdual_stack[0m[2m=[0mtrue
[2m2026-07-02T14:19:00.610659Z[0m [32m INFO[0m [2mmoq_test_client::scenarios[0m[2m:[0m Sending PUBLISH_NAMESPACE: moq-test/interop
not ok 6 - publish-namespace-done
  ---
  duration_ms: 587
  message: "PUBLISH_NAMESPACE failed: too many requests"
  ...
make[1]: *** [Makefile:121: test-external] Error 1
make[1]: Leaving directory '/home/runner/work/moq-interop-runner/moq-interop-runner/main'
