make[1]: Entering directory '/home/runner/work/moq-interop-runner/moq-interop-runner/main'
Running tests against https://quichemoq.dev:443...
  Client: ghcr.io/openmoq/moqx-interop-client:latest
docker run --rm \
	 \
	--network host \
	-e RELAY_URL=https://quichemoq.dev:443 \
	-e TLS_DISABLE_VERIFY=false \
	ghcr.io/openmoq/moqx-interop-client:latest
TAP version 14
# moxygen interop test client
# Relay: https://quichemoq.dev:443
# Transport: WebTransport
1..6
E20260702 14:49:18.588941     1 HQSession.cpp:578] Connection closed with error err=Connect failed msg=connect timeout proto=, client CID=, server CID=, local=<uninitialized address>, 34.53.4.47:443=upstream, drain=none
E0702 14:49:18.590148     1 MoQWebTransportClient.cpp:95] std::runtime_error: Connect failed
not ok 1 - setup-only
  ---
  duration_ms: 2114
  error: Connect failed
  ...
E20260702 14:49:20.599349     1 HQSession.cpp:578] Connection closed with error err=Connect failed msg=connect timeout proto=, client CID=, server CID=, local=<uninitialized address>, 34.53.4.47:443=upstream, drain=none
E0702 14:49:20.599535     1 MoQWebTransportClient.cpp:95] std::runtime_error: Connect failed
not ok 2 - announce-only
  ---
  duration_ms: 2009
  error: Connect failed
  ...
E20260702 14:49:22.608793     1 HQSession.cpp:578] Connection closed with error err=Connect failed msg=connect timeout proto=, client CID=, server CID=, local=<uninitialized address>, 34.53.4.47:443=upstream, drain=none
E0702 14:49:22.608978     1 MoQWebTransportClient.cpp:95] std::runtime_error: Connect failed
not ok 3 - subscribe-error
  ---
  duration_ms: 2009
  error: Connect failed
  ...
E20260702 14:49:24.678372     1 HQSession.cpp:578] Connection closed with error err=Connect failed msg=connect timeout proto=, client CID=, server CID=, local=<uninitialized address>, 34.53.4.47:443=upstream, drain=none
E0702 14:49:24.678576     1 MoQWebTransportClient.cpp:95] std::runtime_error: Connect failed
not ok 4 - announce-subscribe
  ---
  duration_ms: 2069
  error: Connect failed
  ...
E20260702 14:49:26.826719     1 HQSession.cpp:578] Connection closed with error err=Connect failed msg=connect timeout proto=, client CID=, server CID=, local=<uninitialized address>, 34.53.4.47:443=upstream, drain=none
E0702 14:49:26.826903     1 MoQWebTransportClient.cpp:95] std::runtime_error: Connect failed
not ok 5 - publish-namespace-done
  ---
  duration_ms: 2148
  error: Connect failed
  ...
E20260702 14:49:28.845114     1 HQSession.cpp:578] Connection closed with error err=Connect failed msg=connect timeout proto=, client CID=, server CID=, local=<uninitialized address>, 34.53.4.47:443=upstream, drain=none
E0702 14:49:28.845297     1 MoQWebTransportClient.cpp:95] std::runtime_error: Connect failed
not ok 6 - subscribe-before-announce
  ---
  duration_ms: 2018
  error: Connect failed
  ...
make[1]: *** [Makefile:121: test-external] Error 1
make[1]: Leaving directory '/home/runner/work/moq-interop-runner/moq-interop-runner/main'
