make[1]: Entering directory '/home/runner/work/moq-interop-runner/moq-interop-runner/main'
Running tests against https://draft-14.cloudflare.mediaoverquic.com:443/moq...
  Client: ghcr.io/facebookexperimental/moxygen-interop-client:latest-amd64
docker run --rm \
	 \
	--network host \
	-e RELAY_URL=https://draft-14.cloudflare.mediaoverquic.com:443/moq \
	-e TLS_DISABLE_VERIFY=false \
	ghcr.io/facebookexperimental/moxygen-interop-client:latest-amd64
TAP version 14
# moxygen interop test client
# Relay: https://draft-14.cloudflare.mediaoverquic.com:443/moq
# Transport: WebTransport
1..6
W0702 14:50:15.729752     1 MoQWebTransportClient.cpp:175] WebTransport: No WT-Protocol header in response, will use legacy version negotiation
ok 1 - setup-only
  ---
  duration_ms: 67
  info: SETUP exchange completed successfully
  ...
W0702 14:50:15.753791     1 MoQWebTransportClient.cpp:175] WebTransport: No WT-Protocol header in response, will use legacy version negotiation
not ok 2 - announce-only
  ---
  duration_ms: 87
  error: done
  ...
W0702 14:50:15.840105     1 MoQWebTransportClient.cpp:175] WebTransport: No WT-Protocol header in response, will use legacy version negotiation
E0702 14:50:17.846813     1 MoQSession.cpp:5572] subscribeFuture exception=folly::OperationCancelled: coroutine operation cancelled
not ok 3 - subscribe-error
  ---
  duration_ms: 2023
  error: Timed out waiting for SUBSCRIBE response
  ...
W0702 14:50:17.863106     1 MoQWebTransportClient.cpp:175] WebTransport: No WT-Protocol header in response, will use legacy version negotiation
not ok 4 - announce-subscribe
  ---
  duration_ms: 136
  error: PUBLISH_NAMESPACE failed: done
  ...
W0702 14:50:18.005485     1 MoQWebTransportClient.cpp:175] WebTransport: No WT-Protocol header in response, will use legacy version negotiation
ok 5 - publish-namespace-done
  ---
  duration_ms: 201
  info: PUBLISH_NAMESPACE_OK received, PUBLISH_NAMESPACE_DONE sent
  ...
W0702 14:50:18.201660     1 MoQWebTransportClient.cpp:175] WebTransport: No WT-Protocol header in response, will use legacy version negotiation
W0702 14:50:18.726512     1 MoQWebTransportClient.cpp:175] WebTransport: No WT-Protocol header in response, will use legacy version negotiation
E0702 14:50:20.228682     1 MoQWebTransportClient.cpp:200] proxygen::HTTPException: ingress timeout, streamID=0, timeout=2000ms
ok 6 - subscribe-before-announce
  ---
  duration_ms: 2043
  info: Subscribe returned error (relay doesn't buffer pending subscriptions): Session closed
  ...
make[1]: *** [Makefile:121: test-external] Error 1
make[1]: Leaving directory '/home/runner/work/moq-interop-runner/moq-interop-runner/main'
