make[1]: Entering directory '/home/runner/work/moq-interop-runner/moq-interop-runner/main'
Running tests against https://us-west-2.relay.quicr.org:33437/relay...
  Client: ghcr.io/facebookexperimental/moxygen-interop-client:latest-amd64
docker run --rm \
	 \
	--network host \
	-e RELAY_URL=https://us-west-2.relay.quicr.org:33437/relay \
	-e TLS_DISABLE_VERIFY=1 \
	ghcr.io/facebookexperimental/moxygen-interop-client:latest-amd64
TAP version 14
# moxygen interop test client
# Relay: https://us-west-2.relay.quicr.org:33437/relay
# Transport: WebTransport
1..6
W0702 14:49:49.478475     1 MoQWebTransportClient.cpp:175] WebTransport: No WT-Protocol header in response, will use legacy version negotiation
E0702 14:49:49.559377     1 MoQFramer.cpp:1056] Server selected version draft-1 but we only offer draft-14 in legacy mode
E0702 14:49:49.559430     1 MoQCodec.cpp:126] Conn error=21
E0702 14:49:49.559435     1 MoQSession.cpp:5259] MoQCodec control stream parse error err=21
not ok 1 - setup-only
  ---
  duration_ms: 356
  error: coroutine operation cancelled
  ...
W0702 14:49:49.731689     1 MoQWebTransportClient.cpp:175] WebTransport: No WT-Protocol header in response, will use legacy version negotiation
E0702 14:49:49.813492     1 MoQFramer.cpp:1056] Server selected version draft-1 but we only offer draft-14 in legacy mode
E0702 14:49:49.813523     1 MoQCodec.cpp:126] Conn error=21
E0702 14:49:49.813528     1 MoQSession.cpp:5259] MoQCodec control stream parse error err=21
not ok 2 - announce-only
  ---
  duration_ms: 253
  error: coroutine operation cancelled
  ...
W0702 14:49:49.979590     1 MoQWebTransportClient.cpp:175] WebTransport: No WT-Protocol header in response, will use legacy version negotiation
E0702 14:49:50.061486     1 MoQFramer.cpp:1056] Server selected version draft-1 but we only offer draft-14 in legacy mode
E0702 14:49:50.061514     1 MoQCodec.cpp:126] Conn error=21
E0702 14:49:50.061519     1 MoQSession.cpp:5259] MoQCodec control stream parse error err=21
not ok 3 - subscribe-error
  ---
  duration_ms: 247
  error: coroutine operation cancelled
  ...
W0702 14:49:50.227484     1 MoQWebTransportClient.cpp:175] WebTransport: No WT-Protocol header in response, will use legacy version negotiation
E0702 14:49:50.309025     1 MoQFramer.cpp:1056] Server selected version draft-1 but we only offer draft-14 in legacy mode
E0702 14:49:50.309053     1 MoQCodec.cpp:126] Conn error=21
E0702 14:49:50.309058     1 MoQSession.cpp:5259] MoQCodec control stream parse error err=21
not ok 4 - announce-subscribe
  ---
  duration_ms: 247
  error: coroutine operation cancelled
  ...
W0702 14:49:50.573547     1 MoQWebTransportClient.cpp:175] WebTransport: No WT-Protocol header in response, will use legacy version negotiation
E0702 14:49:50.654527     1 MoQFramer.cpp:1056] Server selected version draft-1 but we only offer draft-14 in legacy mode
E0702 14:49:50.654552     1 MoQCodec.cpp:126] Conn error=21
E0702 14:49:50.654557     1 MoQSession.cpp:5259] MoQCodec control stream parse error err=21
not ok 5 - publish-namespace-done
  ---
  duration_ms: 345
  error: coroutine operation cancelled
  ...
W0702 14:49:50.820195     1 MoQWebTransportClient.cpp:175] WebTransport: No WT-Protocol header in response, will use legacy version negotiation
E0702 14:49:50.901419     1 MoQFramer.cpp:1056] Server selected version draft-1 but we only offer draft-14 in legacy mode
E0702 14:49:50.901442     1 MoQCodec.cpp:126] Conn error=21
E0702 14:49:50.901446     1 MoQSession.cpp:5259] MoQCodec control stream parse error err=21
not ok 6 - subscribe-before-announce
  ---
  duration_ms: 246
  error: coroutine operation cancelled
  ...
make[1]: *** [Makefile:121: test-external] Error 1
make[1]: Leaving directory '/home/runner/work/moq-interop-runner/moq-interop-runner/main'
