make[1]: Entering directory '/home/runner/work/moq-interop-runner/moq-interop-runner/main'
Running tests against moqt://fb.mvfst.net:9448...
  Client: ghcr.io/englishm/moq-interop-runner-moq-test-client-draft-16:latest
docker run --rm \
	--network host \
	-e RELAY_URL=moqt://fb.mvfst.net:9448 \
	-e TLS_DISABLE_VERIFY=1 \
	ghcr.io/englishm/moq-interop-runner-moq-test-client-draft-16:latest
TAP version 14
# moq-test-client v0.1.0
# Relay: moqt://fb.mvfst.net:9448
1..6
ok 1 - setup-only
  ---
  duration_ms: 62
  connection_id: dbf4aa465d9812ffb19816eff15ea70e
  ...
ok 2 - announce-only
  ---
  duration_ms: 2071
  connection_id: ef236370bab936892e89d84ee51c0254
  ...
ok 3 - subscribe-error
  ---
  duration_ms: 100
  connection_id: 27eca4f8748dc63b3a6fbde986e2ead5
  ...
ok 4 - announce-subscribe
  ---
  duration_ms: 437
  publisher_connection_id: ae1c56694974f09b0e49e83589dfeb56
  subscriber_connection_id: 881bff59145b656768891e1f848a72ed
  ...
ok 5 - subscribe-before-announce
  ---
  duration_ms: 3640
  subscriber_connection_id: 77c3c604784d131a1ebc3bff56663fee
  publisher_connection_id: 45b1f1c2ad65b3340afa7d497cd93fa7
  ...
ok 6 - publish-namespace-done
  ---
  duration_ms: 2313
  connection_id: 965a3fc2787d621a9fa097f393e8f6de
  ...
make[1]: Leaving directory '/home/runner/work/moq-interop-runner/moq-interop-runner/main'
