make[1]: Entering directory '/home/runner/work/moq-interop-runner/moq-interop-runner/main'
Running tests against https://lminiero.it:9000...
  Client: ghcr.io/englishm/moq-interop-runner-moq-test-client:latest
docker run --rm \
	--network host \
	-e RELAY_URL=https://lminiero.it:9000 \
	-e TLS_DISABLE_VERIFY=false \
	ghcr.io/englishm/moq-interop-runner-moq-test-client:latest
TAP version 14
# moq-test-client v0.1.0
# Relay: https://lminiero.it:9000/
1..6
ok 1 - setup-only
  ---
  duration_ms: 545
  connection_id: 4e52184b9fa1aef0ea572cd18bb76c6a
  ...
ok 2 - announce-only
  ---
  duration_ms: 2435
  connection_id: f74a70956dd03ee1fcffb0fef65b5188
  ...
ok 3 - subscribe-error
  ---
  duration_ms: 545
  connection_id: 69a97a9c6d26cc5cfc611c4faafd1be6
  ...
ok 4 - announce-subscribe
  ---
  duration_ms: 1386
  publisher_connection_id: 6744bdd7ac11f96dfd238820026a48ff
  subscriber_connection_id: 54c254b8adf869f19cc849a8924e7484
  ...
ok 5 - subscribe-before-announce
  ---
  duration_ms: 5527
  subscriber_connection_id: eb41da1cd860a89d2682547fcbeb080d
  publisher_connection_id: 115d6e1472037703df40efd7e39e48fc
  ...
ok 6 - publish-namespace-done
  ---
  duration_ms: 2537
  connection_id: 09646071380aa2da899090789ec54500
  ...
make[1]: Leaving directory '/home/runner/work/moq-interop-runner/moq-interop-runner/main'
