make[1]: Entering directory '/home/runner/work/moq-interop-runner/moq-interop-runner/main'
Running tests against https://moqx-main.ci.openmoq.org:4433/moq-relay...
  Client: ghcr.io/englishm/moq-interop-runner-moq-test-client:latest
docker run --rm \
	 \
	--network host \
	-e RELAY_URL=https://moqx-main.ci.openmoq.org:4433/moq-relay \
	-e TLS_DISABLE_VERIFY=false \
	ghcr.io/englishm/moq-interop-runner-moq-test-client:latest
TAP version 14
# moq-test-client v0.1.0
# Relay: https://moqx-main.ci.openmoq.org:4433/moq-relay
1..6
ok 1 - setup-only
  ---
  duration_ms: 946
  connection_id: 27df2f612d3775f6e911880c8e2788a1
  ...
ok 2 - announce-only
  ---
  duration_ms: 2277
  connection_id: 5836d745ba7adc38bfae0ac669ef20d6
  ...
ok 3 - subscribe-error
  ---
  duration_ms: 15
  connection_id: bc9f9c0ceee6d009fb22e49ec9f93e91
  ...
ok 4 - announce-subscribe
  ---
  duration_ms: 3406
  publisher_connection_id: 580847e6687420a57741628e25006c6d
  subscriber_connection_id: 238265c436f0525c92dd27af27522afb
  ...
ok 5 - subscribe-before-announce
  ---
  duration_ms: 4121
  subscriber_connection_id: 4a4680da7862189ed8d402a4a7e362bf
  publisher_connection_id: c54316faef2e88c768bf06cc6f93d3fb
  ...
ok 6 - publish-namespace-done
  ---
  duration_ms: 2932
  connection_id: 52072c07b1acb05cf466bfd060392fb3
  ...
make[1]: Leaving directory '/home/runner/work/moq-interop-runner/moq-interop-runner/main'
