make[1]: Entering directory '/home/runner/work/moq-interop-runner/moq-interop-runner/main'
Running tests against moqt://fb.mvfst.net:9448...
  Client: ghcr.io/englishm/moq-interop-runner-moq-test-client:latest
docker run --rm \
	 \
	--network host \
	-e RELAY_URL=moqt://fb.mvfst.net:9448 \
	-e TLS_DISABLE_VERIFY=1 \
	ghcr.io/englishm/moq-interop-runner-moq-test-client:latest
TAP version 14
# moq-test-client v0.1.0
# Relay: moqt://fb.mvfst.net:9448
1..6
ok 1 - setup-only
  ---
  duration_ms: 102
  connection_id: 3ce0aacf71c4e70097a0ba56c02cce56
  ...
ok 2 - announce-only
  ---
  duration_ms: 2117
  connection_id: 8ef6e1b9ecde09edacb3ad58b2a71aca
  ...
ok 3 - subscribe-error
  ---
  duration_ms: 56
  connection_id: a171ac2f2bf71d3a67c6cabdf04882d3
  ...
ok 4 - announce-subscribe
  ---
  duration_ms: 3090
  publisher_connection_id: 9fa82b7c1c2bd89a6bf83d0b068cc7fc
  subscriber_connection_id: 9796ab91f8bedf2a0d0a2a2f8c028f20
  ...
ok 5 - subscribe-before-announce
  ---
  duration_ms: 3807
  subscriber_connection_id: 0c3b604e3a732c31ad07a39f0cbacd4c
  publisher_connection_id: 4f9291d28349fa1dbcfff747793fafb4
  ...
ok 6 - publish-namespace-done
  ---
  duration_ms: 2280
  connection_id: 5023b855c13ef4fa1e8d5506afc7f1eb
  ...
make[1]: Leaving directory '/home/runner/work/moq-interop-runner/moq-interop-runner/main'
