make[1]: Entering directory '/home/runner/work/moq-interop-runner/moq-interop-runner/main'
Running tests against https://moqx-main.ci.openmoq.org:4433/moq-relay...
  Client: ghcr.io/englishm/moq-interop-runner-moq-test-client-draft-16:latest
docker run --rm \
	 \
	--network host \
	-e RELAY_URL=https://moqx-main.ci.openmoq.org:4433/moq-relay \
	-e TLS_DISABLE_VERIFY=false \
	ghcr.io/englishm/moq-interop-runner-moq-test-client-draft-16:latest
TAP version 14
# moq-test-client v0.1.0
# Relay: https://moqx-main.ci.openmoq.org:4433/moq-relay
1..6
ok 1 - setup-only
  ---
  duration_ms: 773
  connection_id: f394d8aac22f7cc80e92abc5ed660b3a
  ...
ok 2 - announce-only
  ---
  duration_ms: 2114
  connection_id: 2e075bd5e48dc9ec4da15d63520e8b04
  ...
ok 3 - subscribe-error
  ---
  duration_ms: 71
  connection_id: 093ba8d156dd9dce6b370acc83f50efc
  ...
not ok 4 - announce-subscribe
  ---
  duration_ms: 87
  message: "publisher session error: webtransport error: read error: RESET_STREAM: 386759528: read error: RESET_STREAM: 386759528"
  ...
ok 5 - subscribe-before-announce
  ---
  duration_ms: 3554
  subscriber_connection_id: 11156eefd028b45350a7169db28781ed
  publisher_connection_id: f7ce686145dd462c4cef4b1a1763a89e
  ...
ok 6 - publish-namespace-done
  ---
  duration_ms: 2160
  connection_id: 9d464db2f9bc6b8980c8ef9ca45ee0f2
  ...
make[1]: *** [Makefile:121: test-external] Error 1
make[1]: Leaving directory '/home/runner/work/moq-interop-runner/moq-interop-runner/main'
