make[1]: Entering directory '/home/runner/work/moq-interop-runner/moq-interop-runner/main'
Running tests against https://moqt.nokiaresearch.com:4443/moq...
  Client: ghcr.io/openmoq/moqx-interop-client:latest
docker run --rm \
	 \
	--network host \
	-e RELAY_URL=https://moqt.nokiaresearch.com:4443/moq \
	-e TLS_DISABLE_VERIFY=false \
	ghcr.io/openmoq/moqx-interop-client:latest
TAP version 14
# moxygen interop test client
# Relay: https://moqt.nokiaresearch.com:4443/moq
# Transport: WebTransport
1..6
E20260706 01:09:44.788815     1 HQSession.cpp:578] Connection closed with error err=Connect failed msg=connect timeout proto=, client CID=, server CID=, local=<uninitialized address>, 74.119.206.44:4443=upstream, drain=none
E0706 01:09:44.790012     1 MoQWebTransportClient.cpp:95] std::runtime_error: Connect failed
not ok 1 - setup-only
  ---
  duration_ms: 2046
  error: Connect failed
  ...
E20260706 01:09:46.805938     1 HQSession.cpp:578] Connection closed with error err=Connect failed msg=connect timeout proto=, client CID=, server CID=, local=<uninitialized address>, 74.119.206.44:4443=upstream, drain=none
E0706 01:09:46.806098     1 MoQWebTransportClient.cpp:95] std::runtime_error: Connect failed
not ok 2 - announce-only
  ---
  duration_ms: 2016
  error: Connect failed
  ...
E20260706 01:09:48.822921     1 HQSession.cpp:578] Connection closed with error err=Connect failed msg=connect timeout proto=, client CID=, server CID=, local=<uninitialized address>, 74.119.206.44:4443=upstream, drain=none
E0706 01:09:48.823083     1 MoQWebTransportClient.cpp:95] std::runtime_error: Connect failed
not ok 3 - subscribe-error
  ---
  duration_ms: 2016
  error: Connect failed
  ...
E20260706 01:09:50.843255     1 HQSession.cpp:578] Connection closed with error err=Connect failed msg=connect timeout proto=, client CID=, server CID=, local=<uninitialized address>, 74.119.206.44:4443=upstream, drain=none
E0706 01:09:50.843419     1 MoQWebTransportClient.cpp:95] std::runtime_error: Connect failed
not ok 4 - announce-subscribe
  ---
  duration_ms: 2020
  error: Connect failed
  ...
E20260706 01:09:52.860435     1 HQSession.cpp:578] Connection closed with error err=Connect failed msg=connect timeout proto=, client CID=, server CID=, local=<uninitialized address>, 74.119.206.44:4443=upstream, drain=none
E0706 01:09:52.860596     1 MoQWebTransportClient.cpp:95] std::runtime_error: Connect failed
not ok 5 - publish-namespace-done
  ---
  duration_ms: 2017
  error: Connect failed
  ...
E20260706 01:09:54.879680     1 HQSession.cpp:578] Connection closed with error err=Connect failed msg=connect timeout proto=, client CID=, server CID=, local=<uninitialized address>, 74.119.206.44:4443=upstream, drain=none
E0706 01:09:54.879848     1 MoQWebTransportClient.cpp:95] std::runtime_error: Connect failed
not ok 6 - subscribe-before-announce
  ---
  duration_ms: 2019
  error: Connect failed
  ...
make[1]: *** [Makefile:121: test-external] Error 1
make[1]: Leaving directory '/home/runner/work/moq-interop-runner/moq-interop-runner/main'
