make[1]: Entering directory '/home/runner/work/moq-interop-runner/moq-interop-runner/main'
Running tests against moqt://lminiero.it:9000...
  Client: ghcr.io/openmoq/moqx-interop-client:latest
docker run --rm \
	 \
	--network host \
	-e RELAY_URL=moqt://lminiero.it:9000 \
	-e TLS_DISABLE_VERIFY=false \
	ghcr.io/openmoq/moqx-interop-client:latest
TAP version 14
# moxygen interop test client
# Relay: moqt://lminiero.it:9000
# Transport: QUIC
1..6
E0706 01:08:39.702058     1 MoQCodec.cpp:126] Conn error=3
E0706 01:08:39.702090     1 MoQSession.cpp:5259] MoQCodec control stream parse error err=3
not ok 1 - setup-only
  ---
  duration_ms: 272
  error: coroutine operation cancelled
  ...
E0706 01:08:40.065497     1 MoQCodec.cpp:126] Conn error=3
E0706 01:08:40.065526     1 MoQSession.cpp:5259] MoQCodec control stream parse error err=3
not ok 2 - announce-only
  ---
  duration_ms: 363
  error: coroutine operation cancelled
  ...
E0706 01:08:40.323077     1 MoQCodec.cpp:126] Conn error=3
E0706 01:08:40.323106     1 MoQSession.cpp:5259] MoQCodec control stream parse error err=3
not ok 3 - subscribe-error
  ---
  duration_ms: 257
  error: coroutine operation cancelled
  ...
E0706 01:08:40.693147     1 MoQCodec.cpp:126] Conn error=3
E0706 01:08:40.693177     1 MoQSession.cpp:5259] MoQCodec control stream parse error err=3
not ok 4 - announce-subscribe
  ---
  duration_ms: 369
  error: coroutine operation cancelled
  ...
E0706 01:08:40.939232     1 MoQCodec.cpp:126] Conn error=3
E0706 01:08:40.939262     1 MoQSession.cpp:5259] MoQCodec control stream parse error err=3
not ok 5 - publish-namespace-done
  ---
  duration_ms: 245
  error: coroutine operation cancelled
  ...
E0706 01:08:41.187209     1 MoQCodec.cpp:126] Conn error=3
E0706 01:08:41.187238     1 MoQSession.cpp:5259] MoQCodec control stream parse error err=3
not ok 6 - subscribe-before-announce
  ---
  duration_ms: 247
  error: coroutine operation cancelled
  ...
make[1]: *** [Makefile:121: test-external] Error 1
make[1]: Leaving directory '/home/runner/work/moq-interop-runner/moq-interop-runner/main'
