make[1]: Entering directory '/home/runner/work/moq-interop-runner/moq-interop-runner/main'
Running tests against moqt://draft-18-interop.cloudflare.mediaoverquic.com:443...
  Client: ghcr.io/openmoq/moqx-interop-client:latest
docker run --rm \
	 \
	--network host \
	-e RELAY_URL=moqt://draft-18-interop.cloudflare.mediaoverquic.com:443 \
	-e TLS_DISABLE_VERIFY=false \
	ghcr.io/openmoq/moqx-interop-client:latest
TAP version 14
# moxygen interop test client
# Relay: moqt://draft-18-interop.cloudflare.mediaoverquic.com:443
# Transport: QUIC
1..6
not ok 1 - setup-only
  ---
  duration_ms: 202
  error: Client closed by peer reason=peer doesn't support any known protocol
  ...
not ok 2 - announce-only
  ---
  duration_ms: 167
  error: Client closed by peer reason=peer doesn't support any known protocol
  ...
not ok 3 - subscribe-error
  ---
  duration_ms: 136
  error: Client closed by peer reason=peer doesn't support any known protocol
  ...
not ok 4 - announce-subscribe
  ---
  duration_ms: 74
  error: Client closed by peer reason=peer doesn't support any known protocol
  ...
not ok 5 - publish-namespace-done
  ---
  duration_ms: 85
  error: Client closed by peer reason=peer doesn't support any known protocol
  ...
not ok 6 - subscribe-before-announce
  ---
  duration_ms: 172
  error: Client closed by peer reason=peer doesn't support any known protocol
  ...
make[1]: *** [Makefile:121: test-external] Error 1
make[1]: Leaving directory '/home/runner/work/moq-interop-runner/moq-interop-runner/main'
