make[1]: Entering directory '/home/runner/work/moq-interop-runner/moq-interop-runner/main'
Running tests against moqt://us-west-2.relay.quicr.org:33437...
  Client: ghcr.io/facebookexperimental/moxygen-interop-client:latest-amd64
docker run --rm \
	 \
	--network host \
	-e RELAY_URL=moqt://us-west-2.relay.quicr.org:33437 \
	-e TLS_DISABLE_VERIFY=1 \
	ghcr.io/facebookexperimental/moxygen-interop-client:latest-amd64
TAP version 14
# moxygen interop test client
# Relay: moqt://us-west-2.relay.quicr.org:33437
# Transport: QUIC
1..6
ok 1 - setup-only
  ---
  duration_ms: 181
  info: SETUP exchange completed successfully
  ...
W0706 01:38:05.119193     1 MoQSession.cpp:5473] Issuing request that will fail; nextRequestID_=0 peerMaxRequestID_=0 sess=0x563f332167c0
E0706 01:38:05.184424     1 MoQRelaySession.cpp:880] PublishNamespaceDone for unknown publishNamespace, sess=0x563f332167c0
ok 2 - announce-only
  ---
  duration_ms: 201
  info: PUBLISH_NAMESPACE completed successfully
  ...
W0706 01:38:05.320132     1 MoQSession.cpp:5473] Issuing request that will fail; nextRequestID_=0 peerMaxRequestID_=0 sess=0x563f33216420
not ok 3 - subscribe-error
  ---
  duration_ms: 201
  error: Subscribe succeeded (relay accepted non-existent track)
  ...
W0706 01:38:05.524755     1 MoQSession.cpp:5473] Issuing request that will fail; nextRequestID_=0 peerMaxRequestID_=0 sess=0x563f33232fa0
W0706 01:38:05.729082     1 MoQSession.cpp:5473] Issuing request that will fail; nextRequestID_=0 peerMaxRequestID_=0 sess=0x563f331a10e0
ok 4 - announce-subscribe
  ---
  duration_ms: 408
  info: Publisher announced, subscriber subscribed successfully
  ...
E0706 01:38:05.794186     1 MoQSession.cpp:5700] publishDone for invalid id=1 sess=0x563f33232fa0
W0706 01:38:05.931128     1 MoQSession.cpp:5473] Issuing request that will fail; nextRequestID_=0 peerMaxRequestID_=0 sess=0x563f331eb970
ok 5 - publish-namespace-done
  ---
  duration_ms: 202
  info: PUBLISH_NAMESPACE_OK received, PUBLISH_NAMESPACE_DONE sent
  ...
W0706 01:38:06.143123     1 MoQSession.cpp:5473] Issuing request that will fail; nextRequestID_=0 peerMaxRequestID_=0 sess=0x563f3322d200
W0706 01:38:06.779472     1 MoQSession.cpp:5473] Issuing request that will fail; nextRequestID_=0 peerMaxRequestID_=0 sess=0x563f3321bf40
ok 6 - subscribe-before-announce
  ---
  duration_ms: 848
  info: Subscribe succeeded after publisher announced (relay buffers pending subscriptions)
  ...
make[1]: *** [Makefile:121: test-external] Error 1
make[1]: Leaving directory '/home/runner/work/moq-interop-runner/moq-interop-runner/main'
