make[1]: Entering directory '/home/runner/work/moq-interop-runner/moq-interop-runner/main'
Running tests against https://draft-16-manish.cloudflare.mediaoverquic.com:443/moq...
  Client: ghcr.io/facebookexperimental/moxygen-interop-client:latest-amd64
docker run --rm \
	 \
	--network host \
	-e RELAY_URL=https://draft-16-manish.cloudflare.mediaoverquic.com:443/moq \
	-e TLS_DISABLE_VERIFY=false \
	ghcr.io/facebookexperimental/moxygen-interop-client:latest-amd64
TAP version 14
# moxygen interop test client
# Relay: https://draft-16-manish.cloudflare.mediaoverquic.com:443/moq
# Transport: WebTransport
1..6
E20260706 01:38:52.257449     1 HQSession.cpp:578] Connection closed with error err=Crypto error: certificate_expired msg=fizz::FizzVerificationException: certificate verification failed: certificate has expired proto=, client CID=, server CID=14512d19c1b4bbd2, local=<uninitialized address>, 34.68.101.111:443=upstream, drain=none
E0706 01:38:52.258438     1 MoQWebTransportClient.cpp:95] std::runtime_error: Crypto error: certificate_expired
not ok 1 - setup-only
  ---
  duration_ms: 148
  error: Crypto error: certificate_expired
  ...
E20260706 01:38:52.279446     1 HQSession.cpp:578] Connection closed with error err=Crypto error: certificate_expired msg=fizz::FizzVerificationException: certificate verification failed: certificate has expired proto=, client CID=, server CID=e9609fc6e83b261d, local=<uninitialized address>, 34.68.101.111:443=upstream, drain=none
E0706 01:38:52.279555     1 MoQWebTransportClient.cpp:95] std::runtime_error: Crypto error: certificate_expired
not ok 2 - announce-only
  ---
  duration_ms: 21
  error: Crypto error: certificate_expired
  ...
E20260706 01:38:52.302670     1 HQSession.cpp:578] Connection closed with error err=Crypto error: certificate_expired msg=fizz::FizzVerificationException: certificate verification failed: certificate has expired proto=, client CID=, server CID=a643d8cfd26c631c, local=<uninitialized address>, 34.68.101.111:443=upstream, drain=none
E0706 01:38:52.302784     1 MoQWebTransportClient.cpp:95] std::runtime_error: Crypto error: certificate_expired
not ok 3 - subscribe-error
  ---
  duration_ms: 23
  error: Crypto error: certificate_expired
  ...
E20260706 01:38:52.323501     1 HQSession.cpp:578] Connection closed with error err=Crypto error: certificate_expired msg=fizz::FizzVerificationException: certificate verification failed: certificate has expired proto=, client CID=, server CID=7259e30e814a26e8, local=<uninitialized address>, 34.68.101.111:443=upstream, drain=none
E0706 01:38:52.323619     1 MoQWebTransportClient.cpp:95] std::runtime_error: Crypto error: certificate_expired
not ok 4 - announce-subscribe
  ---
  duration_ms: 20
  error: Crypto error: certificate_expired
  ...
E20260706 01:38:52.344823     1 HQSession.cpp:578] Connection closed with error err=Crypto error: certificate_expired msg=fizz::FizzVerificationException: certificate verification failed: certificate has expired proto=, client CID=, server CID=0535c71db4058a19, local=<uninitialized address>, 34.68.101.111:443=upstream, drain=none
E0706 01:38:52.344954     1 MoQWebTransportClient.cpp:95] std::runtime_error: Crypto error: certificate_expired
not ok 5 - publish-namespace-done
  ---
  duration_ms: 21
  error: Crypto error: certificate_expired
  ...
E20260706 01:38:52.364988     1 HQSession.cpp:578] Connection closed with error err=Crypto error: certificate_expired msg=fizz::FizzVerificationException: certificate verification failed: certificate has expired proto=, client CID=, server CID=0538567cf445706c, local=<uninitialized address>, 34.68.101.111:443=upstream, drain=none
E0706 01:38:52.365091     1 MoQWebTransportClient.cpp:95] std::runtime_error: Crypto error: certificate_expired
not ok 6 - subscribe-before-announce
  ---
  duration_ms: 20
  error: Crypto error: certificate_expired
  ...
make[1]: *** [Makefile:121: test-external] Error 1
make[1]: Leaving directory '/home/runner/work/moq-interop-runner/moq-interop-runner/main'
