make[1]: Entering directory '/home/runner/work/moq-interop-runner/moq-interop-runner/main'
Running tests against moqt://us-west-2.relay.quicr.org:33437...
  Client: moq-test-client:latest
docker run --rm \
	--network host \
	-e RELAY_URL=moqt://us-west-2.relay.quicr.org:33437 \
	-e TLS_DISABLE_VERIFY=1 \
	moq-test-client:latest
TAP version 14
# moq-test-client v0.1.0
# Relay: moqt://us-west-2.relay.quicr.org:33437
1..6
ok 1 - setup-only
  ---
  duration_ms: 51
  connection_id: ab36706524181103c99fbfa25cfd7cc9
  ...
ok 2 - announce-only
  ---
  duration_ms: 2053
  connection_id: 4247e6c89b2115d2c81c5b4e1d78633a
  ...
not ok 3 - subscribe-error
  ---
  duration_ms: 10000
  message: "test timed out: deadline has elapsed"
  ...
ok 4 - announce-subscribe
  ---
  duration_ms: 3290
  publisher_connection_id: a991bc431e404a51fd0e782a79c30137
  subscriber_connection_id: 07dbe24b5ca2e0843892e34f785f0283
  ...
ok 5 - subscribe-before-announce
  ---
  duration_ms: 4610
  subscriber_connection_id: dd2de5989748f12534b19fd27b73b3dc
  publisher_connection_id: 39cf733ad8a9f315a53d29310bf4c743
  ...
ok 6 - publish-namespace-done
  ---
  duration_ms: 2171
  connection_id: 44ce6b86c001d6b9cd3d7e4b8a83f308
  ...
make[1]: *** [Makefile:91: test-external] Error 1
make[1]: Leaving directory '/home/runner/work/moq-interop-runner/moq-interop-runner/main'
