make[1]: Entering directory '/home/runner/work/moq-interop-runner/moq-interop-runner/main'
Running tests against https://lminiero.it:9000...
  Client: ghcr.io/englishm/moq-interop-runner-moq-test-client-draft-18:latest
docker run --rm \
	 \
	--network host \
	-e RELAY_URL=https://lminiero.it:9000 \
	-e TLS_DISABLE_VERIFY=false \
	ghcr.io/englishm/moq-interop-runner-moq-test-client-draft-18:latest
TAP version 14
# moq-test-client v0.1.6
# Relay: https://lminiero.it:9000/
1..6
[2m2026-06-30T19:20:39.279386Z[0m [32m INFO[0m [2mmoq_native_ietf::quic[0m[2m:[0m UDP socket bound [3mbind[0m[2m=[0m[::]:0 [3mlocal[0m[2m=[0m[::]:40543 [3mdual_stack[0m[2m=[0mtrue
not ok 1 - setup-only
  ---
  duration_ms: 10001
  message: "test timed out: deadline has elapsed"
  ...
[2m2026-06-30T19:20:49.280702Z[0m [32m INFO[0m [2mmoq_native_ietf::quic[0m[2m:[0m UDP socket bound [3mbind[0m[2m=[0m[::]:0 [3mlocal[0m[2m=[0m[::]:37855 [3mdual_stack[0m[2m=[0mtrue
[2m2026-06-30T19:20:49.920642Z[0m [32m INFO[0m [2mmoq_test_client::scenarios[0m[2m:[0m Sending PUBLISH_NAMESPACE for: moq-test/interop
not ok 2 - publish-namespace-only
  ---
  duration_ms: 640
  message: "PUBLISH_NAMESPACE failed: too many requests"
  ...
[2m2026-06-30T19:20:49.921547Z[0m [32m INFO[0m [2mmoq_native_ietf::quic[0m[2m:[0m UDP socket bound [3mbind[0m[2m=[0m[::]:0 [3mlocal[0m[2m=[0m[::]:48738 [3mdual_stack[0m[2m=[0mtrue
[2m2026-06-30T19:20:50.559944Z[0m [32m INFO[0m [2mmoq_test_client::scenarios[0m[2m:[0m Subscribing to non-existent track: nonexistent/namespace/test-track
[2m2026-06-30T19:20:50.559974Z[0m [31mERROR[0m [2mmoq_transport::serve::error[0m[2m:[0m [08f6e3e5-0519-4c82-b16f-2d2b566cab82] Internal error: request ID limit: too many requests at /build/moq-transport/src/session/subscriber.rs:191
[2m2026-06-30T19:20:50.559998Z[0m [33m WARN[0m [2mmoq_test_client::scenarios[0m[2m:[0m Got error but not clearly 'not found': internal error: Internal error [error:08f6e3e5-0519-4c82-b16f-2d2b566cab82]. Relay may use different error text.
ok 3 - subscribe-error
  ---
  duration_ms: 639
  connection_id: e5f7bc59a49bec90869ef97206f6cd22
  ...
[2m2026-06-30T19:20:50.560965Z[0m [32m INFO[0m [2mmoq_native_ietf::quic[0m[2m:[0m UDP socket bound [3mbind[0m[2m=[0m[::]:0 [3mlocal[0m[2m=[0m[::]:53630 [3mdual_stack[0m[2m=[0mtrue
[2m2026-06-30T19:20:51.213226Z[0m [32m INFO[0m [2mmoq_native_ietf::quic[0m[2m:[0m UDP socket bound [3mbind[0m[2m=[0m[::]:0 [3mlocal[0m[2m=[0m[::]:33960 [3mdual_stack[0m[2m=[0mtrue
[2m2026-06-30T19:20:52.058769Z[0m [32m INFO[0m [2mmoq_test_client::scenarios[0m[2m:[0m Publisher sending PUBLISH_NAMESPACE: moq-test/interop
[2m2026-06-30T19:20:52.058791Z[0m [32m INFO[0m [2mmoq_test_client::scenarios[0m[2m:[0m Subscriber subscribing to track: moq-test/interop/test-track
[2m2026-06-30T19:20:52.058804Z[0m [31mERROR[0m [2mmoq_transport::serve::error[0m[2m:[0m [05218f03-b590-4e10-8199-ddac889bebff] Internal error: request ID limit: too many requests at /build/moq-transport/src/session/subscriber.rs:191
[2m2026-06-30T19:20:52.058832Z[0m [32m INFO[0m [2mmoq_test_client::scenarios[0m[2m:[0m Subscriber got error: internal error: Internal error [error:05218f03-b590-4e10-8199-ddac889bebff] - subscription was processed
ok 4 - publish-namespace-subscribe
  ---
  duration_ms: 1498
  publisher_connection_id: 5608049b0f14feea358cfcd5ad93bc52
  subscriber_connection_id: a276364074391a2f097d058af6ac6e48
  ...
[2m2026-06-30T19:20:52.059726Z[0m [32m INFO[0m [2mmoq_native_ietf::quic[0m[2m:[0m UDP socket bound [3mbind[0m[2m=[0m[::]:0 [3mlocal[0m[2m=[0m[::]:50148 [3mdual_stack[0m[2m=[0mtrue
[2m2026-06-30T19:20:52.695459Z[0m [32m INFO[0m [2mmoq_test_client::scenarios[0m[2m:[0m Subscriber subscribing BEFORE PUBLISH_NAMESPACE: moq-test/interop/test-track
[2m2026-06-30T19:20:52.695548Z[0m [31mERROR[0m [2mmoq_transport::serve::error[0m[2m:[0m [2a012afd-f2ae-42a6-b11d-2d001f942510] Internal error: request ID limit: too many requests at /build/moq-transport/src/session/subscriber.rs:191
[2m2026-06-30T19:20:53.198203Z[0m [32m INFO[0m [2mmoq_native_ietf::quic[0m[2m:[0m UDP socket bound [3mbind[0m[2m=[0m[::]:0 [3mlocal[0m[2m=[0m[::]:49535 [3mdual_stack[0m[2m=[0mtrue
[2m2026-06-30T19:20:53.855113Z[0m [32m INFO[0m [2mmoq_test_client::scenarios[0m[2m:[0m Publisher sending PUBLISH_NAMESPACE (after subscriber): moq-test/interop
not ok 5 - subscribe-before-publish-namespace
  ---
  duration_ms: 1796
  message: "publisher PUBLISH_NAMESPACE failed: too many requests"
  ...
[2m2026-06-30T19:20:53.856148Z[0m [32m INFO[0m [2mmoq_native_ietf::quic[0m[2m:[0m UDP socket bound [3mbind[0m[2m=[0m[::]:0 [3mlocal[0m[2m=[0m[::]:47424 [3mdual_stack[0m[2m=[0mtrue
not ok 6 - publish-namespace-done
  ---
  duration_ms: 10000
  message: "test timed out: deadline has elapsed"
  ...
make[1]: *** [Makefile:121: test-external] Error 1
make[1]: Leaving directory '/home/runner/work/moq-interop-runner/moq-interop-runner/main'
