make[1]: Entering directory '/home/runner/work/moq-interop-runner/moq-interop-runner/main'
Running tests against https://lminiero.it:9000...
  Client: ghcr.io/englishm/moq-interop-runner-moq-test-client-draft-16:latest
docker run --rm \
	 \
	--network host \
	-e RELAY_URL=https://lminiero.it:9000 \
	-e TLS_DISABLE_VERIFY=false \
	ghcr.io/englishm/moq-interop-runner-moq-test-client-draft-16:latest
TAP version 14
# moq-test-client v0.1.0
# Relay: https://lminiero.it:9000/
1..6
ok 1 - setup-only
  ---
  duration_ms: 782
  connection_id: 0e0e8d73dd33504a2ebc171677e6ca74
  ...
ok 2 - announce-only
  ---
  duration_ms: 2773
  connection_id: 1c666c4bfd5856eaadd8b4ff428ac463
  ...
ok 3 - subscribe-error
  ---
  duration_ms: 978
  connection_id: c6479307103f02408b6fb352978dc40a
  ...
ok 4 - announce-subscribe
  ---
  duration_ms: 4327
  publisher_connection_id: 80d269a07813148b02993b18212f670f
  subscriber_connection_id: bb7c0311fefa2252270e40f5dcdc762b
  ...
ok 5 - subscribe-before-announce
  ---
  duration_ms: 6042
  subscriber_connection_id: 3b0152da1deb0aec8cdcbba8ca22bd76
  publisher_connection_id: 7727d8324a1d99da08712a72658eecf0
  ...
ok 6 - publish-namespace-done
  ---
  duration_ms: 2884
  connection_id: 081131204748b54b979a93efb73b8f15
  ...
make[1]: Leaving directory '/home/runner/work/moq-interop-runner/moq-interop-runner/main'
