make[1]: Entering directory '/home/runner/work/moq-interop-runner/moq-interop-runner/main'
Running tests against https://fb.mvfst.net:9448/moq-relay...
  Client: ghcr.io/englishm/moq-interop-runner-moq-test-client-draft-16:latest
docker run --rm \
	 \
	--network host \
	-e RELAY_URL=https://fb.mvfst.net:9448/moq-relay \
	-e TLS_DISABLE_VERIFY=1 \
	ghcr.io/englishm/moq-interop-runner-moq-test-client-draft-16:latest
TAP version 14
# moq-test-client v0.1.0
# Relay: https://fb.mvfst.net:9448/moq-relay
1..6
ok 1 - setup-only
  ---
  duration_ms: 95
  connection_id: e9786ccb07b0b43ac2a2fd859c890351
  ...
ok 2 - announce-only
  ---
  duration_ms: 2169
  connection_id: 969a332243042ee63c547ce3376dc362
  ...
ok 3 - subscribe-error
  ---
  duration_ms: 213
  connection_id: bcf7e20425c0d3722f93e7b4e741c837
  ...
ok 4 - announce-subscribe
  ---
  duration_ms: 3265
  publisher_connection_id: b29203e475df7615a5e37e88e630f6b5
  subscriber_connection_id: d3ac81fabb8e8c815d9e660122c1339c
  ...
ok 5 - subscribe-before-announce
  ---
  duration_ms: 4845
  subscriber_connection_id: 9237df82d52358ad0917689f45da1113
  publisher_connection_id: 4c75f47e7ca32acd8ab8a262b1670de4
  ...
ok 6 - publish-namespace-done
  ---
  duration_ms: 2240
  connection_id: 8e6fcd5504316f03fd87c181ccb3532c
  ...
make[1]: Leaving directory '/home/runner/work/moq-interop-runner/moq-interop-runner/main'
