make[1]: Entering directory '/home/runner/work/moq-interop-runner/moq-interop-runner/main'
Running tests against moqt://lminiero.it:9000...
  Client: ghcr.io/englishm/moq-interop-runner-moq-test-client-draft-16:latest
docker run --rm \
	--network host \
	-e RELAY_URL=moqt://lminiero.it:9000 \
	-e TLS_DISABLE_VERIFY=false \
	ghcr.io/englishm/moq-interop-runner-moq-test-client-draft-16:latest
TAP version 14
# moq-test-client v0.1.0
# Relay: moqt://lminiero.it:9000
1..6
ok 1 - setup-only
  ---
  duration_ms: 472
  connection_id: 97816308446473db730b7d1060ada796
  ...
ok 2 - announce-only
  ---
  duration_ms: 3053
  connection_id: 381036383a8f1253587c7855515051f0
  ...
ok 3 - subscribe-error
  ---
  duration_ms: 950
  connection_id: 7c42f1150016ffc9f5baa8497a6d77a1
  ...
ok 4 - announce-subscribe
  ---
  duration_ms: 4111
  publisher_connection_id: 8bb1188a349bab78875f7f59396b5129
  subscriber_connection_id: 1000cf932b20d8a238918cc63617580a
  ...
ok 5 - subscribe-before-announce
  ---
  duration_ms: 4749
  subscriber_connection_id: e1262837b64b8f2759990e694d7dc7be
  publisher_connection_id: 517fe9e9ac7e5cba020473f9d6e78c12
  ...
ok 6 - publish-namespace-done
  ---
  duration_ms: 2742
  connection_id: cdfc4093b6b4b223e3258b50e91eda09
  ...
make[1]: Leaving directory '/home/runner/work/moq-interop-runner/moq-interop-runner/main'
