make[1]: Entering directory '/home/runner/work/moq-interop-runner/moq-interop-runner/main'
Running tests against https://fb.mvfst.net:9448/moq-relay...
  Client: ghcr.io/englishm/moq-interop-runner-moq-test-client:latest
docker run --rm \
	--network host \
	-e RELAY_URL=https://fb.mvfst.net:9448/moq-relay \
	-e TLS_DISABLE_VERIFY=1 \
	ghcr.io/englishm/moq-interop-runner-moq-test-client:latest
TAP version 14
# moq-test-client v0.1.0
# Relay: https://fb.mvfst.net:9448/moq-relay
1..6
ok 1 - setup-only
  ---
  duration_ms: 207
  connection_id: 21f85f68d5838aa354ed7194012c7007
  ...
ok 2 - announce-only
  ---
  duration_ms: 2217
  connection_id: b8a7818fc03b66b379429eb2b3661412
  ...
ok 3 - subscribe-error
  ---
  duration_ms: 229
  connection_id: 74763b721473ae7f99206320582ba174
  ...
ok 4 - announce-subscribe
  ---
  duration_ms: 447
  publisher_connection_id: acc53193afbf838cbab2eb54e47b6a9e
  subscriber_connection_id: 26e9329657fc9482af08318656e98131
  ...
ok 5 - subscribe-before-announce
  ---
  duration_ms: 3877
  subscriber_connection_id: 2738329cc98cfcf7e9cf634208e75c0b
  publisher_connection_id: c21cc9af8babf29673786810f3aed617
  ...
ok 6 - publish-namespace-done
  ---
  duration_ms: 2280
  connection_id: cb779df7512d05c1203b6f084c587973
  ...
make[1]: Leaving directory '/home/runner/work/moq-interop-runner/moq-interop-runner/main'
