make[1]: Entering directory '/home/runner/work/moq-interop-runner/moq-interop-runner/main'
Running tests against moqt://draft-14.cloudflare.mediaoverquic.com:443...
  Client: ghcr.io/englishm/moq-interop-runner-moq-test-client:latest
docker run --rm \
	 \
	--network host \
	-e RELAY_URL=moqt://draft-14.cloudflare.mediaoverquic.com:443 \
	-e TLS_DISABLE_VERIFY=false \
	ghcr.io/englishm/moq-interop-runner-moq-test-client:latest
TAP version 14
# moq-test-client v0.1.0
# Relay: moqt://draft-14.cloudflare.mediaoverquic.com:443
1..6
ok 1 - setup-only
  ---
  duration_ms: 76
  connection_id: 3a8564c0118b9fe01fe2140c30a7aae0
  ...
ok 2 - announce-only
  ---
  duration_ms: 2039
  connection_id: f78c37669bff9f260e52a068bb35614f
  ...
ok 3 - subscribe-error
  ---
  duration_ms: 79
  connection_id: a2357242acb0256b773160d58837c2e5
  ...
ok 4 - announce-subscribe
  ---
  duration_ms: 103
  publisher_connection_id: 7e8963dff8125f9fa159e4dea301abe5
  subscriber_connection_id: 2b4a1cfaa21121ab4acef5d78a48008b
  ...
ok 5 - subscribe-before-announce
  ---
  duration_ms: 3558
  subscriber_connection_id: 9b7d66bed8c7cfb12ac56701de6a5ad0
  publisher_connection_id: db94b5667c627b1117bc121f89dff1bc
  ...
ok 6 - publish-namespace-done
  ---
  duration_ms: 2127
  connection_id: 40a8ed6406c1e7f0812bc655d9e3cf73
  ...
make[1]: Leaving directory '/home/runner/work/moq-interop-runner/moq-interop-runner/main'
