make[1]: Entering directory '/home/runner/work/moq-interop-runner/moq-interop-runner/main'
Running tests against moqt://moqx-main.ci.openmoq.org:4433...
  Client: ghcr.io/englishm/moq-interop-runner-moq-test-client:latest
docker run --rm \
	 \
	--network host \
	-e RELAY_URL=moqt://moqx-main.ci.openmoq.org:4433 \
	-e TLS_DISABLE_VERIFY=false \
	ghcr.io/englishm/moq-interop-runner-moq-test-client:latest
TAP version 14
# moq-test-client v0.1.0
# Relay: moqt://moqx-main.ci.openmoq.org:4433
1..6
ok 1 - setup-only
  ---
  duration_ms: 831
  connection_id: 5f5ce8f69c267aee68bcab26e34bc36f
  ...
ok 2 - announce-only
  ---
  duration_ms: 2172
  connection_id: e683189191a8df3b1d5fdce54f33211f
  ...
ok 3 - subscribe-error
  ---
  duration_ms: 200
  connection_id: f5457615a49a4f896e454d0a7833a606
  ...
ok 4 - announce-subscribe
  ---
  duration_ms: 399
  publisher_connection_id: ac2064299e021c22ba8200fb24523cac
  subscriber_connection_id: d2665d88c290278dc0dcf3487785bdb0
  ...
ok 5 - subscribe-before-announce
  ---
  duration_ms: 3740
  subscriber_connection_id: 91658e6cb91b3c53b1c3cc727f4a538d
  publisher_connection_id: 488ed4c26f8c14ae20cf344576f02172
  ...
ok 6 - publish-namespace-done
  ---
  duration_ms: 2350
  connection_id: 6b586a403775dd1f4b976bb97cfc2e30
  ...
make[1]: Leaving directory '/home/runner/work/moq-interop-runner/moq-interop-runner/main'
