make[1]: Entering directory '/home/runner/work/moq-interop-runner/moq-interop-runner/main'
Running tests against moqt://fb.mvfst.net:9448...
  Client: ghcr.io/englishm/moq-interop-runner-moq-test-client:latest
docker run --rm \
	 \
	--network host \
	-e RELAY_URL=moqt://fb.mvfst.net:9448 \
	-e TLS_DISABLE_VERIFY=1 \
	ghcr.io/englishm/moq-interop-runner-moq-test-client:latest
TAP version 14
# moq-test-client v0.1.0
# Relay: moqt://fb.mvfst.net:9448
1..6
ok 1 - setup-only
  ---
  duration_ms: 197
  connection_id: 5a48403caac6afac401c3fb1f3f161aa
  ...
ok 2 - announce-only
  ---
  duration_ms: 2141
  connection_id: 94b3871994842e2c7e35069bc3d22d8e
  ...
ok 3 - subscribe-error
  ---
  duration_ms: 208
  connection_id: a763b987b09745d2f452483e3c22e948
  ...
ok 4 - announce-subscribe
  ---
  duration_ms: 3302
  publisher_connection_id: 447a40de4240320f57f9f7f614d328e8
  subscriber_connection_id: c0b7b5842779997b7631ebe5d80f8e17
  ...
ok 5 - subscribe-before-announce
  ---
  duration_ms: 3821
  subscriber_connection_id: 79d9eef1ecb3fbc247c5fb3958a466a8
  publisher_connection_id: ad36bd67b622d0c47a39082529c9ba25
  ...
ok 6 - publish-namespace-done
  ---
  duration_ms: 2245
  connection_id: 7ff006dc33d2ed1537fc7fd597418709
  ...
make[1]: Leaving directory '/home/runner/work/moq-interop-runner/moq-interop-runner/main'
