make[1]: Entering directory '/home/runner/work/moq-interop-runner/moq-interop-runner/main'
Running tests against https://relay.moqtail.dev...
  Client: ghcr.io/facebookexperimental/moxygen-interop-client:latest-amd64
docker run --rm \
	 \
	--network host \
	-e RELAY_URL=https://relay.moqtail.dev \
	-e TLS_DISABLE_VERIFY=false \
	ghcr.io/facebookexperimental/moxygen-interop-client:latest-amd64
TAP version 14
# moxygen interop test client
# Relay: https://relay.moqtail.dev
# Transport: WebTransport
1..6
W0626 23:03:38.067932     1 MoQWebTransportClient.cpp:175] WebTransport: No WT-Protocol header in response, will use legacy version negotiation
E0626 23:03:38.113982     1 MoQWebTransportClient.cpp:200] proxygen::HTTPException: Got error=ApplicationError: No Error, Client closed by peer reason=Setup failed
not ok 1 - setup-only
  ---
  duration_ms: 272
  error: coroutine operation cancelled
  ...
W0626 23:03:38.258894     1 MoQWebTransportClient.cpp:175] WebTransport: No WT-Protocol header in response, will use legacy version negotiation
E0626 23:03:38.306521     1 MoQWebTransportClient.cpp:200] proxygen::HTTPException: Got error=ApplicationError: No Error, Client closed by peer reason=Setup failed
not ok 2 - announce-only
  ---
  duration_ms: 192
  error: coroutine operation cancelled
  ...
W0626 23:03:38.490834     1 MoQWebTransportClient.cpp:175] WebTransport: No WT-Protocol header in response, will use legacy version negotiation
E0626 23:03:38.538661     1 MoQWebTransportClient.cpp:200] proxygen::HTTPException: Got error=ApplicationError: No Error, Client closed by peer reason=Setup failed
not ok 3 - subscribe-error
  ---
  duration_ms: 232
  error: coroutine operation cancelled
  ...
W0626 23:03:38.682697     1 MoQWebTransportClient.cpp:175] WebTransport: No WT-Protocol header in response, will use legacy version negotiation
E0626 23:03:38.732036     1 MoQWebTransportClient.cpp:200] proxygen::HTTPException: Got error=ApplicationError: No Error, Client closed by peer reason=Setup failed
not ok 4 - announce-subscribe
  ---
  duration_ms: 193
  error: coroutine operation cancelled
  ...
W0626 23:03:38.843858     1 MoQWebTransportClient.cpp:175] WebTransport: No WT-Protocol header in response, will use legacy version negotiation
E0626 23:03:38.892488     1 MoQWebTransportClient.cpp:200] proxygen::HTTPException: Got error=ApplicationError: No Error, Client closed by peer reason=Setup failed
not ok 5 - publish-namespace-done
  ---
  duration_ms: 160
  error: coroutine operation cancelled
  ...
W0626 23:03:39.091697     1 MoQWebTransportClient.cpp:175] WebTransport: No WT-Protocol header in response, will use legacy version negotiation
E0626 23:03:39.139758     1 MoQWebTransportClient.cpp:200] proxygen::HTTPException: Got error=ApplicationError: No Error, Client closed by peer reason=Setup failed
not ok 6 - subscribe-before-announce
  ---
  duration_ms: 247
  error: coroutine operation cancelled
  ...
make[1]: *** [Makefile:121: test-external] Error 1
make[1]: Leaving directory '/home/runner/work/moq-interop-runner/moq-interop-runner/main'
