make[1]: Entering directory '/home/runner/work/moq-interop-runner/moq-interop-runner/main'
Running tests against https://moqx-000.ci.openmoq.org:4433/moq-relay...
  Client: ghcr.io/englishm/moq-interop-runner-moq-test-client-draft-16:latest
docker run --rm \
	--network host \
	-e RELAY_URL=https://moqx-000.ci.openmoq.org:4433/moq-relay \
	-e TLS_DISABLE_VERIFY=false \
	ghcr.io/englishm/moq-interop-runner-moq-test-client-draft-16:latest
TAP version 14
# moq-test-client v0.1.0
# Relay: https://moqx-000.ci.openmoq.org:4433/moq-relay
1..6
ok 1 - setup-only
  ---
  duration_ms: 338
  connection_id: 4a6b2ce121c3172f6f5821fcc68c1a8d
  ...
ok 2 - announce-only
  ---
  duration_ms: 2243
  connection_id: 67818af8c5e2d968840d3f7a51f44465
  ...
ok 3 - subscribe-error
  ---
  duration_ms: 288
  connection_id: f9d387a59de3bf45c105676ecbdc8feb
  ...
ok 4 - announce-subscribe
  ---
  duration_ms: 3487
  publisher_connection_id: 0610455a1ca9785e001f9926a7a7db8a
  subscriber_connection_id: f74d2998f769503d4c5c9e910e5917d0
  ...
ok 5 - subscribe-before-announce
  ---
  duration_ms: 4948
  subscriber_connection_id: 3ae1136cd3ecf9806947613b64e051f3
  publisher_connection_id: ccf747642f46b4ec0f20fed3fd6a43e8
  ...
ok 6 - publish-namespace-done
  ---
  duration_ms: 2257
  connection_id: 3a21a7cac62ba57ad09e75d14d34adea
  ...
make[1]: Leaving directory '/home/runner/work/moq-interop-runner/moq-interop-runner/main'
