make[1]: Entering directory '/home/runner/work/moq-interop-runner/moq-interop-runner/main'
Running tests against https://fb.mvfst.net:9448/moq-relay...
  Client: ghcr.io/englishm/moq-interop-runner-moq-test-client-draft-16:latest
docker run --rm \
	--network host \
	-e RELAY_URL=https://fb.mvfst.net:9448/moq-relay \
	-e TLS_DISABLE_VERIFY=1 \
	ghcr.io/englishm/moq-interop-runner-moq-test-client-draft-16:latest
TAP version 14
# moq-test-client v0.1.0
# Relay: https://fb.mvfst.net:9448/moq-relay
1..6
[2m2026-05-06T00:37:15.208063Z[0m [33m WARN[0m [2mweb_transport_quinn::session[0m[2m:[0m unknown capsule [3mtyp[0m[2m=[0m0 [3msize[0m[2m=[0m9
ok 1 - setup-only
  ---
  duration_ms: 225
  connection_id: 9e37bfb3f6891fe9742d0a6e995698c6
  ...
[2m2026-05-06T00:37:15.429852Z[0m [33m WARN[0m [2mweb_transport_quinn::session[0m[2m:[0m unknown capsule [3mtyp[0m[2m=[0m0 [3msize[0m[2m=[0m9
[2m2026-05-06T00:37:15.487575Z[0m [33m WARN[0m [2mweb_transport_quinn::session[0m[2m:[0m unknown capsule [3mtyp[0m[2m=[0m0 [3msize[0m[2m=[0m9
ok 2 - announce-only
  ---
  duration_ms: 2221
  connection_id: 307b0df8289ad132ba53c0abcdac52d9
  ...
[2m2026-05-06T00:37:17.649548Z[0m [33m WARN[0m [2mweb_transport_quinn::session[0m[2m:[0m unknown capsule [3mtyp[0m[2m=[0m0 [3msize[0m[2m=[0m9
[2m2026-05-06T00:37:17.708807Z[0m [33m WARN[0m [2mweb_transport_quinn::session[0m[2m:[0m unknown capsule [3mtyp[0m[2m=[0m0 [3msize[0m[2m=[0m9
ok 3 - subscribe-error
  ---
  duration_ms: 279
  connection_id: a7696159ed5afa597233755bf882e3b4
  ...
[2m2026-05-06T00:37:17.905589Z[0m [33m WARN[0m [2mweb_transport_quinn::session[0m[2m:[0m unknown capsule [3mtyp[0m[2m=[0m0 [3msize[0m[2m=[0m9
[2m2026-05-06T00:37:18.130704Z[0m [33m WARN[0m [2mweb_transport_quinn::session[0m[2m:[0m unknown capsule [3mtyp[0m[2m=[0m0 [3msize[0m[2m=[0m9
[2m2026-05-06T00:37:18.192287Z[0m [33m WARN[0m [2mweb_transport_quinn::session[0m[2m:[0m unknown capsule [3mtyp[0m[2m=[0m0 [3msize[0m[2m=[0m9
[2m2026-05-06T00:37:18.193779Z[0m [33m WARN[0m [2mweb_transport_quinn::session[0m[2m:[0m unknown capsule [3mtyp[0m[2m=[0m0 [3msize[0m[2m=[0m9
[2m2026-05-06T00:37:18.255279Z[0m [33m WARN[0m [2mweb_transport_quinn::session[0m[2m:[0m unknown capsule [3mtyp[0m[2m=[0m0 [3msize[0m[2m=[0m9
not ok 4 - announce-subscribe
  ---
  duration_ms: 547
  message: "publisher session error: webtransport error: read error: RESET_STREAM: 386759528: read error: RESET_STREAM: 386759528"
  ...
[2m2026-05-06T00:37:18.258000Z[0m [33m WARN[0m [2mweb_transport_quinn::session[0m[2m:[0m unknown capsule [3mtyp[0m[2m=[0m0 [3msize[0m[2m=[0m6
[2m2026-05-06T00:37:18.465826Z[0m [33m WARN[0m [2mweb_transport_quinn::session[0m[2m:[0m unknown capsule [3mtyp[0m[2m=[0m0 [3msize[0m[2m=[0m9
[2m2026-05-06T00:37:18.524771Z[0m [33m WARN[0m [2mweb_transport_quinn::session[0m[2m:[0m unknown capsule [3mtyp[0m[2m=[0m0 [3msize[0m[2m=[0m9
[2m2026-05-06T00:37:19.181571Z[0m [33m WARN[0m [2mweb_transport_quinn::session[0m[2m:[0m unknown capsule [3mtyp[0m[2m=[0m0 [3msize[0m[2m=[0m9
[2m2026-05-06T00:37:19.242260Z[0m [33m WARN[0m [2mweb_transport_quinn::session[0m[2m:[0m unknown capsule [3mtyp[0m[2m=[0m0 [3msize[0m[2m=[0m9
ok 5 - subscribe-before-announce
  ---
  duration_ms: 3926
  subscriber_connection_id: be53ef8f24b71196c3cda066a89762f1
  publisher_connection_id: 8a59499f3488bc1222b40b58cef4a786
  ...
[2m2026-05-06T00:37:22.401346Z[0m [33m WARN[0m [2mweb_transport_quinn::session[0m[2m:[0m unknown capsule [3mtyp[0m[2m=[0m0 [3msize[0m[2m=[0m9
[2m2026-05-06T00:37:22.462476Z[0m [33m WARN[0m [2mweb_transport_quinn::session[0m[2m:[0m unknown capsule [3mtyp[0m[2m=[0m0 [3msize[0m[2m=[0m9
ok 6 - publish-namespace-done
  ---
  duration_ms: 2321
  connection_id: d9d828476c54b9eca0cdc2c19d7c9ce1
  ...
make[1]: *** [Makefile:91: test-external] Error 1
make[1]: Leaving directory '/home/runner/work/moq-interop-runner/moq-interop-runner/main'
