make[1]: Entering directory '/home/runner/work/moq-interop-runner/moq-interop-runner/main'
Running tests against https://lminiero.it:9000...
  Client: ghcr.io/englishm/moq-interop-runner-moq-test-client-draft-16:latest
docker run --rm \
	--network host \
	-e RELAY_URL=https://lminiero.it:9000 \
	-e TLS_DISABLE_VERIFY=false \
	ghcr.io/englishm/moq-interop-runner-moq-test-client-draft-16:latest
TAP version 14
# moq-test-client v0.1.0
# Relay: https://lminiero.it:9000/
1..6
ok 1 - setup-only
  ---
  duration_ms: 1157
  connection_id: 493e133d8cd670d18e37472309afbc25
  ...
ok 2 - announce-only
  ---
  duration_ms: 3119
  connection_id: ab152984b44d5265f5d1a02198745e7b
  ...
ok 3 - subscribe-error
  ---
  duration_ms: 1138
  connection_id: f2e17588596e9622da4cdcdcbdf00b02
  ...
ok 4 - announce-subscribe
  ---
  duration_ms: 5370
  publisher_connection_id: 5dbbedd9ea01833738f2d1455a9fa0a8
  subscriber_connection_id: 047df44d9d5cb0fd90ea8d95bf7c1a2c
  ...
ok 5 - subscribe-before-announce
  ---
  duration_ms: 6634
  subscriber_connection_id: f2311e7f595d0c0d3a0aafd3348d6862
  publisher_connection_id: e725b2183effd1ecdc77085cb10fe805
  ...
ok 6 - publish-namespace-done
  ---
  duration_ms: 3488
  connection_id: 4f0132ce1c495d5c03670d4a4f40d414
  ...
make[1]: Leaving directory '/home/runner/work/moq-interop-runner/moq-interop-runner/main'
