make[1]: Entering directory '/home/runner/work/moq-interop-runner/moq-interop-runner/main'
Running tests against https://fb.mvfst.net:9448/moq-relay...
  Client: ghcr.io/englishm/moq-interop-runner-moq-test-client:latest
docker run --rm \
	--network host \
	-e RELAY_URL=https://fb.mvfst.net:9448/moq-relay \
	-e TLS_DISABLE_VERIFY=1 \
	ghcr.io/englishm/moq-interop-runner-moq-test-client:latest
TAP version 14
# moq-test-client v0.1.0
# Relay: https://fb.mvfst.net:9448/moq-relay
1..6
ok 1 - setup-only
  ---
  duration_ms: 79
  connection_id: d7b16d5ea198829506fa8db2977ab306
  ...
ok 2 - announce-only
  ---
  duration_ms: 2117
  connection_id: abecdd8ff327b64849988e32cbdc24ff
  ...
ok 3 - subscribe-error
  ---
  duration_ms: 109
  connection_id: 5990dbeb6d930452509ea8fc81138c9b
  ...
ok 4 - announce-subscribe
  ---
  duration_ms: 236
  publisher_connection_id: 25364fa5da7702d895409c95fb480bcf
  subscriber_connection_id: bf0dfca7d1782a9c40cf71906ae12da4
  ...
ok 5 - subscribe-before-announce
  ---
  duration_ms: 3763
  subscriber_connection_id: f165233ceb8956e25ccb9b406171cd72
  publisher_connection_id: 00890163a22e7eb9d52eb1a4fd6af483
  ...
ok 6 - publish-namespace-done
  ---
  duration_ms: 2239
  connection_id: 20130e6b5fcb39eff0689d16a5d30c12
  ...
make[1]: Leaving directory '/home/runner/work/moq-interop-runner/moq-interop-runner/main'
