make[1]: Entering directory '/home/runner/work/moq-interop-runner/moq-interop-runner/main'
Running tests against https://draft-16-manish.cloudflare.mediaoverquic.com:443/moq...
  Client: ghcr.io/englishm/moq-interop-runner-moq-test-client-draft-16:latest
docker run --rm \
	--network host \
	-e RELAY_URL=https://draft-16-manish.cloudflare.mediaoverquic.com:443/moq \
	-e TLS_DISABLE_VERIFY=false \
	ghcr.io/englishm/moq-interop-runner-moq-test-client-draft-16:latest
TAP version 14
# moq-test-client v0.1.0
# Relay: https://draft-16-manish.cloudflare.mediaoverquic.com/moq
1..6
ok 1 - setup-only
  ---
  duration_ms: 147
  connection_id: 7f902a842de14beaa05e5eb0e69a69c3
  ...
ok 2 - announce-only
  ---
  duration_ms: 2135
  connection_id: 757ee9d8e49ab3c66678246e33450a31
  ...
ok 3 - subscribe-error
  ---
  duration_ms: 237
  connection_id: 46bac907573f5c6c9a16e10b235af47f
  ...
ok 4 - announce-subscribe
  ---
  duration_ms: 3355
  publisher_connection_id: 6d1438fad71bb7c10eaa43932aa56ca0
  subscriber_connection_id: cdc524029301a0c66f80a41c23191896
  ...
ok 5 - subscribe-before-announce
  ---
  duration_ms: 3785
  subscriber_connection_id: 48d10c3068d12c11bab5c7c244ecf115
  publisher_connection_id: f66b1a2f326b68344f58e0776b4151f7
  ...
ok 6 - publish-namespace-done
  ---
  duration_ms: 2331
  connection_id: 40475e17f316e939e2f036aed4119af0
  ...
make[1]: Leaving directory '/home/runner/work/moq-interop-runner/moq-interop-runner/main'
