make[1]: Entering directory '/home/runner/work/moq-interop-runner/moq-interop-runner/main'
Running tests against https://lminiero.it:9000...
  Client: ghcr.io/englishm/moq-interop-runner-moq-test-client-draft-16:latest
docker run --rm \
	--network host \
	-e RELAY_URL=https://lminiero.it:9000 \
	-e TLS_DISABLE_VERIFY=false \
	ghcr.io/englishm/moq-interop-runner-moq-test-client-draft-16:latest
TAP version 14
# moq-test-client v0.1.0
# Relay: https://lminiero.it:9000/
1..6
ok 1 - setup-only
  ---
  duration_ms: 878
  connection_id: 66d4dc94c75855a2d2979f5386105b1e
  ...
ok 2 - announce-only
  ---
  duration_ms: 2955
  connection_id: 8b9e166119864d98250e630393cd2fa8
  ...
ok 3 - subscribe-error
  ---
  duration_ms: 756
  connection_id: 9ee62b5e59cf51b10e66508b0a291fe7
  ...
ok 4 - announce-subscribe
  ---
  duration_ms: 4703
  publisher_connection_id: 2aea925955da6fc29078fa00462d4b3e
  subscriber_connection_id: 90eb9d27a8ea97b27710398ee980cedb
  ...
ok 5 - subscribe-before-announce
  ---
  duration_ms: 5708
  subscriber_connection_id: eb85f7e40ee40b6ad1d217734a79412d
  publisher_connection_id: a73c43305a2dc53dd2ae2ed09970595b
  ...
ok 6 - publish-namespace-done
  ---
  duration_ms: 2854
  connection_id: f68e065b7449d8c5d7f33bff0ecfaeea
  ...
make[1]: Leaving directory '/home/runner/work/moq-interop-runner/moq-interop-runner/main'
