make[1]: Entering directory '/home/runner/work/moq-interop-runner/moq-interop-runner/main'
Running tests against https://fb.mvfst.net:9448/moq-relay...
  Client: ghcr.io/englishm/moq-interop-runner-moq-test-client:latest
docker run --rm \
	--network host \
	-e RELAY_URL=https://fb.mvfst.net:9448/moq-relay \
	-e TLS_DISABLE_VERIFY=1 \
	ghcr.io/englishm/moq-interop-runner-moq-test-client:latest
TAP version 14
# moq-test-client v0.1.0
# Relay: https://fb.mvfst.net:9448/moq-relay
1..6
ok 1 - setup-only
  ---
  duration_ms: 102
  connection_id: 36c33af0c4010308a70a6451fcc6107c
  ...
ok 2 - announce-only
  ---
  duration_ms: 2072
  connection_id: 0198b40496809046ee0d413a8875abf7
  ...
ok 3 - subscribe-error
  ---
  duration_ms: 165
  connection_id: 7b952064bbf4c9688a05b6cb091311e1
  ...
ok 4 - announce-subscribe
  ---
  duration_ms: 167
  publisher_connection_id: 6150871aa45bfc376ce5c545f5af5c38
  subscriber_connection_id: 191b8525e7e097705775b4fbcf19db56
  ...
ok 5 - subscribe-before-announce
  ---
  duration_ms: 3721
  subscriber_connection_id: 624af089aa6c1d994f279e075a733c84
  publisher_connection_id: 5b139bc76f0cf14c3e735a68361958fb
  ...
ok 6 - publish-namespace-done
  ---
  duration_ms: 2204
  connection_id: 60b5d98a1736fec84fb402d1e9985078
  ...
make[1]: Leaving directory '/home/runner/work/moq-interop-runner/moq-interop-runner/main'
