make[1]: Entering directory '/home/runner/work/moq-interop-runner/moq-interop-runner/main'
Running tests against https://draft-14.cloudflare.mediaoverquic.com:443/moq...
  Client: ghcr.io/englishm/moq-interop-runner-moq-test-client:latest
docker run --rm \
	--network host \
	-e RELAY_URL=https://draft-14.cloudflare.mediaoverquic.com:443/moq \
	-e TLS_DISABLE_VERIFY=false \
	ghcr.io/englishm/moq-interop-runner-moq-test-client:latest
TAP version 14
# moq-test-client v0.1.0
# Relay: https://draft-14.cloudflare.mediaoverquic.com/moq
1..6
ok 1 - setup-only
  ---
  duration_ms: 11
  connection_id: 9b62ca8ab12d9ba2de6916d5b4de9e39
  ...
ok 2 - announce-only
  ---
  duration_ms: 2016
  connection_id: 6d7dc3277dca8b39a96f53721f804d3f
  ...
ok 3 - subscribe-error
  ---
  duration_ms: 90
  connection_id: 70d3fd7754f4cef8f5e3270d07f7a044
  ...
ok 4 - announce-subscribe
  ---
  duration_ms: 243
  publisher_connection_id: c92360dc2ca4c0e70ff79657393fc9e5
  subscriber_connection_id: 2c29a980bce53dec42f08a974532076e
  ...
ok 5 - subscribe-before-announce
  ---
  duration_ms: 3543
  subscriber_connection_id: 8eca7fde228518b8fb5e323e179d1a57
  publisher_connection_id: 898e7258fb48b1d1ed6d58cddc213c67
  ...
ok 6 - publish-namespace-done
  ---
  duration_ms: 2114
  connection_id: e5e0d0a9f23a99ad13a5bbe7ff0712b2
  ...
make[1]: Leaving directory '/home/runner/work/moq-interop-runner/moq-interop-runner/main'
