make[1]: Entering directory '/home/runner/work/moq-interop-runner/moq-interop-runner/main'
Running tests against https://relay.moqtail.dev...
  Client: ghcr.io/englishm/moq-interop-runner-moq-test-client:latest
docker run --rm \
	--network host \
	-e RELAY_URL=https://relay.moqtail.dev \
	-e TLS_DISABLE_VERIFY=false \
	ghcr.io/englishm/moq-interop-runner-moq-test-client:latest
TAP version 14
# moq-test-client v0.1.0
# Relay: https://relay.moqtail.dev/
1..6
ok 1 - setup-only
  ---
  duration_ms: 1145
  connection_id: 4daef4b826b03bda45ab53495676da11
  ...
ok 2 - announce-only
  ---
  duration_ms: 2677
  connection_id: 1f30ca3d5260cfd709ee19e015e79428
  ...
ok 3 - subscribe-error
  ---
  duration_ms: 884
  connection_id: ce559c426b3ef07666178771ad900068
  ...
ok 4 - announce-subscribe
  ---
  duration_ms: 4423
  publisher_connection_id: 3e74c355dac7f2583d28e53af4bb392d
  subscriber_connection_id: 241d39040bb73a1ff9d162a4d1ec15be
  ...
ok 5 - subscribe-before-announce
  ---
  duration_ms: 4862
  subscriber_connection_id: 7a5f77d5937bf922e762e135b44be041
  publisher_connection_id: 465acb2d33a2ccf6b17a258050f887ae
  ...
ok 6 - publish-namespace-done
  ---
  duration_ms: 2725
  connection_id: 7c4622c408b70b894d26248c0d908ac8
  ...
make[1]: Leaving directory '/home/runner/work/moq-interop-runner/moq-interop-runner/main'
