make[1]: Entering directory '/home/runner/work/moq-interop-runner/moq-interop-runner/main'
Running tests against https://quichemoq.dev:443...
  Client: ghcr.io/englishm/moq-interop-runner-moq-test-client-draft-16:latest
docker run --rm \
	--network host \
	-e RELAY_URL=https://quichemoq.dev:443 \
	-e TLS_DISABLE_VERIFY=false \
	ghcr.io/englishm/moq-interop-runner-moq-test-client-draft-16:latest
TAP version 14
# moq-test-client v0.1.0
# Relay: https://quichemoq.dev/
1..6
ok 1 - setup-only
  ---
  duration_ms: 217
  connection_id: 806d1764f6e4ba5cf0334168dbe00794
  ...
[2m2026-02-26T00:25:02.273423Z[0m [33m WARN[0m [2mweb_transport_quinn::session[0m[2m:[0m unknown capsule [3mtyp[0m[2m=[0m0 [3msize[0m[2m=[0m43
ok 2 - announce-only
  ---
  duration_ms: 2168
  connection_id: 50ed2e7cdc1af36559b2ee470646bd41
  ...
[2m2026-02-26T00:25:04.442013Z[0m [33m WARN[0m [2mweb_transport_quinn::session[0m[2m:[0m unknown capsule [3mtyp[0m[2m=[0m0 [3msize[0m[2m=[0m43
ok 3 - subscribe-error
  ---
  duration_ms: 187
  connection_id: 8c2e94cf1353cd7f146f9de16b82edd6
  ...
[2m2026-02-26T00:25:04.628779Z[0m [33m WARN[0m [2mweb_transport_quinn::session[0m[2m:[0m unknown capsule [3mtyp[0m[2m=[0m0 [3msize[0m[2m=[0m43
ok 4 - announce-subscribe
  ---
  duration_ms: 370
  publisher_connection_id: 761843b89c593305e00eebcf2050f469
  subscriber_connection_id: 817305fe2d769304cbb529c447747b38
  ...
[2m2026-02-26T00:25:05.000243Z[0m [33m WARN[0m [2mweb_transport_quinn::session[0m[2m:[0m unknown capsule [3mtyp[0m[2m=[0m0 [3msize[0m[2m=[0m43
[2m2026-02-26T00:25:05.000885Z[0m [33m WARN[0m [2mweb_transport_quinn::session[0m[2m:[0m unknown capsule [3mtyp[0m[2m=[0m0 [3msize[0m[2m=[0m43
[2m2026-02-26T00:25:05.117576Z[0m [33m WARN[0m [2mweb_transport_quinn::session[0m[2m:[0m unknown capsule [3mtyp[0m[2m=[0m0 [3msize[0m[2m=[0m43
ok 5 - subscribe-before-announce
  ---
  duration_ms: 3797
  subscriber_connection_id: a22d5d15645f75f6a08d7ba579a21964
  publisher_connection_id: adc95e5e52b864dad7a1848f81aeebed
  ...
[2m2026-02-26T00:25:08.798280Z[0m [33m WARN[0m [2mweb_transport_quinn::session[0m[2m:[0m unknown capsule [3mtyp[0m[2m=[0m0 [3msize[0m[2m=[0m43
[2m2026-02-26T00:25:10.897171Z[0m [33m WARN[0m [2mweb_transport_quinn::session[0m[2m:[0m unknown capsule [3mtyp[0m[2m=[0m0 [3msize[0m[2m=[0m43
ok 6 - publish-namespace-done
  ---
  duration_ms: 2201
  connection_id: f487c38da063bc7318356aa934a6e32a
  ...
make[1]: Leaving directory '/home/runner/work/moq-interop-runner/moq-interop-runner/main'
