make[1]: Entering directory '/home/runner/work/moq-interop-runner/moq-interop-runner/main'
Running tests against https://relay.moqtail.dev...
  Client: ghcr.io/facebookexperimental/moxygen-interop-client:latest-amd64
docker run --rm \
	--network host \
	-e RELAY_URL=https://relay.moqtail.dev \
	-e TLS_DISABLE_VERIFY=false \
	ghcr.io/facebookexperimental/moxygen-interop-client:latest-amd64
TAP version 14
# moxygen interop test client
# Relay: https://relay.moqtail.dev
# Transport: WebTransport
1..6
W0226 00:36:22.817929     1 MoQWebTransportClient.cpp:180] WebTransport: No WT-Protocol header in response, will use legacy version negotiation
ok 1 - setup-only
  ---
  duration_ms: 476
  info: SETUP exchange completed successfully
  ...
E0226 00:36:22.966681     1 MoQSession.cpp:2559] proxygen::WebTransport::Exception: session terminated with error=386759528 id=4 sess=0x559ba4299370
W0226 00:36:23.284627     1 MoQWebTransportClient.cpp:180] WebTransport: No WT-Protocol header in response, will use legacy version negotiation
ok 2 - announce-only
  ---
  duration_ms: 628
  info: PUBLISH_NAMESPACE completed successfully
  ...
E0226 00:36:23.595328     1 MoQRelaySession.cpp:698] PublishNamespaceDone for unknown publishNamespace, sess=0x559ba42b5c30
E0226 00:36:23.595494     1 MoQSession.cpp:2559] proxygen::WebTransport::Exception: session terminated with error=386759528 id=4 sess=0x559ba42b5c30
W0226 00:36:23.980666     1 MoQWebTransportClient.cpp:180] WebTransport: No WT-Protocol header in response, will use legacy version negotiation
E0226 00:36:24.297773     1 MoQWebTransportClient.cpp:205] proxygen::HTTPException: Got error=ApplicationError: 3, Client closed by peer reason=Error in control stream handler
E20260226 00:36:24.297857     1 HQSession.cpp:530] Connection closed with error err=3 msg=Client closed by peer reason=Error in control stream handler proto=h3, client CID=, server CID=22aa7ea2c680e3f6, local=10.1.0.43:57997, 172.238.107.254:443=upstream, drain=done
E0226 00:36:24.299200     1 MoQSession.cpp:2559] proxygen::WebTransport::Exception: received invalid reset_stream with error=3 id=4 sess=0x559ba4284c90
ok 3 - subscribe-error
  ---
  duration_ms: 703
  info: Subscribe correctly returned error: Session closed
  ...
W0226 00:36:24.643474     1 MoQWebTransportClient.cpp:180] WebTransport: No WT-Protocol header in response, will use legacy version negotiation
W0226 00:36:25.272558     1 MoQWebTransportClient.cpp:180] WebTransport: No WT-Protocol header in response, will use legacy version negotiation
E0226 00:36:25.585010     1 MoQWebTransportClient.cpp:205] proxygen::HTTPException: Got error=ApplicationError: 3, Client closed by peer reason=Error in control stream handler
E20260226 00:36:25.585080     1 HQSession.cpp:530] Connection closed with error err=3 msg=Client closed by peer reason=Error in control stream handler proto=h3, client CID=, server CID=fdbbe01375356e33, local=10.1.0.43:55577, 172.238.107.254:443=upstream, drain=done
E0226 00:36:25.585274     1 MoQSession.cpp:2559] proxygen::WebTransport::Exception: received invalid reset_stream with error=3 id=4 sess=0x559ba42c6790
not ok 4 - announce-subscribe
  ---
  duration_ms: 1286
  error: Subscribe failed: Session closed
  ...
E0226 00:36:25.585506     1 MoQSession.cpp:2559] proxygen::WebTransport::Exception: session terminated with error=386759528 id=4 sess=0x559ba42a1f20
W0226 00:36:25.979335     1 MoQWebTransportClient.cpp:180] WebTransport: No WT-Protocol header in response, will use legacy version negotiation
E0226 00:36:26.287989     1 MoQSession.cpp:2559] proxygen::WebTransport::Exception: session terminated with error=386759528 id=4 sess=0x559ba42b1f90
ok 5 - publish-namespace-done
  ---
  duration_ms: 702
  info: PUBLISH_NAMESPACE_OK received, PUBLISH_NAMESPACE_DONE sent
  ...
W0226 00:36:26.608303     1 MoQWebTransportClient.cpp:180] WebTransport: No WT-Protocol header in response, will use legacy version negotiation
E0226 00:36:26.917710     1 MoQWebTransportClient.cpp:205] proxygen::HTTPException: Got error=ApplicationError: 3, Client closed by peer reason=Error in control stream handler
E20260226 00:36:26.917781     1 HQSession.cpp:530] Connection closed with error err=3 msg=Client closed by peer reason=Error in control stream handler proto=h3, client CID=, server CID=789ea23de1b42dec, local=10.1.0.43:35274, 172.238.107.254:443=upstream, drain=done
E0226 00:36:26.917955     1 MoQSession.cpp:2559] proxygen::WebTransport::Exception: received invalid reset_stream with error=3 id=4 sess=0x559ba42cce20
W0226 00:36:27.596604     1 MoQWebTransportClient.cpp:180] WebTransport: No WT-Protocol header in response, will use legacy version negotiation
E0226 00:36:27.916526     1 MoQSession.cpp:2559] proxygen::WebTransport::Exception: session terminated with error=386759528 id=4 sess=0x559ba4254e00
ok 6 - subscribe-before-announce
  ---
  duration_ms: 1628
  info: Subscribe returned error (relay doesn't buffer pending subscriptions): Session closed
  ...
E20260226 00:36:28.076224     1 HQSession.cpp:530] Connection closed with error err=1 msg=Client closed by peer reason=Error in control stream handler proto=h3, client CID=, server CID=940ce9e253192c4b, local=10.1.0.43:40932, 172.238.107.254:443=upstream, drain=done
make[1]: *** [Makefile:91: test-external] Error 1
make[1]: Leaving directory '/home/runner/work/moq-interop-runner/moq-interop-runner/main'
