make[1]: Entering directory '/home/runner/work/moq-interop-runner/moq-interop-runner/main'
Running tests against https://relay.moqtail.dev...
  Client: ghcr.io/englishm/moq-interop-runner-moq-test-client-draft-16:latest
docker run --rm \
	 \
	--network host \
	-e RELAY_URL=https://relay.moqtail.dev \
	-e TLS_DISABLE_VERIFY=false \
	ghcr.io/englishm/moq-interop-runner-moq-test-client-draft-16:latest
TAP version 14
# moq-test-client v0.1.0
# Relay: https://relay.moqtail.dev/
1..6
ok 1 - setup-only
  ---
  duration_ms: 170
  connection_id: fe4bfc500ea4f8edf0415b093f6509c3
  ...
ok 2 - announce-only
  ---
  duration_ms: 2145
  connection_id: ef088a34d03e12d54ae37fee236276ab
  ...
ok 3 - subscribe-error
  ---
  duration_ms: 137
  connection_id: 9e8b3ebbc3edd77c97214b264c983a2e
  ...
ok 4 - announce-subscribe
  ---
  duration_ms: 3298
  publisher_connection_id: 2a6faadae1d22051c5f80185938585ea
  subscriber_connection_id: 103835e094fe07246051a7ba789b00d8
  ...
ok 5 - subscribe-before-announce
  ---
  duration_ms: 3769
  subscriber_connection_id: 8e578cac68ccfcb5dd58425370bfeca2
  publisher_connection_id: e370e8de524ec5b55a7e68cbfc25d174
  ...
ok 6 - publish-namespace-done
  ---
  duration_ms: 2189
  connection_id: ad4d926c6eea33093a44fa627862ff98
  ...
make[1]: Leaving directory '/home/runner/work/moq-interop-runner/moq-interop-runner/main'
