make[1]: Entering directory '/home/runner/work/moq-interop-runner/moq-interop-runner/main'
Running tests against https://draft-14.cloudflare.mediaoverquic.com:443/moq...
  Client: ghcr.io/englishm/moq-interop-runner-moq-test-client:latest
docker run --rm \
	 \
	--network host \
	-e RELAY_URL=https://draft-14.cloudflare.mediaoverquic.com:443/moq \
	-e TLS_DISABLE_VERIFY=false \
	ghcr.io/englishm/moq-interop-runner-moq-test-client:latest
TAP version 14
# moq-test-client v0.1.0
# Relay: https://draft-14.cloudflare.mediaoverquic.com/moq
1..6
ok 1 - setup-only
  ---
  duration_ms: 18
  connection_id: 0001eafa0b5083e4c7cb2d5dbc0a2b9d
  ...
ok 2 - announce-only
  ---
  duration_ms: 2019
  connection_id: c36cf2ec06dde7336c97bfbb2da64e88
  ...
ok 3 - subscribe-error
  ---
  duration_ms: 139
  connection_id: 43d3e69ced8b69654b90cfeced491f1f
  ...
ok 4 - announce-subscribe
  ---
  duration_ms: 141
  publisher_connection_id: 749eda22abb4a8450bb891aa3975110d
  subscriber_connection_id: b6ed279a9dcf5cd21a9e0f7b174ec1f4
  ...
ok 5 - subscribe-before-announce
  ---
  duration_ms: 3534
  subscriber_connection_id: a79c2da3a36537d1cb30576b1278c95d
  publisher_connection_id: c651b410424c12df83cbe70b1516164f
  ...
ok 6 - publish-namespace-done
  ---
  duration_ms: 2119
  connection_id: c8e96474f2bc8259ef6b366a6bcb7725
  ...
make[1]: Leaving directory '/home/runner/work/moq-interop-runner/moq-interop-runner/main'
