make[1]: Entering directory '/home/runner/work/moq-interop-runner/moq-interop-runner/main'
Running tests against https://draft-18-interop.cloudflare.mediaoverquic.com:443/moq...
  Client: ghcr.io/englishm/moq-interop-runner-moq-test-client-draft-18:latest
docker run --rm \
	 \
	--network host \
	-e RELAY_URL=https://draft-18-interop.cloudflare.mediaoverquic.com:443/moq \
	-e TLS_DISABLE_VERIFY=false \
	ghcr.io/englishm/moq-interop-runner-moq-test-client-draft-18:latest
TAP version 14
# moq-test-client v0.1.6
# Relay: https://draft-18-interop.cloudflare.mediaoverquic.com/moq
1..6
[2m2026-07-10T01:08:23.219057Z[0m [32m INFO[0m [2mmoq_native_ietf::quic[0m[2m:[0m UDP socket bound [3mbind[0m[2m=[0m[::]:0 [3mlocal[0m[2m=[0m[::]:59099 [3mdual_stack[0m[2m=[0mtrue
[2m2026-07-10T01:08:23.588289Z[0m [32m INFO[0m [2mmoq_test_client::scenarios[0m[2m:[0m SETUP exchange completed successfully
ok 1 - setup-only
  ---
  duration_ms: 370
  connection_id: 594690d85fcac24345fb6d212e2a686d
  ...
[2m2026-07-10T01:08:23.589146Z[0m [32m INFO[0m [2mmoq_native_ietf::quic[0m[2m:[0m UDP socket bound [3mbind[0m[2m=[0m[::]:0 [3mlocal[0m[2m=[0m[::]:35721 [3mdual_stack[0m[2m=[0mtrue
[2m2026-07-10T01:08:23.652020Z[0m [33m WARN[0m [2mweb_transport_quinn::session[0m[2m:[0m failed to read capsule [3me[0m[2m=[0mUnexpectedEnd
[2m2026-07-10T01:08:23.934113Z[0m [32m INFO[0m [2mmoq_test_client::scenarios[0m[2m:[0m Sending PUBLISH_NAMESPACE for: moq-test/interop
[2m2026-07-10T01:08:25.935305Z[0m [32m INFO[0m [2mmoq_test_client::scenarios[0m[2m:[0m PUBLISH_NAMESPACE succeeded (REQUEST_OK received, waiting for subscribers)
ok 2 - publish-namespace-only
  ---
  duration_ms: 2346
  connection_id: bf880573c885b7d4cce2aeff38967b23
  ...
[2m2026-07-10T01:08:25.936225Z[0m [32m INFO[0m [2mmoq_native_ietf::quic[0m[2m:[0m UDP socket bound [3mbind[0m[2m=[0m[::]:0 [3mlocal[0m[2m=[0m[::]:33423 [3mdual_stack[0m[2m=[0mtrue
[2m2026-07-10T01:08:26.000598Z[0m [33m WARN[0m [2mmoq_transport::session::reader[0m[2m:[0m [READER] decode: stream ended while waiting for data (have=0 bytes, need=1)
[2m2026-07-10T01:08:26.368819Z[0m [32m INFO[0m [2mmoq_test_client::scenarios[0m[2m:[0m Subscribing to non-existent track: nonexistent/namespace/test-track
[2m2026-07-10T01:08:26.437316Z[0m [33m WARN[0m [2mmoq_transport::serve::error[0m[2m:[0m [eea09539-f454-44af-9949-d738ffdf4ae6] Not found: not found: Track not found [error:f7c4b60c-515c-4ed4-85e3-5519380ed5cb] at moq-transport/src/session/subscriber.rs:455
[2m2026-07-10T01:08:26.437417Z[0m [32m INFO[0m [2mmoq_test_client::scenarios[0m[2m:[0m Got expected 'not found' error: not found: Track not found [error:eea09539-f454-44af-9949-d738ffdf4ae6]
ok 3 - subscribe-error
  ---
  duration_ms: 502
  connection_id: 4e73eceb2d3466a8b72e600754d90511
  ...
[2m2026-07-10T01:08:26.438400Z[0m [32m INFO[0m [2mmoq_native_ietf::quic[0m[2m:[0m UDP socket bound [3mbind[0m[2m=[0m[::]:0 [3mlocal[0m[2m=[0m[::]:36955 [3mdual_stack[0m[2m=[0mtrue
[2m2026-07-10T01:08:26.438423Z[0m [33m WARN[0m [2mmoq_transport::session::reader[0m[2m:[0m [READER] decode: stream ended while waiting for data (have=0 bytes, need=1)
[2m2026-07-10T01:08:26.787369Z[0m [32m INFO[0m [2mmoq_native_ietf::quic[0m[2m:[0m UDP socket bound [3mbind[0m[2m=[0m[::]:0 [3mlocal[0m[2m=[0m[::]:56053 [3mdual_stack[0m[2m=[0mtrue
[2m2026-07-10T01:08:27.120993Z[0m [32m INFO[0m [2mmoq_test_client::scenarios[0m[2m:[0m Publisher sending PUBLISH_NAMESPACE: moq-test/interop
[2m2026-07-10T01:08:27.121015Z[0m [32m INFO[0m [2mmoq_test_client::scenarios[0m[2m:[0m Subscriber subscribing to track: moq-test/interop/test-track
[2m2026-07-10T01:08:27.185299Z[0m [33m WARN[0m [2mmoq_transport::serve::error[0m[2m:[0m [58ff4436-db0c-4e10-ad46-a0bbbe53c183] Not found: not found: Track not found [error:8dcb3082-d3af-4ad0-9556-a250664991c2] at moq-transport/src/session/subscriber.rs:455
[2m2026-07-10T01:08:27.185328Z[0m [33m WARN[0m [2mmoq_transport::session::reader[0m[2m:[0m [READER] decode: stream ended while waiting for data (have=0 bytes, need=1)
[2m2026-07-10T01:08:27.185511Z[0m [32m INFO[0m [2mmoq_test_client::scenarios[0m[2m:[0m Subscriber got error: not found: Track not found [error:58ff4436-db0c-4e10-ad46-a0bbbe53c183] - subscription was processed
ok 4 - publish-namespace-subscribe
  ---
  duration_ms: 748
  publisher_connection_id: 83bd6030a694866f72f14d8f475f477a
  subscriber_connection_id: 2cff853ff35e938453c65bacfade519d
  ...
[2m2026-07-10T01:08:27.186463Z[0m [32m INFO[0m [2mmoq_native_ietf::quic[0m[2m:[0m UDP socket bound [3mbind[0m[2m=[0m[::]:0 [3mlocal[0m[2m=[0m[::]:35444 [3mdual_stack[0m[2m=[0mtrue
[2m2026-07-10T01:08:27.248503Z[0m [33m WARN[0m [2mweb_transport_quinn::session[0m[2m:[0m failed to read capsule [3me[0m[2m=[0mUnexpectedEnd
[2m2026-07-10T01:08:27.253512Z[0m [33m WARN[0m [2mmoq_transport::session::reader[0m[2m:[0m [READER] decode: stream ended while waiting for data (have=0 bytes, need=1)
[2m2026-07-10T01:08:27.569177Z[0m [32m INFO[0m [2mmoq_test_client::scenarios[0m[2m:[0m Subscriber subscribing BEFORE PUBLISH_NAMESPACE: moq-test/interop/test-track
[2m2026-07-10T01:08:27.637196Z[0m [33m WARN[0m [2mmoq_transport::serve::error[0m[2m:[0m [134f15ba-521a-4443-89fc-40f2328f8162] Not found: not found: Track not found [error:bbba2bb1-66e7-4b7c-8fdf-562baa56c673] at moq-transport/src/session/subscriber.rs:455
[2m2026-07-10T01:08:27.638566Z[0m [33m WARN[0m [2mmoq_transport::session::reader[0m[2m:[0m [READER] decode: stream ended while waiting for data (have=0 bytes, need=1)
[2m2026-07-10T01:08:28.071850Z[0m [32m INFO[0m [2mmoq_native_ietf::quic[0m[2m:[0m UDP socket bound [3mbind[0m[2m=[0m[::]:0 [3mlocal[0m[2m=[0m[::]:37294 [3mdual_stack[0m[2m=[0mtrue
[2m2026-07-10T01:08:28.443025Z[0m [32m INFO[0m [2mmoq_test_client::scenarios[0m[2m:[0m Publisher sending PUBLISH_NAMESPACE (after subscriber): moq-test/interop
[2m2026-07-10T01:08:31.444277Z[0m [32m INFO[0m [2mmoq_test_client::scenarios[0m[2m:[0m Publisher PUBLISH_NAMESPACE timeout (expected)
[2m2026-07-10T01:08:31.444307Z[0m [32m INFO[0m [2mmoq_test_client::scenarios[0m[2m:[0m Subscriber got error: not found: Track not found [error:134f15ba-521a-4443-89fc-40f2328f8162] (may be expected)
ok 5 - subscribe-before-publish-namespace
  ---
  duration_ms: 4258
  subscriber_connection_id: d49027850ad20c641697898c08cb6d4a
  publisher_connection_id: bdd444feb6e836b8dd814c2c186d98d9
  ...
[2m2026-07-10T01:08:31.445299Z[0m [32m INFO[0m [2mmoq_native_ietf::quic[0m[2m:[0m UDP socket bound [3mbind[0m[2m=[0m[::]:0 [3mlocal[0m[2m=[0m[::]:49138 [3mdual_stack[0m[2m=[0mtrue
[2m2026-07-10T01:08:31.513333Z[0m [33m WARN[0m [2mmoq_transport::session::reader[0m[2m:[0m [READER] decode: stream ended while waiting for data (have=0 bytes, need=1)
[2m2026-07-10T01:08:31.800512Z[0m [32m INFO[0m [2mmoq_test_client::scenarios[0m[2m:[0m Sending PUBLISH_NAMESPACE: moq-test/interop
[2m2026-07-10T01:08:33.801652Z[0m [32m INFO[0m [2mmoq_test_client::scenarios[0m[2m:[0m PUBLISH_NAMESPACE active; sending PUBLISH_NAMESPACE_DONE
[2m2026-07-10T01:08:33.869092Z[0m [33m WARN[0m [2mmoq_transport::session::reader[0m[2m:[0m [READER] decode: stream ended while waiting for data (have=0 bytes, need=1)
[2m2026-07-10T01:08:33.902664Z[0m [32m INFO[0m [2mmoq_test_client::scenarios[0m[2m:[0m PUBLISH_NAMESPACE_DONE sent successfully
ok 6 - publish-namespace-done
  ---
  duration_ms: 2458
  connection_id: a65131b71dba15eec54245d2bf8dbb1c
  ...
make[1]: Leaving directory '/home/runner/work/moq-interop-runner/moq-interop-runner/main'
