make[1]: Entering directory '/home/runner/work/moq-interop-runner/moq-interop-runner/main'
Running tests against moqt://fb.mvfst.net:9448...
  Client: ghcr.io/englishm/moq-interop-runner-moq-test-client-draft-18:latest
docker run --rm \
	 \
	--network host \
	-e RELAY_URL=moqt://fb.mvfst.net:9448 \
	-e TLS_DISABLE_VERIFY=1 \
	ghcr.io/englishm/moq-interop-runner-moq-test-client-draft-18:latest
TAP version 14
# moq-test-client v0.1.6
# Relay: moqt://fb.mvfst.net:9448
1..6
[2m2026-07-10T01:11:46.388111Z[0m [32m INFO[0m [2mmoq_native_ietf::quic[0m[2m:[0m UDP socket bound [3mbind[0m[2m=[0m[::]:0 [3mlocal[0m[2m=[0m[::]:56463 [3mdual_stack[0m[2m=[0mtrue
[2m2026-07-10T01:11:46.421055Z[0m [32m INFO[0m [2mmoq_test_client::scenarios[0m[2m:[0m SETUP exchange completed successfully
ok 1 - setup-only
  ---
  duration_ms: 33
  connection_id: 47ec45aca50fe6672c2368ab5228a6ef
  ...
[2m2026-07-10T01:11:46.421861Z[0m [32m INFO[0m [2mmoq_native_ietf::quic[0m[2m:[0m UDP socket bound [3mbind[0m[2m=[0m[::]:0 [3mlocal[0m[2m=[0m[::]:52494 [3mdual_stack[0m[2m=[0mtrue
[2m2026-07-10T01:11:46.533913Z[0m [32m INFO[0m [2mmoq_test_client::scenarios[0m[2m:[0m Sending PUBLISH_NAMESPACE for: moq-test/interop
[2m2026-07-10T01:11:48.534482Z[0m [32m INFO[0m [2mmoq_test_client::scenarios[0m[2m:[0m PUBLISH_NAMESPACE succeeded (REQUEST_OK received, waiting for subscribers)
ok 2 - publish-namespace-only
  ---
  duration_ms: 2113
  connection_id: 30e18ed1922e914ec50e4bd0455a2589
  ...
[2m2026-07-10T01:11:48.535592Z[0m [32m INFO[0m [2mmoq_native_ietf::quic[0m[2m:[0m UDP socket bound [3mbind[0m[2m=[0m[::]:0 [3mlocal[0m[2m=[0m[::]:44799 [3mdual_stack[0m[2m=[0mtrue
[2m2026-07-10T01:11:48.574246Z[0m [32m INFO[0m [2mmoq_test_client::scenarios[0m[2m:[0m Subscribing to non-existent track: nonexistent/namespace/test-track
[2m2026-07-10T01:11:48.595168Z[0m [33m WARN[0m [2mmoq_transport::serve::error[0m[2m:[0m [4a156fa3-5693-4113-9424-fa7e91aaca6f] Not found: no such namespace or track at moq-transport/src/session/subscriber.rs:455
[2m2026-07-10T01:11:48.595198Z[0m [33m WARN[0m [2mmoq_transport::session::reader[0m[2m:[0m [READER] decode: stream ended while waiting for data (have=0 bytes, need=1)
[2m2026-07-10T01:11:48.595267Z[0m [32m INFO[0m [2mmoq_test_client::scenarios[0m[2m:[0m Got expected 'not found' error: not found: Track not found [error:4a156fa3-5693-4113-9424-fa7e91aaca6f]
ok 3 - subscribe-error
  ---
  duration_ms: 60
  connection_id: 18c6b408d6b768fa662d436966cd321e
  ...
[2m2026-07-10T01:11:48.596159Z[0m [32m INFO[0m [2mmoq_native_ietf::quic[0m[2m:[0m UDP socket bound [3mbind[0m[2m=[0m[::]:0 [3mlocal[0m[2m=[0m[::]:42536 [3mdual_stack[0m[2m=[0mtrue
[2m2026-07-10T01:11:48.661198Z[0m [32m INFO[0m [2mmoq_native_ietf::quic[0m[2m:[0m UDP socket bound [3mbind[0m[2m=[0m[::]:0 [3mlocal[0m[2m=[0m[::]:45314 [3mdual_stack[0m[2m=[0mtrue
[2m2026-07-10T01:11:48.772479Z[0m [32m INFO[0m [2mmoq_test_client::scenarios[0m[2m:[0m Publisher sending PUBLISH_NAMESPACE: moq-test/interop
[2m2026-07-10T01:11:48.772500Z[0m [32m INFO[0m [2mmoq_test_client::scenarios[0m[2m:[0m Subscriber subscribing to track: moq-test/interop/test-track
[2m2026-07-10T01:11:48.793605Z[0m [33m WARN[0m [2mmoq_transport::serve::error[0m[2m:[0m [8d195cbd-719c-4207-8832-aeff312a296a] Not found: no such namespace or track at moq-transport/src/session/subscriber.rs:455
[2m2026-07-10T01:11:48.793634Z[0m [33m WARN[0m [2mmoq_transport::session::reader[0m[2m:[0m [READER] decode: stream ended while waiting for data (have=0 bytes, need=1)
[2m2026-07-10T01:11:48.793730Z[0m [32m INFO[0m [2mmoq_test_client::scenarios[0m[2m:[0m Subscriber got error: not found: Track not found [error:8d195cbd-719c-4207-8832-aeff312a296a] - subscription was processed
ok 4 - publish-namespace-subscribe
  ---
  duration_ms: 198
  publisher_connection_id: a632104ee126aedc446ec82a83f15cfe
  subscriber_connection_id: 94c162fc84f35628f14f329c640ac2e8
  ...
[2m2026-07-10T01:11:48.794673Z[0m [32m INFO[0m [2mmoq_native_ietf::quic[0m[2m:[0m UDP socket bound [3mbind[0m[2m=[0m[::]:0 [3mlocal[0m[2m=[0m[::]:46755 [3mdual_stack[0m[2m=[0mtrue
[2m2026-07-10T01:11:48.822466Z[0m [32m INFO[0m [2mmoq_test_client::scenarios[0m[2m:[0m Subscriber subscribing BEFORE PUBLISH_NAMESPACE: moq-test/interop/test-track
[2m2026-07-10T01:11:48.841987Z[0m [33m WARN[0m [2mmoq_transport::serve::error[0m[2m:[0m [8e1755ed-8762-4474-9c7a-23f84780c0d0] Not found: no such namespace or track at moq-transport/src/session/subscriber.rs:455
[2m2026-07-10T01:11:48.842009Z[0m [33m WARN[0m [2mmoq_transport::session::reader[0m[2m:[0m [READER] decode: stream ended while waiting for data (have=0 bytes, need=1)
[2m2026-07-10T01:11:49.324114Z[0m [32m INFO[0m [2mmoq_native_ietf::quic[0m[2m:[0m UDP socket bound [3mbind[0m[2m=[0m[::]:0 [3mlocal[0m[2m=[0m[::]:51928 [3mdual_stack[0m[2m=[0mtrue
[2m2026-07-10T01:11:49.402680Z[0m [32m INFO[0m [2mmoq_test_client::scenarios[0m[2m:[0m Publisher sending PUBLISH_NAMESPACE (after subscriber): moq-test/interop
[2m2026-07-10T01:11:52.404257Z[0m [32m INFO[0m [2mmoq_test_client::scenarios[0m[2m:[0m Publisher PUBLISH_NAMESPACE timeout (expected)
[2m2026-07-10T01:11:52.404286Z[0m [32m INFO[0m [2mmoq_test_client::scenarios[0m[2m:[0m Subscriber got error: not found: Track not found [error:8e1755ed-8762-4474-9c7a-23f84780c0d0] (may be expected)
ok 5 - subscribe-before-publish-namespace
  ---
  duration_ms: 3610
  subscriber_connection_id: f96c187c208dc20933d548ccac435342
  publisher_connection_id: b656e46a3662fef8470bcdfeaacd57fc
  ...
[2m2026-07-10T01:11:52.405235Z[0m [32m INFO[0m [2mmoq_native_ietf::quic[0m[2m:[0m UDP socket bound [3mbind[0m[2m=[0m[::]:0 [3mlocal[0m[2m=[0m[::]:54357 [3mdual_stack[0m[2m=[0mtrue
[2m2026-07-10T01:11:52.435523Z[0m [32m INFO[0m [2mmoq_test_client::scenarios[0m[2m:[0m Sending PUBLISH_NAMESPACE: moq-test/interop
[2m2026-07-10T01:11:54.437031Z[0m [32m INFO[0m [2mmoq_test_client::scenarios[0m[2m:[0m PUBLISH_NAMESPACE active; sending PUBLISH_NAMESPACE_DONE
[2m2026-07-10T01:11:54.539176Z[0m [32m INFO[0m [2mmoq_test_client::scenarios[0m[2m:[0m PUBLISH_NAMESPACE_DONE sent successfully
ok 6 - publish-namespace-done
  ---
  duration_ms: 2134
  connection_id: 901b6052eff0ba92877dc7e63b2c5651
  ...
make[1]: Leaving directory '/home/runner/work/moq-interop-runner/moq-interop-runner/main'
