make[1]: Entering directory '/home/runner/work/moq-interop-runner/moq-interop-runner/main'
Running tests against https://lminiero.it:9000...
  Client: ghcr.io/openmoq/moqx-interop-client:latest
docker run --rm \
	 \
	--network host \
	-e RELAY_URL=https://lminiero.it:9000 \
	-e TLS_DISABLE_VERIFY=false \
	ghcr.io/openmoq/moqx-interop-client:latest
TAP version 14
# moxygen interop test client
# Relay: https://lminiero.it:9000
# Transport: WebTransport
1..6
E0710 01:12:51.815362     1 MoQWebTransportClient.cpp:147] std::runtime_error: Error setting up WebTransport: proxygen::HTTPException: ingress timeout, streamID=0, timeout=2000ms
not ok 1 - setup-only
  ---
  duration_ms: 2654
  error: Error setting up WebTransport: proxygen::HTTPException: ingress timeout, streamID=0, timeout=2000ms
  ...
E0710 01:12:54.137964     1 MoQWebTransportClient.cpp:147] std::runtime_error: Error setting up WebTransport: proxygen::HTTPException: ingress timeout, streamID=0, timeout=2000ms
not ok 2 - announce-only
  ---
  duration_ms: 2322
  error: Error setting up WebTransport: proxygen::HTTPException: ingress timeout, streamID=0, timeout=2000ms
  ...
E0710 01:12:56.593481     1 MoQWebTransportClient.cpp:147] std::runtime_error: Error setting up WebTransport: proxygen::HTTPException: ingress timeout, streamID=0, timeout=2000ms
not ok 3 - subscribe-error
  ---
  duration_ms: 2455
  error: Error setting up WebTransport: proxygen::HTTPException: ingress timeout, streamID=0, timeout=2000ms
  ...
E0710 01:12:58.922795     1 MoQWebTransportClient.cpp:147] std::runtime_error: Error setting up WebTransport: proxygen::HTTPException: ingress timeout, streamID=0, timeout=2000ms
not ok 4 - announce-subscribe
  ---
  duration_ms: 2329
  error: Error setting up WebTransport: proxygen::HTTPException: ingress timeout, streamID=0, timeout=2000ms
  ...
E0710 01:13:01.364975     1 MoQWebTransportClient.cpp:147] std::runtime_error: Error setting up WebTransport: proxygen::HTTPException: ingress timeout, streamID=0, timeout=2000ms
not ok 5 - publish-namespace-done
  ---
  duration_ms: 2442
  error: Error setting up WebTransport: proxygen::HTTPException: ingress timeout, streamID=0, timeout=2000ms
  ...
E0710 01:13:03.794710     1 MoQWebTransportClient.cpp:147] std::runtime_error: Error setting up WebTransport: proxygen::HTTPException: ingress timeout, streamID=0, timeout=2000ms
not ok 6 - subscribe-before-announce
  ---
  duration_ms: 2429
  error: Error setting up WebTransport: proxygen::HTTPException: ingress timeout, streamID=0, timeout=2000ms
  ...
E20260710 01:13:04.796500     1 EventHandler.cpp:90] EventBase: failed to register event handler for fd 9: Resource temporarily unavailable
E20260710 01:13:04.797777     1 EventHandler.cpp:90] EventBase: failed to register event handler for fd 10: Resource temporarily unavailable
E20260710 01:13:04.797866     1 EventHandler.cpp:90] EventBase: failed to register event handler for fd 11: Resource temporarily unavailable
E20260710 01:13:04.797937     1 EventHandler.cpp:90] EventBase: failed to register event handler for fd 12: Resource temporarily unavailable
E20260710 01:13:04.797994     1 EventHandler.cpp:90] EventBase: failed to register event handler for fd 13: Resource temporarily unavailable
E20260710 01:13:04.798043     1 EventHandler.cpp:90] EventBase: failed to register event handler for fd 14: Resource temporarily unavailable
make[1]: *** [Makefile:121: test-external] Error 1
make[1]: Leaving directory '/home/runner/work/moq-interop-runner/moq-interop-runner/main'
