make[1]: Entering directory '/home/runner/work/moq-interop-runner/moq-interop-runner/main'
Running tests against https://draft-14.cloudflare.mediaoverquic.com:443/moq...
  Client: ghcr.io/openmoq/moqx-interop-client:latest
docker run --rm \
	 \
	--network host \
	-e RELAY_URL=https://draft-14.cloudflare.mediaoverquic.com:443/moq \
	-e TLS_DISABLE_VERIFY=false \
	ghcr.io/openmoq/moqx-interop-client:latest
TAP version 14
# moxygen interop test client
# Relay: https://draft-14.cloudflare.mediaoverquic.com:443/moq
# Transport: WebTransport
1..6
W0710 01:45:46.150614     1 MoQWebTransportClient.cpp:175] WebTransport: No WT-Protocol header in response, will use legacy version negotiation
ok 1 - setup-only
  ---
  duration_ms: 39
  info: SETUP exchange completed successfully
  ...
W0710 01:45:46.166634     1 MoQWebTransportClient.cpp:175] WebTransport: No WT-Protocol header in response, will use legacy version negotiation
not ok 2 - announce-only
  ---
  duration_ms: 77
  error: done
  ...
W0710 01:45:46.244282     1 MoQWebTransportClient.cpp:175] WebTransport: No WT-Protocol header in response, will use legacy version negotiation
E0710 01:45:48.246606     1 MoQSession.cpp:5572] subscribeFuture exception=folly::OperationCancelled: coroutine operation cancelled
not ok 3 - subscribe-error
  ---
  duration_ms: 2015
  error: Timed out waiting for SUBSCRIBE response
  ...
W0710 01:45:48.260040     1 MoQWebTransportClient.cpp:175] WebTransport: No WT-Protocol header in response, will use legacy version negotiation
not ok 4 - announce-subscribe
  ---
  duration_ms: 86
  error: PUBLISH_NAMESPACE failed: done
  ...
W0710 01:45:48.344946     1 MoQWebTransportClient.cpp:175] WebTransport: No WT-Protocol header in response, will use legacy version negotiation
ok 5 - publish-namespace-done
  ---
  duration_ms: 120
  info: PUBLISH_NAMESPACE_OK received, PUBLISH_NAMESPACE_DONE sent
  ...
W0710 01:45:48.480685     1 MoQWebTransportClient.cpp:175] WebTransport: No WT-Protocol header in response, will use legacy version negotiation
W0710 01:45:48.997224     1 MoQWebTransportClient.cpp:175] WebTransport: No WT-Protocol header in response, will use legacy version negotiation
E0710 01:45:50.501674     1 MoQWebTransportClient.cpp:200] proxygen::HTTPException: ingress timeout, streamID=0, timeout=2000ms
ok 6 - subscribe-before-announce
  ---
  duration_ms: 2047
  info: Subscribe returned error (relay doesn't buffer pending subscriptions): Session closed
  ...
make[1]: *** [Makefile:121: test-external] Error 1
make[1]: Leaving directory '/home/runner/work/moq-interop-runner/moq-interop-runner/main'
