make[1]: Entering directory '/home/runner/work/moq-interop-runner/moq-interop-runner/main'
Running tests against moqt://us-west-2.relay.quicr.org:33437...
  Client: ghcr.io/openmoq/moqx-interop-client:latest
docker run --rm \
	 \
	--network host \
	-e RELAY_URL=moqt://us-west-2.relay.quicr.org:33437 \
	-e TLS_DISABLE_VERIFY=1 \
	ghcr.io/openmoq/moqx-interop-client:latest
TAP version 14
# moxygen interop test client
# Relay: moqt://us-west-2.relay.quicr.org:33437
# Transport: QUIC
1..6
ok 1 - setup-only
  ---
  duration_ms: 361
  info: SETUP exchange completed successfully
  ...
W0710 01:45:22.311390     1 MoQSession.cpp:5473] Issuing request that will fail; nextRequestID_=0 peerMaxRequestID_=0 sess=0x564522711a50
E0710 01:45:22.397209     1 MoQRelaySession.cpp:880] PublishNamespaceDone for unknown publishNamespace, sess=0x564522711a50
ok 2 - announce-only
  ---
  duration_ms: 425
  info: PUBLISH_NAMESPACE completed successfully
  ...
W0710 01:45:22.686448     1 MoQSession.cpp:5473] Issuing request that will fail; nextRequestID_=0 peerMaxRequestID_=0 sess=0x5645227107e0
not ok 3 - subscribe-error
  ---
  duration_ms: 375
  error: Subscribe succeeded (relay accepted non-existent track)
  ...
W0710 01:45:22.949447     1 MoQSession.cpp:5473] Issuing request that will fail; nextRequestID_=0 peerMaxRequestID_=0 sess=0x564522719f60
W0710 01:45:23.215346     1 MoQSession.cpp:5473] Issuing request that will fail; nextRequestID_=0 peerMaxRequestID_=0 sess=0x56452271f040
E0710 01:45:23.300894     1 MoQSession.cpp:5700] publishDone for invalid id=1 sess=0x564522719f60
ok 4 - announce-subscribe
  ---
  duration_ms: 528
  info: Publisher announced, subscriber subscribed successfully
  ...
W0710 01:45:23.491716     1 MoQSession.cpp:5473] Issuing request that will fail; nextRequestID_=0 peerMaxRequestID_=0 sess=0x56452270b520
ok 5 - publish-namespace-done
  ---
  duration_ms: 277
  info: PUBLISH_NAMESPACE_OK received, PUBLISH_NAMESPACE_DONE sent
  ...
W0710 01:45:23.929255     1 MoQSession.cpp:5473] Issuing request that will fail; nextRequestID_=0 peerMaxRequestID_=0 sess=0x564522724bf0
W0710 01:45:24.701844     1 MoQSession.cpp:5473] Issuing request that will fail; nextRequestID_=0 peerMaxRequestID_=0 sess=0x564522716530
ok 6 - subscribe-before-announce
  ---
  duration_ms: 1209
  info: Subscribe succeeded after publisher announced (relay buffers pending subscriptions)
  ...
make[1]: *** [Makefile:121: test-external] Error 1
make[1]: Leaving directory '/home/runner/work/moq-interop-runner/moq-interop-runner/main'
