make[1]: Entering directory '/home/runner/work/moq-interop-runner/moq-interop-runner/main'
Running tests against moqt://fb.mvfst.net:9448...
  Client: ghcr.io/facebookexperimental/moxygen-interop-client:latest-amd64
docker run --rm \
	 \
	--network host \
	-e RELAY_URL=moqt://fb.mvfst.net:9448 \
	-e TLS_DISABLE_VERIFY=1 \
	ghcr.io/facebookexperimental/moxygen-interop-client:latest-amd64
TAP version 14
# moxygen interop test client
# Relay: moqt://fb.mvfst.net:9448
# Transport: QUIC
1..6
ok 1 - setup-only
  ---
  duration_ms: 174
  info: SETUP exchange completed successfully
  ...
ok 2 - announce-only
  ---
  duration_ms: 67
  info: PUBLISH_NAMESPACE completed successfully
  ...
E0710 01:18:05.277672     1 MoQRelaySession.cpp:880] PublishNamespaceDone for unknown publishNamespace, sess=0x55a3e0c527d0
ok 3 - subscribe-error
  ---
  duration_ms: 233
  info: Subscribe correctly returned error: no such namespace or track
  ...
ok 4 - announce-subscribe
  ---
  duration_ms: 147
  info: Publisher announced, subscriber subscribed successfully
  ...
E0710 01:18:05.658714     1 MoQSession.cpp:5700] publishDone for invalid id=1 sess=0x55a3e0c43760
ok 5 - publish-namespace-done
  ---
  duration_ms: 152
  info: PUBLISH_NAMESPACE_OK received, PUBLISH_NAMESPACE_DONE sent
  ...
ok 6 - subscribe-before-announce
  ---
  duration_ms: 617
  info: Subscribe returned error (relay doesn't buffer pending subscriptions): no such namespace or track
  ...
make[1]: Leaving directory '/home/runner/work/moq-interop-runner/moq-interop-runner/main'
