make[1]: Entering directory '/home/runner/work/moq-interop-runner/moq-interop-runner/main'
Running tests against https://us-west-2.relay.quicr.org:33437/relay...
  Client: ghcr.io/facebookexperimental/moxygen-interop-client:latest-amd64
docker run --rm \
	 \
	--network host \
	-e RELAY_URL=https://us-west-2.relay.quicr.org:33437/relay \
	-e TLS_DISABLE_VERIFY=1 \
	ghcr.io/facebookexperimental/moxygen-interop-client:latest-amd64
TAP version 14
# moxygen interop test client
# Relay: https://us-west-2.relay.quicr.org:33437/relay
# Transport: WebTransport
1..6
W0710 01:47:04.824921     1 MoQWebTransportClient.cpp:175] WebTransport: No WT-Protocol header in response, will use legacy version negotiation
E0710 01:47:04.910459     1 MoQFramer.cpp:1064] Server selected version draft-1 but we only offer draft-14 in legacy mode
E0710 01:47:04.910483     1 MoQCodec.cpp:126] Conn error=21
E0710 01:47:04.910489     1 MoQSession.cpp:5259] MoQCodec control stream parse error err=21
not ok 1 - setup-only
  ---
  duration_ms: 336
  error: coroutine operation cancelled
  ...
W0710 01:47:05.251559     1 MoQWebTransportClient.cpp:175] WebTransport: No WT-Protocol header in response, will use legacy version negotiation
E0710 01:47:05.338470     1 MoQFramer.cpp:1064] Server selected version draft-1 but we only offer draft-14 in legacy mode
E0710 01:47:05.338495     1 MoQCodec.cpp:126] Conn error=21
E0710 01:47:05.338502     1 MoQSession.cpp:5259] MoQCodec control stream parse error err=21
not ok 2 - announce-only
  ---
  duration_ms: 427
  error: coroutine operation cancelled
  ...
W0710 01:47:05.612042     1 MoQWebTransportClient.cpp:175] WebTransport: No WT-Protocol header in response, will use legacy version negotiation
E0710 01:47:05.698851     1 MoQFramer.cpp:1064] Server selected version draft-1 but we only offer draft-14 in legacy mode
E0710 01:47:05.698877     1 MoQCodec.cpp:126] Conn error=21
E0710 01:47:05.698884     1 MoQSession.cpp:5259] MoQCodec control stream parse error err=21
not ok 3 - subscribe-error
  ---
  duration_ms: 360
  error: coroutine operation cancelled
  ...
W0710 01:47:05.874511     1 MoQWebTransportClient.cpp:175] WebTransport: No WT-Protocol header in response, will use legacy version negotiation
E0710 01:47:05.960398     1 MoQFramer.cpp:1064] Server selected version draft-1 but we only offer draft-14 in legacy mode
E0710 01:47:05.960422     1 MoQCodec.cpp:126] Conn error=21
E0710 01:47:05.960428     1 MoQSession.cpp:5259] MoQCodec control stream parse error err=21
not ok 4 - announce-subscribe
  ---
  duration_ms: 261
  error: coroutine operation cancelled
  ...
W0710 01:47:06.314208     1 MoQWebTransportClient.cpp:175] WebTransport: No WT-Protocol header in response, will use legacy version negotiation
E0710 01:47:06.400391     1 MoQFramer.cpp:1064] Server selected version draft-1 but we only offer draft-14 in legacy mode
E0710 01:47:06.400417     1 MoQCodec.cpp:126] Conn error=21
E0710 01:47:06.400428     1 MoQSession.cpp:5259] MoQCodec control stream parse error err=21
not ok 5 - publish-namespace-done
  ---
  duration_ms: 439
  error: coroutine operation cancelled
  ...
W0710 01:47:06.615953     1 MoQWebTransportClient.cpp:175] WebTransport: No WT-Protocol header in response, will use legacy version negotiation
E0710 01:47:06.701833     1 MoQFramer.cpp:1064] Server selected version draft-1 but we only offer draft-14 in legacy mode
E0710 01:47:06.701856     1 MoQCodec.cpp:126] Conn error=21
E0710 01:47:06.701862     1 MoQSession.cpp:5259] MoQCodec control stream parse error err=21
not ok 6 - subscribe-before-announce
  ---
  duration_ms: 301
  error: coroutine operation cancelled
  ...
make[1]: *** [Makefile:121: test-external] Error 1
make[1]: Leaving directory '/home/runner/work/moq-interop-runner/moq-interop-runner/main'
