make[1]: Entering directory '/home/runner/work/moq-interop-runner/moq-interop-runner/main'
Running tests against https://moqx-000.ci.openmoq.org:4433/moq-relay...
  Client: ghcr.io/englishm/moq-interop-runner-moq-test-client-draft-16:latest
docker run --rm \
	 \
	--network host \
	-e RELAY_URL=https://moqx-000.ci.openmoq.org:4433/moq-relay \
	-e TLS_DISABLE_VERIFY=false \
	ghcr.io/englishm/moq-interop-runner-moq-test-client-draft-16:latest
TAP version 14
# moq-test-client v0.1.0
# Relay: https://moqx-000.ci.openmoq.org:4433/moq-relay
1..6
ok 1 - setup-only
  ---
  duration_ms: 352
  connection_id: 0f7bacfee019c8f7917905c26c91e66c
  ...
ok 2 - announce-only
  ---
  duration_ms: 2229
  connection_id: e97293fe31c3a4c8c5288eb8b1d5c799
  ...
ok 3 - subscribe-error
  ---
  duration_ms: 430
  connection_id: fe89e404013c5fb365170fe5e1c77e2b
  ...
ok 4 - announce-subscribe
  ---
  duration_ms: 3468
  publisher_connection_id: 502f62a7a694cdc935279f69c8e77a9d
  subscriber_connection_id: c8658237bc50c8d27929fa5907b9278a
  ...
ok 5 - subscribe-before-announce
  ---
  duration_ms: 5163
  subscriber_connection_id: 81d55898395387c403a38457164c52a8
  publisher_connection_id: 12feef09ef041db03aa1303c0c156ce8
  ...
ok 6 - publish-namespace-done
  ---
  duration_ms: 2380
  connection_id: 72332bc86f94ea750d5171870bcfc18f
  ...
make[1]: Leaving directory '/home/runner/work/moq-interop-runner/moq-interop-runner/main'
