make[1]: Entering directory '/home/runner/work/moq-interop-runner/moq-interop-runner/main'
Running tests against https://fb.mvfst.net:9448/moq-relay...
  Client: ghcr.io/englishm/moq-interop-runner-moq-test-client-draft-16:latest
docker run --rm \
	 \
	--network host \
	-e RELAY_URL=https://fb.mvfst.net:9448/moq-relay \
	-e TLS_DISABLE_VERIFY=1 \
	ghcr.io/englishm/moq-interop-runner-moq-test-client-draft-16:latest
TAP version 14
# moq-test-client v0.1.0
# Relay: https://fb.mvfst.net:9448/moq-relay
1..6
[2m2026-05-21T00:47:15.317909Z[0m [33m WARN[0m [2mweb_transport_quinn::session[0m[2m:[0m unknown capsule [3mtyp[0m[2m=[0m0 [3msize[0m[2m=[0m9
ok 1 - setup-only
  ---
  duration_ms: 262
  connection_id: b9f55edf9d4ef2bb3792d83c7238eba5
  ...
[2m2026-05-21T00:47:15.527272Z[0m [33m WARN[0m [2mweb_transport_quinn::session[0m[2m:[0m unknown capsule [3mtyp[0m[2m=[0m0 [3msize[0m[2m=[0m9
[2m2026-05-21T00:47:15.583502Z[0m [33m WARN[0m [2mweb_transport_quinn::session[0m[2m:[0m unknown capsule [3mtyp[0m[2m=[0m0 [3msize[0m[2m=[0m9
ok 2 - announce-only
  ---
  duration_ms: 2210
  connection_id: d2f26794055456251b19665362c92b3c
  ...
[2m2026-05-21T00:47:17.778413Z[0m [33m WARN[0m [2mweb_transport_quinn::session[0m[2m:[0m unknown capsule [3mtyp[0m[2m=[0m0 [3msize[0m[2m=[0m9
[2m2026-05-21T00:47:17.838658Z[0m [33m WARN[0m [2mweb_transport_quinn::session[0m[2m:[0m unknown capsule [3mtyp[0m[2m=[0m0 [3msize[0m[2m=[0m9
ok 3 - subscribe-error
  ---
  duration_ms: 310
  connection_id: 97dd4569ef506b89b584729bcb67b910
  ...
[2m2026-05-21T00:47:18.102289Z[0m [33m WARN[0m [2mweb_transport_quinn::session[0m[2m:[0m unknown capsule [3mtyp[0m[2m=[0m0 [3msize[0m[2m=[0m9
[2m2026-05-21T00:47:18.352152Z[0m [33m WARN[0m [2mweb_transport_quinn::session[0m[2m:[0m unknown capsule [3mtyp[0m[2m=[0m0 [3msize[0m[2m=[0m9
[2m2026-05-21T00:47:18.409853Z[0m [33m WARN[0m [2mweb_transport_quinn::session[0m[2m:[0m unknown capsule [3mtyp[0m[2m=[0m0 [3msize[0m[2m=[0m9
[2m2026-05-21T00:47:18.411741Z[0m [33m WARN[0m [2mweb_transport_quinn::session[0m[2m:[0m unknown capsule [3mtyp[0m[2m=[0m0 [3msize[0m[2m=[0m9
[2m2026-05-21T00:47:18.469609Z[0m [33m WARN[0m [2mweb_transport_quinn::session[0m[2m:[0m unknown capsule [3mtyp[0m[2m=[0m0 [3msize[0m[2m=[0m9
not ok 4 - announce-subscribe
  ---
  duration_ms: 631
  message: "publisher session error: webtransport error: read error: RESET_STREAM: 386759528: read error: RESET_STREAM: 386759528"
  ...
[2m2026-05-21T00:47:18.472457Z[0m [33m WARN[0m [2mweb_transport_quinn::session[0m[2m:[0m unknown capsule [3mtyp[0m[2m=[0m0 [3msize[0m[2m=[0m6
[2m2026-05-21T00:47:18.698989Z[0m [33m WARN[0m [2mweb_transport_quinn::session[0m[2m:[0m unknown capsule [3mtyp[0m[2m=[0m0 [3msize[0m[2m=[0m9
[2m2026-05-21T00:47:18.756623Z[0m [33m WARN[0m [2mweb_transport_quinn::session[0m[2m:[0m unknown capsule [3mtyp[0m[2m=[0m0 [3msize[0m[2m=[0m9
[2m2026-05-21T00:47:19.447348Z[0m [33m WARN[0m [2mweb_transport_quinn::session[0m[2m:[0m unknown capsule [3mtyp[0m[2m=[0m0 [3msize[0m[2m=[0m9
[2m2026-05-21T00:47:19.504161Z[0m [33m WARN[0m [2mweb_transport_quinn::session[0m[2m:[0m unknown capsule [3mtyp[0m[2m=[0m0 [3msize[0m[2m=[0m9
ok 5 - subscribe-before-announce
  ---
  duration_ms: 3978
  subscriber_connection_id: b3a8d2e7ee33e9869f4062db1d444075
  publisher_connection_id: 60b06a0b1a9adf4be007d80904a9e9f2
  ...
[2m2026-05-21T00:47:22.759042Z[0m [33m WARN[0m [2mweb_transport_quinn::session[0m[2m:[0m unknown capsule [3mtyp[0m[2m=[0m0 [3msize[0m[2m=[0m9
[2m2026-05-21T00:47:22.819706Z[0m [33m WARN[0m [2mweb_transport_quinn::session[0m[2m:[0m unknown capsule [3mtyp[0m[2m=[0m0 [3msize[0m[2m=[0m9
ok 6 - publish-namespace-done
  ---
  duration_ms: 2411
  connection_id: e78d19bb17ba01c7ed88f94d00039929
  ...
make[1]: *** [Makefile:121: test-external] Error 1
make[1]: Leaving directory '/home/runner/work/moq-interop-runner/moq-interop-runner/main'
