make[1]: Entering directory '/home/runner/work/moq-interop-runner/moq-interop-runner/main'
Running tests against https://draft-14.cloudflare.mediaoverquic.com:443/moq...
  Client: ghcr.io/englishm/moq-interop-runner-moq-test-client:latest
docker run --rm \
	 \
	--network host \
	-e RELAY_URL=https://draft-14.cloudflare.mediaoverquic.com:443/moq \
	-e TLS_DISABLE_VERIFY=false \
	ghcr.io/englishm/moq-interop-runner-moq-test-client:latest
TAP version 14
# moq-test-client v0.1.0
# Relay: https://draft-14.cloudflare.mediaoverquic.com/moq
1..6
ok 1 - setup-only
  ---
  duration_ms: 47
  connection_id: 25774aba8b57e42fe45429c7646db65f
  ...
ok 2 - announce-only
  ---
  duration_ms: 2027
  connection_id: 4835c2b70ba347dd01d5e7a776ae8950
  ...
ok 3 - subscribe-error
  ---
  duration_ms: 84
  connection_id: f2e3288be22cb2639667a3016a885617
  ...
ok 4 - announce-subscribe
  ---
  duration_ms: 104
  publisher_connection_id: fb99f94cf986ef9fdb6e69f3a5b9189a
  subscriber_connection_id: 9e868d14a2e44211fe2aa34df2eda08b
  ...
not ok 5 - subscribe-before-announce
  ---
  duration_ms: 602
  message: "publisher announce failed: serve error: closed, code=0: closed, code=0"
  ...
not ok 6 - publish-namespace-done
  ---
  duration_ms: 241
  message: "announce failed: serve error: closed, code=0: closed, code=0"
  ...
make[1]: *** [Makefile:121: test-external] Error 1
make[1]: Leaving directory '/home/runner/work/moq-interop-runner/moq-interop-runner/main'
