make[1]: Entering directory '/home/runner/work/moq-interop-runner/moq-interop-runner/main'
Running tests against moqt://draft-16-manish.cloudflare.mediaoverquic.com:443...
  Client: ghcr.io/englishm/moq-interop-runner-moq-test-client-draft-16:latest
docker run --rm \
	 \
	--network host \
	-e RELAY_URL=moqt://draft-16-manish.cloudflare.mediaoverquic.com:443 \
	-e TLS_DISABLE_VERIFY=false \
	ghcr.io/englishm/moq-interop-runner-moq-test-client-draft-16:latest
TAP version 14
# moq-test-client v0.1.0
# Relay: moqt://draft-16-manish.cloudflare.mediaoverquic.com:443
1..6
ok 1 - setup-only
  ---
  duration_ms: 258
  connection_id: 3868814d3633f6522b21440331ea29be
  ...
ok 2 - announce-only
  ---
  duration_ms: 2163
  connection_id: 2ed69da50824b1568dd881a2cd9e2a0b
  ...
ok 3 - subscribe-error
  ---
  duration_ms: 211
  connection_id: 4c7775f114c62e3d2d11947f924ad4f4
  ...
ok 4 - announce-subscribe
  ---
  duration_ms: 3387
  publisher_connection_id: 881c29081de2713f60303bf18783d89b
  subscriber_connection_id: c794acfc5d05598f66ccaf2302821031
  ...
ok 5 - subscribe-before-announce
  ---
  duration_ms: 3832
  subscriber_connection_id: 48588bf44401661ec1cc21191b60ef42
  publisher_connection_id: 922156c2f533f5b9e24b69d359422444
  ...
ok 6 - publish-namespace-done
  ---
  duration_ms: 2253
  connection_id: 1ec8c8d4b6ca5e368876697d304456b1
  ...
make[1]: Leaving directory '/home/runner/work/moq-interop-runner/moq-interop-runner/main'
