make[1]: Entering directory '/home/runner/work/moq-interop-runner/moq-interop-runner/main'
Running tests against moqt://lminiero.it:9000...
  Client: ghcr.io/openmoq/moqx-interop-client:latest
docker run --rm \
	 \
	--network host \
	-e RELAY_URL=moqt://lminiero.it:9000 \
	-e TLS_DISABLE_VERIFY=false \
	ghcr.io/openmoq/moqx-interop-client:latest
TAP version 14
# moxygen interop test client
# Relay: moqt://lminiero.it:9000
# Transport: QUIC
1..6
ok 1 - setup-only
  ---
  duration_ms: 1018
  info: SETUP exchange completed successfully
  ...
E0521 00:53:57.752704     1 MoQRelaySession.cpp:708] PublishNamespaceDone for unknown publishNamespace, sess=0x55e9b7d5a720
ok 2 - announce-only
  ---
  duration_ms: 843
  info: PUBLISH_NAMESPACE completed successfully
  ...
ok 3 - subscribe-error
  ---
  duration_ms: 1327
  info: Subscribe correctly returned error: Namespace not found
  ...
ok 4 - announce-subscribe
  ---
  duration_ms: 1233
  info: Publisher announced, subscriber subscribed successfully
  ...
E0521 00:54:00.313984     1 MoQSession.cpp:4980] publishDone for invalid id=1 sess=0x55e9b7d124b0
ok 5 - publish-namespace-done
  ---
  duration_ms: 1147
  info: PUBLISH_NAMESPACE_OK received, PUBLISH_NAMESPACE_DONE sent
  ...
ok 6 - subscribe-before-announce
  ---
  duration_ms: 1983
  info: Subscribe returned error (relay doesn't buffer pending subscriptions): Namespace not found
  ...
E20260521 00:54:04.445293     1 EventHandler.cpp:90] EventBase: failed to register event handler for fd 9: Resource temporarily unavailable
E20260521 00:54:04.446673     1 EventHandler.cpp:90] EventBase: failed to register event handler for fd 10: Resource temporarily unavailable
make[1]: Leaving directory '/home/runner/work/moq-interop-runner/moq-interop-runner/main'
