make[1]: Entering directory '/home/runner/work/moq-interop-runner/moq-interop-runner/main'
Running tests against moqt://draft-16-manish.cloudflare.mediaoverquic.com:443...
  Client: ghcr.io/openmoq/moqx-interop-client:latest
docker run --rm \
	 \
	--network host \
	-e RELAY_URL=moqt://draft-16-manish.cloudflare.mediaoverquic.com:443 \
	-e TLS_DISABLE_VERIFY=false \
	ghcr.io/openmoq/moqx-interop-client:latest
TAP version 14
# moxygen interop test client
# Relay: moqt://draft-16-manish.cloudflare.mediaoverquic.com:443
# Transport: QUIC
1..6
ok 1 - setup-only
  ---
  duration_ms: 205
  info: SETUP exchange completed successfully
  ...
ok 2 - announce-only
  ---
  duration_ms: 162
  info: PUBLISH_NAMESPACE completed successfully
  ...
E0521 00:52:28.445808     1 MoQRelaySession.cpp:708] PublishNamespaceDone for unknown publishNamespace, sess=0x55ffe6af3230
ok 3 - subscribe-error
  ---
  duration_ms: 173
  info: Subscribe correctly returned error: not found: Track not found [error:c5c4ccee-5be9-436e-8213-2c538a49ca79]
  ...
E0521 00:52:28.966040     1 MoQCodec.cpp:95] Frame underflow -> parse error
E0521 00:52:28.966067     1 MoQCodec.cpp:126] Conn error=3
E0521 00:52:28.966072     1 MoQSession.cpp:4640] MoQCodec control stream parse error err=3
E0521 00:52:28.966165     1 MoQSession.cpp:4980] publishDone for invalid id=1 sess=0x55ffe6b20330
not ok 4 - announce-subscribe
  ---
  duration_ms: 346
  error: Subscribe failed: Session closed
  ...
ok 5 - publish-namespace-done
  ---
  duration_ms: 157
  info: PUBLISH_NAMESPACE_OK received, PUBLISH_NAMESPACE_DONE sent
  ...
ok 6 - subscribe-before-announce
  ---
  duration_ms: 790
  info: Subscribe returned error (relay doesn't buffer pending subscriptions): not found: Track not found [error:d21a56ae-3837-44d0-923f-b753ab0cc349]
  ...
make[1]: *** [Makefile:121: test-external] Error 1
make[1]: Leaving directory '/home/runner/work/moq-interop-runner/moq-interop-runner/main'
