make[1]: Entering directory '/home/runner/work/moq-interop-runner/moq-interop-runner/main'
Running tests against https://fb.mvfst.net:9448/moq-relay...
  Client: ghcr.io/englishm/moq-interop-runner-moq-test-client:latest
docker run --rm \
	 \
	--network host \
	-e RELAY_URL=https://fb.mvfst.net:9448/moq-relay \
	-e TLS_DISABLE_VERIFY=1 \
	ghcr.io/englishm/moq-interop-runner-moq-test-client:latest
TAP version 14
# moq-test-client v0.1.0
# Relay: https://fb.mvfst.net:9448/moq-relay
1..6
ok 1 - setup-only
  ---
  duration_ms: 159
  connection_id: 2c084d6cc0aedc3327ed80b96f5ca65f
  ...
ok 2 - announce-only
  ---
  duration_ms: 2142
  connection_id: e7a0aba2c2066ed8a097b0cb0a452270
  ...
ok 3 - subscribe-error
  ---
  duration_ms: 123
  connection_id: 0ac424e4f39b526852f87879e0279343
  ...
ok 4 - announce-subscribe
  ---
  duration_ms: 3302
  publisher_connection_id: 6747b7ba80776813a7d2c29c968f71fc
  subscriber_connection_id: 5bfdbb2d99bc5d32116ad064089b82b8
  ...
ok 5 - subscribe-before-announce
  ---
  duration_ms: 3823
  subscriber_connection_id: e4a4355f34089fe85f3c4b00531422fe
  publisher_connection_id: 6486709331f25869830200a2fd4e736b
  ...
ok 6 - publish-namespace-done
  ---
  duration_ms: 2269
  connection_id: 929bf3bf16b7be8432ff80eec45fa9d9
  ...
make[1]: Leaving directory '/home/runner/work/moq-interop-runner/moq-interop-runner/main'
