make[1]: Entering directory '/home/runner/work/moq-interop-runner/moq-interop-runner/main'
Running tests against moqt://lminiero.it:9000...
  Client: ghcr.io/englishm/moq-interop-runner-moq-test-client-draft-16:latest
docker run --rm \
	 \
	--network host \
	-e RELAY_URL=moqt://lminiero.it:9000 \
	-e TLS_DISABLE_VERIFY=false \
	ghcr.io/englishm/moq-interop-runner-moq-test-client-draft-16:latest
TAP version 14
# moq-test-client v0.1.0
# Relay: moqt://lminiero.it:9000
1..6
not ok 1 - setup-only
  ---
  duration_ms: 10001
  message: "test timed out: deadline has elapsed"
  ...
ok 2 - announce-only
  ---
  duration_ms: 2324
  connection_id: 2f56729edf84c64dba7bba5a54303384
  ...
ok 3 - subscribe-error
  ---
  duration_ms: 742
  connection_id: 60804f83040fd7c125f40294968486d9
  ...
not ok 4 - announce-subscribe
  ---
  duration_ms: 10001
  message: "test timed out: deadline has elapsed"
  ...
ok 5 - subscribe-before-announce
  ---
  duration_ms: 5361
  subscriber_connection_id: 2a35d791acad9568cf96e0747e3fccbc
  publisher_connection_id: acdef5a288d1baea2466b6ff62fdaedc
  ...
ok 6 - publish-namespace-done
  ---
  duration_ms: 2426
  connection_id: 3d5b910e77f1db46dde56eebc02ec785
  ...
make[1]: *** [Makefile:121: test-external] Error 1
make[1]: Leaving directory '/home/runner/work/moq-interop-runner/moq-interop-runner/main'
