make[1]: Entering directory '/home/runner/work/moq-interop-runner/moq-interop-runner/main'
Running tests against https://lminiero.it:9000...
  Client: ghcr.io/englishm/moq-interop-runner-moq-test-client-draft-16:latest
docker run --rm \
	 \
	--network host \
	-e RELAY_URL=https://lminiero.it:9000 \
	-e TLS_DISABLE_VERIFY=false \
	ghcr.io/englishm/moq-interop-runner-moq-test-client-draft-16:latest
TAP version 14
# moq-test-client v0.1.0
# Relay: https://lminiero.it:9000/
1..6
not ok 1 - setup-only
  ---
  duration_ms: 10000
  message: "test timed out: deadline has elapsed"
  ...
ok 2 - announce-only
  ---
  duration_ms: 2734
  connection_id: 8ee8f821ec21857a85da2d6f2e311f35
  ...
ok 3 - subscribe-error
  ---
  duration_ms: 839
  connection_id: 4c18a607be54eca577616c3eed920e9e
  ...
ok 4 - announce-subscribe
  ---
  duration_ms: 4707
  publisher_connection_id: ce7c07d57d7b0efa90ed6623bee9c268
  subscriber_connection_id: 1cfff7ce2ea8fda0339b70ea682a92fa
  ...
ok 5 - subscribe-before-announce
  ---
  duration_ms: 5975
  subscriber_connection_id: 1c4cb9684dcce7d2ff7a4b0a8e137d4d
  publisher_connection_id: 940f674b5d9a79c8c2eac6bfbbff7b18
  ...
ok 6 - publish-namespace-done
  ---
  duration_ms: 2931
  connection_id: b4f21845d252f7403cb3c095d532705c
  ...
make[1]: *** [Makefile:121: test-external] Error 1
make[1]: Leaving directory '/home/runner/work/moq-interop-runner/moq-interop-runner/main'
