make[1]: Entering directory '/home/runner/work/moq-interop-runner/moq-interop-runner/main'
Running tests against moqt://fb.mvfst.net:9448...
  Client: ghcr.io/englishm/moq-interop-runner-moq-test-client-draft-16:latest
docker run --rm \
	 \
	--network host \
	-e RELAY_URL=moqt://fb.mvfst.net:9448 \
	-e TLS_DISABLE_VERIFY=1 \
	ghcr.io/englishm/moq-interop-runner-moq-test-client-draft-16:latest
TAP version 14
# moq-test-client v0.1.0
# Relay: moqt://fb.mvfst.net:9448
1..6
ok 1 - setup-only
  ---
  duration_ms: 109
  connection_id: 5c40d696362a67dc11cdb5a0e73dd519
  ...
ok 2 - announce-only
  ---
  duration_ms: 2060
  connection_id: d39b1728b853434aa968481e994a4ec2
  ...
ok 3 - subscribe-error
  ---
  duration_ms: 116
  connection_id: ddde9f01efda009e94a73ba06b4f8445
  ...
ok 4 - announce-subscribe
  ---
  duration_ms: 392
  publisher_connection_id: a3699724cc88f2608b9bc17952f953d7
  subscriber_connection_id: 5534f0e84aa1b3662756f955c2c475bf
  ...
ok 5 - subscribe-before-announce
  ---
  duration_ms: 3749
  subscriber_connection_id: 3f6c5c65042a5863ba3fd103056af057
  publisher_connection_id: d0fc271199278da1315167c45d3ddadb
  ...
ok 6 - publish-namespace-done
  ---
  duration_ms: 2273
  connection_id: 0975d598fbbdbc7639d8bfa4de8581bd
  ...
make[1]: Leaving directory '/home/runner/work/moq-interop-runner/moq-interop-runner/main'
