make[1]: Entering directory '/home/runner/work/moq-interop-runner/moq-interop-runner/main'
Running tests against moqt://draft-16-manish.cloudflare.mediaoverquic.com:443...
  Client: ghcr.io/openmoq/moqx-interop-client:latest
docker run --rm \
	 \
	--network host \
	-e RELAY_URL=moqt://draft-16-manish.cloudflare.mediaoverquic.com:443 \
	-e TLS_DISABLE_VERIFY=false \
	ghcr.io/openmoq/moqx-interop-client:latest
TAP version 14
# moxygen interop test client
# Relay: moqt://draft-16-manish.cloudflare.mediaoverquic.com:443
# Transport: QUIC
1..6
ok 1 - setup-only
  ---
  duration_ms: 174
  info: SETUP exchange completed successfully
  ...
E0527 00:51:54.917542     1 MoQRelaySession.cpp:712] PublishNamespaceDone for unknown publishNamespace, sess=0x55df9f3fdcf0
ok 2 - announce-only
  ---
  duration_ms: 139
  info: PUBLISH_NAMESPACE completed successfully
  ...
ok 3 - subscribe-error
  ---
  duration_ms: 141
  info: Subscribe correctly returned error: not found: Track not found [error:3e7f1756-0b04-4095-b724-e750e2fe99e9]
  ...
E0527 00:51:55.299792     1 MoQCodec.cpp:95] Frame underflow -> parse error
E0527 00:51:55.299828     1 MoQCodec.cpp:126] Conn error=3
E0527 00:51:55.299832     1 MoQSession.cpp:4662] MoQCodec control stream parse error err=3
not ok 4 - announce-subscribe
  ---
  duration_ms: 240
  error: Subscribe failed: Session closed
  ...
ok 5 - publish-namespace-done
  ---
  duration_ms: 224
  info: PUBLISH_NAMESPACE_OK received, PUBLISH_NAMESPACE_DONE sent
  ...
ok 6 - subscribe-before-announce
  ---
  duration_ms: 722
  info: Subscribe returned error (relay doesn't buffer pending subscriptions): not found: Track not found [error:a762b7eb-2927-49c1-abe2-b027dd2ccf21]
  ...
make[1]: *** [Makefile:121: test-external] Error 1
make[1]: Leaving directory '/home/runner/work/moq-interop-runner/moq-interop-runner/main'
