make[1]: Entering directory '/home/runner/work/moq-interop-runner/moq-interop-runner/main'
Running tests against https://relay.moqtail.dev...
  Client: ghcr.io/openmoq/moqx-interop-client:latest
docker run --rm \
	 \
	--network host \
	-e RELAY_URL=https://relay.moqtail.dev \
	-e TLS_DISABLE_VERIFY=false \
	ghcr.io/openmoq/moqx-interop-client:latest
TAP version 14
# moxygen interop test client
# Relay: https://relay.moqtail.dev
# Transport: WebTransport
1..6
W0527 01:10:56.435980     1 MoQWebTransportClient.cpp:172] WebTransport: No WT-Protocol header in response, will use legacy version negotiation
E0527 01:10:56.456141     1 MoQWebTransportClient.cpp:197] proxygen::HTTPException: Got error=ApplicationError: No Error, Client closed by peer reason=Setup failed
not ok 1 - setup-only
  ---
  duration_ms: 135
  error: coroutine operation cancelled
  ...
W0527 01:10:56.626040     1 MoQWebTransportClient.cpp:172] WebTransport: No WT-Protocol header in response, will use legacy version negotiation
E0527 01:10:56.650380     1 MoQWebTransportClient.cpp:197] proxygen::HTTPException: Got error=ApplicationError: No Error, Client closed by peer reason=Setup failed
not ok 2 - announce-only
  ---
  duration_ms: 194
  error: coroutine operation cancelled
  ...
W0527 01:10:56.711790     1 MoQWebTransportClient.cpp:172] WebTransport: No WT-Protocol header in response, will use legacy version negotiation
E0527 01:10:56.731782     1 MoQWebTransportClient.cpp:197] proxygen::HTTPException: Got error=ApplicationError: No Error, Client closed by peer reason=Setup failed
not ok 3 - subscribe-error
  ---
  duration_ms: 81
  error: coroutine operation cancelled
  ...
W0527 01:10:56.825387     1 MoQWebTransportClient.cpp:172] WebTransport: No WT-Protocol header in response, will use legacy version negotiation
E0527 01:10:56.852835     1 MoQWebTransportClient.cpp:197] proxygen::HTTPException: Got error=ApplicationError: No Error, Client closed by peer reason=Setup failed
not ok 4 - announce-subscribe
  ---
  duration_ms: 120
  error: coroutine operation cancelled
  ...
W0527 01:10:56.914543     1 MoQWebTransportClient.cpp:172] WebTransport: No WT-Protocol header in response, will use legacy version negotiation
E0527 01:10:56.935017     1 MoQWebTransportClient.cpp:197] proxygen::HTTPException: Got error=ApplicationError: No Error, Client closed by peer reason=Setup failed
not ok 5 - publish-namespace-done
  ---
  duration_ms: 82
  error: coroutine operation cancelled
  ...
W0527 01:10:57.050131     1 MoQWebTransportClient.cpp:172] WebTransport: No WT-Protocol header in response, will use legacy version negotiation
E0527 01:10:57.069864     1 MoQWebTransportClient.cpp:197] proxygen::HTTPException: Got error=ApplicationError: No Error, Client closed by peer reason=Setup failed
not ok 6 - subscribe-before-announce
  ---
  duration_ms: 134
  error: coroutine operation cancelled
  ...
make[1]: *** [Makefile:121: test-external] Error 1
make[1]: Leaving directory '/home/runner/work/moq-interop-runner/moq-interop-runner/main'
