make[1]: Entering directory '/home/runner/work/moq-interop-runner/moq-interop-runner/main'
Running tests against https://moqt.nokiaresearch.com:4443/moq...
  Client: ghcr.io/englishm/moq-interop-runner-moq-test-client-draft-18:latest
docker run --rm \
	 \
	--network host \
	-e RELAY_URL=https://moqt.nokiaresearch.com:4443/moq \
	-e TLS_DISABLE_VERIFY=false \
	ghcr.io/englishm/moq-interop-runner-moq-test-client-draft-18:latest
TAP version 14
# moq-test-client v0.1.6
# Relay: https://moqt.nokiaresearch.com:4443/moq
1..6
[2m2026-07-19T01:01:41.064978Z[0m [32m INFO[0m [2mmoq_native_ietf::quic[0m[2m:[0m UDP socket bound [3mbind[0m[2m=[0m[::]:0 [3mlocal[0m[2m=[0m[::]:53791 [3mdual_stack[0m[2m=[0mtrue
[2m2026-07-19T01:01:41.734850Z[0m [32m INFO[0m [2mmoq_test_client::scenarios[0m[2m:[0m SETUP exchange completed successfully
ok 1 - setup-only
  ---
  duration_ms: 670
  connection_id: 2d58dfd841fa22deabfdb53e12b3766b
  ...
[2m2026-07-19T01:01:41.735708Z[0m [32m INFO[0m [2mmoq_native_ietf::quic[0m[2m:[0m UDP socket bound [3mbind[0m[2m=[0m[::]:0 [3mlocal[0m[2m=[0m[::]:39137 [3mdual_stack[0m[2m=[0mtrue
[2m2026-07-19T01:01:42.418154Z[0m [32m INFO[0m [2mmoq_test_client::scenarios[0m[2m:[0m Sending PUBLISH_NAMESPACE for: moq-test/interop
[2m2026-07-19T01:01:44.419708Z[0m [32m INFO[0m [2mmoq_test_client::scenarios[0m[2m:[0m PUBLISH_NAMESPACE succeeded (REQUEST_OK received, waiting for subscribers)
ok 2 - publish-namespace-only
  ---
  duration_ms: 2684
  connection_id: 4351c1e0202d0d1e2369a925256b2c61
  ...
[2m2026-07-19T01:01:44.420710Z[0m [32m INFO[0m [2mmoq_native_ietf::quic[0m[2m:[0m UDP socket bound [3mbind[0m[2m=[0m[::]:0 [3mlocal[0m[2m=[0m[::]:51965 [3mdual_stack[0m[2m=[0mtrue
[2m2026-07-19T01:01:44.535584Z[0m [33m WARN[0m [2mmoq_transport::session::reader[0m[2m:[0m [READER] decode: stream ended while waiting for data (have=0 bytes, need=1)
[2m2026-07-19T01:01:45.145535Z[0m [32m INFO[0m [2mmoq_test_client::scenarios[0m[2m:[0m Subscribing to non-existent track: nonexistent/namespace/test-track
[2m2026-07-19T01:01:45.261846Z[0m [33m WARN[0m [2mmoq_transport::serve::error[0m[2m:[0m [f5165005-ced9-4ef5-82e5-0709cf95f3e1] Not found: Track /nonexistent/namespace/test-track does not exist at moq-transport/src/session/subscriber.rs:455
[2m2026-07-19T01:01:45.261870Z[0m [33m WARN[0m [2mmoq_transport::session::reader[0m[2m:[0m [READER] decode: stream ended while waiting for data (have=0 bytes, need=1)
[2m2026-07-19T01:01:45.261946Z[0m [32m INFO[0m [2mmoq_test_client::scenarios[0m[2m:[0m Got expected 'not found' error: not found: Track not found [error:f5165005-ced9-4ef5-82e5-0709cf95f3e1]
ok 3 - subscribe-error
  ---
  duration_ms: 842
  connection_id: 8676a018e341f64c7d608f6b2fa397ff
  ...
[2m2026-07-19T01:01:45.262950Z[0m [32m INFO[0m [2mmoq_native_ietf::quic[0m[2m:[0m UDP socket bound [3mbind[0m[2m=[0m[::]:0 [3mlocal[0m[2m=[0m[::]:41403 [3mdual_stack[0m[2m=[0mtrue
[2m2026-07-19T01:01:45.984054Z[0m [32m INFO[0m [2mmoq_native_ietf::quic[0m[2m:[0m UDP socket bound [3mbind[0m[2m=[0m[::]:0 [3mlocal[0m[2m=[0m[::]:47440 [3mdual_stack[0m[2m=[0mtrue
[2m2026-07-19T01:01:46.569450Z[0m [32m INFO[0m [2mmoq_test_client::scenarios[0m[2m:[0m Publisher sending PUBLISH_NAMESPACE: moq-test/interop
[2m2026-07-19T01:01:46.569465Z[0m [32m INFO[0m [2mmoq_test_client::scenarios[0m[2m:[0m Subscriber subscribing to track: moq-test/interop/test-track
[2m2026-07-19T01:01:46.685968Z[0m [33m WARN[0m [2mmoq_transport::serve::error[0m[2m:[0m [13d7e231-b346-4b68-bd0e-81ee77065e74] Not found: Track /moq-test/interop/test-track does not exist at moq-transport/src/session/subscriber.rs:455
[2m2026-07-19T01:01:46.685996Z[0m [33m WARN[0m [2mmoq_transport::session::reader[0m[2m:[0m [READER] decode: stream ended while waiting for data (have=0 bytes, need=1)
[2m2026-07-19T01:01:46.686087Z[0m [32m INFO[0m [2mmoq_test_client::scenarios[0m[2m:[0m Subscriber got error: not found: Track not found [error:13d7e231-b346-4b68-bd0e-81ee77065e74] - subscription was processed
ok 4 - publish-namespace-subscribe
  ---
  duration_ms: 1424
  publisher_connection_id: c602fa03f8727979f7004b6dc803630d
  subscriber_connection_id: 488453bbf395b1df4135bcfece241c5d
  ...
[2m2026-07-19T01:01:46.686999Z[0m [32m INFO[0m [2mmoq_native_ietf::quic[0m[2m:[0m UDP socket bound [3mbind[0m[2m=[0m[::]:0 [3mlocal[0m[2m=[0m[::]:34511 [3mdual_stack[0m[2m=[0mtrue
[2m2026-07-19T01:01:46.803959Z[0m [33m WARN[0m [2mmoq_transport::session::reader[0m[2m:[0m [READER] decode: stream ended while waiting for data (have=0 bytes, need=1)
[2m2026-07-19T01:01:47.308964Z[0m [32m INFO[0m [2mmoq_test_client::scenarios[0m[2m:[0m Subscriber subscribing BEFORE PUBLISH_NAMESPACE: moq-test/interop/test-track
[2m2026-07-19T01:01:47.424943Z[0m [33m WARN[0m [2mmoq_transport::serve::error[0m[2m:[0m [ae6d2e9b-be58-4bc5-8bf7-e86887fa69e7] Not found: Track /moq-test/interop/test-track does not exist at moq-transport/src/session/subscriber.rs:455
[2m2026-07-19T01:01:47.424958Z[0m [33m WARN[0m [2mmoq_transport::session::reader[0m[2m:[0m [READER] decode: stream ended while waiting for data (have=0 bytes, need=1)
[2m2026-07-19T01:01:47.811838Z[0m [32m INFO[0m [2mmoq_native_ietf::quic[0m[2m:[0m UDP socket bound [3mbind[0m[2m=[0m[::]:0 [3mlocal[0m[2m=[0m[::]:58947 [3mdual_stack[0m[2m=[0mtrue
[2m2026-07-19T01:01:48.394956Z[0m [32m INFO[0m [2mmoq_test_client::scenarios[0m[2m:[0m Publisher sending PUBLISH_NAMESPACE (after subscriber): moq-test/interop
[2m2026-07-19T01:01:51.397120Z[0m [32m INFO[0m [2mmoq_test_client::scenarios[0m[2m:[0m Publisher PUBLISH_NAMESPACE timeout (expected)
[2m2026-07-19T01:01:51.397140Z[0m [32m INFO[0m [2mmoq_test_client::scenarios[0m[2m:[0m Subscriber got error: not found: Track not found [error:ae6d2e9b-be58-4bc5-8bf7-e86887fa69e7] (may be expected)
ok 5 - subscribe-before-publish-namespace
  ---
  duration_ms: 4710
  subscriber_connection_id: c5daae461e9e77345c669883af93c030
  publisher_connection_id: a27e301242f8564b96cd5673a1a4e502
  ...
[2m2026-07-19T01:01:51.398123Z[0m [32m INFO[0m [2mmoq_native_ietf::quic[0m[2m:[0m UDP socket bound [3mbind[0m[2m=[0m[::]:0 [3mlocal[0m[2m=[0m[::]:38144 [3mdual_stack[0m[2m=[0mtrue
[2m2026-07-19T01:01:51.512931Z[0m [33m WARN[0m [2mmoq_transport::session::reader[0m[2m:[0m [READER] decode: stream ended while waiting for data (have=0 bytes, need=1)
[2m2026-07-19T01:01:51.983968Z[0m [32m INFO[0m [2mmoq_test_client::scenarios[0m[2m:[0m Sending PUBLISH_NAMESPACE: moq-test/interop
[2m2026-07-19T01:01:53.985463Z[0m [32m INFO[0m [2mmoq_test_client::scenarios[0m[2m:[0m PUBLISH_NAMESPACE active; sending PUBLISH_NAMESPACE_DONE
[2m2026-07-19T01:01:54.086841Z[0m [32m INFO[0m [2mmoq_test_client::scenarios[0m[2m:[0m PUBLISH_NAMESPACE_DONE sent successfully
ok 6 - publish-namespace-done
  ---
  duration_ms: 2689
  connection_id: b5607d3a73e79be337bab9e37c656890
  ...
make[1]: Leaving directory '/home/runner/work/moq-interop-runner/moq-interop-runner/main'
