make[1]: Entering directory '/home/runner/work/moq-interop-runner/moq-interop-runner/main'
Running tests against moqt://draft-14.cloudflare.mediaoverquic.com:443...
  Client: ghcr.io/englishm/moq-interop-runner-moq-test-client:latest
docker run --rm \
	 \
	--network host \
	-e RELAY_URL=moqt://draft-14.cloudflare.mediaoverquic.com:443 \
	-e TLS_DISABLE_VERIFY=false \
	ghcr.io/englishm/moq-interop-runner-moq-test-client:latest
TAP version 14
# moq-test-client v0.1.0
# Relay: moqt://draft-14.cloudflare.mediaoverquic.com:443
1..6
ok 1 - setup-only
  ---
  duration_ms: 69
  connection_id: 4d74217d5b3a722a3afb7346cce39243
  ...
ok 2 - announce-only
  ---
  duration_ms: 2034
  connection_id: 3135dd261a4296a3822f4d0ca0982a2e
  ...
ok 3 - subscribe-error
  ---
  duration_ms: 100
  connection_id: f49dcc1fc3be1e1ba38880ec311cf31e
  ...
ok 4 - announce-subscribe
  ---
  duration_ms: 116
  publisher_connection_id: 79dc4370f16eb96c6e2bad5aff1a37a1
  subscriber_connection_id: 204f96ab51cc128be0e973c0ffacfc71
  ...
ok 5 - subscribe-before-announce
  ---
  duration_ms: 3526
  subscriber_connection_id: 9bb8f85c425adf30760d16adb99672af
  publisher_connection_id: 13f7f809902929f49f618fe1d075abfe
  ...
ok 6 - publish-namespace-done
  ---
  duration_ms: 2115
  connection_id: 648349b0a94c91319ee7773c9f1a457c
  ...
make[1]: Leaving directory '/home/runner/work/moq-interop-runner/moq-interop-runner/main'
