make[1]: Entering directory '/home/runner/work/moq-interop-runner/moq-interop-runner/main'
Running tests against https://draft-14.cloudflare.mediaoverquic.com:443/moq...
  Client: ghcr.io/englishm/moq-interop-runner-moq-test-client:latest
docker run --rm \
	 \
	--network host \
	-e RELAY_URL=https://draft-14.cloudflare.mediaoverquic.com:443/moq \
	-e TLS_DISABLE_VERIFY=false \
	ghcr.io/englishm/moq-interop-runner-moq-test-client:latest
TAP version 14
# moq-test-client v0.1.0
# Relay: https://draft-14.cloudflare.mediaoverquic.com/moq
1..6
ok 1 - setup-only
  ---
  duration_ms: 16
  connection_id: ac36b58023c19a1a0b9fe702c75b3e3f
  ...
ok 2 - announce-only
  ---
  duration_ms: 2018
  connection_id: b7170b65cdc7c713189a812e04358f42
  ...
ok 3 - subscribe-error
  ---
  duration_ms: 122
  connection_id: 316dd2085396d7d2cc57c97c0cb1f589
  ...
ok 4 - announce-subscribe
  ---
  duration_ms: 3036
  publisher_connection_id: a3689258b26c1742ac43a92f8bbe90c2
  subscriber_connection_id: e5a3103ae213fbb856aa6bf90237c7d7
  ...
ok 5 - subscribe-before-announce
  ---
  duration_ms: 3540
  subscriber_connection_id: cc36217d2575ffaccceb7bb3ab03e895
  publisher_connection_id: 37f55d851aa625352fdecf364ee63766
  ...
ok 6 - publish-namespace-done
  ---
  duration_ms: 2121
  connection_id: cdef6c80462104f83449fe902dc9cb2c
  ...
make[1]: Leaving directory '/home/runner/work/moq-interop-runner/moq-interop-runner/main'
