make[1]: Entering directory '/home/runner/work/moq-interop-runner/moq-interop-runner/main'
Running tests against moqt://fb.mvfst.net:9448...
  Client: ghcr.io/englishm/moq-interop-runner-moq-test-client-draft-18:latest
docker run --rm \
	 \
	--network host \
	-e RELAY_URL=moqt://fb.mvfst.net:9448 \
	-e TLS_DISABLE_VERIFY=1 \
	ghcr.io/englishm/moq-interop-runner-moq-test-client-draft-18:latest
TAP version 14
# moq-test-client v0.1.6
# Relay: moqt://fb.mvfst.net:9448
1..6
[2m2026-07-19T01:03:11.249295Z[0m [32m INFO[0m [2mmoq_native_ietf::quic[0m[2m:[0m UDP socket bound [3mbind[0m[2m=[0m[::]:0 [3mlocal[0m[2m=[0m[::]:51564 [3mdual_stack[0m[2m=[0mtrue
[2m2026-07-19T01:03:11.284139Z[0m [32m INFO[0m [2mmoq_test_client::scenarios[0m[2m:[0m SETUP exchange completed successfully
ok 1 - setup-only
  ---
  duration_ms: 35
  connection_id: 9b087c29eceb75f336063e4c2952fd67
  ...
[2m2026-07-19T01:03:11.284875Z[0m [32m INFO[0m [2mmoq_native_ietf::quic[0m[2m:[0m UDP socket bound [3mbind[0m[2m=[0m[::]:0 [3mlocal[0m[2m=[0m[::]:55901 [3mdual_stack[0m[2m=[0mtrue
[2m2026-07-19T01:03:11.326007Z[0m [32m INFO[0m [2mmoq_test_client::scenarios[0m[2m:[0m Sending PUBLISH_NAMESPACE for: moq-test/interop
[2m2026-07-19T01:03:13.326611Z[0m [32m INFO[0m [2mmoq_test_client::scenarios[0m[2m:[0m PUBLISH_NAMESPACE succeeded (REQUEST_OK received, waiting for subscribers)
ok 2 - publish-namespace-only
  ---
  duration_ms: 2042
  connection_id: b3777ce66742added44e9b81c0a0fd9d
  ...
[2m2026-07-19T01:03:13.327546Z[0m [32m INFO[0m [2mmoq_native_ietf::quic[0m[2m:[0m UDP socket bound [3mbind[0m[2m=[0m[::]:0 [3mlocal[0m[2m=[0m[::]:34477 [3mdual_stack[0m[2m=[0mtrue
[2m2026-07-19T01:03:13.470953Z[0m [32m INFO[0m [2mmoq_test_client::scenarios[0m[2m:[0m Subscribing to non-existent track: nonexistent/namespace/test-track
[2m2026-07-19T01:03:13.496932Z[0m [33m WARN[0m [2mmoq_transport::serve::error[0m[2m:[0m [2ece7791-caa9-4f1d-a4b0-fbf990fc37d4] Not found: no such namespace or track at moq-transport/src/session/subscriber.rs:455
[2m2026-07-19T01:03:13.496964Z[0m [33m WARN[0m [2mmoq_transport::session::reader[0m[2m:[0m [READER] decode: stream ended while waiting for data (have=0 bytes, need=1)
[2m2026-07-19T01:03:13.497015Z[0m [32m INFO[0m [2mmoq_test_client::scenarios[0m[2m:[0m Got expected 'not found' error: not found: Track not found [error:2ece7791-caa9-4f1d-a4b0-fbf990fc37d4]
ok 3 - subscribe-error
  ---
  duration_ms: 170
  connection_id: 45ecf3ebec78e95b887589685efca85c
  ...
[2m2026-07-19T01:03:13.497902Z[0m [32m INFO[0m [2mmoq_native_ietf::quic[0m[2m:[0m UDP socket bound [3mbind[0m[2m=[0m[::]:0 [3mlocal[0m[2m=[0m[::]:52938 [3mdual_stack[0m[2m=[0mtrue
[2m2026-07-19T01:03:13.532499Z[0m [32m INFO[0m [2mmoq_native_ietf::quic[0m[2m:[0m UDP socket bound [3mbind[0m[2m=[0m[::]:0 [3mlocal[0m[2m=[0m[::]:35355 [3mdual_stack[0m[2m=[0mtrue
[2m2026-07-19T01:03:13.616251Z[0m [32m INFO[0m [2mmoq_test_client::scenarios[0m[2m:[0m Publisher sending PUBLISH_NAMESPACE: moq-test/interop
[2m2026-07-19T01:03:13.616264Z[0m [32m INFO[0m [2mmoq_test_client::scenarios[0m[2m:[0m Subscriber subscribing to track: moq-test/interop/test-track
[2m2026-07-19T01:03:13.645237Z[0m [33m WARN[0m [2mmoq_transport::serve::error[0m[2m:[0m [acb2a029-870a-45ce-8aa4-e217d77db1b7] Not found: no such namespace or track at moq-transport/src/session/subscriber.rs:455
[2m2026-07-19T01:03:13.645257Z[0m [33m WARN[0m [2mmoq_transport::session::reader[0m[2m:[0m [READER] decode: stream ended while waiting for data (have=0 bytes, need=1)
[2m2026-07-19T01:03:13.645316Z[0m [32m INFO[0m [2mmoq_test_client::scenarios[0m[2m:[0m Subscriber got error: not found: Track not found [error:acb2a029-870a-45ce-8aa4-e217d77db1b7] - subscription was processed
ok 4 - publish-namespace-subscribe
  ---
  duration_ms: 148
  publisher_connection_id: 670645f6db1aeed5e84dbccb9f82046c
  subscriber_connection_id: e4565d1ed25dbd6918d4b18093af8cfb
  ...
[2m2026-07-19T01:03:13.646010Z[0m [32m INFO[0m [2mmoq_native_ietf::quic[0m[2m:[0m UDP socket bound [3mbind[0m[2m=[0m[::]:0 [3mlocal[0m[2m=[0m[::]:42506 [3mdual_stack[0m[2m=[0mtrue
[2m2026-07-19T01:03:13.844959Z[0m [32m INFO[0m [2mmoq_test_client::scenarios[0m[2m:[0m Subscriber subscribing BEFORE PUBLISH_NAMESPACE: moq-test/interop/test-track
[2m2026-07-19T01:03:13.872346Z[0m [33m WARN[0m [2mmoq_transport::serve::error[0m[2m:[0m [f17a6215-d141-4990-b427-05ca0447853d] Not found: no such namespace or track at moq-transport/src/session/subscriber.rs:455
[2m2026-07-19T01:03:13.872359Z[0m [33m WARN[0m [2mmoq_transport::session::reader[0m[2m:[0m [READER] decode: stream ended while waiting for data (have=0 bytes, need=1)
[2m2026-07-19T01:03:14.346250Z[0m [32m INFO[0m [2mmoq_native_ietf::quic[0m[2m:[0m UDP socket bound [3mbind[0m[2m=[0m[::]:0 [3mlocal[0m[2m=[0m[::]:51040 [3mdual_stack[0m[2m=[0mtrue
[2m2026-07-19T01:03:14.382971Z[0m [32m INFO[0m [2mmoq_test_client::scenarios[0m[2m:[0m Publisher sending PUBLISH_NAMESPACE (after subscriber): moq-test/interop
[2m2026-07-19T01:03:17.384260Z[0m [32m INFO[0m [2mmoq_test_client::scenarios[0m[2m:[0m Publisher PUBLISH_NAMESPACE timeout (expected)
[2m2026-07-19T01:03:17.384278Z[0m [32m INFO[0m [2mmoq_test_client::scenarios[0m[2m:[0m Subscriber got error: not found: Track not found [error:f17a6215-d141-4990-b427-05ca0447853d] (may be expected)
ok 5 - subscribe-before-publish-namespace
  ---
  duration_ms: 3739
  subscriber_connection_id: 8547262a48992c12909ad936cbfd0ea4
  publisher_connection_id: b10fefe8f087967c06c5e1167cd9e3c3
  ...
[2m2026-07-19T01:03:17.385176Z[0m [32m INFO[0m [2mmoq_native_ietf::quic[0m[2m:[0m UDP socket bound [3mbind[0m[2m=[0m[::]:0 [3mlocal[0m[2m=[0m[::]:41681 [3mdual_stack[0m[2m=[0mtrue
[2m2026-07-19T01:03:17.421583Z[0m [32m INFO[0m [2mmoq_test_client::scenarios[0m[2m:[0m Sending PUBLISH_NAMESPACE: moq-test/interop
[2m2026-07-19T01:03:19.422992Z[0m [32m INFO[0m [2mmoq_test_client::scenarios[0m[2m:[0m PUBLISH_NAMESPACE active; sending PUBLISH_NAMESPACE_DONE
[2m2026-07-19T01:03:19.523405Z[0m [32m INFO[0m [2mmoq_test_client::scenarios[0m[2m:[0m PUBLISH_NAMESPACE_DONE sent successfully
ok 6 - publish-namespace-done
  ---
  duration_ms: 2139
  connection_id: ec568ff3e5aa634cccc72c51c2337d40
  ...
make[1]: Leaving directory '/home/runner/work/moq-interop-runner/moq-interop-runner/main'
