make[1]: Entering directory '/home/runner/work/moq-interop-runner/moq-interop-runner/main'
Running tests against moqt://moqx-main.ci.openmoq.org:4433...
  Client: ghcr.io/openmoq/moq5-interop-client:latest
docker run --rm \
	 \
	--network host \
	-e RELAY_URL=moqt://moqx-main.ci.openmoq.org:4433 \
	-e TLS_DISABLE_VERIFY=false \
	ghcr.io/openmoq/moq5-interop-client:latest
TAP version 14
1..6
ok 1 - setup-only
  ---
  duration_ms: 0
  ...
ok 2 - announce-only
  ---
  duration_ms: 0
  ...
ok 3 - publish-namespace-done
  ---
  duration_ms: 0
  ...
ok 4 - subscribe-error
  ---
  duration_ms: 0
  ...
not ok 5 - announce-subscribe
  ---
  duration_ms: 0
  message: "case did not pass"
  ...
ok 6 - subscribe-before-announce
  ---
  duration_ms: 0
  ...
make[1]: Leaving directory '/home/runner/work/moq-interop-runner/moq-interop-runner/main'
