make[1]: Entering directory '/home/runner/work/moq-interop-runner/moq-interop-runner/main'
Running tests against https://us-west-2.relay.quicr.org:33437/relay...
  Client: ghcr.io/openmoq/moqx-interop-client:latest
docker run --rm \
	 \
	--network host \
	-e RELAY_URL=https://us-west-2.relay.quicr.org:33437/relay \
	-e TLS_DISABLE_VERIFY=1 \
	ghcr.io/openmoq/moqx-interop-client:latest
TAP version 14
# moxygen interop test client
# Relay: https://us-west-2.relay.quicr.org:33437/relay
# Transport: WebTransport
1..6
W0719 01:35:40.553109     1 MoQWebTransportClient.cpp:175] WebTransport: No WT-Protocol header in response, will use legacy version negotiation
E0719 01:35:40.615683     1 MoQFramer.cpp:1124] Server selected version draft-1 but we only offer draft-14 in legacy mode
E0719 01:35:40.615700     1 MoQCodec.cpp:126] Conn error=21
E0719 01:35:40.615704     1 MoQSession.cpp:5259] MoQCodec control stream parse error err=21
not ok 1 - setup-only
  ---
  duration_ms: 194
  error: coroutine operation cancelled
  ...
W0719 01:35:40.810532     1 MoQWebTransportClient.cpp:175] WebTransport: No WT-Protocol header in response, will use legacy version negotiation
E0719 01:35:40.875986     1 MoQFramer.cpp:1124] Server selected version draft-1 but we only offer draft-14 in legacy mode
E0719 01:35:40.875998     1 MoQCodec.cpp:126] Conn error=21
E0719 01:35:40.876002     1 MoQSession.cpp:5259] MoQCodec control stream parse error err=21
not ok 2 - announce-only
  ---
  duration_ms: 260
  error: coroutine operation cancelled
  ...
W0719 01:35:41.008965     1 MoQWebTransportClient.cpp:175] WebTransport: No WT-Protocol header in response, will use legacy version negotiation
E0719 01:35:41.074384     1 MoQFramer.cpp:1124] Server selected version draft-1 but we only offer draft-14 in legacy mode
E0719 01:35:41.074397     1 MoQCodec.cpp:126] Conn error=21
E0719 01:35:41.074400     1 MoQSession.cpp:5259] MoQCodec control stream parse error err=21
not ok 3 - subscribe-error
  ---
  duration_ms: 198
  error: coroutine operation cancelled
  ...
W0719 01:35:41.204275     1 MoQWebTransportClient.cpp:175] WebTransport: No WT-Protocol header in response, will use legacy version negotiation
E0719 01:35:41.267299     1 MoQFramer.cpp:1124] Server selected version draft-1 but we only offer draft-14 in legacy mode
E0719 01:35:41.267311     1 MoQCodec.cpp:126] Conn error=21
E0719 01:35:41.267314     1 MoQSession.cpp:5259] MoQCodec control stream parse error err=21
not ok 4 - announce-subscribe
  ---
  duration_ms: 192
  error: coroutine operation cancelled
  ...
W0719 01:35:41.395367     1 MoQWebTransportClient.cpp:175] WebTransport: No WT-Protocol header in response, will use legacy version negotiation
E0719 01:35:41.458323     1 MoQFramer.cpp:1124] Server selected version draft-1 but we only offer draft-14 in legacy mode
E0719 01:35:41.458339     1 MoQCodec.cpp:126] Conn error=21
E0719 01:35:41.458343     1 MoQSession.cpp:5259] MoQCodec control stream parse error err=21
not ok 5 - publish-namespace-done
  ---
  duration_ms: 190
  error: coroutine operation cancelled
  ...
W0719 01:35:41.586896     1 MoQWebTransportClient.cpp:175] WebTransport: No WT-Protocol header in response, will use legacy version negotiation
E0719 01:35:41.649884     1 MoQFramer.cpp:1124] Server selected version draft-1 but we only offer draft-14 in legacy mode
E0719 01:35:41.649897     1 MoQCodec.cpp:126] Conn error=21
E0719 01:35:41.649900     1 MoQSession.cpp:5259] MoQCodec control stream parse error err=21
not ok 6 - subscribe-before-announce
  ---
  duration_ms: 191
  error: coroutine operation cancelled
  ...
make[1]: *** [Makefile:121: test-external] Error 1
make[1]: Leaving directory '/home/runner/work/moq-interop-runner/moq-interop-runner/main'
