make[1]: Entering directory '/home/runner/work/moq-interop-runner/moq-interop-runner/main'
Running tests against moqt://us-west-2.relay.quicr.org:33437...
  Client: ghcr.io/facebookexperimental/moxygen-interop-client:latest-amd64
docker run --rm \
	 \
	--network host \
	-e RELAY_URL=moqt://us-west-2.relay.quicr.org:33437 \
	-e TLS_DISABLE_VERIFY=1 \
	ghcr.io/facebookexperimental/moxygen-interop-client:latest-amd64
TAP version 14
# moxygen interop test client
# Relay: moqt://us-west-2.relay.quicr.org:33437
# Transport: QUIC
1..6
ok 1 - setup-only
  ---
  duration_ms: 324
  info: SETUP exchange completed successfully
  ...
W0719 01:37:26.667414     1 MoQSession.cpp:5473] Issuing request that will fail; nextRequestID_=0 peerMaxRequestID_=0 sess=0x560637f7c7c0
ok 2 - announce-only
  ---
  duration_ms: 215
  info: PUBLISH_NAMESPACE completed successfully
  ...
E0719 01:37:26.730619     1 MoQRelaySession.cpp:880] PublishNamespaceDone for unknown publishNamespace, sess=0x560637f7c7c0
W0719 01:37:26.864038     1 MoQSession.cpp:5473] Issuing request that will fail; nextRequestID_=0 peerMaxRequestID_=0 sess=0x560637f7c420
not ok 3 - subscribe-error
  ---
  duration_ms: 198
  error: Subscribe succeeded (relay accepted non-existent track)
  ...
W0719 01:37:27.063449     1 MoQSession.cpp:5473] Issuing request that will fail; nextRequestID_=0 peerMaxRequestID_=0 sess=0x560637f51970
W0719 01:37:27.274642     1 MoQSession.cpp:5473] Issuing request that will fail; nextRequestID_=0 peerMaxRequestID_=0 sess=0x560637f523f0
ok 4 - announce-subscribe
  ---
  duration_ms: 406
  info: Publisher announced, subscriber subscribed successfully
  ...
W0719 01:37:27.533426     1 MoQSession.cpp:5473] Issuing request that will fail; nextRequestID_=0 peerMaxRequestID_=0 sess=0x560637f76aa0
ok 5 - publish-namespace-done
  ---
  duration_ms: 263
  info: PUBLISH_NAMESPACE_OK received, PUBLISH_NAMESPACE_DONE sent
  ...
W0719 01:37:27.733599     1 MoQSession.cpp:5473] Issuing request that will fail; nextRequestID_=0 peerMaxRequestID_=0 sess=0x560637f76aa0
W0719 01:37:28.362609     1 MoQSession.cpp:5473] Issuing request that will fail; nextRequestID_=0 peerMaxRequestID_=0 sess=0x560637f6bb40
ok 6 - subscribe-before-announce
  ---
  duration_ms: 826
  info: Subscribe succeeded after publisher announced (relay buffers pending subscriptions)
  ...
make[1]: *** [Makefile:121: test-external] Error 1
make[1]: Leaving directory '/home/runner/work/moq-interop-runner/moq-interop-runner/main'
