make[1]: Entering directory '/home/runner/work/moq-interop-runner/moq-interop-runner/main'
Running tests against https://lminiero.it:9000...
  Client: ghcr.io/englishm/moq-interop-runner-moq-test-client:latest
docker run --rm \
	--network host \
	-e RELAY_URL=https://lminiero.it:9000 \
	-e TLS_DISABLE_VERIFY=false \
	ghcr.io/englishm/moq-interop-runner-moq-test-client:latest
TAP version 14
# moq-test-client v0.1.0
# Relay: https://lminiero.it:9000/
1..6
ok 1 - setup-only
  ---
  duration_ms: 705
  connection_id: 75316cba5742d58d7fd66d40e0b43510
  ...
ok 2 - announce-only
  ---
  duration_ms: 2525
  connection_id: 8769565d9b8082e660d8e9292d378a26
  ...
ok 3 - subscribe-error
  ---
  duration_ms: 531
  connection_id: 12ec973027cab2a200773b9521bf0558
  ...
ok 4 - announce-subscribe
  ---
  duration_ms: 4353
  publisher_connection_id: 9e76cde30b204517ba6a79add89eebf6
  subscriber_connection_id: 85326600a7d9ea3a41483a317c6fd76e
  ...
ok 5 - subscribe-before-announce
  ---
  duration_ms: 4658
  subscriber_connection_id: 401545f5c0828008edb4e1a03189fb73
  publisher_connection_id: 6a998a065c4a16460bf902e66f714c2b
  ...
ok 6 - publish-namespace-done
  ---
  duration_ms: 2626
  connection_id: 45aaa34476885afc9b8101fa6c4af63f
  ...
make[1]: Leaving directory '/home/runner/work/moq-interop-runner/moq-interop-runner/main'
