make[1]: Entering directory '/home/runner/work/moq-interop-runner/moq-interop-runner/main'
Running tests against moqt://fb.mvfst.net:9448...
  Client: ghcr.io/facebookexperimental/moxygen-interop-client:latest-amd64
docker run --rm \
	--network host \
	-e RELAY_URL=moqt://fb.mvfst.net:9448 \
	-e TLS_DISABLE_VERIFY=1 \
	ghcr.io/facebookexperimental/moxygen-interop-client:latest-amd64
TAP version 14
# moxygen interop test client
# Relay: moqt://fb.mvfst.net:9448
# Transport: QUIC
1..6
E0215 00:29:59.482497     1 MoQSession.cpp:2573] proxygen::WebTransport::Exception: received reset_stream with error=0 id=0 sess=0x55f396b9cc50
ok 1 - setup-only
  ---
  duration_ms: 66
  info: SETUP exchange completed successfully
  ...
ok 2 - announce-only
  ---
  duration_ms: 198
  info: PUBLISH_NAMESPACE completed successfully
  ...
E0215 00:29:59.680683     1 MoQRelaySession.cpp:681] PublishNamespaceDone for unknown publishNamespace, sess=0x55f396bbd2d0
E0215 00:29:59.680728     1 MoQSession.cpp:2573] proxygen::WebTransport::Exception: received reset_stream with error=0 id=0 sess=0x55f396bbd2d0
E0215 00:29:59.776274     1 MoQSession.cpp:2573] proxygen::WebTransport::Exception: received reset_stream with error=0 id=0 sess=0x55f396bcbe60
ok 3 - subscribe-error
  ---
  duration_ms: 95
  info: Subscribe correctly returned error: no such namespace or track
  ...
E0215 00:30:00.001277     1 MoQSession.cpp:2573] proxygen::WebTransport::Exception: received reset_stream with error=0 id=0 sess=0x55f396bdb1e0
E0215 00:30:00.001324     1 MoQSession.cpp:2573] proxygen::WebTransport::Exception: received reset_stream with error=0 id=0 sess=0x55f396bc88b0
ok 4 - announce-subscribe
  ---
  duration_ms: 224
  info: Publisher announced, subscriber subscribed successfully
  ...
E0215 00:30:00.122440     1 MoQSession.cpp:2573] proxygen::WebTransport::Exception: received reset_stream with error=0 id=0 sess=0x55f396bb4e50
ok 5 - publish-namespace-done
  ---
  duration_ms: 121
  info: PUBLISH_NAMESPACE_OK received, PUBLISH_NAMESPACE_DONE sent
  ...
ok 6 - subscribe-before-announce
  ---
  duration_ms: 649
  info: Subscribe returned error (relay doesn't buffer pending subscriptions): no such namespace or track
  ...
E0215 00:30:00.772232     1 MoQSession.cpp:2573] proxygen::WebTransport::Exception: received reset_stream with error=0 id=0 sess=0x55f396b99210
E0215 00:30:00.772276     1 MoQSession.cpp:2573] proxygen::WebTransport::Exception: received reset_stream with error=0 id=0 sess=0x55f396bd8fd0
make[1]: Leaving directory '/home/runner/work/moq-interop-runner/moq-interop-runner/main'
