make[1]: Entering directory '/home/runner/work/moq-interop-runner/moq-interop-runner/main'
Running tests against https://fb.mvfst.net:9448/moq-relay...
  Client: ghcr.io/englishm/moq-interop-runner-moq-test-client:latest
docker run --rm \
	 \
	--network host \
	-e RELAY_URL=https://fb.mvfst.net:9448/moq-relay \
	-e TLS_DISABLE_VERIFY=1 \
	ghcr.io/englishm/moq-interop-runner-moq-test-client:latest
TAP version 14
# moq-test-client v0.1.0
# Relay: https://fb.mvfst.net:9448/moq-relay
1..6
ok 1 - setup-only
  ---
  duration_ms: 251
  connection_id: 5846654f563b23b773c089d4a062141a
  ...
ok 2 - announce-only
  ---
  duration_ms: 2252
  connection_id: 37746fec5dccb130b0c3904563d95640
  ...
ok 3 - subscribe-error
  ---
  duration_ms: 363
  connection_id: ca500ba53c64bc22687f4157c3a6da49
  ...
ok 4 - announce-subscribe
  ---
  duration_ms: 572
  publisher_connection_id: 1d0c44fb18059aade7dee9eea54debce
  subscriber_connection_id: 6e9f2618a7b32741e07866487a6ef5ad
  ...
ok 5 - subscribe-before-announce
  ---
  duration_ms: 3963
  subscriber_connection_id: bd61f5a0be3a0f99113f4367a483da9a
  publisher_connection_id: 3e4dcff60a38ad9554bc0bdc64ce0b45
  ...
ok 6 - publish-namespace-done
  ---
  duration_ms: 2328
  connection_id: b705e27ed62e34faee24ed5ab3d7657f
  ...
make[1]: Leaving directory '/home/runner/work/moq-interop-runner/moq-interop-runner/main'
