make[1]: Entering directory '/home/runner/work/moq-interop-runner/moq-interop-runner/main'
Running tests against moqt://lminiero.it:9000...
  Client: ghcr.io/englishm/moq-interop-runner-moq-test-client-draft-18:latest
docker run --rm \
	 \
	--network host \
	-e RELAY_URL=moqt://lminiero.it:9000 \
	-e TLS_DISABLE_VERIFY=false \
	ghcr.io/englishm/moq-interop-runner-moq-test-client-draft-18:latest
TAP version 14
# moq-test-client v0.1.6
# Relay: moqt://lminiero.it:9000
1..6
[2m2026-07-13T01:02:33.420313Z[0m [32m INFO[0m [2mmoq_native_ietf::quic[0m[2m:[0m UDP socket bound [3mbind[0m[2m=[0m[::]:0 [3mlocal[0m[2m=[0m[::]:39648 [3mdual_stack[0m[2m=[0mtrue
[2m2026-07-13T01:02:34.240698Z[0m [32m INFO[0m [2mmoq_test_client::scenarios[0m[2m:[0m SETUP exchange completed successfully
ok 1 - setup-only
  ---
  duration_ms: 821
  connection_id: 35188e6167de6344cc87a1a5b0ead0a4
  ...
[2m2026-07-13T01:02:34.241828Z[0m [32m INFO[0m [2mmoq_native_ietf::quic[0m[2m:[0m UDP socket bound [3mbind[0m[2m=[0m[::]:0 [3mlocal[0m[2m=[0m[::]:58260 [3mdual_stack[0m[2m=[0mtrue
[2m2026-07-13T01:02:35.050868Z[0m [32m INFO[0m [2mmoq_test_client::scenarios[0m[2m:[0m Sending PUBLISH_NAMESPACE for: moq-test/interop
[2m2026-07-13T01:02:37.052323Z[0m [32m INFO[0m [2mmoq_test_client::scenarios[0m[2m:[0m PUBLISH_NAMESPACE succeeded (REQUEST_OK received, waiting for subscribers)
ok 2 - publish-namespace-only
  ---
  duration_ms: 2811
  connection_id: b07ece327eff9344b3f00dff1139185c
  ...
[2m2026-07-13T01:02:37.053215Z[0m [32m INFO[0m [2mmoq_native_ietf::quic[0m[2m:[0m UDP socket bound [3mbind[0m[2m=[0m[::]:0 [3mlocal[0m[2m=[0m[::]:53810 [3mdual_stack[0m[2m=[0mtrue
[2m2026-07-13T01:02:37.400304Z[0m [32m INFO[0m [2mmoq_test_client::scenarios[0m[2m:[0m Subscribing to non-existent track: nonexistent/namespace/test-track
[2m2026-07-13T01:02:37.565355Z[0m [33m WARN[0m [2mmoq_transport::serve::error[0m[2m:[0m [e47f89b5-3e6c-4180-a69a-55fad5351200] Not found: Namespace not found at moq-transport/src/session/subscriber.rs:455
[2m2026-07-13T01:02:37.565397Z[0m [33m WARN[0m [2mmoq_transport::session::reader[0m[2m:[0m [READER] decode: stream ended while waiting for data (have=0 bytes, need=1)
[2m2026-07-13T01:02:37.565453Z[0m [32m INFO[0m [2mmoq_test_client::scenarios[0m[2m:[0m Got expected 'not found' error: not found: Track not found [error:e47f89b5-3e6c-4180-a69a-55fad5351200]
ok 3 - subscribe-error
  ---
  duration_ms: 513
  connection_id: bea2ad33b78f540b30b9110fdb6ce8a0
  ...
[2m2026-07-13T01:02:37.566713Z[0m [32m INFO[0m [2mmoq_native_ietf::quic[0m[2m:[0m UDP socket bound [3mbind[0m[2m=[0m[::]:0 [3mlocal[0m[2m=[0m[::]:48775 [3mdual_stack[0m[2m=[0mtrue
[2m2026-07-13T01:02:38.353050Z[0m [32m INFO[0m [2mmoq_native_ietf::quic[0m[2m:[0m UDP socket bound [3mbind[0m[2m=[0m[::]:0 [3mlocal[0m[2m=[0m[::]:47122 [3mdual_stack[0m[2m=[0mtrue
[2m2026-07-13T01:02:39.243792Z[0m [32m INFO[0m [2mmoq_test_client::scenarios[0m[2m:[0m Publisher sending PUBLISH_NAMESPACE: moq-test/interop
[2m2026-07-13T01:02:39.243813Z[0m [32m INFO[0m [2mmoq_test_client::scenarios[0m[2m:[0m Subscriber subscribing to track: moq-test/interop/test-track
[2m2026-07-13T01:02:42.244374Z[0m [32m INFO[0m [2mmoq_test_client::scenarios[0m[2m:[0m Test timeout reached - subscription routing may still be in progress
ok 4 - publish-namespace-subscribe
  ---
  duration_ms: 4678
  publisher_connection_id: 9f205d7659796891a934956277614b96
  subscriber_connection_id: 2b872daf2ca462af0d4b49eaf7bbb363
  ...
[2m2026-07-13T01:02:42.245434Z[0m [32m INFO[0m [2mmoq_native_ietf::quic[0m[2m:[0m UDP socket bound [3mbind[0m[2m=[0m[::]:0 [3mlocal[0m[2m=[0m[::]:57550 [3mdual_stack[0m[2m=[0mtrue
[2m2026-07-13T01:02:42.907329Z[0m [32m INFO[0m [2mmoq_test_client::scenarios[0m[2m:[0m Subscriber subscribing BEFORE PUBLISH_NAMESPACE: moq-test/interop/test-track
[2m2026-07-13T01:02:43.074115Z[0m [33m WARN[0m [2mmoq_transport::serve::error[0m[2m:[0m [f362876e-7659-4a56-badf-1c6bbd643ea3] Not found: Namespace not found at moq-transport/src/session/subscriber.rs:455
[2m2026-07-13T01:02:43.074159Z[0m [33m WARN[0m [2mmoq_transport::session::reader[0m[2m:[0m [READER] decode: stream ended while waiting for data (have=0 bytes, need=1)
[2m2026-07-13T01:02:43.409462Z[0m [32m INFO[0m [2mmoq_native_ietf::quic[0m[2m:[0m UDP socket bound [3mbind[0m[2m=[0m[::]:0 [3mlocal[0m[2m=[0m[::]:35440 [3mdual_stack[0m[2m=[0mtrue
[2m2026-07-13T01:02:44.205835Z[0m [32m INFO[0m [2mmoq_test_client::scenarios[0m[2m:[0m Publisher sending PUBLISH_NAMESPACE (after subscriber): moq-test/interop
[2m2026-07-13T01:02:47.206421Z[0m [32m INFO[0m [2mmoq_test_client::scenarios[0m[2m:[0m Publisher PUBLISH_NAMESPACE timeout (expected)
[2m2026-07-13T01:02:47.206448Z[0m [32m INFO[0m [2mmoq_test_client::scenarios[0m[2m:[0m Subscriber got error: not found: Track not found [error:f362876e-7659-4a56-badf-1c6bbd643ea3] (may be expected)
ok 5 - subscribe-before-publish-namespace
  ---
  duration_ms: 4961
  subscriber_connection_id: 78286a35df725f15538f906a6f4366d8
  publisher_connection_id: a8728a8a73b3185f26c175fabb14b3df
  ...
[2m2026-07-13T01:02:47.207330Z[0m [32m INFO[0m [2mmoq_native_ietf::quic[0m[2m:[0m UDP socket bound [3mbind[0m[2m=[0m[::]:0 [3mlocal[0m[2m=[0m[::]:46714 [3mdual_stack[0m[2m=[0mtrue
[2m2026-07-13T01:02:47.996655Z[0m [32m INFO[0m [2mmoq_test_client::scenarios[0m[2m:[0m Sending PUBLISH_NAMESPACE: moq-test/interop
[2m2026-07-13T01:02:49.997755Z[0m [32m INFO[0m [2mmoq_test_client::scenarios[0m[2m:[0m PUBLISH_NAMESPACE active; sending PUBLISH_NAMESPACE_DONE
[2m2026-07-13T01:02:50.098314Z[0m [32m INFO[0m [2mmoq_test_client::scenarios[0m[2m:[0m PUBLISH_NAMESPACE_DONE sent successfully
ok 6 - publish-namespace-done
  ---
  duration_ms: 2891
  connection_id: 67864782ad554393374e57d6a9cc2aaa
  ...
make[1]: Leaving directory '/home/runner/work/moq-interop-runner/moq-interop-runner/main'
