make[1]: Entering directory '/home/runner/work/moq-interop-runner/moq-interop-runner/main'
Running tests against https://draft-14.cloudflare.mediaoverquic.com:443/moq...
  Client: ghcr.io/englishm/moq-interop-runner-moq-test-client:latest
docker run --rm \
	 \
	--network host \
	-e RELAY_URL=https://draft-14.cloudflare.mediaoverquic.com:443/moq \
	-e TLS_DISABLE_VERIFY=false \
	ghcr.io/englishm/moq-interop-runner-moq-test-client:latest
TAP version 14
# moq-test-client v0.1.0
# Relay: https://draft-14.cloudflare.mediaoverquic.com/moq
1..6
ok 1 - setup-only
  ---
  duration_ms: 15
  connection_id: 17ed520b95114a506c6465a52ff81182
  ...
ok 2 - announce-only
  ---
  duration_ms: 2013
  connection_id: a946b902ef77e017ab749a9ff99775f9
  ...
ok 3 - subscribe-error
  ---
  duration_ms: 64
  connection_id: 0bf45c8a88ef088a5f33afb79d04fc5e
  ...
ok 4 - announce-subscribe
  ---
  duration_ms: 67
  publisher_connection_id: f0bbf4220383a9646f2491468ed4d01c
  subscriber_connection_id: b97e8a33276eb2644fe3df8c1724f53f
  ...
ok 5 - subscribe-before-announce
  ---
  duration_ms: 3529
  subscriber_connection_id: d6ce35b15aeab20f84970aa46986dbdb
  publisher_connection_id: 61d2262e6f057ebfcc9d77195cea7258
  ...
ok 6 - publish-namespace-done
  ---
  duration_ms: 2118
  connection_id: 358ee6b6e5826a43c560a2ad686e1cfa
  ...
make[1]: Leaving directory '/home/runner/work/moq-interop-runner/moq-interop-runner/main'
