make[1]: Entering directory '/home/runner/work/moq-interop-runner/moq-interop-runner/main'
Running tests against moqt://moqx-main.ci.openmoq.org:4433...
  Client: ghcr.io/englishm/moq-interop-runner-moq-test-client-draft-16:latest
docker run --rm \
	 \
	--network host \
	-e RELAY_URL=moqt://moqx-main.ci.openmoq.org:4433 \
	-e TLS_DISABLE_VERIFY=false \
	ghcr.io/englishm/moq-interop-runner-moq-test-client-draft-16:latest
TAP version 14
# moq-test-client v0.1.0
# Relay: moqt://moqx-main.ci.openmoq.org:4433
1..6
ok 1 - setup-only
  ---
  duration_ms: 110
  connection_id: 881be4253c9dd6620108713d2d8ca131
  ...
ok 2 - announce-only
  ---
  duration_ms: 2411
  connection_id: 3f34e41d1136ed72ef6aac859d350270
  ...
ok 3 - subscribe-error
  ---
  duration_ms: 160
  connection_id: fc308cca12c2ecfc18f8bed9d3fdc1f8
  ...
ok 4 - announce-subscribe
  ---
  duration_ms: 3363
  publisher_connection_id: 3505488b7903804beb3c105f43a08400
  subscriber_connection_id: 24debd1a95fea5b57acc2e814d37348d
  ...
ok 5 - subscribe-before-announce
  ---
  duration_ms: 4890
  subscriber_connection_id: 5c46500d181e9fd0ddea7f5efb6cddf8
  publisher_connection_id: ce4ca32868011408d05b3fab97ddea10
  ...
ok 6 - publish-namespace-done
  ---
  duration_ms: 2337
  connection_id: 1499c196e4ae730386571e14acca7b70
  ...
make[1]: Leaving directory '/home/runner/work/moq-interop-runner/moq-interop-runner/main'
