make[1]: Entering directory '/home/runner/work/moq-interop-runner/moq-interop-runner/main'
Running tests against https://lminiero.it:9000...
  Client: ghcr.io/englishm/moq-interop-runner-moq-test-client-draft-16:latest
docker run --rm \
	 \
	--network host \
	-e RELAY_URL=https://lminiero.it:9000 \
	-e TLS_DISABLE_VERIFY=false \
	ghcr.io/englishm/moq-interop-runner-moq-test-client-draft-16:latest
TAP version 14
# moq-test-client v0.1.0
# Relay: https://lminiero.it:9000/
1..6
ok 1 - setup-only
  ---
  duration_ms: 1105
  connection_id: 46eb55b37fcf4a1e234a3141baf9ffa9
  ...
[2026-07-13T01:33:26Z ERROR moq_transport::session::reader] [READER] decode: ERROR decoding moq_transport::message::Message - InvalidMessage(12661) (buffer_len=16)
not ok 2 - announce-only
  ---
  duration_ms: 1273
  message: "session error: decode error: invalid message: 12661: invalid message: 12661"
  ...
not ok 3 - subscribe-error
  ---
  duration_ms: 1137
  message: "session error: decode error: invalid message: 12661: invalid message: 12661"
  ...
[2026-07-13T01:33:27Z ERROR moq_transport::session::reader] [READER] decode: ERROR decoding moq_transport::message::Message - InvalidMessage(12661) (buffer_len=16)
[2026-07-13T01:33:30Z ERROR moq_transport::session::reader] [READER] decode: ERROR decoding moq_transport::message::Message - InvalidMessage(12661) (buffer_len=16)
not ok 4 - announce-subscribe
  ---
  duration_ms: 2392
  message: "subscriber session error: decode error: invalid message: 12661: invalid message: 12661"
  ...
[2026-07-13T01:33:31Z ERROR moq_transport::session::reader] [READER] decode: ERROR decoding moq_transport::message::Message - InvalidMessage(12661) (buffer_len=16)
not ok 5 - subscribe-before-announce
  ---
  duration_ms: 2790
  message: "publisher session error: decode error: invalid message: 12661: invalid message: 12661"
  ...
[2026-07-13T01:33:33Z ERROR moq_transport::session::reader] [READER] decode: ERROR decoding moq_transport::message::Message - InvalidMessage(12661) (buffer_len=16)
[2026-07-13T01:33:34Z ERROR moq_transport::session::reader] [READER] decode: ERROR decoding moq_transport::message::Message - InvalidMessage(12661) (buffer_len=16)
not ok 6 - publish-namespace-done
  ---
  duration_ms: 1116
  message: "session error: decode error: invalid message: 12661: invalid message: 12661"
  ...
make[1]: *** [Makefile:121: test-external] Error 1
make[1]: Leaving directory '/home/runner/work/moq-interop-runner/moq-interop-runner/main'
