make[1]: Entering directory '/home/runner/work/moq-interop-runner/moq-interop-runner/main'
Running tests against https://draft-16-manish.cloudflare.mediaoverquic.com:443/moq...
  Client: ghcr.io/openmoq/moqx-interop-client:latest
docker run --rm \
	 \
	--network host \
	-e RELAY_URL=https://draft-16-manish.cloudflare.mediaoverquic.com:443/moq \
	-e TLS_DISABLE_VERIFY=false \
	ghcr.io/openmoq/moqx-interop-client:latest
TAP version 14
# moxygen interop test client
# Relay: https://draft-16-manish.cloudflare.mediaoverquic.com:443/moq
# Transport: WebTransport
1..6
E20260713 01:43:10.422798     1 HQSession.cpp:579] Connection closed with error err=Crypto error: certificate_expired msg=fizz::FizzVerificationException: certificate verification failed: certificate has expired proto=, client CID=, server CID=682e43ce32c6a939, local=<uninitialized address>, 34.68.101.111:443=upstream, drain=none
E0713 01:43:10.424497     1 MoQWebTransportClient.cpp:95] std::runtime_error: Crypto error: certificate_expired
not ok 1 - setup-only
  ---
  duration_ms: 84
  error: Crypto error: certificate_expired
  ...
E20260713 01:43:10.483011     1 HQSession.cpp:579] Connection closed with error err=Crypto error: certificate_expired msg=fizz::FizzVerificationException: certificate verification failed: certificate has expired proto=, client CID=, server CID=e20ae2e0d1a67a50, local=<uninitialized address>, 34.68.101.111:443=upstream, drain=none
E0713 01:43:10.483182     1 MoQWebTransportClient.cpp:95] std::runtime_error: Crypto error: certificate_expired
not ok 2 - announce-only
  ---
  duration_ms: 58
  error: Crypto error: certificate_expired
  ...
E20260713 01:43:10.541744     1 HQSession.cpp:579] Connection closed with error err=Crypto error: certificate_expired msg=fizz::FizzVerificationException: certificate verification failed: certificate has expired proto=, client CID=, server CID=8429727c23524eb3, local=<uninitialized address>, 34.68.101.111:443=upstream, drain=none
E0713 01:43:10.541933     1 MoQWebTransportClient.cpp:95] std::runtime_error: Crypto error: certificate_expired
not ok 3 - subscribe-error
  ---
  duration_ms: 58
  error: Crypto error: certificate_expired
  ...
E20260713 01:43:10.604909     1 HQSession.cpp:579] Connection closed with error err=Crypto error: certificate_expired msg=fizz::FizzVerificationException: certificate verification failed: certificate has expired proto=, client CID=, server CID=d9be446d4058c603, local=<uninitialized address>, 34.68.101.111:443=upstream, drain=none
E0713 01:43:10.605116     1 MoQWebTransportClient.cpp:95] std::runtime_error: Crypto error: certificate_expired
not ok 4 - announce-subscribe
  ---
  duration_ms: 63
  error: Crypto error: certificate_expired
  ...
E20260713 01:43:10.663447     1 HQSession.cpp:579] Connection closed with error err=Crypto error: certificate_expired msg=fizz::FizzVerificationException: certificate verification failed: certificate has expired proto=, client CID=, server CID=fe29e86e4264b4b6, local=<uninitialized address>, 34.68.101.111:443=upstream, drain=none
E0713 01:43:10.663622     1 MoQWebTransportClient.cpp:95] std::runtime_error: Crypto error: certificate_expired
not ok 5 - publish-namespace-done
  ---
  duration_ms: 58
  error: Crypto error: certificate_expired
  ...
E20260713 01:43:10.722754     1 HQSession.cpp:579] Connection closed with error err=Crypto error: certificate_expired msg=fizz::FizzVerificationException: certificate verification failed: certificate has expired proto=, client CID=, server CID=97d36b16f0e49f9f, local=<uninitialized address>, 34.68.101.111:443=upstream, drain=none
E0713 01:43:10.722924     1 MoQWebTransportClient.cpp:95] std::runtime_error: Crypto error: certificate_expired
not ok 6 - subscribe-before-announce
  ---
  duration_ms: 59
  error: Crypto error: certificate_expired
  ...
make[1]: *** [Makefile:121: test-external] Error 1
make[1]: Leaving directory '/home/runner/work/moq-interop-runner/moq-interop-runner/main'
