make[1]: Entering directory '/home/runner/work/moq-interop-runner/moq-interop-runner/main'
Running tests against https://moqt.nokiaresearch.com:4443/moq...
  Client: ghcr.io/facebookexperimental/moxygen-interop-client:latest-amd64
docker run --rm \
	 \
	--network host \
	-e RELAY_URL=https://moqt.nokiaresearch.com:4443/moq \
	-e TLS_DISABLE_VERIFY=false \
	ghcr.io/facebookexperimental/moxygen-interop-client:latest-amd64
TAP version 14
# moxygen interop test client
# Relay: https://moqt.nokiaresearch.com:4443/moq
# Transport: WebTransport
1..6
E20260713 01:13:48.203908     1 HQSession.cpp:579] Connection closed with error err=Connect failed msg=connect timeout proto=, client CID=, server CID=, local=<uninitialized address>, 74.119.206.44:4443=upstream, drain=none
E0713 01:13:48.205121     1 MoQWebTransportClient.cpp:95] std::runtime_error: Connect failed
not ok 1 - setup-only
  ---
  duration_ms: 2035
  error: Connect failed
  ...
E20260713 01:13:50.212414     1 HQSession.cpp:579] Connection closed with error err=Connect failed msg=connect timeout proto=, client CID=, server CID=, local=<uninitialized address>, 74.119.206.44:4443=upstream, drain=none
E0713 01:13:50.212553     1 MoQWebTransportClient.cpp:95] std::runtime_error: Connect failed
not ok 2 - announce-only
  ---
  duration_ms: 2007
  error: Connect failed
  ...
E20260713 01:13:52.230388     1 HQSession.cpp:579] Connection closed with error err=Connect failed msg=connect timeout proto=, client CID=, server CID=, local=<uninitialized address>, 74.119.206.44:4443=upstream, drain=none
E0713 01:13:52.230533     1 MoQWebTransportClient.cpp:95] std::runtime_error: Connect failed
not ok 3 - subscribe-error
  ---
  duration_ms: 2017
  error: Connect failed
  ...
E20260713 01:13:54.246376     1 HQSession.cpp:579] Connection closed with error err=Connect failed msg=connect timeout proto=, client CID=, server CID=, local=<uninitialized address>, 74.119.206.44:4443=upstream, drain=none
E0713 01:13:54.246524     1 MoQWebTransportClient.cpp:95] std::runtime_error: Connect failed
not ok 4 - announce-subscribe
  ---
  duration_ms: 2015
  error: Connect failed
  ...
E20260713 01:13:56.251425     1 HQSession.cpp:579] Connection closed with error err=Connect failed msg=connect timeout proto=, client CID=, server CID=, local=<uninitialized address>, 74.119.206.44:4443=upstream, drain=none
E0713 01:13:56.251602     1 MoQWebTransportClient.cpp:95] std::runtime_error: Connect failed
not ok 5 - publish-namespace-done
  ---
  duration_ms: 2005
  error: Connect failed
  ...
E20260713 01:13:58.267146     1 HQSession.cpp:579] Connection closed with error err=Connect failed msg=connect timeout proto=, client CID=, server CID=, local=<uninitialized address>, 74.119.206.44:4443=upstream, drain=none
E0713 01:13:58.267312     1 MoQWebTransportClient.cpp:95] std::runtime_error: Connect failed
not ok 6 - subscribe-before-announce
  ---
  duration_ms: 2015
  error: Connect failed
  ...
make[1]: *** [Makefile:121: test-external] Error 1
make[1]: Leaving directory '/home/runner/work/moq-interop-runner/moq-interop-runner/main'
