make[1]: Entering directory '/home/runner/work/moq-interop-runner/moq-interop-runner/main'
Running tests against moqt://draft-16-manish.cloudflare.mediaoverquic.com:443...
  Client: ghcr.io/englishm/moq-interop-runner-moq-test-client-draft-16:latest
docker run --rm \
	--network host \
	-e RELAY_URL=moqt://draft-16-manish.cloudflare.mediaoverquic.com:443 \
	-e TLS_DISABLE_VERIFY=false \
	ghcr.io/englishm/moq-interop-runner-moq-test-client-draft-16:latest
TAP version 14
# moq-test-client v0.1.0
# Relay: moqt://draft-16-manish.cloudflare.mediaoverquic.com:443
1..6
ok 1 - setup-only
  ---
  duration_ms: 450
  connection_id: 0115e995a2d18f5668e33f41cef2e919
  ...
ok 2 - announce-only
  ---
  duration_ms: 2135
  connection_id: d313e6f03ebc564196755261af2d99b3
  ...
ok 3 - subscribe-error
  ---
  duration_ms: 185
  connection_id: 3b89738c713230c510ea249fe7c4c734
  ...
ok 4 - announce-subscribe
  ---
  duration_ms: 334
  publisher_connection_id: 27dfa85677aa415e729cba7b8b78cbbc
  subscriber_connection_id: 3baa15ef4d288f6989d29b6adb1921ac
  ...
ok 5 - subscribe-before-announce
  ---
  duration_ms: 3767
  subscriber_connection_id: 1181a2c0be74e7a8b9a13bbdd063e99f
  publisher_connection_id: 34de71136e602ff4563d1e31d2cfbaf5
  ...
ok 6 - publish-namespace-done
  ---
  duration_ms: 2234
  connection_id: f8ede4177a2009f49f7c98faad3c7713
  ...
make[1]: Leaving directory '/home/runner/work/moq-interop-runner/moq-interop-runner/main'
