make[1]: Entering directory '/home/runner/work/moq-interop-runner/moq-interop-runner/main'
Running tests against https://relay.moqtail.dev...
  Client: ghcr.io/englishm/moq-interop-runner-moq-test-client:latest
docker run --rm \
	--network host \
	-e RELAY_URL=https://relay.moqtail.dev \
	-e TLS_DISABLE_VERIFY=false \
	ghcr.io/englishm/moq-interop-runner-moq-test-client:latest
TAP version 14
# moq-test-client v0.1.0
# Relay: https://relay.moqtail.dev/
1..6
ok 1 - setup-only
  ---
  duration_ms: 725
  connection_id: 183bbd84c7975e630b4e7f717cbaee0d
  ...
ok 2 - announce-only
  ---
  duration_ms: 2653
  connection_id: 1e6cf995cde65de24af5de3b8aa6826b
  ...
ok 3 - subscribe-error
  ---
  duration_ms: 798
  connection_id: 014355fccebf7c1a662ab4da9a03569f
  ...
ok 4 - announce-subscribe
  ---
  duration_ms: 4358
  publisher_connection_id: 0393b9bdd39183634e3195681f21e66e
  subscriber_connection_id: d83f40e550795eed330b28af27e126d8
  ...
ok 5 - subscribe-before-announce
  ---
  duration_ms: 4851
  subscriber_connection_id: 47910e572502deeac88d7b313e3b925c
  publisher_connection_id: 3abd7af1c37132bde89ad52d9f47e8e3
  ...
ok 6 - publish-namespace-done
  ---
  duration_ms: 2731
  connection_id: 2611c57dea2bc9582833585ab8cbbc3c
  ...
make[1]: Leaving directory '/home/runner/work/moq-interop-runner/moq-interop-runner/main'
