make[1]: Entering directory '/home/runner/work/moq-interop-runner/moq-interop-runner/main'
Running tests against moqt://fb.mvfst.net:9448...
  Client: ghcr.io/englishm/moq-interop-runner-moq-test-client:latest
docker run --rm \
	--network host \
	-e RELAY_URL=moqt://fb.mvfst.net:9448 \
	-e TLS_DISABLE_VERIFY=1 \
	ghcr.io/englishm/moq-interop-runner-moq-test-client:latest
TAP version 14
# moq-test-client v0.1.0
# Relay: moqt://fb.mvfst.net:9448
1..6
ok 1 - setup-only
  ---
  duration_ms: 85
  connection_id: f22e23dab340eb3f644d3a90f5a04121
  ...
ok 2 - announce-only
  ---
  duration_ms: 2037
  connection_id: 8f77bf671b2ed0c646815e51367adb01
  ...
ok 3 - subscribe-error
  ---
  duration_ms: 53
  connection_id: 8d14f164cd4198284f35158a321eab71
  ...
ok 4 - announce-subscribe
  ---
  duration_ms: 148
  publisher_connection_id: 2832639f796cb7fa3c7379921ebd217c
  subscriber_connection_id: 0e6d21810ff77561b57a0d3cdc5f7c63
  ...
ok 5 - subscribe-before-announce
  ---
  duration_ms: 3580
  subscriber_connection_id: 945e09ede57c71510b40646a58d216b8
  publisher_connection_id: 532b9ce676c9c9496a321977be8ebaa0
  ...
ok 6 - publish-namespace-done
  ---
  duration_ms: 2141
  connection_id: c8cfb38e4bd3fee18d1512fbb57a4b7c
  ...
make[1]: Leaving directory '/home/runner/work/moq-interop-runner/moq-interop-runner/main'
