make[1]: Entering directory '/home/runner/work/moq-interop-runner/moq-interop-runner/main'
Running tests against https://draft-14.cloudflare.mediaoverquic.com:443/moq...
  Client: ghcr.io/facebookexperimental/moxygen-interop-client:latest-amd64
docker run --rm \
	--network host \
	-e RELAY_URL=https://draft-14.cloudflare.mediaoverquic.com:443/moq \
	-e TLS_DISABLE_VERIFY=false \
	ghcr.io/facebookexperimental/moxygen-interop-client:latest-amd64
TAP version 14
# moxygen interop test client
# Relay: https://draft-14.cloudflare.mediaoverquic.com:443/moq
# Transport: WebTransport
1..6
W0214 00:38:59.868757     1 MoQWebTransportClient.cpp:180] WebTransport: No WT-Protocol header in response, will use legacy version negotiation
E0214 00:38:59.871702     1 MoQSession.cpp:2573] proxygen::WebTransport::Exception: session terminated with error=386759528 id=4 sess=0x55e427212970
ok 1 - setup-only
  ---
  duration_ms: 35
  info: SETUP exchange completed successfully
  ...
W0214 00:38:59.879845     1 MoQWebTransportClient.cpp:180] WebTransport: No WT-Protocol header in response, will use legacy version negotiation
E0214 00:39:00.109173     1 MoQRelaySession.cpp:681] PublishNamespaceDone for unknown publishNamespace, sess=0x55e42722ebb0
ok 2 - announce-only
  ---
  duration_ms: 237
  info: PUBLISH_NAMESPACE completed successfully
  ...
E0214 00:39:00.109316     1 MoQSession.cpp:2573] proxygen::WebTransport::Exception: session terminated with error=386759528 id=4 sess=0x55e42722ebb0
W0214 00:39:00.119086     1 MoQWebTransportClient.cpp:180] WebTransport: No WT-Protocol header in response, will use legacy version negotiation
E0214 00:39:00.124601     1 MoQWebTransportClient.cpp:205] proxygen::HTTPException: Got error=ApplicationError: No Error, Client closed by peer reason=
ok 3 - subscribe-error
  ---
  duration_ms: 15
  info: Subscribe correctly returned error: Session closed
  ...
W0214 00:39:00.133754     1 MoQWebTransportClient.cpp:180] WebTransport: No WT-Protocol header in response, will use legacy version negotiation
W0214 00:39:00.334374     1 MoQWebTransportClient.cpp:180] WebTransport: No WT-Protocol header in response, will use legacy version negotiation
E0214 00:39:00.340227     1 MoQWebTransportClient.cpp:205] proxygen::HTTPException: Got error=ApplicationError: No Error, Client closed by peer reason=
not ok 4 - announce-subscribe
  ---
  duration_ms: 215
  error: Subscribe failed: Session closed
  ...
E0214 00:39:00.340416     1 MoQSession.cpp:2573] proxygen::WebTransport::Exception: session terminated with error=386759528 id=4 sess=0x55e4271fb290
W0214 00:39:00.349769     1 MoQWebTransportClient.cpp:180] WebTransport: No WT-Protocol header in response, will use legacy version negotiation
ok 5 - publish-namespace-done
  ---
  duration_ms: 111
  info: PUBLISH_NAMESPACE_OK received, PUBLISH_NAMESPACE_DONE sent
  ...
E0214 00:39:00.451797     1 MoQSession.cpp:2573] proxygen::WebTransport::Exception: session terminated with error=386759528 id=4 sess=0x55e42721eb90
W0214 00:39:00.461408     1 MoQWebTransportClient.cpp:180] WebTransport: No WT-Protocol header in response, will use legacy version negotiation
E0214 00:39:00.465882     1 MoQWebTransportClient.cpp:205] proxygen::HTTPException: Got error=ApplicationError: No Error, Client closed by peer reason=
W0214 00:39:00.984385     1 MoQWebTransportClient.cpp:180] WebTransport: No WT-Protocol header in response, will use legacy version negotiation
ok 6 - subscribe-before-announce
  ---
  duration_ms: 850
  info: Subscribe returned error (relay doesn't buffer pending subscriptions): Session closed
  ...
E0214 00:39:01.302178     1 MoQSession.cpp:2573] proxygen::WebTransport::Exception: session terminated with error=386759528 id=4 sess=0x55e42723b610
make[1]: *** [Makefile:91: test-external] Error 1
make[1]: Leaving directory '/home/runner/work/moq-interop-runner/moq-interop-runner/main'
