make: Entering directory '/home/runner/work/moq-interop-runner/moq-interop-runner'
Running tests against https://draft-18-interop.cloudflare.mediaoverquic.com:443/moq...
  Client: ghcr.io/gmarzot/aiomoqt:latest
  Extra docker args: --env-file /home/runner/work/moq-interop-runner/moq-interop-runner/results/2026-07-08_155834-pinned/.env.aiomoqt_to_moq-rs-draft-18_draft-18.remote.client
docker run --rm \
	--env-file /home/runner/work/moq-interop-runner/moq-interop-runner/results/2026-07-08_155834-pinned/.env.aiomoqt_to_moq-rs-draft-18_draft-18.remote.client \
	--network host \
	-e RELAY_URL=https://draft-18-interop.cloudflare.mediaoverquic.com:443/moq \
	-e TLS_DISABLE_VERIFY=false \
	ghcr.io/gmarzot/aiomoqt:latest
  [PASS] setup-only: SERVER_SETUP received with compatible version
  [PASS] announce-only: PUBLISH_NAMESPACE_OK received
  [PASS] publish-namespace-done: PUBLISH_NAMESPACE_OK received, PUBLISH_NAMESPACE_DONE sent
  [PASS] subscribe-error: Error received (expected): code=16
  [PASS] announce-subscribe: SUBSCRIBE_OK received — relay routed subscription
  [PASS] subscribe-before-announce: Error received (valid: relay didn't buffer): code=16
TAP version 14
# date: 2026-07-08T16:01:21Z
# ended: 2026-07-08T16:01:23Z
# target: https://draft-18-interop.cloudflare.mediaoverquic.com:443/moq
# version: aiomoqt/0.10.5
1..6
ok 1 - setup-only
  ---
  duration_ms: 75.6
  connection_id: unknown
  message: SERVER_SETUP received with compatible version
  ...
ok 2 - announce-only
  ---
  duration_ms: 53.4
  connection_id: unknown
  message: PUBLISH_NAMESPACE_OK received
  ...
ok 3 - publish-namespace-done
  ---
  duration_ms: 165.1
  connection_id: unknown
  message: PUBLISH_NAMESPACE_OK received, PUBLISH_NAMESPACE_DONE sent
  ...
ok 4 - subscribe-error
  ---
  duration_ms: 52.4
  connection_id: unknown
  message: Error received (expected): code=16
  expected: SUBSCRIBE_ERROR code=TRACK_DOES_NOT_EXIST
  ...
ok 5 - announce-subscribe
  ---
  duration_ms: 106.2
  publisher_connection_id: unknown
  subscriber_connection_id: unknown
  message: SUBSCRIBE_OK received — relay routed subscription
  ...
ok 6 - subscribe-before-announce
  ---
  duration_ms: 614.7
  publisher_connection_id: unknown
  subscriber_connection_id: unknown
  message: Error received (valid: relay didn't buffer): code=16
  ...
make: Leaving directory '/home/runner/work/moq-interop-runner/moq-interop-runner'
