time="2026-07-08T16:01:19Z" level=warning msg="The \"PORT\" variable is not set. Defaulting to a blank string."
time="2026-07-08T16:01:19Z" level=warning msg="The \"PORT\" variable is not set. Defaulting to a blank string."
time="2026-07-08T16:01:19Z" level=warning msg="The \"PORT\" variable is not set. Defaulting to a blank string."
time="2026-07-08T16:01:19Z" level=warning msg="The \"HEX\" variable is not set. Defaulting to a blank string."
time="2026-07-08T16:01:19Z" level=warning msg="The \"HEX\" variable is not set. Defaulting to a blank string."
 Container moq-interop-runner-relay-1  Recreate
 Container moq-interop-runner-relay-1  Recreated
 Container moq-interop-runner-test-client-1  Recreate
 Container moq-interop-runner-test-client-1  Recreated
Attaching to relay-1, test-client-1
relay-1        | Starting moq-rs relay on port 4443
relay-1        |   Cert: /certs/cert.pem
relay-1        |   Key:  /certs/priv.key
relay-1        |   Mlog: /mlog
test-client-1  | TAP version 14
test-client-1  | # imquic-moq-interop-test v0.0.2/alpha
test-client-1  | # Relay: https://relay:4443
test-client-1  | 1..6
test-client-1  | ok 1 - setup-only
test-client-1  | ok 2 - announce-only
test-client-1  | ok 3 - publish-namespace-done
relay-1        | [2026-07-08T16:01:26Z ERROR moq_relay_ietf::producer] failed to route to remote: namespace not found
test-client-1  | ok 4 - subscribe-error
test-client-1  | ok 5 - announce-subscribe
relay-1        | [2026-07-08T16:01:28Z ERROR moq_relay_ietf::producer] failed to route to remote: namespace not found
test-client-1  | ok 6 - subscribe-before-announce
[Ktest-client-1 exited with code 0
Aborting on container exit...
 Container moq-interop-runner-test-client-1  Stopping
 Container moq-interop-runner-test-client-1  Stopped
 Container moq-interop-runner-relay-1  Stopping
 Container moq-interop-runner-relay-1  Stopped
