make: Entering directory '/home/runner/work/moq-interop-runner/moq-interop-runner'
Running tests against moqt://draft-18-interop.cloudflare.mediaoverquic.com:443...
  Client: ghcr.io/englishm/moq-interop-runner-moq-go-client:latest
  Extra docker args: --env-file /home/runner/work/moq-interop-runner/moq-interop-runner/results/2026-07-08_235509-pinned/.env.moq-go_to_moq-rs-draft-18_draft-18.remote.client
docker run --rm \
	--env-file /home/runner/work/moq-interop-runner/moq-interop-runner/results/2026-07-08_235509-pinned/.env.moq-go_to_moq-rs-draft-18_draft-18.remote.client \
	--network host \
	-e RELAY_URL=moqt://draft-18-interop.cloudflare.mediaoverquic.com:443 \
	-e TLS_DISABLE_VERIFY=false \
	ghcr.io/englishm/moq-interop-runner-moq-go-client:latest
TAP version 14
# moq interop-client
# Relay: moqt://draft-18-interop.cloudflare.mediaoverquic.com:443
1..6
not ok 1 - setup-only
  ---
  duration_ms: 5000
  message: "connect (18 attempts): dial quic draft-18-interop.cloudflare.mediaoverquic.com:443: CRYPTO_ERROR 0x12a (local): tls: failed to verify certificate: x509: certificate has expired or is not yet valid: current time 2026-07-09T00:12:08Z is after 2026-07-07T17:36:45Z"
  ...
not ok 2 - announce-only
  ---
  duration_ms: 5000
  message: "connect (19 attempts): dial quic draft-18-interop.cloudflare.mediaoverquic.com:443: CRYPTO_ERROR 0x12a (local): tls: failed to verify certificate: x509: certificate has expired or is not yet valid: current time 2026-07-09T00:12:13Z is after 2026-07-07T17:36:45Z"
  ...
not ok 3 - publish-namespace-done
  ---
  duration_ms: 5000
  message: "connect (19 attempts): dial quic draft-18-interop.cloudflare.mediaoverquic.com:443: CRYPTO_ERROR 0x12a (local): tls: failed to verify certificate: x509: certificate has expired or is not yet valid: current time 2026-07-09T00:12:18Z is after 2026-07-07T17:36:45Z"
  ...
not ok 4 - subscribe-error
  ---
  duration_ms: 5000
  message: "connect (19 attempts): dial quic draft-18-interop.cloudflare.mediaoverquic.com:443: CRYPTO_ERROR 0x12a (local): tls: failed to verify certificate: x509: certificate has expired or is not yet valid: current time 2026-07-09T00:12:23Z is after 2026-07-07T17:36:45Z"
  ...
not ok 5 - announce-subscribe
  ---
  duration_ms: 8000
  message: "publisher connect: connect (30 attempts): dial quic draft-18-interop.cloudflare.mediaoverquic.com:443: CRYPTO_ERROR 0x12a (local): tls: failed to verify certificate: x509: certificate has expired or is not yet valid: current time 2026-07-09T00:12:31Z is after 2026-07-07T17:36:45Z"
  ...
not ok 6 - subscribe-before-announce
  ---
  duration_ms: 8000
  message: "subscriber connect: connect (30 attempts): dial quic draft-18-interop.cloudflare.mediaoverquic.com:443: CRYPTO_ERROR 0x12a (local): tls: failed to verify certificate: x509: certificate has expired or is not yet valid: current time 2026-07-09T00:12:39Z is after 2026-07-07T17:36:45Z"
  ...
make: *** [Makefile:121: test-external] Error 1
make: Leaving directory '/home/runner/work/moq-interop-runner/moq-interop-runner'
