make: Entering directory '/home/runner/work/moq-interop-runner/moq-interop-runner'
Running tests against https://us-west-2.relay.quicr.org:33437/relay...
  Client: ghcr.io/englishm/moq-interop-runner-moq-test-client:latest
  Extra docker args: --env-file /home/runner/work/moq-interop-runner/moq-interop-runner/results/2026-07-08_155736-pinned/.env.moq-rs_to_libquicr_draft-14.remote.client
docker run --rm \
	--env-file /home/runner/work/moq-interop-runner/moq-interop-runner/results/2026-07-08_155736-pinned/.env.moq-rs_to_libquicr_draft-14.remote.client \
	--network host \
	-e RELAY_URL=https://us-west-2.relay.quicr.org:33437/relay \
	-e TLS_DISABLE_VERIFY=true \
	ghcr.io/englishm/moq-interop-runner-moq-test-client:latest
TAP version 14
# moq-test-client v0.1.0
# Relay: https://us-west-2.relay.quicr.org:33437/relay
1..6
not ok 1 - setup-only
  ---
  duration_ms: 10001
  message: "test timed out: deadline has elapsed"
  ...
not ok 2 - announce-only
  ---
  duration_ms: 10001
  message: "test timed out: deadline has elapsed"
  ...
not ok 3 - subscribe-error
  ---
  duration_ms: 10001
  message: "test timed out: deadline has elapsed"
  ...
not ok 4 - announce-subscribe
  ---
  duration_ms: 10000
  message: "test timed out: deadline has elapsed"
  ...
not ok 5 - subscribe-before-announce
  ---
  duration_ms: 10000
  message: "test timed out: deadline has elapsed"
  ...
not ok 6 - publish-namespace-done
  ---
  duration_ms: 10000
  message: "test timed out: deadline has elapsed"
  ...
make: *** [Makefile:121: test-external] Error 1
