time="2026-07-08T16:08:58Z" level=warning msg="The \"PORT\" variable is not set. Defaulting to a blank string."
time="2026-07-08T16:08:58Z" level=warning msg="The \"PORT\" variable is not set. Defaulting to a blank string."
time="2026-07-08T16:08:58Z" level=warning msg="The \"PORT\" variable is not set. Defaulting to a blank string."
time="2026-07-08T16:08:58Z" level=warning msg="The \"HEX\" variable is not set. Defaulting to a blank string."
time="2026-07-08T16:08:58Z" level=warning msg="The \"HEX\" variable is not set. Defaulting to a blank string."
 Container moq-interop-runner-relay-1  Recreate
 Container moq-interop-runner-relay-1  Recreated
Attaching to relay-1, test-client-1
relay-1        | W0708 16:08:58.786249     1 main.cpp:94] Picoquic listener 'relay-pico': service 'default' match[1] has prefix path '/' — pico listeners only support exact path routing; clients using this prefix may fail to connect.
relay-1        | W0708 16:08:58.789340     1 QuicServerWorker.cpp:1371] HostId is already set to 0
relay-1        | W0708 16:08:58.789389     1 QuicServerWorker.cpp:1371] HostId is already set to 0
relay-1        | W0708 16:08:58.789583     1 QuicServerWorker.cpp:1371] HostId is already set to 0
relay-1        | W0708 16:08:58.789629     1 QuicServerWorker.cpp:1371] HostId is already set to 0
relay-1        | I0708 16:08:58.791449    13 MoQPicoServerBase.cpp:348] Registered picoquic congestion control algorithms for name lookup
relay-1        | I0708 16:08:58.791468    13 MoQPicoQuicEventBaseServer.cpp:57] Starting MoQPicoQuicEventBaseServer on 0.0.0.0:4434
relay-1        | I0708 16:08:58.791554    13 PicoQuicSocketHandler.cpp:133] PicoQuicSocketHandler started on 0.0.0.0:4434 gso=1
relay-1        | I0708 16:08:58.792380     1 main.cpp:192] Admin server listening on 0.0.0.0:8000
test-client-1  | TAP version 14
test-client-1  | # moq-test-client v0.1.0
test-client-1  | # Relay: https://relay:4443/
test-client-1  | 1..6
test-client-1  | ok 1 - setup-only
test-client-1  |   ---
test-client-1  |   duration_ms: 4
test-client-1  |   connection_id: b8d053dd1be4ff7650263853ced615ae
test-client-1  |   ...
test-client-1  | ok 2 - announce-only
test-client-1  |   ---
test-client-1  |   duration_ms: 2004
test-client-1  |   connection_id: 348bb953002aff0476239c2163407a24
test-client-1  |   ...
test-client-1  | ok 3 - subscribe-error
test-client-1  |   ---
test-client-1  |   duration_ms: 3
test-client-1  |   connection_id: 69a96d3015f501b5345e7b7ae5419899
test-client-1  |   ...
relay-1        | W0708 16:09:06.424004    12 MoqxRelay.cpp:313] PublishNamespace: Existing session (0x7fae4800db70) has already published trackNamespace=moq-test/interop
test-client-1  | ok 4 - announce-subscribe
test-client-1  |   ---
test-client-1  |   duration_ms: 3007
test-client-1  |   publisher_connection_id: b32ce521532fcd2973688742d772ace2
test-client-1  |   subscriber_connection_id: 8dabb42656e15c65212b007fb4c49486
test-client-1  |   ...
relay-1        | W0708 16:09:09.934043    12 MoqxRelay.cpp:313] PublishNamespace: Existing session (0x7fae5000e0d0) has already published trackNamespace=moq-test/interop
test-client-1  | ok 5 - subscribe-before-announce
test-client-1  |   ---
test-client-1  |   duration_ms: 4510
test-client-1  |   subscriber_connection_id: ec205e0cd1500ef89270515b9843c707
test-client-1  |   publisher_connection_id: dae857b568640d7ba23bbc59e788689b
test-client-1  |   ...
relay-1        | W0708 16:09:13.939198    12 MoqxRelay.cpp:313] PublishNamespace: Existing session (0x7fae5009c4a0) has already published trackNamespace=moq-test/interop
test-client-1  | ok 6 - publish-namespace-done
test-client-1  |   ---
test-client-1  |   duration_ms: 2106
test-client-1  |   connection_id: 4821265015e911fce3425a2772756d16
test-client-1  |   ...
[Ktest-client-1 exited with code 0
Aborting on container exit...
 Container moq-interop-runner-test-client-1  Stopping
 Container moq-interop-runner-test-client-1  Stopped
 Container moq-interop-runner-relay-1  Stopping
 Container moq-interop-runner-relay-1  Stopped
