make: Entering directory '/home/runner/work/moq-interop-runner/moq-interop-runner'
Running tests against https://relay.moqtail.dev...
  Client: ghcr.io/englishm/moq-interop-runner-moq-test-client-draft-16:latest
  Extra docker args: --env-file /home/runner/work/moq-interop-runner/moq-interop-runner/results/2026-07-08_155735-pinned/.env.moq-rs-draft-16_to_moqtail_draft-16.remote.client
docker run --rm \
	--env-file /home/runner/work/moq-interop-runner/moq-interop-runner/results/2026-07-08_155735-pinned/.env.moq-rs-draft-16_to_moqtail_draft-16.remote.client \
	--network host \
	-e RELAY_URL=https://relay.moqtail.dev \
	-e TLS_DISABLE_VERIFY=false \
	ghcr.io/englishm/moq-interop-runner-moq-test-client-draft-16:latest
TAP version 14
# moq-test-client v0.1.0
# Relay: https://relay.moqtail.dev/
1..6
ok 1 - setup-only
  ---
  duration_ms: 66
  connection_id: 1a26e3e8ddc6c59f0351b27fb9fe7a93
  ...
ok 2 - announce-only
  ---
  duration_ms: 2092
  connection_id: bf113557fb530fcb16876c09269c30c7
  ...
ok 3 - subscribe-error
  ---
  duration_ms: 58
  connection_id: b803baff25a2b0aaf2851652cc9d7d41
  ...
ok 4 - announce-subscribe
  ---
  duration_ms: 129
  publisher_connection_id: d0137b0c1c67a99fed8018287aeab38f
  subscriber_connection_id: cca5f35509c0f19d6a66ef6676cce910
  ...
ok 5 - subscribe-before-announce
  ---
  duration_ms: 3717
  subscriber_connection_id: 371b3156039b3fbcab0856c449262f02
  publisher_connection_id: 07e96802b1592eef26bc5a65382768ba
  ...
ok 6 - publish-namespace-done
  ---
  duration_ms: 2116
  connection_id: 72ccf736e5bd933cc645dcf77a64e8f7
  ...
make: Leaving directory '/home/runner/work/moq-interop-runner/moq-interop-runner'
