make: Entering directory '/home/runner/work/moq-interop-runner/moq-interop-runner'
Running tests against moqt://us-west-2.relay.quicr.org:33437...
  Client: ghcr.io/englishm/moq-interop-runner-moq-test-client:latest
  Extra docker args: --env-file /home/runner/work/moq-interop-runner/moq-interop-runner/results/2026-07-08_235509-pinned/.env.moq-rs_to_libquicr_draft-14.remote.client
docker run --rm \
	--env-file /home/runner/work/moq-interop-runner/moq-interop-runner/results/2026-07-08_235509-pinned/.env.moq-rs_to_libquicr_draft-14.remote.client \
	--network host \
	-e RELAY_URL=moqt://us-west-2.relay.quicr.org:33437 \
	-e TLS_DISABLE_VERIFY=true \
	ghcr.io/englishm/moq-interop-runner-moq-test-client:latest
TAP version 14
# moq-test-client v0.1.0
# Relay: moqt://us-west-2.relay.quicr.org:33437
1..6
not ok 1 - setup-only
  ---
  duration_ms: 39
  message: "failed to connect to relay: aborted by peer: the cryptographic handshake failed: error 120"
  ...
not ok 2 - announce-only
  ---
  duration_ms: 38
  message: "failed to connect to relay: aborted by peer: the cryptographic handshake failed: error 120"
  ...
not ok 3 - subscribe-error
  ---
  duration_ms: 38
  message: "failed to connect to relay: aborted by peer: the cryptographic handshake failed: error 120"
  ...
not ok 4 - announce-subscribe
  ---
  duration_ms: 38
  message: "publisher failed to connect: aborted by peer: the cryptographic handshake failed: error 120"
  ...
not ok 5 - subscribe-before-announce
  ---
  duration_ms: 37
  message: "subscriber failed to connect: aborted by peer: the cryptographic handshake failed: error 120"
  ...
not ok 6 - publish-namespace-done
  ---
  duration_ms: 38
  message: "failed to connect to relay: aborted by peer: the cryptographic handshake failed: error 120"
  ...
make: *** [Makefile:121: test-external] Error 1
make: Leaving directory '/home/runner/work/moq-interop-runner/moq-interop-runner'
