make: Entering directory '/home/runner/work/moq-interop-runner/moq-interop-runner'
Running tests against moqt://fb.mvfst.net:9448...
  Client: ghcr.io/englishm/moq-interop-runner-moq-go-client:latest
  Extra docker args: --env-file /home/runner/work/moq-interop-runner/moq-interop-runner/results/2026-07-08_235509-pinned/.env.moq-go_to_moxygen_draft-18.remote.client
docker run --rm \
	--env-file /home/runner/work/moq-interop-runner/moq-interop-runner/results/2026-07-08_235509-pinned/.env.moq-go_to_moxygen_draft-18.remote.client \
	--network host \
	-e RELAY_URL=moqt://fb.mvfst.net:9448 \
	-e TLS_DISABLE_VERIFY=true \
	ghcr.io/englishm/moq-interop-runner-moq-go-client:latest
TAP version 14
# moq interop-client
# Relay: moqt://fb.mvfst.net:9448
1..6
not ok 1 - setup-only
  ---
  duration_ms: 5000
  message: "connect (6 attempts): dial quic fb.mvfst.net:9448: context deadline exceeded"
  ...
not ok 2 - announce-only
  ---
  duration_ms: 5001
  message: "connect (6 attempts): dial quic fb.mvfst.net:9448: context deadline exceeded"
  ...
not ok 3 - publish-namespace-done
  ---
  duration_ms: 5001
  message: "connect (6 attempts): dial quic fb.mvfst.net:9448: context deadline exceeded"
  ...
not ok 4 - subscribe-error
  ---
  duration_ms: 5000
  message: "connect (6 attempts): dial quic fb.mvfst.net:9448: context deadline exceeded"
  ...
not ok 5 - announce-subscribe
  ---
  duration_ms: 8000
  message: "publisher connect: connect (9 attempts): dial quic fb.mvfst.net:9448: context deadline exceeded"
  ...
not ok 6 - subscribe-before-announce
  ---
  duration_ms: 8001
  message: "subscriber connect: connect (9 attempts): dial quic fb.mvfst.net:9448: context deadline exceeded"
  ...
make: *** [Makefile:121: test-external] Error 1
make: Leaving directory '/home/runner/work/moq-interop-runner/moq-interop-runner'
