make: Entering directory '/home/runner/work/moq-interop-runner/moq-interop-runner'
Running tests against moqt://moqt.nokiaresearch.com:4443/moq...
  Client: ghcr.io/englishm/moq-interop-runner-moq-go-client:latest
  Extra docker args: --env-file /home/runner/work/moq-interop-runner/moq-interop-runner/results/2026-07-08_155834-pinned/.env.moq-go_to_moqt-nr_draft-18.remote.client
docker run --rm \
	--env-file /home/runner/work/moq-interop-runner/moq-interop-runner/results/2026-07-08_155834-pinned/.env.moq-go_to_moqt-nr_draft-18.remote.client \
	--network host \
	-e RELAY_URL=moqt://moqt.nokiaresearch.com:4443/moq \
	-e TLS_DISABLE_VERIFY=false \
	ghcr.io/englishm/moq-interop-runner-moq-go-client:latest
TAP version 14
# moq interop-client
# Relay: moqt://moqt.nokiaresearch.com:4443/moq
1..6
not ok 1 - setup-only
  ---
  duration_ms: 5001
  message: "connect (1 attempts): dial quic moqt.nokiaresearch.com:4443: context deadline exceeded"
  ...
not ok 2 - announce-only
  ---
  duration_ms: 5000
  message: "connect (1 attempts): dial quic moqt.nokiaresearch.com:4443: context deadline exceeded"
  ...
not ok 3 - publish-namespace-done
  ---
  duration_ms: 5001
  message: "connect (1 attempts): dial quic moqt.nokiaresearch.com:4443: context deadline exceeded"
  ...
not ok 4 - subscribe-error
  ---
  duration_ms: 5001
  message: "connect (1 attempts): dial quic moqt.nokiaresearch.com:4443: context deadline exceeded"
  ...
not ok 5 - announce-subscribe
  ---
  duration_ms: 8000
  message: "publisher connect: connect (2 attempts): dial quic moqt.nokiaresearch.com:4443: context deadline exceeded"
  ...
not ok 6 - subscribe-before-announce
  ---
  duration_ms: 8000
  message: "subscriber connect: connect (2 attempts): dial quic moqt.nokiaresearch.com:4443: context deadline exceeded"
  ...
make: *** [Makefile:121: test-external] Error 1
make: Leaving directory '/home/runner/work/moq-interop-runner/moq-interop-runner'
