time="2026-07-08T16:23:34Z" level=warning msg="The \"PORT\" variable is not set. Defaulting to a blank string."
time="2026-07-08T16:23:34Z" level=warning msg="The \"PORT\" variable is not set. Defaulting to a blank string."
time="2026-07-08T16:23:34Z" level=warning msg="The \"PORT\" variable is not set. Defaulting to a blank string."
time="2026-07-08T16:23:34Z" level=warning msg="The \"HEX\" variable is not set. Defaulting to a blank string."
time="2026-07-08T16:23:34Z" level=warning msg="The \"HEX\" variable is not set. Defaulting to a blank string."
 Container moq-interop-runner-relay-1  Recreate
 Container moq-interop-runner-relay-1  Recreated
 Container moq-interop-runner-test-client-1  Recreate
 Container moq-interop-runner-test-client-1  Recreated
Attaching to relay-1, test-client-1
relay-1        | Starting imquic-moq-relay on port 4443
relay-1        |   Cert: /certs/cert.pem
relay-1        |   Key:  /certs/priv.key
relay-1        |   Mlog: /mlog
relay-1        | imquic version 0.0.2/alpha
relay-1        |   -- 7e4eb1a30a55cff31ca8e74571b09ea2522e7e0b (commit hash)
relay-1        |   -- Mon Jul  6 13:57:02 UTC 2026 (build time)
relay-1        | 
relay-1        | Creating QLOG file(s) in '/mlog'
relay-1        |   -- Using sequential JSON
relay-1        |   -- Logging QUIC events
relay-1        |   -- Logging HTTP/3 events
relay-1        |   -- Logging MoQT events
relay-1        | 
relay-1        | [moq-relay] Enabling QLOG logging of QUIC frames
relay-1        | ALPN(s):
relay-1        |   -- moqt-18
relay-1        |   -- moqt-17
relay-1        |   -- moqt-16
relay-1        | WebTransport Protocol(s):
relay-1        |   -- moqt-18
relay-1        |   -- moqt-17
relay-1        |   -- moqt-16
relay-1        | [moq-relay] Starting server
test-client-1  | TAP version 14
test-client-1  | # moq-test-client v0.1.6
test-client-1  | # Relay: https://relay:4443/
test-client-1  | 1..6
test-client-1  | [2m2026-07-08T16:23:40.214239Z[0m [32m INFO[0m [2mmoq_native_ietf::quic[0m[2m:[0m UDP socket bound [3mbind[0m[2m=[0m[::]:0 [3mlocal[0m[2m=[0m[::]:60838 [3mdual_stack[0m[2m=[0mtrue
relay-1        | [31m[ERR][0m [qlog.c:imquic_qlog_create:55] [moq-relay/1] Error opening QLOG file '/mlog/281ff5894287b0cd1e268241a7e823ed.server.imquic.sqlog' for writing: 13 (Permission denied)
relay-1        | [moq-relay/1] Connection established (ALPN=h3)
relay-1        | [moq-relay/1] New MoQ connection (configuring parameters)
relay-1        | [moq-relay/1]   -- WebTransport (moqt-18)
relay-1        | [moq-relay/1] Waiting for MoQ connection to be ready (SETUP)...
relay-1        | [moq-relay/1] MoQ connection ready
relay-1        | [moq-relay/1]   -- draft-ietf-moq-transport-18
relay-1        | [moq-relay/1]   -- unknown implementation
relay-1        | [33m[WARN][0m [moq-relay/1][MoQ] Broken MoQ message (didn't advance from offset 0/0)
test-client-1  | [2m2026-07-08T16:23:40.217373Z[0m [32m INFO[0m [2mmoq_test_client::scenarios[0m[2m:[0m SETUP exchange completed successfully
test-client-1  | ok 1 - setup-only
test-client-1  |   ---
test-client-1  |   duration_ms: 4
test-client-1  |   connection_id: 281ff5894287b0cd1e268241a7e823ed
test-client-1  |   ...
relay-1        | We've been asked to stop sending on stream 15
relay-1        | [33m[WARN][0m [moq-relay/1][MoQ] Got STOP_SENDING for unknown STREAM 15: 0 (Internal Error)
relay-1        | We've been asked to stop sending on stream 7
relay-1        | [33m[WARN][0m [moq-relay/1][MoQ] Got STOP_SENDING for unknown STREAM 7: 0 (Internal Error)
test-client-1  | [2m2026-07-08T16:23:40.218119Z[0m [32m INFO[0m [2mmoq_native_ietf::quic[0m[2m:[0m UDP socket bound [3mbind[0m[2m=[0m[::]:0 [3mlocal[0m[2m=[0m[::]:50352 [3mdual_stack[0m[2m=[0mtrue
relay-1        | We've been asked to stop sending on stream 3
relay-1        | [33m[WARN][0m [moq-relay/1][MoQ] Got STOP_SENDING for unknown STREAM 3: 0 (Internal Error)
relay-1        | We've been asked to stop sending on stream 11
relay-1        | [33m[WARN][0m [moq-relay/1][MoQ] Got STOP_SENDING for unknown STREAM 11: 0 (Internal Error)
relay-1        | [31m[ERR][0m [qlog.c:imquic_qlog_create:55] [moq-relay/2] Error opening QLOG file '/mlog/0d234379ff6f538099e201d5df0d8a22.server.imquic.sqlog' for writing: 13 (Permission denied)
relay-1        | [moq-relay/2] Connection established (ALPN=h3)
relay-1        | [moq-relay/2] New MoQ connection (configuring parameters)
relay-1        | [moq-relay/2]   -- WebTransport (moqt-18)
relay-1        | [moq-relay/2] Waiting for MoQ connection to be ready (SETUP)...
relay-1        | [moq-relay/2] MoQ connection ready
test-client-1  | [2m2026-07-08T16:23:40.219862Z[0m [32m INFO[0m [2mmoq_test_client::scenarios[0m[2m:[0m Sending PUBLISH_NAMESPACE for: moq-test/interop
relay-1        | [moq-relay/2]   -- draft-ietf-moq-transport-18
relay-1        | [moq-relay/2]   -- unknown implementation
relay-1        | [33m[WARN][0m [moq-relay/2][MoQ] Broken MoQ message (didn't advance from offset 0/0)
relay-1        | [moq-relay/2] New published namespace: 'moq.2dtest-interop'
test-client-1  | [2m2026-07-08T16:23:42.221549Z[0m [32m INFO[0m [2mmoq_test_client::scenarios[0m[2m:[0m PUBLISH_NAMESPACE succeeded (REQUEST_OK received, waiting for subscribers)
test-client-1  | ok 2 - publish-namespace-only
test-client-1  |   ---
test-client-1  |   duration_ms: 2004
test-client-1  |   connection_id: 0d234379ff6f538099e201d5df0d8a22
test-client-1  |   ...
relay-1        | [moq-relay/2][MoQ]   -- Getting rid of PUBLISH_NAMESPACE '0'
relay-1        | [moq-relay/2] Publish Namespace done: 0
relay-1        | Removing namespace moq.2dtest-interop
relay-1        | We've been asked to stop sending on stream 15
relay-1        | [33m[WARN][0m [moq-relay/2][MoQ] Got STOP_SENDING for unknown STREAM 15: 0 (Internal Error)
test-client-1  | [2m2026-07-08T16:23:42.222265Z[0m [32m INFO[0m [2mmoq_native_ietf::quic[0m[2m:[0m UDP socket bound [3mbind[0m[2m=[0m[::]:0 [3mlocal[0m[2m=[0m[::]:55690 [3mdual_stack[0m[2m=[0mtrue
relay-1        | [31m[ERR][0m [qlog.c:imquic_qlog_create:55] [moq-relay/3] Error opening QLOG file '/mlog/ee016b4732ea3463da897ef3ecb80078.server.imquic.sqlog' for writing: 13 (Permission denied)
relay-1        | [moq-relay/3] Connection established (ALPN=h3)
relay-1        | [moq-relay/3] New MoQ connection (configuring parameters)
relay-1        | [moq-relay/3]   -- WebTransport (moqt-18)
relay-1        | [moq-relay/3] Waiting for MoQ connection to be ready (SETUP)...
relay-1        | [moq-relay/3] MoQ connection ready
relay-1        | [moq-relay/3]   -- draft-ietf-moq-transport-18
test-client-1  | [2m2026-07-08T16:23:42.224325Z[0m [32m INFO[0m [2mmoq_test_client::scenarios[0m[2m:[0m Subscribing to non-existent track: nonexistent/namespace/test-track
relay-1        | [moq-relay/3]   -- unknown implementation
relay-1        | [33m[WARN][0m [moq-relay/3][MoQ] Broken MoQ message (didn't advance from offset 0/0)
relay-1        | [moq-relay/3] Incoming subscribe for 'nonexistent-namespace--test.2dtrack' (ID 0)
relay-1        | [33m[WARN][0m [moq-relay/3] Namespace not found
relay-1        | [moq-relay/3][MoQ]   -- Getting rid of SUBSCRIBE '0'
relay-1        | [moq-relay/3] Incoming unsubscribe for subscription 0
relay-1        | [33m[WARN][0m [moq-relay/3] Subscriber not found
test-client-1  | [2m2026-07-08T16:23:42.224715Z[0m [33m WARN[0m [2mmoq_transport::serve::error[0m[2m:[0m [0535ce82-e5e0-4a70-ba0d-a75c3f145ada] Not found: Namespace not found at moq-transport/src/session/subscriber.rs:455
test-client-1  | [2m2026-07-08T16:23:42.224739Z[0m [33m WARN[0m [2mmoq_transport::session::reader[0m[2m:[0m [READER] decode: stream ended while waiting for data (have=0 bytes, need=1)
test-client-1  | [2m2026-07-08T16:23:42.224802Z[0m [32m INFO[0m [2mmoq_test_client::scenarios[0m[2m:[0m Got expected 'not found' error: not found: Track not found [error:0535ce82-e5e0-4a70-ba0d-a75c3f145ada]
test-client-1  | ok 3 - subscribe-error
test-client-1  |   ---
test-client-1  |   duration_ms: 3
test-client-1  |   connection_id: ee016b4732ea3463da897ef3ecb80078
test-client-1  |   ...
relay-1        | We've been asked to stop sending on stream 15
relay-1        | [33m[WARN][0m [moq-relay/3][MoQ] Got STOP_SENDING for unknown STREAM 15: 0 (Internal Error)
relay-1        | We've been asked to stop sending on stream 3
relay-1        | [33m[WARN][0m [moq-relay/3][MoQ] Got STOP_SENDING for unknown STREAM 3: 0 (Internal Error)
relay-1        | We've been asked to stop sending on stream 11
relay-1        | [33m[WARN][0m [moq-relay/3][MoQ] Got STOP_SENDING for unknown STREAM 11: 0 (Internal Error)
relay-1        | We've been asked to stop sending on stream 7
relay-1        | [33m[WARN][0m [moq-relay/3][MoQ] Got STOP_SENDING for unknown STREAM 7: 0 (Internal Error)
test-client-1  | [2m2026-07-08T16:23:42.225612Z[0m [32m INFO[0m [2mmoq_native_ietf::quic[0m[2m:[0m UDP socket bound [3mbind[0m[2m=[0m[::]:0 [3mlocal[0m[2m=[0m[::]:51787 [3mdual_stack[0m[2m=[0mtrue
relay-1        | [31m[ERR][0m [qlog.c:imquic_qlog_create:55] [moq-relay/4] Error opening QLOG file '/mlog/573b984dd6a31360af43912cab4096bc.server.imquic.sqlog' for writing: 13 (Permission denied)
relay-1        | [moq-relay/4] Connection established (ALPN=h3)
relay-1        | [moq-relay/4] New MoQ connection (configuring parameters)
relay-1        | [moq-relay/4]   -- WebTransport (moqt-18)
relay-1        | [moq-relay/4] Waiting for MoQ connection to be ready (SETUP)...
relay-1        | [moq-relay/4] MoQ connection ready
relay-1        | [moq-relay/4]   -- draft-ietf-moq-transport-18
relay-1        | [moq-relay/4]   -- unknown implementation
relay-1        | [33m[WARN][0m [moq-relay/4][MoQ] Broken MoQ message (didn't advance from offset 0/0)
test-client-1  | [2m2026-07-08T16:23:42.228150Z[0m [32m INFO[0m [2mmoq_native_ietf::quic[0m[2m:[0m UDP socket bound [3mbind[0m[2m=[0m[::]:0 [3mlocal[0m[2m=[0m[::]:36478 [3mdual_stack[0m[2m=[0mtrue
relay-1        | [31m[ERR][0m [qlog.c:imquic_qlog_create:55] [moq-relay/5] Error opening QLOG file '/mlog/a50a4e9785edae809ec5794415e9f2e2.server.imquic.sqlog' for writing: 13 (Permission denied)
relay-1        | [moq-relay/5] Connection established (ALPN=h3)
relay-1        | [moq-relay/5] New MoQ connection (configuring parameters)
relay-1        | [moq-relay/5]   -- WebTransport (moqt-18)
relay-1        | [moq-relay/5] Waiting for MoQ connection to be ready (SETUP)...
relay-1        | [moq-relay/5] MoQ connection ready
relay-1        | [moq-relay/5]   -- draft-ietf-moq-transport-18
relay-1        | [moq-relay/5]   -- unknown implementation
relay-1        | [33m[WARN][0m [moq-relay/5][MoQ] Broken MoQ message (didn't advance from offset 0/0)
test-client-1  | [2m2026-07-08T16:23:42.229876Z[0m [32m INFO[0m [2mmoq_test_client::scenarios[0m[2m:[0m Publisher sending PUBLISH_NAMESPACE: moq-test/interop
relay-1        | [moq-relay/4] New published namespace: 'moq.2dtest-interop'
test-client-1  | [2m2026-07-08T16:23:42.229887Z[0m [32m INFO[0m [2mmoq_test_client::scenarios[0m[2m:[0m Subscriber subscribing to track: moq-test/interop/test-track
relay-1        | [moq-relay/5] Incoming subscribe for 'moq.2dtest-interop--test.2dtrack' (ID 0)
relay-1        | [moq-relay/5]  -- Object forwarding enabled
relay-1        | [moq-relay/5]  -- Requested filter type 'Largest Object'
relay-1        | [moq-relay/5][MoQ]   -- Getting rid of SUBSCRIBE '0'
relay-1        | [moq-relay/5] Incoming unsubscribe for subscription 0
relay-1        |   -- Removing subscription 0/0
relay-1        | [moq-relay/4] Subscription 1 accepted (expires=0; Ascending order; 0 properties)
relay-1        | [moq-relay/4][MoQ]   -- Getting rid of PUBLISH_NAMESPACE '0'
relay-1        | [moq-relay/4] Publish Namespace done: 0
relay-1        | Removing namespace moq.2dtest-interop
relay-1        | Removing track test.2dtrack
relay-1        | We've been asked to stop sending on stream 15
relay-1        | [33m[WARN][0m [moq-relay/4][MoQ] Got STOP_SENDING for unknown STREAM 15: 0 (Internal Error)
relay-1        | We've been asked to stop sending on stream 1
relay-1        | [moq-relay/4][MoQ] Got STOP_SENDING for STREAM 1: 0 (Internal Error)
relay-1        | [moq-relay/4][MoQ]   -- Getting rid of SUBSCRIBE '1'
relay-1        | We've been asked to stop sending on stream 15
relay-1        | [33m[WARN][0m [moq-relay/5][MoQ] Got STOP_SENDING for unknown STREAM 15: 0 (Internal Error)
test-client-1  | [2m2026-07-08T16:23:45.231716Z[0m [32m INFO[0m [2mmoq_test_client::scenarios[0m[2m:[0m Test timeout reached - subscription routing may still be in progress
test-client-1  | ok 4 - publish-namespace-subscribe
test-client-1  |   ---
test-client-1  |   duration_ms: 3006
test-client-1  |   publisher_connection_id: 573b984dd6a31360af43912cab4096bc
test-client-1  |   subscriber_connection_id: a50a4e9785edae809ec5794415e9f2e2
test-client-1  |   ...
test-client-1  | [2m2026-07-08T16:23:45.232510Z[0m [32m INFO[0m [2mmoq_native_ietf::quic[0m[2m:[0m UDP socket bound [3mbind[0m[2m=[0m[::]:0 [3mlocal[0m[2m=[0m[::]:58772 [3mdual_stack[0m[2m=[0mtrue
relay-1        | [31m[ERR][0m [qlog.c:imquic_qlog_create:55] [moq-relay/6] Error opening QLOG file '/mlog/d115603b38ef22296f668aad202e6241.server.imquic.sqlog' for writing: 13 (Permission denied)
relay-1        | [moq-relay/6] Connection established (ALPN=h3)
relay-1        | [moq-relay/6] New MoQ connection (configuring parameters)
relay-1        | [moq-relay/6]   -- WebTransport (moqt-18)
relay-1        | [moq-relay/6] Waiting for MoQ connection to be ready (SETUP)...
test-client-1  | [2m2026-07-08T16:23:45.235491Z[0m [32m INFO[0m [2mmoq_test_client::scenarios[0m[2m:[0m Subscriber subscribing BEFORE PUBLISH_NAMESPACE: moq-test/interop/test-track
relay-1        | [moq-relay/6] MoQ connection ready
relay-1        | [moq-relay/6]   -- draft-ietf-moq-transport-18
relay-1        | [moq-relay/6]   -- unknown implementation
relay-1        | [33m[WARN][0m [moq-relay/6][MoQ] Broken MoQ message (didn't advance from offset 0/0)
test-client-1  | [2m2026-07-08T16:23:45.235730Z[0m [33m WARN[0m [2mmoq_transport::serve::error[0m[2m:[0m [7377ccc0-7043-422b-a108-d36d811436d3] Not found: Namespace not found at moq-transport/src/session/subscriber.rs:455
relay-1        | [moq-relay/6] Incoming subscribe for 'moq.2dtest-interop--test.2dtrack' (ID 0)
test-client-1  | [2m2026-07-08T16:23:45.235771Z[0m [33m WARN[0m [2mmoq_transport::session::reader[0m[2m:[0m [READER] decode: stream ended while waiting for data (have=0 bytes, need=1)
relay-1        | [33m[WARN][0m [moq-relay/6] Namespace not found
relay-1        | [moq-relay/6][MoQ]   -- Getting rid of SUBSCRIBE '0'
relay-1        | [moq-relay/6] Incoming unsubscribe for subscription 0
relay-1        | [33m[WARN][0m [moq-relay/6] Subscriber not found
relay-1        | We've been asked to stop sending on stream 3
relay-1        | [33m[WARN][0m [moq-relay/6][MoQ] Got STOP_SENDING for unknown STREAM 3: 0 (Internal Error)
relay-1        | We've been asked to stop sending on stream 11
relay-1        | [33m[WARN][0m [moq-relay/6][MoQ] Got STOP_SENDING for unknown STREAM 11: 0 (Internal Error)
relay-1        | We've been asked to stop sending on stream 7
relay-1        | [33m[WARN][0m [moq-relay/6][MoQ] Got STOP_SENDING for unknown STREAM 7: 0 (Internal Error)
relay-1        | We've been asked to stop sending on stream 15
relay-1        | [33m[WARN][0m [moq-relay/6][MoQ] Got STOP_SENDING for unknown STREAM 15: 0 (Internal Error)
test-client-1  | [2m2026-07-08T16:23:45.737332Z[0m [32m INFO[0m [2mmoq_native_ietf::quic[0m[2m:[0m UDP socket bound [3mbind[0m[2m=[0m[::]:0 [3mlocal[0m[2m=[0m[::]:58394 [3mdual_stack[0m[2m=[0mtrue
relay-1        | [31m[ERR][0m [qlog.c:imquic_qlog_create:55] [moq-relay/7] Error opening QLOG file '/mlog/9aa2ddb02c455e5df52c1d97e7f54c1b.server.imquic.sqlog' for writing: 13 (Permission denied)
relay-1        | [moq-relay/7] Connection established (ALPN=h3)
relay-1        | [moq-relay/7] New MoQ connection (configuring parameters)
relay-1        | [moq-relay/7]   -- WebTransport (moqt-18)
relay-1        | [moq-relay/7] Waiting for MoQ connection to be ready (SETUP)...
relay-1        | [moq-relay/7] MoQ connection ready
relay-1        | [moq-relay/7]   -- draft-ietf-moq-transport-18
relay-1        | [moq-relay/7]   -- unknown implementation
relay-1        | [33m[WARN][0m [moq-relay/7][MoQ] Broken MoQ message (didn't advance from offset 0/0)
test-client-1  | [2m2026-07-08T16:23:45.739698Z[0m [32m INFO[0m [2mmoq_test_client::scenarios[0m[2m:[0m Publisher sending PUBLISH_NAMESPACE (after subscriber): moq-test/interop
relay-1        | [moq-relay/7] New published namespace: 'moq.2dtest-interop'
relay-1        | [moq-relay/7][MoQ]   -- Getting rid of PUBLISH_NAMESPACE '0'
test-client-1  | [2m2026-07-08T16:23:48.741395Z[0m [32m INFO[0m [2mmoq_test_client::scenarios[0m[2m:[0m Publisher PUBLISH_NAMESPACE timeout (expected)
relay-1        | [moq-relay/7] Publish Namespace done: 0
relay-1        | Removing namespace moq.2dtest-interop
relay-1        | We've been asked to stop sending on stream 15
relay-1        | [33m[WARN][0m [moq-relay/7][MoQ] Got STOP_SENDING for unknown STREAM 15: 0 (Internal Error)
test-client-1  | [2m2026-07-08T16:23:48.741433Z[0m [32m INFO[0m [2mmoq_test_client::scenarios[0m[2m:[0m Subscriber got error: not found: Track not found [error:7377ccc0-7043-422b-a108-d36d811436d3] (may be expected)
test-client-1  | ok 5 - subscribe-before-publish-namespace
test-client-1  |   ---
test-client-1  |   duration_ms: 3509
test-client-1  |   subscriber_connection_id: d115603b38ef22296f668aad202e6241
test-client-1  |   publisher_connection_id: 9aa2ddb02c455e5df52c1d97e7f54c1b
test-client-1  |   ...
test-client-1  | [2m2026-07-08T16:23:48.742140Z[0m [32m INFO[0m [2mmoq_native_ietf::quic[0m[2m:[0m UDP socket bound [3mbind[0m[2m=[0m[::]:0 [3mlocal[0m[2m=[0m[::]:42970 [3mdual_stack[0m[2m=[0mtrue
relay-1        | [31m[ERR][0m [qlog.c:imquic_qlog_create:55] [moq-relay/8] Error opening QLOG file '/mlog/b9b381ae48ff34b594f52503942104e5.server.imquic.sqlog' for writing: 13 (Permission denied)
relay-1        | [moq-relay/8] Connection established (ALPN=h3)
relay-1        | [moq-relay/8] New MoQ connection (configuring parameters)
relay-1        | [moq-relay/8]   -- WebTransport (moqt-18)
relay-1        | [moq-relay/8] Waiting for MoQ connection to be ready (SETUP)...
relay-1        | [moq-relay/8] MoQ connection ready
relay-1        | [moq-relay/8]   -- draft-ietf-moq-transport-18
relay-1        | [moq-relay/8]   -- unknown implementation
relay-1        | [33m[WARN][0m [moq-relay/8][MoQ] Broken MoQ message (didn't advance from offset 0/0)
test-client-1  | [2m2026-07-08T16:23:48.744554Z[0m [32m INFO[0m [2mmoq_test_client::scenarios[0m[2m:[0m Sending PUBLISH_NAMESPACE: moq-test/interop
relay-1        | [moq-relay/8] New published namespace: 'moq.2dtest-interop'
test-client-1  | [2m2026-07-08T16:23:50.746213Z[0m [32m INFO[0m [2mmoq_test_client::scenarios[0m[2m:[0m PUBLISH_NAMESPACE active; sending PUBLISH_NAMESPACE_DONE
relay-1        | [moq-relay/8][MoQ]   -- Getting rid of PUBLISH_NAMESPACE '0'
relay-1        | [moq-relay/8] Publish Namespace done: 0
relay-1        | Removing namespace moq.2dtest-interop
relay-1        | We've been asked to stop sending on stream 15
relay-1        | [33m[WARN][0m [moq-relay/8][MoQ] Got STOP_SENDING for unknown STREAM 15: 0 (Internal Error)
test-client-1  | [2m2026-07-08T16:23:50.847161Z[0m [32m INFO[0m [2mmoq_test_client::scenarios[0m[2m:[0m PUBLISH_NAMESPACE_DONE sent successfully
test-client-1  | ok 6 - publish-namespace-done
test-client-1  |   ---
test-client-1  |   duration_ms: 2105
test-client-1  |   connection_id: b9b381ae48ff34b594f52503942104e5
test-client-1  |   ...
[Ktest-client-1 exited with code 0
Aborting on container exit...
 Container moq-interop-runner-test-client-1  Stopping
 Container moq-interop-runner-test-client-1  Stopped
 Container moq-interop-runner-relay-1  Stopping
 Container moq-interop-runner-relay-1  Stopped
