time="2026-07-09T00:11:11Z" level=warning msg="The \"PORT\" variable is not set. Defaulting to a blank string."
time="2026-07-09T00:11:11Z" level=warning msg="The \"PORT\" variable is not set. Defaulting to a blank string."
time="2026-07-09T00:11:11Z" level=warning msg="The \"PORT\" variable is not set. Defaulting to a blank string."
time="2026-07-09T00:11:11Z" level=warning msg="The \"HEX\" variable is not set. Defaulting to a blank string."
time="2026-07-09T00:11:11Z" level=warning msg="The \"HEX\" variable is not set. Defaulting to a blank string."
 Container moq-interop-runner-relay-1  Recreate
 Container moq-interop-runner-relay-1  Recreated
Attaching to relay-1, test-client-1
relay-1        | Starting moq-rs relay on port 4443
relay-1        |   Cert: /certs/cert.pem
relay-1        |   Key:  /certs/priv.key
relay-1        |   Mlog: /mlog
relay-1        | [2m2026-07-09T00:11:11.597976Z[0m [32m INFO[0m [2mmoq_relay_ietf[0m[2m:[0m using file coordinator: /tmp/moq-coordinator.json
relay-1        | [2m2026-07-09T00:11:11.598025Z[0m [32m INFO[0m [2mmoq_native_ietf::quic[0m[2m:[0m UDP socket bound [3mbind[0m[2m=[0m0.0.0.0:4443 [3mlocal[0m[2m=[0m0.0.0.0:4443 [3mdual_stack[0m[2m=[0mfalse
relay-1        | [2m2026-07-09T00:11:11.598318Z[0m [32m INFO[0m [2mmoq_relay_ietf::relay[0m[2m:[0m mlog output enabled: /mlog
relay-1        | [2m2026-07-09T00:11:11.598348Z[0m [32m INFO[0m [2mmoq_relay_ietf::relay[0m[2m:[0m listening on 0.0.0.0:4443
test-client-1  | TAP version 14
test-client-1  | # moq interop-client
test-client-1  | # Relay: https://relay:4443
test-client-1  | 1..6
relay-1        | [2m2026-07-09T00:11:17.212221Z[0m [33m WARN[0m [2mmoq_native_ietf::quic[0m[2m:[0m failed to accept QUIC connection: WebTransport is not supported
test-client-1  | not ok 1 - setup-only
test-client-1  |   ---
test-client-1  |   duration_ms: 5004
test-client-1  |   message: "connect (1 attempts): dial webtransport https://relay:4443: error waiting for HTTP/3 settings: context deadline exceeded"
test-client-1  |   ...
relay-1        | [2m2026-07-09T00:11:22.215817Z[0m [33m WARN[0m [2mmoq_native_ietf::quic[0m[2m:[0m failed to accept QUIC connection: WebTransport is not supported
test-client-1  | not ok 2 - announce-only
test-client-1  |   ---
test-client-1  |   duration_ms: 5004
test-client-1  |   message: "connect (1 attempts): dial webtransport https://relay:4443: error waiting for HTTP/3 settings: context deadline exceeded"
test-client-1  |   ...
relay-1        | [2m2026-07-09T00:11:27.220521Z[0m [33m WARN[0m [2mmoq_native_ietf::quic[0m[2m:[0m failed to accept QUIC connection: WebTransport is not supported
relay-1        | [2m2026-07-09T00:11:27.473429Z[0m [33m WARN[0m [2mmoq_native_ietf::quic[0m[2m:[0m failed to accept QUIC connection: WebTransport is not supported
test-client-1  | not ok 3 - publish-namespace-done
test-client-1  |   ---
test-client-1  |   duration_ms: 5003
test-client-1  |   message: "connect (2 attempts): dial webtransport https://relay:4443: error waiting for HTTP/3 settings: context deadline exceeded"
test-client-1  |   ...
relay-1        | [2m2026-07-09T00:11:32.224045Z[0m [33m WARN[0m [2mmoq_native_ietf::quic[0m[2m:[0m failed to accept QUIC connection: WebTransport is not supported
relay-1        | [2m2026-07-09T00:11:32.477446Z[0m [33m WARN[0m [2mmoq_native_ietf::quic[0m[2m:[0m failed to accept QUIC connection: WebTransport is not supported
relay-1        | [2m2026-07-09T00:11:32.730707Z[0m [33m WARN[0m [2mmoq_native_ietf::quic[0m[2m:[0m failed to accept QUIC connection: WebTransport is not supported
test-client-1  | not ok 4 - subscribe-error
test-client-1  |   ---
test-client-1  |   duration_ms: 5004
test-client-1  |   message: "connect (3 attempts): dial webtransport https://relay:4443: error waiting for HTTP/3 settings: context deadline exceeded"
test-client-1  |   ...
relay-1        | [2m2026-07-09T00:11:37.228257Z[0m [33m WARN[0m [2mmoq_native_ietf::quic[0m[2m:[0m failed to accept QUIC connection: WebTransport is not supported
test-client-1  | not ok 5 - announce-subscribe
test-client-1  |   ---
test-client-1  |   duration_ms: 8002
test-client-1  |   message: "publisher connect: connect (1 attempts): dial webtransport https://relay:4443: error waiting for HTTP/3 settings: context deadline exceeded"
test-client-1  |   ...
relay-1        | [2m2026-07-09T00:11:45.230423Z[0m [33m WARN[0m [2mmoq_native_ietf::quic[0m[2m:[0m failed to accept QUIC connection: WebTransport is not supported
relay-1        | [2m2026-07-09T00:11:45.483310Z[0m [33m WARN[0m [2mmoq_native_ietf::quic[0m[2m:[0m failed to accept QUIC connection: WebTransport is not supported
test-client-1  | not ok 6 - subscribe-before-announce
test-client-1  |   ---
test-client-1  |   duration_ms: 8007
test-client-1  |   message: "subscriber connect: connect (2 attempts): dial webtransport https://relay:4443: error waiting for HTTP/3 settings: context deadline exceeded"
test-client-1  |   ...
[Ktest-client-1 exited with code 1
Aborting on container exit...
 Container moq-interop-runner-test-client-1  Stopping
 Container moq-interop-runner-test-client-1  Stopped
 Container moq-interop-runner-relay-1  Stopping
 Container moq-interop-runner-relay-1  Error while Stopping
Gracefully stopping... (press Ctrl+C again to force)
 Container moq-interop-runner-test-client-1  Stopping
 Container moq-interop-runner-test-client-1  Stopped
 Container moq-interop-runner-relay-1  Stopping
 Container moq-interop-runner-relay-1  Stopped

