time="2026-07-09T00:04:47Z" level=warning msg="The \"PORT\" variable is not set. Defaulting to a blank string."
time="2026-07-09T00:04:47Z" level=warning msg="The \"PORT\" variable is not set. Defaulting to a blank string."
time="2026-07-09T00:04:47Z" level=warning msg="The \"PORT\" variable is not set. Defaulting to a blank string."
time="2026-07-09T00:04:47Z" level=warning msg="The \"HEX\" variable is not set. Defaulting to a blank string."
time="2026-07-09T00:04:47Z" level=warning msg="The \"HEX\" variable is not set. Defaulting to a blank string."
 Container moq-interop-runner-relay-1  Recreate
 Container moq-interop-runner-relay-1  Recreated
Attaching to relay-1, test-client-1
relay-1        | Starting moq-rs relay on port 4443
relay-1        |   Cert: /certs/cert.pem
relay-1        |   Key:  /certs/priv.key
relay-1        |   Mlog: /mlog
test-client-1  | TAP version 14
test-client-1  | # moq-test-client v0.1.0
test-client-1  | # Relay: https://relay:4443/
test-client-1  | 1..6
test-client-1  | ok 1 - setup-only
test-client-1  |   ---
test-client-1  |   duration_ms: 3
test-client-1  |   connection_id: 727b97e9160a9b6bfee1ad73115e9820
test-client-1  |   ...
test-client-1  | ok 2 - announce-only
test-client-1  |   ---
test-client-1  |   duration_ms: 2003
test-client-1  |   connection_id: d2903220dd509840ad2a8cde4501ee37
test-client-1  |   ...
relay-1        | [2026-07-09T00:04:55Z ERROR moq_relay_ietf::producer] failed to route to remote: namespace not found
test-client-1  | ok 3 - subscribe-error
test-client-1  |   ---
test-client-1  |   duration_ms: 3
test-client-1  |   connection_id: 0e61d0caf23eb83c86e1f72ceade0609
test-client-1  |   ...
relay-1        | [2026-07-09T00:04:55Z ERROR moq_relay_ietf::producer] failed to route to remote: namespace not found
test-client-1  | ok 4 - announce-subscribe
test-client-1  |   ---
test-client-1  |   duration_ms: 5
test-client-1  |   publisher_connection_id: 37f3b454952b0251d7d428c37a6a4727
test-client-1  |   subscriber_connection_id: 33050b65852a46cce87fce9985015549
test-client-1  |   ...
relay-1        | [2026-07-09T00:04:55Z ERROR moq_relay_ietf::producer] failed to route to remote: namespace not found
test-client-1  | ok 5 - subscribe-before-announce
test-client-1  |   ---
test-client-1  |   duration_ms: 3507
test-client-1  |   subscriber_connection_id: 34db1913826576400d981827d12d366a
test-client-1  |   publisher_connection_id: 49415f16186be851c61836e8bea98a63
test-client-1  |   ...
test-client-1  | ok 6 - publish-namespace-done
test-client-1  |   ---
test-client-1  |   duration_ms: 2106
test-client-1  |   connection_id: ef326dde420ad668cedd97e1ceb55c60
test-client-1  |   ...
[Ktest-client-1 exited with code 0
Aborting on container exit...
 Container moq-interop-runner-test-client-1  Stopping
 Container moq-interop-runner-test-client-1  Stopped
 Container moq-interop-runner-relay-1  Stopping
 Container moq-interop-runner-relay-1  Stopped
