make: Entering directory '/home/runner/work/moq-interop-runner/moq-interop-runner'
Running tests against moqt://fb.mvfst.net:9448...
  Client: ghcr.io/englishm/moq-interop-runner-moq-test-client:latest
  Extra docker args: --env-file /home/runner/work/moq-interop-runner/moq-interop-runner/results/2026-07-08_235509-pinned/.env.moq-rs_to_moxygen_draft-14.remote.client
docker run --rm \
	--env-file /home/runner/work/moq-interop-runner/moq-interop-runner/results/2026-07-08_235509-pinned/.env.moq-rs_to_moxygen_draft-14.remote.client \
	--network host \
	-e RELAY_URL=moqt://fb.mvfst.net:9448 \
	-e TLS_DISABLE_VERIFY=true \
	ghcr.io/englishm/moq-interop-runner-moq-test-client:latest
TAP version 14
# moq-test-client v0.1.0
# Relay: moqt://fb.mvfst.net:9448
1..6
ok 1 - setup-only
  ---
  duration_ms: 143
  connection_id: 049062ca084c8780adef27cc0fd5b751
  ...
ok 2 - announce-only
  ---
  duration_ms: 2205
  connection_id: 6adcbf64d870a2450afd5be96e62f4ff
  ...
ok 3 - subscribe-error
  ---
  duration_ms: 257
  connection_id: 419ecf1e845df49aaf5d84fd1692cca3
  ...
ok 4 - announce-subscribe
  ---
  duration_ms: 3314
  publisher_connection_id: 5abf1344d0a6ab1c357a9f14e53a15b9
  subscriber_connection_id: 8fe25a767388617f3e2a909f4379cf87
  ...
ok 5 - subscribe-before-announce
  ---
  duration_ms: 3824
  subscriber_connection_id: c6670f341d59a56db075e6742cff3a9f
  publisher_connection_id: 722c53d305755ec8de55c8b27a4be9ad
  ...
ok 6 - publish-namespace-done
  ---
  duration_ms: 2246
  connection_id: fecf554a035d135b1a0842aec2ad5e0d
  ...
make: Leaving directory '/home/runner/work/moq-interop-runner/moq-interop-runner'
