time="2026-07-08T16:36:04Z" level=warning msg="The \"PORT\" variable is not set. Defaulting to a blank string."
time="2026-07-08T16:36:04Z" level=warning msg="The \"PORT\" variable is not set. Defaulting to a blank string."
time="2026-07-08T16:36:04Z" level=warning msg="The \"PORT\" variable is not set. Defaulting to a blank string."
time="2026-07-08T16:36:04Z" level=warning msg="The \"HEX\" variable is not set. Defaulting to a blank string."
time="2026-07-08T16:36:04Z" level=warning msg="The \"HEX\" variable is not set. Defaulting to a blank string."
 Container moq-interop-runner-relay-1  Recreate
 Container moq-interop-runner-relay-1  Recreated
Attaching to relay-1, test-client-1
relay-1        | Starting moq-rs relay on port 4443
relay-1        |   Cert: /certs/cert.pem
relay-1        |   Key:  /certs/priv.key
relay-1        |   Mlog: /mlog
relay-1        | [2m2026-07-08T16:36:04.726481Z[0m [32m INFO[0m [2mmoq_relay_ietf[0m[2m:[0m using file coordinator: /tmp/moq-coordinator.json
relay-1        | [2m2026-07-08T16:36:04.726518Z[0m [32m INFO[0m [2mmoq_native_ietf::quic[0m[2m:[0m UDP socket bound [3mbind[0m[2m=[0m0.0.0.0:4443 [3mlocal[0m[2m=[0m0.0.0.0:4443 [3mdual_stack[0m[2m=[0mfalse
relay-1        | [2m2026-07-08T16:36:04.726763Z[0m [32m INFO[0m [2mmoq_relay_ietf::relay[0m[2m:[0m mlog output enabled: /mlog
relay-1        | [2m2026-07-08T16:36:04.726800Z[0m [32m INFO[0m [2mmoq_relay_ietf::relay[0m[2m:[0m listening on 0.0.0.0:4443
test-client-1  | error: --draft/MOQT_DRAFT must be exactly 16 or 18 (got "draft-18"); omit for auto-negotiation
[Ktest-client-1 exited with code 1
Aborting on container exit...
 Container moq-interop-runner-test-client-1  Stopping
 Container moq-interop-runner-test-client-1  Stopped
 Container moq-interop-runner-relay-1  Stopping
 Container moq-interop-runner-relay-1  Stopped

