time="2026-07-09T00:11:36Z" level=warning msg="The \"PORT\" variable is not set. Defaulting to a blank string."
time="2026-07-09T00:11:36Z" level=warning msg="The \"PORT\" variable is not set. Defaulting to a blank string."
time="2026-07-09T00:11:36Z" level=warning msg="The \"PORT\" variable is not set. Defaulting to a blank string."
time="2026-07-09T00:11:36Z" level=warning msg="The \"HEX\" variable is not set. Defaulting to a blank string."
time="2026-07-09T00:11:36Z" level=warning msg="The \"HEX\" variable is not set. Defaulting to a blank string."
 Container moq-interop-runner-relay-1  Recreate
 Container moq-interop-runner-relay-1  Recreated
Attaching to relay-1, test-client-1
relay-1        | W0709 00:11:36.735731     1 main.cpp:94] Picoquic listener 'relay-pico': service 'default' match[1] has prefix path '/' — pico listeners only support exact path routing; clients using this prefix may fail to connect.
relay-1        | W0709 00:11:36.738959     1 QuicServerWorker.cpp:1371] HostId is already set to 0
relay-1        | W0709 00:11:36.739011     1 QuicServerWorker.cpp:1371] HostId is already set to 0
relay-1        | W0709 00:11:36.739051     1 QuicServerWorker.cpp:1371] HostId is already set to 0
relay-1        | W0709 00:11:36.739089     1 QuicServerWorker.cpp:1371] HostId is already set to 0
relay-1        | I0709 00:11:36.740925    13 MoQPicoServerBase.cpp:348] Registered picoquic congestion control algorithms for name lookup
relay-1        | I0709 00:11:36.740947    13 MoQPicoQuicEventBaseServer.cpp:57] Starting MoQPicoQuicEventBaseServer on 0.0.0.0:4434
relay-1        | I0709 00:11:36.741044    13 PicoQuicSocketHandler.cpp:133] PicoQuicSocketHandler started on 0.0.0.0:4434 gso=1
relay-1        | I0709 00:11:36.741863     1 main.cpp:192] Admin server listening on 0.0.0.0:8000
test-client-1  | TAP version 14
test-client-1  | # moqlivemock 0.12.0, date: 2026-07-06
test-client-1  | # Relay: https://relay:4443
test-client-1  | # Draft: 16 (ALPN: moqt-16)
test-client-1  | 1..6
test-client-1  | 2026/07/09 00:11:42 failed to sufficiently increase receive buffer size (was: 1024 kiB, wanted: 7168 kiB, got: 2048 kiB). See https://github.com/quic-go/quic-go/wiki/UDP-Buffer-Sizes for details.
relay-1        | W0709 00:11:42.345021    14 ServiceMatcher.cpp:93] Empty path in CLIENT_SETUP for authority '', normalizing to '/'
test-client-1  | ok 1 - setup-only
relay-1        | W0709 00:11:42.347611    14 ServiceMatcher.cpp:93] Empty path in CLIENT_SETUP for authority '', normalizing to '/'
test-client-1  | ok 2 - announce-only
relay-1        | W0709 00:11:42.350925    13 ServiceMatcher.cpp:93] Empty path in CLIENT_SETUP for authority '', normalizing to '/'
test-client-1  | ok 3 - publish-namespace-done
relay-1        | W0709 00:11:42.353874    15 ServiceMatcher.cpp:93] Empty path in CLIENT_SETUP for authority '', normalizing to '/'
test-client-1  | ok 4 - subscribe-error
relay-1        | W0709 00:11:42.356921    16 ServiceMatcher.cpp:93] Empty path in CLIENT_SETUP for authority '', normalizing to '/'
relay-1        | W0709 00:11:42.359358    13 ServiceMatcher.cpp:93] Empty path in CLIENT_SETUP for authority '', normalizing to '/'
test-client-1  | ok 5 - announce-subscribe
relay-1        | E0709 00:11:42.360315    13 MoQSession.cpp:5700] publishDone for invalid id=0 sess=0x7f38800cbe10
relay-1        | I0709 00:11:42.360393    16 MoqxRelay.cpp:2357] Last subscriber removed for moq-test/interop/test-track
relay-1        | E0709 00:11:42.360977    16 MoQSession.cpp:5651] No matching subscribe ID=1 sess=0x7f3878094130
relay-1        | W0709 00:11:42.362551    13 ServiceMatcher.cpp:93] Empty path in CLIENT_SETUP for authority '', normalizing to '/'
relay-1        | W0709 00:11:42.865802    15 ServiceMatcher.cpp:93] Empty path in CLIENT_SETUP for authority '', normalizing to '/'
test-client-1  | ok 6 - subscribe-before-announce
[Ktest-client-1 exited with code 0
Aborting on container exit...
 Container moq-interop-runner-test-client-1  Stopping
 Container moq-interop-runner-test-client-1  Stopped
 Container moq-interop-runner-relay-1  Stopping
 Container moq-interop-runner-relay-1  Stopped
