make: Entering directory '/home/runner/work/moq-interop-runner/moq-interop-runner'
Running tests against moqt://moqx-main.ci.openmoq.org:4433...
  Client: ghcr.io/openmoq/moqx-interop-client:latest
  Extra docker args: --env-file /home/runner/work/moq-interop-runner/moq-interop-runner/results/2026-07-08_235509-pinned/.env.moqx_to_moqx_draft-18.remote.client
docker run --rm \
	--env-file /home/runner/work/moq-interop-runner/moq-interop-runner/results/2026-07-08_235509-pinned/.env.moqx_to_moqx_draft-18.remote.client \
	--network host \
	-e RELAY_URL=moqt://moqx-main.ci.openmoq.org:4433 \
	-e TLS_DISABLE_VERIFY=false \
	ghcr.io/openmoq/moqx-interop-client:latest
TAP version 14
# moxygen interop test client
# Relay: moqt://moqx-main.ci.openmoq.org:4433
# Transport: QUIC
1..6
ok 1 - setup-only
  ---
  duration_ms: 305
  info: SETUP exchange completed successfully
  ...
E0709 00:28:36.769614     1 MoQRelaySession.cpp:880] PublishNamespaceDone for unknown publishNamespace, sess=0x563e1ebc7de0
ok 2 - announce-only
  ---
  duration_ms: 307
  info: PUBLISH_NAMESPACE completed successfully
  ...
ok 3 - subscribe-error
  ---
  duration_ms: 298
  info: Subscribe correctly returned error: no such namespace or track
  ...
ok 4 - announce-subscribe
  ---
  duration_ms: 362
  info: Publisher announced, subscriber subscribed successfully
  ...
E0709 00:28:37.430831     1 MoQSession.cpp:5700] publishDone for invalid id=1 sess=0x563e1eba34f0
ok 5 - publish-namespace-done
  ---
  duration_ms: 159
  info: PUBLISH_NAMESPACE_OK received, PUBLISH_NAMESPACE_DONE sent
  ...
ok 6 - subscribe-before-announce
  ---
  duration_ms: 783
  info: Subscribe succeeded after publisher announced (relay buffers pending subscriptions)
  ...
make: Leaving directory '/home/runner/work/moq-interop-runner/moq-interop-runner'
