make: Entering directory '/home/runner/work/moq-interop-runner/moq-interop-runner'
Running tests against https://draft-18-interop.cloudflare.mediaoverquic.com:443/moq...
  Client: ghcr.io/openmoq/moqx-interop-client:latest
  Extra docker args: --env-file /home/runner/work/moq-interop-runner/moq-interop-runner/results/2026-07-08_235509-pinned/.env.moqx_to_moq-rs-draft-18_draft-18.remote.client
docker run --rm \
	--env-file /home/runner/work/moq-interop-runner/moq-interop-runner/results/2026-07-08_235509-pinned/.env.moqx_to_moq-rs-draft-18_draft-18.remote.client \
	--network host \
	-e RELAY_URL=https://draft-18-interop.cloudflare.mediaoverquic.com:443/moq \
	-e TLS_DISABLE_VERIFY=false \
	ghcr.io/openmoq/moqx-interop-client:latest
TAP version 14
# moxygen interop test client
# Relay: https://draft-18-interop.cloudflare.mediaoverquic.com:443/moq
# Transport: WebTransport
1..6
E20260709 00:27:56.288657     1 HQSession.cpp:579] Connection closed with error err=Crypto error: certificate_expired msg=fizz::FizzVerificationException: certificate verification failed: certificate has expired proto=, client CID=, server CID=9aef92d03e13c623, local=<uninitialized address>, 8.228.3.228:443=upstream, drain=none
E0709 00:27:56.289637     1 MoQWebTransportClient.cpp:95] std::runtime_error: Crypto error: certificate_expired
not ok 1 - setup-only
  ---
  duration_ms: 46
  error: Crypto error: certificate_expired
  ...
E20260709 00:27:56.336115     1 HQSession.cpp:579] Connection closed with error err=Crypto error: certificate_expired msg=fizz::FizzVerificationException: certificate verification failed: certificate has expired proto=, client CID=, server CID=99185aadddb78063, local=<uninitialized address>, 8.228.3.228:443=upstream, drain=none
E0709 00:27:56.336214     1 MoQWebTransportClient.cpp:95] std::runtime_error: Crypto error: certificate_expired
not ok 2 - announce-only
  ---
  duration_ms: 46
  error: Crypto error: certificate_expired
  ...
E20260709 00:27:56.356564     1 HQSession.cpp:579] Connection closed with error err=Crypto error: certificate_expired msg=fizz::FizzVerificationException: certificate verification failed: certificate has expired proto=, client CID=, server CID=e6524718fc2740f2, local=<uninitialized address>, 8.228.3.228:443=upstream, drain=none
E0709 00:27:56.356661     1 MoQWebTransportClient.cpp:95] std::runtime_error: Crypto error: certificate_expired
not ok 3 - subscribe-error
  ---
  duration_ms: 20
  error: Crypto error: certificate_expired
  ...
E20260709 00:27:56.404057     1 HQSession.cpp:579] Connection closed with error err=Crypto error: certificate_expired msg=fizz::FizzVerificationException: certificate verification failed: certificate has expired proto=, client CID=, server CID=9cadc888e0573f98, local=<uninitialized address>, 8.228.3.228:443=upstream, drain=none
E0709 00:27:56.404155     1 MoQWebTransportClient.cpp:95] std::runtime_error: Crypto error: certificate_expired
not ok 4 - announce-subscribe
  ---
  duration_ms: 47
  error: Crypto error: certificate_expired
  ...
E20260709 00:27:56.446297     1 HQSession.cpp:579] Connection closed with error err=Crypto error: certificate_expired msg=fizz::FizzVerificationException: certificate verification failed: certificate has expired proto=, client CID=, server CID=066187f008b5f548, local=<uninitialized address>, 8.228.3.228:443=upstream, drain=none
E0709 00:27:56.446436     1 MoQWebTransportClient.cpp:95] std::runtime_error: Crypto error: certificate_expired
not ok 5 - publish-namespace-done
  ---
  duration_ms: 42
  error: Crypto error: certificate_expired
  ...
E20260709 00:27:56.472517     1 HQSession.cpp:579] Connection closed with error err=Crypto error: certificate_expired msg=fizz::FizzVerificationException: certificate verification failed: certificate has expired proto=, client CID=, server CID=e2dbb3635752256f, local=<uninitialized address>, 8.228.3.228:443=upstream, drain=none
E0709 00:27:56.472614     1 MoQWebTransportClient.cpp:95] std::runtime_error: Crypto error: certificate_expired
not ok 6 - subscribe-before-announce
  ---
  duration_ms: 26
  error: Crypto error: certificate_expired
  ...
make: *** [Makefile:121: test-external] Error 1
make: Leaving directory '/home/runner/work/moq-interop-runner/moq-interop-runner'
