make: Entering directory '/home/runner/work/moq-interop-runner/moq-interop-runner'
Running tests against https://moqx-main.ci.openmoq.org:4433/moq-relay...
  Client: ghcr.io/openmoq/moqx-interop-client:latest
  Extra docker args: --env-file /home/runner/work/moq-interop-runner/moq-interop-runner/results/2026-07-08_155735-pinned/.env.moqx_to_moqx_draft-16.remote.client
docker run --rm \
	--env-file /home/runner/work/moq-interop-runner/moq-interop-runner/results/2026-07-08_155735-pinned/.env.moqx_to_moqx_draft-16.remote.client \
	--network host \
	-e RELAY_URL=https://moqx-main.ci.openmoq.org:4433/moq-relay \
	-e TLS_DISABLE_VERIFY=false \
	ghcr.io/openmoq/moqx-interop-client:latest
TAP version 14
# moxygen interop test client
# Relay: https://moqx-main.ci.openmoq.org:4433/moq-relay
# Transport: WebTransport
1..6
ok 1 - setup-only
  ---
  duration_ms: 101
  info: SETUP exchange completed successfully
  ...
E0708 16:16:04.900484     1 MoQRelaySession.cpp:880] PublishNamespaceDone for unknown publishNamespace, sess=0x562313034270
ok 2 - announce-only
  ---
  duration_ms: 156
  info: PUBLISH_NAMESPACE completed successfully
  ...
ok 3 - subscribe-error
  ---
  duration_ms: 63
  info: Subscribe correctly returned error: no such namespace or track
  ...
E0708 16:16:05.122101     1 MoQSession.cpp:5700] publishDone for invalid id=1 sess=0x562312ff0780
ok 4 - announce-subscribe
  ---
  duration_ms: 157
  info: Publisher announced, subscriber subscribed successfully
  ...
ok 5 - publish-namespace-done
  ---
  duration_ms: 77
  info: PUBLISH_NAMESPACE_OK received, PUBLISH_NAMESPACE_DONE sent
  ...
ok 6 - subscribe-before-announce
  ---
  duration_ms: 652
  info: Subscribe returned error (relay doesn't buffer pending subscriptions): no such namespace or track
  ...
make: Leaving directory '/home/runner/work/moq-interop-runner/moq-interop-runner'
