make: Entering directory '/home/runner/work/moq-interop-runner/moq-interop-runner'
Running tests against https://fb.mvfst.net:9448/moq-relay...
  Client: ghcr.io/openmoq/moqx-interop-client:latest
  Extra docker args: --env-file /home/runner/work/moq-interop-runner/moq-interop-runner/results/2026-07-08_235509-pinned/.env.moqx_to_moxygen_draft-14.remote.client
docker run --rm \
	--env-file /home/runner/work/moq-interop-runner/moq-interop-runner/results/2026-07-08_235509-pinned/.env.moqx_to_moxygen_draft-14.remote.client \
	--network host \
	-e RELAY_URL=https://fb.mvfst.net:9448/moq-relay \
	-e TLS_DISABLE_VERIFY=true \
	ghcr.io/openmoq/moqx-interop-client:latest
TAP version 14
# moxygen interop test client
# Relay: https://fb.mvfst.net:9448/moq-relay
# Transport: WebTransport
1..6
ok 1 - setup-only
  ---
  duration_ms: 278
  info: SETUP exchange completed successfully
  ...
E0709 00:11:15.366934     1 MoQRelaySession.cpp:880] PublishNamespaceDone for unknown publishNamespace, sess=0x561ec3d30b30
ok 2 - announce-only
  ---
  duration_ms: 535
  info: PUBLISH_NAMESPACE completed successfully
  ...
ok 3 - subscribe-error
  ---
  duration_ms: 386
  info: Subscribe correctly returned error: no such namespace or track
  ...
E0709 00:11:16.405234     1 MoQSession.cpp:5700] publishDone for invalid id=1 sess=0x561ec3d237b0
ok 4 - announce-subscribe
  ---
  duration_ms: 651
  info: Publisher announced, subscriber subscribed successfully
  ...
ok 5 - publish-namespace-done
  ---
  duration_ms: 311
  info: PUBLISH_NAMESPACE_OK received, PUBLISH_NAMESPACE_DONE sent
  ...
ok 6 - subscribe-before-announce
  ---
  duration_ms: 1030
  info: Subscribe returned error (relay doesn't buffer pending subscriptions): no such namespace or track
  ...
make: Leaving directory '/home/runner/work/moq-interop-runner/moq-interop-runner'
