make: Entering directory '/home/runner/work/moq-interop-runner/moq-interop-runner'
Running tests against moqt://lminiero.it:9000...
  Client: ghcr.io/openmoq/moqx-interop-client:latest
  Extra docker args: --env-file /home/runner/work/moq-interop-runner/moq-interop-runner/results/2026-07-08_235511-pinned/.env.moqx_to_imquic_draft-16.remote.client
docker run --rm \
	--env-file /home/runner/work/moq-interop-runner/moq-interop-runner/results/2026-07-08_235511-pinned/.env.moqx_to_imquic_draft-16.remote.client \
	--network host \
	-e RELAY_URL=moqt://lminiero.it:9000 \
	-e TLS_DISABLE_VERIFY=false \
	ghcr.io/openmoq/moqx-interop-client:latest
TAP version 14
# moxygen interop test client
# Relay: moqt://lminiero.it:9000
# Transport: QUIC
1..6
E0709 00:13:27.973102     1 MoQCodec.cpp:126] Conn error=3
E0709 00:13:27.973136     1 MoQSession.cpp:5259] MoQCodec control stream parse error err=3
not ok 1 - setup-only
  ---
  duration_ms: 1018
  error: coroutine operation cancelled
  ...
E0709 00:13:28.947062     1 MoQCodec.cpp:126] Conn error=3
E0709 00:13:28.947091     1 MoQSession.cpp:5259] MoQCodec control stream parse error err=3
not ok 2 - announce-only
  ---
  duration_ms: 973
  error: coroutine operation cancelled
  ...
E0709 00:13:29.763556     1 MoQCodec.cpp:126] Conn error=3
E0709 00:13:29.763582     1 MoQSession.cpp:5259] MoQCodec control stream parse error err=3
not ok 3 - subscribe-error
  ---
  duration_ms: 816
  error: coroutine operation cancelled
  ...
E0709 00:13:30.411993     1 MoQCodec.cpp:126] Conn error=3
E0709 00:13:30.412027     1 MoQSession.cpp:5259] MoQCodec control stream parse error err=3
not ok 4 - announce-subscribe
  ---
  duration_ms: 648
  error: coroutine operation cancelled
  ...
E0709 00:13:31.079008     1 MoQCodec.cpp:126] Conn error=3
E0709 00:13:31.079038     1 MoQSession.cpp:5259] MoQCodec control stream parse error err=3
not ok 5 - publish-namespace-done
  ---
  duration_ms: 666
  error: coroutine operation cancelled
  ...
E0709 00:13:31.415257     1 MoQCodec.cpp:126] Conn error=3
E0709 00:13:31.415287     1 MoQSession.cpp:5259] MoQCodec control stream parse error err=3
not ok 6 - subscribe-before-announce
  ---
  duration_ms: 336
  error: coroutine operation cancelled
  ...
E20260709 00:13:32.416420     1 EventHandler.cpp:90] EventBase: failed to register event handler for fd 11: Resource temporarily unavailable
make: *** [Makefile:121: test-external] Error 1
make: Leaving directory '/home/runner/work/moq-interop-runner/moq-interop-runner'
