make: Entering directory '/home/runner/work/moq-interop-runner/moq-interop-runner'
Running tests against moqt://us-west-2.relay.quicr.org:33437...
  Client: ghcr.io/openmoq/moqx-interop-client:latest
  Extra docker args: --env-file /home/runner/work/moq-interop-runner/moq-interop-runner/results/2026-07-08_155736-pinned/.env.moqx_to_libquicr_draft-14.remote.client
docker run --rm \
	--env-file /home/runner/work/moq-interop-runner/moq-interop-runner/results/2026-07-08_155736-pinned/.env.moqx_to_libquicr_draft-14.remote.client \
	--network host \
	-e RELAY_URL=moqt://us-west-2.relay.quicr.org:33437 \
	-e TLS_DISABLE_VERIFY=true \
	ghcr.io/openmoq/moqx-interop-client:latest
TAP version 14
# moxygen interop test client
# Relay: moqt://us-west-2.relay.quicr.org:33437
# Transport: QUIC
1..6
not ok 1 - setup-only
  ---
  duration_ms: 141
  error: fizz::FizzVerificationException: certificate verification failed: unable to get local issuer certificate
  ...
not ok 2 - announce-only
  ---
  duration_ms: 67
  error: fizz::FizzVerificationException: certificate verification failed: unable to get local issuer certificate
  ...
not ok 3 - subscribe-error
  ---
  duration_ms: 245
  error: fizz::FizzVerificationException: certificate verification failed: unable to get local issuer certificate
  ...
not ok 4 - announce-subscribe
  ---
  duration_ms: 70
  error: fizz::FizzVerificationException: certificate verification failed: unable to get local issuer certificate
  ...
not ok 5 - publish-namespace-done
  ---
  duration_ms: 67
  error: fizz::FizzVerificationException: certificate verification failed: unable to get local issuer certificate
  ...
not ok 6 - subscribe-before-announce
  ---
  duration_ms: 82
  error: fizz::FizzVerificationException: certificate verification failed: unable to get local issuer certificate
  ...
make: *** [Makefile:121: test-external] Error 1
make: Leaving directory '/home/runner/work/moq-interop-runner/moq-interop-runner'
