time="2026-07-08T16:17:10Z" level=warning msg="The \"PORT\" variable is not set. Defaulting to a blank string."
time="2026-07-08T16:17:10Z" level=warning msg="The \"PORT\" variable is not set. Defaulting to a blank string."
time="2026-07-08T16:17:10Z" level=warning msg="The \"PORT\" variable is not set. Defaulting to a blank string."
time="2026-07-08T16:17:10Z" level=warning msg="The \"HEX\" variable is not set. Defaulting to a blank string."
time="2026-07-08T16:17:10Z" level=warning msg="The \"HEX\" variable is not set. Defaulting to a blank string."
 Container moq-interop-runner-relay-1  Recreate
 Container moq-interop-runner-relay-1  Recreated
 Container moq-interop-runner-test-client-1  Recreate
 Container moq-interop-runner-test-client-1  Recreated
Attaching to relay-1, test-client-1
relay-1        | 2026-07-08 16:17:11.142 INFO : Starting MOQT server on 0.0.0.0:4443
relay-1        | ================================================================
relay-1        |  EXPERIMENTAL aiomoqt interop relay — control-plane only.
relay-1        |  NOT a production relay: no data forwarding, no auth,
relay-1        |  no scale handling. Use moxygen / moq-rs for real workloads.
relay-1        | ================================================================
relay-1        | Listening on 0.0.0.0:4443 (raw QUIC, draft-16)
test-client-1  | TAP version 14
test-client-1  | # moxygen interop test client
test-client-1  | # Relay: moqt://relay:4443
test-client-1  | # Transport: QUIC
test-client-1  | 1..6
relay-1        | 2026-07-08 16:17:16.512 INFO : MOQT: version set from ALPN: moqt-16 -> draft-16
relay-1        | 2026-07-08 16:17:16.513 INFO : deserializing param 1 length 0
relay-1        | 2026-07-08 16:17:16.513 INFO : MOQT event: control message parsed: ClientSetup(versions=[], parameters={PATH="", MAX_REQUEST_ID=100, MAX_AUTH_TOKEN_CACHE_SIZE=1024}))
relay-1        | 2026-07-08 16:17:16.513 INFO : MOQT event: handle ClientSetup(versions=[], parameters={PATH="", MAX_REQUEST_ID=100, MAX_AUTH_TOKEN_CACHE_SIZE=1024})
relay-1        | 2026-07-08 16:17:16.513 INFO : MOQT send: ServerSetup(selected_version=0xff00000e, parameters={})
relay-1        | 2026-07-08 16:17:16.513 INFO : Serialized 0 parameters: b'\x00\xb2\xe3o\x9d\x7f\x00\x00 \xb2\xe3o'
test-client-1  | ok 1 - setup-only
test-client-1  |   ---
test-client-1  |   duration_ms: 5
relay-1        | 2026-07-08 16:17:16.513 INFO : QUIC: connection closed: code: 0
test-client-1  |   info: SETUP exchange completed successfully
relay-1        | 2026-07-08 16:17:16.514 INFO : MOQT: closing: ConnectionTerminated (0)
test-client-1  |   ...
relay-1        | 2026-07-08 16:17:16.516 INFO : MOQT: version set from ALPN: moqt-16 -> draft-16
relay-1        | 2026-07-08 16:17:16.516 INFO : deserializing param 1 length 0
relay-1        | 2026-07-08 16:17:16.516 INFO : MOQT event: control message parsed: ClientSetup(versions=[], parameters={PATH="", MAX_REQUEST_ID=100, MAX_AUTH_TOKEN_CACHE_SIZE=1024}))
relay-1        | 2026-07-08 16:17:16.516 INFO : MOQT event: handle ClientSetup(versions=[], parameters={PATH="", MAX_REQUEST_ID=100, MAX_AUTH_TOKEN_CACHE_SIZE=1024})
relay-1        | 2026-07-08 16:17:16.516 INFO : MOQT send: ServerSetup(selected_version=0xff00000e, parameters={})
relay-1        | 2026-07-08 16:17:16.516 INFO : Serialized 0 parameters: b'\x00\xb2\xe3o\x9d\x7f\x00\x00 \xb2\xe3o'
test-client-1  | W0708 16:17:16.516764     1 MoQSession.cpp:5473] Issuing request that will fail; nextRequestID_=0 peerMaxRequestID_=0 sess=0x55d7aabff570
relay-1        | 2026-07-08 16:17:16.517 INFO : MOQT event: control message parsed: PublishNamespace(request_id=0, namespace=["moq-test"], parameters={}))
relay-1        | 2026-07-08 16:17:16.517 INFO : relay: announce ns=(b'moq-test',) -> count=1
relay-1        | 2026-07-08 16:17:16.517 INFO : MOQT send: RequestOk(request_id=0, parameters=None) request_id: 0 namespace: (b'moq-test',)
relay-1        | 2026-07-08 16:17:16.517 INFO : Serialized 0 parameters: b'\x00\x00\xe3o\x9d\x7f\x00\x00 \xb2\xe3o'
test-client-1  | E0708 16:17:16.517531     1 MoQRelaySession.cpp:880] PublishNamespaceDone for unknown publishNamespace, sess=0x55d7aabff570
test-client-1  | ok 2 - announce-only
test-client-1  |   ---
test-client-1  |   duration_ms: 3
test-client-1  |   info: PUBLISH_NAMESPACE completed successfully
test-client-1  |   ...
relay-1        | 2026-07-08 16:17:16.517 INFO : QUIC: connection closed: code: 0
relay-1        | 2026-07-08 16:17:16.517 INFO : MOQT: closing: ConnectionTerminated (0)
relay-1        | 2026-07-08 16:17:16.519 INFO : MOQT: version set from ALPN: moqt-16 -> draft-16
relay-1        | 2026-07-08 16:17:16.519 INFO : deserializing param 1 length 0
relay-1        | 2026-07-08 16:17:16.519 INFO : MOQT event: control message parsed: ClientSetup(versions=[], parameters={PATH="", MAX_REQUEST_ID=100, MAX_AUTH_TOKEN_CACHE_SIZE=1024}))
relay-1        | 2026-07-08 16:17:16.520 INFO : MOQT event: handle ClientSetup(versions=[], parameters={PATH="", MAX_REQUEST_ID=100, MAX_AUTH_TOKEN_CACHE_SIZE=1024})
relay-1        | 2026-07-08 16:17:16.520 INFO : MOQT send: ServerSetup(selected_version=0xff00000e, parameters={})
relay-1        | 2026-07-08 16:17:16.520 INFO : Serialized 0 parameters: b'\x00\xb2\xe3o\x9d\x7f\x00\x00 \xb2\xe3o'
test-client-1  | W0708 16:17:16.520415     1 MoQSession.cpp:5473] Issuing request that will fail; nextRequestID_=0 peerMaxRequestID_=0 sess=0x55d7aac00320
relay-1        | 2026-07-08 16:17:16.520 INFO : deserializing param 33 length 2
relay-1        | 2026-07-08 16:17:16.520 INFO : MOQT event: control message parsed: Subscribe(request_id=0, track_namespace=["nonexistent"], track_name="no-such-track", priority=None, group_order=None, forward=None, filter_type=250, start_group=None, start_object=None, end_group=None, parameters={}, track_alias=None, libquicr_compat=False))
relay-1        | 2026-07-08 16:17:16.520 INFO : relay: subscribe ns=(b'nonexistent',) track=b'no-such-track' -> ERROR (not announced)
relay-1        | 2026-07-08 16:17:16.521 INFO : MOQT send: RequestError(request_id=0, error_code=16, retry_interval=0, reason=track does not exist)
test-client-1  | ok 3 - subscribe-error
test-client-1  |   ---
test-client-1  |   duration_ms: 3
test-client-1  |   info: Subscribe correctly returned error: track does not exist
test-client-1  |   ...
relay-1        | 2026-07-08 16:17:16.521 INFO : QUIC: connection closed: code: 0
relay-1        | 2026-07-08 16:17:16.521 INFO : MOQT: closing: ConnectionTerminated (0)
relay-1        | 2026-07-08 16:17:16.523 INFO : MOQT: version set from ALPN: moqt-16 -> draft-16
relay-1        | 2026-07-08 16:17:16.523 INFO : deserializing param 1 length 0
relay-1        | 2026-07-08 16:17:16.523 INFO : MOQT event: control message parsed: ClientSetup(versions=[], parameters={PATH="", MAX_REQUEST_ID=100, MAX_AUTH_TOKEN_CACHE_SIZE=1024}))
relay-1        | 2026-07-08 16:17:16.523 INFO : MOQT event: handle ClientSetup(versions=[], parameters={PATH="", MAX_REQUEST_ID=100, MAX_AUTH_TOKEN_CACHE_SIZE=1024})
relay-1        | 2026-07-08 16:17:16.523 INFO : MOQT send: ServerSetup(selected_version=0xff00000e, parameters={})
relay-1        | 2026-07-08 16:17:16.523 INFO : Serialized 0 parameters: b'\x00\xb2\xe3o\x9d\x7f\x00\x00 \xb2\xe3o'
test-client-1  | W0708 16:17:16.524037     1 MoQSession.cpp:5473] Issuing request that will fail; nextRequestID_=0 peerMaxRequestID_=0 sess=0x55d7aabfdcb0
relay-1        | 2026-07-08 16:17:16.524 INFO : MOQT event: control message parsed: PublishNamespace(request_id=0, namespace=["moq-interop-test"], parameters={}))
relay-1        | 2026-07-08 16:17:16.524 INFO : relay: announce ns=(b'moq-interop-test',) -> count=1
relay-1        | 2026-07-08 16:17:16.524 INFO : MOQT send: RequestOk(request_id=0, parameters=None) request_id: 0 namespace: (b'moq-interop-test',)
relay-1        | 2026-07-08 16:17:16.524 INFO : Serialized 0 parameters: b'\x00\x00\xe3o\x9d\x7f\x00\x00 \xb2\xe3o'
relay-1        | 2026-07-08 16:17:16.526 INFO : MOQT: version set from ALPN: moqt-16 -> draft-16
relay-1        | 2026-07-08 16:17:16.526 INFO : deserializing param 1 length 0
relay-1        | 2026-07-08 16:17:16.526 INFO : MOQT event: control message parsed: ClientSetup(versions=[], parameters={PATH="", MAX_REQUEST_ID=100, MAX_AUTH_TOKEN_CACHE_SIZE=1024}))
relay-1        | 2026-07-08 16:17:16.526 INFO : MOQT event: handle ClientSetup(versions=[], parameters={PATH="", MAX_REQUEST_ID=100, MAX_AUTH_TOKEN_CACHE_SIZE=1024})
relay-1        | 2026-07-08 16:17:16.526 INFO : MOQT send: ServerSetup(selected_version=0xff00000e, parameters={})
relay-1        | 2026-07-08 16:17:16.526 INFO : Serialized 0 parameters: b'\x00\xb1\xe3o\x9d\x7f\x00\x00\x90\xb1\xe3o'
test-client-1  | W0708 16:17:16.526924     1 MoQSession.cpp:5473] Issuing request that will fail; nextRequestID_=0 peerMaxRequestID_=0 sess=0x55d7aac0e580
relay-1        | 2026-07-08 16:17:16.527 INFO : deserializing param 33 length 2
relay-1        | 2026-07-08 16:17:16.527 INFO : MOQT event: control message parsed: Subscribe(request_id=0, track_namespace=["moq-interop-test"], track_name="interop-track", priority=None, group_order=None, forward=None, filter_type=250, start_group=None, start_object=None, end_group=None, parameters={}, track_alias=None, libquicr_compat=False))
relay-1        | 2026-07-08 16:17:16.527 INFO : relay: subscribe ns=(b'moq-interop-test',) track=b'interop-track' -> SUBSCRIBE_OK
relay-1        | 2026-07-08 16:17:16.527 INFO : MOQT send: SubscribeOk(request_id=0, track_alias=0, expires=0, group_order=1, content_exists=0, largest_group_id=None, largest_object_id=None, parameters={}, track_extensions=None)
relay-1        | 2026-07-08 16:17:16.527 INFO : Serializing param 8 value 0
relay-1        | 2026-07-08 16:17:16.527 INFO : Serialized 1 parameters: b'\x00\x00\x01\x08\x00\x7f\x00\x00\x90\xb1\xe3o'
test-client-1  | ok 4 - announce-subscribe
test-client-1  |   ---
test-client-1  |   duration_ms: 6
test-client-1  |   info: Publisher announced, subscriber subscribed successfully
test-client-1  |   ...
relay-1        | 2026-07-08 16:17:16.527 INFO : QUIC: connection closed: code: 0
relay-1        | 2026-07-08 16:17:16.527 INFO : MOQT: closing: ConnectionTerminated (0)
relay-1        | 2026-07-08 16:17:16.528 INFO : QUIC: connection closed: code: 0
relay-1        | 2026-07-08 16:17:16.528 INFO : MOQT: closing: ConnectionTerminated (0)
relay-1        | 2026-07-08 16:17:16.529 INFO : MOQT: version set from ALPN: moqt-16 -> draft-16
relay-1        | 2026-07-08 16:17:16.530 INFO : deserializing param 1 length 0
relay-1        | 2026-07-08 16:17:16.530 INFO : MOQT event: control message parsed: ClientSetup(versions=[], parameters={PATH="", MAX_REQUEST_ID=100, MAX_AUTH_TOKEN_CACHE_SIZE=1024}))
relay-1        | 2026-07-08 16:17:16.530 INFO : MOQT event: handle ClientSetup(versions=[], parameters={PATH="", MAX_REQUEST_ID=100, MAX_AUTH_TOKEN_CACHE_SIZE=1024})
relay-1        | 2026-07-08 16:17:16.530 INFO : MOQT send: ServerSetup(selected_version=0xff00000e, parameters={})
relay-1        | 2026-07-08 16:17:16.530 INFO : Serialized 0 parameters: b'\x00\xb1\xe3o\x9d\x7f\x00\x00\xd0\xb1\xe3o'
test-client-1  | W0708 16:17:16.530681     1 MoQSession.cpp:5473] Issuing request that will fail; nextRequestID_=0 peerMaxRequestID_=0 sess=0x55d7aac288f0
relay-1        | 2026-07-08 16:17:16.530 INFO : MOQT event: control message parsed: PublishNamespace(request_id=0, namespace=["moq-test", "interop"], parameters={}))
relay-1        | 2026-07-08 16:17:16.530 INFO : relay: announce ns=(b'moq-test', b'interop') -> count=1
relay-1        | 2026-07-08 16:17:16.531 INFO : MOQT send: RequestOk(request_id=0, parameters=None) request_id: 0 namespace: (b'moq-test', b'interop')
relay-1        | 2026-07-08 16:17:16.531 INFO : Serialized 0 parameters: b'\x00\x00\xe3o\x9d\x7f\x00\x00\xd0\xb1\xe3o'
test-client-1  | ok 5 - publish-namespace-done
test-client-1  |   ---
test-client-1  |   duration_ms: 3
test-client-1  |   info: PUBLISH_NAMESPACE_OK received, PUBLISH_NAMESPACE_DONE sent
test-client-1  |   ...
relay-1        | 2026-07-08 16:17:16.531 INFO : QUIC: connection closed: code: 0
relay-1        | 2026-07-08 16:17:16.531 INFO : MOQT: closing: ConnectionTerminated (0)
relay-1        | 2026-07-08 16:17:16.533 INFO : MOQT: version set from ALPN: moqt-16 -> draft-16
relay-1        | 2026-07-08 16:17:16.533 INFO : deserializing param 1 length 0
relay-1        | 2026-07-08 16:17:16.533 INFO : MOQT event: control message parsed: ClientSetup(versions=[], parameters={PATH="", MAX_REQUEST_ID=100, MAX_AUTH_TOKEN_CACHE_SIZE=1024}))
relay-1        | 2026-07-08 16:17:16.533 INFO : MOQT event: handle ClientSetup(versions=[], parameters={PATH="", MAX_REQUEST_ID=100, MAX_AUTH_TOKEN_CACHE_SIZE=1024})
relay-1        | 2026-07-08 16:17:16.533 INFO : MOQT send: ServerSetup(selected_version=0xff00000e, parameters={})
relay-1        | 2026-07-08 16:17:16.533 INFO : Serialized 0 parameters: b'\x00\xb1\xe3o\x9d\x7f\x00\x00\xd0\xb1\xe3o'
test-client-1  | W0708 16:17:16.534261     1 MoQSession.cpp:5473] Issuing request that will fail; nextRequestID_=0 peerMaxRequestID_=0 sess=0x55d7aac288f0
relay-1        | 2026-07-08 16:17:16.534 INFO : deserializing param 33 length 2
relay-1        | 2026-07-08 16:17:16.534 INFO : MOQT event: control message parsed: Subscribe(request_id=0, track_namespace=["moq-test", "interop"], track_name="test-track", priority=None, group_order=None, forward=None, filter_type=250, start_group=None, start_object=None, end_group=None, parameters={}, track_alias=None, libquicr_compat=False))
relay-1        | 2026-07-08 16:17:16.534 INFO : relay: subscribe ns=(b'moq-test', b'interop') track=b'test-track' -> SUBSCRIBE_OK
relay-1        | 2026-07-08 16:17:16.534 INFO : MOQT send: SubscribeOk(request_id=0, track_alias=0, expires=0, group_order=1, content_exists=0, largest_group_id=None, largest_object_id=None, parameters={}, track_extensions=None)
relay-1        | 2026-07-08 16:17:16.534 INFO : Serializing param 8 value 0
relay-1        | 2026-07-08 16:17:16.534 INFO : Serialized 1 parameters: b'\x00\x00\x01\x08\x00\x7f\x00\x00\xd0\xb1\xe3o'
relay-1        | 2026-07-08 16:17:16.596 INFO : QUIC: connection closed: code: 0
relay-1        | 2026-07-08 16:17:16.597 INFO : MOQT: closing: ConnectionTerminated (0)
relay-1        | 2026-07-08 16:17:16.598 INFO : QUIC: connection closed: code: 0
relay-1        | 2026-07-08 16:17:16.598 INFO : MOQT: closing: ConnectionTerminated (0)
relay-1        | 2026-07-08 16:17:16.602 INFO : QUIC: connection closed: code: 0
relay-1        | 2026-07-08 16:17:16.602 INFO : MOQT: closing: ConnectionTerminated (0)
relay-1        | 2026-07-08 16:17:16.605 INFO : QUIC: connection closed: code: 0
relay-1        | 2026-07-08 16:17:16.605 INFO : MOQT: closing: ConnectionTerminated (0)
relay-1        | 2026-07-08 16:17:16.608 INFO : QUIC: connection closed: code: 0
relay-1        | 2026-07-08 16:17:16.608 INFO : MOQT: closing: ConnectionTerminated (0)
relay-1        | 2026-07-08 16:17:16.612 INFO : QUIC: connection closed: code: 0
relay-1        | 2026-07-08 16:17:16.612 INFO : MOQT: closing: ConnectionTerminated (0)
relay-1        | 2026-07-08 16:17:17.037 INFO : MOQT: version set from ALPN: moqt-16 -> draft-16
relay-1        | 2026-07-08 16:17:17.037 INFO : deserializing param 1 length 0
relay-1        | 2026-07-08 16:17:17.037 INFO : MOQT event: control message parsed: ClientSetup(versions=[], parameters={PATH="", MAX_REQUEST_ID=100, MAX_AUTH_TOKEN_CACHE_SIZE=1024}))
relay-1        | 2026-07-08 16:17:17.037 INFO : MOQT event: handle ClientSetup(versions=[], parameters={PATH="", MAX_REQUEST_ID=100, MAX_AUTH_TOKEN_CACHE_SIZE=1024})
relay-1        | 2026-07-08 16:17:17.037 INFO : MOQT send: ServerSetup(selected_version=0xff00000e, parameters={})
relay-1        | 2026-07-08 16:17:17.037 INFO : Serialized 0 parameters: b'\x00\xb1\xe3o\x9d\x7f\x00\x00\x80\xb1\xe3o'
test-client-1  | W0708 16:17:17.037928     1 MoQSession.cpp:5473] Issuing request that will fail; nextRequestID_=0 peerMaxRequestID_=0 sess=0x55d7aab89e30
relay-1        | 2026-07-08 16:17:17.038 INFO : MOQT event: control message parsed: PublishNamespace(request_id=0, namespace=["moq-test", "interop"], parameters={}))
relay-1        | 2026-07-08 16:17:17.038 INFO : relay: announce ns=(b'moq-test', b'interop') -> count=2
relay-1        | 2026-07-08 16:17:17.038 INFO : MOQT send: RequestOk(request_id=0, parameters=None) request_id: 0 namespace: (b'moq-test', b'interop')
relay-1        | 2026-07-08 16:17:17.038 INFO : Serialized 0 parameters: b'\x00\x00\xe3o\x9d\x7f\x00\x00\x80\xb1\xe3o'
relay-1        | 2026-07-08 16:17:17.038 INFO : QUIC: connection closed: code: 0
test-client-1  | ok 6 - subscribe-before-announce
test-client-1  |   ---
relay-1        | 2026-07-08 16:17:17.038 INFO : MOQT: closing: ConnectionTerminated (0)
test-client-1  |   duration_ms: 507
test-client-1  |   info: Subscribe succeeded after publisher announced (relay buffers pending subscriptions)
test-client-1  |   ...
relay-1        | 2026-07-08 16:17:17.038 INFO : QUIC: connection closed: code: 0
relay-1        | 2026-07-08 16:17:17.039 INFO : MOQT: closing: ConnectionTerminated (0)
relay-1        | 2026-07-08 16:17:17.039 INFO : QUIC: connection closed: code: 0
relay-1        | 2026-07-08 16:17:17.039 INFO : MOQT: closing: ConnectionTerminated (0)
relay-1        | 2026-07-08 16:17:17.121 INFO : QUIC: connection closed: code: 0
relay-1        | 2026-07-08 16:17:17.121 INFO : MOQT: closing: ConnectionTerminated (0)
[Ktest-client-1 exited with code 0
Aborting on container exit...
 Container moq-interop-runner-test-client-1  Stopping
 Container moq-interop-runner-test-client-1  Stopped
 Container moq-interop-runner-relay-1  Stopping
 Container moq-interop-runner-relay-1  Stopped
