make: Entering directory '/home/runner/work/moq-interop-runner/moq-interop-runner'
Running tests against https://fb.mvfst.net:9448/moq-relay...
  Client: ghcr.io/englishm/moq-interop-runner-xquic-moq-client:latest
  Extra docker args: --env-file /home/runner/work/moq-interop-runner/moq-interop-runner/results/2026-07-08_235509-pinned/.env.xquic_to_moxygen_draft-14.remote.client
docker run --rm \
	--env-file /home/runner/work/moq-interop-runner/moq-interop-runner/results/2026-07-08_235509-pinned/.env.xquic_to_moxygen_draft-14.remote.client \
	--network host \
	-e RELAY_URL=https://fb.mvfst.net:9448/moq-relay \
	-e TLS_DISABLE_VERIFY=true \
	ghcr.io/englishm/moq-interop-runner-xquic-moq-client:latest
TAP version 14
# xquic-moq-interop-client v0.1.0
# Relay: https://18.189.84.245:9448/moq-relay (sni=fb.mvfst.net, WebTransport)
1..6
xqc_app_write_log fd err
xqc_app_write_log fd err
xqc_app_write_log fd err
xqc_app_write_log fd err
xqc_app_write_log fd err
xqc_app_write_log fd err
xqc_app_write_log fd err
xqc_app_write_log fd err
xqc_app_write_log fd err
not ok 1 - setup-only
  ---
  duration_ms: 730
  message: "wt: failed to create MoQ session"
  ...
xqc_app_write_log fd err
xqc_app_write_log fd err
xqc_app_write_log fd err
xqc_app_write_log fd err
xqc_app_write_log fd err
xqc_app_write_log fd err
xqc_app_write_log fd err
xqc_app_write_log fd err
xqc_app_write_log fd err
not ok 2 - announce-only
  ---
  duration_ms: 696
  message: "wt: failed to create MoQ session"
  ...
xqc_app_write_log fd err
xqc_app_write_log fd err
xqc_app_write_log fd err
xqc_app_write_log fd err
xqc_app_write_log fd err
xqc_app_write_log fd err
xqc_app_write_log fd err
xqc_app_write_log fd err
xqc_app_write_log fd err
not ok 3 - subscribe-error
  ---
  duration_ms: 693
  message: "wt: failed to create MoQ session"
  ...
xqc_app_write_log fd err
xqc_app_write_log fd err
xqc_app_write_log fd err
xqc_app_write_log fd err
xqc_app_write_log fd err
xqc_app_write_log fd err
xqc_app_write_log fd err
xqc_app_write_log fd err
xqc_app_write_log fd err
xqc_app_write_log fd err
xqc_app_write_log fd err
xqc_app_write_log fd err
xqc_app_write_log fd err
xqc_app_write_log fd err
xqc_app_write_log fd err
xqc_app_write_log fd err
xqc_app_write_log fd err
xqc_app_write_log fd err
not ok 4 - announce-subscribe
  ---
  duration_ms: 696
  message: "wt: failed to create MoQ session"
  ...
xqc_app_write_log fd err
xqc_app_write_log fd err
xqc_app_write_log fd err
xqc_app_write_log fd err
xqc_app_write_log fd err
xqc_app_write_log fd err
xqc_app_write_log fd err
xqc_app_write_log fd err
xqc_app_write_log fd err
xqc_app_write_log fd err
xqc_app_write_log fd err
xqc_app_write_log fd err
xqc_app_write_log fd err
xqc_app_write_log fd err
xqc_app_write_log fd err
xqc_app_write_log fd err
xqc_app_write_log fd err
xqc_app_write_log fd err
not ok 5 - subscribe-before-announce
  ---
  duration_ms: 645
  message: "wt: failed to create MoQ session"
  ...
xqc_app_write_log fd err
xqc_app_write_log fd err
xqc_app_write_log fd err
xqc_app_write_log fd err
xqc_app_write_log fd err
xqc_app_write_log fd err
xqc_app_write_log fd err
xqc_app_write_log fd err
xqc_app_write_log fd err
not ok 6 - publish-namespace-done
  ---
  duration_ms: 645
  message: "wt: failed to create MoQ session"
  ...
make: *** [Makefile:121: test-external] Error 1
make: Leaving directory '/home/runner/work/moq-interop-runner/moq-interop-runner'
