make: Entering directory '/home/runner/work/moq-interop-runner/moq-interop-runner'
Running tests against https://us-west-2.relay.quicr.org:33437/relay...
  Client: ghcr.io/englishm/moq-interop-runner-xquic-moq-client:latest
  Extra docker args: --env-file /home/runner/work/moq-interop-runner/moq-interop-runner/results/2026-07-08_155736-pinned/.env.xquic_to_libquicr_draft-14.remote.client
docker run --rm \
	--env-file /home/runner/work/moq-interop-runner/moq-interop-runner/results/2026-07-08_155736-pinned/.env.xquic_to_libquicr_draft-14.remote.client \
	--network host \
	-e RELAY_URL=https://us-west-2.relay.quicr.org:33437/relay \
	-e TLS_DISABLE_VERIFY=true \
	ghcr.io/englishm/moq-interop-runner-xquic-moq-client:latest
TAP version 14
# xquic-moq-interop-client v0.1.0
# Relay: https://35.95.73.240:33437/relay (sni=us-west-2.relay.quicr.org, WebTransport)
1..6
xqc_app_write_log fd err
xqc_app_write_log fd err
xqc_app_write_log fd err
xqc_app_write_log fd err
xqc_app_write_log fd err
xqc_app_write_log fd err
xqc_app_write_log fd err
xqc_app_write_log fd err
xqc_app_write_log fd err
not ok 1 - setup-only
  ---
  duration_ms: 701
  message: "wt: failed to create MoQ session"
  ...
xqc_app_write_log fd err
xqc_app_write_log fd err
xqc_app_write_log fd err
xqc_app_write_log fd err
xqc_app_write_log fd err
xqc_app_write_log fd err
xqc_app_write_log fd err
xqc_app_write_log fd err
xqc_app_write_log fd err
not ok 2 - announce-only
  ---
  duration_ms: 700
  message: "wt: failed to create MoQ session"
  ...
xqc_app_write_log fd err
xqc_app_write_log fd err
xqc_app_write_log fd err
xqc_app_write_log fd err
xqc_app_write_log fd err
xqc_app_write_log fd err
xqc_app_write_log fd err
xqc_app_write_log fd err
xqc_app_write_log fd err
not ok 3 - subscribe-error
  ---
  duration_ms: 674
  message: "wt: failed to create MoQ session"
  ...
xqc_app_write_log fd err
xqc_app_write_log fd err
xqc_app_write_log fd err
xqc_app_write_log fd err
xqc_app_write_log fd err
xqc_app_write_log fd err
xqc_app_write_log fd err
xqc_app_write_log fd err
xqc_app_write_log fd err
xqc_app_write_log fd err
xqc_app_write_log fd err
xqc_app_write_log fd err
xqc_app_write_log fd err
xqc_app_write_log fd err
xqc_app_write_log fd err
xqc_app_write_log fd err
xqc_app_write_log fd err
xqc_app_write_log fd err
not ok 4 - announce-subscribe
  ---
  duration_ms: 693
  message: "wt: failed to create MoQ session"
  ...
xqc_app_write_log fd err
xqc_app_write_log fd err
xqc_app_write_log fd err
xqc_app_write_log fd err
xqc_app_write_log fd err
xqc_app_write_log fd err
xqc_app_write_log fd err
xqc_app_write_log fd err
xqc_app_write_log fd err
xqc_app_write_log fd err
xqc_app_write_log fd err
xqc_app_write_log fd err
xqc_app_write_log fd err
xqc_app_write_log fd err
xqc_app_write_log fd err
xqc_app_write_log fd err
xqc_app_write_log fd err
xqc_app_write_log fd err
not ok 5 - subscribe-before-announce
  ---
  duration_ms: 696
  message: "wt: failed to create MoQ session"
  ...
xqc_app_write_log fd err
xqc_app_write_log fd err
xqc_app_write_log fd err
xqc_app_write_log fd err
xqc_app_write_log fd err
xqc_app_write_log fd err
xqc_app_write_log fd err
xqc_app_write_log fd err
xqc_app_write_log fd err
not ok 6 - publish-namespace-done
  ---
  duration_ms: 692
  message: "wt: failed to create MoQ session"
  ...
make: *** [Makefile:121: test-external] Error 1
make: Leaving directory '/home/runner/work/moq-interop-runner/moq-interop-runner'
