make[1]: Entering directory '/home/runner/work/moq-interop-runner/moq-interop-runner/main'
Running tests against https://relay.moqtail.dev...
  Client: moq-test-client:latest
docker run --rm \
	--network host \
	-e RELAY_URL=https://relay.moqtail.dev \
	-e TLS_DISABLE_VERIFY=false \
	moq-test-client:latest
TAP version 14
# moq-test-client v0.1.0
# Relay: https://relay.moqtail.dev/
1..6
ok 1 - setup-only
  ---
  duration_ms: 612
  connection_id: 954d64db3fd98f3720ba1291695c48be
  ...
ok 2 - announce-only
  ---
  duration_ms: 2647
  connection_id: 4dea06e98ea858d0380148d6f5d0dca8
  ...
ok 3 - subscribe-error
  ---
  duration_ms: 774
  connection_id: 4b15dff057d3f0064eb0cb36d57e08d1
  ...
ok 4 - announce-subscribe
  ---
  duration_ms: 4195
  publisher_connection_id: 39d81253072dccab7552e00b45116080
  subscriber_connection_id: e94ebd17377eb6198033149c6240edf1
  ...
ok 5 - subscribe-before-announce
  ---
  duration_ms: 4635
  subscriber_connection_id: c7d7910cf1979fb84a1545b7604948f0
  publisher_connection_id: 7daefefdad965d0c98708c561535691a
  ...
ok 6 - publish-namespace-done
  ---
  duration_ms: 2728
  connection_id: 98d945b2414f68a69fdf5e0b5df8c3e0
  ...
make[1]: Leaving directory '/home/runner/work/moq-interop-runner/moq-interop-runner/main'
