make[1]: Entering directory '/home/runner/work/moq-interop-runner/moq-interop-runner/main'
Running tests against moqt://draft-14.cloudflare.mediaoverquic.com:443...
  Client: moq-test-client:latest
docker run --rm \
	--network host \
	-e RELAY_URL=moqt://draft-14.cloudflare.mediaoverquic.com:443 \
	-e TLS_DISABLE_VERIFY=false \
	moq-test-client:latest
TAP version 14
# moq-test-client v0.1.0
# Relay: moqt://draft-14.cloudflare.mediaoverquic.com:443
1..6
ok 1 - setup-only
  ---
  duration_ms: 131
  connection_id: d7df4f7627fedf3158ee8e45ddca00b8
  ...
ok 2 - announce-only
  ---
  duration_ms: 2054
  connection_id: 870984b7503e49a500adc5f55af531b3
  ...
ok 3 - subscribe-error
  ---
  duration_ms: 306
  connection_id: 445f7d55f7ea64a208fbf41fa703ef52
  ...
ok 4 - announce-subscribe
  ---
  duration_ms: 539
  publisher_connection_id: 46f6e76a74db1d3c3f10a7b28b7a1dbc
  subscriber_connection_id: 0a2d6f076d8d68263f52d6b27255bd0a
  ...
ok 5 - subscribe-before-announce
  ---
  duration_ms: 3591
  subscriber_connection_id: bb0cad8e219c557b8741a06a3525c8ab
  publisher_connection_id: 6a82997747f8ebe126897ad2b78eee98
  ...
ok 6 - publish-namespace-done
  ---
  duration_ms: 2161
  connection_id: ed03dee5188a82bcaaacdb103840f22f
  ...
make[1]: Leaving directory '/home/runner/work/moq-interop-runner/moq-interop-runner/main'
