make[1]: Entering directory '/home/runner/work/moq-interop-runner/moq-interop-runner/main'
Running tests against https://draft-14.cloudflare.mediaoverquic.com:443/moq...
  Client: moq-test-client:latest
docker run --rm \
	--network host \
	-e RELAY_URL=https://draft-14.cloudflare.mediaoverquic.com:443/moq \
	-e TLS_DISABLE_VERIFY=false \
	moq-test-client:latest
TAP version 14
# moq-test-client v0.1.0
# Relay: https://draft-14.cloudflare.mediaoverquic.com/moq
1..6
ok 1 - setup-only
  ---
  duration_ms: 88
  connection_id: 92e6f044b445bc02b175fe67b22d874d
  ...
ok 2 - announce-only
  ---
  duration_ms: 2089
  connection_id: 5931dbff1e7faaa6e61051a6f718ea81
  ...
ok 3 - subscribe-error
  ---
  duration_ms: 170
  connection_id: fb1104a97d174565f4cc4d30ac7f7d4c
  ...
ok 4 - announce-subscribe
  ---
  duration_ms: 3162
  publisher_connection_id: da227ebe706aaf925158075f371d87c0
  subscriber_connection_id: bfb1b0043900fe6619b6bc409d69308e
  ...
ok 5 - subscribe-before-announce
  ---
  duration_ms: 4655
  subscriber_connection_id: b404f358b3a4d24e6bf612b3b90d9fe8
  publisher_connection_id: f565fbfbafd885d7b34304070c88aad7
  ...
ok 6 - publish-namespace-done
  ---
  duration_ms: 2188
  connection_id: d2e3b664b88cd309e149e6984b045634
  ...
make[1]: Leaving directory '/home/runner/work/moq-interop-runner/moq-interop-runner/main'
