make[1]: Entering directory '/home/runner/work/moq-interop-runner/moq-interop-runner/main'
Running tests against https://quichemoq.dev:443...
  Client: moq-test-client:latest
docker run --rm \
	--network host \
	-e RELAY_URL=https://quichemoq.dev:443 \
	-e TLS_DISABLE_VERIFY=false \
	moq-test-client:latest
TAP version 14
# moq-test-client v0.1.0
# Relay: https://quichemoq.dev/
1..6
ok 1 - setup-only
  ---
  duration_ms: 467
  connection_id: 71bb465e85c21a007f8675565716aebe
  ...
ok 2 - announce-only
  ---
  duration_ms: 2283
  connection_id: 330ebcecec90c4582310ca0d28d71c67
  ...
ok 3 - subscribe-error
  ---
  duration_ms: 238
  connection_id: ef6a8b0831aa97dbb2d92a07d79437c7
  ...
ok 4 - announce-subscribe
  ---
  duration_ms: 624
  publisher_connection_id: 0afb50908244a531420d3af684f54d74
  subscriber_connection_id: c33ff2b74033669957e038618616a941
  ...
ok 5 - subscribe-before-announce
  ---
  duration_ms: 3812
  subscriber_connection_id: d5c5f39feb5057e115d2012b0a7682d6
  publisher_connection_id: 90f8d9005adf296794678da6ffb12541
  ...
ok 6 - publish-namespace-done
  ---
  duration_ms: 2259
  connection_id: bc856ad1568556efd6508958e920a7d7
  ...
make[1]: Leaving directory '/home/runner/work/moq-interop-runner/moq-interop-runner/main'
