make[1]: Entering directory '/home/runner/work/moq-interop-runner/moq-interop-runner/main'
Running tests against https://us-west-2.relay.quicr.org:33437/relay...
  Client: moq-test-client:latest
docker run --rm \
	--network host \
	-e RELAY_URL=https://us-west-2.relay.quicr.org:33437/relay \
	-e TLS_DISABLE_VERIFY=1 \
	moq-test-client:latest
TAP version 14
# moq-test-client v0.1.0
# Relay: https://us-west-2.relay.quicr.org:33437/relay
1..6
ok 1 - setup-only
  ---
  duration_ms: 172
  connection_id: 0ce7c6ead071ee809e7d1d83adb8b839
  ...
ok 2 - announce-only
  ---
  duration_ms: 2205
  connection_id: 82a0fa771772cf8a9b1fa74f9906803c
  ...
not ok 3 - subscribe-error
  ---
  duration_ms: 10000
  message: "test timed out: deadline has elapsed"
  ...
ok 4 - announce-subscribe
  ---
  duration_ms: 3334
  publisher_connection_id: ca21c6061ca00da8f3b43bfe84539724
  subscriber_connection_id: a05e2b910945c778ec1e84602ada3315
  ...
ok 5 - subscribe-before-announce
  ---
  duration_ms: 4792
  subscriber_connection_id: 4686fbba41fb8a6638d679ca218e52b5
  publisher_connection_id: 76f36c420050e1cd154fdf18b440735a
  ...
ok 6 - publish-namespace-done
  ---
  duration_ms: 2310
  connection_id: 68e3c717f3bd54cc5bc6382a36b6aa74
  ...
make[1]: *** [Makefile:89: test-external] Error 1
make[1]: Leaving directory '/home/runner/work/moq-interop-runner/moq-interop-runner/main'
