make[1]: Entering directory '/home/runner/work/moq-interop-runner/moq-interop-runner/main'
Running tests against https://draft-16-manish.cloudflare.mediaoverquic.com:443/moq...
  Client: ghcr.io/englishm/moq-interop-runner-moq-test-client-draft-16:latest
docker run --rm \
	 \
	--network host \
	-e RELAY_URL=https://draft-16-manish.cloudflare.mediaoverquic.com:443/moq \
	-e TLS_DISABLE_VERIFY=false \
	ghcr.io/englishm/moq-interop-runner-moq-test-client-draft-16:latest
TAP version 14
# moq-test-client v0.1.0
# Relay: https://draft-16-manish.cloudflare.mediaoverquic.com/moq
1..6
ok 1 - setup-only
  ---
  duration_ms: 142
  connection_id: 3fe1c0010b61a3525cd7641895b09369
  ...
ok 2 - announce-only
  ---
  duration_ms: 2146
  connection_id: 33d01437f757f98327b21ec7c6a987cf
  ...
ok 3 - subscribe-error
  ---
  duration_ms: 261
  connection_id: 6069ed1d192a440c319a27b3f3a2ddff
  ...
ok 4 - announce-subscribe
  ---
  duration_ms: 3328
  publisher_connection_id: 96e341a0bdd0e336afa96ccf9c12ad49
  subscriber_connection_id: 193cfe9af816e4e29fcdab4a66dc7e7f
  ...
ok 5 - subscribe-before-announce
  ---
  duration_ms: 3792
  subscriber_connection_id: c3d0ae07f27b559e9d145045a1b9f018
  publisher_connection_id: d73625c88c8fa781c1e4d52cdb311162
  ...
ok 6 - publish-namespace-done
  ---
  duration_ms: 2244
  connection_id: 9f9af325bdbe479f01a45186d9ec9e27
  ...
make[1]: Leaving directory '/home/runner/work/moq-interop-runner/moq-interop-runner/main'
