make[1]: Entering directory '/home/runner/work/moq-interop-runner/moq-interop-runner/main'
Running tests against moqt://fb.mvfst.net:9448...
  Client: ghcr.io/englishm/moq-interop-runner-moq-test-client-draft-16:latest
docker run --rm \
	 \
	--network host \
	-e RELAY_URL=moqt://fb.mvfst.net:9448 \
	-e TLS_DISABLE_VERIFY=1 \
	ghcr.io/englishm/moq-interop-runner-moq-test-client-draft-16:latest
TAP version 14
# moq-test-client v0.1.0
# Relay: moqt://fb.mvfst.net:9448
1..6
ok 1 - setup-only
  ---
  duration_ms: 156
  connection_id: 8ba4514bc6d9c886b53bf9ba71afdb3f
  ...
ok 2 - announce-only
  ---
  duration_ms: 2139
  connection_id: 3749d656ac45f9f2538a39bddeadf948
  ...
ok 3 - subscribe-error
  ---
  duration_ms: 172
  connection_id: 6c431f696b6db58b1e93037355d61ac2
  ...
not ok 4 - announce-subscribe
  ---
  duration_ms: 284
  message: "publisher session error: webtransport error: session error: connection error: closed by peer: 3: session error: connection error: closed by peer: 3: connection error: closed by peer: 3"
  ...
ok 5 - subscribe-before-announce
  ---
  duration_ms: 3630
  subscriber_connection_id: ae818b41f5e63b8dc5417cde89d55863
  publisher_connection_id: 084a24480d6d4e856c4bc4ae8b60da29
  ...
ok 6 - publish-namespace-done
  ---
  duration_ms: 2153
  connection_id: 653b03d72978e503ebd3982d2c5f56c6
  ...
make[1]: *** [Makefile:121: test-external] Error 1
make[1]: Leaving directory '/home/runner/work/moq-interop-runner/moq-interop-runner/main'
