make[1]: Entering directory '/home/runner/work/moq-interop-runner/moq-interop-runner/main'
Running tests against https://moqx-main.ci.openmoq.org:4433/moq-relay...
  Client: ghcr.io/englishm/moq-interop-runner-moq-test-client-draft-16:latest
docker run --rm \
	 \
	--network host \
	-e RELAY_URL=https://moqx-main.ci.openmoq.org:4433/moq-relay \
	-e TLS_DISABLE_VERIFY=false \
	ghcr.io/englishm/moq-interop-runner-moq-test-client-draft-16:latest
TAP version 14
# moq-test-client v0.1.0
# Relay: https://moqx-main.ci.openmoq.org:4433/moq-relay
1..6
ok 1 - setup-only
  ---
  duration_ms: 295
  connection_id: de3937168316ec9936203c44cdfb53ac
  ...
ok 2 - announce-only
  ---
  duration_ms: 2132
  connection_id: 16a87c5edbe4b1469bb34af43d2c4747
  ...
ok 3 - subscribe-error
  ---
  duration_ms: 112
  connection_id: 32db802b2d44d1e15f98758bf9a800e7
  ...
ok 4 - announce-subscribe
  ---
  duration_ms: 3311
  publisher_connection_id: bcaa1e6d73685415094f5b04374bcef8
  subscriber_connection_id: 9882f31d4064b006ae58f5f05f169343
  ...
ok 5 - subscribe-before-announce
  ---
  duration_ms: 4726
  subscriber_connection_id: c72baee403d3d5b0920ca6cb021ca8d9
  publisher_connection_id: 83fb4257f601d06c70f07d630cfdd74d
  ...
ok 6 - publish-namespace-done
  ---
  duration_ms: 2264
  connection_id: f96a1655183378755653588443c6167d
  ...
make[1]: Leaving directory '/home/runner/work/moq-interop-runner/moq-interop-runner/main'
