make[1]: Entering directory '/home/runner/work/moq-interop-runner/moq-interop-runner/main'
Running tests against https://fb.mvfst.net:9448/moq-relay...
  Client: ghcr.io/englishm/moq-interop-runner-moq-test-client:latest
docker run --rm \
	 \
	--network host \
	-e RELAY_URL=https://fb.mvfst.net:9448/moq-relay \
	-e TLS_DISABLE_VERIFY=1 \
	ghcr.io/englishm/moq-interop-runner-moq-test-client:latest
TAP version 14
# moq-test-client v0.1.0
# Relay: https://fb.mvfst.net:9448/moq-relay
1..6
ok 1 - setup-only
  ---
  duration_ms: 134
  connection_id: 97af20454750e22d9da6de6f58bbdb7d
  ...
ok 2 - announce-only
  ---
  duration_ms: 2096
  connection_id: 5078d2ce3d1fb15d70a275a1dfeed01a
  ...
ok 3 - subscribe-error
  ---
  duration_ms: 95
  connection_id: 9f49973e5d2bd38f87f8926f5a782c3e
  ...
ok 4 - announce-subscribe
  ---
  duration_ms: 319
  publisher_connection_id: 029fe6d2650385e463702142832d458d
  subscriber_connection_id: 2151319e8ef1aa85e29791e77b879813
  ...
ok 5 - subscribe-before-announce
  ---
  duration_ms: 3641
  subscriber_connection_id: 9554203cb734d450f6b06fa9b699a934
  publisher_connection_id: b721c511d342f420cf423372e0dfcff4
  ...
ok 6 - publish-namespace-done
  ---
  duration_ms: 2168
  connection_id: 497e120f9d1b00c8dc3701698f18a5ea
  ...
make[1]: Leaving directory '/home/runner/work/moq-interop-runner/moq-interop-runner/main'
