make[1]: Entering directory '/home/runner/work/moq-interop-runner/moq-interop-runner/main'
Running tests against https://moqx-main.ci.openmoq.org:4433/moq-relay...
  Client: ghcr.io/englishm/moq-interop-runner-moq-test-client:latest
docker run --rm \
	 \
	--network host \
	-e RELAY_URL=https://moqx-main.ci.openmoq.org:4433/moq-relay \
	-e TLS_DISABLE_VERIFY=false \
	ghcr.io/englishm/moq-interop-runner-moq-test-client:latest
TAP version 14
# moq-test-client v0.1.0
# Relay: https://moqx-main.ci.openmoq.org:4433/moq-relay
1..6
ok 1 - setup-only
  ---
  duration_ms: 84
  connection_id: bbd63a72f33c0cdf3b67547deda733d3
  ...
ok 2 - announce-only
  ---
  duration_ms: 2098
  connection_id: 8394f5c513847541bfe82b5670477fce
  ...
ok 3 - subscribe-error
  ---
  duration_ms: 94
  connection_id: db5c3925dda341daf17be3d1f314eee6
  ...
ok 4 - announce-subscribe
  ---
  duration_ms: 195
  publisher_connection_id: df464a51b5c5e40db51ddaa10b53e76d
  subscriber_connection_id: 18c86e27d2adf31a23e960e89ca149e5
  ...
ok 5 - subscribe-before-announce
  ---
  duration_ms: 3643
  subscriber_connection_id: 966189db67833a3e70e87aa684345e26
  publisher_connection_id: 7feddd213c4fe0efe35a841977a4b5a6
  ...
ok 6 - publish-namespace-done
  ---
  duration_ms: 2180
  connection_id: 90010a49eb74c8716376db8325682585
  ...
make[1]: Leaving directory '/home/runner/work/moq-interop-runner/moq-interop-runner/main'
