make[1]: Entering directory '/home/runner/work/moq-interop-runner/moq-interop-runner/main'
Running tests against https://draft-14.cloudflare.mediaoverquic.com:443/moq...
  Client: ghcr.io/eyevinn/mlmtest:latest
docker run --rm \
	 \
	--network host \
	-e RELAY_URL=https://draft-14.cloudflare.mediaoverquic.com:443/moq \
	-e TLS_DISABLE_VERIFY=false \
	ghcr.io/eyevinn/mlmtest:latest
TAP version 14
# moqlivemock 0.9.0, date: 2026-05-17
# Relay: https://draft-14.cloudflare.mediaoverquic.com:443/moq
# Draft: 16 (ALPN: moqt-16)
1..6
2026/06/01 01:16:48 failed to sufficiently increase receive buffer size (was: 1024 kiB, wanted: 7168 kiB, got: 2048 kiB). See https://github.com/quic-go/quic-go/wiki/UDP-Buffer-Sizes for details.
not ok 1 - setup-only
  ---
  error: QUIC dial: CRYPTO_ERROR 0x178 (remote): peer doesn't support any known protocol
  ...
not ok 2 - announce-only
  ---
  error: QUIC dial: CRYPTO_ERROR 0x178 (remote): peer doesn't support any known protocol
  ...
not ok 3 - publish-namespace-done
  ---
  error: QUIC dial: CRYPTO_ERROR 0x178 (remote): peer doesn't support any known protocol
  ...
not ok 4 - subscribe-error
  ---
  error: QUIC dial: CRYPTO_ERROR 0x178 (remote): peer doesn't support any known protocol
  ...
not ok 5 - announce-subscribe
  ---
  error: publisher: QUIC dial: CRYPTO_ERROR 0x178 (remote): peer doesn't support any known protocol
  ...
not ok 6 - subscribe-before-announce
  ---
  error: subscriber dial: QUIC dial: CRYPTO_ERROR 0x178 (remote): peer doesn't support any known protocol
  ...
make[1]: *** [Makefile:121: test-external] Error 1
make[1]: Leaving directory '/home/runner/work/moq-interop-runner/moq-interop-runner/main'
