make[1]: Entering directory '/home/runner/work/moq-interop-runner/moq-interop-runner/main'
Running tests against moqt://us-west-2.relay.quicr.org:33437...
  Client: ghcr.io/openmoq/moqx-interop-client:latest
docker run --rm \
	 \
	--network host \
	-e RELAY_URL=moqt://us-west-2.relay.quicr.org:33437 \
	-e TLS_DISABLE_VERIFY=1 \
	ghcr.io/openmoq/moqx-interop-client:latest
TAP version 14
# moxygen interop test client
# Relay: moqt://us-west-2.relay.quicr.org:33437
# Transport: QUIC
1..6
ok 1 - setup-only
  ---
  duration_ms: 369
  info: SETUP exchange completed successfully
  ...
W0601 01:14:26.302681     1 MoQSession.cpp:4915] Issuing request that will fail; nextRequestID_=0 peerMaxRequestID_=0 sess=0x564da1ea3b70
E0601 01:14:26.387988     1 MoQRelaySession.cpp:864] PublishNamespaceDone for unknown publishNamespace, sess=0x564da1ea3b70
ok 2 - announce-only
  ---
  duration_ms: 261
  info: PUBLISH_NAMESPACE completed successfully
  ...
W0601 01:14:26.564623     1 MoQSession.cpp:4915] Issuing request that will fail; nextRequestID_=0 peerMaxRequestID_=0 sess=0x564da1eb2f40
not ok 3 - subscribe-error
  ---
  duration_ms: 261
  error: Subscribe succeeded (relay accepted non-existent track)
  ...
W0601 01:14:27.340695     1 MoQSession.cpp:4915] Issuing request that will fail; nextRequestID_=0 peerMaxRequestID_=0 sess=0x564da1e2d7a0
W0601 01:14:27.605877     1 MoQSession.cpp:4915] Issuing request that will fail; nextRequestID_=0 peerMaxRequestID_=0 sess=0x564da1e9ad00
ok 4 - announce-subscribe
  ---
  duration_ms: 1041
  info: Publisher announced, subscriber subscribed successfully
  ...
E0601 01:14:27.692184     1 MoQSession.cpp:5099] publishDone for invalid id=1 sess=0x564da1e2d7a0
W0601 01:14:27.869613     1 MoQSession.cpp:4915] Issuing request that will fail; nextRequestID_=0 peerMaxRequestID_=0 sess=0x564da1e96230
ok 5 - publish-namespace-done
  ---
  duration_ms: 263
  info: PUBLISH_NAMESPACE_OK received, PUBLISH_NAMESPACE_DONE sent
  ...
W0601 01:14:28.133557     1 MoQSession.cpp:4915] Issuing request that will fail; nextRequestID_=0 peerMaxRequestID_=0 sess=0x564da1ec32b0
W0601 01:14:28.916032     1 MoQSession.cpp:4915] Issuing request that will fail; nextRequestID_=0 peerMaxRequestID_=0 sess=0x564da1e80d20
ok 6 - subscribe-before-announce
  ---
  duration_ms: 1046
  info: Subscribe succeeded after publisher announced (relay buffers pending subscriptions)
  ...
make[1]: *** [Makefile:121: test-external] Error 1
make[1]: Leaving directory '/home/runner/work/moq-interop-runner/moq-interop-runner/main'
