make[1]: Entering directory '/home/runner/work/moq-interop-runner/moq-interop-runner/main'
Running tests against moqt://us-west-2.relay.quicr.org:33437...
  Client: ghcr.io/facebookexperimental/moxygen-interop-client:latest-amd64
docker run --rm \
	 \
	--network host \
	-e RELAY_URL=moqt://us-west-2.relay.quicr.org:33437 \
	-e TLS_DISABLE_VERIFY=1 \
	ghcr.io/facebookexperimental/moxygen-interop-client:latest-amd64
TAP version 14
# moxygen interop test client
# Relay: moqt://us-west-2.relay.quicr.org:33437
# Transport: QUIC
1..6
ok 1 - setup-only
  ---
  duration_ms: 181
  info: SETUP exchange completed successfully
  ...
W0601 01:13:32.710821     1 MoQSession.cpp:4913] Issuing request that will fail; nextRequestID_=0 peerMaxRequestID_=0 sess=0x557593ccc560
ok 2 - announce-only
  ---
  duration_ms: 438
  info: PUBLISH_NAMESPACE completed successfully
  ...
E0601 01:13:32.797098     1 MoQRelaySession.cpp:864] PublishNamespaceDone for unknown publishNamespace, sess=0x557593ccc560
W0601 01:13:32.985282     1 MoQSession.cpp:4913] Issuing request that will fail; nextRequestID_=0 peerMaxRequestID_=0 sess=0x557593cdb470
not ok 3 - subscribe-error
  ---
  duration_ms: 273
  error: Subscribe succeeded (relay accepted non-existent track)
  ...
W0601 01:13:33.253621     1 MoQSession.cpp:4913] Issuing request that will fail; nextRequestID_=0 peerMaxRequestID_=0 sess=0x557593cda7c0
W0601 01:13:33.517735     1 MoQSession.cpp:4913] Issuing request that will fail; nextRequestID_=0 peerMaxRequestID_=0 sess=0x557593cdc8b0
E0601 01:13:33.603526     1 MoQSession.cpp:5097] publishDone for invalid id=1 sess=0x557593cda7c0
ok 4 - announce-subscribe
  ---
  duration_ms: 533
  info: Publisher announced, subscriber subscribed successfully
  ...
W0601 01:13:33.863530     1 MoQSession.cpp:4913] Issuing request that will fail; nextRequestID_=0 peerMaxRequestID_=0 sess=0x557593cc6500
ok 5 - publish-namespace-done
  ---
  duration_ms: 345
  info: PUBLISH_NAMESPACE_OK received, PUBLISH_NAMESPACE_DONE sent
  ...
W0601 01:13:34.382944     1 MoQSession.cpp:4913] Issuing request that will fail; nextRequestID_=0 peerMaxRequestID_=0 sess=0x557593ca2a10
W0601 01:13:35.334308     1 MoQSession.cpp:4913] Issuing request that will fail; nextRequestID_=0 peerMaxRequestID_=0 sess=0x557593ce2440
ok 6 - subscribe-before-announce
  ---
  duration_ms: 1470
  info: Subscribe succeeded after publisher announced (relay buffers pending subscriptions)
  ...
make[1]: *** [Makefile:121: test-external] Error 1
make[1]: Leaving directory '/home/runner/work/moq-interop-runner/moq-interop-runner/main'
