make[1]: Entering directory '/home/runner/work/moq-interop-runner/moq-interop-runner/main'
Running tests against https://draft-16-manish.cloudflare.mediaoverquic.com:443/moq...
  Client: ghcr.io/facebookexperimental/moxygen-interop-client:latest-amd64
docker run --rm \
	 \
	--network host \
	-e RELAY_URL=https://draft-16-manish.cloudflare.mediaoverquic.com:443/moq \
	-e TLS_DISABLE_VERIFY=false \
	ghcr.io/facebookexperimental/moxygen-interop-client:latest-amd64
TAP version 14
# moxygen interop test client
# Relay: https://draft-16-manish.cloudflare.mediaoverquic.com:443/moq
# Transport: WebTransport
1..6
W0601 00:54:04.375114     1 MoQWebTransportClient.cpp:173] WebTransport: No WT-Protocol header in response, will use legacy version negotiation
E0601 00:54:04.408597     1 MoQFramer.cpp:695] Server selected version draft-1 but we only offer draft-14 in legacy mode
E0601 00:54:04.408615     1 MoQCodec.cpp:126] Conn error=21
E0601 00:54:04.408618     1 MoQSession.cpp:4733] MoQCodec control stream parse error err=21
not ok 1 - setup-only
  ---
  duration_ms: 216
  error: coroutine operation cancelled
  ...
W0601 00:54:04.474272     1 MoQWebTransportClient.cpp:173] WebTransport: No WT-Protocol header in response, will use legacy version negotiation
E0601 00:54:04.503571     1 MoQFramer.cpp:695] Server selected version draft-1 but we only offer draft-14 in legacy mode
E0601 00:54:04.503587     1 MoQCodec.cpp:126] Conn error=21
E0601 00:54:04.503591     1 MoQSession.cpp:4733] MoQCodec control stream parse error err=21
not ok 2 - announce-only
  ---
  duration_ms: 94
  error: coroutine operation cancelled
  ...
W0601 00:54:04.582387     1 MoQWebTransportClient.cpp:173] WebTransport: No WT-Protocol header in response, will use legacy version negotiation
E0601 00:54:04.615026     1 MoQFramer.cpp:695] Server selected version draft-1 but we only offer draft-14 in legacy mode
E0601 00:54:04.615043     1 MoQCodec.cpp:126] Conn error=21
E0601 00:54:04.615047     1 MoQSession.cpp:4733] MoQCodec control stream parse error err=21
not ok 3 - subscribe-error
  ---
  duration_ms: 111
  error: coroutine operation cancelled
  ...
W0601 00:54:04.685264     1 MoQWebTransportClient.cpp:173] WebTransport: No WT-Protocol header in response, will use legacy version negotiation
E0601 00:54:04.715592     1 MoQFramer.cpp:695] Server selected version draft-1 but we only offer draft-14 in legacy mode
E0601 00:54:04.715609     1 MoQCodec.cpp:126] Conn error=21
E0601 00:54:04.715613     1 MoQSession.cpp:4733] MoQCodec control stream parse error err=21
not ok 4 - announce-subscribe
  ---
  duration_ms: 100
  error: coroutine operation cancelled
  ...
W0601 00:54:04.782822     1 MoQWebTransportClient.cpp:173] WebTransport: No WT-Protocol header in response, will use legacy version negotiation
E0601 00:54:04.810997     1 MoQFramer.cpp:695] Server selected version draft-1 but we only offer draft-14 in legacy mode
E0601 00:54:04.811013     1 MoQCodec.cpp:126] Conn error=21
E0601 00:54:04.811017     1 MoQSession.cpp:4733] MoQCodec control stream parse error err=21
not ok 5 - publish-namespace-done
  ---
  duration_ms: 95
  error: coroutine operation cancelled
  ...
W0601 00:54:04.887781     1 MoQWebTransportClient.cpp:173] WebTransport: No WT-Protocol header in response, will use legacy version negotiation
E0601 00:54:04.919291     1 MoQFramer.cpp:695] Server selected version draft-1 but we only offer draft-14 in legacy mode
E0601 00:54:04.919308     1 MoQCodec.cpp:126] Conn error=21
E0601 00:54:04.919312     1 MoQSession.cpp:4733] MoQCodec control stream parse error err=21
not ok 6 - subscribe-before-announce
  ---
  duration_ms: 108
  error: coroutine operation cancelled
  ...
make[1]: *** [Makefile:121: test-external] Error 1
make[1]: Leaving directory '/home/runner/work/moq-interop-runner/moq-interop-runner/main'
