make[1]: Entering directory '/home/runner/work/moq-interop-runner/moq-interop-runner/main'
Running tests against moqt://lminiero.it:9000...
  Client: ghcr.io/englishm/moq-interop-runner-moq-test-client-draft-16:latest
docker run --rm \
	--network host \
	-e RELAY_URL=moqt://lminiero.it:9000 \
	-e TLS_DISABLE_VERIFY=false \
	ghcr.io/englishm/moq-interop-runner-moq-test-client-draft-16:latest
TAP version 14
# moq-test-client v0.1.0
# Relay: moqt://lminiero.it:9000
1..6
ok 1 - setup-only
  ---
  duration_ms: 524
  connection_id: 34400431a01e7477aa963a11c0d8214d
  ...
[2026-03-15T01:49:55Z ERROR moq_transport::session::reader] [READER] decode: ERROR decoding moq_transport::message::Message - InvalidMessage(0) (buffer_len=29)
not ok 2 - announce-only
  ---
  duration_ms: 426
  message: "session error: decode error: invalid message: 0: invalid message: 0"
  ...
not ok 3 - subscribe-error
  ---
  duration_ms: 10001
  message: "test timed out: deadline has elapsed"
  ...
ok 4 - announce-subscribe
  ---
  duration_ms: 4160
  publisher_connection_id: f3a9452640b65e98251d216b07e23dd8
  subscriber_connection_id: dadc2f2b377991976bd8c115003c2111
  ...
ok 5 - subscribe-before-announce
  ---
  duration_ms: 5457
  subscriber_connection_id: 7a612fd1d22aae7d5c3bcb5c5f18e17f
  publisher_connection_id: fd9911d3586f7a615b7199d0ca37f0a0
  ...
ok 6 - publish-namespace-done
  ---
  duration_ms: 2622
  connection_id: 507917482aaa10f5ff31353b70b2bb50
  ...
make[1]: *** [Makefile:91: test-external] Error 1
make[1]: Leaving directory '/home/runner/work/moq-interop-runner/moq-interop-runner/main'
