make[1]: Entering directory '/home/runner/work/moq-interop-runner/moq-interop-runner/main'
Running tests against moqt://us-west-2.relay.quicr.org:33437...
  Client: ghcr.io/englishm/moq-interop-runner-moq-test-client:latest
docker run --rm \
	--network host \
	-e RELAY_URL=moqt://us-west-2.relay.quicr.org:33437 \
	-e TLS_DISABLE_VERIFY=1 \
	ghcr.io/englishm/moq-interop-runner-moq-test-client:latest
TAP version 14
# moq-test-client v0.1.0
# Relay: moqt://us-west-2.relay.quicr.org:33437
1..6
ok 1 - setup-only
  ---
  duration_ms: 364
  connection_id: 5b01dc89ed9fd8e50ecffdaf6f110138
  ...
ok 2 - announce-only
  ---
  duration_ms: 2260
  connection_id: 62c5f5fcf55ca327bd0d52648dc1ebd4
  ...
not ok 3 - subscribe-error
  ---
  duration_ms: 10001
  message: "test timed out: deadline has elapsed"
  ...
ok 4 - announce-subscribe
  ---
  duration_ms: 3845
  publisher_connection_id: fb6b1c4c11cfb582443c16d153e5452b
  subscriber_connection_id: 1a599898e359898a65ebc125f9f141b8
  ...
ok 5 - subscribe-before-announce
  ---
  duration_ms: 4911
  subscriber_connection_id: 6fee3062b27b8323ef2c1d80e6e5b607
  publisher_connection_id: 92264b44021f8eb1b69800cd08724abc
  ...
ok 6 - publish-namespace-done
  ---
  duration_ms: 2365
  connection_id: 83fbfbc87baafc9f83e0c084d5cdfbc7
  ...
make[1]: *** [Makefile:91: test-external] Error 1
make[1]: Leaving directory '/home/runner/work/moq-interop-runner/moq-interop-runner/main'
