make[1]: Entering directory '/home/runner/work/moq-interop-runner/moq-interop-runner/main'
Running tests against moqt://draft-14.cloudflare.mediaoverquic.com:443...
  Client: ghcr.io/englishm/moq-interop-runner-moq-test-client:latest
docker run --rm \
	--network host \
	-e RELAY_URL=moqt://draft-14.cloudflare.mediaoverquic.com:443 \
	-e TLS_DISABLE_VERIFY=false \
	ghcr.io/englishm/moq-interop-runner-moq-test-client:latest
TAP version 14
# moq-test-client v0.1.0
# Relay: moqt://draft-14.cloudflare.mediaoverquic.com:443
1..6
ok 1 - setup-only
  ---
  duration_ms: 75
  connection_id: 42e357456ec947d8c43c2c769e67d6c5
  ...
ok 2 - announce-only
  ---
  duration_ms: 2031
  connection_id: 77d023e86e825b11f8f833808c89a4b0
  ...
ok 3 - subscribe-error
  ---
  duration_ms: 185
  connection_id: f5703530205a2567815e5612423f3161
  ...
ok 4 - announce-subscribe
  ---
  duration_ms: 3052
  publisher_connection_id: ee0c33afc64888360a5ad26a9b094360
  subscriber_connection_id: dd5718e5650e46309743c99375cf00cf
  ...
ok 5 - subscribe-before-announce
  ---
  duration_ms: 3570
  subscriber_connection_id: 8a413719d8956aeb8978a1357f6c3cc1
  publisher_connection_id: 8bad3eb76d3bfa34793963625b41621d
  ...
ok 6 - publish-namespace-done
  ---
  duration_ms: 2139
  connection_id: 56ece7f198318adaa73efcf12fe14a8c
  ...
make[1]: Leaving directory '/home/runner/work/moq-interop-runner/moq-interop-runner/main'
