make[1]: Entering directory '/home/runner/work/moq-interop-runner/moq-interop-runner/main'
Running tests against https://us-west-2.relay.quicr.org:33437/relay...
  Client: ghcr.io/englishm/moq-interop-runner-moq-test-client:latest
docker run --rm \
	--network host \
	-e RELAY_URL=https://us-west-2.relay.quicr.org:33437/relay \
	-e TLS_DISABLE_VERIFY=1 \
	ghcr.io/englishm/moq-interop-runner-moq-test-client:latest
TAP version 14
# moq-test-client v0.1.0
# Relay: https://us-west-2.relay.quicr.org:33437/relay
1..6
ok 1 - setup-only
  ---
  duration_ms: 502
  connection_id: e74bd109049d47e6c398db15d856fc54
  ...
ok 2 - announce-only
  ---
  duration_ms: 2480
  connection_id: fb70c5172f99385b0ccfbe695844b9e8
  ...
not ok 3 - subscribe-error
  ---
  duration_ms: 10000
  message: "test timed out: deadline has elapsed"
  ...
ok 4 - announce-subscribe
  ---
  duration_ms: 3832
  publisher_connection_id: 9c87cc5eeb151c06e1852d743f0c0592
  subscriber_connection_id: 150951535d0f4e6849abbdf8882a10f6
  ...
ok 5 - subscribe-before-announce
  ---
  duration_ms: 5241
  subscriber_connection_id: 01497b158530cb52834f73927111c740
  publisher_connection_id: 2904ff056eb59ebe1877b5600130d633
  ...
ok 6 - publish-namespace-done
  ---
  duration_ms: 2406
  connection_id: f240919debe45cfd83fc8568fa528b59
  ...
make[1]: *** [Makefile:91: test-external] Error 1
make[1]: Leaving directory '/home/runner/work/moq-interop-runner/moq-interop-runner/main'
