make[1]: Entering directory '/home/runner/work/moq-interop-runner/moq-interop-runner/main'
Running tests against https://fb.mvfst.net:9448/moq-relay...
  Client: ghcr.io/englishm/moq-interop-runner-moq-test-client:latest
docker run --rm \
	--network host \
	-e RELAY_URL=https://fb.mvfst.net:9448/moq-relay \
	-e TLS_DISABLE_VERIFY=1 \
	ghcr.io/englishm/moq-interop-runner-moq-test-client:latest
TAP version 14
# moq-test-client v0.1.0
# Relay: https://fb.mvfst.net:9448/moq-relay
1..6
ok 1 - setup-only
  ---
  duration_ms: 117
  connection_id: fdab8cb9eca3ae05dc4b405ce9a231db
  ...
ok 2 - announce-only
  ---
  duration_ms: 2140
  connection_id: 18945c45f62afb5bec04bea114a1af60
  ...
ok 3 - subscribe-error
  ---
  duration_ms: 131
  connection_id: 20e65d15e9520c7c013268d0ed278643
  ...
ok 4 - announce-subscribe
  ---
  duration_ms: 3344
  publisher_connection_id: e00b3d3e2651090adfff2f27dccb095c
  subscriber_connection_id: abbed3cb101c49112416a75517f1b48d
  ...
ok 5 - subscribe-before-announce
  ---
  duration_ms: 3739
  subscriber_connection_id: cbfa20a3b2ccc32420a98dcb5199f5d1
  publisher_connection_id: a3be95a45a55cb6c64798da2a803cae4
  ...
ok 6 - publish-namespace-done
  ---
  duration_ms: 2193
  connection_id: d53f1148f5c550417986bfc4dd63ede9
  ...
make[1]: Leaving directory '/home/runner/work/moq-interop-runner/moq-interop-runner/main'
