make[1]: Entering directory '/home/runner/work/moq-interop-runner/moq-interop-runner/main'
Running tests against https://lminiero.it:9000...
  Client: ghcr.io/englishm/moq-interop-runner-moq-test-client-draft-16:latest
docker run --rm \
	--network host \
	-e RELAY_URL=https://lminiero.it:9000 \
	-e TLS_DISABLE_VERIFY=false \
	ghcr.io/englishm/moq-interop-runner-moq-test-client-draft-16:latest
TAP version 14
# moq-test-client v0.1.0
# Relay: https://lminiero.it:9000/
1..6
ok 1 - setup-only
  ---
  duration_ms: 850
  connection_id: 76a711c3edf9022351d1e0838116e917
  ...
ok 2 - announce-only
  ---
  duration_ms: 2838
  connection_id: 6071a6887a9c9b5fc859f37f60788795
  ...
not ok 3 - subscribe-error
  ---
  duration_ms: 10001
  message: "test timed out: deadline has elapsed"
  ...
[2026-03-15T01:49:51Z ERROR moq_transport::session::reader] [READER] decode: ERROR decoding moq_transport::message::Message - InvalidMessage(0) (buffer_len=29)
not ok 4 - announce-subscribe
  ---
  duration_ms: 1797
  message: "publisher session error: decode error: invalid message: 0: invalid message: 0"
  ...
[2026-03-15T01:49:53Z ERROR moq_transport::session::reader] [READER] decode: ERROR decoding moq_transport::message::Message - InvalidMessage(0) (buffer_len=29)
not ok 5 - subscribe-before-announce
  ---
  duration_ms: 2095
  message: "publisher session error: decode error: invalid message: 0: invalid message: 0"
  ...
not ok 6 - publish-namespace-done
  ---
  duration_ms: 637
  message: "session error: decode error: invalid message: 0: invalid message: 0"
  ...
[2026-03-15T01:49:54Z ERROR moq_transport::session::reader] [READER] decode: ERROR decoding moq_transport::message::Message - InvalidMessage(0) (buffer_len=29)
make[1]: *** [Makefile:91: test-external] Error 1
make[1]: Leaving directory '/home/runner/work/moq-interop-runner/moq-interop-runner/main'
