make[1]: Entering directory '/home/runner/work/moq-interop-runner/moq-interop-runner/main'
Running tests against https://draft-16-manish.cloudflare.mediaoverquic.com:443/moq...
  Client: ghcr.io/englishm/moq-interop-runner-moq-test-client-draft-16:latest
docker run --rm \
	--network host \
	-e RELAY_URL=https://draft-16-manish.cloudflare.mediaoverquic.com:443/moq \
	-e TLS_DISABLE_VERIFY=false \
	ghcr.io/englishm/moq-interop-runner-moq-test-client-draft-16:latest
TAP version 14
# moq-test-client v0.1.0
# Relay: https://draft-16-manish.cloudflare.mediaoverquic.com/moq
1..6
ok 1 - setup-only
  ---
  duration_ms: 182
  connection_id: fcbd24e1b6214eae6a1bbea1c08a1ee4
  ...
ok 2 - announce-only
  ---
  duration_ms: 2161
  connection_id: 22179b19540d53651b8f136de895038f
  ...
not ok 3 - subscribe-error
  ---
  duration_ms: 203
  message: "session error: decode error: field 'ReasonPhrase' too large: field 'ReasonPhrase' too large"
  ...
[2026-03-15T01:48:01Z ERROR moq_transport::session::reader] [READER] decode: ERROR decoding moq_transport::message::Message - FieldBoundsExceeded("ReasonPhrase") (buffer_len=57)
ok 4 - announce-subscribe
  ---
  duration_ms: 3470
  publisher_connection_id: 134da70009bbe9a403cb391dfe3935c9
  subscriber_connection_id: 5e01e9a30fd229194d2c6d99932fbaaa
  ...
[2026-03-15T01:48:05Z ERROR moq_transport::session::reader] [READER] decode: ERROR decoding moq_transport::message::Message - FieldBoundsExceeded("ReasonPhrase") (buffer_len=57)
ok 5 - subscribe-before-announce
  ---
  duration_ms: 3832
  subscriber_connection_id: f939ce2050137258d81d24cce884a5bf
  publisher_connection_id: 59003504eb1e517abbb36e0a7f9bef40
  ...
ok 6 - publish-namespace-done
  ---
  duration_ms: 2270
  connection_id: 390876c2ee74c34226d5c2e7b052ce40
  ...
make[1]: *** [Makefile:91: test-external] Error 1
make[1]: Leaving directory '/home/runner/work/moq-interop-runner/moq-interop-runner/main'
