make[1]: Entering directory '/home/runner/work/moq-interop-runner/moq-interop-runner/main'
Running tests against moqt://lminiero.it:9000...
  Client: ghcr.io/englishm/moq-interop-runner-moq-test-client-draft-16:latest
docker run --rm \
	--network host \
	-e RELAY_URL=moqt://lminiero.it:9000 \
	-e TLS_DISABLE_VERIFY=false \
	ghcr.io/englishm/moq-interop-runner-moq-test-client-draft-16:latest
TAP version 14
# moq-test-client v0.1.0
# Relay: moqt://lminiero.it:9000
1..6
ok 1 - setup-only
  ---
  duration_ms: 639
  connection_id: bd7947301371e84a0c6fd0a216261d04
  ...
[2026-03-14T21:54:17Z ERROR moq_transport::session::reader] [READER] decode: ERROR decoding moq_transport::message::Message - InvalidMessage(0) (buffer_len=29)
not ok 2 - announce-only
  ---
  duration_ms: 1133
  message: "session error: decode error: invalid message: 0: invalid message: 0"
  ...
not ok 3 - subscribe-error
  ---
  duration_ms: 10002
  message: "test timed out: deadline has elapsed"
  ...
ok 4 - announce-subscribe
  ---
  duration_ms: 3883
  publisher_connection_id: 5b450e9c9782af718ee6cff1a791b49f
  subscriber_connection_id: 3184ba839adba35953169d52f8bd836d
  ...
ok 5 - subscribe-before-announce
  ---
  duration_ms: 5373
  subscriber_connection_id: 47e2feba3ee63d1e5d8f0b35abf57edb
  publisher_connection_id: fa954992b7fd8fb3315a5a4fd8bf3715
  ...
ok 6 - publish-namespace-done
  ---
  duration_ms: 2534
  connection_id: 6eb63fe925fb8531cd033be1c5db8a39
  ...
make[1]: *** [Makefile:91: test-external] Error 1
make[1]: Leaving directory '/home/runner/work/moq-interop-runner/moq-interop-runner/main'
