make[1]: Entering directory '/home/runner/work/moq-interop-runner/moq-interop-runner/main'
Running tests against moqt://us-west-2.relay.quicr.org:33437...
  Client: ghcr.io/englishm/moq-interop-runner-moq-test-client:latest
docker run --rm \
	--network host \
	-e RELAY_URL=moqt://us-west-2.relay.quicr.org:33437 \
	-e TLS_DISABLE_VERIFY=1 \
	ghcr.io/englishm/moq-interop-runner-moq-test-client:latest
TAP version 14
# moq-test-client v0.1.0
# Relay: moqt://us-west-2.relay.quicr.org:33437
1..6
ok 1 - setup-only
  ---
  duration_ms: 213
  connection_id: 0dab7097a3db19b4069d955fd259efaa
  ...
ok 2 - announce-only
  ---
  duration_ms: 2185
  connection_id: 9549bf233d520955e33968a76cda576b
  ...
not ok 3 - subscribe-error
  ---
  duration_ms: 10000
  message: "test timed out: deadline has elapsed"
  ...
ok 4 - announce-subscribe
  ---
  duration_ms: 3467
  publisher_connection_id: 11e72ffe73ecdc74c86a89433cc86d0c
  subscriber_connection_id: 36747bb9335eb1e412d966f3f9374523
  ...
ok 5 - subscribe-before-announce
  ---
  duration_ms: 5058
  subscriber_connection_id: acd5d010c62f454b99c660c0f5a2e360
  publisher_connection_id: c1c085a5074a83e730ab1321045721a7
  ...
ok 6 - publish-namespace-done
  ---
  duration_ms: 2467
  connection_id: a915040efa33edfce142c166de72fb92
  ...
make[1]: *** [Makefile:91: test-external] Error 1
make[1]: Leaving directory '/home/runner/work/moq-interop-runner/moq-interop-runner/main'
