make[1]: Entering directory '/home/runner/work/moq-interop-runner/moq-interop-runner/main'
Running tests against https://lminiero.it:9000...
  Client: moq-test-client:latest
docker run --rm \
	--network host \
	-e RELAY_URL=https://lminiero.it:9000 \
	-e TLS_DISABLE_VERIFY=1 \
	moq-test-client:latest
TAP version 14
# moq-test-client v0.1.0
# Relay: https://lminiero.it:9000/
1..6
ok 1 - setup-only
  ---
  duration_ms: 696
  connection_id: 33978ea1d1b35faf3dfd43a1c20da4e8
  ...
ok 2 - announce-only
  ---
  duration_ms: 2694
  connection_id: a7b038c743cc86e96f9ecf11105ed4ce
  ...
ok 3 - subscribe-error
  ---
  duration_ms: 790
  connection_id: 223716e4b2ab777f042fcdbf42fef065
  ...
ok 4 - announce-subscribe
  ---
  duration_ms: 1472
  publisher_connection_id: c6efd220252ff5dec3bdb19bc745aa05
  subscriber_connection_id: e9186cc98fd8ed5227d21f731eb14c9f
  ...
ok 5 - subscribe-before-announce
  ---
  duration_ms: 4783
  subscriber_connection_id: 9ebdb6c9a2f5b11f4b88b80f4cbdff88
  publisher_connection_id: 75000d99342ee8c405f8ae9ca1b5db59
  ...
ok 6 - publish-namespace-done
  ---
  duration_ms: 2808
  connection_id: 323f9dd33dd747aa736d6d72bb39682d
  ...
make[1]: Leaving directory '/home/runner/work/moq-interop-runner/moq-interop-runner/main'
