make[1]: Entering directory '/home/runner/work/moq-interop-runner/moq-interop-runner/main'
Running tests against https://quichemoq.dev:443...
  Client: moq-test-client:latest
docker run --rm \
	--network host \
	-e RELAY_URL=https://quichemoq.dev:443 \
	-e TLS_DISABLE_VERIFY=false \
	moq-test-client:latest
TAP version 14
# moq-test-client v0.1.0
# Relay: https://quichemoq.dev/
1..6
ok 1 - setup-only
  ---
  duration_ms: 277
  connection_id: 68dffa312761e7e329ab371328c9d4c7
  ...
ok 2 - announce-only
  ---
  duration_ms: 2200
  connection_id: c62237484ba22777c9e7bb27910e0ed5
  ...
ok 3 - subscribe-error
  ---
  duration_ms: 321
  connection_id: d594b9e3a1ea2c804289fcdf861a6839
  ...
ok 4 - announce-subscribe
  ---
  duration_ms: 3544
  publisher_connection_id: 9e75ec21d8a4bda3de479645b1eb203e
  subscriber_connection_id: 57588a987b242ce9fc95e39d3335dcbf
  ...
ok 5 - subscribe-before-announce
  ---
  duration_ms: 3970
  subscriber_connection_id: 66f99943492f16f7d1f814d680828c64
  publisher_connection_id: bb429c845d9b7bfacdabb6d1557c4111
  ...
ok 6 - publish-namespace-done
  ---
  duration_ms: 2454
  connection_id: 2c4f0be00c9895c148b9ed057e6897fd
  ...
make[1]: Leaving directory '/home/runner/work/moq-interop-runner/moq-interop-runner/main'
