make[1]: Entering directory '/home/runner/work/moq-interop-runner/moq-interop-runner/main'
Running tests against moqt://draft-14.cloudflare.mediaoverquic.com:443...
  Client: moq-test-client:latest
docker run --rm \
	--network host \
	-e RELAY_URL=moqt://draft-14.cloudflare.mediaoverquic.com:443 \
	-e TLS_DISABLE_VERIFY=false \
	moq-test-client:latest
TAP version 14
# moq-test-client v0.1.0
# Relay: moqt://draft-14.cloudflare.mediaoverquic.com:443
1..6
ok 1 - setup-only
  ---
  duration_ms: 149
  connection_id: 4e5a24f1bdd5e1cb60a8946f6d14c4f2
  ...
ok 2 - announce-only
  ---
  duration_ms: 2022
  connection_id: 3165243eb26750288d8d76ebc6aac865
  ...
ok 3 - subscribe-error
  ---
  duration_ms: 112
  connection_id: f118cb6bb48f343afc66a04e0b4dd7a7
  ...
ok 4 - announce-subscribe
  ---
  duration_ms: 437
  publisher_connection_id: af6df310120384bd43c3a48386b82229
  subscriber_connection_id: 74fa560a947991ec446a1d30e8c59e30
  ...
ok 5 - subscribe-before-announce
  ---
  duration_ms: 3547
  subscriber_connection_id: 6cd46fe7c7625fea6d0a867038445281
  publisher_connection_id: c77e114f1903e611684c975017c39a2b
  ...
ok 6 - publish-namespace-done
  ---
  duration_ms: 2110
  connection_id: bdefd1c912035ce4a84eebd19c3de603
  ...
make[1]: Leaving directory '/home/runner/work/moq-interop-runner/moq-interop-runner/main'
