make[1]: Entering directory '/home/runner/work/moq-interop-runner/moq-interop-runner/main'
Running tests against moqt://lminiero.it:9000...
  Client: moq-test-client:latest
docker run --rm \
	--network host \
	-e RELAY_URL=moqt://lminiero.it:9000 \
	-e TLS_DISABLE_VERIFY=1 \
	moq-test-client:latest
TAP version 14
# moq-test-client v0.1.0
# Relay: moqt://lminiero.it:9000
1..6
ok 1 - setup-only
  ---
  duration_ms: 238
  connection_id: 9f795978e528564d5391ae8c6c1c7eb5
  ...
ok 2 - announce-only
  ---
  duration_ms: 2239
  connection_id: 07f3b4998fb65525d008ea17deeb7a19
  ...
ok 3 - subscribe-error
  ---
  duration_ms: 363
  connection_id: ba2d46f760da1a92e3999ea8d916a0fd
  ...
ok 4 - announce-subscribe
  ---
  duration_ms: 3698
  publisher_connection_id: 20a224f09ee7e26a383ab30bd0d714d8
  subscriber_connection_id: f12ae8e6c9857ede1542527d3bd0cbe6
  ...
ok 5 - subscribe-before-announce
  ---
  duration_ms: 3979
  subscriber_connection_id: 4d243c120f02e535248d26093c3f417a
  publisher_connection_id: 31bf853b1014465e10ebb734a2fd1599
  ...
ok 6 - publish-namespace-done
  ---
  duration_ms: 2348
  connection_id: 0d60f34d3804f66e60a672b24dd08849
  ...
make[1]: Leaving directory '/home/runner/work/moq-interop-runner/moq-interop-runner/main'
