make[1]: Entering directory '/home/runner/work/moq-interop-runner/moq-interop-runner/main'
Running tests against moqt://fb.mvfst.net:9448...
  Client: ghcr.io/englishm/moq-interop-runner-moq-test-client:latest
docker run --rm \
	--network host \
	-e RELAY_URL=moqt://fb.mvfst.net:9448 \
	-e TLS_DISABLE_VERIFY=1 \
	ghcr.io/englishm/moq-interop-runner-moq-test-client:latest
TAP version 14
# moq-test-client v0.1.0
# Relay: moqt://fb.mvfst.net:9448
1..6
ok 1 - setup-only
  ---
  duration_ms: 65
  connection_id: 8c72750f40e1c7e7ec591bd3f2945a90
  ...
ok 2 - announce-only
  ---
  duration_ms: 2165
  connection_id: f636f6a4db0f49049a6a26f74a988592
  ...
ok 3 - subscribe-error
  ---
  duration_ms: 87
  connection_id: deae1ad285fb078da2ddc8ed5b799964
  ...
ok 4 - announce-subscribe
  ---
  duration_ms: 3184
  publisher_connection_id: 9f8a9659b025bb902b1e1b3063a9b79b
  subscriber_connection_id: aa4c67fc367df91c428cb5f716f5d9e2
  ...
ok 5 - subscribe-before-announce
  ---
  duration_ms: 3659
  subscriber_connection_id: 6a3e730434661fab8de339b5595fd3b7
  publisher_connection_id: 57d6ba2a5a44c4c626310641a984090c
  ...
ok 6 - publish-namespace-done
  ---
  duration_ms: 2167
  connection_id: 341aa159dc8385433e938222fba24e5e
  ...
make[1]: Leaving directory '/home/runner/work/moq-interop-runner/moq-interop-runner/main'
