make[1]: Entering directory '/home/runner/work/moq-interop-runner/moq-interop-runner/main'
Running tests against moqt://draft-14.cloudflare.mediaoverquic.com:443...
  Client: ghcr.io/englishm/moq-interop-runner-moq-test-client:latest
docker run --rm \
	--network host \
	-e RELAY_URL=moqt://draft-14.cloudflare.mediaoverquic.com:443 \
	-e TLS_DISABLE_VERIFY=false \
	ghcr.io/englishm/moq-interop-runner-moq-test-client:latest
TAP version 14
# moq-test-client v0.1.0
# Relay: moqt://draft-14.cloudflare.mediaoverquic.com:443
1..6
ok 1 - setup-only
  ---
  duration_ms: 122
  connection_id: f55626f17b9479c4a6f0f5b1508a65c6
  ...
ok 2 - announce-only
  ---
  duration_ms: 2032
  connection_id: 689507d9fa3d80982f5a63df364b5fc5
  ...
ok 3 - subscribe-error
  ---
  duration_ms: 199
  connection_id: 13612ee8e86ef3178d69a27307f00dd2
  ...
ok 4 - announce-subscribe
  ---
  duration_ms: 570
  publisher_connection_id: e150ff6f707c1fb69dd7730dfac6387d
  subscriber_connection_id: 296a576b3a777bd8d6862f21c0ca986b
  ...
ok 5 - subscribe-before-announce
  ---
  duration_ms: 3562
  subscriber_connection_id: 17a7370c6bf8a440705f22b7d76dda69
  publisher_connection_id: 2374aa498ce68a3d3dfd06ae5f663f3f
  ...
ok 6 - publish-namespace-done
  ---
  duration_ms: 2194
  connection_id: 0cf52a27aa38d2715648526ff920492e
  ...
make[1]: Leaving directory '/home/runner/work/moq-interop-runner/moq-interop-runner/main'
