make[1]: Entering directory '/home/runner/work/moq-interop-runner/moq-interop-runner/main'
Running tests against https://fb.mvfst.net:9448/moq-relay...
  Client: ghcr.io/englishm/moq-interop-runner-moq-test-client:latest
docker run --rm \
	--network host \
	-e RELAY_URL=https://fb.mvfst.net:9448/moq-relay \
	-e TLS_DISABLE_VERIFY=1 \
	ghcr.io/englishm/moq-interop-runner-moq-test-client:latest
TAP version 14
# moq-test-client v0.1.0
# Relay: https://fb.mvfst.net:9448/moq-relay
1..6
ok 1 - setup-only
  ---
  duration_ms: 158
  connection_id: d18fc1aaf850361f907fd32c1a499a21
  ...
ok 2 - announce-only
  ---
  duration_ms: 2087
  connection_id: 34191700e9415f948e7a9e1fb8928261
  ...
ok 3 - subscribe-error
  ---
  duration_ms: 100
  connection_id: 970f650a715ce2377f307fd3c7f5108a
  ...
ok 4 - announce-subscribe
  ---
  duration_ms: 3281
  publisher_connection_id: 8ba5740153df0f0d8add29fb85daf249
  subscriber_connection_id: e97c4f968f563a866173cfc3351e35d3
  ...
ok 5 - subscribe-before-announce
  ---
  duration_ms: 3743
  subscriber_connection_id: 78c28153828fbe9d47db690816e6b6a5
  publisher_connection_id: b19f4aec259f23bd451ddf65870e5202
  ...
ok 6 - publish-namespace-done
  ---
  duration_ms: 2254
  connection_id: 3e8870b19baed5df3113ef3c7e46ca14
  ...
make[1]: Leaving directory '/home/runner/work/moq-interop-runner/moq-interop-runner/main'
