make[1]: Entering directory '/home/runner/work/moq-interop-runner/moq-interop-runner/main'
Running tests against moqt://lminiero.it:9000...
  Client: ghcr.io/englishm/moq-interop-runner-moq-test-client-draft-16:latest
docker run --rm \
	 \
	--network host \
	-e RELAY_URL=moqt://lminiero.it:9000 \
	-e TLS_DISABLE_VERIFY=false \
	ghcr.io/englishm/moq-interop-runner-moq-test-client-draft-16:latest
TAP version 14
# moq-test-client v0.1.0
# Relay: moqt://lminiero.it:9000
1..6
ok 1 - setup-only
  ---
  duration_ms: 1472
  connection_id: 51dfa92447ce9b9056eabc51e2fe41df
  ...
ok 2 - announce-only
  ---
  duration_ms: 3007
  connection_id: 359e8d34c697a41b0b5e3953949dd203
  ...
ok 3 - subscribe-error
  ---
  duration_ms: 571
  connection_id: a2b14128cf6c67386b4e97189735bcd2
  ...
ok 4 - announce-subscribe
  ---
  duration_ms: 4296
  publisher_connection_id: 4b0f7c14f1fe066be429d4b644d4aac9
  subscriber_connection_id: 1ccc1123b241119503ecc1e07224defe
  ...
ok 5 - subscribe-before-announce
  ---
  duration_ms: 5965
  subscriber_connection_id: 803aab065015bf5b1058c7b1dcc20529
  publisher_connection_id: 29d434ae6ea08e78ba0cdcb86bef8376
  ...
ok 6 - publish-namespace-done
  ---
  duration_ms: 2984
  connection_id: a6be6823a7ec34133acc3f42b490f2c4
  ...
make[1]: Leaving directory '/home/runner/work/moq-interop-runner/moq-interop-runner/main'
