make[1]: Entering directory '/home/runner/work/moq-interop-runner/moq-interop-runner/main'
Running tests against https://moqx-main.ci.openmoq.org:4433/moq-relay...
  Client: ghcr.io/englishm/moq-interop-runner-moq-test-client:latest
docker run --rm \
	 \
	--network host \
	-e RELAY_URL=https://moqx-main.ci.openmoq.org:4433/moq-relay \
	-e TLS_DISABLE_VERIFY=false \
	ghcr.io/englishm/moq-interop-runner-moq-test-client:latest
TAP version 14
# moq-test-client v0.1.0
# Relay: https://moqx-main.ci.openmoq.org:4433/moq-relay
1..6
ok 1 - setup-only
  ---
  duration_ms: 230
  connection_id: d0c1f047969a9cdd82c9a597d9617b60
  ...
ok 2 - announce-only
  ---
  duration_ms: 2346
  connection_id: f85004809ebb380f8d3dfc0d4af552b9
  ...
ok 3 - subscribe-error
  ---
  duration_ms: 304
  connection_id: d98899f82819b4ee29b07b7e090aa528
  ...
ok 4 - announce-subscribe
  ---
  duration_ms: 3429
  publisher_connection_id: 1d77f989c0f9ed59058a658c2453e894
  subscriber_connection_id: 67bc63fb2bc9fa4555c4c41cf8e89327
  ...
ok 5 - subscribe-before-announce
  ---
  duration_ms: 3858
  subscriber_connection_id: acad018be96c2e4962fd3d40ed456ca7
  publisher_connection_id: 4168628d85da070e6efeab1e9f0ea9a0
  ...
ok 6 - publish-namespace-done
  ---
  duration_ms: 2428
  connection_id: 205479ff74708cadb02ef4ea4b74990f
  ...
make[1]: Leaving directory '/home/runner/work/moq-interop-runner/moq-interop-runner/main'
