make[1]: Entering directory '/home/runner/work/moq-interop-runner/moq-interop-runner/main'
Running tests against moqt://moqx-main.ci.openmoq.org:4433...
  Client: ghcr.io/englishm/moq-interop-runner-moq-test-client:latest
docker run --rm \
	 \
	--network host \
	-e RELAY_URL=moqt://moqx-main.ci.openmoq.org:4433 \
	-e TLS_DISABLE_VERIFY=false \
	ghcr.io/englishm/moq-interop-runner-moq-test-client:latest
TAP version 14
# moq-test-client v0.1.0
# Relay: moqt://moqx-main.ci.openmoq.org:4433
1..6
ok 1 - setup-only
  ---
  duration_ms: 74
  connection_id: 12034701d7f816b81d5ec102812a2e2a
  ...
ok 2 - announce-only
  ---
  duration_ms: 2073
  connection_id: 89ce1236d72d629ae5fa240b73c2da2d
  ...
ok 3 - subscribe-error
  ---
  duration_ms: 107
  connection_id: 18170ee952cc3c95c24ee1d2c0710ab1
  ...
ok 4 - announce-subscribe
  ---
  duration_ms: 359
  publisher_connection_id: 3745082b956c9c9b8a8d42a694c6190e
  subscriber_connection_id: b82a719fe4193b4e531fd99faf78f4f7
  ...
ok 5 - subscribe-before-announce
  ---
  duration_ms: 3700
  subscriber_connection_id: 1ab6aad26ac9b3c1b0c325ea02e0ce0a
  publisher_connection_id: 42017e88afc86df5966fab94f8ec9dc9
  ...
ok 6 - publish-namespace-done
  ---
  duration_ms: 2176
  connection_id: d52c2ec24760b01400d2a1c525d643fb
  ...
make[1]: Leaving directory '/home/runner/work/moq-interop-runner/moq-interop-runner/main'
