make[1]: Entering directory '/home/runner/work/moq-interop-runner/moq-interop-runner/main'
Running tests against https://relay.moqtail.dev...
  Client: ghcr.io/englishm/moq-interop-runner-moq-test-client-draft-16:latest
docker run --rm \
	 \
	--network host \
	-e RELAY_URL=https://relay.moqtail.dev \
	-e TLS_DISABLE_VERIFY=false \
	ghcr.io/englishm/moq-interop-runner-moq-test-client-draft-16:latest
TAP version 14
# moq-test-client v0.1.0
# Relay: https://relay.moqtail.dev/
1..6
ok 1 - setup-only
  ---
  duration_ms: 227
  connection_id: f7702bf4e10e97e83d4c7bb6d27a31c7
  ...
ok 2 - announce-only
  ---
  duration_ms: 2167
  connection_id: f248d95e3747adaf36644b541a579eb8
  ...
ok 3 - subscribe-error
  ---
  duration_ms: 172
  connection_id: fa1b313cce5bf133439c40ae1fdc832a
  ...
ok 4 - announce-subscribe
  ---
  duration_ms: 426
  publisher_connection_id: c98a74deb82d37cdc27a80749ff8f1e7
  subscriber_connection_id: 33696b66bf90176528fcada3cb4b1428
  ...
ok 5 - subscribe-before-announce
  ---
  duration_ms: 3908
  subscriber_connection_id: ab0528af53b3a79aa95fbef5e79ba7fe
  publisher_connection_id: fb196fa8de99e09767699e1af415b6c2
  ...
ok 6 - publish-namespace-done
  ---
  duration_ms: 2265
  connection_id: 757cad20e3ae6c2c7bb6aafd9a0bf817
  ...
make[1]: Leaving directory '/home/runner/work/moq-interop-runner/moq-interop-runner/main'
