make[1]: Entering directory '/home/runner/work/moq-interop-runner/moq-interop-runner/main'
Running tests against moqt://us-west-2.relay.quicr.org:33437...
  Client: ghcr.io/openmoq/moqx-interop-client:latest
docker run --rm \
	 \
	--network host \
	-e RELAY_URL=moqt://us-west-2.relay.quicr.org:33437 \
	-e TLS_DISABLE_VERIFY=1 \
	ghcr.io/openmoq/moqx-interop-client:latest
TAP version 14
# moxygen interop test client
# Relay: moqt://us-west-2.relay.quicr.org:33437
# Transport: QUIC
1..6
ok 1 - setup-only
  ---
  duration_ms: 242
  info: SETUP exchange completed successfully
  ...
W0607 01:18:38.755763     1 MoQSession.cpp:5013] Issuing request that will fail; nextRequestID_=0 peerMaxRequestID_=0 sess=0x5634d9975a80
E0607 01:18:38.794742     1 MoQRelaySession.cpp:864] PublishNamespaceDone for unknown publishNamespace, sess=0x5634d9975a80
ok 2 - announce-only
  ---
  duration_ms: 121
  info: PUBLISH_NAMESPACE completed successfully
  ...
W0607 01:18:38.962528     1 MoQSession.cpp:5013] Issuing request that will fail; nextRequestID_=0 peerMaxRequestID_=0 sess=0x5634d9984ba0
not ok 3 - subscribe-error
  ---
  duration_ms: 206
  error: Subscribe succeeded (relay accepted non-existent track)
  ...
W0607 01:18:39.153232     1 MoQSession.cpp:5013] Issuing request that will fail; nextRequestID_=0 peerMaxRequestID_=0 sess=0x5634d9949d30
W0607 01:18:39.277867     1 MoQSession.cpp:5013] Issuing request that will fail; nextRequestID_=0 peerMaxRequestID_=0 sess=0x5634d98ff740
ok 4 - announce-subscribe
  ---
  duration_ms: 316
  info: Publisher announced, subscriber subscribed successfully
  ...
E0607 01:18:39.317477     1 MoQSession.cpp:5200] publishDone for invalid id=1 sess=0x5634d9949d30
W0607 01:18:39.402371     1 MoQSession.cpp:5013] Issuing request that will fail; nextRequestID_=0 peerMaxRequestID_=0 sess=0x5634d996f6a0
ok 5 - publish-namespace-done
  ---
  duration_ms: 124
  info: PUBLISH_NAMESPACE_OK received, PUBLISH_NAMESPACE_DONE sent
  ...
W0607 01:18:39.524608     1 MoQSession.cpp:5013] Issuing request that will fail; nextRequestID_=0 peerMaxRequestID_=0 sess=0x5634d996f6a0
W0607 01:18:40.108586     1 MoQSession.cpp:5013] Issuing request that will fail; nextRequestID_=0 peerMaxRequestID_=0 sess=0x5634d9949d30
ok 6 - subscribe-before-announce
  ---
  duration_ms: 706
  info: Subscribe succeeded after publisher announced (relay buffers pending subscriptions)
  ...
make[1]: *** [Makefile:121: test-external] Error 1
make[1]: Leaving directory '/home/runner/work/moq-interop-runner/moq-interop-runner/main'
