make[1]: Entering directory '/home/runner/work/moq-interop-runner/moq-interop-runner/main'
Running tests against https://draft-14.cloudflare.mediaoverquic.com:443/moq...
  Client: ghcr.io/openmoq/moqx-interop-client:latest
docker run --rm \
	 \
	--network host \
	-e RELAY_URL=https://draft-14.cloudflare.mediaoverquic.com:443/moq \
	-e TLS_DISABLE_VERIFY=false \
	ghcr.io/openmoq/moqx-interop-client:latest
TAP version 14
# moxygen interop test client
# Relay: https://draft-14.cloudflare.mediaoverquic.com:443/moq
# Transport: WebTransport
1..6
W0607 01:19:05.565837     1 MoQWebTransportClient.cpp:173] WebTransport: No WT-Protocol header in response, will use legacy version negotiation
ok 1 - setup-only
  ---
  duration_ms: 83
  info: SETUP exchange completed successfully
  ...
W0607 01:19:05.625698     1 MoQWebTransportClient.cpp:173] WebTransport: No WT-Protocol header in response, will use legacy version negotiation
not ok 2 - announce-only
  ---
  duration_ms: 156
  error: done
  ...
W0607 01:19:05.782254     1 MoQWebTransportClient.cpp:173] WebTransport: No WT-Protocol header in response, will use legacy version negotiation
E0607 01:19:07.800484     1 MoQSession.cpp:5083] subscribeFuture exception=folly::OperationCancelled: coroutine operation cancelled
not ok 3 - subscribe-error
  ---
  duration_ms: 2059
  error: Timed out waiting for SUBSCRIBE response
  ...
W0607 01:19:07.840777     1 MoQWebTransportClient.cpp:173] WebTransport: No WT-Protocol header in response, will use legacy version negotiation
not ok 4 - announce-subscribe
  ---
  duration_ms: 172
  error: PUBLISH_NAMESPACE failed: done
  ...
W0607 01:19:08.016738     1 MoQWebTransportClient.cpp:173] WebTransport: No WT-Protocol header in response, will use legacy version negotiation
ok 5 - publish-namespace-done
  ---
  duration_ms: 183
  info: PUBLISH_NAMESPACE_OK received, PUBLISH_NAMESPACE_DONE sent
  ...
W0607 01:19:08.196317     1 MoQWebTransportClient.cpp:173] WebTransport: No WT-Protocol header in response, will use legacy version negotiation
W0607 01:19:08.754487     1 MoQWebTransportClient.cpp:173] WebTransport: No WT-Protocol header in response, will use legacy version negotiation
E0607 01:19:10.239642     1 MoQWebTransportClient.cpp:198] proxygen::HTTPException: ingress timeout, streamID=0, timeout=2000ms
ok 6 - subscribe-before-announce
  ---
  duration_ms: 2083
  info: Subscribe returned error (relay doesn't buffer pending subscriptions): Session closed
  ...
E20260607 01:19:10.257489     1 HQSession.cpp:541] Connection closed with error err=91141958510811 msg=Client closed by peer reason=stream closed proto=h3, client CID=, server CID=0dcc4ea9c529b383, local=10.1.0.175:58280, 162.159.207.5:443=upstream, drain=done
make[1]: *** [Makefile:121: test-external] Error 1
make[1]: Leaving directory '/home/runner/work/moq-interop-runner/moq-interop-runner/main'
