make[1]: Entering directory '/home/runner/work/moq-interop-runner/moq-interop-runner/main'
Running tests against https://lminiero.it:9000...
  Client: ghcr.io/openmoq/moqx-interop-client:latest
docker run --rm \
	 \
	--network host \
	-e RELAY_URL=https://lminiero.it:9000 \
	-e TLS_DISABLE_VERIFY=false \
	ghcr.io/openmoq/moqx-interop-client:latest
TAP version 14
# moxygen interop test client
# Relay: https://lminiero.it:9000
# Transport: WebTransport
1..6
E0607 01:18:10.488916     1 MoQWebTransportClient.cpp:145] std::runtime_error: Error setting up WebTransport: proxygen::HTTPException: ingress timeout, streamID=0, timeout=2000ms
not ok 1 - setup-only
  ---
  duration_ms: 3237
  error: Error setting up WebTransport: proxygen::HTTPException: ingress timeout, streamID=0, timeout=2000ms
  ...
E0607 01:18:13.434815     1 MoQWebTransportClient.cpp:145] std::runtime_error: Error setting up WebTransport: proxygen::HTTPException: ingress timeout, streamID=0, timeout=2000ms
not ok 2 - announce-only
  ---
  duration_ms: 2945
  error: Error setting up WebTransport: proxygen::HTTPException: ingress timeout, streamID=0, timeout=2000ms
  ...
E0607 01:18:15.741464     1 MoQWebTransportClient.cpp:145] std::runtime_error: Error setting up WebTransport: proxygen::HTTPException: ingress timeout, streamID=0, timeout=2000ms
not ok 3 - subscribe-error
  ---
  duration_ms: 2306
  error: Error setting up WebTransport: proxygen::HTTPException: ingress timeout, streamID=0, timeout=2000ms
  ...
E0607 01:18:18.186633     1 MoQWebTransportClient.cpp:145] std::runtime_error: Error setting up WebTransport: proxygen::HTTPException: ingress timeout, streamID=0, timeout=2000ms
not ok 4 - announce-subscribe
  ---
  duration_ms: 2445
  error: Error setting up WebTransport: proxygen::HTTPException: ingress timeout, streamID=0, timeout=2000ms
  ...
E0607 01:18:20.639695     1 MoQWebTransportClient.cpp:145] std::runtime_error: Error setting up WebTransport: proxygen::HTTPException: ingress timeout, streamID=0, timeout=2000ms
not ok 5 - publish-namespace-done
  ---
  duration_ms: 2452
  error: Error setting up WebTransport: proxygen::HTTPException: ingress timeout, streamID=0, timeout=2000ms
  ...
E0607 01:18:23.722745     1 MoQWebTransportClient.cpp:145] std::runtime_error: Error setting up WebTransport: proxygen::HTTPException: ingress timeout, streamID=0, timeout=2000ms
not ok 6 - subscribe-before-announce
  ---
  duration_ms: 3082
  error: Error setting up WebTransport: proxygen::HTTPException: ingress timeout, streamID=0, timeout=2000ms
  ...
E20260607 01:18:24.723925     1 EventHandler.cpp:90] EventBase: failed to register event handler for fd 10: Resource temporarily unavailable
E20260607 01:18:24.725025     1 EventHandler.cpp:90] EventBase: failed to register event handler for fd 11: Resource temporarily unavailable
E20260607 01:18:24.725116     1 EventHandler.cpp:90] EventBase: failed to register event handler for fd 12: Resource temporarily unavailable
E20260607 01:18:24.725210     1 EventHandler.cpp:90] EventBase: failed to register event handler for fd 13: Resource temporarily unavailable
E20260607 01:18:24.725306     1 EventHandler.cpp:90] EventBase: failed to register event handler for fd 9: Resource temporarily unavailable
E20260607 01:18:24.725382     1 EventHandler.cpp:90] EventBase: failed to register event handler for fd 14: Resource temporarily unavailable
make[1]: *** [Makefile:121: test-external] Error 1
make[1]: Leaving directory '/home/runner/work/moq-interop-runner/moq-interop-runner/main'
