make[1]: Entering directory '/home/runner/work/moq-interop-runner/moq-interop-runner/main'
Running tests against https://draft-16-manish.cloudflare.mediaoverquic.com:443/moq...
  Client: ghcr.io/facebookexperimental/moxygen-interop-client:latest-amd64
docker run --rm \
	 \
	--network host \
	-e RELAY_URL=https://draft-16-manish.cloudflare.mediaoverquic.com:443/moq \
	-e TLS_DISABLE_VERIFY=false \
	ghcr.io/facebookexperimental/moxygen-interop-client:latest-amd64
TAP version 14
# moxygen interop test client
# Relay: https://draft-16-manish.cloudflare.mediaoverquic.com:443/moq
# Transport: WebTransport
1..6
E20260607 01:22:43.492344     1 HQSession.cpp:541] Connection closed with error err=Crypto error: certificate_expired msg=fizz::FizzVerificationException: certificate verification failed: certificate has expired proto=, client CID=, server CID=cafb4e7ed9a4898d, local=<uninitialized address>, 34.68.101.111:443=upstream, drain=none
E0607 01:22:43.493220     1 MoQWebTransportClient.cpp:95] std::runtime_error: Crypto error: certificate_expired
not ok 1 - setup-only
  ---
  duration_ms: 66
  error: Crypto error: certificate_expired
  ...
E20260607 01:22:43.626091     1 HQSession.cpp:541] Connection closed with error err=Crypto error: certificate_expired msg=fizz::FizzVerificationException: certificate verification failed: certificate has expired proto=, client CID=, server CID=920597facafdb8b8, local=<uninitialized address>, 34.68.101.111:443=upstream, drain=none
E0607 01:22:43.626192     1 MoQWebTransportClient.cpp:95] std::runtime_error: Crypto error: certificate_expired
not ok 2 - announce-only
  ---
  duration_ms: 132
  error: Crypto error: certificate_expired
  ...
E20260607 01:22:43.670099     1 HQSession.cpp:541] Connection closed with error err=Crypto error: certificate_expired msg=fizz::FizzVerificationException: certificate verification failed: certificate has expired proto=, client CID=, server CID=ad556ce4c4d63dc2, local=<uninitialized address>, 34.68.101.111:443=upstream, drain=none
E0607 01:22:43.670185     1 MoQWebTransportClient.cpp:95] std::runtime_error: Crypto error: certificate_expired
not ok 3 - subscribe-error
  ---
  duration_ms: 43
  error: Crypto error: certificate_expired
  ...
E20260607 01:22:43.712636     1 HQSession.cpp:541] Connection closed with error err=Crypto error: certificate_expired msg=fizz::FizzVerificationException: certificate verification failed: certificate has expired proto=, client CID=, server CID=905ce238d1222f95, local=<uninitialized address>, 34.68.101.111:443=upstream, drain=none
E0607 01:22:43.712710     1 MoQWebTransportClient.cpp:95] std::runtime_error: Crypto error: certificate_expired
not ok 4 - announce-subscribe
  ---
  duration_ms: 42
  error: Crypto error: certificate_expired
  ...
E20260607 01:22:43.755510     1 HQSession.cpp:541] Connection closed with error err=Crypto error: certificate_expired msg=fizz::FizzVerificationException: certificate verification failed: certificate has expired proto=, client CID=, server CID=67e393aeef25264b, local=<uninitialized address>, 34.68.101.111:443=upstream, drain=none
E0607 01:22:43.755590     1 MoQWebTransportClient.cpp:95] std::runtime_error: Crypto error: certificate_expired
not ok 5 - publish-namespace-done
  ---
  duration_ms: 42
  error: Crypto error: certificate_expired
  ...
E20260607 01:22:43.798182     1 HQSession.cpp:541] Connection closed with error err=Crypto error: certificate_expired msg=fizz::FizzVerificationException: certificate verification failed: certificate has expired proto=, client CID=, server CID=fca7c2cd814ce50b, local=<uninitialized address>, 34.68.101.111:443=upstream, drain=none
E0607 01:22:43.798256     1 MoQWebTransportClient.cpp:95] std::runtime_error: Crypto error: certificate_expired
not ok 6 - subscribe-before-announce
  ---
  duration_ms: 42
  error: Crypto error: certificate_expired
  ...
make[1]: *** [Makefile:121: test-external] Error 1
make[1]: Leaving directory '/home/runner/work/moq-interop-runner/moq-interop-runner/main'
