make[1]: Entering directory '/home/runner/work/moq-interop-runner/moq-interop-runner/main'
Running tests against moqt://fb.mvfst.net:9448...
  Client: ghcr.io/facebookexperimental/moxygen-interop-client:latest-amd64
docker run --rm \
	 \
	--network host \
	-e RELAY_URL=moqt://fb.mvfst.net:9448 \
	-e TLS_DISABLE_VERIFY=1 \
	ghcr.io/facebookexperimental/moxygen-interop-client:latest-amd64
TAP version 14
# moxygen interop test client
# Relay: moqt://fb.mvfst.net:9448
# Transport: QUIC
1..6
not ok 1 - setup-only
  ---
  duration_ms: 2089
  error: folly::FutureTimeout: Timed out
  ...
not ok 2 - announce-only
  ---
  duration_ms: 2089
  error: folly::FutureTimeout: Timed out
  ...
not ok 3 - subscribe-error
  ---
  duration_ms: 2064
  error: folly::FutureTimeout: Timed out
  ...
not ok 4 - announce-subscribe
  ---
  duration_ms: 2131
  error: folly::FutureTimeout: Timed out
  ...
not ok 5 - publish-namespace-done
  ---
  duration_ms: 2018
  error: folly::FutureTimeout: Timed out
  ...
not ok 6 - subscribe-before-announce
  ---
  duration_ms: 2026
  error: folly::FutureTimeout: Timed out
  ...
make[1]: *** [Makefile:121: test-external] Error 1
make[1]: Leaving directory '/home/runner/work/moq-interop-runner/moq-interop-runner/main'
