make[1]: Entering directory '/home/runner/work/moq-interop-runner/moq-interop-runner/main'
Running tests against moqt://fb.mvfst.net:9448...
  Client: ghcr.io/englishm/moq-interop-runner-moq-test-client-draft-16:latest
docker run --rm \
	 \
	--network host \
	-e RELAY_URL=moqt://fb.mvfst.net:9448 \
	-e TLS_DISABLE_VERIFY=1 \
	ghcr.io/englishm/moq-interop-runner-moq-test-client-draft-16:latest
TAP version 14
# moq-test-client v0.1.0
# Relay: moqt://fb.mvfst.net:9448
1..6
ok 1 - setup-only
  ---
  duration_ms: 100
  connection_id: 810f279f1a4e41fec8c83b371f963ecd
  ...
ok 2 - announce-only
  ---
  duration_ms: 2212
  connection_id: 534fcc254d352bf44fcf577c3fe433af
  ...
ok 3 - subscribe-error
  ---
  duration_ms: 91
  connection_id: e0ce79475e681a20a5e167a97e29729b
  ...
not ok 4 - announce-subscribe
  ---
  duration_ms: 196
  message: "publisher session error: webtransport error: session error: connection error: closed by peer: 3: session error: connection error: closed by peer: 3: connection error: closed by peer: 3"
  ...
ok 5 - subscribe-before-announce
  ---
  duration_ms: 3706
  subscriber_connection_id: 73b2e85d694f8b4a34c33d758692afbe
  publisher_connection_id: 1a8cddcd04c77ed8bd10a5672a0d1cc0
  ...
ok 6 - publish-namespace-done
  ---
  duration_ms: 2166
  connection_id: 01cf898437ed5d16e8ecf1197bf02c28
  ...
make[1]: *** [Makefile:121: test-external] Error 1
make[1]: Leaving directory '/home/runner/work/moq-interop-runner/moq-interop-runner/main'
