make[1]: Entering directory '/home/runner/work/moq-interop-runner/moq-interop-runner/main'
Running tests against moqt://draft-18-interop.cloudflare.mediaoverquic.com:443...
  Client: ghcr.io/englishm/moq-interop-runner-moq-test-client-draft-18:latest
docker run --rm \
	 \
	--network host \
	-e RELAY_URL=moqt://draft-18-interop.cloudflare.mediaoverquic.com:443 \
	-e TLS_DISABLE_VERIFY=false \
	ghcr.io/englishm/moq-interop-runner-moq-test-client-draft-18:latest
TAP version 14
# moq-test-client v0.1.6
# Relay: moqt://draft-18-interop.cloudflare.mediaoverquic.com:443
1..6
[2m2026-06-27T00:54:53.041062Z[0m [32m INFO[0m [2mmoq_native_ietf::quic[0m[2m:[0m UDP socket bound [3mbind[0m[2m=[0m[::]:0 [3mlocal[0m[2m=[0m[::]:54616 [3mdual_stack[0m[2m=[0mtrue
[2m2026-06-27T00:54:53.289995Z[0m [32m INFO[0m [2mmoq_test_client::scenarios[0m[2m:[0m SETUP exchange completed successfully
ok 1 - setup-only
  ---
  duration_ms: 249
  connection_id: 7c4f71d529fb548f6bf523507f726096
  ...
[2m2026-06-27T00:54:53.291010Z[0m [32m INFO[0m [2mmoq_native_ietf::quic[0m[2m:[0m UDP socket bound [3mbind[0m[2m=[0m[::]:0 [3mlocal[0m[2m=[0m[::]:34491 [3mdual_stack[0m[2m=[0mtrue
[2m2026-06-27T00:54:53.438067Z[0m [32m INFO[0m [2mmoq_test_client::scenarios[0m[2m:[0m Sending PUBLISH_NAMESPACE for: moq-test/interop
[2m2026-06-27T00:54:55.439965Z[0m [32m INFO[0m [2mmoq_test_client::scenarios[0m[2m:[0m PUBLISH_NAMESPACE succeeded (REQUEST_OK received, waiting for subscribers)
ok 2 - publish-namespace-only
  ---
  duration_ms: 2150
  connection_id: c974a582eb090c7741a88defa41818de
  ...
[2m2026-06-27T00:54:55.441066Z[0m [32m INFO[0m [2mmoq_native_ietf::quic[0m[2m:[0m UDP socket bound [3mbind[0m[2m=[0m[::]:0 [3mlocal[0m[2m=[0m[::]:38154 [3mdual_stack[0m[2m=[0mtrue
[2m2026-06-27T00:54:55.623453Z[0m [32m INFO[0m [2mmoq_test_client::scenarios[0m[2m:[0m Subscribing to non-existent track: nonexistent/namespace/test-track
[2m2026-06-27T00:54:55.675814Z[0m [33m WARN[0m [2mmoq_test_client::scenarios[0m[2m:[0m Got error but not clearly 'not found': closed, code=16. Relay may use different error text.
ok 3 - subscribe-error
  ---
  duration_ms: 235
  connection_id: 4d9562aaccf2ff15d3e3f0785d3567bc
  ...
[2m2026-06-27T00:54:55.676840Z[0m [32m INFO[0m [2mmoq_native_ietf::quic[0m[2m:[0m UDP socket bound [3mbind[0m[2m=[0m[::]:0 [3mlocal[0m[2m=[0m[::]:33368 [3mdual_stack[0m[2m=[0mtrue
[2m2026-06-27T00:54:55.811731Z[0m [32m INFO[0m [2mmoq_native_ietf::quic[0m[2m:[0m UDP socket bound [3mbind[0m[2m=[0m[::]:0 [3mlocal[0m[2m=[0m[::]:52039 [3mdual_stack[0m[2m=[0mtrue
[2m2026-06-27T00:54:55.995088Z[0m [32m INFO[0m [2mmoq_test_client::scenarios[0m[2m:[0m Publisher sending PUBLISH_NAMESPACE: moq-test/interop
[2m2026-06-27T00:54:55.995110Z[0m [32m INFO[0m [2mmoq_test_client::scenarios[0m[2m:[0m Subscriber subscribing to track: moq-test/interop/test-track
[2m2026-06-27T00:54:58.997113Z[0m [32m INFO[0m [2mmoq_test_client::scenarios[0m[2m:[0m Test timeout reached - subscription routing may still be in progress
ok 4 - publish-namespace-subscribe
  ---
  duration_ms: 3321
  publisher_connection_id: 6dd11dd3e287004cf7b4967f9bca5383
  subscriber_connection_id: 4b4085e6e89ac241ae71fe64e25491f6
  ...
[2m2026-06-27T00:54:58.998147Z[0m [32m INFO[0m [2mmoq_native_ietf::quic[0m[2m:[0m UDP socket bound [3mbind[0m[2m=[0m[::]:0 [3mlocal[0m[2m=[0m[::]:34090 [3mdual_stack[0m[2m=[0mtrue
[2m2026-06-27T00:54:59.153415Z[0m [32m INFO[0m [2mmoq_test_client::scenarios[0m[2m:[0m Subscriber subscribing BEFORE PUBLISH_NAMESPACE: moq-test/interop/test-track
[2m2026-06-27T00:54:59.655755Z[0m [32m INFO[0m [2mmoq_native_ietf::quic[0m[2m:[0m UDP socket bound [3mbind[0m[2m=[0m[::]:0 [3mlocal[0m[2m=[0m[::]:59665 [3mdual_stack[0m[2m=[0mtrue
[2m2026-06-27T00:54:59.766587Z[0m [32m INFO[0m [2mmoq_test_client::scenarios[0m[2m:[0m Publisher sending PUBLISH_NAMESPACE (after subscriber): moq-test/interop
[2m2026-06-27T00:55:02.768973Z[0m [32m INFO[0m [2mmoq_test_client::scenarios[0m[2m:[0m Publisher PUBLISH_NAMESPACE timeout (expected)
[2m2026-06-27T00:55:02.769003Z[0m [32m INFO[0m [2mmoq_test_client::scenarios[0m[2m:[0m Subscriber got error: closed, code=16 (may be expected)
ok 5 - subscribe-before-publish-namespace
  ---
  duration_ms: 3771
  subscriber_connection_id: ece826fb7bd4c3414720db582073e699
  publisher_connection_id: 2558d55ff5888ddc46eb7c7e55fc6097
  ...
[2m2026-06-27T00:55:02.770054Z[0m [32m INFO[0m [2mmoq_native_ietf::quic[0m[2m:[0m UDP socket bound [3mbind[0m[2m=[0m[::]:0 [3mlocal[0m[2m=[0m[::]:46625 [3mdual_stack[0m[2m=[0mtrue
[2m2026-06-27T00:55:03.019631Z[0m [32m INFO[0m [2mmoq_test_client::scenarios[0m[2m:[0m Sending PUBLISH_NAMESPACE: moq-test/interop
[2m2026-06-27T00:55:05.020393Z[0m [32m INFO[0m [2mmoq_test_client::scenarios[0m[2m:[0m PUBLISH_NAMESPACE active; sending PUBLISH_NAMESPACE_DONE
[2m2026-06-27T00:55:05.121721Z[0m [32m INFO[0m [2mmoq_test_client::scenarios[0m[2m:[0m PUBLISH_NAMESPACE_DONE sent successfully
ok 6 - publish-namespace-done
  ---
  duration_ms: 2352
  connection_id: 76429cc1bd0f916cf3fae08a9c36c7dd
  ...
make[1]: Leaving directory '/home/runner/work/moq-interop-runner/moq-interop-runner/main'
