make[1]: Entering directory '/home/runner/work/moq-interop-runner/moq-interop-runner/main'
Running tests against https://moqx-main.ci.openmoq.org:4433/moq-relay...
  Client: ghcr.io/englishm/moq-interop-runner-moq-test-client-draft-16:latest
docker run --rm \
	 \
	--network host \
	-e RELAY_URL=https://moqx-main.ci.openmoq.org:4433/moq-relay \
	-e TLS_DISABLE_VERIFY=false \
	ghcr.io/englishm/moq-interop-runner-moq-test-client-draft-16:latest
TAP version 14
# moq-test-client v0.1.0
# Relay: https://moqx-main.ci.openmoq.org:4433/moq-relay
1..6
ok 1 - setup-only
  ---
  duration_ms: 4130
  connection_id: deb907e80ba263a1b40f9488c9904cc8
  ...
ok 2 - announce-only
  ---
  duration_ms: 2109
  connection_id: c95d8b4238f4935c3476d21bdf6fc5df
  ...
ok 3 - subscribe-error
  ---
  duration_ms: 157
  connection_id: e54ad7a9c1a27065c9125986cb54615b
  ...
ok 4 - announce-subscribe
  ---
  duration_ms: 3298
  publisher_connection_id: 9a6323bd8b66e7a08943e6c500b800d1
  subscriber_connection_id: 5bf2cdb896a0920cfb53e3765b05aa7f
  ...
ok 5 - subscribe-before-announce
  ---
  duration_ms: 4810
  subscriber_connection_id: abde1bea086ca257881e52fa42abe90a
  publisher_connection_id: 363f6da14c679d665f34e91d3c6ece39
  ...
ok 6 - publish-namespace-done
  ---
  duration_ms: 2166
  connection_id: a4792271b78aba0b8ab6aba6dc6e994d
  ...
make[1]: Leaving directory '/home/runner/work/moq-interop-runner/moq-interop-runner/main'
