make[1]: Entering directory '/home/runner/work/moq-interop-runner/moq-interop-runner/main'
Running tests against moqt://lminiero.it:9000...
  Client: ghcr.io/englishm/moq-interop-runner-moq-test-client-draft-18:latest
docker run --rm \
	 \
	--network host \
	-e RELAY_URL=moqt://lminiero.it:9000 \
	-e TLS_DISABLE_VERIFY=false \
	ghcr.io/englishm/moq-interop-runner-moq-test-client-draft-18:latest
TAP version 14
# moq-test-client v0.1.6
# Relay: moqt://lminiero.it:9000
1..6
[2m2026-06-27T00:54:06.493747Z[0m [32m INFO[0m [2mmoq_native_ietf::quic[0m[2m:[0m UDP socket bound [3mbind[0m[2m=[0m[::]:0 [3mlocal[0m[2m=[0m[::]:36852 [3mdual_stack[0m[2m=[0mtrue
[2m2026-06-27T00:54:07.018915Z[0m [32m INFO[0m [2mmoq_test_client::scenarios[0m[2m:[0m SETUP exchange completed successfully
ok 1 - setup-only
  ---
  duration_ms: 526
  connection_id: 027d532fb3d140b001acc5bd63b51306
  ...
[2m2026-06-27T00:54:07.019864Z[0m [32m INFO[0m [2mmoq_native_ietf::quic[0m[2m:[0m UDP socket bound [3mbind[0m[2m=[0m[::]:0 [3mlocal[0m[2m=[0m[::]:48362 [3mdual_stack[0m[2m=[0mtrue
[2m2026-06-27T00:54:07.910472Z[0m [32m INFO[0m [2mmoq_test_client::scenarios[0m[2m:[0m Sending PUBLISH_NAMESPACE for: moq-test/interop
not ok 2 - publish-namespace-only
  ---
  duration_ms: 891
  message: "PUBLISH_NAMESPACE failed: too many requests"
  ...
[2m2026-06-27T00:54:07.911510Z[0m [32m INFO[0m [2mmoq_native_ietf::quic[0m[2m:[0m UDP socket bound [3mbind[0m[2m=[0m[::]:0 [3mlocal[0m[2m=[0m[::]:46433 [3mdual_stack[0m[2m=[0mtrue
[2m2026-06-27T00:54:08.448045Z[0m [32m INFO[0m [2mmoq_test_client::scenarios[0m[2m:[0m Subscribing to non-existent track: nonexistent/namespace/test-track
[2m2026-06-27T00:54:08.448075Z[0m [31mERROR[0m [2mmoq_transport::serve::error[0m[2m:[0m [5bbec6b4-163e-477d-8f94-7eb5e5026e52] Internal error: request ID limit: too many requests at /build/moq-transport/src/session/subscriber.rs:191
[2m2026-06-27T00:54:08.448100Z[0m [33m WARN[0m [2mmoq_test_client::scenarios[0m[2m:[0m Got error but not clearly 'not found': internal error: Internal error [error:5bbec6b4-163e-477d-8f94-7eb5e5026e52]. Relay may use different error text.
ok 3 - subscribe-error
  ---
  duration_ms: 537
  connection_id: e9415f0ae0a70669f0b35ff3501b5b7c
  ...
[2m2026-06-27T00:54:08.449077Z[0m [32m INFO[0m [2mmoq_native_ietf::quic[0m[2m:[0m UDP socket bound [3mbind[0m[2m=[0m[::]:0 [3mlocal[0m[2m=[0m[::]:48999 [3mdual_stack[0m[2m=[0mtrue
[2m2026-06-27T00:54:09.229067Z[0m [32m INFO[0m [2mmoq_native_ietf::quic[0m[2m:[0m UDP socket bound [3mbind[0m[2m=[0m[::]:0 [3mlocal[0m[2m=[0m[::]:38635 [3mdual_stack[0m[2m=[0mtrue
[2m2026-06-27T00:54:09.770597Z[0m [32m INFO[0m [2mmoq_test_client::scenarios[0m[2m:[0m Publisher sending PUBLISH_NAMESPACE: moq-test/interop
[2m2026-06-27T00:54:09.770620Z[0m [32m INFO[0m [2mmoq_test_client::scenarios[0m[2m:[0m Subscriber subscribing to track: moq-test/interop/test-track
not ok 4 - publish-namespace-subscribe
  ---
  duration_ms: 1322
  message: "publisher PUBLISH_NAMESPACE failed: too many requests"
  ...
[2m2026-06-27T00:54:09.771570Z[0m [32m INFO[0m [2mmoq_native_ietf::quic[0m[2m:[0m UDP socket bound [3mbind[0m[2m=[0m[::]:0 [3mlocal[0m[2m=[0m[::]:52944 [3mdual_stack[0m[2m=[0mtrue
[2m2026-06-27T00:54:10.031258Z[0m [32m INFO[0m [2mmoq_test_client::scenarios[0m[2m:[0m Subscriber subscribing BEFORE PUBLISH_NAMESPACE: moq-test/interop/test-track
[2m2026-06-27T00:54:10.031379Z[0m [31mERROR[0m [2mmoq_transport::serve::error[0m[2m:[0m [75a5e86f-76ac-43f4-9da4-938300761b89] Internal error: request ID limit: too many requests at /build/moq-transport/src/session/subscriber.rs:191
[2m2026-06-27T00:54:10.532972Z[0m [32m INFO[0m [2mmoq_native_ietf::quic[0m[2m:[0m UDP socket bound [3mbind[0m[2m=[0m[::]:0 [3mlocal[0m[2m=[0m[::]:60520 [3mdual_stack[0m[2m=[0mtrue
[2m2026-06-27T00:54:10.798412Z[0m [32m INFO[0m [2mmoq_test_client::scenarios[0m[2m:[0m Publisher sending PUBLISH_NAMESPACE (after subscriber): moq-test/interop
not ok 5 - subscribe-before-publish-namespace
  ---
  duration_ms: 1027
  message: "publisher PUBLISH_NAMESPACE failed: too many requests"
  ...
[2m2026-06-27T00:54:10.799389Z[0m [32m INFO[0m [2mmoq_native_ietf::quic[0m[2m:[0m UDP socket bound [3mbind[0m[2m=[0m[::]:0 [3mlocal[0m[2m=[0m[::]:43643 [3mdual_stack[0m[2m=[0mtrue
[2m2026-06-27T00:54:11.329409Z[0m [32m INFO[0m [2mmoq_test_client::scenarios[0m[2m:[0m Sending PUBLISH_NAMESPACE: moq-test/interop
not ok 6 - publish-namespace-done
  ---
  duration_ms: 530
  message: "PUBLISH_NAMESPACE failed: too many requests"
  ...
make[1]: *** [Makefile:121: test-external] Error 1
make[1]: Leaving directory '/home/runner/work/moq-interop-runner/moq-interop-runner/main'
