make[1]: Entering directory '/home/runner/work/moq-interop-runner/moq-interop-runner/main'
Running tests against moqt://draft-14.cloudflare.mediaoverquic.com:443...
  Client: ghcr.io/englishm/moq-interop-runner-moq-test-client:latest
docker run --rm \
	 \
	--network host \
	-e RELAY_URL=moqt://draft-14.cloudflare.mediaoverquic.com:443 \
	-e TLS_DISABLE_VERIFY=false \
	ghcr.io/englishm/moq-interop-runner-moq-test-client:latest
TAP version 14
# moq-test-client v0.1.0
# Relay: moqt://draft-14.cloudflare.mediaoverquic.com:443
1..6
ok 1 - setup-only
  ---
  duration_ms: 183
  connection_id: 7263a8dc11a1d59e144dc37001f154ff
  ...
ok 2 - announce-only
  ---
  duration_ms: 2035
  connection_id: 857d829cd44a3a6c101418ae40e768ac
  ...
ok 3 - subscribe-error
  ---
  duration_ms: 143
  connection_id: 75210e2f08cb22f38d0b9d5c9ff3ddac
  ...
ok 4 - announce-subscribe
  ---
  duration_ms: 3062
  publisher_connection_id: c548f0f7001d77f0f83170c2f312bfc3
  subscriber_connection_id: ae36febcda715adcba3b3caac7c44df3
  ...
ok 5 - subscribe-before-announce
  ---
  duration_ms: 3581
  subscriber_connection_id: 5b53dbc6566482e3b3e84cade5576db4
  publisher_connection_id: 387204a8db406f9ac466dc635b9c3d19
  ...
ok 6 - publish-namespace-done
  ---
  duration_ms: 2149
  connection_id: 902849439c23b0043af9f10541995935
  ...
make[1]: Leaving directory '/home/runner/work/moq-interop-runner/moq-interop-runner/main'
