make[1]: Entering directory '/home/runner/work/moq-interop-runner/moq-interop-runner/main'
Running tests against https://moqt.nokiaresearch.com:4443/moq...
  Client: ghcr.io/englishm/moq-interop-runner-moq-test-client-draft-18:latest
docker run --rm \
	 \
	--network host \
	-e RELAY_URL=https://moqt.nokiaresearch.com:4443/moq \
	-e TLS_DISABLE_VERIFY=false \
	ghcr.io/englishm/moq-interop-runner-moq-test-client-draft-18:latest
TAP version 14
# moq-test-client v0.1.6
# Relay: https://moqt.nokiaresearch.com:4443/moq
1..6
[2m2026-06-27T00:55:19.394242Z[0m [32m INFO[0m [2mmoq_native_ietf::quic[0m[2m:[0m UDP socket bound [3mbind[0m[2m=[0m[::]:0 [3mlocal[0m[2m=[0m[::]:56903 [3mdual_stack[0m[2m=[0mtrue
[2m2026-06-27T00:55:20.089390Z[0m [32m INFO[0m [2mmoq_test_client::scenarios[0m[2m:[0m SETUP exchange completed successfully
ok 1 - setup-only
  ---
  duration_ms: 696
  connection_id: 8d28c496d48c56edf879c912d96eec19
  ...
[2m2026-06-27T00:55:20.090414Z[0m [32m INFO[0m [2mmoq_native_ietf::quic[0m[2m:[0m UDP socket bound [3mbind[0m[2m=[0m[::]:0 [3mlocal[0m[2m=[0m[::]:34555 [3mdual_stack[0m[2m=[0mtrue
[2m2026-06-27T00:55:20.765194Z[0m [32m INFO[0m [2mmoq_test_client::scenarios[0m[2m:[0m Sending PUBLISH_NAMESPACE for: moq-test/interop
not ok 2 - publish-namespace-only
  ---
  duration_ms: 675
  message: "PUBLISH_NAMESPACE failed: too many requests"
  ...
[2m2026-06-27T00:55:20.766162Z[0m [32m INFO[0m [2mmoq_native_ietf::quic[0m[2m:[0m UDP socket bound [3mbind[0m[2m=[0m[::]:0 [3mlocal[0m[2m=[0m[::]:36936 [3mdual_stack[0m[2m=[0mtrue
[2m2026-06-27T00:55:21.592396Z[0m [32m INFO[0m [2mmoq_test_client::scenarios[0m[2m:[0m Subscribing to non-existent track: nonexistent/namespace/test-track
[2m2026-06-27T00:55:21.592427Z[0m [31mERROR[0m [2mmoq_transport::serve::error[0m[2m:[0m [b6f6d7d6-4b1e-43aa-83a4-0fc5a472b180] Internal error: request ID limit: too many requests at /build/moq-transport/src/session/subscriber.rs:191
[2m2026-06-27T00:55:21.592481Z[0m [33m WARN[0m [2mmoq_test_client::scenarios[0m[2m:[0m Got error but not clearly 'not found': internal error: Internal error [error:b6f6d7d6-4b1e-43aa-83a4-0fc5a472b180]. Relay may use different error text.
ok 3 - subscribe-error
  ---
  duration_ms: 827
  connection_id: 1b026a819922db198c95adbe97b2083a
  ...
[2m2026-06-27T00:55:21.593637Z[0m [32m INFO[0m [2mmoq_native_ietf::quic[0m[2m:[0m UDP socket bound [3mbind[0m[2m=[0m[::]:0 [3mlocal[0m[2m=[0m[::]:50610 [3mdual_stack[0m[2m=[0mtrue
[2m2026-06-27T00:55:22.346956Z[0m [32m INFO[0m [2mmoq_native_ietf::quic[0m[2m:[0m UDP socket bound [3mbind[0m[2m=[0m[::]:0 [3mlocal[0m[2m=[0m[::]:52803 [3mdual_stack[0m[2m=[0mtrue
[2m2026-06-27T00:55:23.131192Z[0m [32m INFO[0m [2mmoq_test_client::scenarios[0m[2m:[0m Publisher sending PUBLISH_NAMESPACE: moq-test/interop
[2m2026-06-27T00:55:23.131210Z[0m [32m INFO[0m [2mmoq_test_client::scenarios[0m[2m:[0m Subscriber subscribing to track: moq-test/interop/test-track
not ok 4 - publish-namespace-subscribe
  ---
  duration_ms: 1538
  message: "publisher PUBLISH_NAMESPACE failed: too many requests"
  ...
[2m2026-06-27T00:55:23.132218Z[0m [32m INFO[0m [2mmoq_native_ietf::quic[0m[2m:[0m UDP socket bound [3mbind[0m[2m=[0m[::]:0 [3mlocal[0m[2m=[0m[::]:46577 [3mdual_stack[0m[2m=[0mtrue
[2m2026-06-27T00:55:23.780747Z[0m [32m INFO[0m [2mmoq_test_client::scenarios[0m[2m:[0m Subscriber subscribing BEFORE PUBLISH_NAMESPACE: moq-test/interop/test-track
[2m2026-06-27T00:55:23.780843Z[0m [31mERROR[0m [2mmoq_transport::serve::error[0m[2m:[0m [ac58ddd9-1462-4de4-bf2b-f9cf5a1f3534] Internal error: request ID limit: too many requests at /build/moq-transport/src/session/subscriber.rs:191
[2m2026-06-27T00:55:24.282683Z[0m [32m INFO[0m [2mmoq_native_ietf::quic[0m[2m:[0m UDP socket bound [3mbind[0m[2m=[0m[::]:0 [3mlocal[0m[2m=[0m[::]:43854 [3mdual_stack[0m[2m=[0mtrue
[2m2026-06-27T00:55:25.015693Z[0m [32m INFO[0m [2mmoq_test_client::scenarios[0m[2m:[0m Publisher sending PUBLISH_NAMESPACE (after subscriber): moq-test/interop
not ok 5 - subscribe-before-publish-namespace
  ---
  duration_ms: 1884
  message: "publisher PUBLISH_NAMESPACE failed: too many requests"
  ...
[2m2026-06-27T00:55:25.016739Z[0m [32m INFO[0m [2mmoq_native_ietf::quic[0m[2m:[0m UDP socket bound [3mbind[0m[2m=[0m[::]:0 [3mlocal[0m[2m=[0m[::]:37231 [3mdual_stack[0m[2m=[0mtrue
[2m2026-06-27T00:55:25.774023Z[0m [32m INFO[0m [2mmoq_test_client::scenarios[0m[2m:[0m Sending PUBLISH_NAMESPACE: moq-test/interop
not ok 6 - publish-namespace-done
  ---
  duration_ms: 758
  message: "PUBLISH_NAMESPACE failed: too many requests"
  ...
make[1]: *** [Makefile:121: test-external] Error 1
make[1]: Leaving directory '/home/runner/work/moq-interop-runner/moq-interop-runner/main'
