make[1]: Entering directory '/home/runner/work/moq-interop-runner/moq-interop-runner/main'
Running tests against https://relay.moqtail.dev...
  Client: ghcr.io/englishm/moq-interop-runner-moq-test-client-draft-16:latest
docker run --rm \
	 \
	--network host \
	-e RELAY_URL=https://relay.moqtail.dev \
	-e TLS_DISABLE_VERIFY=false \
	ghcr.io/englishm/moq-interop-runner-moq-test-client-draft-16:latest
TAP version 14
# moq-test-client v0.1.0
# Relay: https://relay.moqtail.dev/
1..6
ok 1 - setup-only
  ---
  duration_ms: 183
  connection_id: 081e55888f624f587c31e3d81afb0784
  ...
ok 2 - announce-only
  ---
  duration_ms: 2175
  connection_id: 9740c6eb378736e702f96c34bb72d71c
  ...
ok 3 - subscribe-error
  ---
  duration_ms: 183
  connection_id: 88f6aaa47f7d7b0472321457ff6ec8a4
  ...
not ok 4 - announce-subscribe
  ---
  duration_ms: 387
  message: "publisher session error: webtransport error: session error: connection error: closed: session error: connection error: closed: connection error: closed"
  ...
ok 5 - subscribe-before-announce
  ---
  duration_ms: 3711
  subscriber_connection_id: 3ecc8179e21bde6cd11fbb52b16afef0
  publisher_connection_id: efbed356c97a0179ce7769f82a850eaa
  ...
ok 6 - publish-namespace-done
  ---
  duration_ms: 2255
  connection_id: ba2025cdfc19f012d526990eb9b34740
  ...
make[1]: *** [Makefile:121: test-external] Error 1
make[1]: Leaving directory '/home/runner/work/moq-interop-runner/moq-interop-runner/main'
