make[1]: Entering directory '/home/runner/work/moq-interop-runner/moq-interop-runner/main'
Running tests against moqt://moqt.nokiaresearch.com:4443/moq...
  Client: ghcr.io/gmarzot/aiomoqt:latest
docker run --rm \
	 \
	--network host \
	-e RELAY_URL=moqt://moqt.nokiaresearch.com:4443/moq \
	-e TLS_DISABLE_VERIFY=false \
	ghcr.io/gmarzot/aiomoqt:latest
WARNING aiopquic.quic.connection: connection closed (transport): error=376
2026-06-30 00:50:44.124 ERROR: QUIC error: code: 376 reason: ConnectionTerminated
2026-06-30 00:50:44.124 ERROR: MOQT error: closing: ConnectionTerminated (376)
WARNING aiopquic.quic.connection: connection closed (transport): error=376
2026-06-30 00:50:44.228 ERROR: QUIC error: code: 376 reason: ConnectionTerminated
2026-06-30 00:50:44.228 ERROR: MOQT error: closing: ConnectionTerminated (376)
  [PASS] setup-only: SERVER_SETUP received with compatible version
  [PASS] announce-only: PUBLISH_NAMESPACE_OK received
  [PASS] publish-namespace-done: PUBLISH_NAMESPACE_OK received, PUBLISH_NAMESPACE_DONE sent
  [PASS] subscribe-error: Error received (expected): code=16
  [FAIL] announce-subscribe: SUBSCRIBE_ERROR: upstream subscribe failed: Track /moq-test/12e4/interop/announce-subscribe/track-12e4 does not exist
  [PASS] subscribe-before-announce: Error received (valid: relay didn't buffer): code=16
TAP version 14
# date: 2026-06-30T00:50:44Z
# ended: 2026-06-30T00:50:49Z
# target: moqt://moqt.nokiaresearch.com:4443/moq
# version: aiomoqt/0.10.4
# note: preference probe pinned draft-18
1..6
ok 1 - setup-only
  ---
  duration_ms: 410.4
  connection_id: unknown
  message: SERVER_SETUP received with compatible version
  ...
ok 2 - announce-only
  ---
  duration_ms: 509.4
  connection_id: unknown
  message: PUBLISH_NAMESPACE_OK received
  ...
ok 3 - publish-namespace-done
  ---
  duration_ms: 611.9
  connection_id: unknown
  message: PUBLISH_NAMESPACE_OK received, PUBLISH_NAMESPACE_DONE sent
  ...
ok 4 - subscribe-error
  ---
  duration_ms: 511.9
  connection_id: unknown
  message: Error received (expected): code=16
  expected: SUBSCRIBE_ERROR code=TRACK_DOES_NOT_EXIST
  ...
not ok 5 - announce-subscribe
  ---
  duration_ms: 1021.2
  publisher_connection_id: unknown
  subscriber_connection_id: unknown
  message: SUBSCRIBE_ERROR: upstream subscribe failed: Track /moq-test/12e4/interop/announce-subscribe/track-12e4 does not exist
  ...
ok 6 - subscribe-before-announce
  ---
  duration_ms: 1431.5
  publisher_connection_id: unknown
  subscriber_connection_id: unknown
  message: Error received (valid: relay didn't buffer): code=16
  ...
make[1]: *** [Makefile:121: test-external] Error 1
make[1]: Leaving directory '/home/runner/work/moq-interop-runner/moq-interop-runner/main'
