make[1]: Entering directory '/home/runner/work/moq-interop-runner/moq-interop-runner/main'
Running tests against https://lminiero.it:9000...
  Client: ghcr.io/englishm/moq-interop-runner-moq-test-client-draft-18:latest
docker run --rm \
	 \
	--network host \
	-e RELAY_URL=https://lminiero.it:9000 \
	-e TLS_DISABLE_VERIFY=false \
	ghcr.io/englishm/moq-interop-runner-moq-test-client-draft-18:latest
TAP version 14
# moq-test-client v0.1.6
# Relay: https://lminiero.it:9000/
1..6
[2m2026-06-30T01:03:41.193764Z[0m [32m INFO[0m [2mmoq_native_ietf::quic[0m[2m:[0m UDP socket bound [3mbind[0m[2m=[0m[::]:0 [3mlocal[0m[2m=[0m[::]:34357 [3mdual_stack[0m[2m=[0mtrue
[2m2026-06-30T01:03:41.844968Z[0m [32m INFO[0m [2mmoq_test_client::scenarios[0m[2m:[0m SETUP exchange completed successfully
ok 1 - setup-only
  ---
  duration_ms: 652
  connection_id: 4e0435e5e972cecd9733b670a4602936
  ...
[2m2026-06-30T01:03:41.846178Z[0m [32m INFO[0m [2mmoq_native_ietf::quic[0m[2m:[0m UDP socket bound [3mbind[0m[2m=[0m[::]:0 [3mlocal[0m[2m=[0m[::]:59437 [3mdual_stack[0m[2m=[0mtrue
[2m2026-06-30T01:03:42.597308Z[0m [32m INFO[0m [2mmoq_test_client::scenarios[0m[2m:[0m Sending PUBLISH_NAMESPACE for: moq-test/interop
not ok 2 - publish-namespace-only
  ---
  duration_ms: 752
  message: "PUBLISH_NAMESPACE failed: too many requests"
  ...
[2m2026-06-30T01:03:42.598552Z[0m [32m INFO[0m [2mmoq_native_ietf::quic[0m[2m:[0m UDP socket bound [3mbind[0m[2m=[0m[::]:0 [3mlocal[0m[2m=[0m[::]:34807 [3mdual_stack[0m[2m=[0mtrue
[2m2026-06-30T01:03:43.283770Z[0m [32m INFO[0m [2mmoq_test_client::scenarios[0m[2m:[0m Subscribing to non-existent track: nonexistent/namespace/test-track
[2m2026-06-30T01:03:43.283802Z[0m [31mERROR[0m [2mmoq_transport::serve::error[0m[2m:[0m [9c88ace3-3b55-45b0-9033-71bb5305905c] Internal error: request ID limit: too many requests at /build/moq-transport/src/session/subscriber.rs:191
[2m2026-06-30T01:03:43.283823Z[0m [33m WARN[0m [2mmoq_test_client::scenarios[0m[2m:[0m Got error but not clearly 'not found': internal error: Internal error [error:9c88ace3-3b55-45b0-9033-71bb5305905c]. Relay may use different error text.
ok 3 - subscribe-error
  ---
  duration_ms: 686
  connection_id: ca67ed0dc6a48837de1b86a43d3819e9
  ...
[2m2026-06-30T01:03:43.285125Z[0m [32m INFO[0m [2mmoq_native_ietf::quic[0m[2m:[0m UDP socket bound [3mbind[0m[2m=[0m[::]:0 [3mlocal[0m[2m=[0m[::]:49300 [3mdual_stack[0m[2m=[0mtrue
[2m2026-06-30T01:03:43.929207Z[0m [32m INFO[0m [2mmoq_native_ietf::quic[0m[2m:[0m UDP socket bound [3mbind[0m[2m=[0m[::]:0 [3mlocal[0m[2m=[0m[::]:46277 [3mdual_stack[0m[2m=[0mtrue
[2m2026-06-30T01:03:44.575834Z[0m [32m INFO[0m [2mmoq_test_client::scenarios[0m[2m:[0m Publisher sending PUBLISH_NAMESPACE: moq-test/interop
[2m2026-06-30T01:03:44.575854Z[0m [32m INFO[0m [2mmoq_test_client::scenarios[0m[2m:[0m Subscriber subscribing to track: moq-test/interop/test-track
[2m2026-06-30T01:03:44.575867Z[0m [31mERROR[0m [2mmoq_transport::serve::error[0m[2m:[0m [67f8c6cf-e411-40e8-a12e-6cd30a182e6e] Internal error: request ID limit: too many requests at /build/moq-transport/src/session/subscriber.rs:191
[2m2026-06-30T01:03:44.575901Z[0m [32m INFO[0m [2mmoq_test_client::scenarios[0m[2m:[0m Subscriber got error: internal error: Internal error [error:67f8c6cf-e411-40e8-a12e-6cd30a182e6e] - subscription was processed
ok 4 - publish-namespace-subscribe
  ---
  duration_ms: 1292
  publisher_connection_id: f7fad54932e04575def64e7003336947
  subscriber_connection_id: cdb5c59f9ad8444ae21117601bb56ae6
  ...
[2m2026-06-30T01:03:44.577309Z[0m [32m INFO[0m [2mmoq_native_ietf::quic[0m[2m:[0m UDP socket bound [3mbind[0m[2m=[0m[::]:0 [3mlocal[0m[2m=[0m[::]:53146 [3mdual_stack[0m[2m=[0mtrue
[2m2026-06-30T01:03:45.232171Z[0m [32m INFO[0m [2mmoq_test_client::scenarios[0m[2m:[0m Subscriber subscribing BEFORE PUBLISH_NAMESPACE: moq-test/interop/test-track
[2m2026-06-30T01:03:45.232268Z[0m [31mERROR[0m [2mmoq_transport::serve::error[0m[2m:[0m [253991f0-96f3-4c93-935c-2950336dd4d8] Internal error: request ID limit: too many requests at /build/moq-transport/src/session/subscriber.rs:191
[2m2026-06-30T01:03:45.734430Z[0m [32m INFO[0m [2mmoq_native_ietf::quic[0m[2m:[0m UDP socket bound [3mbind[0m[2m=[0m[::]:0 [3mlocal[0m[2m=[0m[::]:55738 [3mdual_stack[0m[2m=[0mtrue
[2m2026-06-30T01:03:46.379696Z[0m [32m INFO[0m [2mmoq_test_client::scenarios[0m[2m:[0m Publisher sending PUBLISH_NAMESPACE (after subscriber): moq-test/interop
not ok 5 - subscribe-before-publish-namespace
  ---
  duration_ms: 1803
  message: "publisher PUBLISH_NAMESPACE failed: too many requests"
  ...
[2m2026-06-30T01:03:46.381076Z[0m [32m INFO[0m [2mmoq_native_ietf::quic[0m[2m:[0m UDP socket bound [3mbind[0m[2m=[0m[::]:0 [3mlocal[0m[2m=[0m[::]:35481 [3mdual_stack[0m[2m=[0mtrue
[2m2026-06-30T01:03:46.831140Z[0m [32m INFO[0m [2mmoq_test_client::scenarios[0m[2m:[0m Sending PUBLISH_NAMESPACE: moq-test/interop
not ok 6 - publish-namespace-done
  ---
  duration_ms: 451
  message: "PUBLISH_NAMESPACE failed: too many requests"
  ...
make[1]: *** [Makefile:121: test-external] Error 1
make[1]: Leaving directory '/home/runner/work/moq-interop-runner/moq-interop-runner/main'
