make[1]: Entering directory '/home/runner/work/moq-interop-runner/moq-interop-runner/main'
Running tests against https://lminiero.it:9000...
  Client: ghcr.io/englishm/moq-interop-runner-moq-test-client-draft-16:latest
docker run --rm \
	 \
	--network host \
	-e RELAY_URL=https://lminiero.it:9000 \
	-e TLS_DISABLE_VERIFY=false \
	ghcr.io/englishm/moq-interop-runner-moq-test-client-draft-16:latest
TAP version 14
# moq-test-client v0.1.0
# Relay: https://lminiero.it:9000/
1..6
not ok 1 - setup-only
  ---
  duration_ms: 10001
  message: "test timed out: deadline has elapsed"
  ...
ok 2 - announce-only
  ---
  duration_ms: 2760
  connection_id: c7c9b119a34db938592e5648404b824d
  ...
not ok 3 - subscribe-error
  ---
  duration_ms: 10000
  message: "test timed out: deadline has elapsed"
  ...
ok 4 - announce-subscribe
  ---
  duration_ms: 4647
  publisher_connection_id: d94e280929590b3ad5a58369937fc963
  subscriber_connection_id: c54285c0296ed1f4b3fc7bf1c7280a85
  ...
ok 5 - subscribe-before-announce
  ---
  duration_ms: 6235
  subscriber_connection_id: fcc1eb44da8ed4dc24c3bfca97059a4a
  publisher_connection_id: 95e1f14ebb19271d0229a39bc0bde0b2
  ...
ok 6 - publish-namespace-done
  ---
  duration_ms: 2867
  connection_id: 041a413d93c878db0fcd3a426c41283f
  ...
make[1]: *** [Makefile:121: test-external] Error 1
make[1]: Leaving directory '/home/runner/work/moq-interop-runner/moq-interop-runner/main'
