make[1]: Entering directory '/home/runner/work/moq-interop-runner/moq-interop-runner/main'
Running tests against moqt://moqx-main.ci.openmoq.org:4433...
  Client: ghcr.io/englishm/moq-interop-runner-moq-test-client-draft-16:latest
docker run --rm \
	 \
	--network host \
	-e RELAY_URL=moqt://moqx-main.ci.openmoq.org:4433 \
	-e TLS_DISABLE_VERIFY=false \
	ghcr.io/englishm/moq-interop-runner-moq-test-client-draft-16:latest
TAP version 14
# moq-test-client v0.1.0
# Relay: moqt://moqx-main.ci.openmoq.org:4433
1..6
ok 1 - setup-only
  ---
  duration_ms: 319
  connection_id: c9990c6677357855eae87a4ad197f244
  ...
ok 2 - announce-only
  ---
  duration_ms: 2222
  connection_id: 98062c63425aae011a4e903c2714221d
  ...
ok 3 - subscribe-error
  ---
  duration_ms: 68
  connection_id: 53defbc3e7377b0b41a48298de5d238f
  ...
ok 4 - announce-subscribe
  ---
  duration_ms: 3115
  publisher_connection_id: 280339130c8cdc8743b38f61e6551974
  subscriber_connection_id: 4e844ab1051800330cb5706c7aba9708
  ...
ok 5 - subscribe-before-announce
  ---
  duration_ms: 4663
  subscriber_connection_id: 578a422d4ba2523741d33bf535aad90b
  publisher_connection_id: 98f2efe2b7f39df9e57f09957243b4c3
  ...
ok 6 - publish-namespace-done
  ---
  duration_ms: 2194
  connection_id: 75fc08349e9ddf1cbdf06281c16a6698
  ...
make[1]: Leaving directory '/home/runner/work/moq-interop-runner/moq-interop-runner/main'
