make[1]: Entering directory '/home/runner/work/moq-interop-runner/moq-interop-runner/main'
Running tests against moqt://draft-14.cloudflare.mediaoverquic.com:443...
  Client: ghcr.io/englishm/moq-interop-runner-moq-test-client:latest
docker run --rm \
	 \
	--network host \
	-e RELAY_URL=moqt://draft-14.cloudflare.mediaoverquic.com:443 \
	-e TLS_DISABLE_VERIFY=false \
	ghcr.io/englishm/moq-interop-runner-moq-test-client:latest
TAP version 14
# moq-test-client v0.1.0
# Relay: moqt://draft-14.cloudflare.mediaoverquic.com:443
1..6
ok 1 - setup-only
  ---
  duration_ms: 46
  connection_id: c363d052b17b6209a5dd02ad313d961f
  ...
ok 2 - announce-only
  ---
  duration_ms: 2010
  connection_id: afdda51e07dad30930fcc8c5685ded7d
  ...
ok 3 - subscribe-error
  ---
  duration_ms: 267
  connection_id: 34728c612109369c125c27386285d418
  ...
ok 4 - announce-subscribe
  ---
  duration_ms: 151
  publisher_connection_id: 5932badbd23050cc984512891698beec
  subscriber_connection_id: 414523851f712a3ce34fe6bb99bc7f89
  ...
ok 5 - subscribe-before-announce
  ---
  duration_ms: 3520
  subscriber_connection_id: 20723f74f0faf8ad3c3d2f74917ae323
  publisher_connection_id: 530a7c42a909476806b1e5315f51920a
  ...
ok 6 - publish-namespace-done
  ---
  duration_ms: 2111
  connection_id: 2001f32d284416660576ec1efa172537
  ...
make[1]: Leaving directory '/home/runner/work/moq-interop-runner/moq-interop-runner/main'
