make[1]: Entering directory '/home/runner/work/moq-interop-runner/moq-interop-runner/main'
Running tests against moqt://fb.mvfst.net:9448...
  Client: ghcr.io/openmoq/moqx-interop-client:latest
docker run --rm \
	 \
	--network host \
	-e RELAY_URL=moqt://fb.mvfst.net:9448 \
	-e TLS_DISABLE_VERIFY=1 \
	ghcr.io/openmoq/moqx-interop-client:latest
TAP version 14
# moxygen interop test client
# Relay: moqt://fb.mvfst.net:9448
# Transport: QUIC
1..6
ok 1 - setup-only
  ---
  duration_ms: 165
  info: SETUP exchange completed successfully
  ...
E0630 01:32:55.038901     1 MoQRelaySession.cpp:880] PublishNamespaceDone for unknown publishNamespace, sess=0x557e721dad00
ok 2 - announce-only
  ---
  duration_ms: 426
  info: PUBLISH_NAMESPACE completed successfully
  ...
ok 3 - subscribe-error
  ---
  duration_ms: 179
  info: Subscribe correctly returned error: no such namespace or track
  ...
E0630 01:32:55.565670     1 MoQSession.cpp:5667] publishDone for invalid id=1 sess=0x557e721b7ae0
ok 4 - announce-subscribe
  ---
  duration_ms: 347
  info: Publisher announced, subscriber subscribed successfully
  ...
ok 5 - publish-namespace-done
  ---
  duration_ms: 134
  info: PUBLISH_NAMESPACE_OK received, PUBLISH_NAMESPACE_DONE sent
  ...
ok 6 - subscribe-before-announce
  ---
  duration_ms: 771
  info: Subscribe returned error (relay doesn't buffer pending subscriptions): no such namespace or track
  ...
make[1]: Leaving directory '/home/runner/work/moq-interop-runner/moq-interop-runner/main'
