make[1]: Entering directory '/home/runner/work/moq-interop-runner/moq-interop-runner/main'
Running tests against https://quichemoq.dev:443...
  Client: ghcr.io/englishm/moq-interop-runner-moq-test-client-draft-16:latest
docker run --rm \
	--network host \
	-e RELAY_URL=https://quichemoq.dev:443 \
	-e TLS_DISABLE_VERIFY=false \
	ghcr.io/englishm/moq-interop-runner-moq-test-client-draft-16:latest
TAP version 14
# moq-test-client v0.1.0
# Relay: https://quichemoq.dev/
1..6
ok 1 - setup-only
  ---
  duration_ms: 295
  connection_id: 18da7f24e79c7364ad759b8a7dbf860a
  ...
[2m2026-02-12T05:14:09.202852Z[0m [33m WARN[0m [2mweb_transport_quinn::session[0m[2m:[0m unknown capsule [3mtyp[0m[2m=[0m0 [3msize[0m[2m=[0m43
ok 2 - announce-only
  ---
  duration_ms: 2266
  connection_id: 2fbac978259be6d1839ca71eea969531
  ...
[2m2026-02-12T05:14:11.469886Z[0m [33m WARN[0m [2mweb_transport_quinn::session[0m[2m:[0m unknown capsule [3mtyp[0m[2m=[0m0 [3msize[0m[2m=[0m43
ok 3 - subscribe-error
  ---
  duration_ms: 300
  connection_id: 1f471746e1fc2709d60eb417d69dbd98
  ...
[2m2026-02-12T05:14:11.769929Z[0m [33m WARN[0m [2mweb_transport_quinn::session[0m[2m:[0m unknown capsule [3mtyp[0m[2m=[0m0 [3msize[0m[2m=[0m43
ok 4 - announce-subscribe
  ---
  duration_ms: 393
  publisher_connection_id: 70af0f3424965137a39a5c38669577af
  subscriber_connection_id: 97b5644a54054bad186224069201ba7c
  ...
[2m2026-02-12T05:14:12.124837Z[0m [33m WARN[0m [2mweb_transport_quinn::session[0m[2m:[0m unknown capsule [3mtyp[0m[2m=[0m0 [3msize[0m[2m=[0m51
[2m2026-02-12T05:14:12.162547Z[0m [33m WARN[0m [2mweb_transport_quinn::session[0m[2m:[0m unknown capsule [3mtyp[0m[2m=[0m0 [3msize[0m[2m=[0m43
[2m2026-02-12T05:14:12.437737Z[0m [33m WARN[0m [2mweb_transport_quinn::session[0m[2m:[0m unknown capsule [3mtyp[0m[2m=[0m0 [3msize[0m[2m=[0m43
ok 5 - subscribe-before-announce
  ---
  duration_ms: 3905
  subscriber_connection_id: e67cd0142e0746e842c5956121ec539b
  publisher_connection_id: b15b08dbb5978084de010734374946a3
  ...
[2m2026-02-12T05:14:16.068956Z[0m [33m WARN[0m [2mweb_transport_quinn::session[0m[2m:[0m unknown capsule [3mtyp[0m[2m=[0m0 [3msize[0m[2m=[0m43
[2m2026-02-12T05:14:18.232911Z[0m [33m WARN[0m [2mweb_transport_quinn::session[0m[2m:[0m unknown capsule [3mtyp[0m[2m=[0m0 [3msize[0m[2m=[0m43
ok 6 - publish-namespace-done
  ---
  duration_ms: 2265
  connection_id: 771165e923c9ae615718c859d9f44f4e
  ...
make[1]: Leaving directory '/home/runner/work/moq-interop-runner/moq-interop-runner/main'
