make[1]: Entering directory '/home/runner/work/moq-interop-runner/moq-interop-runner/main'
Running tests against https://us-west-2.relay.quicr.org:33437/relay...
  Client: ghcr.io/englishm/moq-interop-runner-moq-test-client:latest
docker run --rm \
	--network host \
	-e RELAY_URL=https://us-west-2.relay.quicr.org:33437/relay \
	-e TLS_DISABLE_VERIFY=1 \
	ghcr.io/englishm/moq-interop-runner-moq-test-client:latest
TAP version 14
# moq-test-client v0.1.0
# Relay: https://us-west-2.relay.quicr.org:33437/relay
1..6
ok 1 - setup-only
  ---
  duration_ms: 214
  connection_id: f51bc907a7eb41d840025c1403414429
  ...
ok 2 - announce-only
  ---
  duration_ms: 2175
  connection_id: 90107536becfd8ae6d88d6299f596533
  ...
not ok 3 - subscribe-error
  ---
  duration_ms: 10000
  message: "test timed out: deadline has elapsed"
  ...
ok 4 - announce-subscribe
  ---
  duration_ms: 3507
  publisher_connection_id: 613af9c42c1490b8b706418d2925a344
  subscriber_connection_id: 637efce95bf8da95f0dbe5a8fdb2dcc4
  ...
ok 5 - subscribe-before-announce
  ---
  duration_ms: 4711
  subscriber_connection_id: b0e20441f999fd2ddc7ed6927e3a5d0b
  publisher_connection_id: 6556c45ece6085531df276c0031610d0
  ...
ok 6 - publish-namespace-done
  ---
  duration_ms: 2206
  connection_id: fa39f62287cb4278299d9a18b779c903
  ...
make[1]: *** [Makefile:91: test-external] Error 1
make[1]: Leaving directory '/home/runner/work/moq-interop-runner/moq-interop-runner/main'
