make[1]: Entering directory '/home/runner/work/moq-interop-runner/moq-interop-runner/main'
Running tests against https://fb.mvfst.net:9448/moq-relay...
  Client: ghcr.io/englishm/moq-interop-runner-moq-test-client:latest
docker run --rm \
	--network host \
	-e RELAY_URL=https://fb.mvfst.net:9448/moq-relay \
	-e TLS_DISABLE_VERIFY=1 \
	ghcr.io/englishm/moq-interop-runner-moq-test-client:latest
TAP version 14
# moq-test-client v0.1.0
# Relay: https://fb.mvfst.net:9448/moq-relay
1..6
ok 1 - setup-only
  ---
  duration_ms: 329
  connection_id: 6f2f3b425933d0ee9012c6a6122cd5f3
  ...
ok 2 - announce-only
  ---
  duration_ms: 2129
  connection_id: 00ce2d7d39ebbce32f59dcb6045aeb69
  ...
ok 3 - subscribe-error
  ---
  duration_ms: 235
  connection_id: bd6c18256f6f17e567efdfbd23f0b36e
  ...
ok 4 - announce-subscribe
  ---
  duration_ms: 477
  publisher_connection_id: 77a125945d04cc291a620aedede18b9a
  subscriber_connection_id: 21b5c81898461a9055e229198e2d6206
  ...
ok 5 - subscribe-before-announce
  ---
  duration_ms: 3824
  subscriber_connection_id: e1700d17f27f9f00e925c3cfbbf6e049
  publisher_connection_id: 852c044ee70aa7991984f3dd519e9f9f
  ...
ok 6 - publish-namespace-done
  ---
  duration_ms: 2229
  connection_id: a3cdd253b52d5bec90a24f5d4e470de0
  ...
make[1]: Leaving directory '/home/runner/work/moq-interop-runner/moq-interop-runner/main'
