make[1]: Entering directory '/home/runner/work/moq-interop-runner/moq-interop-runner/main'
Running tests against moqt://draft-14.cloudflare.mediaoverquic.com:443...
  Client: ghcr.io/englishm/moq-interop-runner-moq-test-client:latest
docker run --rm \
	--network host \
	-e RELAY_URL=moqt://draft-14.cloudflare.mediaoverquic.com:443 \
	-e TLS_DISABLE_VERIFY=false \
	ghcr.io/englishm/moq-interop-runner-moq-test-client:latest
TAP version 14
# moq-test-client v0.1.0
# Relay: moqt://draft-14.cloudflare.mediaoverquic.com:443
1..6
ok 1 - setup-only
  ---
  duration_ms: 133
  connection_id: bbe2b00ff2dda4a95441210be2e3bfe5
  ...
ok 2 - announce-only
  ---
  duration_ms: 2053
  connection_id: 3df26b186b3aa3a2983397178f0deca9
  ...
ok 3 - subscribe-error
  ---
  duration_ms: 177
  connection_id: 38709fbd08df8482eb5dc55824b7f53a
  ...
ok 4 - announce-subscribe
  ---
  duration_ms: 447
  publisher_connection_id: b635f82b8eef1938a7e28d4fb92dee98
  subscriber_connection_id: f866b2d8a8e7a9a96cf733015a6d541b
  ...
ok 5 - subscribe-before-announce
  ---
  duration_ms: 3606
  subscriber_connection_id: 77643490fb2cd3e11cad25246409c512
  publisher_connection_id: bc2bb9f9f2391c42bea15fcffd084697
  ...
ok 6 - publish-namespace-done
  ---
  duration_ms: 2158
  connection_id: 45a1aadca7df39e7c0c86c2070159150
  ...
make[1]: Leaving directory '/home/runner/work/moq-interop-runner/moq-interop-runner/main'
