make[1]: Entering directory '/home/runner/work/moq-interop-runner/moq-interop-runner/main'
Running tests against moqt://us-west-2.relay.quicr.org:33437...
  Client: ghcr.io/englishm/moq-interop-runner-moq-test-client:latest
docker run --rm \
	--network host \
	-e RELAY_URL=moqt://us-west-2.relay.quicr.org:33437 \
	-e TLS_DISABLE_VERIFY=1 \
	ghcr.io/englishm/moq-interop-runner-moq-test-client:latest
TAP version 14
# moq-test-client v0.1.0
# Relay: moqt://us-west-2.relay.quicr.org:33437
1..6
ok 1 - setup-only
  ---
  duration_ms: 392
  connection_id: d32a23a37674dd178a9a1d77a3ee73d8
  ...
ok 2 - announce-only
  ---
  duration_ms: 2192
  connection_id: 9c8644d766d99c68b57909cfb12890a4
  ...
not ok 3 - subscribe-error
  ---
  duration_ms: 10001
  message: "test timed out: deadline has elapsed"
  ...
ok 4 - announce-subscribe
  ---
  duration_ms: 3458
  publisher_connection_id: 76ad89f1b690116e1ec6e71aa99085a7
  subscriber_connection_id: b32636f4b25e5a9e7533ac95f287e576
  ...
ok 5 - subscribe-before-announce
  ---
  duration_ms: 8901
  subscriber_connection_id: f30683bcbcee277591b7b25ecbc34e5c
  publisher_connection_id: 2829f53736a1e77256274fd92206df0a
  ...
ok 6 - publish-namespace-done
  ---
  duration_ms: 2282
  connection_id: 11d6a332ad87c8b25beddd538a4cd9ba
  ...
make[1]: *** [Makefile:91: test-external] Error 1
make[1]: Leaving directory '/home/runner/work/moq-interop-runner/moq-interop-runner/main'
