make[1]: Entering directory '/home/runner/work/moq-interop-runner/moq-interop-runner/main'
Running tests against https://relay.moqtail.dev...
  Client: ghcr.io/englishm/moq-interop-runner-moq-test-client:latest
docker run --rm \
	--network host \
	-e RELAY_URL=https://relay.moqtail.dev \
	-e TLS_DISABLE_VERIFY=false \
	ghcr.io/englishm/moq-interop-runner-moq-test-client:latest
TAP version 14
# moq-test-client v0.1.0
# Relay: https://relay.moqtail.dev/
1..6
ok 1 - setup-only
  ---
  duration_ms: 410
  connection_id: ec3116b3675918d6fb06d38c05787851
  ...
ok 2 - announce-only
  ---
  duration_ms: 2471
  connection_id: 425716740b7003b71b74e8bcbbf2b163
  ...
ok 3 - subscribe-error
  ---
  duration_ms: 470
  connection_id: 01637a75d86dc7210512e6c04cc14ccb
  ...
ok 4 - announce-subscribe
  ---
  duration_ms: 3797
  publisher_connection_id: 08cac229fbd14881a88793f4c358ef4a
  subscriber_connection_id: 6059f0a6993d0667fa11ecf46fbe17d2
  ...
ok 5 - subscribe-before-announce
  ---
  duration_ms: 4372
  subscriber_connection_id: b031e6c5322b9e6793486f0b251fb906
  publisher_connection_id: 017a50f09c39892ea5e9fd93084c4252
  ...
ok 6 - publish-namespace-done
  ---
  duration_ms: 2575
  connection_id: b4e80cfc386bbbb01130155d1cb716e6
  ...
make[1]: Leaving directory '/home/runner/work/moq-interop-runner/moq-interop-runner/main'
