make[1]: Entering directory '/home/runner/work/moq-interop-runner/moq-interop-runner/main'
Running tests against moqt://draft-14.cloudflare.mediaoverquic.com:443...
  Client: ghcr.io/englishm/moq-interop-runner-moq-test-client:latest
docker run --rm \
	--network host \
	-e RELAY_URL=moqt://draft-14.cloudflare.mediaoverquic.com:443 \
	-e TLS_DISABLE_VERIFY=false \
	ghcr.io/englishm/moq-interop-runner-moq-test-client:latest
TAP version 14
# moq-test-client v0.1.0
# Relay: moqt://draft-14.cloudflare.mediaoverquic.com:443
1..6
ok 1 - setup-only
  ---
  duration_ms: 73
  connection_id: 42b5717f21f774606b48360c72aaa6f5
  ...
ok 2 - announce-only
  ---
  duration_ms: 2013
  connection_id: 94001e8d7e524dbc78e2e9a64c6f3390
  ...
ok 3 - subscribe-error
  ---
  duration_ms: 369
  connection_id: 1cfda2924105df04245679866207f01b
  ...
ok 4 - announce-subscribe
  ---
  duration_ms: 1211
  publisher_connection_id: 0683eb287576bcada54683c2f36d0d23
  subscriber_connection_id: 58e5cd553535930669a3d625de73a58d
  ...
ok 5 - subscribe-before-announce
  ---
  duration_ms: 3534
  subscriber_connection_id: eae1475b9de206d45063d1abfc8cec69
  publisher_connection_id: 1f25b0319d64cd400d690774a8e8fa6d
  ...
ok 6 - publish-namespace-done
  ---
  duration_ms: 2111
  connection_id: ec35df124dbfcf69ac259e93f434794c
  ...
make[1]: Leaving directory '/home/runner/work/moq-interop-runner/moq-interop-runner/main'
