make[1]: Entering directory '/home/runner/work/moq-interop-runner/moq-interop-runner/main'
Running tests against https://fb.mvfst.net:9448/moq-relay...
  Client: ghcr.io/englishm/moq-interop-runner-moq-test-client-draft-16:latest
docker run --rm \
	--network host \
	-e RELAY_URL=https://fb.mvfst.net:9448/moq-relay \
	-e TLS_DISABLE_VERIFY=1 \
	ghcr.io/englishm/moq-interop-runner-moq-test-client-draft-16:latest
TAP version 14
# moq-test-client v0.1.0
# Relay: https://fb.mvfst.net:9448/moq-relay
1..6
[2m2026-02-24T00:25:12.288895Z[0m [33m WARN[0m [2mweb_transport_quinn::session[0m[2m:[0m unknown capsule [3mtyp[0m[2m=[0m0 [3msize[0m[2m=[0m9
ok 1 - setup-only
  ---
  duration_ms: 380
  connection_id: 8d19d899117d47832017833a702a3a35
  ...
[2m2026-02-24T00:25:12.420154Z[0m [33m WARN[0m [2mweb_transport_quinn::session[0m[2m:[0m unknown capsule [3mtyp[0m[2m=[0m0 [3msize[0m[2m=[0m9
[2m2026-02-24T00:25:12.444883Z[0m [33m WARN[0m [2mweb_transport_quinn::session[0m[2m:[0m unknown capsule [3mtyp[0m[2m=[0m0 [3msize[0m[2m=[0m9
ok 2 - announce-only
  ---
  duration_ms: 2131
  connection_id: 2bc6f760a48469beadd84300a7e75516
  ...
[2m2026-02-24T00:25:14.615130Z[0m [33m WARN[0m [2mweb_transport_quinn::session[0m[2m:[0m unknown capsule [3mtyp[0m[2m=[0m0 [3msize[0m[2m=[0m9
[2m2026-02-24T00:25:14.635633Z[0m [33m WARN[0m [2mweb_transport_quinn::session[0m[2m:[0m unknown capsule [3mtyp[0m[2m=[0m0 [3msize[0m[2m=[0m9
ok 3 - subscribe-error
  ---
  duration_ms: 214
  connection_id: 9dc58cfff322452da3459be9ea935267
  ...
[2m2026-02-24T00:25:14.751479Z[0m [33m WARN[0m [2mweb_transport_quinn::session[0m[2m:[0m unknown capsule [3mtyp[0m[2m=[0m0 [3msize[0m[2m=[0m9
[2m2026-02-24T00:25:14.880745Z[0m [33m WARN[0m [2mweb_transport_quinn::session[0m[2m:[0m unknown capsule [3mtyp[0m[2m=[0m0 [3msize[0m[2m=[0m9
[2m2026-02-24T00:25:14.903561Z[0m [33m WARN[0m [2mweb_transport_quinn::session[0m[2m:[0m unknown capsule [3mtyp[0m[2m=[0m0 [3msize[0m[2m=[0m9
[2m2026-02-24T00:25:14.905259Z[0m [33m WARN[0m [2mweb_transport_quinn::session[0m[2m:[0m unknown capsule [3mtyp[0m[2m=[0m0 [3msize[0m[2m=[0m9
ok 4 - announce-subscribe
  ---
  duration_ms: 3246
  publisher_connection_id: 5799f7c5f3b1be6492ead5d68c6db38a
  subscriber_connection_id: 7a54ee70494b5b2d42db258e83699430
  ...
[2m2026-02-24T00:25:17.960225Z[0m [33m WARN[0m [2mweb_transport_quinn::session[0m[2m:[0m unknown capsule [3mtyp[0m[2m=[0m0 [3msize[0m[2m=[0m9
[2m2026-02-24T00:25:17.981968Z[0m [33m WARN[0m [2mweb_transport_quinn::session[0m[2m:[0m unknown capsule [3mtyp[0m[2m=[0m0 [3msize[0m[2m=[0m9
[2m2026-02-24T00:25:18.669131Z[0m [33m WARN[0m [2mweb_transport_quinn::session[0m[2m:[0m unknown capsule [3mtyp[0m[2m=[0m0 [3msize[0m[2m=[0m9
[2m2026-02-24T00:25:18.691408Z[0m [33m WARN[0m [2mweb_transport_quinn::session[0m[2m:[0m unknown capsule [3mtyp[0m[2m=[0m0 [3msize[0m[2m=[0m9
ok 5 - subscribe-before-announce
  ---
  duration_ms: 4788
  subscriber_connection_id: c8c7e1e2fba6a88feb6dd1cde3f29871
  publisher_connection_id: d35ca3ae40511bb9f1ba76e265f2e845
  ...
[2m2026-02-24T00:25:22.924253Z[0m [33m WARN[0m [2mweb_transport_quinn::session[0m[2m:[0m unknown capsule [3mtyp[0m[2m=[0m0 [3msize[0m[2m=[0m9
[2m2026-02-24T00:25:22.950483Z[0m [33m WARN[0m [2mweb_transport_quinn::session[0m[2m:[0m unknown capsule [3mtyp[0m[2m=[0m0 [3msize[0m[2m=[0m9
ok 6 - publish-namespace-done
  ---
  duration_ms: 2354
  connection_id: 785b32ab90d6faa0a462b8dece325ee3
  ...
make[1]: Leaving directory '/home/runner/work/moq-interop-runner/moq-interop-runner/main'
