make[1]: Entering directory '/home/runner/work/moq-interop-runner/moq-interop-runner/main'
Running tests against https://fb.mvfst.net:9448/moq-relay...
  Client: ghcr.io/facebookexperimental/moxygen-interop-client:latest-amd64
docker run --rm \
	--network host \
	-e RELAY_URL=https://fb.mvfst.net:9448/moq-relay \
	-e TLS_DISABLE_VERIFY=1 \
	ghcr.io/facebookexperimental/moxygen-interop-client:latest-amd64
TAP version 14
# moxygen interop test client
# Relay: https://fb.mvfst.net:9448/moq-relay
# Transport: WebTransport
1..6
ok 1 - setup-only
  ---
  duration_ms: 95
  info: SETUP exchange completed successfully
  ...
E0224 00:28:08.447936     1 MoQSession.cpp:2600] proxygen::WebTransport::Exception: session terminated with error=386759528 id=4 sess=0x5587fc5386c0
E0224 00:28:08.712770     1 MoQRelaySession.cpp:681] PublishNamespaceDone for unknown publishNamespace, sess=0x5587fc547630
E0224 00:28:08.712955     1 MoQSession.cpp:2600] proxygen::WebTransport::Exception: session terminated with error=386759528 id=4 sess=0x5587fc547630
ok 2 - announce-only
  ---
  duration_ms: 264
  info: PUBLISH_NAMESPACE completed successfully
  ...
E0224 00:28:08.816735     1 MoQSession.cpp:2600] proxygen::WebTransport::Exception: session terminated with error=386759528 id=4 sess=0x5587fc557a90
ok 3 - subscribe-error
  ---
  duration_ms: 103
  info: Subscribe correctly returned error: no such namespace or track
  ...
ok 4 - announce-subscribe
  ---
  duration_ms: 394
  info: Publisher announced, subscriber subscribed successfully
  ...
E0224 00:28:09.211459     1 MoQSession.cpp:2600] proxygen::WebTransport::Exception: session terminated with error=386759528 id=4 sess=0x5587fc569050
E0224 00:28:09.211483     1 MoQSession.cpp:2600] proxygen::WebTransport::Exception: session terminated with error=386759528 id=4 sess=0x5587fc516d20
ok 5 - publish-namespace-done
  ---
  duration_ms: 122
  info: PUBLISH_NAMESPACE_OK received, PUBLISH_NAMESPACE_DONE sent
  ...
E0224 00:28:09.334518     1 MoQSession.cpp:2600] proxygen::WebTransport::Exception: session terminated with error=386759528 id=4 sess=0x5587fc510810
E0224 00:28:10.361150     1 MoQSession.cpp:2600] proxygen::WebTransport::Exception: session terminated with error=386759528 id=4 sess=0x5587fc566ad0
E0224 00:28:10.361178     1 MoQSession.cpp:2600] proxygen::WebTransport::Exception: session terminated with error=386759528 id=4 sess=0x5587fc52c7e0
ok 6 - subscribe-before-announce
  ---
  duration_ms: 1026
  info: Subscribe returned error (relay doesn't buffer pending subscriptions): no such namespace or track
  ...
make[1]: Leaving directory '/home/runner/work/moq-interop-runner/moq-interop-runner/main'
