make[1]: Entering directory '/home/runner/work/moq-interop-runner/moq-interop-runner/main'
Running tests against moqt://us-west-2.relay.quicr.org:33437...
  Client: ghcr.io/openmoq/moqx-interop-client:latest
docker run --rm \
	 \
	--network host \
	-e RELAY_URL=moqt://us-west-2.relay.quicr.org:33437 \
	-e TLS_DISABLE_VERIFY=1 \
	ghcr.io/openmoq/moqx-interop-client:latest
TAP version 14
# moxygen interop test client
# Relay: moqt://us-west-2.relay.quicr.org:33437
# Transport: QUIC
1..6
ok 1 - setup-only
  ---
  duration_ms: 548
  info: SETUP exchange completed successfully
  ...
W0709 01:44:01.416200     1 MoQSession.cpp:5473] Issuing request that will fail; nextRequestID_=0 peerMaxRequestID_=0 sess=0x55af42322a50
E0709 01:44:01.497099     1 MoQRelaySession.cpp:880] PublishNamespaceDone for unknown publishNamespace, sess=0x55af42322a50
ok 2 - announce-only
  ---
  duration_ms: 557
  info: PUBLISH_NAMESPACE completed successfully
  ...
W0709 01:44:01.820354     1 MoQSession.cpp:5473] Issuing request that will fail; nextRequestID_=0 peerMaxRequestID_=0 sess=0x55af42321c10
not ok 3 - subscribe-error
  ---
  duration_ms: 404
  error: Subscribe succeeded (relay accepted non-existent track)
  ...
W0709 01:44:02.096856     1 MoQSession.cpp:5473] Issuing request that will fail; nextRequestID_=0 peerMaxRequestID_=0 sess=0x55af42332c00
W0709 01:44:02.480241     1 MoQSession.cpp:5473] Issuing request that will fail; nextRequestID_=0 peerMaxRequestID_=0 sess=0x55af423333e0
E0709 01:44:02.561052     1 MoQSession.cpp:5700] publishDone for invalid id=1 sess=0x55af42332c00
ok 4 - announce-subscribe
  ---
  duration_ms: 659
  info: Publisher announced, subscriber subscribed successfully
  ...
W0709 01:44:02.904301     1 MoQSession.cpp:5473] Issuing request that will fail; nextRequestID_=0 peerMaxRequestID_=0 sess=0x55af423153a0
ok 5 - publish-namespace-done
  ---
  duration_ms: 424
  info: PUBLISH_NAMESPACE_OK received, PUBLISH_NAMESPACE_DONE sent
  ...
W0709 01:44:03.259239     1 MoQSession.cpp:5473] Issuing request that will fail; nextRequestID_=0 peerMaxRequestID_=0 sess=0x55af423224d0
W0709 01:44:03.927007     1 MoQSession.cpp:5473] Issuing request that will fail; nextRequestID_=0 peerMaxRequestID_=0 sess=0x55af4232f530
ok 6 - subscribe-before-announce
  ---
  duration_ms: 1022
  info: Subscribe succeeded after publisher announced (relay buffers pending subscriptions)
  ...
make[1]: *** [Makefile:121: test-external] Error 1
make[1]: Leaving directory '/home/runner/work/moq-interop-runner/moq-interop-runner/main'
