make[1]: Entering directory '/home/runner/work/moq-interop-runner/moq-interop-runner/main'
Running tests against moqt://lminiero.it:9000...
  Client: ghcr.io/facebookexperimental/moxygen-interop-client:latest-amd64
docker run --rm \
	 \
	--network host \
	-e RELAY_URL=moqt://lminiero.it:9000 \
	-e TLS_DISABLE_VERIFY=false \
	ghcr.io/facebookexperimental/moxygen-interop-client:latest-amd64
TAP version 14
# moxygen interop test client
# Relay: moqt://lminiero.it:9000
# Transport: QUIC
1..6
E0709 01:15:11.265113     1 MoQCodec.cpp:126] Conn error=3
E0709 01:15:11.265148     1 MoQSession.cpp:5259] MoQCodec control stream parse error err=3
not ok 1 - setup-only
  ---
  duration_ms: 454
  error: coroutine operation cancelled
  ...
E0709 01:15:11.697651     1 MoQCodec.cpp:126] Conn error=3
E0709 01:15:11.697676     1 MoQSession.cpp:5259] MoQCodec control stream parse error err=3
not ok 2 - announce-only
  ---
  duration_ms: 432
  error: coroutine operation cancelled
  ...
E0709 01:15:12.443165     1 MoQCodec.cpp:126] Conn error=3
E0709 01:15:12.443189     1 MoQSession.cpp:5259] MoQCodec control stream parse error err=3
not ok 3 - subscribe-error
  ---
  duration_ms: 745
  error: coroutine operation cancelled
  ...
E0709 01:15:13.106486     1 MoQCodec.cpp:126] Conn error=3
E0709 01:15:13.106514     1 MoQSession.cpp:5259] MoQCodec control stream parse error err=3
not ok 4 - announce-subscribe
  ---
  duration_ms: 663
  error: coroutine operation cancelled
  ...
E0709 01:15:13.847384     1 MoQCodec.cpp:126] Conn error=3
E0709 01:15:13.847418     1 MoQSession.cpp:5259] MoQCodec control stream parse error err=3
not ok 5 - publish-namespace-done
  ---
  duration_ms: 740
  error: coroutine operation cancelled
  ...
E0709 01:15:14.288213     1 MoQCodec.cpp:126] Conn error=3
E0709 01:15:14.288240     1 MoQSession.cpp:5259] MoQCodec control stream parse error err=3
not ok 6 - subscribe-before-announce
  ---
  duration_ms: 440
  error: coroutine operation cancelled
  ...
make[1]: *** [Makefile:121: test-external] Error 1
make[1]: Leaving directory '/home/runner/work/moq-interop-runner/moq-interop-runner/main'
