make[1]: Entering directory '/home/runner/work/moq-interop-runner/moq-interop-runner/main'
Running tests against https://relay.moqtail.dev...
  Client: ghcr.io/facebookexperimental/moxygen-interop-client:latest-amd64
docker run --rm \
	 \
	--network host \
	-e RELAY_URL=https://relay.moqtail.dev \
	-e TLS_DISABLE_VERIFY=false \
	ghcr.io/facebookexperimental/moxygen-interop-client:latest-amd64
TAP version 14
# moxygen interop test client
# Relay: https://relay.moqtail.dev
# Transport: WebTransport
1..6
W0709 01:46:37.707315     1 MoQWebTransportClient.cpp:175] WebTransport: No WT-Protocol header in response, will use legacy version negotiation
E0709 01:46:37.727420     1 MoQWebTransportClient.cpp:200] proxygen::HTTPException: Got error=ApplicationError: No Error, Client closed by peer reason=Setup failed
not ok 1 - setup-only
  ---
  duration_ms: 126
  error: coroutine operation cancelled
  ...
W0709 01:46:37.798078     1 MoQWebTransportClient.cpp:175] WebTransport: No WT-Protocol header in response, will use legacy version negotiation
E0709 01:46:37.818146     1 MoQWebTransportClient.cpp:200] proxygen::HTTPException: Got error=ApplicationError: No Error, Client closed by peer reason=Setup failed
not ok 2 - announce-only
  ---
  duration_ms: 90
  error: coroutine operation cancelled
  ...
W0709 01:46:37.945619     1 MoQWebTransportClient.cpp:175] WebTransport: No WT-Protocol header in response, will use legacy version negotiation
E0709 01:46:37.972008     1 MoQWebTransportClient.cpp:200] proxygen::HTTPException: Got error=ApplicationError: No Error, Client closed by peer reason=Setup failed
not ok 3 - subscribe-error
  ---
  duration_ms: 153
  error: coroutine operation cancelled
  ...
W0709 01:46:38.022475     1 MoQWebTransportClient.cpp:175] WebTransport: No WT-Protocol header in response, will use legacy version negotiation
E0709 01:46:38.044077     1 MoQWebTransportClient.cpp:200] proxygen::HTTPException: Got error=ApplicationError: No Error, Client closed by peer reason=Setup failed
not ok 4 - announce-subscribe
  ---
  duration_ms: 71
  error: coroutine operation cancelled
  ...
W0709 01:46:38.091781     1 MoQWebTransportClient.cpp:175] WebTransport: No WT-Protocol header in response, will use legacy version negotiation
E0709 01:46:38.112284     1 MoQWebTransportClient.cpp:200] proxygen::HTTPException: Got error=ApplicationError: No Error, Client closed by peer reason=Setup failed
not ok 5 - publish-namespace-done
  ---
  duration_ms: 68
  error: coroutine operation cancelled
  ...
W0709 01:46:38.240745     1 MoQWebTransportClient.cpp:175] WebTransport: No WT-Protocol header in response, will use legacy version negotiation
E0709 01:46:38.261128     1 MoQWebTransportClient.cpp:200] proxygen::HTTPException: Got error=ApplicationError: No Error, Client closed by peer reason=Setup failed
not ok 6 - subscribe-before-announce
  ---
  duration_ms: 148
  error: coroutine operation cancelled
  ...
make[1]: *** [Makefile:121: test-external] Error 1
make[1]: Leaving directory '/home/runner/work/moq-interop-runner/moq-interop-runner/main'
