make[1]: Entering directory '/home/runner/work/moq-interop-runner/moq-interop-runner/main'
Running tests against moqt://draft-16-manish.cloudflare.mediaoverquic.com:443...
  Client: ghcr.io/englishm/moq-interop-runner-moq-test-client-draft-16:latest
docker run --rm \
	--network host \
	-e RELAY_URL=moqt://draft-16-manish.cloudflare.mediaoverquic.com:443 \
	-e TLS_DISABLE_VERIFY=false \
	ghcr.io/englishm/moq-interop-runner-moq-test-client-draft-16:latest
TAP version 14
# moq-test-client v0.1.0
# Relay: moqt://draft-16-manish.cloudflare.mediaoverquic.com:443
1..6
ok 1 - setup-only
  ---
  duration_ms: 537
  connection_id: 8584434b2e9705610c5b1ad939a7136b
  ...
ok 2 - announce-only
  ---
  duration_ms: 2152
  connection_id: 28008f610c824c78b3d04ceb4a772e6c
  ...
ok 3 - subscribe-error
  ---
  duration_ms: 212
  connection_id: b6e7cb60a46024af76fdae5f1afce473
  ...
ok 4 - announce-subscribe
  ---
  duration_ms: 215
  publisher_connection_id: c1dd1ee92dc9541681f50585d7e045d4
  subscriber_connection_id: fab268e48e6e382666185b81d42f1f86
  ...
ok 5 - subscribe-before-announce
  ---
  duration_ms: 3686
  subscriber_connection_id: 8e748522c0d93ebb31392077a0daa385
  publisher_connection_id: de049019ec65e3a6932904459570237e
  ...
ok 6 - publish-namespace-done
  ---
  duration_ms: 2291
  connection_id: ec90692b7b6050d8990505b135ebdcdc
  ...
make[1]: Leaving directory '/home/runner/work/moq-interop-runner/moq-interop-runner/main'
