make[1]: Entering directory '/home/runner/work/moq-interop-runner/moq-interop-runner/main'
Running tests against https://relay.moqtail.dev...
  Client: ghcr.io/englishm/moq-interop-runner-moq-test-client:latest
docker run --rm \
	--network host \
	-e RELAY_URL=https://relay.moqtail.dev \
	-e TLS_DISABLE_VERIFY=false \
	ghcr.io/englishm/moq-interop-runner-moq-test-client:latest
TAP version 14
# moq-test-client v0.1.0
# Relay: https://relay.moqtail.dev/
1..6
ok 1 - setup-only
  ---
  duration_ms: 594
  connection_id: e8ead9c5951644d8299bc1d941482797
  ...
ok 2 - announce-only
  ---
  duration_ms: 2540
  connection_id: 177f57e30553885a137dd33c3fe800c6
  ...
ok 3 - subscribe-error
  ---
  duration_ms: 652
  connection_id: eae18ad28b3db0f61b7c77f332b173a4
  ...
ok 4 - announce-subscribe
  ---
  duration_ms: 4187
  publisher_connection_id: 9572d74bccd114a633dad3027ec33aa1
  subscriber_connection_id: d80ac4f2832f235d65c9f753c4796842
  ...
ok 5 - subscribe-before-announce
  ---
  duration_ms: 4659
  subscriber_connection_id: 30ad44a43854350ef5e094f5e3543c45
  publisher_connection_id: a04eaeedd007d3f30084fe1dc7d2c372
  ...
ok 6 - publish-namespace-done
  ---
  duration_ms: 2642
  connection_id: 4ca80df556147e5a52f1ad803152b324
  ...
make[1]: Leaving directory '/home/runner/work/moq-interop-runner/moq-interop-runner/main'
