make[1]: Entering directory '/home/runner/work/moq-interop-runner/moq-interop-runner/main'
Running tests against https://draft-16-manish.cloudflare.mediaoverquic.com:443/moq...
  Client: ghcr.io/englishm/moq-interop-runner-moq-test-client-draft-16:latest
docker run --rm \
	--network host \
	-e RELAY_URL=https://draft-16-manish.cloudflare.mediaoverquic.com:443/moq \
	-e TLS_DISABLE_VERIFY=false \
	ghcr.io/englishm/moq-interop-runner-moq-test-client-draft-16:latest
TAP version 14
# moq-test-client v0.1.0
# Relay: https://draft-16-manish.cloudflare.mediaoverquic.com/moq
1..6
ok 1 - setup-only
  ---
  duration_ms: 247
  connection_id: f17fc88caae521cc9f473f9c745b9a8c
  ...
ok 2 - announce-only
  ---
  duration_ms: 2150
  connection_id: da9a3d8b5bc42803fbf0565479aea422
  ...
ok 3 - subscribe-error
  ---
  duration_ms: 189
  connection_id: 442d0556b56b43a2bcfeb9fb2e499d64
  ...
ok 4 - announce-subscribe
  ---
  duration_ms: 366
  publisher_connection_id: 8f497d5554e3ced61a90b255bb40bc6c
  subscriber_connection_id: 8b6ddf966c06988a5ffaf08e88adfbe3
  ...
ok 5 - subscribe-before-announce
  ---
  duration_ms: 3798
  subscriber_connection_id: d26e589fc4840d0368fc1024e42e24a6
  publisher_connection_id: 1a38142606627aaeed7396de6241cd7a
  ...
ok 6 - publish-namespace-done
  ---
  duration_ms: 2261
  connection_id: 93d3f34ad4fef974460da701aa2570b5
  ...
make[1]: Leaving directory '/home/runner/work/moq-interop-runner/moq-interop-runner/main'
