make[1]: Entering directory '/home/runner/work/moq-interop-runner/moq-interop-runner/main'
Running tests against moqt://us-west-2.relay.quicr.org:33437...
  Client: ghcr.io/englishm/moq-interop-runner-moq-test-client:latest
docker run --rm \
	--network host \
	-e RELAY_URL=moqt://us-west-2.relay.quicr.org:33437 \
	-e TLS_DISABLE_VERIFY=1 \
	ghcr.io/englishm/moq-interop-runner-moq-test-client:latest
TAP version 14
# moq-test-client v0.1.0
# Relay: moqt://us-west-2.relay.quicr.org:33437
1..6
ok 1 - setup-only
  ---
  duration_ms: 71
  connection_id: f8d8c00a402a518701f3bf2ce54bc2ab
  ...
ok 2 - announce-only
  ---
  duration_ms: 2079
  connection_id: 1053a9a41b7793b243677abae93ffebd
  ...
not ok 3 - subscribe-error
  ---
  duration_ms: 10001
  message: "test timed out: deadline has elapsed"
  ...
ok 4 - announce-subscribe
  ---
  duration_ms: 3374
  publisher_connection_id: a174ffd4a5edcb1938485563a96d1adf
  subscriber_connection_id: 91cdf8df61471cf40c0dad3a94b78087
  ...
ok 5 - subscribe-before-announce
  ---
  duration_ms: 4663
  subscriber_connection_id: ed263a6345201ad0eed8dd0ea4f9f30e
  publisher_connection_id: f54b247eaa6ef961d7afdc59e88a57b8
  ...
ok 6 - publish-namespace-done
  ---
  duration_ms: 2172
  connection_id: 563cfaecd6ac28012488eab7caeacb1d
  ...
make[1]: *** [Makefile:91: test-external] Error 1
make[1]: Leaving directory '/home/runner/work/moq-interop-runner/moq-interop-runner/main'
