make[1]: Entering directory '/home/runner/work/moq-interop-runner/moq-interop-runner/main'
Running tests against https://draft-14.cloudflare.mediaoverquic.com:443/moq...
  Client: ghcr.io/englishm/moq-interop-runner-moq-test-client:latest
docker run --rm \
	--network host \
	-e RELAY_URL=https://draft-14.cloudflare.mediaoverquic.com:443/moq \
	-e TLS_DISABLE_VERIFY=false \
	ghcr.io/englishm/moq-interop-runner-moq-test-client:latest
TAP version 14
# moq-test-client v0.1.0
# Relay: https://draft-14.cloudflare.mediaoverquic.com/moq
1..6
ok 1 - setup-only
  ---
  duration_ms: 91
  connection_id: 4a62c33f32dac2540e82502dc3e3a7e8
  ...
ok 2 - announce-only
  ---
  duration_ms: 2076
  connection_id: 553ed0802a71712ccc45fc6b56522d6b
  ...
ok 3 - subscribe-error
  ---
  duration_ms: 225
  connection_id: b9415a30f5510ba9d53e164cbbb02008
  ...
ok 4 - announce-subscribe
  ---
  duration_ms: 450
  publisher_connection_id: a0de86e44ee73d4962aecc39b6474259
  subscriber_connection_id: 9f2e6fd402b66ab09ef7ab0c7645bcb6
  ...
ok 5 - subscribe-before-announce
  ---
  duration_ms: 3673
  subscriber_connection_id: 354d4b44b19cdc59e1f1fe76511c1637
  publisher_connection_id: 2024f771e3e0bb86dbe6834fbbd19d7a
  ...
ok 6 - publish-namespace-done
  ---
  duration_ms: 2178
  connection_id: ebee7169d02bb96586128c6013793a87
  ...
make[1]: Leaving directory '/home/runner/work/moq-interop-runner/moq-interop-runner/main'
