make[1]: Entering directory '/home/runner/work/moq-interop-runner/moq-interop-runner/main'
Running tests against https://fb.mvfst.net:9448/moq-relay...
  Client: ghcr.io/englishm/moq-interop-runner-moq-test-client:latest
docker run --rm \
	 \
	--network host \
	-e RELAY_URL=https://fb.mvfst.net:9448/moq-relay \
	-e TLS_DISABLE_VERIFY=1 \
	ghcr.io/englishm/moq-interop-runner-moq-test-client:latest
TAP version 14
# moq-test-client v0.1.0
# Relay: https://fb.mvfst.net:9448/moq-relay
1..6
ok 1 - setup-only
  ---
  duration_ms: 93
  connection_id: 7e0ea69f1aac815728a2204aa1162313
  ...
ok 2 - announce-only
  ---
  duration_ms: 2058
  connection_id: 0b42b739c020dddc0e83efb745549877
  ...
ok 3 - subscribe-error
  ---
  duration_ms: 70
  connection_id: a57017803a24fa0a342257903721919b
  ...
ok 4 - announce-subscribe
  ---
  duration_ms: 3199
  publisher_connection_id: 680ff92310d3bf18a6bca14c0258399b
  subscriber_connection_id: be9cbae063d6bdea7d0bd9baddf609e8
  ...
ok 5 - subscribe-before-announce
  ---
  duration_ms: 3762
  subscriber_connection_id: 35e4d8c8781584612e38064084e2293a
  publisher_connection_id: 5bc418e751a33c71974e4a88a0a1ebba
  ...
ok 6 - publish-namespace-done
  ---
  duration_ms: 2162
  connection_id: 9b1640f3c7635dcc7be0b46c2952ab14
  ...
make[1]: Leaving directory '/home/runner/work/moq-interop-runner/moq-interop-runner/main'
