make[1]: Entering directory '/home/runner/work/moq-interop-runner/moq-interop-runner/main'
Running tests against https://moqx-main.ci.openmoq.org:4433/moq-relay...
  Client: ghcr.io/englishm/moq-interop-runner-moq-test-client:latest
docker run --rm \
	 \
	--network host \
	-e RELAY_URL=https://moqx-main.ci.openmoq.org:4433/moq-relay \
	-e TLS_DISABLE_VERIFY=false \
	ghcr.io/englishm/moq-interop-runner-moq-test-client:latest
TAP version 14
# moq-test-client v0.1.0
# Relay: https://moqx-main.ci.openmoq.org:4433/moq-relay
1..6
ok 1 - setup-only
  ---
  duration_ms: 18
  connection_id: abd3d8e3b5ee6085c8dec8a419292308
  ...
ok 2 - announce-only
  ---
  duration_ms: 2037
  connection_id: b7f5074f984610d0db3052999d98b8f1
  ...
ok 3 - subscribe-error
  ---
  duration_ms: 16
  connection_id: 630dc671c1a57d336fea7ac8e914e541
  ...
ok 4 - announce-subscribe
  ---
  duration_ms: 36
  publisher_connection_id: 888a1aaac55f00f3e76d5a747df924b4
  subscriber_connection_id: 3030bbf58cd606a9f81cfb1ea408e81b
  ...
ok 5 - subscribe-before-announce
  ---
  duration_ms: 3531
  subscriber_connection_id: 0c5f53311b070ff456c0882a9a8c3091
  publisher_connection_id: b1ca08bf501ccd8ca0649b589b317f43
  ...
ok 6 - publish-namespace-done
  ---
  duration_ms: 2123
  connection_id: 715ad5e2481663e5a40cc1a6297351cb
  ...
make[1]: Leaving directory '/home/runner/work/moq-interop-runner/moq-interop-runner/main'
