make[1]: Entering directory '/home/runner/work/moq-interop-runner/moq-interop-runner/main'
Running tests against moqt://moqx-main.ci.openmoq.org:4433...
  Client: ghcr.io/englishm/moq-interop-runner-moq-test-client-draft-16:latest
docker run --rm \
	 \
	--network host \
	-e RELAY_URL=moqt://moqx-main.ci.openmoq.org:4433 \
	-e TLS_DISABLE_VERIFY=false \
	ghcr.io/englishm/moq-interop-runner-moq-test-client-draft-16:latest
TAP version 14
# moq-test-client v0.1.0
# Relay: moqt://moqx-main.ci.openmoq.org:4433
1..6
ok 1 - setup-only
  ---
  duration_ms: 13
  connection_id: 727996f0825b10f0e8bb0463c7202ba8
  ...
ok 2 - announce-only
  ---
  duration_ms: 2010
  connection_id: 15e73a15e698b1aadad787b83c9727f1
  ...
ok 3 - subscribe-error
  ---
  duration_ms: 12
  connection_id: 13708f65ea38859e781eeeb07f8df1d5
  ...
ok 4 - announce-subscribe
  ---
  duration_ms: 3019
  publisher_connection_id: 85e326a9f64d78f89d1ac42002804404
  subscriber_connection_id: cd854c968dbd5722d3b3c6b343c24ee4
  ...
ok 5 - subscribe-before-announce
  ---
  duration_ms: 3555
  subscriber_connection_id: 0df39a7d4ce56af816ca377571a797b9
  publisher_connection_id: 57b6866fe5a4d599d9e93ec5c90a0fff
  ...
ok 6 - publish-namespace-done
  ---
  duration_ms: 2112
  connection_id: dba2c3654d842982ea200fd5033bb9c6
  ...
make[1]: Leaving directory '/home/runner/work/moq-interop-runner/moq-interop-runner/main'
