make[1]: Entering directory '/home/runner/work/moq-interop-runner/moq-interop-runner/main'
Running tests against moqt://us-west-2.relay.quicr.org:33437...
  Client: ghcr.io/openmoq/moqx-interop-client:latest
docker run --rm \
	 \
	--network host \
	-e RELAY_URL=moqt://us-west-2.relay.quicr.org:33437 \
	-e TLS_DISABLE_VERIFY=1 \
	ghcr.io/openmoq/moqx-interop-client:latest
TAP version 14
# moxygen interop test client
# Relay: moqt://us-west-2.relay.quicr.org:33437
# Transport: QUIC
1..6
ok 1 - setup-only
  ---
  duration_ms: 165
  info: SETUP exchange completed successfully
  ...
W0619 01:24:28.181898     1 MoQSession.cpp:5372] Issuing request that will fail; nextRequestID_=0 peerMaxRequestID_=0 sess=0x561c3e811550
E0619 01:24:28.247272     1 MoQRelaySession.cpp:880] PublishNamespaceDone for unknown publishNamespace, sess=0x561c3e811550
ok 2 - announce-only
  ---
  duration_ms: 200
  info: PUBLISH_NAMESPACE completed successfully
  ...
W0619 01:24:28.416449     1 MoQSession.cpp:5372] Issuing request that will fail; nextRequestID_=0 peerMaxRequestID_=0 sess=0x561c3e811280
not ok 3 - subscribe-error
  ---
  duration_ms: 235
  error: Subscribe succeeded (relay accepted non-existent track)
  ...
W0619 01:24:28.617639     1 MoQSession.cpp:5372] Issuing request that will fail; nextRequestID_=0 peerMaxRequestID_=0 sess=0x561c3e79b660
W0619 01:24:28.817289     1 MoQSession.cpp:5372] Issuing request that will fail; nextRequestID_=0 peerMaxRequestID_=0 sess=0x561c3e7e5b50
ok 4 - announce-subscribe
  ---
  duration_ms: 400
  info: Publisher announced, subscriber subscribed successfully
  ...
E0619 01:24:28.882929     1 MoQSession.cpp:5599] publishDone for invalid id=1 sess=0x561c3e79b660
W0619 01:24:29.020371     1 MoQSession.cpp:5372] Issuing request that will fail; nextRequestID_=0 peerMaxRequestID_=0 sess=0x561c3e80abf0
ok 5 - publish-namespace-done
  ---
  duration_ms: 203
  info: PUBLISH_NAMESPACE_OK received, PUBLISH_NAMESPACE_DONE sent
  ...
W0619 01:24:29.222571     1 MoQSession.cpp:5372] Issuing request that will fail; nextRequestID_=0 peerMaxRequestID_=0 sess=0x561c3e80b560
W0619 01:24:29.858587     1 MoQSession.cpp:5372] Issuing request that will fail; nextRequestID_=0 peerMaxRequestID_=0 sess=0x561c3e8150f0
ok 6 - subscribe-before-announce
  ---
  duration_ms: 837
  info: Subscribe succeeded after publisher announced (relay buffers pending subscriptions)
  ...
make[1]: *** [Makefile:121: test-external] Error 1
make[1]: Leaving directory '/home/runner/work/moq-interop-runner/moq-interop-runner/main'
