make[1]: Entering directory '/home/runner/work/moq-interop-runner/moq-interop-runner/main'
Running tests against https://quichemoq.dev:443...
  Client: ghcr.io/openmoq/moqx-interop-client:latest
docker run --rm \
	 \
	--network host \
	-e RELAY_URL=https://quichemoq.dev:443 \
	-e TLS_DISABLE_VERIFY=false \
	ghcr.io/openmoq/moqx-interop-client:latest
TAP version 14
# moxygen interop test client
# Relay: https://quichemoq.dev:443
# Transport: WebTransport
1..6
E20260619 01:26:31.179869     1 HQSession.cpp:558] Connection closed with error err=Connect failed msg=connect timeout proto=, client CID=, server CID=, local=<uninitialized address>, 34.53.4.47:443=upstream, drain=none
E0619 01:26:31.181365     1 MoQWebTransportClient.cpp:96] std::runtime_error: Connect failed
not ok 1 - setup-only
  ---
  duration_ms: 2066
  error: Connect failed
  ...
E20260619 01:26:33.202091     1 HQSession.cpp:558] Connection closed with error err=Connect failed msg=connect timeout proto=, client CID=, server CID=, local=<uninitialized address>, 34.53.4.47:443=upstream, drain=none
E0619 01:26:33.202252     1 MoQWebTransportClient.cpp:96] std::runtime_error: Connect failed
not ok 2 - announce-only
  ---
  duration_ms: 2020
  error: Connect failed
  ...
E20260619 01:26:35.269753     1 HQSession.cpp:558] Connection closed with error err=Connect failed msg=connect timeout proto=, client CID=, server CID=, local=<uninitialized address>, 34.53.4.47:443=upstream, drain=none
E0619 01:26:35.269905     1 MoQWebTransportClient.cpp:96] std::runtime_error: Connect failed
not ok 3 - subscribe-error
  ---
  duration_ms: 2067
  error: Connect failed
  ...
E20260619 01:26:37.307049     1 HQSession.cpp:558] Connection closed with error err=Connect failed msg=connect timeout proto=, client CID=, server CID=, local=<uninitialized address>, 34.53.4.47:443=upstream, drain=none
E0619 01:26:37.307205     1 MoQWebTransportClient.cpp:96] std::runtime_error: Connect failed
not ok 4 - announce-subscribe
  ---
  duration_ms: 2037
  error: Connect failed
  ...
E20260619 01:26:39.314648     1 HQSession.cpp:558] Connection closed with error err=Connect failed msg=connect timeout proto=, client CID=, server CID=, local=<uninitialized address>, 34.53.4.47:443=upstream, drain=none
E0619 01:26:39.314818     1 MoQWebTransportClient.cpp:96] std::runtime_error: Connect failed
not ok 5 - publish-namespace-done
  ---
  duration_ms: 2007
  error: Connect failed
  ...
E20260619 01:26:41.331516     1 HQSession.cpp:558] Connection closed with error err=Connect failed msg=connect timeout proto=, client CID=, server CID=, local=<uninitialized address>, 34.53.4.47:443=upstream, drain=none
E0619 01:26:41.331680     1 MoQWebTransportClient.cpp:96] std::runtime_error: Connect failed
not ok 6 - subscribe-before-announce
  ---
  duration_ms: 2016
  error: Connect failed
  ...
make[1]: *** [Makefile:121: test-external] Error 1
make[1]: Leaving directory '/home/runner/work/moq-interop-runner/moq-interop-runner/main'
