make[1]: Entering directory '/home/runner/work/moq-interop-runner/moq-interop-runner/main'
Running tests against moqt://lminiero.it:9000...
  Client: ghcr.io/englishm/moq-interop-runner-moq-test-client-draft-16:latest
docker run --rm \
	 \
	--network host \
	-e RELAY_URL=moqt://lminiero.it:9000 \
	-e TLS_DISABLE_VERIFY=false \
	ghcr.io/englishm/moq-interop-runner-moq-test-client-draft-16:latest
TAP version 14
# moq-test-client v0.1.0
# Relay: moqt://lminiero.it:9000
1..6
ok 1 - setup-only
  ---
  duration_ms: 1351
  connection_id: 309f668a42e9133323bc8c60d4eda183
  ...
[2026-07-14T01:30:45Z ERROR moq_transport::session::reader] [READER] decode: ERROR decoding moq_transport::message::Message - InvalidMessage(12661) (buffer_len=16)
not ok 2 - announce-only
  ---
  duration_ms: 498
  message: "session error: decode error: invalid message: 12661: invalid message: 12661"
  ...
[2026-07-14T01:30:46Z ERROR moq_transport::session::reader] [READER] decode: ERROR decoding moq_transport::message::Message - InvalidMessage(12661) (buffer_len=16)
not ok 3 - subscribe-error
  ---
  duration_ms: 824
  message: "session error: decode error: invalid message: 12661: invalid message: 12661"
  ...
[2026-07-14T01:30:47Z ERROR moq_transport::session::reader] [READER] decode: ERROR decoding moq_transport::message::Message - InvalidMessage(12661) (buffer_len=16)
not ok 4 - announce-subscribe
  ---
  duration_ms: 1179
  message: "publisher session error: decode error: invalid message: 12661: invalid message: 12661"
  ...
[2026-07-14T01:30:48Z ERROR moq_transport::session::reader] [READER] decode: ERROR decoding moq_transport::message::Message - InvalidMessage(12661) (buffer_len=16)
not ok 5 - subscribe-before-announce
  ---
  duration_ms: 2323
  message: "publisher session error: decode error: invalid message: 12661: invalid message: 12661"
  ...
[2026-07-14T01:30:49Z ERROR moq_transport::session::reader] [READER] decode: ERROR decoding moq_transport::message::Message - InvalidMessage(12661) (buffer_len=16)
[2026-07-14T01:30:50Z ERROR moq_transport::session::reader] [READER] decode: ERROR decoding moq_transport::message::Message - InvalidMessage(12661) (buffer_len=16)
not ok 6 - publish-namespace-done
  ---
  duration_ms: 525
  message: "session error: decode error: invalid message: 12661: invalid message: 12661"
  ...
make[1]: *** [Makefile:121: test-external] Error 1
make[1]: Leaving directory '/home/runner/work/moq-interop-runner/moq-interop-runner/main'
