make[1]: Entering directory '/home/runner/work/moq-interop-runner/moq-interop-runner/main'
Running tests against moqt://fb.mvfst.net:9448...
  Client: ghcr.io/englishm/moq-interop-runner-moq-test-client-draft-16:latest
docker run --rm \
	 \
	--network host \
	-e RELAY_URL=moqt://fb.mvfst.net:9448 \
	-e TLS_DISABLE_VERIFY=1 \
	ghcr.io/englishm/moq-interop-runner-moq-test-client-draft-16:latest
TAP version 14
# moq-test-client v0.1.0
# Relay: moqt://fb.mvfst.net:9448
1..6
ok 1 - setup-only
  ---
  duration_ms: 161
  connection_id: e7fbade2c14f87ada037e932b2ebb06d
  ...
ok 2 - announce-only
  ---
  duration_ms: 2157
  connection_id: a1bdc25f55b687796e458cac9284074d
  ...
ok 3 - subscribe-error
  ---
  duration_ms: 254
  connection_id: e56c296500efc982f1d37b07ae890393
  ...
not ok 4 - announce-subscribe
  ---
  duration_ms: 473
  message: "publisher session error: webtransport error: session error: connection error: closed by peer: 3: session error: connection error: closed by peer: 3: connection error: closed by peer: 3"
  ...
ok 5 - subscribe-before-announce
  ---
  duration_ms: 3826
  subscriber_connection_id: ee416f3925b3480bd7cda2c332f4d444
  publisher_connection_id: 27ea174ca17151748af0b48eb7cead3b
  ...
ok 6 - publish-namespace-done
  ---
  duration_ms: 2262
  connection_id: 38e8a31ad07077095b67be771ad50785
  ...
make[1]: *** [Makefile:121: test-external] Error 1
make[1]: Leaving directory '/home/runner/work/moq-interop-runner/moq-interop-runner/main'
