make[1]: Entering directory '/home/runner/work/moq-interop-runner/moq-interop-runner/main'
Running tests against moqt://lminiero.it:9000...
  Client: ghcr.io/englishm/moq-interop-runner-moq-test-client-draft-18:latest
docker run --rm \
	 \
	--network host \
	-e RELAY_URL=moqt://lminiero.it:9000 \
	-e TLS_DISABLE_VERIFY=false \
	ghcr.io/englishm/moq-interop-runner-moq-test-client-draft-18:latest
TAP version 14
# moq-test-client v0.1.6
# Relay: moqt://lminiero.it:9000
1..6
[2m2026-07-14T00:59:39.265813Z[0m [32m INFO[0m [2mmoq_native_ietf::quic[0m[2m:[0m UDP socket bound [3mbind[0m[2m=[0m[::]:0 [3mlocal[0m[2m=[0m[::]:37945 [3mdual_stack[0m[2m=[0mtrue
[2m2026-07-14T00:59:39.927788Z[0m [32m INFO[0m [2mmoq_test_client::scenarios[0m[2m:[0m SETUP exchange completed successfully
ok 1 - setup-only
  ---
  duration_ms: 662
  connection_id: cebcbeead09fec8f0f220a97950f0436
  ...
[2m2026-07-14T00:59:39.928508Z[0m [32m INFO[0m [2mmoq_native_ietf::quic[0m[2m:[0m UDP socket bound [3mbind[0m[2m=[0m[::]:0 [3mlocal[0m[2m=[0m[::]:33513 [3mdual_stack[0m[2m=[0mtrue
[2m2026-07-14T00:59:40.279883Z[0m [32m INFO[0m [2mmoq_test_client::scenarios[0m[2m:[0m Sending PUBLISH_NAMESPACE for: moq-test/interop
[2m2026-07-14T00:59:42.280775Z[0m [32m INFO[0m [2mmoq_test_client::scenarios[0m[2m:[0m PUBLISH_NAMESPACE succeeded (REQUEST_OK received, waiting for subscribers)
ok 2 - publish-namespace-only
  ---
  duration_ms: 2353
  connection_id: 9c1293f2b2ac35073b2fd76122731ddb
  ...
[2m2026-07-14T00:59:42.281523Z[0m [32m INFO[0m [2mmoq_native_ietf::quic[0m[2m:[0m UDP socket bound [3mbind[0m[2m=[0m[::]:0 [3mlocal[0m[2m=[0m[::]:52710 [3mdual_stack[0m[2m=[0mtrue
[2m2026-07-14T00:59:42.968530Z[0m [32m INFO[0m [2mmoq_test_client::scenarios[0m[2m:[0m Subscribing to non-existent track: nonexistent/namespace/test-track
[2m2026-07-14T00:59:43.135220Z[0m [33m WARN[0m [2mmoq_transport::serve::error[0m[2m:[0m [05694fac-71fb-4a95-bd79-9748011caf35] Not found: Namespace not found at moq-transport/src/session/subscriber.rs:455
[2m2026-07-14T00:59:43.135251Z[0m [33m WARN[0m [2mmoq_transport::session::reader[0m[2m:[0m [READER] decode: stream ended while waiting for data (have=0 bytes, need=1)
[2m2026-07-14T00:59:43.135301Z[0m [32m INFO[0m [2mmoq_test_client::scenarios[0m[2m:[0m Got expected 'not found' error: not found: Track not found [error:05694fac-71fb-4a95-bd79-9748011caf35]
ok 3 - subscribe-error
  ---
  duration_ms: 854
  connection_id: 779b5afff7f1d79ca82418e34c9103d7
  ...
[2m2026-07-14T00:59:43.136078Z[0m [32m INFO[0m [2mmoq_native_ietf::quic[0m[2m:[0m UDP socket bound [3mbind[0m[2m=[0m[::]:0 [3mlocal[0m[2m=[0m[::]:59341 [3mdual_stack[0m[2m=[0mtrue
[2m2026-07-14T00:59:43.805964Z[0m [32m INFO[0m [2mmoq_native_ietf::quic[0m[2m:[0m UDP socket bound [3mbind[0m[2m=[0m[::]:0 [3mlocal[0m[2m=[0m[::]:55684 [3mdual_stack[0m[2m=[0mtrue
[2m2026-07-14T00:59:44.151708Z[0m [32m INFO[0m [2mmoq_test_client::scenarios[0m[2m:[0m Publisher sending PUBLISH_NAMESPACE: moq-test/interop
[2m2026-07-14T00:59:44.151729Z[0m [32m INFO[0m [2mmoq_test_client::scenarios[0m[2m:[0m Subscriber subscribing to track: moq-test/interop/test-track
[2m2026-07-14T00:59:44.318116Z[0m [33m WARN[0m [2mmoq_transport::serve::error[0m[2m:[0m [3649676f-f4c2-4bbe-857b-89ff7f4ad884] Not found: Namespace not found at moq-transport/src/session/subscriber.rs:455
[2m2026-07-14T00:59:44.318152Z[0m [33m WARN[0m [2mmoq_transport::session::reader[0m[2m:[0m [READER] decode: stream ended while waiting for data (have=0 bytes, need=1)
[2m2026-07-14T00:59:44.318244Z[0m [32m INFO[0m [2mmoq_test_client::scenarios[0m[2m:[0m Subscriber got error: not found: Track not found [error:3649676f-f4c2-4bbe-857b-89ff7f4ad884] - subscription was processed
ok 4 - publish-namespace-subscribe
  ---
  duration_ms: 1182
  publisher_connection_id: 316ad7fcdb85c411abc8bfd0002b0194
  subscriber_connection_id: 1941e2a423577c58b2f3eae56eae3706
  ...
[2m2026-07-14T00:59:44.318899Z[0m [32m INFO[0m [2mmoq_native_ietf::quic[0m[2m:[0m UDP socket bound [3mbind[0m[2m=[0m[::]:0 [3mlocal[0m[2m=[0m[::]:42217 [3mdual_stack[0m[2m=[0mtrue
[2m2026-07-14T00:59:44.676196Z[0m [32m INFO[0m [2mmoq_test_client::scenarios[0m[2m:[0m Subscriber subscribing BEFORE PUBLISH_NAMESPACE: moq-test/interop/test-track
[2m2026-07-14T00:59:44.849382Z[0m [33m WARN[0m [2mmoq_transport::serve::error[0m[2m:[0m [df76c925-723d-4c64-afe6-9b9b7b105221] Not found: Namespace not found at moq-transport/src/session/subscriber.rs:455
[2m2026-07-14T00:59:44.849405Z[0m [33m WARN[0m [2mmoq_transport::session::reader[0m[2m:[0m [READER] decode: stream ended while waiting for data (have=0 bytes, need=1)
[2m2026-07-14T00:59:45.178045Z[0m [32m INFO[0m [2mmoq_native_ietf::quic[0m[2m:[0m UDP socket bound [3mbind[0m[2m=[0m[::]:0 [3mlocal[0m[2m=[0m[::]:49756 [3mdual_stack[0m[2m=[0mtrue
[2m2026-07-14T00:59:45.850597Z[0m [32m INFO[0m [2mmoq_test_client::scenarios[0m[2m:[0m Publisher sending PUBLISH_NAMESPACE (after subscriber): moq-test/interop
[2m2026-07-14T00:59:48.852077Z[0m [32m INFO[0m [2mmoq_test_client::scenarios[0m[2m:[0m Publisher PUBLISH_NAMESPACE timeout (expected)
[2m2026-07-14T00:59:48.852099Z[0m [32m INFO[0m [2mmoq_test_client::scenarios[0m[2m:[0m Subscriber got error: not found: Track not found [error:df76c925-723d-4c64-afe6-9b9b7b105221] (may be expected)
ok 5 - subscribe-before-publish-namespace
  ---
  duration_ms: 4533
  subscriber_connection_id: 33648c87def9bab59759dd2a132ff687
  publisher_connection_id: 07b8290a6744e4ad782778984f9074ed
  ...
[2m2026-07-14T00:59:48.852795Z[0m [32m INFO[0m [2mmoq_native_ietf::quic[0m[2m:[0m UDP socket bound [3mbind[0m[2m=[0m[::]:0 [3mlocal[0m[2m=[0m[::]:52945 [3mdual_stack[0m[2m=[0mtrue
[2m2026-07-14T00:59:49.517923Z[0m [32m INFO[0m [2mmoq_test_client::scenarios[0m[2m:[0m Sending PUBLISH_NAMESPACE: moq-test/interop
[2m2026-07-14T00:59:51.518385Z[0m [32m INFO[0m [2mmoq_test_client::scenarios[0m[2m:[0m PUBLISH_NAMESPACE active; sending PUBLISH_NAMESPACE_DONE
[2m2026-07-14T00:59:51.619781Z[0m [32m INFO[0m [2mmoq_test_client::scenarios[0m[2m:[0m PUBLISH_NAMESPACE_DONE sent successfully
ok 6 - publish-namespace-done
  ---
  duration_ms: 2767
  connection_id: 9535451754530da89a821b41f9f184b7
  ...
make[1]: Leaving directory '/home/runner/work/moq-interop-runner/moq-interop-runner/main'
