make[1]: Entering directory '/home/runner/work/moq-interop-runner/moq-interop-runner/main'
Running tests against moqt://moqx-main.ci.openmoq.org:4433...
  Client: ghcr.io/englishm/moq-interop-runner-moq-test-client:latest
docker run --rm \
	 \
	--network host \
	-e RELAY_URL=moqt://moqx-main.ci.openmoq.org:4433 \
	-e TLS_DISABLE_VERIFY=false \
	ghcr.io/englishm/moq-interop-runner-moq-test-client:latest
TAP version 14
# moq-test-client v0.1.0
# Relay: moqt://moqx-main.ci.openmoq.org:4433
1..6
ok 1 - setup-only
  ---
  duration_ms: 326
  connection_id: d5d9a663279f03bee892dc62a679d4d4
  ...
ok 2 - announce-only
  ---
  duration_ms: 2111
  connection_id: a41aa031ff8bc599dfc4b0c63fb2a3d4
  ...
ok 3 - subscribe-error
  ---
  duration_ms: 189
  connection_id: 30c75de2bf1beb3963a46dc8d27b0dfa
  ...
ok 4 - announce-subscribe
  ---
  duration_ms: 458
  publisher_connection_id: 5bcce728ad1a22dac478d547db9e1caf
  subscriber_connection_id: 7a9eaabf4a1e58a16df1c619ed3c6297
  ...
ok 5 - subscribe-before-announce
  ---
  duration_ms: 3720
  subscriber_connection_id: 9b6cb7d6effee734de658ecac9ddfb17
  publisher_connection_id: ff7a615f1f922e68b03d0bafd8f207ce
  ...
ok 6 - publish-namespace-done
  ---
  duration_ms: 2215
  connection_id: abe1a1dca0270a1c4767f79b313c9870
  ...
make[1]: Leaving directory '/home/runner/work/moq-interop-runner/moq-interop-runner/main'
