make[1]: Entering directory '/home/runner/work/moq-interop-runner/moq-interop-runner/main'
Running tests against https://fb.mvfst.net:9448/moq-relay...
  Client: ghcr.io/englishm/moq-interop-runner-moq-test-client:latest
docker run --rm \
	 \
	--network host \
	-e RELAY_URL=https://fb.mvfst.net:9448/moq-relay \
	-e TLS_DISABLE_VERIFY=1 \
	ghcr.io/englishm/moq-interop-runner-moq-test-client:latest
TAP version 14
# moq-test-client v0.1.0
# Relay: https://fb.mvfst.net:9448/moq-relay
1..6
ok 1 - setup-only
  ---
  duration_ms: 271
  connection_id: 10ed8d00d399f7ef52b00a8a3396008e
  ...
ok 2 - announce-only
  ---
  duration_ms: 2315
  connection_id: a4c52fcd59a595f42dfa34315ba8655c
  ...
ok 3 - subscribe-error
  ---
  duration_ms: 423
  connection_id: e6b66630d513129e0228a88b3492e96a
  ...
ok 4 - announce-subscribe
  ---
  duration_ms: 3507
  publisher_connection_id: cd69ec975970ea01b5242b5b31f2bd72
  subscriber_connection_id: e3f1dc78abc9021cfc993d3239b80361
  ...
ok 5 - subscribe-before-announce
  ---
  duration_ms: 4027
  subscriber_connection_id: a81524fb1cd6cc9bf6df7f09c6311461
  publisher_connection_id: 80d27e67efc5bb3569849ceea4bf786e
  ...
ok 6 - publish-namespace-done
  ---
  duration_ms: 2337
  connection_id: 24a9ef1e19a2d53c42276634bfd83f6c
  ...
make[1]: Leaving directory '/home/runner/work/moq-interop-runner/moq-interop-runner/main'
