make[1]: Entering directory '/home/runner/work/moq-interop-runner/moq-interop-runner/main'
Running tests against moqt://fb.mvfst.net:9448...
  Client: ghcr.io/englishm/moq-interop-runner-moq-test-client-draft-18:latest
docker run --rm \
	 \
	--network host \
	-e RELAY_URL=moqt://fb.mvfst.net:9448 \
	-e TLS_DISABLE_VERIFY=1 \
	ghcr.io/englishm/moq-interop-runner-moq-test-client-draft-18:latest
TAP version 14
# moq-test-client v0.1.6
# Relay: moqt://fb.mvfst.net:9448
1..6
[2m2026-07-14T01:05:14.375851Z[0m [32m INFO[0m [2mmoq_native_ietf::quic[0m[2m:[0m UDP socket bound [3mbind[0m[2m=[0m[::]:0 [3mlocal[0m[2m=[0m[::]:35720 [3mdual_stack[0m[2m=[0mtrue
[2m2026-07-14T01:05:14.466166Z[0m [32m INFO[0m [2mmoq_test_client::scenarios[0m[2m:[0m SETUP exchange completed successfully
ok 1 - setup-only
  ---
  duration_ms: 91
  connection_id: a2b3983621b56934c6a342f3a2c4f7e2
  ...
[2m2026-07-14T01:05:14.466827Z[0m [32m INFO[0m [2mmoq_native_ietf::quic[0m[2m:[0m UDP socket bound [3mbind[0m[2m=[0m[::]:0 [3mlocal[0m[2m=[0m[::]:45542 [3mdual_stack[0m[2m=[0mtrue
[2m2026-07-14T01:05:14.566371Z[0m [32m INFO[0m [2mmoq_test_client::scenarios[0m[2m:[0m Sending PUBLISH_NAMESPACE for: moq-test/interop
[2m2026-07-14T01:05:16.567725Z[0m [32m INFO[0m [2mmoq_test_client::scenarios[0m[2m:[0m PUBLISH_NAMESPACE succeeded (REQUEST_OK received, waiting for subscribers)
ok 2 - publish-namespace-only
  ---
  duration_ms: 2101
  connection_id: 9864bd704ec0c85d42f7907474ae4080
  ...
[2m2026-07-14T01:05:16.568384Z[0m [32m INFO[0m [2mmoq_native_ietf::quic[0m[2m:[0m UDP socket bound [3mbind[0m[2m=[0m[::]:0 [3mlocal[0m[2m=[0m[::]:48721 [3mdual_stack[0m[2m=[0mtrue
[2m2026-07-14T01:05:16.656556Z[0m [32m INFO[0m [2mmoq_test_client::scenarios[0m[2m:[0m Subscribing to non-existent track: nonexistent/namespace/test-track
[2m2026-07-14T01:05:16.729986Z[0m [33m WARN[0m [2mmoq_transport::serve::error[0m[2m:[0m [e8afd8d0-6ee7-48b9-ba34-a064319bdbbb] Not found: no such namespace or track at moq-transport/src/session/subscriber.rs:455
[2m2026-07-14T01:05:16.730015Z[0m [33m WARN[0m [2mmoq_transport::session::reader[0m[2m:[0m [READER] decode: stream ended while waiting for data (have=0 bytes, need=1)
[2m2026-07-14T01:05:16.730061Z[0m [32m INFO[0m [2mmoq_test_client::scenarios[0m[2m:[0m Got expected 'not found' error: not found: Track not found [error:e8afd8d0-6ee7-48b9-ba34-a064319bdbbb]
ok 3 - subscribe-error
  ---
  duration_ms: 162
  connection_id: 64dedbedb9cc02f083331ccb3b541a07
  ...
[2m2026-07-14T01:05:16.730721Z[0m [32m INFO[0m [2mmoq_native_ietf::quic[0m[2m:[0m UDP socket bound [3mbind[0m[2m=[0m[::]:0 [3mlocal[0m[2m=[0m[::]:45071 [3mdual_stack[0m[2m=[0mtrue
[2m2026-07-14T01:05:16.842295Z[0m [32m INFO[0m [2mmoq_native_ietf::quic[0m[2m:[0m UDP socket bound [3mbind[0m[2m=[0m[::]:0 [3mlocal[0m[2m=[0m[::]:47567 [3mdual_stack[0m[2m=[0mtrue
[2m2026-07-14T01:05:16.936947Z[0m [32m INFO[0m [2mmoq_test_client::scenarios[0m[2m:[0m Publisher sending PUBLISH_NAMESPACE: moq-test/interop
[2m2026-07-14T01:05:16.936964Z[0m [32m INFO[0m [2mmoq_test_client::scenarios[0m[2m:[0m Subscriber subscribing to track: moq-test/interop/test-track
[2m2026-07-14T01:05:17.018741Z[0m [33m WARN[0m [2mmoq_transport::serve::error[0m[2m:[0m [de1de707-4948-4619-8b45-7753feb7d1da] Not found: no such namespace or track at moq-transport/src/session/subscriber.rs:455
[2m2026-07-14T01:05:17.018767Z[0m [33m WARN[0m [2mmoq_transport::session::reader[0m[2m:[0m [READER] decode: stream ended while waiting for data (have=0 bytes, need=1)
[2m2026-07-14T01:05:17.018942Z[0m [32m INFO[0m [2mmoq_test_client::scenarios[0m[2m:[0m Subscriber got error: not found: Track not found [error:de1de707-4948-4619-8b45-7753feb7d1da] - subscription was processed
ok 4 - publish-namespace-subscribe
  ---
  duration_ms: 288
  publisher_connection_id: eb80df5bc93b8160581b14ae7f8c00db
  subscriber_connection_id: 70655ba50b271ab1ad158679fcffef28
  ...
[2m2026-07-14T01:05:17.019605Z[0m [32m INFO[0m [2mmoq_native_ietf::quic[0m[2m:[0m UDP socket bound [3mbind[0m[2m=[0m[::]:0 [3mlocal[0m[2m=[0m[::]:46425 [3mdual_stack[0m[2m=[0mtrue
[2m2026-07-14T01:05:17.110330Z[0m [32m INFO[0m [2mmoq_test_client::scenarios[0m[2m:[0m Subscriber subscribing BEFORE PUBLISH_NAMESPACE: moq-test/interop/test-track
[2m2026-07-14T01:05:17.190876Z[0m [33m WARN[0m [2mmoq_transport::serve::error[0m[2m:[0m [b8aceb49-4558-4530-b1dd-238ef2707f20] Not found: no such namespace or track at moq-transport/src/session/subscriber.rs:455
[2m2026-07-14T01:05:17.190904Z[0m [33m WARN[0m [2mmoq_transport::session::reader[0m[2m:[0m [READER] decode: stream ended while waiting for data (have=0 bytes, need=1)
[2m2026-07-14T01:05:17.612135Z[0m [32m INFO[0m [2mmoq_native_ietf::quic[0m[2m:[0m UDP socket bound [3mbind[0m[2m=[0m[::]:0 [3mlocal[0m[2m=[0m[::]:60239 [3mdual_stack[0m[2m=[0mtrue
[2m2026-07-14T01:05:17.703388Z[0m [32m INFO[0m [2mmoq_test_client::scenarios[0m[2m:[0m Publisher sending PUBLISH_NAMESPACE (after subscriber): moq-test/interop
[2m2026-07-14T01:05:20.704302Z[0m [32m INFO[0m [2mmoq_test_client::scenarios[0m[2m:[0m Publisher PUBLISH_NAMESPACE timeout (expected)
[2m2026-07-14T01:05:20.704323Z[0m [32m INFO[0m [2mmoq_test_client::scenarios[0m[2m:[0m Subscriber got error: not found: Track not found [error:b8aceb49-4558-4530-b1dd-238ef2707f20] (may be expected)
ok 5 - subscribe-before-publish-namespace
  ---
  duration_ms: 3685
  subscriber_connection_id: 15c0a2a2f4ae75ff082234e285cca324
  publisher_connection_id: 555eda477dc4232d216daa04d3430ee5
  ...
[2m2026-07-14T01:05:20.705024Z[0m [32m INFO[0m [2mmoq_native_ietf::quic[0m[2m:[0m UDP socket bound [3mbind[0m[2m=[0m[::]:0 [3mlocal[0m[2m=[0m[::]:56068 [3mdual_stack[0m[2m=[0mtrue
[2m2026-07-14T01:05:20.805536Z[0m [32m INFO[0m [2mmoq_test_client::scenarios[0m[2m:[0m Sending PUBLISH_NAMESPACE: moq-test/interop
[2m2026-07-14T01:05:22.806557Z[0m [32m INFO[0m [2mmoq_test_client::scenarios[0m[2m:[0m PUBLISH_NAMESPACE active; sending PUBLISH_NAMESPACE_DONE
[2m2026-07-14T01:05:22.907947Z[0m [32m INFO[0m [2mmoq_test_client::scenarios[0m[2m:[0m PUBLISH_NAMESPACE_DONE sent successfully
ok 6 - publish-namespace-done
  ---
  duration_ms: 2203
  connection_id: db47ed97b17f582106f6d6a19d051651
  ...
make[1]: Leaving directory '/home/runner/work/moq-interop-runner/moq-interop-runner/main'
