make[1]: Entering directory '/home/runner/work/moq-interop-runner/moq-interop-runner/main'
Running tests against https://fb.mvfst.net:9448/moq-relay...
  Client: ghcr.io/englishm/moq-interop-runner-moq-test-client-draft-18:latest
docker run --rm \
	 \
	--network host \
	-e RELAY_URL=https://fb.mvfst.net:9448/moq-relay \
	-e TLS_DISABLE_VERIFY=1 \
	ghcr.io/englishm/moq-interop-runner-moq-test-client-draft-18:latest
TAP version 14
# moq-test-client v0.1.6
# Relay: https://fb.mvfst.net:9448/moq-relay
1..6
[2m2026-07-14T01:05:04.824854Z[0m [32m INFO[0m [2mmoq_native_ietf::quic[0m[2m:[0m UDP socket bound [3mbind[0m[2m=[0m[::]:0 [3mlocal[0m[2m=[0m[::]:53756 [3mdual_stack[0m[2m=[0mtrue
[2m2026-07-14T01:05:05.008653Z[0m [32m INFO[0m [2mmoq_test_client::scenarios[0m[2m:[0m SETUP exchange completed successfully
ok 1 - setup-only
  ---
  duration_ms: 184
  connection_id: 474764caa423c3ba1d6e80b5782fdb27
  ...
[2m2026-07-14T01:05:05.009308Z[0m [32m INFO[0m [2mmoq_native_ietf::quic[0m[2m:[0m UDP socket bound [3mbind[0m[2m=[0m[::]:0 [3mlocal[0m[2m=[0m[::]:58348 [3mdual_stack[0m[2m=[0mtrue
[2m2026-07-14T01:05:05.078153Z[0m [33m WARN[0m [2mweb_transport_quinn::session[0m[2m:[0m failed to read capsule [3me[0m[2m=[0mUnexpectedEnd
[2m2026-07-14T01:05:05.198443Z[0m [32m INFO[0m [2mmoq_test_client::scenarios[0m[2m:[0m Sending PUBLISH_NAMESPACE for: moq-test/interop
[2m2026-07-14T01:05:07.199810Z[0m [32m INFO[0m [2mmoq_test_client::scenarios[0m[2m:[0m PUBLISH_NAMESPACE succeeded (REQUEST_OK received, waiting for subscribers)
ok 2 - publish-namespace-only
  ---
  duration_ms: 2191
  connection_id: 7dd22c894c919d1b0e07e5d1e0a8eb6b
  ...
[2m2026-07-14T01:05:07.200536Z[0m [32m INFO[0m [2mmoq_native_ietf::quic[0m[2m:[0m UDP socket bound [3mbind[0m[2m=[0m[::]:0 [3mlocal[0m[2m=[0m[::]:56988 [3mdual_stack[0m[2m=[0mtrue
[2m2026-07-14T01:05:07.442462Z[0m [32m INFO[0m [2mmoq_test_client::scenarios[0m[2m:[0m Subscribing to non-existent track: nonexistent/namespace/test-track
[2m2026-07-14T01:05:07.512295Z[0m [33m WARN[0m [2mmoq_transport::serve::error[0m[2m:[0m [eb1086f1-99c0-4004-8a92-dd559ddb32e6] Not found: no such namespace or track at moq-transport/src/session/subscriber.rs:455
[2m2026-07-14T01:05:07.512325Z[0m [33m WARN[0m [2mmoq_transport::session::reader[0m[2m:[0m [READER] decode: stream ended while waiting for data (have=0 bytes, need=1)
[2m2026-07-14T01:05:07.512382Z[0m [32m INFO[0m [2mmoq_test_client::scenarios[0m[2m:[0m Got expected 'not found' error: not found: Track not found [error:eb1086f1-99c0-4004-8a92-dd559ddb32e6]
ok 3 - subscribe-error
  ---
  duration_ms: 312
  connection_id: 23ae54b131fdcd47a697ca21ec53aaaf
  ...
[2m2026-07-14T01:05:07.513048Z[0m [32m INFO[0m [2mmoq_native_ietf::quic[0m[2m:[0m UDP socket bound [3mbind[0m[2m=[0m[::]:0 [3mlocal[0m[2m=[0m[::]:38014 [3mdual_stack[0m[2m=[0mtrue
[2m2026-07-14T01:05:07.580880Z[0m [33m WARN[0m [2mweb_transport_quinn::session[0m[2m:[0m failed to read capsule [3me[0m[2m=[0mUnexpectedEnd
[2m2026-07-14T01:05:07.714878Z[0m [32m INFO[0m [2mmoq_native_ietf::quic[0m[2m:[0m UDP socket bound [3mbind[0m[2m=[0m[::]:0 [3mlocal[0m[2m=[0m[::]:42251 [3mdual_stack[0m[2m=[0mtrue
[2m2026-07-14T01:05:07.906211Z[0m [32m INFO[0m [2mmoq_test_client::scenarios[0m[2m:[0m Publisher sending PUBLISH_NAMESPACE: moq-test/interop
[2m2026-07-14T01:05:07.906226Z[0m [32m INFO[0m [2mmoq_test_client::scenarios[0m[2m:[0m Subscriber subscribing to track: moq-test/interop/test-track
[2m2026-07-14T01:05:07.979204Z[0m [33m WARN[0m [2mmoq_transport::serve::error[0m[2m:[0m [9d134460-79dd-4319-8a1c-9fe6f66ecc57] Not found: no such namespace or track at moq-transport/src/session/subscriber.rs:455
[2m2026-07-14T01:05:07.979232Z[0m [33m WARN[0m [2mmoq_transport::session::reader[0m[2m:[0m [READER] decode: stream ended while waiting for data (have=0 bytes, need=1)
[2m2026-07-14T01:05:07.979371Z[0m [32m INFO[0m [2mmoq_test_client::scenarios[0m[2m:[0m Subscriber got error: not found: Track not found [error:9d134460-79dd-4319-8a1c-9fe6f66ecc57] - subscription was processed
ok 4 - publish-namespace-subscribe
  ---
  duration_ms: 466
  publisher_connection_id: 864b1945568118bf62f5ba4ac58a65be
  subscriber_connection_id: e71f8aa4266fd2fa692684f57e548c6d
  ...
[2m2026-07-14T01:05:07.980039Z[0m [32m INFO[0m [2mmoq_native_ietf::quic[0m[2m:[0m UDP socket bound [3mbind[0m[2m=[0m[::]:0 [3mlocal[0m[2m=[0m[::]:33492 [3mdual_stack[0m[2m=[0mtrue
[2m2026-07-14T01:05:08.050826Z[0m [33m WARN[0m [2mweb_transport_quinn::session[0m[2m:[0m failed to read capsule [3me[0m[2m=[0mUnexpectedEnd
[2m2026-07-14T01:05:08.145520Z[0m [32m INFO[0m [2mmoq_test_client::scenarios[0m[2m:[0m Subscriber subscribing BEFORE PUBLISH_NAMESPACE: moq-test/interop/test-track
[2m2026-07-14T01:05:08.218042Z[0m [33m WARN[0m [2mmoq_transport::serve::error[0m[2m:[0m [e10113c8-506e-4aac-8751-6027ca7cb3f1] Not found: no such namespace or track at moq-transport/src/session/subscriber.rs:455
[2m2026-07-14T01:05:08.218063Z[0m [33m WARN[0m [2mmoq_transport::session::reader[0m[2m:[0m [READER] decode: stream ended while waiting for data (have=0 bytes, need=1)
[2m2026-07-14T01:05:08.289038Z[0m [33m WARN[0m [2mweb_transport_quinn::session[0m[2m:[0m failed to read capsule [3me[0m[2m=[0mUnexpectedEnd
[2m2026-07-14T01:05:08.647578Z[0m [32m INFO[0m [2mmoq_native_ietf::quic[0m[2m:[0m UDP socket bound [3mbind[0m[2m=[0m[::]:0 [3mlocal[0m[2m=[0m[::]:34086 [3mdual_stack[0m[2m=[0mtrue
[2m2026-07-14T01:05:08.818267Z[0m [32m INFO[0m [2mmoq_test_client::scenarios[0m[2m:[0m Publisher sending PUBLISH_NAMESPACE (after subscriber): moq-test/interop
[2m2026-07-14T01:05:11.819467Z[0m [32m INFO[0m [2mmoq_test_client::scenarios[0m[2m:[0m Publisher PUBLISH_NAMESPACE timeout (expected)
[2m2026-07-14T01:05:11.819493Z[0m [32m INFO[0m [2mmoq_test_client::scenarios[0m[2m:[0m Subscriber got error: not found: Track not found [error:e10113c8-506e-4aac-8751-6027ca7cb3f1] (may be expected)
ok 5 - subscribe-before-publish-namespace
  ---
  duration_ms: 3840
  subscriber_connection_id: dc4408531f09cc736f0498768e70f670
  publisher_connection_id: 391e5990d7eff8327730fef285297fb8
  ...
[2m2026-07-14T01:05:11.820214Z[0m [32m INFO[0m [2mmoq_native_ietf::quic[0m[2m:[0m UDP socket bound [3mbind[0m[2m=[0m[::]:0 [3mlocal[0m[2m=[0m[::]:59013 [3mdual_stack[0m[2m=[0mtrue
[2m2026-07-14T01:05:11.980891Z[0m [32m INFO[0m [2mmoq_test_client::scenarios[0m[2m:[0m Sending PUBLISH_NAMESPACE: moq-test/interop
[2m2026-07-14T01:05:13.981782Z[0m [32m INFO[0m [2mmoq_test_client::scenarios[0m[2m:[0m PUBLISH_NAMESPACE active; sending PUBLISH_NAMESPACE_DONE
[2m2026-07-14T01:05:14.082723Z[0m [32m INFO[0m [2mmoq_test_client::scenarios[0m[2m:[0m PUBLISH_NAMESPACE_DONE sent successfully
ok 6 - publish-namespace-done
  ---
  duration_ms: 2263
  connection_id: 1fa4996aa60cc19d918cf73c13661c3d
  ...
make[1]: Leaving directory '/home/runner/work/moq-interop-runner/moq-interop-runner/main'
