make[1]: Entering directory '/home/runner/work/moq-interop-runner/moq-interop-runner/main'
Running tests against moqt://lminiero.it:9000...
  Client: ghcr.io/openmoq/moqx-interop-client:latest
docker run --rm \
	 \
	--network host \
	-e RELAY_URL=moqt://lminiero.it:9000 \
	-e TLS_DISABLE_VERIFY=false \
	ghcr.io/openmoq/moqx-interop-client:latest
TAP version 14
# moxygen interop test client
# Relay: moqt://lminiero.it:9000
# Transport: QUIC
1..6
E0714 01:06:35.640443     1 MoQCodec.cpp:126] Conn error=3
E0714 01:06:35.640477     1 MoQSession.cpp:5259] MoQCodec control stream parse error err=3
not ok 1 - setup-only
  ---
  duration_ms: 683
  error: coroutine operation cancelled
  ...
E0714 01:06:36.285208     1 MoQCodec.cpp:126] Conn error=3
E0714 01:06:36.285238     1 MoQSession.cpp:5259] MoQCodec control stream parse error err=3
not ok 2 - announce-only
  ---
  duration_ms: 644
  error: coroutine operation cancelled
  ...
E0714 01:06:36.957290     1 MoQCodec.cpp:126] Conn error=3
E0714 01:06:36.957319     1 MoQSession.cpp:5259] MoQCodec control stream parse error err=3
not ok 3 - subscribe-error
  ---
  duration_ms: 671
  error: coroutine operation cancelled
  ...
E0714 01:06:37.792394     1 MoQCodec.cpp:126] Conn error=3
E0714 01:06:37.792424     1 MoQSession.cpp:5259] MoQCodec control stream parse error err=3
not ok 4 - announce-subscribe
  ---
  duration_ms: 834
  error: coroutine operation cancelled
  ...
E0714 01:06:38.438268     1 MoQCodec.cpp:126] Conn error=3
E0714 01:06:38.438296     1 MoQSession.cpp:5259] MoQCodec control stream parse error err=3
not ok 5 - publish-namespace-done
  ---
  duration_ms: 645
  error: coroutine operation cancelled
  ...
E0714 01:06:39.649193     1 MoQCodec.cpp:126] Conn error=3
E0714 01:06:39.649222     1 MoQSession.cpp:5259] MoQCodec control stream parse error err=3
not ok 6 - subscribe-before-announce
  ---
  duration_ms: 1210
  error: coroutine operation cancelled
  ...
E20260714 01:06:40.650211     1 EventHandler.cpp:90] EventBase: failed to register event handler for fd 10: Resource temporarily unavailable
make[1]: *** [Makefile:121: test-external] Error 1
make[1]: Leaving directory '/home/runner/work/moq-interop-runner/moq-interop-runner/main'
