make[1]: Entering directory '/home/runner/work/moq-interop-runner/moq-interop-runner/main'
Running tests against https://draft-16-manish.cloudflare.mediaoverquic.com:443/moq...
  Client: ghcr.io/openmoq/moqx-interop-client:latest
docker run --rm \
	 \
	--network host \
	-e RELAY_URL=https://draft-16-manish.cloudflare.mediaoverquic.com:443/moq \
	-e TLS_DISABLE_VERIFY=false \
	ghcr.io/openmoq/moqx-interop-client:latest
TAP version 14
# moxygen interop test client
# Relay: https://draft-16-manish.cloudflare.mediaoverquic.com:443/moq
# Transport: WebTransport
1..6
E20260714 01:40:15.777792     1 HQSession.cpp:579] Connection closed with error err=Crypto error: certificate_expired msg=fizz::FizzVerificationException: certificate verification failed: certificate has expired proto=, client CID=, server CID=c460599fe319684c, local=<uninitialized address>, 34.68.101.111:443=upstream, drain=none
E0714 01:40:15.778785     1 MoQWebTransportClient.cpp:95] std::runtime_error: Crypto error: certificate_expired
not ok 1 - setup-only
  ---
  duration_ms: 81
  error: Crypto error: certificate_expired
  ...
E20260714 01:40:15.837213     1 HQSession.cpp:579] Connection closed with error err=Crypto error: certificate_expired msg=fizz::FizzVerificationException: certificate verification failed: certificate has expired proto=, client CID=, server CID=2edfd5e0ffceb9c0, local=<uninitialized address>, 34.68.101.111:443=upstream, drain=none
E0714 01:40:15.837342     1 MoQWebTransportClient.cpp:95] std::runtime_error: Crypto error: certificate_expired
not ok 2 - announce-only
  ---
  duration_ms: 58
  error: Crypto error: certificate_expired
  ...
E20260714 01:40:15.919245     1 HQSession.cpp:579] Connection closed with error err=Crypto error: certificate_expired msg=fizz::FizzVerificationException: certificate verification failed: certificate has expired proto=, client CID=, server CID=92f8764265a2afd4, local=<uninitialized address>, 34.68.101.111:443=upstream, drain=none
E0714 01:40:15.919383     1 MoQWebTransportClient.cpp:95] std::runtime_error: Crypto error: certificate_expired
not ok 3 - subscribe-error
  ---
  duration_ms: 82
  error: Crypto error: certificate_expired
  ...
E20260714 01:40:15.998153     1 HQSession.cpp:579] Connection closed with error err=Crypto error: certificate_expired msg=fizz::FizzVerificationException: certificate verification failed: certificate has expired proto=, client CID=, server CID=cdbe2a05ab36a1f1, local=<uninitialized address>, 34.68.101.111:443=upstream, drain=none
E0714 01:40:15.998294     1 MoQWebTransportClient.cpp:95] std::runtime_error: Crypto error: certificate_expired
not ok 4 - announce-subscribe
  ---
  duration_ms: 78
  error: Crypto error: certificate_expired
  ...
E20260714 01:40:16.106458     1 HQSession.cpp:579] Connection closed with error err=Crypto error: certificate_expired msg=fizz::FizzVerificationException: certificate verification failed: certificate has expired proto=, client CID=, server CID=c4672afffd1ed62f, local=<uninitialized address>, 34.68.101.111:443=upstream, drain=none
E0714 01:40:16.106595     1 MoQWebTransportClient.cpp:95] std::runtime_error: Crypto error: certificate_expired
not ok 5 - publish-namespace-done
  ---
  duration_ms: 108
  error: Crypto error: certificate_expired
  ...
E20260714 01:40:16.164608     1 HQSession.cpp:579] Connection closed with error err=Crypto error: certificate_expired msg=fizz::FizzVerificationException: certificate verification failed: certificate has expired proto=, client CID=, server CID=fa680ff0aebbf3e8, local=<uninitialized address>, 34.68.101.111:443=upstream, drain=none
E0714 01:40:16.164762     1 MoQWebTransportClient.cpp:95] std::runtime_error: Crypto error: certificate_expired
not ok 6 - subscribe-before-announce
  ---
  duration_ms: 58
  error: Crypto error: certificate_expired
  ...
make[1]: *** [Makefile:121: test-external] Error 1
make[1]: Leaving directory '/home/runner/work/moq-interop-runner/moq-interop-runner/main'
