make[1]: Entering directory '/home/runner/work/moq-interop-runner/moq-interop-runner/main'
Running tests against moqt://lminiero.it:9000...
  Client: ghcr.io/facebookexperimental/moxygen-interop-client:latest-amd64
docker run --rm \
	 \
	--network host \
	-e RELAY_URL=moqt://lminiero.it:9000 \
	-e TLS_DISABLE_VERIFY=false \
	ghcr.io/facebookexperimental/moxygen-interop-client:latest-amd64
TAP version 14
# moxygen interop test client
# Relay: moqt://lminiero.it:9000
# Transport: QUIC
1..6
E0714 01:09:46.519427     1 MoQCodec.cpp:126] Conn error=3
E0714 01:09:46.519452     1 MoQSession.cpp:5259] MoQCodec control stream parse error err=3
not ok 1 - setup-only
  ---
  duration_ms: 355
  error: coroutine operation cancelled
  ...
E0714 01:09:46.859607     1 MoQCodec.cpp:126] Conn error=3
E0714 01:09:46.859659     1 MoQSession.cpp:5259] MoQCodec control stream parse error err=3
not ok 2 - announce-only
  ---
  duration_ms: 340
  error: coroutine operation cancelled
  ...
E0714 01:09:47.209713     1 MoQCodec.cpp:126] Conn error=3
E0714 01:09:47.209734     1 MoQSession.cpp:5259] MoQCodec control stream parse error err=3
not ok 3 - subscribe-error
  ---
  duration_ms: 349
  error: coroutine operation cancelled
  ...
E0714 01:09:47.882153     1 MoQCodec.cpp:126] Conn error=3
E0714 01:09:47.882176     1 MoQSession.cpp:5259] MoQCodec control stream parse error err=3
not ok 4 - announce-subscribe
  ---
  duration_ms: 672
  error: coroutine operation cancelled
  ...
E0714 01:09:48.223767     1 MoQCodec.cpp:126] Conn error=3
E0714 01:09:48.223790     1 MoQSession.cpp:5259] MoQCodec control stream parse error err=3
not ok 5 - publish-namespace-done
  ---
  duration_ms: 341
  error: coroutine operation cancelled
  ...
E0714 01:09:48.561849     1 MoQCodec.cpp:126] Conn error=3
E0714 01:09:48.561871     1 MoQSession.cpp:5259] MoQCodec control stream parse error err=3
not ok 6 - subscribe-before-announce
  ---
  duration_ms: 338
  error: coroutine operation cancelled
  ...
E20260714 01:09:49.562140     1 EventHandler.cpp:90] EventBase: failed to register event handler for fd 10: No such file or directory
make[1]: *** [Makefile:121: test-external] Error 1
make[1]: Leaving directory '/home/runner/work/moq-interop-runner/moq-interop-runner/main'
