make[1]: Entering directory '/home/runner/work/moq-interop-runner/moq-interop-runner/main'
Running tests against moqt://moqx-000.ci.openmoq.org:4433...
  Client: ghcr.io/englishm/moq-interop-runner-moq-test-client:latest
docker run --rm \
	--network host \
	-e RELAY_URL=moqt://moqx-000.ci.openmoq.org:4433 \
	-e TLS_DISABLE_VERIFY=false \
	ghcr.io/englishm/moq-interop-runner-moq-test-client:latest
TAP version 14
# moq-test-client v0.1.0
# Relay: moqt://moqx-000.ci.openmoq.org:4433
1..6
ok 1 - setup-only
  ---
  duration_ms: 57
  connection_id: ca3e4ba553cd2f40b56e4b30f4481a96
  ...
ok 2 - announce-only
  ---
  duration_ms: 2076
  connection_id: 16edaea2034776a2b24132d1463999e4
  ...
ok 3 - subscribe-error
  ---
  duration_ms: 97
  connection_id: 13abd050d84b11f020701932e08d6d5f
  ...
ok 4 - announce-subscribe
  ---
  duration_ms: 250
  publisher_connection_id: 0a05c63b458ee0986d14a7e02a826b60
  subscriber_connection_id: 84eaa2c16df7f60ef97bca1659f92ff1
  ...
ok 5 - subscribe-before-announce
  ---
  duration_ms: 3635
  subscriber_connection_id: d30d8dfb1b0ff2cbf4c88359f98b15a5
  publisher_connection_id: 69db5898e00cf0c9a961cabae7307bd2
  ...
ok 6 - publish-namespace-done
  ---
  duration_ms: 2167
  connection_id: 33b53440a6ea04098e9b4f1c4bb38b9f
  ...
make[1]: Leaving directory '/home/runner/work/moq-interop-runner/moq-interop-runner/main'
