make[1]: Entering directory '/home/runner/work/moq-interop-runner/moq-interop-runner/main'
Running tests against moqt://draft-14.cloudflare.mediaoverquic.com:443...
  Client: ghcr.io/englishm/moq-interop-runner-moq-test-client:latest
docker run --rm \
	--network host \
	-e RELAY_URL=moqt://draft-14.cloudflare.mediaoverquic.com:443 \
	-e TLS_DISABLE_VERIFY=false \
	ghcr.io/englishm/moq-interop-runner-moq-test-client:latest
TAP version 14
# moq-test-client v0.1.0
# Relay: moqt://draft-14.cloudflare.mediaoverquic.com:443
1..6
ok 1 - setup-only
  ---
  duration_ms: 112
  connection_id: f5e0182c184cafda760bd019f0d6f1a3
  ...
ok 2 - announce-only
  ---
  duration_ms: 2042
  connection_id: e29b3bb1abcd2367aee8ba4c7e08c2e5
  ...
ok 3 - subscribe-error
  ---
  duration_ms: 391
  connection_id: 7db4ad2cb18c8170385825343af24fb3
  ...
ok 4 - announce-subscribe
  ---
  duration_ms: 3092
  publisher_connection_id: 7cfd5f00b0b74aade99cd76470c20e02
  subscriber_connection_id: e25905f520fbb7789e75085d505bef45
  ...
ok 5 - subscribe-before-announce
  ---
  duration_ms: 3608
  subscriber_connection_id: bfdcfe0527cc5306212c4fa1e9cef733
  publisher_connection_id: 6a859f325c8526597fee3e9ca281bce0
  ...
ok 6 - publish-namespace-done
  ---
  duration_ms: 2159
  connection_id: e48ffc1380a70826e7779362bb48d03d
  ...
make[1]: Leaving directory '/home/runner/work/moq-interop-runner/moq-interop-runner/main'
