make[1]: Entering directory '/home/runner/work/moq-interop-runner/moq-interop-runner/main'
Running tests against https://draft-16-manish.cloudflare.mediaoverquic.com:443/moq...
  Client: ghcr.io/englishm/moq-interop-runner-moq-test-client-draft-16:latest
docker run --rm \
	--network host \
	-e RELAY_URL=https://draft-16-manish.cloudflare.mediaoverquic.com:443/moq \
	-e TLS_DISABLE_VERIFY=false \
	ghcr.io/englishm/moq-interop-runner-moq-test-client-draft-16:latest
TAP version 14
# moq-test-client v0.1.0
# Relay: https://draft-16-manish.cloudflare.mediaoverquic.com/moq
1..6
ok 1 - setup-only
  ---
  duration_ms: 210
  connection_id: 15a15b1f908dfc693d1f1ad6f1b0ffd2
  ...
ok 2 - announce-only
  ---
  duration_ms: 2214
  connection_id: 246b4cd33c829a6b0684bd2cac4be1e2
  ...
ok 3 - subscribe-error
  ---
  duration_ms: 324
  connection_id: 6eeb848c37df8746704bf7affb345185
  ...
ok 4 - announce-subscribe
  ---
  duration_ms: 3522
  publisher_connection_id: 860e536adbb1711e2b66b0fd6838d373
  subscriber_connection_id: 5da3c2f3306e46dfeb7f0343c63f3c7c
  ...
ok 5 - subscribe-before-announce
  ---
  duration_ms: 4041
  subscriber_connection_id: 9bbebfe4e60d31edfaae10efda93053a
  publisher_connection_id: 9d5137ccd2b7f3a00d3f4664160e6d3e
  ...
ok 6 - publish-namespace-done
  ---
  duration_ms: 2354
  connection_id: 32dea6324f0daf5528e52b101c2f14a0
  ...
make[1]: Leaving directory '/home/runner/work/moq-interop-runner/moq-interop-runner/main'
