make[1]: Entering directory '/home/runner/work/moq-interop-runner/moq-interop-runner/main'
Running tests against https://moqx-000.ci.openmoq.org:4433/moq-relay...
  Client: ghcr.io/englishm/moq-interop-runner-moq-test-client:latest
docker run --rm \
	--network host \
	-e RELAY_URL=https://moqx-000.ci.openmoq.org:4433/moq-relay \
	-e TLS_DISABLE_VERIFY=false \
	ghcr.io/englishm/moq-interop-runner-moq-test-client:latest
TAP version 14
# moq-test-client v0.1.0
# Relay: https://moqx-000.ci.openmoq.org:4433/moq-relay
1..6
ok 1 - setup-only
  ---
  duration_ms: 282
  connection_id: 6e43c349259051803f2962a7d9fa4d1e
  ...
ok 2 - announce-only
  ---
  duration_ms: 2238
  connection_id: c62c5b1e448bd42243f5ece30d6ad6b8
  ...
ok 3 - subscribe-error
  ---
  duration_ms: 286
  connection_id: de9a5ded721bc0f396b09863321f4fc6
  ...
ok 4 - announce-subscribe
  ---
  duration_ms: 3686
  publisher_connection_id: 127f7594e8cce2b3ed6a4ac62f45dd4c
  subscriber_connection_id: c21ac1e37e2e258c53cdd2dd0a2a00fa
  ...
ok 5 - subscribe-before-announce
  ---
  duration_ms: 4004
  subscriber_connection_id: 6e7731754a6d4613b3eb0d1c05a0a246
  publisher_connection_id: adf3aa33ebd75f47302723881c4a8628
  ...
ok 6 - publish-namespace-done
  ---
  duration_ms: 2252
  connection_id: 086a9d348381950c8f2c56076a094b5d
  ...
make[1]: Leaving directory '/home/runner/work/moq-interop-runner/moq-interop-runner/main'
