make[1]: Entering directory '/home/runner/work/moq-interop-runner/moq-interop-runner/main'
Running tests against https://relay.moqtail.dev...
  Client: ghcr.io/englishm/moq-interop-runner-moq-test-client:latest
docker run --rm \
	--network host \
	-e RELAY_URL=https://relay.moqtail.dev \
	-e TLS_DISABLE_VERIFY=false \
	ghcr.io/englishm/moq-interop-runner-moq-test-client:latest
TAP version 14
# moq-test-client v0.1.0
# Relay: https://relay.moqtail.dev/
1..6
ok 1 - setup-only
  ---
  duration_ms: 269
  connection_id: f19e0fb263cfb2755cf91b8cf223abf8
  ...
ok 2 - announce-only
  ---
  duration_ms: 2292
  connection_id: 094faf5664719325c776e6af2195ae06
  ...
ok 3 - subscribe-error
  ---
  duration_ms: 327
  connection_id: 3d1b70ac3ca68c99feff4b9669dc4556
  ...
ok 4 - announce-subscribe
  ---
  duration_ms: 419
  publisher_connection_id: 5824b9fe8ae18b9065cc94b712932d5f
  subscriber_connection_id: 760fe73e1eda144545d6c44f4b3aac4d
  ...
ok 5 - subscribe-before-announce
  ---
  duration_ms: 3949
  subscriber_connection_id: ae14a8ddba6ab2ce26ff9059983aa4ce
  publisher_connection_id: f41810a1519465cf3bdaebca15955bcd
  ...
ok 6 - publish-namespace-done
  ---
  duration_ms: 2335
  connection_id: 0c7e3f00ff85f63f65558169180ab933
  ...
make[1]: Leaving directory '/home/runner/work/moq-interop-runner/moq-interop-runner/main'
