make[1]: Entering directory '/home/runner/work/moq-interop-runner/moq-interop-runner/main'
Running tests against moqt://draft-14.cloudflare.mediaoverquic.com:443...
  Client: ghcr.io/gmarzot/aiomoqt:latest
docker run --rm \
	 \
	--network host \
	-e RELAY_URL=moqt://draft-14.cloudflare.mediaoverquic.com:443 \
	-e TLS_DISABLE_VERIFY=false \
	ghcr.io/gmarzot/aiomoqt:latest
  [PASS] setup-only: SERVER_SETUP received with compatible version
  [PASS] announce-only: PUBLISH_NAMESPACE_OK received
  [PASS] publish-namespace-done: PUBLISH_NAMESPACE_OK received, PUBLISH_NAMESPACE_DONE sent
  [FAIL] subscribe-error: Non-conformant: expected TRACK_DOES_NOT_EXIST (d14=0x04 / d16=0x10), got code=0
  [PASS] announce-subscribe: SUBSCRIBE_OK received — relay routed subscription
  [FAIL] subscribe-before-announce: Failed: request error: code=0 reason=done
TAP version 14
1..6
ok 1 - setup-only
  ---
  duration_ms: 80.3
  connection_id: unknown
  message: SERVER_SETUP received with compatible version
  ...
ok 2 - announce-only
  ---
  duration_ms: 244.5
  connection_id: unknown
  message: PUBLISH_NAMESPACE_OK received
  ...
ok 3 - publish-namespace-done
  ---
  duration_ms: 229.8
  connection_id: unknown
  message: PUBLISH_NAMESPACE_OK received, PUBLISH_NAMESPACE_DONE sent
  ...
not ok 4 - subscribe-error
  ---
  duration_ms: 117.4
  connection_id: unknown
  message: Non-conformant: expected TRACK_DOES_NOT_EXIST (d14=0x04 / d16=0x10), got code=0
  expected: SUBSCRIBE_ERROR code=TRACK_DOES_NOT_EXIST
  received: SUBSCRIBE_ERROR code=0
  ...
ok 5 - announce-subscribe
  ---
  duration_ms: 218.5
  publisher_connection_id: unknown
  subscriber_connection_id: unknown
  message: SUBSCRIBE_OK received — relay routed subscription
  ...
not ok 6 - subscribe-before-announce
  ---
  duration_ms: 621.7
  publisher_connection_id: unknown
  subscriber_connection_id: unknown
  message: Failed: request error: code=0 reason=done
  ...
make[1]: *** [Makefile:121: test-external] Error 1
make[1]: Leaving directory '/home/runner/work/moq-interop-runner/moq-interop-runner/main'
