make[1]: Entering directory '/home/runner/work/moq-interop-runner/moq-interop-runner/main'
Running tests against moqt://lminiero.it:9000...
  Client: ghcr.io/englishm/moq-interop-runner-moq-test-client-draft-16:latest
docker run --rm \
	 \
	--network host \
	-e RELAY_URL=moqt://lminiero.it:9000 \
	-e TLS_DISABLE_VERIFY=false \
	ghcr.io/englishm/moq-interop-runner-moq-test-client-draft-16:latest
TAP version 14
# moq-test-client v0.1.0
# Relay: moqt://lminiero.it:9000
1..6
ok 1 - setup-only
  ---
  duration_ms: 494
  connection_id: 659a09763774574cc14cb1968356c547
  ...
ok 2 - announce-only
  ---
  duration_ms: 2481
  connection_id: c849325350e49e1f58e854056954f375
  ...
ok 3 - subscribe-error
  ---
  duration_ms: 967
  connection_id: 9f31a5a4ee7f2891e933d48b5d8d769d
  ...
ok 4 - announce-subscribe
  ---
  duration_ms: 4570
  publisher_connection_id: 407819a989108e5c420017e6be29bba1
  subscriber_connection_id: 8c7632a80629fb77de0c118dd7c53375
  ...
ok 5 - subscribe-before-announce
  ---
  duration_ms: 4739
  subscriber_connection_id: 5748fba2b35785126721b3bfd621834b
  publisher_connection_id: 512e1c1f62dee976dcdf9b29bc50b259
  ...
ok 6 - publish-namespace-done
  ---
  duration_ms: 2893
  connection_id: b5ce13a2b538e010eb7e30348eb020cb
  ...
make[1]: Leaving directory '/home/runner/work/moq-interop-runner/moq-interop-runner/main'
