make[1]: Entering directory '/home/runner/work/moq-interop-runner/moq-interop-runner/main'
Running tests against https://moqx-000.ci.openmoq.org:4433/moq-relay...
  Client: ghcr.io/englishm/moq-interop-runner-moq-test-client:latest
docker run --rm \
	 \
	--network host \
	-e RELAY_URL=https://moqx-000.ci.openmoq.org:4433/moq-relay \
	-e TLS_DISABLE_VERIFY=false \
	ghcr.io/englishm/moq-interop-runner-moq-test-client:latest
TAP version 14
# moq-test-client v0.1.0
# Relay: https://moqx-000.ci.openmoq.org:4433/moq-relay
1..6
ok 1 - setup-only
  ---
  duration_ms: 167
  connection_id: dad2a662e851f6cb72104904f22e6fd0
  ...
ok 2 - announce-only
  ---
  duration_ms: 2157
  connection_id: 82e707b8cd04067e6a776c597ce1245c
  ...
ok 3 - subscribe-error
  ---
  duration_ms: 188
  connection_id: 7559ee03c90f2d9fa53d2a485ead81d3
  ...
ok 4 - announce-subscribe
  ---
  duration_ms: 359
  publisher_connection_id: 3d608d1032337b6fdfdc6e864f64064c
  subscriber_connection_id: 13e6f1bdad9ce46ef7087aedab8eb14c
  ...
ok 5 - subscribe-before-announce
  ---
  duration_ms: 3805
  subscriber_connection_id: aa4f1c9fe1aefaebda9ef14b80e8f71d
  publisher_connection_id: 502ba588ab2edd98e939768025b0ed3e
  ...
ok 6 - publish-namespace-done
  ---
  duration_ms: 2251
  connection_id: 2538c900f776e4d2a5e2d6253884a324
  ...
make[1]: Leaving directory '/home/runner/work/moq-interop-runner/moq-interop-runner/main'
