make[1]: Entering directory '/home/runner/work/moq-interop-runner/moq-interop-runner/main'
Running tests against https://fb.mvfst.net:9448/moq-relay...
  Client: ghcr.io/englishm/moq-interop-runner-moq-test-client:latest
docker run --rm \
	 \
	--network host \
	-e RELAY_URL=https://fb.mvfst.net:9448/moq-relay \
	-e TLS_DISABLE_VERIFY=1 \
	ghcr.io/englishm/moq-interop-runner-moq-test-client:latest
TAP version 14
# moq-test-client v0.1.0
# Relay: https://fb.mvfst.net:9448/moq-relay
1..6
ok 1 - setup-only
  ---
  duration_ms: 217
  connection_id: 7ca2fccfe06c050579db2fe74141cae7
  ...
ok 2 - announce-only
  ---
  duration_ms: 2210
  connection_id: f34cc9874f02eb621ce74cf369ecf5a3
  ...
ok 3 - subscribe-error
  ---
  duration_ms: 277
  connection_id: 9b38cb40041dffa51e00cb01b844a9c0
  ...
ok 4 - announce-subscribe
  ---
  duration_ms: 466
  publisher_connection_id: 7728708c07fa5009cbbcbb48ba13dcbd
  subscriber_connection_id: b69fb97e0f79640db34ca59adec327e6
  ...
ok 5 - subscribe-before-announce
  ---
  duration_ms: 3892
  subscriber_connection_id: 86995786245bfbdfdb7654af83f07d2d
  publisher_connection_id: 94f23d3bb208c182f8c5690474555894
  ...
ok 6 - publish-namespace-done
  ---
  duration_ms: 2306
  connection_id: 9e6a685fee4efcb03e0df291db252341
  ...
make[1]: Leaving directory '/home/runner/work/moq-interop-runner/moq-interop-runner/main'
