make[1]: Entering directory '/home/runner/work/moq-interop-runner/moq-interop-runner/main'
Running tests against moqt://moqx-000.ci.openmoq.org:4433...
  Client: ghcr.io/englishm/moq-interop-runner-moq-test-client-draft-16:latest
docker run --rm \
	 \
	--network host \
	-e RELAY_URL=moqt://moqx-000.ci.openmoq.org:4433 \
	-e TLS_DISABLE_VERIFY=false \
	ghcr.io/englishm/moq-interop-runner-moq-test-client-draft-16:latest
TAP version 14
# moq-test-client v0.1.0
# Relay: moqt://moqx-000.ci.openmoq.org:4433
1..6
ok 1 - setup-only
  ---
  duration_ms: 222
  connection_id: 18021e915fb8e6f29cf5c8a98a8fe0d0
  ...
ok 2 - announce-only
  ---
  duration_ms: 2102
  connection_id: 844f10ccd63df507d4f842987572dc16
  ...
ok 3 - subscribe-error
  ---
  duration_ms: 218
  connection_id: 8120cc03bf688c1635a43929bfc97109
  ...
ok 4 - announce-subscribe
  ---
  duration_ms: 497
  publisher_connection_id: 28a31d922973aa1ec4a48d1b14936250
  subscriber_connection_id: 7fcba9b4faac0fed383ef510aa7c07bf
  ...
ok 5 - subscribe-before-announce
  ---
  duration_ms: 3796
  subscriber_connection_id: c40f2307da9c9b63c59c0c1ddb429594
  publisher_connection_id: b1badc796808e1ba7345c96b78a5fb8b
  ...
ok 6 - publish-namespace-done
  ---
  duration_ms: 2203
  connection_id: 5ac6a0bef213951f493045186fecd0ae
  ...
make[1]: Leaving directory '/home/runner/work/moq-interop-runner/moq-interop-runner/main'
