make[1]: Entering directory '/home/runner/work/moq-interop-runner/moq-interop-runner/main'
Running tests against https://draft-16-manish.cloudflare.mediaoverquic.com:443/moq...
  Client: ghcr.io/englishm/moq-interop-runner-moq-test-client-draft-16:latest
docker run --rm \
	 \
	--network host \
	-e RELAY_URL=https://draft-16-manish.cloudflare.mediaoverquic.com:443/moq \
	-e TLS_DISABLE_VERIFY=false \
	ghcr.io/englishm/moq-interop-runner-moq-test-client-draft-16:latest
TAP version 14
# moq-test-client v0.1.0
# Relay: https://draft-16-manish.cloudflare.mediaoverquic.com/moq
1..6
ok 1 - setup-only
  ---
  duration_ms: 282
  connection_id: 4f7a5caf59ab179aafb717cad495eff3
  ...
ok 2 - announce-only
  ---
  duration_ms: 2218
  connection_id: 74db7010ec09f5249c4852c3e9d7890b
  ...
ok 3 - subscribe-error
  ---
  duration_ms: 259
  connection_id: d6bc73a95f80530bc4eb4e67c5bdd29a
  ...
ok 4 - announce-subscribe
  ---
  duration_ms: 494
  publisher_connection_id: 5616c2d9c591e165a2fecf754f69a57f
  subscriber_connection_id: d4da8565e53009f2696f34bf02e474fe
  ...
ok 5 - subscribe-before-announce
  ---
  duration_ms: 4016
  subscriber_connection_id: 1c9dfc2b569206ec27feb775fc8d4728
  publisher_connection_id: 3b67fa4c70f2d1c4c7b2cd97d4340497
  ...
ok 6 - publish-namespace-done
  ---
  duration_ms: 2309
  connection_id: 14972af2f2bee14fb2d2336f2eb4e2ee
  ...
make[1]: Leaving directory '/home/runner/work/moq-interop-runner/moq-interop-runner/main'
