make[1]: Entering directory '/home/runner/work/moq-interop-runner/moq-interop-runner/main'
Running tests against moqt://draft-14.cloudflare.mediaoverquic.com:443...
  Client: ghcr.io/englishm/moq-interop-runner-moq-test-client:latest
docker run --rm \
	 \
	--network host \
	-e RELAY_URL=moqt://draft-14.cloudflare.mediaoverquic.com:443 \
	-e TLS_DISABLE_VERIFY=false \
	ghcr.io/englishm/moq-interop-runner-moq-test-client:latest
TAP version 14
# moq-test-client v0.1.0
# Relay: moqt://draft-14.cloudflare.mediaoverquic.com:443
1..6
ok 1 - setup-only
  ---
  duration_ms: 53
  connection_id: 4111b1c758935bd79e27a5ce7221cbb2
  ...
ok 2 - announce-only
  ---
  duration_ms: 2048
  connection_id: 3887afb5a9bf1c703ba9cb6abce23405
  ...
ok 3 - subscribe-error
  ---
  duration_ms: 167
  connection_id: 61296691e64ace6f1a301595273ce0d1
  ...
ok 4 - announce-subscribe
  ---
  duration_ms: 157
  publisher_connection_id: 38658e171d208b93c53f563a096afb90
  subscriber_connection_id: 41ddbbc660f8d5c730c67c31fc3a9c46
  ...
ok 5 - subscribe-before-announce
  ---
  duration_ms: 3567
  subscriber_connection_id: 3af4f7e02ca510d8e0d228983b6fb2bc
  publisher_connection_id: d755105b91ad1807cf6773ca9b4dc9d2
  ...
ok 6 - publish-namespace-done
  ---
  duration_ms: 2125
  connection_id: 23b7decaa4f0963d288bfab2854f9bcc
  ...
make[1]: Leaving directory '/home/runner/work/moq-interop-runner/moq-interop-runner/main'
