make[1]: Entering directory '/home/runner/work/moq-interop-runner/moq-interop-runner/main'
Running tests against moqt://moqx-000.ci.openmoq.org:4433...
  Client: ghcr.io/facebookexperimental/moxygen-interop-client:latest-amd64
docker run --rm \
	 \
	--network host \
	-e RELAY_URL=moqt://moqx-000.ci.openmoq.org:4433 \
	-e TLS_DISABLE_VERIFY=false \
	ghcr.io/facebookexperimental/moxygen-interop-client:latest-amd64
TAP version 14
# moxygen interop test client
# Relay: moqt://moqx-000.ci.openmoq.org:4433
# Transport: QUIC
1..6
ok 1 - setup-only
  ---
  duration_ms: 149
  info: SETUP exchange completed successfully
  ...
E0524 00:48:49.134896     1 MoQRelaySession.cpp:712] PublishNamespaceDone for unknown publishNamespace, sess=0x564882655730
ok 2 - announce-only
  ---
  duration_ms: 238
  info: PUBLISH_NAMESPACE completed successfully
  ...
ok 3 - subscribe-error
  ---
  duration_ms: 144
  info: Subscribe correctly returned error: no such namespace or track
  ...
E0524 00:48:49.621646     1 MoQSession.cpp:5007] publishDone for invalid id=1 sess=0x5648825fd5d0
ok 4 - announce-subscribe
  ---
  duration_ms: 341
  info: Publisher announced, subscriber subscribed successfully
  ...
ok 5 - publish-namespace-done
  ---
  duration_ms: 153
  info: PUBLISH_NAMESPACE_OK received, PUBLISH_NAMESPACE_DONE sent
  ...
ok 6 - subscribe-before-announce
  ---
  duration_ms: 759
  info: Subscribe returned error (relay doesn't buffer pending subscriptions): no such namespace or track
  ...
make[1]: Leaving directory '/home/runner/work/moq-interop-runner/moq-interop-runner/main'
