make[1]: Entering directory '/home/runner/work/moq-interop-runner/moq-interop-runner/main'
Running tests against moqt://draft-16-manish.cloudflare.mediaoverquic.com:443...
  Client: ghcr.io/facebookexperimental/moxygen-interop-client:latest-amd64
docker run --rm \
	 \
	--network host \
	-e RELAY_URL=moqt://draft-16-manish.cloudflare.mediaoverquic.com:443 \
	-e TLS_DISABLE_VERIFY=false \
	ghcr.io/facebookexperimental/moxygen-interop-client:latest-amd64
TAP version 14
# moxygen interop test client
# Relay: moqt://draft-16-manish.cloudflare.mediaoverquic.com:443
# Transport: QUIC
1..6
ok 1 - setup-only
  ---
  duration_ms: 169
  info: SETUP exchange completed successfully
  ...
ok 2 - announce-only
  ---
  duration_ms: 218
  info: PUBLISH_NAMESPACE completed successfully
  ...
E0524 00:48:16.254807     1 MoQRelaySession.cpp:712] PublishNamespaceDone for unknown publishNamespace, sess=0x5581cd6a75e0
ok 3 - subscribe-error
  ---
  duration_ms: 170
  info: Subscribe correctly returned error: not found: Track not found [error:817d6ce0-0346-4cc0-a3fc-b08eccd83da8]
  ...
E0524 00:48:16.798611     1 MoQCodec.cpp:95] Frame underflow -> parse error
E0524 00:48:16.798634     1 MoQCodec.cpp:126] Conn error=3
E0524 00:48:16.798638     1 MoQSession.cpp:4660] MoQCodec control stream parse error err=3
E0524 00:48:16.798731     1 MoQSession.cpp:5007] publishDone for invalid id=1 sess=0x5581cd63ee70
not ok 4 - announce-subscribe
  ---
  duration_ms: 372
  error: Subscribe failed: Session closed
  ...
ok 5 - publish-namespace-done
  ---
  duration_ms: 162
  info: PUBLISH_NAMESPACE_OK received, PUBLISH_NAMESPACE_DONE sent
  ...
ok 6 - subscribe-before-announce
  ---
  duration_ms: 827
  info: Subscribe returned error (relay doesn't buffer pending subscriptions): not found: Track not found [error:e4373616-e4f8-46bb-be6d-6fecbebee790]
  ...
make[1]: *** [Makefile:121: test-external] Error 1
make[1]: Leaving directory '/home/runner/work/moq-interop-runner/moq-interop-runner/main'
