make[1]: Entering directory '/home/runner/work/moq-interop-runner/moq-interop-runner/main'
Running tests against https://draft-14.cloudflare.mediaoverquic.com:443/moq...
  Client: ghcr.io/facebookexperimental/moxygen-interop-client:latest-amd64
docker run --rm \
	 \
	--network host \
	-e RELAY_URL=https://draft-14.cloudflare.mediaoverquic.com:443/moq \
	-e TLS_DISABLE_VERIFY=false \
	ghcr.io/facebookexperimental/moxygen-interop-client:latest-amd64
TAP version 14
# moxygen interop test client
# Relay: https://draft-14.cloudflare.mediaoverquic.com:443/moq
# Transport: WebTransport
1..6
W0524 01:06:47.348365     1 MoQWebTransportClient.cpp:172] WebTransport: No WT-Protocol header in response, will use legacy version negotiation
ok 1 - setup-only
  ---
  duration_ms: 52
  info: SETUP exchange completed successfully
  ...
W0524 01:06:47.396635     1 MoQWebTransportClient.cpp:172] WebTransport: No WT-Protocol header in response, will use legacy version negotiation
not ok 2 - announce-only
  ---
  duration_ms: 208
  error: done
  ...
W0524 01:06:47.588511     1 MoQWebTransportClient.cpp:172] WebTransport: No WT-Protocol header in response, will use legacy version negotiation
E0524 01:06:49.597063     1 MoQSession.cpp:4893] subscribeFuture exception=folly::OperationCancelled: coroutine operation cancelled
not ok 3 - subscribe-error
  ---
  duration_ms: 2031
  error: Timed out waiting for SUBSCRIBE response
  ...
W0524 01:06:49.619394     1 MoQWebTransportClient.cpp:172] WebTransport: No WT-Protocol header in response, will use legacy version negotiation
not ok 4 - announce-subscribe
  ---
  duration_ms: 139
  error: PUBLISH_NAMESPACE failed: done
  ...
W0524 01:06:49.764176     1 MoQWebTransportClient.cpp:172] WebTransport: No WT-Protocol header in response, will use legacy version negotiation
ok 5 - publish-namespace-done
  ---
  duration_ms: 103
  info: PUBLISH_NAMESPACE_OK received, PUBLISH_NAMESPACE_DONE sent
  ...
W0524 01:06:49.862288     1 MoQWebTransportClient.cpp:172] WebTransport: No WT-Protocol header in response, will use legacy version negotiation
W0524 01:06:50.393406     1 MoQWebTransportClient.cpp:172] WebTransport: No WT-Protocol header in response, will use legacy version negotiation
E0524 01:06:51.893885     1 MoQWebTransportClient.cpp:197] proxygen::HTTPException: ingress timeout, streamID=0, timeout=2000ms
ok 6 - subscribe-before-announce
  ---
  duration_ms: 2053
  info: Subscribe returned error (relay doesn't buffer pending subscriptions): Session closed
  ...
make[1]: *** [Makefile:121: test-external] Error 1
make[1]: Leaving directory '/home/runner/work/moq-interop-runner/moq-interop-runner/main'
