make[1]: Entering directory '/home/runner/work/moq-interop-runner/moq-interop-runner/main'
Running tests against https://quichemoq.dev:443...
  Client: ghcr.io/facebookexperimental/moxygen-interop-client:latest-amd64
docker run --rm \
	 \
	--network host \
	-e RELAY_URL=https://quichemoq.dev:443 \
	-e TLS_DISABLE_VERIFY=false \
	ghcr.io/facebookexperimental/moxygen-interop-client:latest-amd64
TAP version 14
# moxygen interop test client
# Relay: https://quichemoq.dev:443
# Transport: WebTransport
1..6
E20260524 00:49:14.454015     1 HQSession.cpp:541] Connection closed with error err=Connect failed msg=connect timeout proto=, client CID=, server CID=, local=<uninitialized address>, 34.53.4.47:443=upstream, drain=none
E0524 00:49:14.454900     1 MoQWebTransportClient.cpp:95] std::runtime_error: Connect failed
not ok 1 - setup-only
  ---
  duration_ms: 2203
  error: Connect failed
  ...
not ok 2 - announce-only
  ---
  duration_ms: 2108
  error: Connect failed
  ...
E20260524 00:49:16.562870     1 HQSession.cpp:541] Connection closed with error err=Connect failed msg=connect timeout proto=, client CID=, server CID=, local=<uninitialized address>, 34.53.4.47:443=upstream, drain=none
E0524 00:49:16.562995     1 MoQWebTransportClient.cpp:95] std::runtime_error: Connect failed
not ok 3 - subscribe-error
  ---
  duration_ms: 2017
  error: Connect failed
  ...
E20260524 00:49:18.580336     1 HQSession.cpp:541] Connection closed with error err=Connect failed msg=connect timeout proto=, client CID=, server CID=, local=<uninitialized address>, 34.53.4.47:443=upstream, drain=none
E0524 00:49:18.580458     1 MoQWebTransportClient.cpp:95] std::runtime_error: Connect failed
E20260524 00:49:20.609973     1 HQSession.cpp:541] Connection closed with error err=Connect failed msg=connect timeout proto=, client CID=, server CID=, local=<uninitialized address>, 34.53.4.47:443=upstream, drain=none
E0524 00:49:20.610098     1 MoQWebTransportClient.cpp:95] std::runtime_error: Connect failed
not ok 4 - announce-subscribe
  ---
  duration_ms: 2029
  error: Connect failed
  ...
E20260524 00:49:22.722193     1 HQSession.cpp:541] Connection closed with error err=Connect failed msg=connect timeout proto=, client CID=, server CID=, local=<uninitialized address>, 34.53.4.47:443=upstream, drain=none
E0524 00:49:22.722315     1 MoQWebTransportClient.cpp:95] std::runtime_error: Connect failed
not ok 5 - publish-namespace-done
  ---
  duration_ms: 2112
  error: Connect failed
  ...
E20260524 00:49:24.872481     1 HQSession.cpp:541] Connection closed with error err=Connect failed msg=connect timeout proto=, client CID=, server CID=, local=<uninitialized address>, 34.53.4.47:443=upstream, drain=none
E0524 00:49:24.872634     1 MoQWebTransportClient.cpp:95] std::runtime_error: Connect failed
not ok 6 - subscribe-before-announce
  ---
  duration_ms: 2150
  error: Connect failed
  ...
make[1]: *** [Makefile:121: test-external] Error 1
make[1]: Leaving directory '/home/runner/work/moq-interop-runner/moq-interop-runner/main'
