make[1]: Entering directory '/home/runner/work/moq-interop-runner/moq-interop-runner/main'
Running tests against moqt://us-west-2.relay.quicr.org:33437...
  Client: ghcr.io/facebookexperimental/moxygen-interop-client:latest-amd64
docker run --rm \
	 \
	--network host \
	-e RELAY_URL=moqt://us-west-2.relay.quicr.org:33437 \
	-e TLS_DISABLE_VERIFY=1 \
	ghcr.io/facebookexperimental/moxygen-interop-client:latest-amd64
TAP version 14
# moxygen interop test client
# Relay: moqt://us-west-2.relay.quicr.org:33437
# Transport: QUIC
1..6
ok 1 - setup-only
  ---
  duration_ms: 76
  info: SETUP exchange completed successfully
  ...
W0524 01:06:57.356004     1 MoQSession.cpp:4832] Issuing request that will fail; nextRequestID_=0 peerMaxRequestID_=0 sess=0x562d66770da0
E0524 01:06:57.390110     1 MoQRelaySession.cpp:712] PublishNamespaceDone for unknown publishNamespace, sess=0x562d66770da0
ok 2 - announce-only
  ---
  duration_ms: 106
  info: PUBLISH_NAMESPACE completed successfully
  ...
W0524 01:06:57.499234     1 MoQSession.cpp:4832] Issuing request that will fail; nextRequestID_=0 peerMaxRequestID_=0 sess=0x562d6677f7c0
not ok 3 - subscribe-error
  ---
  duration_ms: 143
  error: Subscribe succeeded (relay accepted non-existent track)
  ...
W0524 01:06:57.657168     1 MoQSession.cpp:4832] Issuing request that will fail; nextRequestID_=0 peerMaxRequestID_=0 sess=0x562d667604b0
W0524 01:06:57.764232     1 MoQSession.cpp:4832] Issuing request that will fail; nextRequestID_=0 peerMaxRequestID_=0 sess=0x562d66769eb0
E0524 01:06:57.798600     1 MoQSession.cpp:5007] publishDone for invalid id=1 sess=0x562d667604b0
ok 4 - announce-subscribe
  ---
  duration_ms: 265
  info: Publisher announced, subscriber subscribed successfully
  ...
W0524 01:06:57.871317     1 MoQSession.cpp:4832] Issuing request that will fail; nextRequestID_=0 peerMaxRequestID_=0 sess=0x562d667749a0
ok 5 - publish-namespace-done
  ---
  duration_ms: 107
  info: PUBLISH_NAMESPACE_OK received, PUBLISH_NAMESPACE_DONE sent
  ...
W0524 01:06:57.979094     1 MoQSession.cpp:4832] Issuing request that will fail; nextRequestID_=0 peerMaxRequestID_=0 sess=0x562d6678ff00
W0524 01:06:58.551775     1 MoQSession.cpp:4832] Issuing request that will fail; nextRequestID_=0 peerMaxRequestID_=0 sess=0x562d667604b0
ok 6 - subscribe-before-announce
  ---
  duration_ms: 680
  info: Subscribe succeeded after publisher announced (relay buffers pending subscriptions)
  ...
make[1]: *** [Makefile:121: test-external] Error 1
make[1]: Leaving directory '/home/runner/work/moq-interop-runner/moq-interop-runner/main'
