make[1]: Entering directory '/home/runner/work/moq-interop-runner/moq-interop-runner/main'
Running tests against moqt://draft-16-manish.cloudflare.mediaoverquic.com:443...
  Client: ghcr.io/englishm/moq-interop-runner-moq-test-client-draft-16:latest
docker run --rm \
	--network host \
	-e RELAY_URL=moqt://draft-16-manish.cloudflare.mediaoverquic.com:443 \
	-e TLS_DISABLE_VERIFY=false \
	ghcr.io/englishm/moq-interop-runner-moq-test-client-draft-16:latest
TAP version 14
# moq-test-client v0.1.0
# Relay: moqt://draft-16-manish.cloudflare.mediaoverquic.com:443
1..6
ok 1 - setup-only
  ---
  duration_ms: 330
  connection_id: 737d6b7dd437968b56d5498872869ee8
  ...
ok 2 - announce-only
  ---
  duration_ms: 2134
  connection_id: 0f038b11b0bf7d16abe6e614b0a87cef
  ...
ok 3 - subscribe-error
  ---
  duration_ms: 133
  connection_id: cf933791843fe0d6f4593feb0df521a0
  ...
ok 4 - announce-subscribe
  ---
  duration_ms: 297
  publisher_connection_id: 6dfa474e9f9c88e8bde113785cfb148d
  subscriber_connection_id: fb90b50e6f529abec8fa7c8834c00c71
  ...
ok 5 - subscribe-before-announce
  ---
  duration_ms: 3694
  subscriber_connection_id: 379876dba9353bd09c1ccd6ddfd7f240
  publisher_connection_id: 05d202e6922fd116fcb4bc55e66cb14b
  ...
ok 6 - publish-namespace-done
  ---
  duration_ms: 2209
  connection_id: d51eaf0b02a5bd3788a59ab893a88d6c
  ...
make[1]: Leaving directory '/home/runner/work/moq-interop-runner/moq-interop-runner/main'
