make[1]: Entering directory '/home/runner/work/moq-interop-runner/moq-interop-runner/main'
Running tests against https://moqx-000.ci.openmoq.org:4433/moq-relay...
  Client: ghcr.io/englishm/moq-interop-runner-moq-test-client:latest
docker run --rm \
	--network host \
	-e RELAY_URL=https://moqx-000.ci.openmoq.org:4433/moq-relay \
	-e TLS_DISABLE_VERIFY=false \
	ghcr.io/englishm/moq-interop-runner-moq-test-client:latest
TAP version 14
# moq-test-client v0.1.0
# Relay: https://moqx-000.ci.openmoq.org:4433/moq-relay
1..6
ok 1 - setup-only
  ---
  duration_ms: 185
  connection_id: 59d7f2b8fdff656d1e07aabaa4382c45
  ...
ok 2 - announce-only
  ---
  duration_ms: 2301
  connection_id: 4507ae1c03202eae27714630273fc8d6
  ...
ok 3 - subscribe-error
  ---
  duration_ms: 320
  connection_id: 8199955ea8f61963d68abe7fff677f0c
  ...
ok 4 - announce-subscribe
  ---
  duration_ms: 3211
  publisher_connection_id: 491372c86b9ec4a55a87e83b7f3e7d04
  subscriber_connection_id: 2ac49cec770a4c2c0569bd3f67b7150f
  ...
ok 5 - subscribe-before-announce
  ---
  duration_ms: 3674
  subscriber_connection_id: db97b793e32ef88343752959cb691efb
  publisher_connection_id: 1e026ce638437831a03357c7cdee427c
  ...
ok 6 - publish-namespace-done
  ---
  duration_ms: 2277
  connection_id: 3e859c27412499b69a636a2e5e1181cb
  ...
make[1]: Leaving directory '/home/runner/work/moq-interop-runner/moq-interop-runner/main'
