make[1]: Entering directory '/home/runner/work/moq-interop-runner/moq-interop-runner/main'
Running tests against https://us-west-2.relay.quicr.org:33437/relay...
  Client: ghcr.io/englishm/moq-interop-runner-moq-test-client:latest
docker run --rm \
	--network host \
	-e RELAY_URL=https://us-west-2.relay.quicr.org:33437/relay \
	-e TLS_DISABLE_VERIFY=1 \
	ghcr.io/englishm/moq-interop-runner-moq-test-client:latest
TAP version 14
# moq-test-client v0.1.0
# Relay: https://us-west-2.relay.quicr.org:33437/relay
1..6
ok 1 - setup-only
  ---
  duration_ms: 542
  connection_id: 084737aa4dfe6b40a341e53662e9600c
  ...
ok 2 - announce-only
  ---
  duration_ms: 2921
  connection_id: 73086cbb6c83ea278fbff2fcf2f0aa5e
  ...
not ok 3 - subscribe-error
  ---
  duration_ms: 10000
  message: "test timed out: deadline has elapsed"
  ...
ok 4 - announce-subscribe
  ---
  duration_ms: 3931
  publisher_connection_id: 9fbee27ac0468a5b15bf6d718f078066
  subscriber_connection_id: 2b1220dabcdb8d09f6a202a71c302285
  ...
ok 5 - subscribe-before-announce
  ---
  duration_ms: 5346
  subscriber_connection_id: 428c0ea8a9e0462bc05f17fc32de8005
  publisher_connection_id: 22eeda096639a429aa7c6a44020b2254
  ...
ok 6 - publish-namespace-done
  ---
  duration_ms: 2548
  connection_id: 5c195e3bfba19d4c4c166d9dd446f01e
  ...
make[1]: *** [Makefile:91: test-external] Error 1
make[1]: Leaving directory '/home/runner/work/moq-interop-runner/moq-interop-runner/main'
