make[1]: Entering directory '/home/runner/work/moq-interop-runner/moq-interop-runner/main'
Running tests against https://moqx-000.ci.openmoq.org:4433/moq-relay...
  Client: ghcr.io/englishm/moq-interop-runner-moq-test-client-draft-16:latest
docker run --rm \
	--network host \
	-e RELAY_URL=https://moqx-000.ci.openmoq.org:4433/moq-relay \
	-e TLS_DISABLE_VERIFY=false \
	ghcr.io/englishm/moq-interop-runner-moq-test-client-draft-16:latest
TAP version 14
# moq-test-client v0.1.0
# Relay: https://moqx-000.ci.openmoq.org:4433/moq-relay
1..6
[2m2026-04-15T00:35:18.383445Z[0m [33m WARN[0m [2mweb_transport_quinn::session[0m[2m:[0m unknown capsule [3mtyp[0m[2m=[0m0 [3msize[0m[2m=[0m9
ok 1 - setup-only
  ---
  duration_ms: 339
  connection_id: de6bea42a36a2f779dfe02a22c844bc2
  ...
[2m2026-04-15T00:35:18.696110Z[0m [33m WARN[0m [2mweb_transport_quinn::session[0m[2m:[0m unknown capsule [3mtyp[0m[2m=[0m0 [3msize[0m[2m=[0m9
[2m2026-04-15T00:35:18.722844Z[0m [33m WARN[0m [2mweb_transport_quinn::session[0m[2m:[0m unknown capsule [3mtyp[0m[2m=[0m0 [3msize[0m[2m=[0m9
ok 2 - announce-only
  ---
  duration_ms: 2313
  connection_id: 68dfc22fae55276eebf47a2d8d36f1db
  ...
[2m2026-04-15T00:35:20.869257Z[0m [33m WARN[0m [2mweb_transport_quinn::session[0m[2m:[0m unknown capsule [3mtyp[0m[2m=[0m0 [3msize[0m[2m=[0m9
[2m2026-04-15T00:35:20.893723Z[0m [33m WARN[0m [2mweb_transport_quinn::session[0m[2m:[0m unknown capsule [3mtyp[0m[2m=[0m0 [3msize[0m[2m=[0m9
ok 3 - subscribe-error
  ---
  duration_ms: 196
  connection_id: 99c5e82c4368c1f7ee6b1cf26b3560d9
  ...
[2m2026-04-15T00:35:21.044446Z[0m [33m WARN[0m [2mweb_transport_quinn::session[0m[2m:[0m unknown capsule [3mtyp[0m[2m=[0m0 [3msize[0m[2m=[0m9
[2m2026-04-15T00:35:21.356590Z[0m [33m WARN[0m [2mweb_transport_quinn::session[0m[2m:[0m unknown capsule [3mtyp[0m[2m=[0m0 [3msize[0m[2m=[0m9
[2m2026-04-15T00:35:21.376606Z[0m [33m WARN[0m [2mweb_transport_quinn::session[0m[2m:[0m unknown capsule [3mtyp[0m[2m=[0m0 [3msize[0m[2m=[0m9
[2m2026-04-15T00:35:21.376650Z[0m [33m WARN[0m [2mweb_transport_quinn::session[0m[2m:[0m unknown capsule [3mtyp[0m[2m=[0m0 [3msize[0m[2m=[0m9
ok 4 - announce-subscribe
  ---
  duration_ms: 3464
  publisher_connection_id: 23382e40e8e6289a55be2cac5e1a99aa
  subscriber_connection_id: 1cb7dc09adad144268efa6c44c5e5b36
  ...
[2m2026-04-15T00:35:24.552580Z[0m [33m WARN[0m [2mweb_transport_quinn::session[0m[2m:[0m unknown capsule [3mtyp[0m[2m=[0m0 [3msize[0m[2m=[0m9
[2m2026-04-15T00:35:24.577316Z[0m [33m WARN[0m [2mweb_transport_quinn::session[0m[2m:[0m unknown capsule [3mtyp[0m[2m=[0m0 [3msize[0m[2m=[0m9
[2m2026-04-15T00:35:25.168964Z[0m [33m WARN[0m [2mweb_transport_quinn::session[0m[2m:[0m unknown capsule [3mtyp[0m[2m=[0m0 [3msize[0m[2m=[0m9
[2m2026-04-15T00:35:25.193733Z[0m [33m WARN[0m [2mweb_transport_quinn::session[0m[2m:[0m unknown capsule [3mtyp[0m[2m=[0m0 [3msize[0m[2m=[0m9
ok 5 - subscribe-before-announce
  ---
  duration_ms: 4812
  subscriber_connection_id: a468c4204b801bc63852670e6aae793d
  publisher_connection_id: 715366863f23d520169f502edb9654a1
  ...
[2m2026-04-15T00:35:29.298977Z[0m [33m WARN[0m [2mweb_transport_quinn::session[0m[2m:[0m unknown capsule [3mtyp[0m[2m=[0m0 [3msize[0m[2m=[0m9
[2m2026-04-15T00:35:29.323350Z[0m [33m WARN[0m [2mweb_transport_quinn::session[0m[2m:[0m unknown capsule [3mtyp[0m[2m=[0m0 [3msize[0m[2m=[0m9
ok 6 - publish-namespace-done
  ---
  duration_ms: 2230
  connection_id: ba71899b6d0aef1e574356d8fee67d69
  ...
make[1]: Leaving directory '/home/runner/work/moq-interop-runner/moq-interop-runner/main'
