make[1]: Entering directory '/home/runner/work/moq-interop-runner/moq-interop-runner/main'
Running tests against https://us-west-2.relay.quicr.org:33437/relay...
  Client: ghcr.io/facebookexperimental/moxygen-interop-client:latest-amd64
docker run --rm \
	--network host \
	-e RELAY_URL=https://us-west-2.relay.quicr.org:33437/relay \
	-e TLS_DISABLE_VERIFY=1 \
	ghcr.io/facebookexperimental/moxygen-interop-client:latest-amd64
TAP version 14
# moxygen interop test client
# Relay: https://us-west-2.relay.quicr.org:33437/relay
# Transport: WebTransport
1..6
W0305 00:44:35.178828     1 MoQWebTransportClient.cpp:180] WebTransport: No WT-Protocol header in response, will use legacy version negotiation
E0305 00:44:35.199677     1 MoQSession.cpp:2558] proxygen::WebTransport::Exception: session terminated with error=386759528 id=4 sess=0x556f373dcc80
ok 1 - setup-only
  ---
  duration_ms: 68
  info: SETUP exchange completed successfully
  ...
E20260305 00:44:35.227519     1 HQSession.cpp:530] Connection closed with error err=100 msg=Client closed by peer reason= proto=h3, client CID=, server CID=68996c1f11c2723b, local=10.1.0.167:42887, 35.95.73.240:33437=upstream, drain=done
W0305 00:44:35.270471     1 MoQWebTransportClient.cpp:180] WebTransport: No WT-Protocol header in response, will use legacy version negotiation
W0305 00:44:35.291379     1 MoQSession.cpp:4583] Issuing request that will fail; nextRequestID_=0 peerMaxRequestID_=0 sess=0x556f373f4b00
E0305 00:44:35.312191     1 MoQRelaySession.cpp:696] PublishNamespaceDone for unknown publishNamespace, sess=0x556f373f4b00
ok 2 - announce-only
  ---
  duration_ms: 112
  info: PUBLISH_NAMESPACE completed successfully
  ...
E0305 00:44:35.312299     1 MoQSession.cpp:2558] proxygen::WebTransport::Exception: session terminated with error=386759528 id=4 sess=0x556f373f4b00
E20260305 00:44:35.332993     1 HQSession.cpp:530] Connection closed with error err=100 msg=Client closed by peer reason= proto=h3, client CID=, server CID=d9fb36652d17f047, local=10.1.0.167:36529, 35.95.73.240:33437=upstream, drain=done
W0305 00:44:35.363471     1 MoQWebTransportClient.cpp:180] WebTransport: No WT-Protocol header in response, will use legacy version negotiation
W0305 00:44:35.384100     1 MoQSession.cpp:4583] Issuing request that will fail; nextRequestID_=0 peerMaxRequestID_=0 sess=0x556f373e88e0
W0305 00:44:35.404859     1 MoQFramer.cpp:697] parseParams: ignoring param not allowed for frame type at param index=0, key=32
not ok 3 - subscribe-error
  ---
  duration_ms: 92
  error: Subscribe succeeded (relay accepted non-existent track)
  ...
E0305 00:44:35.405041     1 MoQSession.cpp:2558] proxygen::WebTransport::Exception: session terminated with error=386759528 id=4 sess=0x556f373e88e0
E20260305 00:44:35.425531     1 HQSession.cpp:530] Connection closed with error err=100 msg=Client closed by peer reason= proto=h3, client CID=, server CID=559b26207654d5b2, local=10.1.0.167:46486, 35.95.73.240:33437=upstream, drain=done
W0305 00:44:35.450074     1 MoQWebTransportClient.cpp:180] WebTransport: No WT-Protocol header in response, will use legacy version negotiation
W0305 00:44:35.470672     1 MoQSession.cpp:4583] Issuing request that will fail; nextRequestID_=0 peerMaxRequestID_=0 sess=0x556f37409ef0
W0305 00:44:35.535857     1 MoQWebTransportClient.cpp:180] WebTransport: No WT-Protocol header in response, will use legacy version negotiation
W0305 00:44:35.556438     1 MoQSession.cpp:4583] Issuing request that will fail; nextRequestID_=0 peerMaxRequestID_=0 sess=0x556f373bdf20
W0305 00:44:35.577233     1 MoQFramer.cpp:697] parseParams: ignoring param not allowed for frame type at param index=0, key=32
E0305 00:44:35.577480     1 MoQSession.cpp:2558] proxygen::WebTransport::Exception: session terminated with error=386759528 id=4 sess=0x556f373bdf20
E0305 00:44:35.577494     1 MoQSession.cpp:2558] proxygen::WebTransport::Exception: session terminated with error=386759528 id=4 sess=0x556f37409ef0
ok 4 - announce-subscribe
  ---
  duration_ms: 172
  info: Publisher announced, subscriber subscribed successfully
  ...
E20260305 00:44:35.761565     1 HQSession.cpp:530] Connection closed with error err=100 msg=Client closed by peer reason= proto=h3, client CID=, server CID=b7cdd9d4d15f2761, local=10.1.0.167:42256, 35.95.73.240:33437=upstream, drain=done
E20260305 00:44:35.761709     1 HQSession.cpp:530] Connection closed with error err=100 msg=Client closed by peer reason= proto=h3, client CID=, server CID=9c9e4291bc2bb2b1, local=10.1.0.167:45803, 35.95.73.240:33437=upstream, drain=done
W0305 00:44:35.804758     1 MoQWebTransportClient.cpp:180] WebTransport: No WT-Protocol header in response, will use legacy version negotiation
W0305 00:44:35.825570     1 MoQSession.cpp:4583] Issuing request that will fail; nextRequestID_=0 peerMaxRequestID_=0 sess=0x556f373e7c00
E0305 00:44:35.846497     1 MoQSession.cpp:2558] proxygen::WebTransport::Exception: session terminated with error=386759528 id=4 sess=0x556f373e7c00
ok 5 - publish-namespace-done
  ---
  duration_ms: 268
  info: PUBLISH_NAMESPACE_OK received, PUBLISH_NAMESPACE_DONE sent
  ...
E20260305 00:44:35.867092     1 HQSession.cpp:530] Connection closed with error err=100 msg=Client closed by peer reason= proto=h3, client CID=, server CID=66cf1215c1b514ac, local=10.1.0.167:44339, 35.95.73.240:33437=upstream, drain=done
W0305 00:44:35.891356     1 MoQWebTransportClient.cpp:180] WebTransport: No WT-Protocol header in response, will use legacy version negotiation
W0305 00:44:35.912223     1 MoQSession.cpp:4583] Issuing request that will fail; nextRequestID_=0 peerMaxRequestID_=0 sess=0x556f373f1000
W0305 00:44:35.933081     1 MoQFramer.cpp:697] parseParams: ignoring param not allowed for frame type at param index=0, key=32
W0305 00:44:36.457393     1 MoQWebTransportClient.cpp:180] WebTransport: No WT-Protocol header in response, will use legacy version negotiation
W0305 00:44:36.478100     1 MoQSession.cpp:4583] Issuing request that will fail; nextRequestID_=0 peerMaxRequestID_=0 sess=0x556f373fc0d0
*** Aborted at 1772671476 (Unix time, try 'date -d @1772671476') ***
*** Signal 11 (SIGSEGV) (0x28) received by PID 1 (pthread TID 0x7ff7cf805300) (linux TID 1) (code: address not mapped to object), stack trace: ***
    @ 0000000000565f31 _ZN5folly10symbolizer12_GLOBAL__N_113signalHandlerEiP9siginfo_tPv
                       /tmp/fbcode_builder_getdeps-ZappZbuildZfbcode_builder-root/repos/github.com-facebook-folly.git/folly/debugging/symbolizer/SignalHandler.cpp:552
    @ 000000000004532f (unknown)
    @ 000000000014dd92 _ZN7moxygen10MoQSession30setPublisherPriorityFromParamsERKNS_10ParametersERKSt10shared_ptrINS0_18TrackPublisherImplEE
                       /tmp/fbcode_builder_getdeps-ZappZbuildZfbcode_builder-root/repos/github.com-facebookexperimental-moxygen.git/moxygen/MoQSession.cpp:3383
    @ 000000000016fe4a _ZN7moxygen10MoQSession15handleSubscribeEPZNS0_15handleSubscribeENS_16SubscribeRequestESt10shared_ptrINS0_18TrackPublisherImplEEE110_ZN7moxygen10MoQSession15handleSubscribeENS_16SubscribeRequestESt10shared_ptrINS0_18TrackPublisherImplEE.Frame.actor
                       /tmp/fbcode_builder_getdeps-ZappZbuildZfbcode_builder-root/repos/github.com-facebookexperimental-moxygen.git/moxygen/MoQSession.cpp:3370
    @ 00000000005db249 _ZN5folly36resumeCoroutineWithNewAsyncStackRootENSt7__n486116coroutine_handleIvEERNS_15AsyncStackFrameE
                       /usr/include/c++/13/coroutine:135
                       -> /tmp/fbcode_builder_getdeps-ZappZbuildZfbcode_builder-root/repos/github.com-facebook-folly.git/folly/tracing/AsyncStack.cpp
    @ 000000000012f3b3 _ZN5folly6detail8function5call_IZNS_4coro16TaskWithExecutorIvE7Awaiter13await_suspendINS3_6detail18InlineTaskDetached12promise_typeEEEvNSt7__n486116coroutine_handleIT_EEEUlvE_Lb1ELb0EvJEEET2_DpT3_RNS1_4DataE
                       /tmp/fbcode_builder_getdeps-ZappZbuildZfbcode_builder-root/installed/folly/include/folly/tracing/AsyncStack-inl.h:88
                       -> /tmp/fbcode_builder_getdeps-ZappZbuildZfbcode_builder-root/repos/github.com-facebookexperimental-moxygen.git/moxygen/MoQRelaySession.cpp
    @ 000000000054f2de _ZN5folly9EventBase20FunctionLoopCallback15runLoopCallbackEv
                       /tmp/fbcode_builder_getdeps-ZappZbuildZfbcode_builder-root/repos/github.com-facebook-folly.git/folly/Function.h:370
                       -> /tmp/fbcode_builder_getdeps-ZappZbuildZfbcode_builder-root/repos/github.com-facebook-folly.git/folly/io/async/EventBase.cpp
    @ 000000000054812d _ZN5folly9EventBase19runLoopCallbackListERN5boost9intrusive4listINS0_12LoopCallbackEJNS2_18constant_time_sizeILb0EEEEEERKNS0_21LoopCallbacksDeadlineE
                       /tmp/fbcode_builder_getdeps-ZappZbuildZfbcode_builder-root/repos/github.com-facebook-folly.git/folly/io/async/EventBase.cpp:1028
    @ 00000000005482ac _ZN5folly9EventBase16runLoopCallbacksEv
                       /tmp/fbcode_builder_getdeps-ZappZbuildZfbcode_builder-root/repos/github.com-facebook-folly.git/folly/io/async/EventBase.cpp:1049
    @ 000000000054b59f _ZN5folly9EventBase8loopMainEiNS0_11LoopOptionsE
                       /tmp/fbcode_builder_getdeps-ZappZbuildZfbcode_builder-root/repos/github.com-facebook-folly.git/folly/io/async/EventBase.cpp:657
    @ 000000000054c161 _ZN5folly9EventBase8loopBodyEiNS0_11LoopOptionsE
                       /tmp/fbcode_builder_getdeps-ZappZbuildZfbcode_builder-root/repos/github.com-facebook-folly.git/folly/io/async/EventBase.cpp:539
    @ 0000000000553540 _ZThn16_N5folly9EventBase5driveEv
                       /tmp/fbcode_builder_getdeps-ZappZbuildZfbcode_builder-root/repos/github.com-facebook-folly.git/folly/io/async/EventBase.h:925
                       -> /tmp/fbcode_builder_getdeps-ZappZbuildZfbcode_builder-root/repos/github.com-facebook-folly.git/folly/io/async/EventBase.cpp
    @ 000000000011cc08 _ZNO5folly4coro6detail16BlockingWaitTaskIRN7moxygen17InteropTestResultEE6getViaEPNS_16DrivableExecutorERNS_15AsyncStackFrameE
                       /tmp/fbcode_builder_getdeps-ZappZbuildZfbcode_builder-root/installed/folly/include/folly/coro/BlockingWait.h:230
                       -> /tmp/fbcode_builder_getdeps-ZappZbuildZfbcode_builder-root/repos/github.com-facebookexperimental-moxygen.git/moxygen/moqtest/interop/MoQInteropClientMain.cpp
    @ 0000000000118560 _ZNK5folly4coro16blocking_wait_fnclINS0_16TaskWithExecutorIN7moxygen17InteropTestResultEEELi0EEENS0_6detail22decay_rvalue_referenceINS0_12await_resultIDTclL_ZNS0_11folly_cpo__13co_viaIfAsyncEEclscPDoFNS_17ExecutorKeepAliveINS_8ExecutorEEEvELDnEEclscPDoFT_vELDnEEEEvE4typeEE4typeEOSG_PNS_16DrivableExecutorE.isra.0
                       /tmp/fbcode_builder_getdeps-ZappZbuildZfbcode_builder-root/installed/folly/include/folly/coro/BlockingWait.h:408
                       -> /tmp/fbcode_builder_getdeps-ZappZbuildZfbcode_builder-root/repos/github.com-facebookexperimental-moxygen.git/moxygen/moqtest/interop/MoQInteropClientMain.cpp
    @ 00000000000f44d2 main
                       /tmp/fbcode_builder_getdeps-ZappZbuildZfbcode_builder-root/repos/github.com-facebookexperimental-moxygen.git/moxygen/moqtest/interop/MoQInteropClientMain.cpp:200
    @ 000000000002a1c9 (unknown)
    @ 000000000002a28a __libc_start_main
    @ 00000000000fb5f4 _start

*** Check failure async stack trace: ***
*** First async stack root: 0x7fffe95c91b0, normal stack frame pointer holding async stack root: 0x7fffe95c91f0, return address: 0x556effd193b4 ***
*** First async stack frame pointer: 0x556f3741b410, return address: 0x556f001c524a, async stack trace: ***
    @ 000000000017eca1 _ZN7moxygen10MoQSession11onSubscribeENS_16SubscribeRequestE
                       /tmp/fbcode_builder_getdeps-ZappZbuildZfbcode_builder-root/repos/github.com-facebookexperimental-moxygen.git/moxygen/MoQSession.cpp:3327
    @ 00000000000fae79 _ZN5follyL13detached_taskEv
                       /tmp/fbcode_builder_getdeps-ZappZbuildZfbcode_builder-root/repos/github.com-facebook-folly.git/folly/tracing/AsyncStack.cpp:169
make[1]: *** [Makefile:91: test-external] Error 139
make[1]: Leaving directory '/home/runner/work/moq-interop-runner/moq-interop-runner/main'
