make[1]: Entering directory '/home/runner/work/moq-interop-runner/moq-interop-runner/main'
Running tests against moqt://fb.mvfst.net:9448...
  Client: ghcr.io/englishm/moq-interop-runner-moq-test-client:latest
docker run --rm \
	--network host \
	-e RELAY_URL=moqt://fb.mvfst.net:9448 \
	-e TLS_DISABLE_VERIFY=1 \
	ghcr.io/englishm/moq-interop-runner-moq-test-client:latest
TAP version 14
# moq-test-client v0.1.0
# Relay: moqt://fb.mvfst.net:9448
1..6
ok 1 - setup-only
  ---
  duration_ms: 38
  connection_id: 05dd2700217394cc06bfe84c5cb26720
  ...
ok 2 - announce-only
  ---
  duration_ms: 2100
  connection_id: f5172d74d0a4ec5a507c655d99b174e8
  ...
ok 3 - subscribe-error
  ---
  duration_ms: 116
  connection_id: 75b9f00f991192bcdf04837cdf170e2c
  ...
ok 4 - announce-subscribe
  ---
  duration_ms: 3125
  publisher_connection_id: d5d4acc4620d0fac33c50422f98567b2
  subscriber_connection_id: 5f6f58333e173718df9a4e14d67ecec8
  ...
ok 5 - subscribe-before-announce
  ---
  duration_ms: 3619
  subscriber_connection_id: 463045fec610fbfbe3d5ae98d2e38b0b
  publisher_connection_id: 5fe484d515fe3dec3fc48042b85b2866
  ...
ok 6 - publish-namespace-done
  ---
  duration_ms: 2155
  connection_id: b98ec2d78b2c9aaca437ad37e335faab
  ...
make[1]: Leaving directory '/home/runner/work/moq-interop-runner/moq-interop-runner/main'
