make[1]: Entering directory '/home/runner/work/moq-interop-runner/moq-interop-runner/main'
Running tests against https://draft-16-manish.cloudflare.mediaoverquic.com:443/moq...
  Client: ghcr.io/englishm/moq-interop-runner-moq-test-client-draft-16:latest
docker run --rm \
	--network host \
	-e RELAY_URL=https://draft-16-manish.cloudflare.mediaoverquic.com:443/moq \
	-e TLS_DISABLE_VERIFY=false \
	ghcr.io/englishm/moq-interop-runner-moq-test-client-draft-16:latest
TAP version 14
# moq-test-client v0.1.0
# Relay: https://draft-16-manish.cloudflare.mediaoverquic.com/moq
1..6
ok 1 - setup-only
  ---
  duration_ms: 85
  connection_id: d2c33d6d0bc38b333ad8bf3383c1ebae
  ...
ok 2 - announce-only
  ---
  duration_ms: 2114
  connection_id: b8a0ec22d06759eb2425b520c2d81f13
  ...
ok 3 - subscribe-error
  ---
  duration_ms: 85
  connection_id: a1be5b83b2f6f252e66ee51bcac7d7c3
  ...
ok 4 - announce-subscribe
  ---
  duration_ms: 3152
  publisher_connection_id: 1d1c1fd5e13eef574625dcb22c26f883
  subscriber_connection_id: d09fa2561d47f843fcf14a146745657a
  ...
ok 5 - subscribe-before-announce
  ---
  duration_ms: 3749
  subscriber_connection_id: 1eb60579d186488af70365a32d54a93c
  publisher_connection_id: b82fa29a24e44753481c61a912228fc2
  ...
ok 6 - publish-namespace-done
  ---
  duration_ms: 2174
  connection_id: 61e5fd50bfeac23422df156d195596f2
  ...
make[1]: Leaving directory '/home/runner/work/moq-interop-runner/moq-interop-runner/main'
