make[1]: Entering directory '/home/runner/work/moq-interop-runner/moq-interop-runner/main'
Running tests against https://relay.moqtail.dev...
  Client: ghcr.io/englishm/moq-interop-runner-moq-test-client:latest
docker run --rm \
	--network host \
	-e RELAY_URL=https://relay.moqtail.dev \
	-e TLS_DISABLE_VERIFY=false \
	ghcr.io/englishm/moq-interop-runner-moq-test-client:latest
TAP version 14
# moq-test-client v0.1.0
# Relay: https://relay.moqtail.dev/
1..6
ok 1 - setup-only
  ---
  duration_ms: 504
  connection_id: caa18d7cb7cbcb6b90c6e5c4f8ce4b61
  ...
ok 2 - announce-only
  ---
  duration_ms: 2506
  connection_id: f14887744262f8b3e3dcb8ebd49008e5
  ...
ok 3 - subscribe-error
  ---
  duration_ms: 605
  connection_id: d60f35bf36fbeb0cc0b08b3d99dbb384
  ...
ok 4 - announce-subscribe
  ---
  duration_ms: 3932
  publisher_connection_id: 3e6ffe8f3100c118b7da9153bbecfed6
  subscriber_connection_id: 8a853f3de37faa48cbeb261cc1d37bfe
  ...
ok 5 - subscribe-before-announce
  ---
  duration_ms: 4439
  subscriber_connection_id: 89c036b8b7a773cfd288fc441f1ab5ea
  publisher_connection_id: de99e167399e4e23cc9ac775f8ed0f8a
  ...
ok 6 - publish-namespace-done
  ---
  duration_ms: 2558
  connection_id: e123a5bc89cfef1ae334d7969c2c41bc
  ...
make[1]: Leaving directory '/home/runner/work/moq-interop-runner/moq-interop-runner/main'
