make[1]: Entering directory '/home/runner/work/moq-interop-runner/moq-interop-runner/main'
Running tests against https://fb.mvfst.net:9448/moq-relay...
  Client: ghcr.io/englishm/moq-interop-runner-moq-test-client:latest
docker run --rm \
	--network host \
	-e RELAY_URL=https://fb.mvfst.net:9448/moq-relay \
	-e TLS_DISABLE_VERIFY=1 \
	ghcr.io/englishm/moq-interop-runner-moq-test-client:latest
TAP version 14
# moq-test-client v0.1.0
# Relay: https://fb.mvfst.net:9448/moq-relay
1..6
ok 1 - setup-only
  ---
  duration_ms: 77
  connection_id: b57b7489b6ad087a06f4908042930dce
  ...
ok 2 - announce-only
  ---
  duration_ms: 2056
  connection_id: 1a26b8a601b8c15f0430da67b6cec5c0
  ...
ok 3 - subscribe-error
  ---
  duration_ms: 62
  connection_id: 1eda558775f6d08eff713caba0b11c38
  ...
ok 4 - announce-subscribe
  ---
  duration_ms: 3261
  publisher_connection_id: db61127ce6940d13954b5cb4f50b6e73
  subscriber_connection_id: 097ed53c09c71de490de946d80dd83e2
  ...
ok 5 - subscribe-before-announce
  ---
  duration_ms: 3662
  subscriber_connection_id: e4034c991712998ddff3fc4cd6703282
  publisher_connection_id: 1f378818b727177276ef2ff1492f35e0
  ...
ok 6 - publish-namespace-done
  ---
  duration_ms: 2158
  connection_id: 75b4b3612c5cd7eb3cc0cb0c44a72ac1
  ...
make[1]: Leaving directory '/home/runner/work/moq-interop-runner/moq-interop-runner/main'
