make[1]: Entering directory '/home/runner/work/moq-interop-runner/moq-interop-runner/main'
Running tests against https://draft-16-manish.cloudflare.mediaoverquic.com:443/moq...
  Client: ghcr.io/englishm/moq-interop-runner-moq-test-client-draft-16:latest
docker run --rm \
	--network host \
	-e RELAY_URL=https://draft-16-manish.cloudflare.mediaoverquic.com:443/moq \
	-e TLS_DISABLE_VERIFY=false \
	ghcr.io/englishm/moq-interop-runner-moq-test-client-draft-16:latest
TAP version 14
# moq-test-client v0.1.0
# Relay: https://draft-16-manish.cloudflare.mediaoverquic.com/moq
1..6
ok 1 - setup-only
  ---
  duration_ms: 111
  connection_id: 3349b2328e448d5b13518449dea775f0
  ...
ok 2 - announce-only
  ---
  duration_ms: 2063
  connection_id: d3c2c23ba95104ee9dbf190895c9d399
  ...
ok 3 - subscribe-error
  ---
  duration_ms: 78
  connection_id: 7ee84d9b049a71cd104f4dd5cad2b6ea
  ...
ok 4 - announce-subscribe
  ---
  duration_ms: 3126
  publisher_connection_id: a8d1ebb715da638265f8261d065fe574
  subscriber_connection_id: 383030bd136fcc5f0efd4d8d4cdd372e
  ...
ok 5 - subscribe-before-announce
  ---
  duration_ms: 3669
  subscriber_connection_id: c1397e87954d894617b46c4d90f1dd71
  publisher_connection_id: 81c13a9b6637b9c0d4254760c774e708
  ...
ok 6 - publish-namespace-done
  ---
  duration_ms: 2165
  connection_id: 9acde3d02da4b0e964e04c7127ed4905
  ...
make[1]: Leaving directory '/home/runner/work/moq-interop-runner/moq-interop-runner/main'
