make[1]: Entering directory '/home/runner/work/moq-interop-runner/moq-interop-runner/main'
Running tests against https://draft-14.cloudflare.mediaoverquic.com:443/moq...
  Client: ghcr.io/englishm/moq-interop-runner-moq-test-client:latest
docker run --rm \
	--network host \
	-e RELAY_URL=https://draft-14.cloudflare.mediaoverquic.com:443/moq \
	-e TLS_DISABLE_VERIFY=false \
	ghcr.io/englishm/moq-interop-runner-moq-test-client:latest
TAP version 14
# moq-test-client v0.1.0
# Relay: https://draft-14.cloudflare.mediaoverquic.com/moq
1..6
ok 1 - setup-only
  ---
  duration_ms: 36
  connection_id: 589e51b4e3e1ae0c976864eae2b9c3be
  ...
ok 2 - announce-only
  ---
  duration_ms: 2026
  connection_id: 208a698b5dcba16d4c797ecdb3196a4e
  ...
ok 3 - subscribe-error
  ---
  duration_ms: 118
  connection_id: 650c3c87d02cec9d82c5250cc49d37dc
  ...
ok 4 - announce-subscribe
  ---
  duration_ms: 3042
  publisher_connection_id: 44b89e60ba63deb4582604cb590e8ee3
  subscriber_connection_id: 4bb65c97dbf29e48150aae5e8ac98d4f
  ...
ok 5 - subscribe-before-announce
  ---
  duration_ms: 4563
  subscriber_connection_id: f3f4f18c6cd88f7db6901921c1427af7
  publisher_connection_id: be51718e7c6644f866f3d6c5b823d0d5
  ...
ok 6 - publish-namespace-done
  ---
  duration_ms: 2130
  connection_id: 5d4607cc2186b6352a90f51be4917c02
  ...
make[1]: Leaving directory '/home/runner/work/moq-interop-runner/moq-interop-runner/main'
