make[1]: Entering directory '/home/runner/work/moq-interop-runner/moq-interop-runner/main'
Running tests against https://us-west-2.relay.quicr.org:33437/relay...
  Client: ghcr.io/englishm/moq-interop-runner-moq-test-client:latest
docker run --rm \
	--network host \
	-e RELAY_URL=https://us-west-2.relay.quicr.org:33437/relay \
	-e TLS_DISABLE_VERIFY=1 \
	ghcr.io/englishm/moq-interop-runner-moq-test-client:latest
TAP version 14
# moq-test-client v0.1.0
# Relay: https://us-west-2.relay.quicr.org:33437/relay
1..6
ok 1 - setup-only
  ---
  duration_ms: 226
  connection_id: 2737ee84e7011c6d5c22a909c886e803
  ...
ok 2 - announce-only
  ---
  duration_ms: 2385
  connection_id: 9cb1db2b8a8c4034dcc5e64d84a992c6
  ...
not ok 3 - subscribe-error
  ---
  duration_ms: 10000
  message: "test timed out: deadline has elapsed"
  ...
ok 4 - announce-subscribe
  ---
  duration_ms: 3479
  publisher_connection_id: 4ec1721d1e3b3027d5db3c2f2596a295
  subscriber_connection_id: 0f53ed7a5dbd0a4fff5b16195dec819b
  ...
ok 5 - subscribe-before-announce
  ---
  duration_ms: 4875
  subscriber_connection_id: 1ae252a6b8aee0cdcd3406002540ea53
  publisher_connection_id: 3e61ef6702f4e9a577325c344b8edb3a
  ...
ok 6 - publish-namespace-done
  ---
  duration_ms: 2267
  connection_id: 8e0a29ae599a6321e6f1af58ae92c342
  ...
make[1]: *** [Makefile:91: test-external] Error 1
make[1]: Leaving directory '/home/runner/work/moq-interop-runner/moq-interop-runner/main'
