make[1]: Entering directory '/home/runner/work/moq-interop-runner/moq-interop-runner/main'
Running tests against moqt://draft-16-manish.cloudflare.mediaoverquic.com:443...
  Client: ghcr.io/englishm/moq-interop-runner-moq-test-client-draft-16:latest
docker run --rm \
	--network host \
	-e RELAY_URL=moqt://draft-16-manish.cloudflare.mediaoverquic.com:443 \
	-e TLS_DISABLE_VERIFY=false \
	ghcr.io/englishm/moq-interop-runner-moq-test-client-draft-16:latest
TAP version 14
# moq-test-client v0.1.0
# Relay: moqt://draft-16-manish.cloudflare.mediaoverquic.com:443
1..6
ok 1 - setup-only
  ---
  duration_ms: 299
  connection_id: 87286a17b59a6e15ca1dce7fabfda3cc
  ...
ok 2 - announce-only
  ---
  duration_ms: 2049
  connection_id: 0034381fea2e8f127ca870ad2b1f5744
  ...
ok 3 - subscribe-error
  ---
  duration_ms: 98
  connection_id: 4828345fac37507f1b36025dbd5c4fa3
  ...
ok 4 - announce-subscribe
  ---
  duration_ms: 3164
  publisher_connection_id: f303d1b4853024ab03fa7c3eef8310f0
  subscriber_connection_id: 162a70a2ec26a12cbbb1837e4441e83a
  ...
ok 5 - subscribe-before-announce
  ---
  duration_ms: 3641
  subscriber_connection_id: a7bf73e4e7f6c61c328cfaf2796c45f4
  publisher_connection_id: 05c092dfabc5ae2c3d6d8e2de88f133c
  ...
ok 6 - publish-namespace-done
  ---
  duration_ms: 2152
  connection_id: 16773fac556ab565719af6de09c80c09
  ...
make[1]: Leaving directory '/home/runner/work/moq-interop-runner/moq-interop-runner/main'
