make[1]: Entering directory '/home/runner/work/moq-interop-runner/moq-interop-runner/main'
Running tests against moqt://fb.mvfst.net:9448...
  Client: ghcr.io/englishm/moq-interop-runner-moq-test-client-draft-16:latest
docker run --rm \
	--network host \
	-e RELAY_URL=moqt://fb.mvfst.net:9448 \
	-e TLS_DISABLE_VERIFY=1 \
	ghcr.io/englishm/moq-interop-runner-moq-test-client-draft-16:latest
TAP version 14
# moq-test-client v0.1.0
# Relay: moqt://fb.mvfst.net:9448
1..6
ok 1 - setup-only
  ---
  duration_ms: 39
  connection_id: b16f8f940be2be62610f9668a5ef446c
  ...
ok 2 - announce-only
  ---
  duration_ms: 2118
  connection_id: e6b4590926223edad87490871e7eb4ed
  ...
ok 3 - subscribe-error
  ---
  duration_ms: 53
  connection_id: 0515e7071b6067ac737fab32af8c9b7d
  ...
ok 4 - announce-subscribe
  ---
  duration_ms: 147
  publisher_connection_id: c9e7386590a519402bf53c0459bf357e
  subscriber_connection_id: 684f91f9d73d5a4d409afdb51a5ea8f1
  ...
ok 5 - subscribe-before-announce
  ---
  duration_ms: 3631
  subscriber_connection_id: 79efecd26975be2dde0701b90dc8b2a5
  publisher_connection_id: 56c3a00e0addd8f3761d29e58ff7b21d
  ...
ok 6 - publish-namespace-done
  ---
  duration_ms: 2194
  connection_id: 78fc597255365baee6e61e64bb866d97
  ...
make[1]: Leaving directory '/home/runner/work/moq-interop-runner/moq-interop-runner/main'
