make[1]: Entering directory '/home/runner/work/moq-interop-runner/moq-interop-runner/main'
Running tests against moqt://fb.mvfst.net:9448...
  Client: ghcr.io/englishm/moq-interop-runner-moq-test-client-draft-16:latest
docker run --rm \
	 \
	--network host \
	-e RELAY_URL=moqt://fb.mvfst.net:9448 \
	-e TLS_DISABLE_VERIFY=1 \
	ghcr.io/englishm/moq-interop-runner-moq-test-client-draft-16:latest
TAP version 14
# moq-test-client v0.1.0
# Relay: moqt://fb.mvfst.net:9448
1..6
ok 1 - setup-only
  ---
  duration_ms: 165
  connection_id: af7e7e847472b73a25905e2eeb4204e0
  ...
ok 2 - announce-only
  ---
  duration_ms: 2148
  connection_id: 840ade1a793b800cdbb7e804b45f8fb8
  ...
ok 3 - subscribe-error
  ---
  duration_ms: 216
  connection_id: 162835461a28e5835bc3bbf2aa9fb120
  ...
not ok 4 - announce-subscribe
  ---
  duration_ms: 524
  message: "publisher session error: webtransport error: session error: connection error: closed by peer: 3: session error: connection error: closed by peer: 3: connection error: closed by peer: 3"
  ...
ok 5 - subscribe-before-announce
  ---
  duration_ms: 3954
  subscriber_connection_id: cf0dfcc9c34326dcef86b9a8718f2137
  publisher_connection_id: dcd9c97cf8387fdd7f0ef0d93f9b811c
  ...
ok 6 - publish-namespace-done
  ---
  duration_ms: 2277
  connection_id: 5a4a70cabaded0abb36abc51d4b45259
  ...
make[1]: *** [Makefile:122: test-external] Error 1
make[1]: Leaving directory '/home/runner/work/moq-interop-runner/moq-interop-runner/main'
