make[1]: Entering directory '/home/runner/work/moq-interop-runner/moq-interop-runner/main'
Running tests against moqt://moqx-main.ci.openmoq.org:4433...
  Client: ghcr.io/englishm/moq-interop-runner-moq-test-client-draft-18:latest
docker run --rm \
	 \
	--network host \
	-e RELAY_URL=moqt://moqx-main.ci.openmoq.org:4433 \
	-e TLS_DISABLE_VERIFY=false \
	ghcr.io/englishm/moq-interop-runner-moq-test-client-draft-18:latest
TAP version 14
# moq-test-client v0.1.6
# Relay: moqt://moqx-main.ci.openmoq.org:4433
1..6
[2m2026-07-21T01:03:53.523052Z[0m [32m INFO[0m [2mmoq_native_ietf::quic[0m[2m:[0m UDP socket bound [3mbind[0m[2m=[0m[::]:0 [3mlocal[0m[2m=[0m[::]:49627 [3mdual_stack[0m[2m=[0mtrue
[2m2026-07-21T01:03:53.681157Z[0m [32m INFO[0m [2mmoq_test_client::scenarios[0m[2m:[0m SETUP exchange completed successfully
ok 1 - setup-only
  ---
  duration_ms: 158
  connection_id: 549ed232e5ee1b394f24e5fffe304702
  ...
[2m2026-07-21T01:03:53.681782Z[0m [32m INFO[0m [2mmoq_native_ietf::quic[0m[2m:[0m UDP socket bound [3mbind[0m[2m=[0m[::]:0 [3mlocal[0m[2m=[0m[::]:57965 [3mdual_stack[0m[2m=[0mtrue
[2m2026-07-21T01:03:53.945329Z[0m [32m INFO[0m [2mmoq_test_client::scenarios[0m[2m:[0m Sending PUBLISH_NAMESPACE for: moq-test/interop
[2m2026-07-21T01:03:55.946584Z[0m [32m INFO[0m [2mmoq_test_client::scenarios[0m[2m:[0m PUBLISH_NAMESPACE succeeded (REQUEST_OK received, waiting for subscribers)
ok 2 - publish-namespace-only
  ---
  duration_ms: 2265
  connection_id: f1cac21d4b9eb1e9ddfbff34a0acb571
  ...
[2m2026-07-21T01:03:55.947291Z[0m [32m INFO[0m [2mmoq_native_ietf::quic[0m[2m:[0m UDP socket bound [3mbind[0m[2m=[0m[::]:0 [3mlocal[0m[2m=[0m[::]:44510 [3mdual_stack[0m[2m=[0mtrue
[2m2026-07-21T01:03:56.059444Z[0m [32m INFO[0m [2mmoq_test_client::scenarios[0m[2m:[0m Subscribing to non-existent track: nonexistent/namespace/test-track
[2m2026-07-21T01:03:56.110708Z[0m [33m WARN[0m [2mmoq_transport::serve::error[0m[2m:[0m [27b0e7e3-ddaf-46e6-8206-40610f367ada] Not found: no such namespace or track at moq-transport/src/session/subscriber.rs:455
[2m2026-07-21T01:03:56.110733Z[0m [33m WARN[0m [2mmoq_transport::session::reader[0m[2m:[0m [READER] decode: stream ended while waiting for data (have=0 bytes, need=1)
[2m2026-07-21T01:03:56.110773Z[0m [32m INFO[0m [2mmoq_test_client::scenarios[0m[2m:[0m Got expected 'not found' error: not found: Track not found [error:27b0e7e3-ddaf-46e6-8206-40610f367ada]
ok 3 - subscribe-error
  ---
  duration_ms: 164
  connection_id: d51d64b4fa351c28cd2a3144aec51f53
  ...
[2m2026-07-21T01:03:56.111405Z[0m [32m INFO[0m [2mmoq_native_ietf::quic[0m[2m:[0m UDP socket bound [3mbind[0m[2m=[0m[::]:0 [3mlocal[0m[2m=[0m[::]:40647 [3mdual_stack[0m[2m=[0mtrue
[2m2026-07-21T01:03:56.169458Z[0m [32m INFO[0m [2mmoq_native_ietf::quic[0m[2m:[0m UDP socket bound [3mbind[0m[2m=[0m[::]:0 [3mlocal[0m[2m=[0m[::]:46839 [3mdual_stack[0m[2m=[0mtrue
[2m2026-07-21T01:03:56.329368Z[0m [32m INFO[0m [2mmoq_test_client::scenarios[0m[2m:[0m Publisher sending PUBLISH_NAMESPACE: moq-test/interop
[2m2026-07-21T01:03:56.329381Z[0m [32m INFO[0m [2mmoq_test_client::scenarios[0m[2m:[0m Subscriber subscribing to track: moq-test/interop/test-track
[2m2026-07-21T01:03:56.380877Z[0m [33m WARN[0m [2mmoq_transport::serve::error[0m[2m:[0m [7db98348-d28c-4e40-9365-0cddb1fbf811] Not found: no such namespace or track at moq-transport/src/session/subscriber.rs:455
[2m2026-07-21T01:03:56.380920Z[0m [33m WARN[0m [2mmoq_transport::session::reader[0m[2m:[0m [READER] decode: stream ended while waiting for data (have=0 bytes, need=1)
[2m2026-07-21T01:03:56.380998Z[0m [32m INFO[0m [2mmoq_test_client::scenarios[0m[2m:[0m Subscriber got error: not found: Track not found [error:7db98348-d28c-4e40-9365-0cddb1fbf811] - subscription was processed
ok 4 - publish-namespace-subscribe
  ---
  duration_ms: 270
  publisher_connection_id: b801eb8efad5f20ec9d38d4450a62c8f
  subscriber_connection_id: 21d09e706becd4324a678bbe67b982dc
  ...
[2m2026-07-21T01:03:56.381694Z[0m [32m INFO[0m [2mmoq_native_ietf::quic[0m[2m:[0m UDP socket bound [3mbind[0m[2m=[0m[::]:0 [3mlocal[0m[2m=[0m[::]:57196 [3mdual_stack[0m[2m=[0mtrue
[2m2026-07-21T01:03:56.436999Z[0m [32m INFO[0m [2mmoq_test_client::scenarios[0m[2m:[0m Subscriber subscribing BEFORE PUBLISH_NAMESPACE: moq-test/interop/test-track
[2m2026-07-21T01:03:56.486009Z[0m [33m WARN[0m [2mmoq_transport::serve::error[0m[2m:[0m [45e23c18-bdfd-49d7-8141-9f0e87b32f44] Not found: no such namespace or track at moq-transport/src/session/subscriber.rs:455
[2m2026-07-21T01:03:56.486024Z[0m [33m WARN[0m [2mmoq_transport::session::reader[0m[2m:[0m [READER] decode: stream ended while waiting for data (have=0 bytes, need=1)
[2m2026-07-21T01:03:56.938278Z[0m [32m INFO[0m [2mmoq_native_ietf::quic[0m[2m:[0m UDP socket bound [3mbind[0m[2m=[0m[::]:0 [3mlocal[0m[2m=[0m[::]:57501 [3mdual_stack[0m[2m=[0mtrue
[2m2026-07-21T01:03:57.174848Z[0m [32m INFO[0m [2mmoq_test_client::scenarios[0m[2m:[0m Publisher sending PUBLISH_NAMESPACE (after subscriber): moq-test/interop
[2m2026-07-21T01:04:00.176066Z[0m [32m INFO[0m [2mmoq_test_client::scenarios[0m[2m:[0m Publisher PUBLISH_NAMESPACE timeout (expected)
[2m2026-07-21T01:04:00.176086Z[0m [32m INFO[0m [2mmoq_test_client::scenarios[0m[2m:[0m Subscriber got error: not found: Track not found [error:45e23c18-bdfd-49d7-8141-9f0e87b32f44] (may be expected)
ok 5 - subscribe-before-publish-namespace
  ---
  duration_ms: 3795
  subscriber_connection_id: de82a4f4cda133004d1bad778a051b7c
  publisher_connection_id: 823ddf0967fcc5a4a6653f7dd36a6383
  ...
[2m2026-07-21T01:04:00.176715Z[0m [32m INFO[0m [2mmoq_native_ietf::quic[0m[2m:[0m UDP socket bound [3mbind[0m[2m=[0m[::]:0 [3mlocal[0m[2m=[0m[::]:37742 [3mdual_stack[0m[2m=[0mtrue
[2m2026-07-21T01:04:00.233769Z[0m [32m INFO[0m [2mmoq_test_client::scenarios[0m[2m:[0m Sending PUBLISH_NAMESPACE: moq-test/interop
[2m2026-07-21T01:04:02.235704Z[0m [32m INFO[0m [2mmoq_test_client::scenarios[0m[2m:[0m PUBLISH_NAMESPACE active; sending PUBLISH_NAMESPACE_DONE
[2m2026-07-21T01:04:02.337624Z[0m [32m INFO[0m [2mmoq_test_client::scenarios[0m[2m:[0m PUBLISH_NAMESPACE_DONE sent successfully
ok 6 - publish-namespace-done
  ---
  duration_ms: 2161
  connection_id: 774d370637b978679fd08fa7208961a0
  ...
make[1]: Leaving directory '/home/runner/work/moq-interop-runner/moq-interop-runner/main'
