make[1]: Entering directory '/home/runner/work/moq-interop-runner/moq-interop-runner/main'
Running tests against moqt://fb.mvfst.net:9448...
  Client: ghcr.io/englishm/moq-interop-runner-moq-test-client-draft-18:latest
docker run --rm \
	 \
	--network host \
	-e RELAY_URL=moqt://fb.mvfst.net:9448 \
	-e TLS_DISABLE_VERIFY=1 \
	ghcr.io/englishm/moq-interop-runner-moq-test-client-draft-18:latest
TAP version 14
# moq-test-client v0.1.6
# Relay: moqt://fb.mvfst.net:9448
1..6
[2m2026-07-21T01:04:38.639381Z[0m [32m INFO[0m [2mmoq_native_ietf::quic[0m[2m:[0m UDP socket bound [3mbind[0m[2m=[0m[::]:0 [3mlocal[0m[2m=[0m[::]:54893 [3mdual_stack[0m[2m=[0mtrue
[2m2026-07-21T01:04:38.794386Z[0m [32m INFO[0m [2mmoq_test_client::scenarios[0m[2m:[0m SETUP exchange completed successfully
ok 1 - setup-only
  ---
  duration_ms: 155
  connection_id: 216afb0a2303d8595b25e251de4050f7
  ...
[2m2026-07-21T01:04:38.795009Z[0m [32m INFO[0m [2mmoq_native_ietf::quic[0m[2m:[0m UDP socket bound [3mbind[0m[2m=[0m[::]:0 [3mlocal[0m[2m=[0m[::]:55220 [3mdual_stack[0m[2m=[0mtrue
[2m2026-07-21T01:04:38.880995Z[0m [32m INFO[0m [2mmoq_test_client::scenarios[0m[2m:[0m Sending PUBLISH_NAMESPACE for: moq-test/interop
[2m2026-07-21T01:04:40.882624Z[0m [32m INFO[0m [2mmoq_test_client::scenarios[0m[2m:[0m PUBLISH_NAMESPACE succeeded (REQUEST_OK received, waiting for subscribers)
ok 2 - publish-namespace-only
  ---
  duration_ms: 2088
  connection_id: d5f7a744ab541ebff21efb22b2bd707f
  ...
[2m2026-07-21T01:04:40.883348Z[0m [32m INFO[0m [2mmoq_native_ietf::quic[0m[2m:[0m UDP socket bound [3mbind[0m[2m=[0m[::]:0 [3mlocal[0m[2m=[0m[::]:45250 [3mdual_stack[0m[2m=[0mtrue
[2m2026-07-21T01:04:40.978268Z[0m [32m INFO[0m [2mmoq_test_client::scenarios[0m[2m:[0m Subscribing to non-existent track: nonexistent/namespace/test-track
[2m2026-07-21T01:04:41.058938Z[0m [33m WARN[0m [2mmoq_transport::serve::error[0m[2m:[0m [d6c223c2-301f-41b3-9886-62fb750f5ce8] Not found: no such namespace or track at moq-transport/src/session/subscriber.rs:455
[2m2026-07-21T01:04:41.058961Z[0m [33m WARN[0m [2mmoq_transport::session::reader[0m[2m:[0m [READER] decode: stream ended while waiting for data (have=0 bytes, need=1)
[2m2026-07-21T01:04:41.059039Z[0m [32m INFO[0m [2mmoq_test_client::scenarios[0m[2m:[0m Got expected 'not found' error: not found: Track not found [error:d6c223c2-301f-41b3-9886-62fb750f5ce8]
ok 3 - subscribe-error
  ---
  duration_ms: 176
  connection_id: 4491c50e127e5bcc3ce368b433963007
  ...
[2m2026-07-21T01:04:41.059720Z[0m [32m INFO[0m [2mmoq_native_ietf::quic[0m[2m:[0m UDP socket bound [3mbind[0m[2m=[0m[::]:0 [3mlocal[0m[2m=[0m[::]:44712 [3mdual_stack[0m[2m=[0mtrue
[2m2026-07-21T01:04:41.204848Z[0m [32m INFO[0m [2mmoq_native_ietf::quic[0m[2m:[0m UDP socket bound [3mbind[0m[2m=[0m[::]:0 [3mlocal[0m[2m=[0m[::]:40262 [3mdual_stack[0m[2m=[0mtrue
[2m2026-07-21T01:04:41.321535Z[0m [32m INFO[0m [2mmoq_test_client::scenarios[0m[2m:[0m Publisher sending PUBLISH_NAMESPACE: moq-test/interop
[2m2026-07-21T01:04:41.321553Z[0m [32m INFO[0m [2mmoq_test_client::scenarios[0m[2m:[0m Subscriber subscribing to track: moq-test/interop/test-track
[2m2026-07-21T01:04:44.322846Z[0m [32m INFO[0m [2mmoq_test_client::scenarios[0m[2m:[0m Test timeout reached - subscription routing may still be in progress
ok 4 - publish-namespace-subscribe
  ---
  duration_ms: 3263
  publisher_connection_id: adfd7f886639ace2943762dfcff56963
  subscriber_connection_id: b986b3d49b46239baca92f87e74dfef1
  ...
[2m2026-07-21T01:04:44.323550Z[0m [32m INFO[0m [2mmoq_native_ietf::quic[0m[2m:[0m UDP socket bound [3mbind[0m[2m=[0m[::]:0 [3mlocal[0m[2m=[0m[::]:52483 [3mdual_stack[0m[2m=[0mtrue
[2m2026-07-21T01:04:44.407280Z[0m [32m INFO[0m [2mmoq_test_client::scenarios[0m[2m:[0m Subscriber subscribing BEFORE PUBLISH_NAMESPACE: moq-test/interop/test-track
[2m2026-07-21T01:04:44.909130Z[0m [32m INFO[0m [2mmoq_native_ietf::quic[0m[2m:[0m UDP socket bound [3mbind[0m[2m=[0m[::]:0 [3mlocal[0m[2m=[0m[::]:45829 [3mdual_stack[0m[2m=[0mtrue
[2m2026-07-21T01:04:45.032610Z[0m [32m INFO[0m [2mmoq_test_client::scenarios[0m[2m:[0m Publisher sending PUBLISH_NAMESPACE (after subscriber): moq-test/interop
[2m2026-07-21T01:04:46.402286Z[0m [33m WARN[0m [2mmoq_transport::session::reader[0m[2m:[0m [READER] decode: stream ended while waiting for data (have=0 bytes, need=1)
[2m2026-07-21T01:04:46.403285Z[0m [33m WARN[0m [2mmoq_transport::session::reader[0m[2m:[0m [READER] decode: stream ended while waiting for data (have=0 bytes, need=1)
[2m2026-07-21T01:04:48.033413Z[0m [32m INFO[0m [2mmoq_test_client::scenarios[0m[2m:[0m Publisher PUBLISH_NAMESPACE timeout (expected)
[2m2026-07-21T01:04:48.033434Z[0m [32m INFO[0m [2mmoq_test_client::scenarios[0m[2m:[0m Subscriber got error: closed, code=3 (may be expected)
ok 5 - subscribe-before-publish-namespace
  ---
  duration_ms: 3710
  subscriber_connection_id: 955f425616740aba60e5d336fb240cf7
  publisher_connection_id: 812ec45671e40764fadd64df7110f636
  ...
[2m2026-07-21T01:04:48.034135Z[0m [32m INFO[0m [2mmoq_native_ietf::quic[0m[2m:[0m UDP socket bound [3mbind[0m[2m=[0m[::]:0 [3mlocal[0m[2m=[0m[::]:38232 [3mdual_stack[0m[2m=[0mtrue
[2m2026-07-21T01:04:48.116958Z[0m [32m INFO[0m [2mmoq_test_client::scenarios[0m[2m:[0m Sending PUBLISH_NAMESPACE: moq-test/interop
[2m2026-07-21T01:04:50.118181Z[0m [32m INFO[0m [2mmoq_test_client::scenarios[0m[2m:[0m PUBLISH_NAMESPACE active; sending PUBLISH_NAMESPACE_DONE
[2m2026-07-21T01:04:50.219431Z[0m [32m INFO[0m [2mmoq_test_client::scenarios[0m[2m:[0m PUBLISH_NAMESPACE_DONE sent successfully
ok 6 - publish-namespace-done
  ---
  duration_ms: 2185
  connection_id: d52a0a214fd14c7909b177fd180e6c24
  ...
make[1]: Leaving directory '/home/runner/work/moq-interop-runner/moq-interop-runner/main'
