make[1]: Entering directory '/home/runner/work/moq-interop-runner/moq-interop-runner/main'
Running tests against https://relay.moqtail.dev...
  Client: ghcr.io/englishm/moq-interop-runner-moq-test-client-draft-16:latest
docker run --rm \
	 \
	--network host \
	-e RELAY_URL=https://relay.moqtail.dev \
	-e TLS_DISABLE_VERIFY=false \
	ghcr.io/englishm/moq-interop-runner-moq-test-client-draft-16:latest
TAP version 14
# moq-test-client v0.1.0
# Relay: https://relay.moqtail.dev/
1..6
ok 1 - setup-only
  ---
  duration_ms: 297
  connection_id: 81f37e1476ca3aa3304b87e45ee15448
  ...
ok 2 - announce-only
  ---
  duration_ms: 2273
  connection_id: daa6b350bc6eedf3fa16e9375ef338fc
  ...
ok 3 - subscribe-error
  ---
  duration_ms: 254
  connection_id: ab473c14bbd489d5255aa4345b3f37b6
  ...
ok 4 - announce-subscribe
  ---
  duration_ms: 3521
  publisher_connection_id: 6fccb4c199cc749bd878b2a3a24c9095
  subscriber_connection_id: 3128420a43e85e69b9bca8836b5aa974
  ...
ok 5 - subscribe-before-announce
  ---
  duration_ms: 3939
  subscriber_connection_id: d14370725a63d5603fac4b46d74e183a
  publisher_connection_id: b6b59bedec31108abb940c6e56cc2c05
  ...
ok 6 - publish-namespace-done
  ---
  duration_ms: 2401
  connection_id: 7c74345d3b78c1c442c0eff11dcb5363
  ...
make[1]: Leaving directory '/home/runner/work/moq-interop-runner/moq-interop-runner/main'
