make[1]: Entering directory '/home/runner/work/moq-interop-runner/moq-interop-runner/main'
Running tests against moqt://draft-18-interop.cloudflare.mediaoverquic.com:443...
  Client: ghcr.io/englishm/moq-interop-runner-moq-test-client-draft-18:latest
docker run --rm \
	 \
	--network host \
	-e RELAY_URL=moqt://draft-18-interop.cloudflare.mediaoverquic.com:443 \
	-e TLS_DISABLE_VERIFY=false \
	ghcr.io/englishm/moq-interop-runner-moq-test-client-draft-18:latest
TAP version 14
# moq-test-client v0.1.6
# Relay: moqt://draft-18-interop.cloudflare.mediaoverquic.com:443
1..6
[2m2026-07-21T01:02:30.842777Z[0m [32m INFO[0m [2mmoq_native_ietf::quic[0m[2m:[0m UDP socket bound [3mbind[0m[2m=[0m[::]:0 [3mlocal[0m[2m=[0m[::]:44496 [3mdual_stack[0m[2m=[0mtrue
[2m2026-07-21T01:02:30.946725Z[0m [32m INFO[0m [2mmoq_test_client::scenarios[0m[2m:[0m SETUP exchange completed successfully
ok 1 - setup-only
  ---
  duration_ms: 104
  connection_id: 1e43a304ed305b3ad80c58ebebaabb1e
  ...
[2m2026-07-21T01:02:30.947355Z[0m [32m INFO[0m [2mmoq_native_ietf::quic[0m[2m:[0m UDP socket bound [3mbind[0m[2m=[0m[::]:0 [3mlocal[0m[2m=[0m[::]:48456 [3mdual_stack[0m[2m=[0mtrue
[2m2026-07-21T01:02:31.044946Z[0m [32m INFO[0m [2mmoq_test_client::scenarios[0m[2m:[0m Sending PUBLISH_NAMESPACE for: moq-test/interop
[2m2026-07-21T01:02:33.045861Z[0m [32m INFO[0m [2mmoq_test_client::scenarios[0m[2m:[0m PUBLISH_NAMESPACE succeeded (REQUEST_OK received, waiting for subscribers)
ok 2 - publish-namespace-only
  ---
  duration_ms: 2099
  connection_id: e528f22ad00b8754786fac5f9f31ba2f
  ...
[2m2026-07-21T01:02:33.046505Z[0m [32m INFO[0m [2mmoq_native_ietf::quic[0m[2m:[0m UDP socket bound [3mbind[0m[2m=[0m[::]:0 [3mlocal[0m[2m=[0m[::]:59000 [3mdual_stack[0m[2m=[0mtrue
[2m2026-07-21T01:02:33.094884Z[0m [32m INFO[0m [2mmoq_test_client::scenarios[0m[2m:[0m Subscribing to non-existent track: nonexistent/namespace/test-track
[2m2026-07-21T01:02:33.107636Z[0m [33m WARN[0m [2mmoq_transport::serve::error[0m[2m:[0m [1fd575ed-3ba9-4f1a-acd1-e22d82613853] Not found: not found: Track not found [error:36422f94-8136-455b-a1ef-0363b9f9aa17] at moq-transport/src/session/subscriber.rs:455
[2m2026-07-21T01:02:33.107699Z[0m [32m INFO[0m [2mmoq_test_client::scenarios[0m[2m:[0m Got expected 'not found' error: not found: Track not found [error:1fd575ed-3ba9-4f1a-acd1-e22d82613853]
ok 3 - subscribe-error
  ---
  duration_ms: 61
  connection_id: 5440381060cc535bb749db980c55b529
  ...
[2m2026-07-21T01:02:33.107964Z[0m [33m WARN[0m [2mmoq_transport::session::reader[0m[2m:[0m [READER] decode: stream ended while waiting for data (have=0 bytes, need=1)
[2m2026-07-21T01:02:33.108446Z[0m [32m INFO[0m [2mmoq_native_ietf::quic[0m[2m:[0m UDP socket bound [3mbind[0m[2m=[0m[::]:0 [3mlocal[0m[2m=[0m[::]:60062 [3mdual_stack[0m[2m=[0mtrue
[2m2026-07-21T01:02:33.154273Z[0m [32m INFO[0m [2mmoq_native_ietf::quic[0m[2m:[0m UDP socket bound [3mbind[0m[2m=[0m[::]:0 [3mlocal[0m[2m=[0m[::]:59839 [3mdual_stack[0m[2m=[0mtrue
[2m2026-07-21T01:02:33.262948Z[0m [32m INFO[0m [2mmoq_test_client::scenarios[0m[2m:[0m Publisher sending PUBLISH_NAMESPACE: moq-test/interop
[2m2026-07-21T01:02:33.262962Z[0m [32m INFO[0m [2mmoq_test_client::scenarios[0m[2m:[0m Subscriber subscribing to track: moq-test/interop/test-track
[2m2026-07-21T01:02:36.264385Z[0m [32m INFO[0m [2mmoq_test_client::scenarios[0m[2m:[0m Test timeout reached - subscription routing may still be in progress
ok 4 - publish-namespace-subscribe
  ---
  duration_ms: 3156
  publisher_connection_id: 5af8140aadfcdff397b73188baba7836
  subscriber_connection_id: 54cbf1b0bd191882e66f3bff9de6bc5b
  ...
[2m2026-07-21T01:02:36.265088Z[0m [32m INFO[0m [2mmoq_native_ietf::quic[0m[2m:[0m UDP socket bound [3mbind[0m[2m=[0m[::]:0 [3mlocal[0m[2m=[0m[::]:43220 [3mdual_stack[0m[2m=[0mtrue
[2m2026-07-21T01:02:36.277711Z[0m [33m WARN[0m [2mmoq_transport::session::reader[0m[2m:[0m [READER] decode: stream ended while waiting for data (have=0 bytes, need=1)
[2m2026-07-21T01:02:36.359558Z[0m [32m INFO[0m [2mmoq_test_client::scenarios[0m[2m:[0m Subscriber subscribing BEFORE PUBLISH_NAMESPACE: moq-test/interop/test-track
[2m2026-07-21T01:02:36.373496Z[0m [33m WARN[0m [2mmoq_transport::serve::error[0m[2m:[0m [5939e30e-0c04-4021-b9a5-07759e4bd1af] Not found: not found: Track not found [error:ffa67751-e363-42c3-a5d1-5775d333d38e] at moq-transport/src/session/subscriber.rs:455
[2m2026-07-21T01:02:36.374830Z[0m [33m WARN[0m [2mmoq_transport::session::reader[0m[2m:[0m [READER] decode: stream ended while waiting for data (have=0 bytes, need=1)
[2m2026-07-21T01:02:36.861575Z[0m [32m INFO[0m [2mmoq_native_ietf::quic[0m[2m:[0m UDP socket bound [3mbind[0m[2m=[0m[::]:0 [3mlocal[0m[2m=[0m[::]:40843 [3mdual_stack[0m[2m=[0mtrue
[2m2026-07-21T01:02:36.985868Z[0m [32m INFO[0m [2mmoq_test_client::scenarios[0m[2m:[0m Publisher sending PUBLISH_NAMESPACE (after subscriber): moq-test/interop
[2m2026-07-21T01:02:39.986827Z[0m [32m INFO[0m [2mmoq_test_client::scenarios[0m[2m:[0m Publisher PUBLISH_NAMESPACE timeout (expected)
[2m2026-07-21T01:02:39.986846Z[0m [32m INFO[0m [2mmoq_test_client::scenarios[0m[2m:[0m Subscriber got error: not found: Track not found [error:5939e30e-0c04-4021-b9a5-07759e4bd1af] (may be expected)
ok 5 - subscribe-before-publish-namespace
  ---
  duration_ms: 3722
  subscriber_connection_id: a40a053cc220ca9b6368665012e4bd1a
  publisher_connection_id: 39833060d9ef7680204404995034644b
  ...
[2m2026-07-21T01:02:39.987542Z[0m [32m INFO[0m [2mmoq_native_ietf::quic[0m[2m:[0m UDP socket bound [3mbind[0m[2m=[0m[::]:0 [3mlocal[0m[2m=[0m[::]:35010 [3mdual_stack[0m[2m=[0mtrue
[2m2026-07-21T01:02:40.105151Z[0m [32m INFO[0m [2mmoq_test_client::scenarios[0m[2m:[0m Sending PUBLISH_NAMESPACE: moq-test/interop
[2m2026-07-21T01:02:42.108235Z[0m [32m INFO[0m [2mmoq_test_client::scenarios[0m[2m:[0m PUBLISH_NAMESPACE active; sending PUBLISH_NAMESPACE_DONE
[2m2026-07-21T01:02:42.210101Z[0m [32m INFO[0m [2mmoq_test_client::scenarios[0m[2m:[0m PUBLISH_NAMESPACE_DONE sent successfully
ok 6 - publish-namespace-done
  ---
  duration_ms: 2223
  connection_id: e7e2d2f01fb4089b7a8f7d7e0fa10716
  ...
make[1]: Leaving directory '/home/runner/work/moq-interop-runner/moq-interop-runner/main'
