make[1]: Entering directory '/home/runner/work/moq-interop-runner/moq-interop-runner/main'
Running tests against https://us-west-2.relay.quicr.org:33437/relay...
  Client: ghcr.io/openmoq/moqx-interop-client:latest
docker run --rm \
	 \
	--network host \
	-e RELAY_URL=https://us-west-2.relay.quicr.org:33437/relay \
	-e TLS_DISABLE_VERIFY=1 \
	ghcr.io/openmoq/moqx-interop-client:latest
TAP version 14
# moxygen interop test client
# Relay: https://us-west-2.relay.quicr.org:33437/relay
# Transport: WebTransport
1..6
W0721 01:40:34.773975     1 MoQWebTransportClient.cpp:175] WebTransport: No WT-Protocol header in response, will use legacy version negotiation
E0721 01:40:34.809781     1 MoQFramer.cpp:1124] Server selected version draft-1 but we only offer draft-14 in legacy mode
E0721 01:40:34.809797     1 MoQCodec.cpp:126] Conn error=21
E0721 01:40:34.809799     1 MoQSession.cpp:5259] MoQCodec control stream parse error err=21
not ok 1 - setup-only
  ---
  duration_ms: 155
  error: coroutine operation cancelled
  ...
W0721 01:40:34.914018     1 MoQWebTransportClient.cpp:175] WebTransport: No WT-Protocol header in response, will use legacy version negotiation
E0721 01:40:34.949873     1 MoQFramer.cpp:1124] Server selected version draft-1 but we only offer draft-14 in legacy mode
E0721 01:40:34.949889     1 MoQCodec.cpp:126] Conn error=21
E0721 01:40:34.949906     1 MoQSession.cpp:5259] MoQCodec control stream parse error err=21
not ok 2 - announce-only
  ---
  duration_ms: 139
  error: coroutine operation cancelled
  ...
W0721 01:40:35.059673     1 MoQWebTransportClient.cpp:175] WebTransport: No WT-Protocol header in response, will use legacy version negotiation
E0721 01:40:35.095605     1 MoQFramer.cpp:1124] Server selected version draft-1 but we only offer draft-14 in legacy mode
E0721 01:40:35.095622     1 MoQCodec.cpp:126] Conn error=21
E0721 01:40:35.095625     1 MoQSession.cpp:5259] MoQCodec control stream parse error err=21
not ok 3 - subscribe-error
  ---
  duration_ms: 145
  error: coroutine operation cancelled
  ...
W0721 01:40:35.176663     1 MoQWebTransportClient.cpp:175] WebTransport: No WT-Protocol header in response, will use legacy version negotiation
E0721 01:40:35.212737     1 MoQFramer.cpp:1124] Server selected version draft-1 but we only offer draft-14 in legacy mode
E0721 01:40:35.212754     1 MoQCodec.cpp:126] Conn error=21
E0721 01:40:35.212757     1 MoQSession.cpp:5259] MoQCodec control stream parse error err=21
not ok 4 - announce-subscribe
  ---
  duration_ms: 117
  error: coroutine operation cancelled
  ...
W0721 01:40:35.330213     1 MoQWebTransportClient.cpp:175] WebTransport: No WT-Protocol header in response, will use legacy version negotiation
E0721 01:40:35.366527     1 MoQFramer.cpp:1124] Server selected version draft-1 but we only offer draft-14 in legacy mode
E0721 01:40:35.366542     1 MoQCodec.cpp:126] Conn error=21
E0721 01:40:35.366549     1 MoQSession.cpp:5259] MoQCodec control stream parse error err=21
not ok 5 - publish-namespace-done
  ---
  duration_ms: 153
  error: coroutine operation cancelled
  ...
W0721 01:40:35.467624     1 MoQWebTransportClient.cpp:175] WebTransport: No WT-Protocol header in response, will use legacy version negotiation
E0721 01:40:35.503506     1 MoQFramer.cpp:1124] Server selected version draft-1 but we only offer draft-14 in legacy mode
E0721 01:40:35.503524     1 MoQCodec.cpp:126] Conn error=21
E0721 01:40:35.503527     1 MoQSession.cpp:5259] MoQCodec control stream parse error err=21
not ok 6 - subscribe-before-announce
  ---
  duration_ms: 136
  error: coroutine operation cancelled
  ...
make[1]: *** [Makefile:122: test-external] Error 1
make[1]: Leaving directory '/home/runner/work/moq-interop-runner/moq-interop-runner/main'
