make[1]: Entering directory '/home/runner/work/moq-interop-runner/moq-interop-runner/main'
Running tests against https://fb.mvfst.net:9448/moq-relay...
  Client: ghcr.io/englishm/moq-interop-runner-moq-test-client-draft-16:latest
docker run --rm \
	 \
	--network host \
	-e RELAY_URL=https://fb.mvfst.net:9448/moq-relay \
	-e TLS_DISABLE_VERIFY=1 \
	ghcr.io/englishm/moq-interop-runner-moq-test-client-draft-16:latest
TAP version 14
# moq-test-client v0.1.0
# Relay: https://fb.mvfst.net:9448/moq-relay
1..6
ok 1 - setup-only
  ---
  duration_ms: 171
  connection_id: c3afd22bf4ed2f2fada3f53cdaa6c047
  ...
ok 2 - announce-only
  ---
  duration_ms: 2222
  connection_id: 46ea91c096054b5ab0ca30c3a32c9365
  ...
ok 3 - subscribe-error
  ---
  duration_ms: 182
  connection_id: a08ec895bb6b769ca7aa211c2a2499f0
  ...
ok 4 - announce-subscribe
  ---
  duration_ms: 3237
  publisher_connection_id: f0486be388c3f8cadc57e85ef39aba54
  subscriber_connection_id: f7ed4e1995d6e1776847da416d5405ba
  ...
ok 5 - subscribe-before-announce
  ---
  duration_ms: 4896
  subscriber_connection_id: 87ed102b82484dac1c1579b5b99eb115
  publisher_connection_id: 4e60215cbface86933cdf58ee8ede484
  ...
ok 6 - publish-namespace-done
  ---
  duration_ms: 2221
  connection_id: 2b36f5a7d23726af373aea317ec7d08f
  ...
make[1]: Leaving directory '/home/runner/work/moq-interop-runner/moq-interop-runner/main'
