make[1]: Entering directory '/home/runner/work/moq-interop-runner/moq-interop-runner/main'
Running tests against moqt://moqx-main.ci.openmoq.org:4433...
  Client: ghcr.io/englishm/moq-interop-runner-moq-test-client-draft-16:latest
docker run --rm \
	 \
	--network host \
	-e RELAY_URL=moqt://moqx-main.ci.openmoq.org:4433 \
	-e TLS_DISABLE_VERIFY=false \
	ghcr.io/englishm/moq-interop-runner-moq-test-client-draft-16:latest
TAP version 14
# moq-test-client v0.1.0
# Relay: moqt://moqx-main.ci.openmoq.org:4433
1..6
ok 1 - setup-only
  ---
  duration_ms: 321
  connection_id: b57dd7c416d4c8d2fd844df3e6328da5
  ...
ok 2 - announce-only
  ---
  duration_ms: 2300
  connection_id: 942d91c2110b5793b143c91c1caf111a
  ...
ok 3 - subscribe-error
  ---
  duration_ms: 57
  connection_id: e3b62058d69202b50b135823f58cc2ab
  ...
ok 4 - announce-subscribe
  ---
  duration_ms: 3257
  publisher_connection_id: 20582c6dd2fcc3b7cf514f795081e41b
  subscriber_connection_id: 4883fec8422d0e9b5c7d7ee5b0fa48b5
  ...
ok 5 - subscribe-before-announce
  ---
  duration_ms: 4771
  subscriber_connection_id: 347b3203085b5d1a44463a4d358f82ae
  publisher_connection_id: dbbfc0cddb3343971930265def67430c
  ...
ok 6 - publish-namespace-done
  ---
  duration_ms: 2147
  connection_id: c294e06f83a1532f5a75c9f901715100
  ...
make[1]: Leaving directory '/home/runner/work/moq-interop-runner/moq-interop-runner/main'
