make[1]: Entering directory '/home/runner/work/moq-interop-runner/moq-interop-runner/main'
Running tests against https://lminiero.it:9000...
  Client: ghcr.io/englishm/moq-interop-runner-moq-test-client-draft-18:latest
docker run --rm \
	 \
	--network host \
	-e RELAY_URL=https://lminiero.it:9000 \
	-e TLS_DISABLE_VERIFY=false \
	ghcr.io/englishm/moq-interop-runner-moq-test-client-draft-18:latest
TAP version 14
# moq-test-client v0.1.6
# Relay: https://lminiero.it:9000/
1..6
[2m2026-07-02T01:06:33.327497Z[0m [32m INFO[0m [2mmoq_native_ietf::quic[0m[2m:[0m UDP socket bound [3mbind[0m[2m=[0m[::]:0 [3mlocal[0m[2m=[0m[::]:54293 [3mdual_stack[0m[2m=[0mtrue
[2m2026-07-02T01:06:34.000009Z[0m [32m INFO[0m [2mmoq_test_client::scenarios[0m[2m:[0m SETUP exchange completed successfully
ok 1 - setup-only
  ---
  duration_ms: 673
  connection_id: 3ab5be5b939640c2aa2d9a7650e343ff
  ...
[2m2026-07-02T01:06:34.000943Z[0m [32m INFO[0m [2mmoq_native_ietf::quic[0m[2m:[0m UDP socket bound [3mbind[0m[2m=[0m[::]:0 [3mlocal[0m[2m=[0m[::]:46992 [3mdual_stack[0m[2m=[0mtrue
[2m2026-07-02T01:06:34.646843Z[0m [32m INFO[0m [2mmoq_test_client::scenarios[0m[2m:[0m Sending PUBLISH_NAMESPACE for: moq-test/interop
not ok 2 - publish-namespace-only
  ---
  duration_ms: 646
  message: "PUBLISH_NAMESPACE failed: too many requests"
  ...
[2m2026-07-02T01:06:34.647870Z[0m [32m INFO[0m [2mmoq_native_ietf::quic[0m[2m:[0m UDP socket bound [3mbind[0m[2m=[0m[::]:0 [3mlocal[0m[2m=[0m[::]:35697 [3mdual_stack[0m[2m=[0mtrue
[2m2026-07-02T01:06:35.291317Z[0m [32m INFO[0m [2mmoq_test_client::scenarios[0m[2m:[0m Subscribing to non-existent track: nonexistent/namespace/test-track
[2m2026-07-02T01:06:35.291346Z[0m [31mERROR[0m [2mmoq_transport::serve::error[0m[2m:[0m [323e0864-6842-4ead-af61-21ae53083f69] Internal error: request ID limit: too many requests at /build/moq-transport/src/session/subscriber.rs:191
[2m2026-07-02T01:06:35.291375Z[0m [33m WARN[0m [2mmoq_test_client::scenarios[0m[2m:[0m Got error but not clearly 'not found': internal error: Internal error [error:323e0864-6842-4ead-af61-21ae53083f69]. Relay may use different error text.
ok 3 - subscribe-error
  ---
  duration_ms: 644
  connection_id: 82afdf623ca0d86948e6e95c7e7ad75f
  ...
[2m2026-07-02T01:06:35.292232Z[0m [32m INFO[0m [2mmoq_native_ietf::quic[0m[2m:[0m UDP socket bound [3mbind[0m[2m=[0m[::]:0 [3mlocal[0m[2m=[0m[::]:48379 [3mdual_stack[0m[2m=[0mtrue
[2m2026-07-02T01:06:36.064502Z[0m [32m INFO[0m [2mmoq_native_ietf::quic[0m[2m:[0m UDP socket bound [3mbind[0m[2m=[0m[::]:0 [3mlocal[0m[2m=[0m[::]:35540 [3mdual_stack[0m[2m=[0mtrue
[2m2026-07-02T01:06:36.715484Z[0m [32m INFO[0m [2mmoq_test_client::scenarios[0m[2m:[0m Publisher sending PUBLISH_NAMESPACE: moq-test/interop
[2m2026-07-02T01:06:36.715506Z[0m [32m INFO[0m [2mmoq_test_client::scenarios[0m[2m:[0m Subscriber subscribing to track: moq-test/interop/test-track
not ok 4 - publish-namespace-subscribe
  ---
  duration_ms: 1424
  message: "publisher PUBLISH_NAMESPACE failed: too many requests"
  ...
[2m2026-07-02T01:06:36.716415Z[0m [32m INFO[0m [2mmoq_native_ietf::quic[0m[2m:[0m UDP socket bound [3mbind[0m[2m=[0m[::]:0 [3mlocal[0m[2m=[0m[::]:34827 [3mdual_stack[0m[2m=[0mtrue
[2m2026-07-02T01:06:37.348649Z[0m [32m INFO[0m [2mmoq_test_client::scenarios[0m[2m:[0m Subscriber subscribing BEFORE PUBLISH_NAMESPACE: moq-test/interop/test-track
[2m2026-07-02T01:06:37.348756Z[0m [31mERROR[0m [2mmoq_transport::serve::error[0m[2m:[0m [910e42d2-c855-4282-974c-b114983348c3] Internal error: request ID limit: too many requests at /build/moq-transport/src/session/subscriber.rs:191
[2m2026-07-02T01:06:37.850493Z[0m [32m INFO[0m [2mmoq_native_ietf::quic[0m[2m:[0m UDP socket bound [3mbind[0m[2m=[0m[::]:0 [3mlocal[0m[2m=[0m[::]:38064 [3mdual_stack[0m[2m=[0mtrue
[2m2026-07-02T01:06:38.495463Z[0m [32m INFO[0m [2mmoq_test_client::scenarios[0m[2m:[0m Publisher sending PUBLISH_NAMESPACE (after subscriber): moq-test/interop
not ok 5 - subscribe-before-publish-namespace
  ---
  duration_ms: 1779
  message: "publisher PUBLISH_NAMESPACE failed: too many requests"
  ...
[2m2026-07-02T01:06:38.496401Z[0m [32m INFO[0m [2mmoq_native_ietf::quic[0m[2m:[0m UDP socket bound [3mbind[0m[2m=[0m[::]:0 [3mlocal[0m[2m=[0m[::]:40765 [3mdual_stack[0m[2m=[0mtrue
[2m2026-07-02T01:06:39.163042Z[0m [32m INFO[0m [2mmoq_test_client::scenarios[0m[2m:[0m Sending PUBLISH_NAMESPACE: moq-test/interop
not ok 6 - publish-namespace-done
  ---
  duration_ms: 667
  message: "PUBLISH_NAMESPACE failed: too many requests"
  ...
make[1]: *** [Makefile:121: test-external] Error 1
make[1]: Leaving directory '/home/runner/work/moq-interop-runner/moq-interop-runner/main'
