make[1]: Entering directory '/home/runner/work/moq-interop-runner/moq-interop-runner/main'
Running tests against moqt://fb.mvfst.net:9448...
  Client: ghcr.io/englishm/moq-interop-runner-moq-test-client-draft-16:latest
docker run --rm \
	 \
	--network host \
	-e RELAY_URL=moqt://fb.mvfst.net:9448 \
	-e TLS_DISABLE_VERIFY=1 \
	ghcr.io/englishm/moq-interop-runner-moq-test-client-draft-16:latest
TAP version 14
# moq-test-client v0.1.0
# Relay: moqt://fb.mvfst.net:9448
1..6
ok 1 - setup-only
  ---
  duration_ms: 65
  connection_id: eaa6e90a64ca2e364b2285ca98605e89
  ...
ok 2 - announce-only
  ---
  duration_ms: 2064
  connection_id: ceccaf4501d597a49eb83497bd681321
  ...
ok 3 - subscribe-error
  ---
  duration_ms: 168
  connection_id: b0696fb084dfd922416d8f3ea007a64b
  ...
ok 4 - announce-subscribe
  ---
  duration_ms: 382
  publisher_connection_id: 07545bea079e01028acbcda02dc393a1
  subscriber_connection_id: 7696494fc70a157465da448757cefdcc
  ...
ok 5 - subscribe-before-announce
  ---
  duration_ms: 3782
  subscriber_connection_id: 012764efd061fc78f8fdd847bc47848a
  publisher_connection_id: 536e08ab2ec626fa3eca4cafe0d16d3e
  ...
ok 6 - publish-namespace-done
  ---
  duration_ms: 2302
  connection_id: 8193913a45ecdb4a850cf10b1423b794
  ...
make[1]: Leaving directory '/home/runner/work/moq-interop-runner/moq-interop-runner/main'
