make[1]: Entering directory '/home/runner/work/moq-interop-runner/moq-interop-runner/main'
Running tests against moqt://lminiero.it:9000...
  Client: moqx-interop-client:latest
docker run --rm \
	 \
	--network host \
	-e RELAY_URL=moqt://lminiero.it:9000 \
	-e TLS_DISABLE_VERIFY=false \
	moqx-interop-client:latest
TAP version 14
# moxygen interop test client
# Relay: moqt://lminiero.it:9000
# Transport: QUIC
1..6
E0702 01:09:13.246201     1 MoQCodec.cpp:126] Conn error=3
E0702 01:09:13.246235     1 MoQSession.cpp:5259] MoQCodec control stream parse error err=3
not ok 1 - setup-only
  ---
  duration_ms: 676
  error: coroutine operation cancelled
  ...
E0702 01:09:13.862190     1 MoQCodec.cpp:126] Conn error=3
E0702 01:09:13.862222     1 MoQSession.cpp:5259] MoQCodec control stream parse error err=3
not ok 2 - announce-only
  ---
  duration_ms: 615
  error: coroutine operation cancelled
  ...
E0702 01:09:14.485450     1 MoQCodec.cpp:126] Conn error=3
E0702 01:09:14.485479     1 MoQSession.cpp:5259] MoQCodec control stream parse error err=3
not ok 3 - subscribe-error
  ---
  duration_ms: 623
  error: coroutine operation cancelled
  ...
E0702 01:09:14.710270     1 MoQCodec.cpp:126] Conn error=3
E0702 01:09:14.710302     1 MoQSession.cpp:5259] MoQCodec control stream parse error err=3
not ok 4 - announce-subscribe
  ---
  duration_ms: 224
  error: coroutine operation cancelled
  ...
E0702 01:09:15.323035     1 MoQCodec.cpp:126] Conn error=3
E0702 01:09:15.323068     1 MoQSession.cpp:5259] MoQCodec control stream parse error err=3
not ok 5 - publish-namespace-done
  ---
  duration_ms: 612
  error: coroutine operation cancelled
  ...
E0702 01:09:15.758685     1 MoQCodec.cpp:126] Conn error=3
E0702 01:09:15.758721     1 MoQSession.cpp:5259] MoQCodec control stream parse error err=3
not ok 6 - subscribe-before-announce
  ---
  duration_ms: 435
  error: coroutine operation cancelled
  ...
make[1]: *** [Makefile:121: test-external] Error 1
make[1]: Leaving directory '/home/runner/work/moq-interop-runner/moq-interop-runner/main'
