make[1]: Entering directory '/home/runner/work/moq-interop-runner/moq-interop-runner/main'
Running tests against moqt://fb.mvfst.net:9448...
  Client: ghcr.io/englishm/moq-interop-runner-moq-test-client:latest
docker run --rm \
	--network host \
	-e RELAY_URL=moqt://fb.mvfst.net:9448 \
	-e TLS_DISABLE_VERIFY=1 \
	ghcr.io/englishm/moq-interop-runner-moq-test-client:latest
TAP version 14
# moq-test-client v0.1.0
# Relay: moqt://fb.mvfst.net:9448
1..6
ok 1 - setup-only
  ---
  duration_ms: 123
  connection_id: 77e012440fb45c06466e40219d0b0e01
  ...
ok 2 - announce-only
  ---
  duration_ms: 2108
  connection_id: 27b0522f9a7d20bb3506cf65a7d4eb8a
  ...
ok 3 - subscribe-error
  ---
  duration_ms: 162
  connection_id: 473c3179b8bc229f322e5f78997b088c
  ...
ok 4 - announce-subscribe
  ---
  duration_ms: 397
  publisher_connection_id: c26cfef48740cae8bf184c74e06a5843
  subscriber_connection_id: 4f755138e8bf7c971e6495f6b4a5c657
  ...
ok 5 - subscribe-before-announce
  ---
  duration_ms: 3729
  subscriber_connection_id: 6338ae033596ecd5ba251d366d4e66c9
  publisher_connection_id: a3ef67dd59f286d3966521220082a4c8
  ...
ok 6 - publish-namespace-done
  ---
  duration_ms: 2414
  connection_id: d9a46ea9721a3cb97cf7f09b9996ede8
  ...
make[1]: Leaving directory '/home/runner/work/moq-interop-runner/moq-interop-runner/main'
