make[1]: Entering directory '/home/runner/work/moq-interop-runner/moq-interop-runner/main'
Running tests against https://draft-14.cloudflare.mediaoverquic.com:443/moq...
  Client: ghcr.io/englishm/moq-interop-runner-moq-test-client:latest
docker run --rm \
	--network host \
	-e RELAY_URL=https://draft-14.cloudflare.mediaoverquic.com:443/moq \
	-e TLS_DISABLE_VERIFY=false \
	ghcr.io/englishm/moq-interop-runner-moq-test-client:latest
TAP version 14
# moq-test-client v0.1.0
# Relay: https://draft-14.cloudflare.mediaoverquic.com/moq
1..6
ok 1 - setup-only
  ---
  duration_ms: 74
  connection_id: 85f157f7ae808afc688be4bc5efb356d
  ...
ok 2 - announce-only
  ---
  duration_ms: 2090
  connection_id: 02d89d46830fccb461cfbe2c8cd09de0
  ...
ok 3 - subscribe-error
  ---
  duration_ms: 225
  connection_id: 5abbe496bec84c2ca3d05359ecaa9a91
  ...
ok 4 - announce-subscribe
  ---
  duration_ms: 285
  publisher_connection_id: 3eebe9ae8e684d6143ff7913aff547a9
  subscriber_connection_id: b28d9bb887cf3153f1c921efa0b04682
  ...
not ok 5 - subscribe-before-announce
  ---
  duration_ms: 766
  message: "publisher announce failed: serve error: closed, code=0: closed, code=0"
  ...
not ok 6 - publish-namespace-done
  ---
  duration_ms: 195
  message: "announce failed: serve error: closed, code=0: closed, code=0"
  ...
make[1]: *** [Makefile:91: test-external] Error 1
make[1]: Leaving directory '/home/runner/work/moq-interop-runner/moq-interop-runner/main'
