make[1]: Entering directory '/home/runner/work/moq-interop-runner/moq-interop-runner/main'
Running tests against https://draft-16-manish.cloudflare.mediaoverquic.com:443/moq...
  Client: ghcr.io/englishm/moq-interop-runner-moq-test-client-draft-16:latest
docker run --rm \
	--network host \
	-e RELAY_URL=https://draft-16-manish.cloudflare.mediaoverquic.com:443/moq \
	-e TLS_DISABLE_VERIFY=false \
	ghcr.io/englishm/moq-interop-runner-moq-test-client-draft-16:latest
TAP version 14
# moq-test-client v0.1.0
# Relay: https://draft-16-manish.cloudflare.mediaoverquic.com/moq
1..6
ok 1 - setup-only
  ---
  duration_ms: 156
  connection_id: 980d00f8bbb92d3493e3efca2d90ea83
  ...
ok 2 - announce-only
  ---
  duration_ms: 2169
  connection_id: 48ea5311a2f4387c369555902a43017b
  ...
ok 3 - subscribe-error
  ---
  duration_ms: 183
  connection_id: 9a0673c8ea8e19299e42c28e44b83111
  ...
ok 4 - announce-subscribe
  ---
  duration_ms: 3291
  publisher_connection_id: f0c867568eeeb20853adb67cc851c16b
  subscriber_connection_id: 736c3d678a65b69d8784b6ee67ec8ded
  ...
ok 5 - subscribe-before-announce
  ---
  duration_ms: 3869
  subscriber_connection_id: 6f50e1a432d5a8c7e78396c12baf7bc2
  publisher_connection_id: a6daf645833ee72d6907a4c044d3df12
  ...
ok 6 - publish-namespace-done
  ---
  duration_ms: 2262
  connection_id: a77b459f44f3b00d19ae329d4b5acf6c
  ...
make[1]: Leaving directory '/home/runner/work/moq-interop-runner/moq-interop-runner/main'
