make[1]: Entering directory '/home/runner/work/moq-interop-runner/moq-interop-runner/main'
Running tests against moqt://lminiero.it:9000...
  Client: ghcr.io/englishm/moq-interop-runner-moq-test-client-draft-16:latest
docker run --rm \
	--network host \
	-e RELAY_URL=moqt://lminiero.it:9000 \
	-e TLS_DISABLE_VERIFY=false \
	ghcr.io/englishm/moq-interop-runner-moq-test-client-draft-16:latest
TAP version 14
# moq-test-client v0.1.0
# Relay: moqt://lminiero.it:9000
1..6
ok 1 - setup-only
  ---
  duration_ms: 432
  connection_id: e805f7df02a72f54640c05eaec2a8549
  ...
ok 2 - announce-only
  ---
  duration_ms: 2431
  connection_id: e30e21ec22fdcaa35e4fc3b9e4b5dcdd
  ...
ok 3 - subscribe-error
  ---
  duration_ms: 1309
  connection_id: f22624b278c6b49615ec83e3c2f4b312
  ...
ok 4 - announce-subscribe
  ---
  duration_ms: 3848
  publisher_connection_id: 5acbe1d82d0763e2d00c77f4a5ec1818
  subscriber_connection_id: 3e53d6d7db639317a366f04ed0ab65d9
  ...
ok 5 - subscribe-before-announce
  ---
  duration_ms: 4366
  subscriber_connection_id: b3cb502a4703d6f82bd29593ae361b05
  publisher_connection_id: 90efa1b9fc10a86eb0f61de40025289b
  ...
ok 6 - publish-namespace-done
  ---
  duration_ms: 3026
  connection_id: a927152c64127ebe27ec8940d8256807
  ...
make[1]: Leaving directory '/home/runner/work/moq-interop-runner/moq-interop-runner/main'
