make[1]: Entering directory '/home/runner/work/moq-interop-runner/moq-interop-runner/main'
Running tests against moqt://moqx-000.ci.openmoq.org:4433...
  Client: ghcr.io/englishm/moq-interop-runner-moq-test-client:latest
docker run --rm \
	--network host \
	-e RELAY_URL=moqt://moqx-000.ci.openmoq.org:4433 \
	-e TLS_DISABLE_VERIFY=false \
	ghcr.io/englishm/moq-interop-runner-moq-test-client:latest
TAP version 14
# moq-test-client v0.1.0
# Relay: moqt://moqx-000.ci.openmoq.org:4433
1..6
ok 1 - setup-only
  ---
  duration_ms: 70
  connection_id: 2a1f8812942fb59ad78ac50e31fbe55d
  ...
ok 2 - announce-only
  ---
  duration_ms: 2074
  connection_id: 94995e36b7f6513c12f99d0d8eb35cca
  ...
ok 3 - subscribe-error
  ---
  duration_ms: 101
  connection_id: 2abf8bb0f3e04b0fae68bda3a58b6f01
  ...
ok 4 - announce-subscribe
  ---
  duration_ms: 170
  publisher_connection_id: 45f360dda6d46981c4666f86f8345161
  subscriber_connection_id: f3aba42cdd5110bf6aaae18bac585ccb
  ...
ok 5 - subscribe-before-announce
  ---
  duration_ms: 3649
  subscriber_connection_id: 6d92480dbe027465ca414ec177544b2d
  publisher_connection_id: 97525bcf4c52a0d8b7c67184b02308ac
  ...
ok 6 - publish-namespace-done
  ---
  duration_ms: 2170
  connection_id: 3615101ecb7c6f7fde065d928bf0c54e
  ...
make[1]: Leaving directory '/home/runner/work/moq-interop-runner/moq-interop-runner/main'
