make[1]: Entering directory '/home/runner/work/moq-interop-runner/moq-interop-runner/main'
Running tests against moqt://lminiero.it:9000...
  Client: ghcr.io/englishm/moq-interop-runner-moq-test-client-draft-16:latest
docker run --rm \
	 \
	--network host \
	-e RELAY_URL=moqt://lminiero.it:9000 \
	-e TLS_DISABLE_VERIFY=false \
	ghcr.io/englishm/moq-interop-runner-moq-test-client-draft-16:latest
TAP version 14
# moq-test-client v0.1.0
# Relay: moqt://lminiero.it:9000
1..6
ok 1 - setup-only
  ---
  duration_ms: 1048
  connection_id: 0da9ee6a3b9c67b7aa1f7fbf09a0b927
  ...
ok 2 - announce-only
  ---
  duration_ms: 2536
  connection_id: b5e07358865da25f0c8a92db30356cbf
  ...
ok 3 - subscribe-error
  ---
  duration_ms: 646
  connection_id: a0919fb0f47cbd4c7df2237caf39e61c
  ...
ok 4 - announce-subscribe
  ---
  duration_ms: 3975
  publisher_connection_id: d0af125dbdefa9a3bb8aa9ec2d133ab0
  subscriber_connection_id: a1d4655d4fcc3de88ad95a484a11c378
  ...
ok 5 - subscribe-before-announce
  ---
  duration_ms: 5470
  subscriber_connection_id: 8503f3fa5ac3836d11bdeadfa2f5acc8
  publisher_connection_id: bbdb0a32102257fa1c4e14ae182660e8
  ...
ok 6 - publish-namespace-done
  ---
  duration_ms: 2443
  connection_id: e92c2b501de8b5761b3282dbbb7114b8
  ...
make[1]: Leaving directory '/home/runner/work/moq-interop-runner/moq-interop-runner/main'
