make[1]: Entering directory '/home/runner/work/moq-interop-runner/moq-interop-runner/main'
Running tests against https://fb.mvfst.net:9448/moq-relay...
  Client: ghcr.io/englishm/moq-interop-runner-moq-test-client:latest
docker run --rm \
	 \
	--network host \
	-e RELAY_URL=https://fb.mvfst.net:9448/moq-relay \
	-e TLS_DISABLE_VERIFY=1 \
	ghcr.io/englishm/moq-interop-runner-moq-test-client:latest
TAP version 14
# moq-test-client v0.1.0
# Relay: https://fb.mvfst.net:9448/moq-relay
1..6
ok 1 - setup-only
  ---
  duration_ms: 194
  connection_id: b899c659b602abe991a040ca93a59abf
  ...
ok 2 - announce-only
  ---
  duration_ms: 2100
  connection_id: 4cb8b64a1af2729132e67106ef93f2d9
  ...
ok 3 - subscribe-error
  ---
  duration_ms: 148
  connection_id: df304b5885f6b0a23aa02d033f267ceb
  ...
ok 4 - announce-subscribe
  ---
  duration_ms: 3188
  publisher_connection_id: 9e64730dc8c00f401b36d58dcdbde8bc
  subscriber_connection_id: 6ae6d842c88b40153fd4ae842d2df92b
  ...
ok 5 - subscribe-before-announce
  ---
  duration_ms: 3708
  subscriber_connection_id: fb78b24ecca04025f609e797b0c838f6
  publisher_connection_id: f3c22ff55b2560417d37f3daba9101ae
  ...
ok 6 - publish-namespace-done
  ---
  duration_ms: 2205
  connection_id: 4edfa84474a3a5ddbac87213776a5217
  ...
make[1]: Leaving directory '/home/runner/work/moq-interop-runner/moq-interop-runner/main'
