make[1]: Entering directory '/home/runner/work/moq-interop-runner/moq-interop-runner/main'
Running tests against moqt://draft-16-manish.cloudflare.mediaoverquic.com:443...
  Client: ghcr.io/englishm/moq-interop-runner-moq-test-client-draft-16:latest
docker run --rm \
	 \
	--network host \
	-e RELAY_URL=moqt://draft-16-manish.cloudflare.mediaoverquic.com:443 \
	-e TLS_DISABLE_VERIFY=false \
	ghcr.io/englishm/moq-interop-runner-moq-test-client-draft-16:latest
TAP version 14
# moq-test-client v0.1.0
# Relay: moqt://draft-16-manish.cloudflare.mediaoverquic.com:443
1..6
ok 1 - setup-only
  ---
  duration_ms: 295
  connection_id: 7601c8e0d02f06aa70aba662d0527b77
  ...
ok 2 - announce-only
  ---
  duration_ms: 2113
  connection_id: 5d48a16c6a639f43d938ea27be86d625
  ...
ok 3 - subscribe-error
  ---
  duration_ms: 119
  connection_id: 92ed9afc8fdf38b760832fb6d7e33fb1
  ...
ok 4 - announce-subscribe
  ---
  duration_ms: 3208
  publisher_connection_id: a94e266e6f8e8ce083045d21a4bdd8f9
  subscriber_connection_id: 26401dc175ce6f05cd1e2ffad5b1728a
  ...
ok 5 - subscribe-before-announce
  ---
  duration_ms: 3692
  subscriber_connection_id: 257e4c785b6d75d20986c4841be77d4e
  publisher_connection_id: ad1cdb10c5354cf920f3af8e4fea351e
  ...
ok 6 - publish-namespace-done
  ---
  duration_ms: 2213
  connection_id: c36937bec03e06a53dfea1e8c4130f9f
  ...
make[1]: Leaving directory '/home/runner/work/moq-interop-runner/moq-interop-runner/main'
