make[1]: Entering directory '/home/runner/work/moq-interop-runner/moq-interop-runner/main'
Running tests against https://draft-16-manish.cloudflare.mediaoverquic.com:443/moq...
  Client: ghcr.io/facebookexperimental/moxygen-interop-client:latest-amd64
docker run --rm \
	 \
	--network host \
	-e RELAY_URL=https://draft-16-manish.cloudflare.mediaoverquic.com:443/moq \
	-e TLS_DISABLE_VERIFY=false \
	ghcr.io/facebookexperimental/moxygen-interop-client:latest-amd64
TAP version 14
# moxygen interop test client
# Relay: https://draft-16-manish.cloudflare.mediaoverquic.com:443/moq
# Transport: WebTransport
1..6
W0531 00:51:58.781318     1 MoQWebTransportClient.cpp:173] WebTransport: No WT-Protocol header in response, will use legacy version negotiation
E0531 00:51:58.813651     1 MoQFramer.cpp:733] Server selected version draft-1 but we only offer draft-14 in legacy mode
E0531 00:51:58.813669     1 MoQCodec.cpp:126] Conn error=21
E0531 00:51:58.813673     1 MoQSession.cpp:4733] MoQCodec control stream parse error err=21
not ok 1 - setup-only
  ---
  duration_ms: 132
  error: coroutine operation cancelled
  ...
W0531 00:51:58.889680     1 MoQWebTransportClient.cpp:173] WebTransport: No WT-Protocol header in response, will use legacy version negotiation
E0531 00:51:58.922153     1 MoQFramer.cpp:733] Server selected version draft-1 but we only offer draft-14 in legacy mode
E0531 00:51:58.922170     1 MoQCodec.cpp:126] Conn error=21
E0531 00:51:58.922174     1 MoQSession.cpp:4733] MoQCodec control stream parse error err=21
not ok 2 - announce-only
  ---
  duration_ms: 108
  error: coroutine operation cancelled
  ...
W0531 00:51:58.986683     1 MoQWebTransportClient.cpp:173] WebTransport: No WT-Protocol header in response, will use legacy version negotiation
E0531 00:51:59.014619     1 MoQFramer.cpp:733] Server selected version draft-1 but we only offer draft-14 in legacy mode
E0531 00:51:59.014636     1 MoQCodec.cpp:126] Conn error=21
E0531 00:51:59.014640     1 MoQSession.cpp:4733] MoQCodec control stream parse error err=21
not ok 3 - subscribe-error
  ---
  duration_ms: 92
  error: coroutine operation cancelled
  ...
W0531 00:51:59.104431     1 MoQWebTransportClient.cpp:173] WebTransport: No WT-Protocol header in response, will use legacy version negotiation
E0531 00:51:59.137846     1 MoQFramer.cpp:733] Server selected version draft-1 but we only offer draft-14 in legacy mode
E0531 00:51:59.137863     1 MoQCodec.cpp:126] Conn error=21
E0531 00:51:59.137867     1 MoQSession.cpp:4733] MoQCodec control stream parse error err=21
not ok 4 - announce-subscribe
  ---
  duration_ms: 123
  error: coroutine operation cancelled
  ...
W0531 00:51:59.214266     1 MoQWebTransportClient.cpp:173] WebTransport: No WT-Protocol header in response, will use legacy version negotiation
E0531 00:51:59.246484     1 MoQFramer.cpp:733] Server selected version draft-1 but we only offer draft-14 in legacy mode
E0531 00:51:59.246505     1 MoQCodec.cpp:126] Conn error=21
E0531 00:51:59.246508     1 MoQSession.cpp:4733] MoQCodec control stream parse error err=21
not ok 5 - publish-namespace-done
  ---
  duration_ms: 108
  error: coroutine operation cancelled
  ...
W0531 00:51:59.321148     1 MoQWebTransportClient.cpp:173] WebTransport: No WT-Protocol header in response, will use legacy version negotiation
E0531 00:51:59.353283     1 MoQFramer.cpp:733] Server selected version draft-1 but we only offer draft-14 in legacy mode
E0531 00:51:59.353299     1 MoQCodec.cpp:126] Conn error=21
E0531 00:51:59.353303     1 MoQSession.cpp:4733] MoQCodec control stream parse error err=21
not ok 6 - subscribe-before-announce
  ---
  duration_ms: 106
  error: coroutine operation cancelled
  ...
make[1]: *** [Makefile:121: test-external] Error 1
make[1]: Leaving directory '/home/runner/work/moq-interop-runner/moq-interop-runner/main'
