make[1]: Entering directory '/home/runner/work/moq-interop-runner/moq-interop-runner/main'
Running tests against https://us-west-2.relay.quicr.org:33437/relay...
  Client: ghcr.io/facebookexperimental/moxygen-interop-client:latest-amd64
docker run --rm \
	 \
	--network host \
	-e RELAY_URL=https://us-west-2.relay.quicr.org:33437/relay \
	-e TLS_DISABLE_VERIFY=1 \
	ghcr.io/facebookexperimental/moxygen-interop-client:latest-amd64
TAP version 14
# moxygen interop test client
# Relay: https://us-west-2.relay.quicr.org:33437/relay
# Transport: WebTransport
1..6
W0531 01:14:45.939956     1 MoQWebTransportClient.cpp:173] WebTransport: No WT-Protocol header in response, will use legacy version negotiation
E0531 01:14:46.025029     1 MoQFramer.cpp:733] Server selected version draft-1 but we only offer draft-14 in legacy mode
E0531 01:14:46.025051     1 MoQCodec.cpp:126] Conn error=21
E0531 01:14:46.025055     1 MoQSession.cpp:4733] MoQCodec control stream parse error err=21
not ok 1 - setup-only
  ---
  duration_ms: 301
  error: coroutine operation cancelled
  ...
W0531 01:14:46.450966     1 MoQWebTransportClient.cpp:173] WebTransport: No WT-Protocol header in response, will use legacy version negotiation
E0531 01:14:46.536044     1 MoQFramer.cpp:733] Server selected version draft-1 but we only offer draft-14 in legacy mode
E0531 01:14:46.536069     1 MoQCodec.cpp:126] Conn error=21
E0531 01:14:46.536075     1 MoQSession.cpp:4733] MoQCodec control stream parse error err=21
not ok 2 - announce-only
  ---
  duration_ms: 510
  error: coroutine operation cancelled
  ...
W0531 01:14:46.711698     1 MoQWebTransportClient.cpp:173] WebTransport: No WT-Protocol header in response, will use legacy version negotiation
E0531 01:14:46.798000     1 MoQFramer.cpp:733] Server selected version draft-1 but we only offer draft-14 in legacy mode
E0531 01:14:46.798028     1 MoQCodec.cpp:126] Conn error=21
E0531 01:14:46.798033     1 MoQSession.cpp:4733] MoQCodec control stream parse error err=21
not ok 3 - subscribe-error
  ---
  duration_ms: 261
  error: coroutine operation cancelled
  ...
W0531 01:14:47.053151     1 MoQWebTransportClient.cpp:173] WebTransport: No WT-Protocol header in response, will use legacy version negotiation
E0531 01:14:47.139397     1 MoQFramer.cpp:733] Server selected version draft-1 but we only offer draft-14 in legacy mode
E0531 01:14:47.139419     1 MoQCodec.cpp:126] Conn error=21
E0531 01:14:47.139423     1 MoQSession.cpp:4733] MoQCodec control stream parse error err=21
not ok 4 - announce-subscribe
  ---
  duration_ms: 341
  error: coroutine operation cancelled
  ...
W0531 01:14:47.313857     1 MoQWebTransportClient.cpp:173] WebTransport: No WT-Protocol header in response, will use legacy version negotiation
E0531 01:14:47.399673     1 MoQFramer.cpp:733] Server selected version draft-1 but we only offer draft-14 in legacy mode
E0531 01:14:47.399701     1 MoQCodec.cpp:126] Conn error=21
E0531 01:14:47.399705     1 MoQSession.cpp:4733] MoQCodec control stream parse error err=21
not ok 5 - publish-namespace-done
  ---
  duration_ms: 260
  error: coroutine operation cancelled
  ...
W0531 01:14:47.578402     1 MoQWebTransportClient.cpp:173] WebTransport: No WT-Protocol header in response, will use legacy version negotiation
E0531 01:14:47.664438     1 MoQFramer.cpp:733] Server selected version draft-1 but we only offer draft-14 in legacy mode
E0531 01:14:47.664463     1 MoQCodec.cpp:126] Conn error=21
E0531 01:14:47.664467     1 MoQSession.cpp:4733] MoQCodec control stream parse error err=21
not ok 6 - subscribe-before-announce
  ---
  duration_ms: 264
  error: coroutine operation cancelled
  ...
make[1]: *** [Makefile:121: test-external] Error 1
make[1]: Leaving directory '/home/runner/work/moq-interop-runner/moq-interop-runner/main'
