make[1]: Entering directory '/home/runner/work/moq-interop-runner/moq-interop-runner/main'
Running tests against https://lminiero.it:9000...
  Client: ghcr.io/englishm/moq-interop-runner-moq-test-client-draft-16:latest
docker run --rm \
	--network host \
	-e RELAY_URL=https://lminiero.it:9000 \
	-e TLS_DISABLE_VERIFY=false \
	ghcr.io/englishm/moq-interop-runner-moq-test-client-draft-16:latest
TAP version 14
# moq-test-client v0.1.0
# Relay: https://lminiero.it:9000/
1..6
ok 1 - setup-only
  ---
  duration_ms: 750
  connection_id: 1d490d08548b94f6b0b3f90ea5a83677
  ...
ok 2 - announce-only
  ---
  duration_ms: 2554
  connection_id: c9d37717b1a1324012f0af99d7ee3bd8
  ...
ok 3 - subscribe-error
  ---
  duration_ms: 865
  connection_id: bad0730ba0cc737782f13a17b3f23c8c
  ...
ok 4 - announce-subscribe
  ---
  duration_ms: 4626
  publisher_connection_id: dcea89d87e562d50172f7e1e2dbcb872
  subscriber_connection_id: 55b1b292bc1c29716b132b5fd9b9e0cd
  ...
ok 5 - subscribe-before-announce
  ---
  duration_ms: 6011
  subscriber_connection_id: e8e5fd060ad7d67ec78eeaf6e61bf5fa
  publisher_connection_id: 901621261a8504c68f3265c4acab7d56
  ...
ok 6 - publish-namespace-done
  ---
  duration_ms: 2857
  connection_id: 8872ec39b7478afe2ef846b81e4b07c2
  ...
make[1]: Leaving directory '/home/runner/work/moq-interop-runner/moq-interop-runner/main'
