make[1]: Entering directory '/home/runner/work/moq-interop-runner/moq-interop-runner/main'
Running tests against moqt://us-west-2.relay.quicr.org:33437...
  Client: ghcr.io/englishm/moq-interop-runner-moq-test-client:latest
docker run --rm \
	--network host \
	-e RELAY_URL=moqt://us-west-2.relay.quicr.org:33437 \
	-e TLS_DISABLE_VERIFY=1 \
	ghcr.io/englishm/moq-interop-runner-moq-test-client:latest
TAP version 14
# moq-test-client v0.1.0
# Relay: moqt://us-west-2.relay.quicr.org:33437
1..6
ok 1 - setup-only
  ---
  duration_ms: 191
  connection_id: 757d9e188f1f6e48e4ac32572bd1c398
  ...
ok 2 - announce-only
  ---
  duration_ms: 2418
  connection_id: eba63da9bedc45612a466e6c7b503a53
  ...
not ok 3 - subscribe-error
  ---
  duration_ms: 10001
  message: "test timed out: deadline has elapsed"
  ...
ok 4 - announce-subscribe
  ---
  duration_ms: 3810
  publisher_connection_id: 95f8bce75ffdde3c52595424fa2e1a37
  subscriber_connection_id: 970f6a0f1a97ad0d47ecb4242b0065a2
  ...
ok 5 - subscribe-before-announce
  ---
  duration_ms: 4903
  subscriber_connection_id: b839517f445f775598695a1b89ec9675
  publisher_connection_id: 708754f6200d4174957d808b799a4c1f
  ...
ok 6 - publish-namespace-done
  ---
  duration_ms: 2276
  connection_id: 0d2bb07b7b9dc932cf21f1f4dc390ebe
  ...
make[1]: *** [Makefile:91: test-external] Error 1
make[1]: Leaving directory '/home/runner/work/moq-interop-runner/moq-interop-runner/main'
