make[1]: Entering directory '/home/runner/work/moq-interop-runner/moq-interop-runner/main'
Running tests against https://relay.moqtail.dev...
  Client: ghcr.io/englishm/moq-interop-runner-moq-test-client:latest
docker run --rm \
	--network host \
	-e RELAY_URL=https://relay.moqtail.dev \
	-e TLS_DISABLE_VERIFY=false \
	ghcr.io/englishm/moq-interop-runner-moq-test-client:latest
TAP version 14
# moq-test-client v0.1.0
# Relay: https://relay.moqtail.dev/
1..6
ok 1 - setup-only
  ---
  duration_ms: 201
  connection_id: ec36a8e69b13bd9f568f47bf8fe60907
  ...
ok 2 - announce-only
  ---
  duration_ms: 2129
  connection_id: 1c5d447e731e951c2f1a28b6e9e551c8
  ...
ok 3 - subscribe-error
  ---
  duration_ms: 129
  connection_id: 777e950ef9e9194881229d7b5e5973ad
  ...
ok 4 - announce-subscribe
  ---
  duration_ms: 377
  publisher_connection_id: 0b05c271e4e10c9acbfd68b546ad87bd
  subscriber_connection_id: 6b0728bb412bb98bf004318d6631b371
  ...
ok 5 - subscribe-before-announce
  ---
  duration_ms: 3843
  subscriber_connection_id: fc148df667937d2f0dbd61bcb75e4f04
  publisher_connection_id: af03310815614ba576caaf8c10448871
  ...
ok 6 - publish-namespace-done
  ---
  duration_ms: 2230
  connection_id: 8116d659a28e8dac47c30cbaca4961bc
  ...
make[1]: Leaving directory '/home/runner/work/moq-interop-runner/moq-interop-runner/main'
