make[1]: Entering directory '/home/runner/work/moq-interop-runner/moq-interop-runner/main'
Running tests against https://moqx-main.ci.openmoq.org:4433/moq-relay...
  Client: ghcr.io/gmarzot/aiomoqt:latest
docker run --rm \
	 \
	--network host \
	-e RELAY_URL=https://moqx-main.ci.openmoq.org:4433/moq-relay \
	-e TLS_DISABLE_VERIFY=false \
	ghcr.io/gmarzot/aiomoqt:latest
  [FAIL] setup-only: Failed: gaierror: [Errno -2] Name or service not known
  [PASS] announce-only: PUBLISH_NAMESPACE_OK received
  [PASS] publish-namespace-done: PUBLISH_NAMESPACE_OK received, PUBLISH_NAMESPACE_DONE sent
  [PASS] subscribe-error: Error received (expected): code=16
  [PASS] announce-subscribe: SUBSCRIBE_OK received — relay routed subscription
  [PASS] subscribe-before-announce: Error received (valid: relay didn't buffer): code=16
TAP version 14
# date: 2026-07-18T00:33:04Z
# ended: 2026-07-18T00:33:12Z
# target: https://moqx-main.ci.openmoq.org:4433/moq-relay
# version: aiomoqt/0.10.6
# note: preference probe: no offered draft reached SETUP; trying draft-18
1..6
not ok 1 - setup-only
  ---
  duration_ms: 964.6
  message: Failed: gaierror: [Errno -2] Name or service not known
  expected: SERVER_SETUP received
  received: gaierror: [Errno -2] Name or service not known
  ...
ok 2 - announce-only
  ---
  duration_ms: 425.1
  connection_id: unknown
  message: PUBLISH_NAMESPACE_OK received
  ...
ok 3 - publish-namespace-done
  ---
  duration_ms: 114.0
  connection_id: unknown
  message: PUBLISH_NAMESPACE_OK received, PUBLISH_NAMESPACE_DONE sent
  ...
ok 4 - subscribe-error
  ---
  duration_ms: 11.3
  connection_id: unknown
  message: Error received (expected): code=16
  expected: SUBSCRIBE_ERROR code=TRACK_DOES_NOT_EXIST
  ...
ok 5 - announce-subscribe
  ---
  duration_ms: 26.0
  publisher_connection_id: unknown
  subscriber_connection_id: unknown
  message: SUBSCRIBE_OK received — relay routed subscription
  ...
ok 6 - subscribe-before-announce
  ---
  duration_ms: 521.6
  publisher_connection_id: unknown
  subscriber_connection_id: unknown
  message: Error received (valid: relay didn't buffer): code=16
  ...
make[1]: *** [Makefile:121: test-external] Error 1
make[1]: Leaving directory '/home/runner/work/moq-interop-runner/moq-interop-runner/main'
