make[1]: Entering directory '/home/runner/work/moq-interop-runner/moq-interop-runner/main'
Running tests against https://draft-18-interop.cloudflare.mediaoverquic.com:443/moq...
  Client: ghcr.io/englishm/moq-interop-runner-imquic-moq-interop-test:latest
docker run --rm \
	 \
	--network host \
	-e RELAY_URL=https://draft-18-interop.cloudflare.mediaoverquic.com:443/moq \
	-e TLS_DISABLE_VERIFY=false \
	ghcr.io/englishm/moq-interop-runner-imquic-moq-interop-test:latest
TAP version 14
# imquic-moq-interop-test v0.0.2/alpha
# Relay: https://draft-18-interop.cloudflare.mediaoverquic.com:443/moq
1..6
ok 1 - setup-only
ok 2 - announce-only
ok 3 - publish-namespace-done
ok 4 - subscribe-error
ok 5 - announce-subscribe
make[1]: *** [Makefile:121: test-external] Error 139
make[1]: Leaving directory '/home/runner/work/moq-interop-runner/moq-interop-runner/main'
