make[1]: Entering directory '/home/runner/work/moq-interop-runner/moq-interop-runner/main'
Running tests against https://moqx-main.ci.openmoq.org:4433/moq-relay...
  Client: ghcr.io/englishm/moq-interop-runner-moq-test-client-draft-16:latest
docker run --rm \
	 \
	--network host \
	-e RELAY_URL=https://moqx-main.ci.openmoq.org:4433/moq-relay \
	-e TLS_DISABLE_VERIFY=false \
	ghcr.io/englishm/moq-interop-runner-moq-test-client-draft-16:latest
TAP version 14
# moq-test-client v0.1.0
# Relay: https://moqx-main.ci.openmoq.org:4433/moq-relay
1..6
ok 1 - setup-only
  ---
  duration_ms: 82
  connection_id: 7940b5e2cea5c9accc9f22659515959a
  ...
ok 2 - announce-only
  ---
  duration_ms: 2189
  connection_id: 2fefe2ede81a626e4d88d69c4218ce72
  ...
ok 3 - subscribe-error
  ---
  duration_ms: 101
  connection_id: ad0983d4f361a1cfe0844147d544d4cd
  ...
ok 4 - announce-subscribe
  ---
  duration_ms: 7292
  publisher_connection_id: bd12ce21a7ec5b4b63a4bc237d03a47b
  subscriber_connection_id: f8d5fc23d91e95a691e76b64033a707f
  ...
ok 5 - subscribe-before-announce
  ---
  duration_ms: 4646
  subscriber_connection_id: 2ec83dd145250ec81b887f2b791a4e0b
  publisher_connection_id: a9f1da75a568c6d07ae6dce4acfa9633
  ...
ok 6 - publish-namespace-done
  ---
  duration_ms: 2117
  connection_id: 9a28803410b8f6c518c7f57d88298612
  ...
make[1]: Leaving directory '/home/runner/work/moq-interop-runner/moq-interop-runner/main'
