make[1]: Entering directory '/home/runner/work/moq-interop-runner/moq-interop-runner/main'
Running tests against moqt://fb.mvfst.net:9448...
  Client: ghcr.io/englishm/moq-interop-runner-moq-test-client-draft-16:latest
docker run --rm \
	 \
	--network host \
	-e RELAY_URL=moqt://fb.mvfst.net:9448 \
	-e TLS_DISABLE_VERIFY=1 \
	ghcr.io/englishm/moq-interop-runner-moq-test-client-draft-16:latest
TAP version 14
# moq-test-client v0.1.0
# Relay: moqt://fb.mvfst.net:9448
1..6
ok 1 - setup-only
  ---
  duration_ms: 123
  connection_id: 7010d0639a762daf0eef699abdc76e67
  ...
ok 2 - announce-only
  ---
  duration_ms: 2061
  connection_id: 13230303a360a93e13a6331ed5e5b638
  ...
ok 3 - subscribe-error
  ---
  duration_ms: 183
  connection_id: d2fb9894de928a4b88e04aa3c8c674c5
  ...
not ok 4 - announce-subscribe
  ---
  duration_ms: 166
  message: "publisher session error: webtransport error: session error: connection error: closed by peer: 3: session error: connection error: closed by peer: 3: connection error: closed by peer: 3"
  ...
ok 5 - subscribe-before-announce
  ---
  duration_ms: 3620
  subscriber_connection_id: c55f1990ff7166077eee712db8fc7389
  publisher_connection_id: 9c567ed0fc96595e7c00c78f4c715e23
  ...
ok 6 - publish-namespace-done
  ---
  duration_ms: 2163
  connection_id: 0f88862917114c5995f6ac06b4c4357d
  ...
make[1]: *** [Makefile:121: test-external] Error 1
make[1]: Leaving directory '/home/runner/work/moq-interop-runner/moq-interop-runner/main'
