make[1]: Entering directory '/home/runner/work/moq-interop-runner/moq-interop-runner/main'
Running tests against https://lminiero.it:9000...
  Client: ghcr.io/englishm/moq-interop-runner-moq-test-client-draft-18:latest
docker run --rm \
	 \
	--network host \
	-e RELAY_URL=https://lminiero.it:9000 \
	-e TLS_DISABLE_VERIFY=false \
	ghcr.io/englishm/moq-interop-runner-moq-test-client-draft-18:latest
TAP version 14
# moq-test-client v0.1.6
# Relay: https://lminiero.it:9000/
1..6
[2m2026-07-18T00:55:43.005986Z[0m [32m INFO[0m [2mmoq_native_ietf::quic[0m[2m:[0m UDP socket bound [3mbind[0m[2m=[0m[::]:0 [3mlocal[0m[2m=[0m[::]:37635 [3mdual_stack[0m[2m=[0mtrue
[2m2026-07-18T00:55:43.715200Z[0m [32m INFO[0m [2mmoq_test_client::scenarios[0m[2m:[0m SETUP exchange completed successfully
ok 1 - setup-only
  ---
  duration_ms: 710
  connection_id: ae289795be835bc7a044ed2ee3d6584a
  ...
[2m2026-07-18T00:55:43.716090Z[0m [32m INFO[0m [2mmoq_native_ietf::quic[0m[2m:[0m UDP socket bound [3mbind[0m[2m=[0m[::]:0 [3mlocal[0m[2m=[0m[::]:37107 [3mdual_stack[0m[2m=[0mtrue
[2m2026-07-18T00:55:44.437840Z[0m [32m INFO[0m [2mmoq_test_client::scenarios[0m[2m:[0m Sending PUBLISH_NAMESPACE for: moq-test/interop
[2m2026-07-18T00:55:46.438498Z[0m [32m INFO[0m [2mmoq_test_client::scenarios[0m[2m:[0m PUBLISH_NAMESPACE succeeded (REQUEST_OK received, waiting for subscribers)
ok 2 - publish-namespace-only
  ---
  duration_ms: 2723
  connection_id: ac855ba86447f068088b076c9bfd5a48
  ...
[2m2026-07-18T00:55:46.439619Z[0m [32m INFO[0m [2mmoq_native_ietf::quic[0m[2m:[0m UDP socket bound [3mbind[0m[2m=[0m[::]:0 [3mlocal[0m[2m=[0m[::]:46093 [3mdual_stack[0m[2m=[0mtrue
[2m2026-07-18T00:55:47.282748Z[0m [32m INFO[0m [2mmoq_test_client::scenarios[0m[2m:[0m Subscribing to non-existent track: nonexistent/namespace/test-track
[2m2026-07-18T00:55:47.405256Z[0m [33m WARN[0m [2mmoq_transport::serve::error[0m[2m:[0m [0cf7190d-aebe-47ed-9d81-a095577f8cf4] Not found: Namespace not found at moq-transport/src/session/subscriber.rs:455
[2m2026-07-18T00:55:47.405291Z[0m [33m WARN[0m [2mmoq_transport::session::reader[0m[2m:[0m [READER] decode: stream ended while waiting for data (have=0 bytes, need=1)
[2m2026-07-18T00:55:47.405389Z[0m [32m INFO[0m [2mmoq_test_client::scenarios[0m[2m:[0m Got expected 'not found' error: not found: Track not found [error:0cf7190d-aebe-47ed-9d81-a095577f8cf4]
ok 3 - subscribe-error
  ---
  duration_ms: 966
  connection_id: 7794bfb89b428a93c014ab979f8bf28a
  ...
[2m2026-07-18T00:55:47.406482Z[0m [32m INFO[0m [2mmoq_native_ietf::quic[0m[2m:[0m UDP socket bound [3mbind[0m[2m=[0m[::]:0 [3mlocal[0m[2m=[0m[::]:45467 [3mdual_stack[0m[2m=[0mtrue
[2m2026-07-18T00:55:47.875168Z[0m [32m INFO[0m [2mmoq_native_ietf::quic[0m[2m:[0m UDP socket bound [3mbind[0m[2m=[0m[::]:0 [3mlocal[0m[2m=[0m[::]:41112 [3mdual_stack[0m[2m=[0mtrue
[2m2026-07-18T00:55:48.585498Z[0m [32m INFO[0m [2mmoq_test_client::scenarios[0m[2m:[0m Publisher sending PUBLISH_NAMESPACE: moq-test/interop
[2m2026-07-18T00:55:48.585524Z[0m [32m INFO[0m [2mmoq_test_client::scenarios[0m[2m:[0m Subscriber subscribing to track: moq-test/interop/test-track
[2m2026-07-18T00:55:48.708215Z[0m [33m WARN[0m [2mmoq_transport::serve::error[0m[2m:[0m [e0dbdbbb-1987-428b-978a-7e8765f1b742] Not found: Namespace not found at moq-transport/src/session/subscriber.rs:455
[2m2026-07-18T00:55:48.708244Z[0m [33m WARN[0m [2mmoq_transport::session::reader[0m[2m:[0m [READER] decode: stream ended while waiting for data (have=0 bytes, need=1)
[2m2026-07-18T00:55:48.708350Z[0m [32m INFO[0m [2mmoq_test_client::scenarios[0m[2m:[0m Subscriber got error: not found: Track not found [error:e0dbdbbb-1987-428b-978a-7e8765f1b742] - subscription was processed
ok 4 - publish-namespace-subscribe
  ---
  duration_ms: 1302
  publisher_connection_id: 2e66da166b8e872b86f2e3d51f71742d
  subscriber_connection_id: e80351e0c49c4754a80ad9bf84d65ecf
  ...
[2m2026-07-18T00:55:48.709270Z[0m [32m INFO[0m [2mmoq_native_ietf::quic[0m[2m:[0m UDP socket bound [3mbind[0m[2m=[0m[::]:0 [3mlocal[0m[2m=[0m[::]:51014 [3mdual_stack[0m[2m=[0mtrue
[2m2026-07-18T00:55:49.420414Z[0m [32m INFO[0m [2mmoq_test_client::scenarios[0m[2m:[0m Subscriber subscribing BEFORE PUBLISH_NAMESPACE: moq-test/interop/test-track
[2m2026-07-18T00:55:49.541560Z[0m [33m WARN[0m [2mmoq_transport::serve::error[0m[2m:[0m [d70bf8b1-8a92-4c61-b365-500eb216fdb4] Not found: Namespace not found at moq-transport/src/session/subscriber.rs:455
[2m2026-07-18T00:55:49.541586Z[0m [33m WARN[0m [2mmoq_transport::session::reader[0m[2m:[0m [READER] decode: stream ended while waiting for data (have=0 bytes, need=1)
[2m2026-07-18T00:55:49.922093Z[0m [32m INFO[0m [2mmoq_native_ietf::quic[0m[2m:[0m UDP socket bound [3mbind[0m[2m=[0m[::]:0 [3mlocal[0m[2m=[0m[::]:49799 [3mdual_stack[0m[2m=[0mtrue
[2m2026-07-18T00:55:50.391885Z[0m [32m INFO[0m [2mmoq_test_client::scenarios[0m[2m:[0m Publisher sending PUBLISH_NAMESPACE (after subscriber): moq-test/interop
[2m2026-07-18T00:55:53.393709Z[0m [32m INFO[0m [2mmoq_test_client::scenarios[0m[2m:[0m Publisher PUBLISH_NAMESPACE timeout (expected)
[2m2026-07-18T00:55:53.393729Z[0m [32m INFO[0m [2mmoq_test_client::scenarios[0m[2m:[0m Subscriber got error: not found: Track not found [error:d70bf8b1-8a92-4c61-b365-500eb216fdb4] (may be expected)
ok 5 - subscribe-before-publish-namespace
  ---
  duration_ms: 4685
  subscriber_connection_id: 18f37781c1bc9a0eb752a66a34f8ba92
  publisher_connection_id: 61669786cf7f8d21ddf9b29e832ab6cd
  ...
[2m2026-07-18T00:55:53.394685Z[0m [32m INFO[0m [2mmoq_native_ietf::quic[0m[2m:[0m UDP socket bound [3mbind[0m[2m=[0m[::]:0 [3mlocal[0m[2m=[0m[::]:46761 [3mdual_stack[0m[2m=[0mtrue
[2m2026-07-18T00:55:54.104507Z[0m [32m INFO[0m [2mmoq_test_client::scenarios[0m[2m:[0m Sending PUBLISH_NAMESPACE: moq-test/interop
[2m2026-07-18T00:55:56.105269Z[0m [32m INFO[0m [2mmoq_test_client::scenarios[0m[2m:[0m PUBLISH_NAMESPACE active; sending PUBLISH_NAMESPACE_DONE
[2m2026-07-18T00:55:56.206435Z[0m [32m INFO[0m [2mmoq_test_client::scenarios[0m[2m:[0m PUBLISH_NAMESPACE_DONE sent successfully
ok 6 - publish-namespace-done
  ---
  duration_ms: 2812
  connection_id: 617e50538f499fac23dcd4ad976f8b6e
  ...
make[1]: Leaving directory '/home/runner/work/moq-interop-runner/moq-interop-runner/main'
