make[1]: Entering directory '/home/runner/work/moq-interop-runner/moq-interop-runner/main'
Running tests against moqt://draft-18-interop.cloudflare.mediaoverquic.com:443...
  Client: ghcr.io/englishm/moq-interop-runner-moq-test-client-draft-18:latest
docker run --rm \
	 \
	--network host \
	-e RELAY_URL=moqt://draft-18-interop.cloudflare.mediaoverquic.com:443 \
	-e TLS_DISABLE_VERIFY=false \
	ghcr.io/englishm/moq-interop-runner-moq-test-client-draft-18:latest
TAP version 14
# moq-test-client v0.1.6
# Relay: moqt://draft-18-interop.cloudflare.mediaoverquic.com:443
1..6
[2m2026-07-18T00:57:54.650997Z[0m [32m INFO[0m [2mmoq_native_ietf::quic[0m[2m:[0m UDP socket bound [3mbind[0m[2m=[0m[::]:0 [3mlocal[0m[2m=[0m[::]:42043 [3mdual_stack[0m[2m=[0mtrue
[2m2026-07-18T00:57:54.927390Z[0m [32m INFO[0m [2mmoq_test_client::scenarios[0m[2m:[0m SETUP exchange completed successfully
ok 1 - setup-only
  ---
  duration_ms: 277
  connection_id: d1adfc47952cf76efa74d1d4859dbff3
  ...
[2m2026-07-18T00:57:54.928268Z[0m [32m INFO[0m [2mmoq_native_ietf::quic[0m[2m:[0m UDP socket bound [3mbind[0m[2m=[0m[::]:0 [3mlocal[0m[2m=[0m[::]:39907 [3mdual_stack[0m[2m=[0mtrue
[2m2026-07-18T00:57:55.272928Z[0m [32m INFO[0m [2mmoq_test_client::scenarios[0m[2m:[0m Sending PUBLISH_NAMESPACE for: moq-test/interop
[2m2026-07-18T00:57:57.275480Z[0m [32m INFO[0m [2mmoq_test_client::scenarios[0m[2m:[0m PUBLISH_NAMESPACE succeeded (REQUEST_OK received, waiting for subscribers)
ok 2 - publish-namespace-only
  ---
  duration_ms: 2348
  connection_id: adf78e74562549cb292e24f919e98ab8
  ...
[2m2026-07-18T00:57:57.276482Z[0m [32m INFO[0m [2mmoq_native_ietf::quic[0m[2m:[0m UDP socket bound [3mbind[0m[2m=[0m[::]:0 [3mlocal[0m[2m=[0m[::]:38725 [3mdual_stack[0m[2m=[0mtrue
[2m2026-07-18T00:57:57.457038Z[0m [32m INFO[0m [2mmoq_test_client::scenarios[0m[2m:[0m Subscribing to non-existent track: nonexistent/namespace/test-track
[2m2026-07-18T00:57:57.511158Z[0m [33m WARN[0m [2mmoq_transport::serve::error[0m[2m:[0m [2a60f927-cf3c-4f0b-80b0-7c79f4d19ee8] Not found: not found: Track not found [error:c4ea9cb9-d435-4bc3-bee1-f69879ef419f] at moq-transport/src/session/subscriber.rs:455
[2m2026-07-18T00:57:57.511241Z[0m [32m INFO[0m [2mmoq_test_client::scenarios[0m[2m:[0m Got expected 'not found' error: not found: Track not found [error:2a60f927-cf3c-4f0b-80b0-7c79f4d19ee8]
ok 3 - subscribe-error
  ---
  duration_ms: 235
  connection_id: 4dc39b7c47e7f1852b7a5be9e994087b
  ...
[2m2026-07-18T00:57:57.512060Z[0m [32m INFO[0m [2mmoq_native_ietf::quic[0m[2m:[0m UDP socket bound [3mbind[0m[2m=[0m[::]:0 [3mlocal[0m[2m=[0m[::]:53089 [3mdual_stack[0m[2m=[0mtrue
[2m2026-07-18T00:57:57.512488Z[0m [33m WARN[0m [2mmoq_transport::session::reader[0m[2m:[0m [READER] decode: stream ended while waiting for data (have=0 bytes, need=1)
[2m2026-07-18T00:57:57.720927Z[0m [32m INFO[0m [2mmoq_native_ietf::quic[0m[2m:[0m UDP socket bound [3mbind[0m[2m=[0m[::]:0 [3mlocal[0m[2m=[0m[::]:49725 [3mdual_stack[0m[2m=[0mtrue
[2m2026-07-18T00:57:57.896657Z[0m [32m INFO[0m [2mmoq_test_client::scenarios[0m[2m:[0m Publisher sending PUBLISH_NAMESPACE: moq-test/interop
[2m2026-07-18T00:57:57.896673Z[0m [32m INFO[0m [2mmoq_test_client::scenarios[0m[2m:[0m Subscriber subscribing to track: moq-test/interop/test-track
[2m2026-07-18T00:58:00.897738Z[0m [32m INFO[0m [2mmoq_test_client::scenarios[0m[2m:[0m Test timeout reached - subscription routing may still be in progress
ok 4 - publish-namespace-subscribe
  ---
  duration_ms: 3386
  publisher_connection_id: cc22df1a51179a11c1a3bfceeff040e9
  subscriber_connection_id: 69b6772fa8c0cd05261c7000fe646577
  ...
[2m2026-07-18T00:58:00.898589Z[0m [32m INFO[0m [2mmoq_native_ietf::quic[0m[2m:[0m UDP socket bound [3mbind[0m[2m=[0m[::]:0 [3mlocal[0m[2m=[0m[::]:42041 [3mdual_stack[0m[2m=[0mtrue
[2m2026-07-18T00:58:00.949515Z[0m [33m WARN[0m [2mmoq_transport::session::reader[0m[2m:[0m [READER] decode: stream ended while waiting for data (have=0 bytes, need=1)
[2m2026-07-18T00:58:01.066593Z[0m [32m INFO[0m [2mmoq_test_client::scenarios[0m[2m:[0m Subscriber subscribing BEFORE PUBLISH_NAMESPACE: moq-test/interop/test-track
[2m2026-07-18T00:58:01.120762Z[0m [33m WARN[0m [2mmoq_transport::serve::error[0m[2m:[0m [3086d87e-55f0-470b-a24e-c952592026c5] Not found: not found: Track not found [error:c922413b-55c0-4ec8-bc90-ba5b1f74ca48] at moq-transport/src/session/subscriber.rs:455
[2m2026-07-18T00:58:01.122033Z[0m [33m WARN[0m [2mmoq_transport::session::reader[0m[2m:[0m [READER] decode: stream ended while waiting for data (have=0 bytes, need=1)
[2m2026-07-18T00:58:01.568503Z[0m [32m INFO[0m [2mmoq_native_ietf::quic[0m[2m:[0m UDP socket bound [3mbind[0m[2m=[0m[::]:0 [3mlocal[0m[2m=[0m[::]:49087 [3mdual_stack[0m[2m=[0mtrue
[2m2026-07-18T00:58:01.840507Z[0m [32m INFO[0m [2mmoq_test_client::scenarios[0m[2m:[0m Publisher sending PUBLISH_NAMESPACE (after subscriber): moq-test/interop
[2m2026-07-18T00:58:04.841708Z[0m [32m INFO[0m [2mmoq_test_client::scenarios[0m[2m:[0m Publisher PUBLISH_NAMESPACE timeout (expected)
[2m2026-07-18T00:58:04.841738Z[0m [32m INFO[0m [2mmoq_test_client::scenarios[0m[2m:[0m Subscriber got error: not found: Track not found [error:3086d87e-55f0-470b-a24e-c952592026c5] (may be expected)
ok 5 - subscribe-before-publish-namespace
  ---
  duration_ms: 3944
  subscriber_connection_id: 68ea19a4e25404dd2bc8cbfaf8d287f3
  publisher_connection_id: 4e8c7f7f01efc88fc46c62221f844723
  ...
[2m2026-07-18T00:58:04.842703Z[0m [32m INFO[0m [2mmoq_native_ietf::quic[0m[2m:[0m UDP socket bound [3mbind[0m[2m=[0m[::]:0 [3mlocal[0m[2m=[0m[::]:44487 [3mdual_stack[0m[2m=[0mtrue
[2m2026-07-18T00:58:05.121038Z[0m [32m INFO[0m [2mmoq_test_client::scenarios[0m[2m:[0m Sending PUBLISH_NAMESPACE: moq-test/interop
[2m2026-07-18T00:58:07.122821Z[0m [32m INFO[0m [2mmoq_test_client::scenarios[0m[2m:[0m PUBLISH_NAMESPACE active; sending PUBLISH_NAMESPACE_DONE
[2m2026-07-18T00:58:07.223282Z[0m [32m INFO[0m [2mmoq_test_client::scenarios[0m[2m:[0m PUBLISH_NAMESPACE_DONE sent successfully
ok 6 - publish-namespace-done
  ---
  duration_ms: 2381
  connection_id: 7b7ce27345f32da9955df2f8028adfde
  ...
make[1]: Leaving directory '/home/runner/work/moq-interop-runner/moq-interop-runner/main'
