make[1]: Entering directory '/home/runner/work/moq-interop-runner/moq-interop-runner/main'
Running tests against moqt://lminiero.it:9000...
  Client: ghcr.io/openmoq/moqx-interop-client:latest
docker run --rm \
	 \
	--network host \
	-e RELAY_URL=moqt://lminiero.it:9000 \
	-e TLS_DISABLE_VERIFY=false \
	ghcr.io/openmoq/moqx-interop-client:latest
TAP version 14
# moxygen interop test client
# Relay: moqt://lminiero.it:9000
# Transport: QUIC
1..6
E0718 01:01:14.181899     1 MoQCodec.cpp:126] Conn error=3
E0718 01:01:14.181926     1 MoQSession.cpp:5259] MoQCodec control stream parse error err=3
not ok 1 - setup-only
  ---
  duration_ms: 505
  error: coroutine operation cancelled
  ...
E0718 01:01:14.547842     1 MoQCodec.cpp:126] Conn error=3
E0718 01:01:14.547868     1 MoQSession.cpp:5259] MoQCodec control stream parse error err=3
not ok 2 - announce-only
  ---
  duration_ms: 365
  error: coroutine operation cancelled
  ...
E0718 01:01:15.482491     1 MoQCodec.cpp:126] Conn error=3
E0718 01:01:15.482518     1 MoQSession.cpp:5259] MoQCodec control stream parse error err=3
not ok 3 - subscribe-error
  ---
  duration_ms: 934
  error: coroutine operation cancelled
  ...
E0718 01:01:16.746863     1 MoQCodec.cpp:126] Conn error=3
E0718 01:01:16.746888     1 MoQSession.cpp:5259] MoQCodec control stream parse error err=3
not ok 4 - announce-subscribe
  ---
  duration_ms: 1264
  error: coroutine operation cancelled
  ...
E0718 01:01:16.995796     1 MoQCodec.cpp:126] Conn error=3
E0718 01:01:16.995823     1 MoQSession.cpp:5259] MoQCodec control stream parse error err=3
not ok 5 - publish-namespace-done
  ---
  duration_ms: 248
  error: coroutine operation cancelled
  ...
E0718 01:01:17.243183     1 MoQCodec.cpp:126] Conn error=3
E0718 01:01:17.243207     1 MoQSession.cpp:5259] MoQCodec control stream parse error err=3
not ok 6 - subscribe-before-announce
  ---
  duration_ms: 247
  error: coroutine operation cancelled
  ...
make[1]: *** [Makefile:121: test-external] Error 1
make[1]: Leaving directory '/home/runner/work/moq-interop-runner/moq-interop-runner/main'
