make[1]: Entering directory '/home/runner/work/moq-interop-runner/moq-interop-runner/main'
Running tests against https://draft-18-interop.cloudflare.mediaoverquic.com:443/moq...
  Client: ghcr.io/openmoq/moqx-interop-client:latest
docker run --rm \
	 \
	--network host \
	-e RELAY_URL=https://draft-18-interop.cloudflare.mediaoverquic.com:443/moq \
	-e TLS_DISABLE_VERIFY=false \
	ghcr.io/openmoq/moqx-interop-client:latest
TAP version 14
# moxygen interop test client
# Relay: https://draft-18-interop.cloudflare.mediaoverquic.com:443/moq
# Transport: WebTransport
1..6
E0718 01:02:03.484958     1 MoQWebTransportClient.cpp:147] std::runtime_error: Error setting up WebTransport: proxygen::HTTPException: Got error=ApplicationError: No Error, Client closed by peer reason=
not ok 1 - setup-only
  ---
  duration_ms: 141
  error: Error setting up WebTransport: proxygen::HTTPException: Got error=ApplicationError: No Error, Client closed by peer reason=
  ...
E20260718 01:02:03.485232     1 HQSession.cpp:1848] Got error=Stream does not exist streamID=10 bufLen=1 readEOF=0
E0718 01:02:03.604711     1 MoQWebTransportClient.cpp:147] std::runtime_error: Error setting up WebTransport: proxygen::HTTPException: Got error=ApplicationError: No Error, Client closed by peer reason=
E20260718 01:02:03.605000     1 HQSession.cpp:1848] Got error=Stream does not exist streamID=10 bufLen=1 readEOF=0
not ok 2 - announce-only
  ---
  duration_ms: 118
  error: Error setting up WebTransport: proxygen::HTTPException: Got error=ApplicationError: No Error, Client closed by peer reason=
  ...
E0718 01:02:03.829019     1 MoQWebTransportClient.cpp:147] std::runtime_error: Error setting up WebTransport: proxygen::HTTPException: Got error=ApplicationError: No Error, Client closed by peer reason=
not ok 3 - subscribe-error
  ---
  duration_ms: 224
  error: Error setting up WebTransport: proxygen::HTTPException: Got error=ApplicationError: No Error, Client closed by peer reason=
  ...
E0718 01:02:03.946911     1 MoQWebTransportClient.cpp:147] std::runtime_error: Error setting up WebTransport: proxygen::HTTPException: Got error=ApplicationError: No Error, Client closed by peer reason=
E20260718 01:02:03.947165     1 HQSession.cpp:1848] Got error=Stream does not exist streamID=10 bufLen=1 readEOF=0
not ok 4 - announce-subscribe
  ---
  duration_ms: 117
  error: Error setting up WebTransport: proxygen::HTTPException: Got error=ApplicationError: No Error, Client closed by peer reason=
  ...
E0718 01:02:04.076217     1 MoQWebTransportClient.cpp:147] std::runtime_error: Error setting up WebTransport: proxygen::HTTPException: Got error=ApplicationError: No Error, Client closed by peer reason=
E20260718 01:02:04.076515     1 HQSession.cpp:1848] Got error=Stream does not exist streamID=10 bufLen=1 readEOF=0
not ok 5 - publish-namespace-done
  ---
  duration_ms: 129
  error: Error setting up WebTransport: proxygen::HTTPException: Got error=ApplicationError: No Error, Client closed by peer reason=
  ...
E0718 01:02:04.194836     1 MoQWebTransportClient.cpp:147] std::runtime_error: Error setting up WebTransport: proxygen::HTTPException: Got error=ApplicationError: No Error, Client closed by peer reason=
E20260718 01:02:04.195114     1 HQSession.cpp:1848] Got error=Stream does not exist streamID=10 bufLen=1 readEOF=0
not ok 6 - subscribe-before-announce
  ---
  duration_ms: 118
  error: Error setting up WebTransport: proxygen::HTTPException: Got error=ApplicationError: No Error, Client closed by peer reason=
  ...
make[1]: *** [Makefile:121: test-external] Error 1
make[1]: Leaving directory '/home/runner/work/moq-interop-runner/moq-interop-runner/main'
