make[1]: Entering directory '/home/runner/work/moq-interop-runner/moq-interop-runner/main'
Running tests against https://us-west-2.relay.quicr.org:33437/relay...
  Client: ghcr.io/facebookexperimental/moxygen-interop-client:latest-amd64
docker run --rm \
	 \
	--network host \
	-e RELAY_URL=https://us-west-2.relay.quicr.org:33437/relay \
	-e TLS_DISABLE_VERIFY=1 \
	ghcr.io/facebookexperimental/moxygen-interop-client:latest-amd64
TAP version 14
# moxygen interop test client
# Relay: https://us-west-2.relay.quicr.org:33437/relay
# Transport: WebTransport
1..6
W0718 01:34:03.692108     1 MoQWebTransportClient.cpp:175] WebTransport: No WT-Protocol header in response, will use legacy version negotiation
E0718 01:34:03.757051     1 MoQFramer.cpp:1064] Server selected version draft-1 but we only offer draft-14 in legacy mode
E0718 01:34:03.757069     1 MoQCodec.cpp:126] Conn error=21
E0718 01:34:03.757073     1 MoQSession.cpp:5259] MoQCodec control stream parse error err=21
not ok 1 - setup-only
  ---
  duration_ms: 228
  error: coroutine operation cancelled
  ...
W0718 01:34:03.890799     1 MoQWebTransportClient.cpp:175] WebTransport: No WT-Protocol header in response, will use legacy version negotiation
E0718 01:34:03.956124     1 MoQFramer.cpp:1064] Server selected version draft-1 but we only offer draft-14 in legacy mode
E0718 01:34:03.956136     1 MoQCodec.cpp:126] Conn error=21
E0718 01:34:03.956139     1 MoQSession.cpp:5259] MoQCodec control stream parse error err=21
not ok 2 - announce-only
  ---
  duration_ms: 198
  error: coroutine operation cancelled
  ...
W0718 01:34:04.090380     1 MoQWebTransportClient.cpp:175] WebTransport: No WT-Protocol header in response, will use legacy version negotiation
E0718 01:34:04.155719     1 MoQFramer.cpp:1064] Server selected version draft-1 but we only offer draft-14 in legacy mode
E0718 01:34:04.155734     1 MoQCodec.cpp:126] Conn error=21
E0718 01:34:04.155738     1 MoQSession.cpp:5259] MoQCodec control stream parse error err=21
not ok 3 - subscribe-error
  ---
  duration_ms: 199
  error: coroutine operation cancelled
  ...
W0718 01:34:04.285617     1 MoQWebTransportClient.cpp:175] WebTransport: No WT-Protocol header in response, will use legacy version negotiation
E0718 01:34:04.349110     1 MoQFramer.cpp:1064] Server selected version draft-1 but we only offer draft-14 in legacy mode
E0718 01:34:04.349123     1 MoQCodec.cpp:126] Conn error=21
E0718 01:34:04.349126     1 MoQSession.cpp:5259] MoQCodec control stream parse error err=21
not ok 4 - announce-subscribe
  ---
  duration_ms: 193
  error: coroutine operation cancelled
  ...
W0718 01:34:04.478927     1 MoQWebTransportClient.cpp:175] WebTransport: No WT-Protocol header in response, will use legacy version negotiation
E0718 01:34:04.542610     1 MoQFramer.cpp:1064] Server selected version draft-1 but we only offer draft-14 in legacy mode
E0718 01:34:04.542622     1 MoQCodec.cpp:126] Conn error=21
E0718 01:34:04.542625     1 MoQSession.cpp:5259] MoQCodec control stream parse error err=21
not ok 5 - publish-namespace-done
  ---
  duration_ms: 193
  error: coroutine operation cancelled
  ...
W0718 01:34:04.676113     1 MoQWebTransportClient.cpp:175] WebTransport: No WT-Protocol header in response, will use legacy version negotiation
E0718 01:34:04.741540     1 MoQFramer.cpp:1064] Server selected version draft-1 but we only offer draft-14 in legacy mode
E0718 01:34:04.741553     1 MoQCodec.cpp:126] Conn error=21
E0718 01:34:04.741555     1 MoQSession.cpp:5259] MoQCodec control stream parse error err=21
not ok 6 - subscribe-before-announce
  ---
  duration_ms: 198
  error: coroutine operation cancelled
  ...
make[1]: *** [Makefile:121: test-external] Error 1
make[1]: Leaving directory '/home/runner/work/moq-interop-runner/moq-interop-runner/main'
