make[1]: Entering directory '/home/runner/work/moq-interop-runner/moq-interop-runner/main'
Running tests against https://us-west-2.relay.quicr.org:33437/relay...
  Client: ghcr.io/englishm/moq-interop-runner-moq-test-client:latest
docker run --rm \
	--network host \
	-e RELAY_URL=https://us-west-2.relay.quicr.org:33437/relay \
	-e TLS_DISABLE_VERIFY=1 \
	ghcr.io/englishm/moq-interop-runner-moq-test-client:latest
TAP version 14
# moq-test-client v0.1.0
# Relay: https://us-west-2.relay.quicr.org:33437/relay
1..6
ok 1 - setup-only
  ---
  duration_ms: 281
  connection_id: d0fc6594479582918fe01ee4a384b27d
  ...
ok 2 - announce-only
  ---
  duration_ms: 2261
  connection_id: 7905a696a4293aa56f7920a799c6a18b
  ...
not ok 3 - subscribe-error
  ---
  duration_ms: 10001
  message: "test timed out: deadline has elapsed"
  ...
ok 4 - announce-subscribe
  ---
  duration_ms: 3502
  publisher_connection_id: fbdeda6a6fe3482319782f52ab3d59a6
  subscriber_connection_id: 9d9d6fc401e362f657958530a475476b
  ...
ok 5 - subscribe-before-announce
  ---
  duration_ms: 5039
  subscriber_connection_id: d08a361dfc7cabb7f79bfc7e99fc3aba
  publisher_connection_id: d9d821f9324eec6038982558f06aebeb
  ...
ok 6 - publish-namespace-done
  ---
  duration_ms: 2282
  connection_id: 7f234e68e041ec423a7a34caa42199f3
  ...
make[1]: *** [Makefile:91: test-external] Error 1
make[1]: Leaving directory '/home/runner/work/moq-interop-runner/moq-interop-runner/main'
