make[1]: Entering directory '/home/runner/work/moq-interop-runner/moq-interop-runner/main'
Running tests against moqt://lminiero.it:9000...
  Client: ghcr.io/englishm/moq-interop-runner-moq-test-client-draft-16:latest
docker run --rm \
	--network host \
	-e RELAY_URL=moqt://lminiero.it:9000 \
	-e TLS_DISABLE_VERIFY=false \
	ghcr.io/englishm/moq-interop-runner-moq-test-client-draft-16:latest
TAP version 14
# moq-test-client v0.1.0
# Relay: moqt://lminiero.it:9000
1..6
ok 1 - setup-only
  ---
  duration_ms: 356
  connection_id: f58b0fd0950cde9e2369f70fc0785bfd
  ...
not ok 2 - announce-only
  ---
  duration_ms: 479
  message: "session error: decode error: invalid message: 0: invalid message: 0"
  ...
[2026-03-14T18:44:51Z ERROR moq_transport::session::reader] [READER] decode: ERROR decoding moq_transport::message::Message - InvalidMessage(0) (buffer_len=29)
not ok 3 - subscribe-error
  ---
  duration_ms: 10001
  message: "test timed out: deadline has elapsed"
  ...
[2026-03-14T18:45:02Z ERROR moq_transport::session::reader] [READER] decode: ERROR decoding moq_transport::message::Message - InvalidMessage(36) (buffer_len=30)
not ok 4 - announce-subscribe
  ---
  duration_ms: 1067
  message: "publisher session error: decode error: invalid message: 36: invalid message: 36"
  ...
ok 5 - subscribe-before-announce
  ---
  duration_ms: 5446
  subscriber_connection_id: a7cab1ea7e4c141ad911f193cf321bad
  publisher_connection_id: 3519f7cb6ce9c222538044475ec78f04
  ...
ok 6 - publish-namespace-done
  ---
  duration_ms: 2464
  connection_id: 6c8b7fea3e625693e08623cd4faa194e
  ...
make[1]: *** [Makefile:91: test-external] Error 1
make[1]: Leaving directory '/home/runner/work/moq-interop-runner/moq-interop-runner/main'
