make[1]: Entering directory '/home/runner/work/moq-interop-runner/moq-interop-runner/main'
Running tests against moqt://fb.mvfst.net:9448...
  Client: ghcr.io/englishm/moq-interop-runner-moq-test-client:latest
docker run --rm \
	--network host \
	-e RELAY_URL=moqt://fb.mvfst.net:9448 \
	-e TLS_DISABLE_VERIFY=1 \
	ghcr.io/englishm/moq-interop-runner-moq-test-client:latest
TAP version 14
# moq-test-client v0.1.0
# Relay: moqt://fb.mvfst.net:9448
1..6
ok 1 - setup-only
  ---
  duration_ms: 43
  connection_id: ab6beef4a9ba549347ee429ab8b9f089
  ...
ok 2 - announce-only
  ---
  duration_ms: 2036
  connection_id: 6d86d2b6eee8f644c42304bb9ba80d40
  ...
ok 3 - subscribe-error
  ---
  duration_ms: 77
  connection_id: 92aa99892ee9f5b18419af2c6c143feb
  ...
ok 4 - announce-subscribe
  ---
  duration_ms: 3072
  publisher_connection_id: 82f105ee488fb8d9b1a2804b23351e53
  subscriber_connection_id: a3be27200ac77e487535f717d1a3cb3b
  ...
ok 5 - subscribe-before-announce
  ---
  duration_ms: 3676
  subscriber_connection_id: f7d5f20f61351e3e164a95e46a3449df
  publisher_connection_id: 98cfeb0e1b8246bc6f6c77c0381fdd53
  ...
ok 6 - publish-namespace-done
  ---
  duration_ms: 2141
  connection_id: b330e0d951bf3f163777c7e64d4470ea
  ...
make[1]: Leaving directory '/home/runner/work/moq-interop-runner/moq-interop-runner/main'
