make[1]: Entering directory '/home/runner/work/moq-interop-runner/moq-interop-runner/main'
Running tests against moqt://us-west-2.relay.quicr.org:33437...
  Client: ghcr.io/englishm/moq-interop-runner-moq-test-client:latest
docker run --rm \
	--network host \
	-e RELAY_URL=moqt://us-west-2.relay.quicr.org:33437 \
	-e TLS_DISABLE_VERIFY=1 \
	ghcr.io/englishm/moq-interop-runner-moq-test-client:latest
TAP version 14
# moq-test-client v0.1.0
# Relay: moqt://us-west-2.relay.quicr.org:33437
1..6
ok 1 - setup-only
  ---
  duration_ms: 143
  connection_id: 0f4e0609ca1f73b347048c06a67108e2
  ...
ok 2 - announce-only
  ---
  duration_ms: 2125
  connection_id: ff3a72671fe72ad4ff8d53a115dd79c6
  ...
not ok 3 - subscribe-error
  ---
  duration_ms: 10001
  message: "test timed out: deadline has elapsed"
  ...
ok 4 - announce-subscribe
  ---
  duration_ms: 3249
  publisher_connection_id: ee61b031363d4ee206aef89722435614
  subscriber_connection_id: 36ac5ccffffe3daac5df76631e236537
  ...
ok 5 - subscribe-before-announce
  ---
  duration_ms: 4750
  subscriber_connection_id: cc924ac1a7e40032afea762c6407f44e
  publisher_connection_id: 31a23057b3cf3a235c9b62899a780714
  ...
ok 6 - publish-namespace-done
  ---
  duration_ms: 2232
  connection_id: 1185abbe5e08b6a075540083edca8d73
  ...
make[1]: *** [Makefile:91: test-external] Error 1
make[1]: Leaving directory '/home/runner/work/moq-interop-runner/moq-interop-runner/main'
