make[1]: Entering directory '/home/runner/work/moq-interop-runner/moq-interop-runner/main'
Running tests against https://draft-14.cloudflare.mediaoverquic.com:443/moq...
  Client: ghcr.io/englishm/moq-interop-runner-moq-test-client:latest
docker run --rm \
	--network host \
	-e RELAY_URL=https://draft-14.cloudflare.mediaoverquic.com:443/moq \
	-e TLS_DISABLE_VERIFY=false \
	ghcr.io/englishm/moq-interop-runner-moq-test-client:latest
TAP version 14
# moq-test-client v0.1.0
# Relay: https://draft-14.cloudflare.mediaoverquic.com/moq
1..6
ok 1 - setup-only
  ---
  duration_ms: 30
  connection_id: d372afe741747782fa14bdde8fa78b2e
  ...
ok 2 - announce-only
  ---
  duration_ms: 2029
  connection_id: 21745400c43128f92d78dbd32096751f
  ...
ok 3 - subscribe-error
  ---
  duration_ms: 113
  connection_id: 7ac0c25286b88fa8591da4c7883e1c8f
  ...
ok 4 - announce-subscribe
  ---
  duration_ms: 3024
  publisher_connection_id: 66a4bc790b2c46723b37bde3c7d2f5fb
  subscriber_connection_id: 2a21a2c3d023cc549a8105082dcd6c52
  ...
ok 5 - subscribe-before-announce
  ---
  duration_ms: 3530
  subscriber_connection_id: 4262787bddaedeebbab6c96d1155623f
  publisher_connection_id: b0b628e46fb54437efa8c5d73c42f642
  ...
ok 6 - publish-namespace-done
  ---
  duration_ms: 2112
  connection_id: 84d3ac80b00f09832e51be5844911789
  ...
make[1]: Leaving directory '/home/runner/work/moq-interop-runner/moq-interop-runner/main'
