make[1]: Entering directory '/home/runner/work/moq-interop-runner/moq-interop-runner/main'
Running tests against moqt://draft-16-manish.cloudflare.mediaoverquic.com:443...
  Client: ghcr.io/englishm/moq-interop-runner-moq-test-client-draft-16:latest
docker run --rm \
	--network host \
	-e RELAY_URL=moqt://draft-16-manish.cloudflare.mediaoverquic.com:443 \
	-e TLS_DISABLE_VERIFY=false \
	ghcr.io/englishm/moq-interop-runner-moq-test-client-draft-16:latest
TAP version 14
# moq-test-client v0.1.0
# Relay: moqt://draft-16-manish.cloudflare.mediaoverquic.com:443
1..6
ok 1 - setup-only
  ---
  duration_ms: 291
  connection_id: f4b9999c817112f1a751f90d5caf87b0
  ...
ok 2 - announce-only
  ---
  duration_ms: 2044
  connection_id: 1766e12137af09cd66ccdc986e6bc6f9
  ...
ok 3 - subscribe-error
  ---
  duration_ms: 163
  connection_id: 35a4aaf4f030a9693e64deda4e3f3a90
  ...
ok 4 - announce-subscribe
  ---
  duration_ms: 88
  publisher_connection_id: 65760773f7aedd183a316eb9e7684771
  subscriber_connection_id: bfb8a21bdc74399e6a64eec63867db13
  ...
ok 5 - subscribe-before-announce
  ---
  duration_ms: 3588
  subscriber_connection_id: aad6eb7f1233805e088fad73ea36d526
  publisher_connection_id: 9db191bb32511064533976cd43dcd9a6
  ...
ok 6 - publish-namespace-done
  ---
  duration_ms: 2168
  connection_id: 13fa3802e85f1a3f5997085b0e906a8a
  ...
make[1]: Leaving directory '/home/runner/work/moq-interop-runner/moq-interop-runner/main'
