make[1]: Entering directory '/home/runner/work/moq-interop-runner/moq-interop-runner/main'
Running tests against https://lminiero.it:9000...
  Client: ghcr.io/englishm/moq-interop-runner-moq-test-client-draft-16:latest
docker run --rm \
	--network host \
	-e RELAY_URL=https://lminiero.it:9000 \
	-e TLS_DISABLE_VERIFY=false \
	ghcr.io/englishm/moq-interop-runner-moq-test-client-draft-16:latest
TAP version 14
# moq-test-client v0.1.0
# Relay: https://lminiero.it:9000/
1..6
ok 1 - setup-only
  ---
  duration_ms: 1045
  connection_id: b6e1a1c2c904ced29988f8edfb669fe6
  ...
ok 2 - announce-only
  ---
  duration_ms: 2967
  connection_id: 4de99e05a9ec8bdc92e06d1d95627da3
  ...
ok 3 - subscribe-error
  ---
  duration_ms: 1041
  connection_id: d2a07215546b22b8a7802fcf638c1a8c
  ...
ok 4 - announce-subscribe
  ---
  duration_ms: 4280
  publisher_connection_id: 5dcf8a8859b065806c3a4e157f3ed73b
  subscriber_connection_id: 63193f0915793c4c65409c8bbf16573c
  ...
ok 5 - subscribe-before-announce
  ---
  duration_ms: 5989
  subscriber_connection_id: 2e8c12ad902c8cba167fbef427308c41
  publisher_connection_id: c886b971b028d84016c7c839b63b9ca4
  ...
ok 6 - publish-namespace-done
  ---
  duration_ms: 2909
  connection_id: 623958de5baf6a1225b4168878b2b07c
  ...
make[1]: Leaving directory '/home/runner/work/moq-interop-runner/moq-interop-runner/main'
