make[1]: Entering directory '/home/runner/work/moq-interop-runner/moq-interop-runner/main'
Running tests against https://fb.mvfst.net:9448/moq-relay...
  Client: ghcr.io/englishm/moq-interop-runner-moq-test-client:latest
docker run --rm \
	--network host \
	-e RELAY_URL=https://fb.mvfst.net:9448/moq-relay \
	-e TLS_DISABLE_VERIFY=1 \
	ghcr.io/englishm/moq-interop-runner-moq-test-client:latest
TAP version 14
# moq-test-client v0.1.0
# Relay: https://fb.mvfst.net:9448/moq-relay
1..6
ok 1 - setup-only
  ---
  duration_ms: 128
  connection_id: 50ebc84a4488b6430736cbb4c25094b4
  ...
ok 2 - announce-only
  ---
  duration_ms: 2088
  connection_id: b555e02dae85d4083a88be9665e6ab02
  ...
ok 3 - subscribe-error
  ---
  duration_ms: 167
  connection_id: b408a445f8c6b7a4ef228714ac325892
  ...
ok 4 - announce-subscribe
  ---
  duration_ms: 3248
  publisher_connection_id: cd8bbe10ab9d8b34521d06468afe6555
  subscriber_connection_id: 0d8b2d64da28bd90c75fc62ccbc3a21b
  ...
ok 5 - subscribe-before-announce
  ---
  duration_ms: 3641
  subscriber_connection_id: 0f0db6cce58d7a1f0647a94da16a0b74
  publisher_connection_id: bb59a758d6da165a89703bcf96f09df6
  ...
ok 6 - publish-namespace-done
  ---
  duration_ms: 2152
  connection_id: 36751e1bab401f67ca2e08918f48f81d
  ...
make[1]: Leaving directory '/home/runner/work/moq-interop-runner/moq-interop-runner/main'
