make[1]: Entering directory '/home/runner/work/moq-interop-runner/moq-interop-runner/main'
Running tests against https://lminiero.it:9000...
  Client: ghcr.io/englishm/moq-interop-runner-moq-test-client-draft-16:latest
docker run --rm \
	--network host \
	-e RELAY_URL=https://lminiero.it:9000 \
	-e TLS_DISABLE_VERIFY=false \
	ghcr.io/englishm/moq-interop-runner-moq-test-client-draft-16:latest
TAP version 14
# moq-test-client v0.1.0
# Relay: https://lminiero.it:9000/
1..6
ok 1 - setup-only
  ---
  duration_ms: 1149
  connection_id: f82c4dcc30ea8765ba59fe5c420b296b
  ...
ok 2 - announce-only
  ---
  duration_ms: 3136
  connection_id: 7de22333601d302ac20ec8afbd26fa51
  ...
ok 3 - subscribe-error
  ---
  duration_ms: 1466
  connection_id: b1d57aedfd37bc1805dd9cd5180e4020
  ...
not ok 4 - announce-subscribe
  ---
  duration_ms: 10001
  message: "test timed out: deadline has elapsed"
  ...
ok 5 - subscribe-before-announce
  ---
  duration_ms: 6473
  subscriber_connection_id: eb8d11ecf28ecac4417c5a1d06fbae79
  publisher_connection_id: 6013173d98de04f50a467dcc17d3b5c6
  ...
not ok 6 - publish-namespace-done
  ---
  duration_ms: 10001
  message: "test timed out: deadline has elapsed"
  ...
make[1]: *** [Makefile:91: test-external] Error 1
make[1]: Leaving directory '/home/runner/work/moq-interop-runner/moq-interop-runner/main'
