make[1]: Entering directory '/home/runner/work/moq-interop-runner/moq-interop-runner/main'
Running tests against moqt://lminiero.it:9000...
  Client: ghcr.io/englishm/moq-interop-runner-moq-test-client-draft-16:latest
docker run --rm \
	--network host \
	-e RELAY_URL=moqt://lminiero.it:9000 \
	-e TLS_DISABLE_VERIFY=false \
	ghcr.io/englishm/moq-interop-runner-moq-test-client-draft-16:latest
TAP version 14
# moq-test-client v0.1.0
# Relay: moqt://lminiero.it:9000
1..6
ok 1 - setup-only
  ---
  duration_ms: 823
  connection_id: 70f4c2f5ddf49ff03af6a51ee1519d87
  ...
ok 2 - announce-only
  ---
  duration_ms: 2853
  connection_id: 084ff133f8d99e2ef21178d557b9e57f
  ...
ok 3 - subscribe-error
  ---
  duration_ms: 1142
  connection_id: 8fca385c32bb7a388e99ade121b7eecc
  ...
ok 4 - announce-subscribe
  ---
  duration_ms: 4329
  publisher_connection_id: 601d407bdfad860fc95980b4c56be4c6
  subscriber_connection_id: 0fe79d23c50c753ac5e940b2f3a33f29
  ...
ok 5 - subscribe-before-announce
  ---
  duration_ms: 5513
  subscriber_connection_id: 19a05441bc50dd56c0b30328422aeaab
  publisher_connection_id: f4f2cd3489d3120ffb6f687107578a9f
  ...
ok 6 - publish-namespace-done
  ---
  duration_ms: 3717
  connection_id: 1478678b5f02f32d6b30afb265ec5631
  ...
make[1]: Leaving directory '/home/runner/work/moq-interop-runner/moq-interop-runner/main'
