make[1]: Entering directory '/home/runner/work/moq-interop-runner/moq-interop-runner/main'
Running tests against moqt://fb.mvfst.net:9448...
  Client: ghcr.io/englishm/moq-interop-runner-moq-test-client:latest
docker run --rm \
	--network host \
	-e RELAY_URL=moqt://fb.mvfst.net:9448 \
	-e TLS_DISABLE_VERIFY=1 \
	ghcr.io/englishm/moq-interop-runner-moq-test-client:latest
TAP version 14
# moq-test-client v0.1.0
# Relay: moqt://fb.mvfst.net:9448
1..6
ok 1 - setup-only
  ---
  duration_ms: 149
  connection_id: b79c8de70430bdc224902b3cd35f9f49
  ...
ok 2 - announce-only
  ---
  duration_ms: 2186
  connection_id: 27254e1d6c507732632f28dbf5c0182d
  ...
ok 3 - subscribe-error
  ---
  duration_ms: 235
  connection_id: 4f987bacb06df73e0825204d60a90a01
  ...
ok 4 - announce-subscribe
  ---
  duration_ms: 3254
  publisher_connection_id: c4fed983316d207c7ca1806b3b6c180c
  subscriber_connection_id: b5b9ec773d6526acd06a60098b471854
  ...
ok 5 - subscribe-before-announce
  ---
  duration_ms: 3783
  subscriber_connection_id: 978c3717bfc7202ad3b502f627217658
  publisher_connection_id: 3137230c12b9453ee7667dfd52591060
  ...
ok 6 - publish-namespace-done
  ---
  duration_ms: 2232
  connection_id: e6f8f272537caae98f1cc712dc04a18d
  ...
make[1]: Leaving directory '/home/runner/work/moq-interop-runner/moq-interop-runner/main'
