make[1]: Entering directory '/home/runner/work/moq-interop-runner/moq-interop-runner/main'
Running tests against moqt://us-west-2.relay.quicr.org:33437...
  Client: ghcr.io/englishm/moq-interop-runner-moq-test-client:latest
docker run --rm \
	--network host \
	-e RELAY_URL=moqt://us-west-2.relay.quicr.org:33437 \
	-e TLS_DISABLE_VERIFY=1 \
	ghcr.io/englishm/moq-interop-runner-moq-test-client:latest
TAP version 14
# moq-test-client v0.1.0
# Relay: moqt://us-west-2.relay.quicr.org:33437
1..6
ok 1 - setup-only
  ---
  duration_ms: 58
  connection_id: fdf5f4a670b94c6d84593b9698b26dd8
  ...
ok 2 - announce-only
  ---
  duration_ms: 2055
  connection_id: fb716473e6b0c57ed0c7adaf77cc06e2
  ...
not ok 3 - subscribe-error
  ---
  duration_ms: 10001
  message: "test timed out: deadline has elapsed"
  ...
ok 4 - announce-subscribe
  ---
  duration_ms: 3095
  publisher_connection_id: 9d10a27c3a3d290680f522abf99a9122
  subscriber_connection_id: bf9106954bf4ff1d7c7d4625722b7367
  ...
ok 5 - subscribe-before-announce
  ---
  duration_ms: 4593
  subscriber_connection_id: f73d214f6dc1b1d622bc3ad33d6b4930
  publisher_connection_id: 35a80c67e3ef54cc40036b802ae6583d
  ...
ok 6 - publish-namespace-done
  ---
  duration_ms: 2149
  connection_id: f24b1a4cf0e94fe4de40353b0a67c571
  ...
make[1]: *** [Makefile:91: test-external] Error 1
make[1]: Leaving directory '/home/runner/work/moq-interop-runner/moq-interop-runner/main'
