make[1]: Entering directory '/home/runner/work/moq-interop-runner/moq-interop-runner/main'
Running tests against moqt://lminiero.it:9000...
  Client: ghcr.io/gmarzot/aiomoqt:latest
docker run --rm \
	 \
	--network host \
	-e RELAY_URL=moqt://lminiero.it:9000 \
	-e TLS_DISABLE_VERIFY=false \
	ghcr.io/gmarzot/aiomoqt:latest
2026-05-26 01:03:32.988 ERROR: QUIC error: code: 376 reason: ConnectionTerminated
2026-05-26 01:03:32.988 ERROR: MOQT error: closing: ConnectionTerminated (376)
  [FAIL] setup-only: Failed: 
2026-05-26 01:03:34.991 ERROR: QUIC error: code: 376 reason: ConnectionTerminated
2026-05-26 01:03:34.992 ERROR: MOQT error: closing: ConnectionTerminated (376)
  [FAIL] announce-only: Failed: 
2026-05-26 01:03:36.995 ERROR: QUIC error: code: 376 reason: ConnectionTerminated
2026-05-26 01:03:36.995 ERROR: MOQT error: closing: ConnectionTerminated (376)
  [FAIL] publish-namespace-done: Failed: 
2026-05-26 01:03:39.003 ERROR: QUIC error: code: 376 reason: ConnectionTerminated
2026-05-26 01:03:39.003 ERROR: MOQT error: closing: ConnectionTerminated (376)
  [FAIL] subscribe-error: Failed: 
2026-05-26 01:03:40.995 ERROR: QUIC error: code: 376 reason: ConnectionTerminated
2026-05-26 01:03:40.995 ERROR: MOQT error: closing: ConnectionTerminated (376)
  [FAIL] announce-subscribe: Failed: 
2026-05-26 01:03:44.000 ERROR: QUIC error: code: 376 reason: ConnectionTerminated
2026-05-26 01:03:44.000 ERROR: MOQT error: closing: ConnectionTerminated (376)
  [FAIL] subscribe-before-announce: Failed: 
TAP version 14
1..6
not ok 1 - setup-only
  ---
  duration_ms: 2003.4
  message: Failed: 
  expected: SERVER_SETUP received
  ...
not ok 2 - announce-only
  ---
  duration_ms: 2003.2
  message: Failed: 
  expected: PUBLISH_NAMESPACE_OK
  ...
not ok 3 - publish-namespace-done
  ---
  duration_ms: 2003.1
  message: Failed: 
  expected: PUBLISH_NAMESPACE_OK + PUBLISH_NAMESPACE_DONE
  ...
not ok 4 - subscribe-error
  ---
  duration_ms: 2002.6
  message: Failed: 
  expected: error response
  ...
not ok 5 - announce-subscribe
  ---
  duration_ms: 3003.4
  publisher_connection_id: unknown
  subscriber_connection_id: unknown
  message: Failed: 
  ...
not ok 6 - subscribe-before-announce
  ---
  duration_ms: 3504.4
  publisher_connection_id: unknown
  subscriber_connection_id: unknown
  message: Failed: 
  ...
make[1]: *** [Makefile:121: test-external] Error 1
make[1]: Leaving directory '/home/runner/work/moq-interop-runner/moq-interop-runner/main'
