make[1]: Entering directory '/home/runner/work/moq-interop-runner/moq-interop-runner/main'
Running tests against https://lminiero.it:9000...
  Client: ghcr.io/englishm/moq-interop-runner-moq-test-client-draft-16:latest
docker run --rm \
	 \
	--network host \
	-e RELAY_URL=https://lminiero.it:9000 \
	-e TLS_DISABLE_VERIFY=false \
	ghcr.io/englishm/moq-interop-runner-moq-test-client-draft-16:latest
TAP version 14
# moq-test-client v0.1.0
# Relay: https://lminiero.it:9000/
1..6
ok 1 - setup-only
  ---
  duration_ms: 1025
  connection_id: 9dc6fbb9dfd35a577d8e60036d176c48
  ...
ok 2 - announce-only
  ---
  duration_ms: 2862
  connection_id: 96ddb0d136a4bad061dc68ca39540e4c
  ...
ok 3 - subscribe-error
  ---
  duration_ms: 1004
  connection_id: 4a7f3294d471cdc96e3625e71d9bbd9c
  ...
ok 4 - announce-subscribe
  ---
  duration_ms: 4779
  publisher_connection_id: 65a6857ff01057e68fcae048128219eb
  subscriber_connection_id: c9a5c2fd4d17ed2e4fe8143aae572d03
  ...
ok 5 - subscribe-before-announce
  ---
  duration_ms: 6612
  subscriber_connection_id: 414037fec4c4d2152f61ce25d67b5318
  publisher_connection_id: a6217efcab03ea03ef3620dcd24c55d9
  ...
ok 6 - publish-namespace-done
  ---
  duration_ms: 2861
  connection_id: a473b39883e6facefb90edbf79a8bd61
  ...
make[1]: Leaving directory '/home/runner/work/moq-interop-runner/moq-interop-runner/main'
