make[1]: Entering directory '/home/runner/work/moq-interop-runner/moq-interop-runner/main'
Running tests against https://relay.moqtail.dev...
  Client: ghcr.io/englishm/moq-interop-runner-moq-test-client:latest
docker run --rm \
	 \
	--network host \
	-e RELAY_URL=https://relay.moqtail.dev \
	-e TLS_DISABLE_VERIFY=false \
	ghcr.io/englishm/moq-interop-runner-moq-test-client:latest
TAP version 14
# moq-test-client v0.1.0
# Relay: https://relay.moqtail.dev/
1..6
not ok 1 - setup-only
  ---
  duration_ms: 139
  message: "failed to connect to relay: failed to exchange h3 connect: protocol error: expected 200, got: Some(403): protocol error: expected 200, got: Some(403): expected 200, got: Some(403)"
  ...
not ok 2 - announce-only
  ---
  duration_ms: 135
  message: "failed to connect to relay: failed to exchange h3 connect: protocol error: expected 200, got: Some(403): protocol error: expected 200, got: Some(403): expected 200, got: Some(403)"
  ...
not ok 3 - subscribe-error
  ---
  duration_ms: 147
  message: "failed to connect to relay: failed to exchange h3 connect: protocol error: expected 200, got: Some(403): protocol error: expected 200, got: Some(403): expected 200, got: Some(403)"
  ...
not ok 4 - announce-subscribe
  ---
  duration_ms: 139
  message: "publisher failed to connect: failed to exchange h3 connect: protocol error: expected 200, got: Some(403): protocol error: expected 200, got: Some(403): expected 200, got: Some(403)"
  ...
not ok 5 - subscribe-before-announce
  ---
  duration_ms: 100
  message: "subscriber failed to connect: failed to exchange h3 connect: protocol error: expected 200, got: Some(403): protocol error: expected 200, got: Some(403): expected 200, got: Some(403)"
  ...
not ok 6 - publish-namespace-done
  ---
  duration_ms: 163
  message: "failed to connect to relay: failed to exchange h3 connect: protocol error: expected 200, got: Some(403): protocol error: expected 200, got: Some(403): expected 200, got: Some(403)"
  ...
make[1]: *** [Makefile:121: test-external] Error 1
make[1]: Leaving directory '/home/runner/work/moq-interop-runner/moq-interop-runner/main'
