make[1]: Entering directory '/home/runner/work/moq-interop-runner/moq-interop-runner/main'
Running tests against moqt://draft-14.cloudflare.mediaoverquic.com:443...
  Client: ghcr.io/englishm/moq-interop-runner-moq-test-client:latest
docker run --rm \
	 \
	--network host \
	-e RELAY_URL=moqt://draft-14.cloudflare.mediaoverquic.com:443 \
	-e TLS_DISABLE_VERIFY=false \
	ghcr.io/englishm/moq-interop-runner-moq-test-client:latest
TAP version 14
# moq-test-client v0.1.0
# Relay: moqt://draft-14.cloudflare.mediaoverquic.com:443
1..6
ok 1 - setup-only
  ---
  duration_ms: 195
  connection_id: c761224828faafb6addc4f83222ecafb
  ...
ok 2 - announce-only
  ---
  duration_ms: 2033
  connection_id: d91b19efe36240f9b7cee17a910768b7
  ...
ok 3 - subscribe-error
  ---
  duration_ms: 393
  connection_id: 3dde5beee5834d6ba0716d3cb6fc437f
  ...
ok 4 - announce-subscribe
  ---
  duration_ms: 213
  publisher_connection_id: 938301608ad5d0e5b440c512f8498434
  subscriber_connection_id: 1467dd29848a650ff7a7cb4f271ab522
  ...
ok 5 - subscribe-before-announce
  ---
  duration_ms: 3594
  subscriber_connection_id: 3cdd7c96ff7c819a4aa0ea89659a6ad3
  publisher_connection_id: 433b95202af9583bd7b4ae498254b8c8
  ...
ok 6 - publish-namespace-done
  ---
  duration_ms: 2148
  connection_id: be77cf05d6544eff405c6008984023e0
  ...
make[1]: Leaving directory '/home/runner/work/moq-interop-runner/moq-interop-runner/main'
