make[1]: Entering directory '/home/runner/work/moq-interop-runner/moq-interop-runner/main'
Running tests against moqt://lminiero.it:9000...
  Client: ghcr.io/englishm/moq-interop-runner-moq-test-client-draft-16:latest
docker run --rm \
	 \
	--network host \
	-e RELAY_URL=moqt://lminiero.it:9000 \
	-e TLS_DISABLE_VERIFY=false \
	ghcr.io/englishm/moq-interop-runner-moq-test-client-draft-16:latest
TAP version 14
# moq-test-client v0.1.0
# Relay: moqt://lminiero.it:9000
1..6
ok 1 - setup-only
  ---
  duration_ms: 400
  connection_id: 5e5b1903f9a0e7e6485a18aa7ecbeb20
  ...
ok 2 - announce-only
  ---
  duration_ms: 2610
  connection_id: 3506a27fc22bfb1ac1ff3ed819589ae2
  ...
not ok 3 - subscribe-error
  ---
  duration_ms: 10000
  message: "test timed out: deadline has elapsed"
  ...
ok 4 - announce-subscribe
  ---
  duration_ms: 4020
  publisher_connection_id: fcfdec678b4f194e89cd0ecd85ae9853
  subscriber_connection_id: 98796ef62edcee7ed630cd301eac3d69
  ...
ok 5 - subscribe-before-announce
  ---
  duration_ms: 5399
  subscriber_connection_id: 2652ec5cef1792a3950ed12ac7be5f24
  publisher_connection_id: cb07198d81ec10ae955d0653cc7f9ad0
  ...
ok 6 - publish-namespace-done
  ---
  duration_ms: 2750
  connection_id: 25a0e2611eb3444603149dd2bac7cb8e
  ...
make[1]: *** [Makefile:121: test-external] Error 1
make[1]: Leaving directory '/home/runner/work/moq-interop-runner/moq-interop-runner/main'
