make[1]: Entering directory '/home/runner/work/moq-interop-runner/moq-interop-runner/main'
Running tests against https://draft-14.cloudflare.mediaoverquic.com:443/moq...
  Client: ghcr.io/openmoq/moqx-interop-client:latest
docker run --rm \
	 \
	--network host \
	-e RELAY_URL=https://draft-14.cloudflare.mediaoverquic.com:443/moq \
	-e TLS_DISABLE_VERIFY=false \
	ghcr.io/openmoq/moqx-interop-client:latest
TAP version 14
# moxygen interop test client
# Relay: https://draft-14.cloudflare.mediaoverquic.com:443/moq
# Transport: WebTransport
1..6
W0526 01:09:57.299981     1 MoQWebTransportClient.cpp:172] WebTransport: No WT-Protocol header in response, will use legacy version negotiation
ok 1 - setup-only
  ---
  duration_ms: 55
  info: SETUP exchange completed successfully
  ...
W0526 01:09:57.349706     1 MoQWebTransportClient.cpp:172] WebTransport: No WT-Protocol header in response, will use legacy version negotiation
not ok 2 - announce-only
  ---
  duration_ms: 123
  error: done
  ...
W0526 01:09:57.480819     1 MoQWebTransportClient.cpp:172] WebTransport: No WT-Protocol header in response, will use legacy version negotiation
E0526 01:09:59.496046     1 MoQSession.cpp:4895] subscribeFuture exception=folly::OperationCancelled: coroutine operation cancelled
not ok 3 - subscribe-error
  ---
  duration_ms: 2062
  error: Timed out waiting for SUBSCRIBE response
  ...
W0526 01:09:59.532001     1 MoQWebTransportClient.cpp:172] WebTransport: No WT-Protocol header in response, will use legacy version negotiation
not ok 4 - announce-subscribe
  ---
  duration_ms: 137
  error: PUBLISH_NAMESPACE failed: done
  ...
W0526 01:09:59.667391     1 MoQWebTransportClient.cpp:172] WebTransport: No WT-Protocol header in response, will use legacy version negotiation
ok 5 - publish-namespace-done
  ---
  duration_ms: 144
  info: PUBLISH_NAMESPACE_OK received, PUBLISH_NAMESPACE_DONE sent
  ...
W0526 01:09:59.824910     1 MoQWebTransportClient.cpp:172] WebTransport: No WT-Protocol header in response, will use legacy version negotiation
W0526 01:10:00.372498     1 MoQWebTransportClient.cpp:172] WebTransport: No WT-Protocol header in response, will use legacy version negotiation
E0526 01:10:01.859039     1 MoQWebTransportClient.cpp:197] proxygen::HTTPException: ingress timeout, streamID=0, timeout=2000ms
ok 6 - subscribe-before-announce
  ---
  duration_ms: 2080
  info: Subscribe returned error (relay doesn't buffer pending subscriptions): Session closed
  ...
make[1]: *** [Makefile:121: test-external] Error 1
make[1]: Leaving directory '/home/runner/work/moq-interop-runner/moq-interop-runner/main'
