make[1]: Entering directory '/home/runner/work/moq-interop-runner/moq-interop-runner/main'
Running tests against https://moqt.nokiaresearch.com:4443/moq...
  Client: ghcr.io/englishm/moq-interop-runner-moq-test-client-draft-18:latest
docker run --rm \
	 \
	--network host \
	-e RELAY_URL=https://moqt.nokiaresearch.com:4443/moq \
	-e TLS_DISABLE_VERIFY=false \
	ghcr.io/englishm/moq-interop-runner-moq-test-client-draft-18:latest
TAP version 14
# moq-test-client v0.1.6
# Relay: https://moqt.nokiaresearch.com:4443/moq
1..6
[2m2026-07-17T01:02:14.948740Z[0m [32m INFO[0m [2mmoq_native_ietf::quic[0m[2m:[0m UDP socket bound [3mbind[0m[2m=[0m[::]:0 [3mlocal[0m[2m=[0m[::]:58485 [3mdual_stack[0m[2m=[0mtrue
[2m2026-07-17T01:02:15.811146Z[0m [32m INFO[0m [2mmoq_test_client::scenarios[0m[2m:[0m SETUP exchange completed successfully
ok 1 - setup-only
  ---
  duration_ms: 863
  connection_id: 0fef73956507545bac0d44ff0f9496e2
  ...
[2m2026-07-17T01:02:15.811997Z[0m [32m INFO[0m [2mmoq_native_ietf::quic[0m[2m:[0m UDP socket bound [3mbind[0m[2m=[0m[::]:0 [3mlocal[0m[2m=[0m[::]:60327 [3mdual_stack[0m[2m=[0mtrue
[2m2026-07-17T01:02:16.639837Z[0m [32m INFO[0m [2mmoq_test_client::scenarios[0m[2m:[0m Sending PUBLISH_NAMESPACE for: moq-test/interop
[2m2026-07-17T01:02:18.640991Z[0m [32m INFO[0m [2mmoq_test_client::scenarios[0m[2m:[0m PUBLISH_NAMESPACE succeeded (REQUEST_OK received, waiting for subscribers)
ok 2 - publish-namespace-only
  ---
  duration_ms: 2830
  connection_id: 61af0af68f288dbadc86ae4c484e9253
  ...
[2m2026-07-17T01:02:18.642166Z[0m [32m INFO[0m [2mmoq_native_ietf::quic[0m[2m:[0m UDP socket bound [3mbind[0m[2m=[0m[::]:0 [3mlocal[0m[2m=[0m[::]:35672 [3mdual_stack[0m[2m=[0mtrue
[2m2026-07-17T01:02:18.805837Z[0m [33m WARN[0m [2mmoq_transport::session::reader[0m[2m:[0m [READER] decode: stream ended while waiting for data (have=0 bytes, need=1)
[2m2026-07-17T01:02:19.610959Z[0m [32m INFO[0m [2mmoq_test_client::scenarios[0m[2m:[0m Subscribing to non-existent track: nonexistent/namespace/test-track
[2m2026-07-17T01:02:19.775410Z[0m [33m WARN[0m [2mmoq_transport::serve::error[0m[2m:[0m [d2fcc1ca-b293-4bd8-9ab9-ae8588eba79b] Not found: Track /nonexistent/namespace/test-track does not exist at moq-transport/src/session/subscriber.rs:455
[2m2026-07-17T01:02:19.775444Z[0m [33m WARN[0m [2mmoq_transport::session::reader[0m[2m:[0m [READER] decode: stream ended while waiting for data (have=0 bytes, need=1)
[2m2026-07-17T01:02:19.775516Z[0m [32m INFO[0m [2mmoq_test_client::scenarios[0m[2m:[0m Got expected 'not found' error: not found: Track not found [error:d2fcc1ca-b293-4bd8-9ab9-ae8588eba79b]
ok 3 - subscribe-error
  ---
  duration_ms: 1134
  connection_id: 337698842e604e27ba3819fdb0708dd5
  ...
[2m2026-07-17T01:02:19.776363Z[0m [32m INFO[0m [2mmoq_native_ietf::quic[0m[2m:[0m UDP socket bound [3mbind[0m[2m=[0m[::]:0 [3mlocal[0m[2m=[0m[::]:59037 [3mdual_stack[0m[2m=[0mtrue
[2m2026-07-17T01:02:20.627128Z[0m [32m INFO[0m [2mmoq_native_ietf::quic[0m[2m:[0m UDP socket bound [3mbind[0m[2m=[0m[::]:0 [3mlocal[0m[2m=[0m[::]:56763 [3mdual_stack[0m[2m=[0mtrue
[2m2026-07-17T01:02:21.453743Z[0m [32m INFO[0m [2mmoq_test_client::scenarios[0m[2m:[0m Publisher sending PUBLISH_NAMESPACE: moq-test/interop
[2m2026-07-17T01:02:21.453764Z[0m [32m INFO[0m [2mmoq_test_client::scenarios[0m[2m:[0m Subscriber subscribing to track: moq-test/interop/test-track
[2m2026-07-17T01:02:21.618496Z[0m [33m WARN[0m [2mmoq_transport::serve::error[0m[2m:[0m [7bfd2a8e-101d-451b-b400-d1ab5b1a365d] Not found: Track /moq-test/interop/test-track does not exist at moq-transport/src/session/subscriber.rs:455
[2m2026-07-17T01:02:21.618535Z[0m [33m WARN[0m [2mmoq_transport::session::reader[0m[2m:[0m [READER] decode: stream ended while waiting for data (have=0 bytes, need=1)
[2m2026-07-17T01:02:21.618752Z[0m [32m INFO[0m [2mmoq_test_client::scenarios[0m[2m:[0m Subscriber got error: not found: Track not found [error:7bfd2a8e-101d-451b-b400-d1ab5b1a365d] - subscription was processed
ok 4 - publish-namespace-subscribe
  ---
  duration_ms: 1843
  publisher_connection_id: 25d71a8d8e238a85c3fd424a8677bab4
  subscriber_connection_id: 892ae6ffb492eb08c41550e6334396d8
  ...
[2m2026-07-17T01:02:21.619793Z[0m [32m INFO[0m [2mmoq_native_ietf::quic[0m[2m:[0m UDP socket bound [3mbind[0m[2m=[0m[::]:0 [3mlocal[0m[2m=[0m[::]:41514 [3mdual_stack[0m[2m=[0mtrue
[2m2026-07-17T01:02:21.784861Z[0m [33m WARN[0m [2mmoq_transport::session::reader[0m[2m:[0m [READER] decode: stream ended while waiting for data (have=0 bytes, need=1)
[2m2026-07-17T01:02:22.457182Z[0m [32m INFO[0m [2mmoq_test_client::scenarios[0m[2m:[0m Subscriber subscribing BEFORE PUBLISH_NAMESPACE: moq-test/interop/test-track
[2m2026-07-17T01:02:22.624281Z[0m [33m WARN[0m [2mmoq_transport::serve::error[0m[2m:[0m [4097bea9-04c3-4526-9bcf-f3b0f9b90ef6] Not found: Track /moq-test/interop/test-track does not exist at moq-transport/src/session/subscriber.rs:455
[2m2026-07-17T01:02:22.624296Z[0m [33m WARN[0m [2mmoq_transport::session::reader[0m[2m:[0m [READER] decode: stream ended while waiting for data (have=0 bytes, need=1)
[2m2026-07-17T01:02:22.959074Z[0m [32m INFO[0m [2mmoq_native_ietf::quic[0m[2m:[0m UDP socket bound [3mbind[0m[2m=[0m[::]:0 [3mlocal[0m[2m=[0m[::]:54536 [3mdual_stack[0m[2m=[0mtrue
[2m2026-07-17T01:02:23.807746Z[0m [32m INFO[0m [2mmoq_test_client::scenarios[0m[2m:[0m Publisher sending PUBLISH_NAMESPACE (after subscriber): moq-test/interop
[2m2026-07-17T01:02:26.809916Z[0m [32m INFO[0m [2mmoq_test_client::scenarios[0m[2m:[0m Publisher PUBLISH_NAMESPACE timeout (expected)
[2m2026-07-17T01:02:26.809939Z[0m [32m INFO[0m [2mmoq_test_client::scenarios[0m[2m:[0m Subscriber got error: not found: Track not found [error:4097bea9-04c3-4526-9bcf-f3b0f9b90ef6] (may be expected)
ok 5 - subscribe-before-publish-namespace
  ---
  duration_ms: 5190
  subscriber_connection_id: 24c86a083157a92a2b6fde7a7798f2a6
  publisher_connection_id: 96293d3c2bc360ddc5bbf28613b9231d
  ...
[2m2026-07-17T01:02:26.810919Z[0m [32m INFO[0m [2mmoq_native_ietf::quic[0m[2m:[0m UDP socket bound [3mbind[0m[2m=[0m[::]:0 [3mlocal[0m[2m=[0m[::]:49545 [3mdual_stack[0m[2m=[0mtrue
[2m2026-07-17T01:02:26.974469Z[0m [33m WARN[0m [2mmoq_transport::session::reader[0m[2m:[0m [READER] decode: stream ended while waiting for data (have=0 bytes, need=1)
[2m2026-07-17T01:02:27.637735Z[0m [32m INFO[0m [2mmoq_test_client::scenarios[0m[2m:[0m Sending PUBLISH_NAMESPACE: moq-test/interop
[2m2026-07-17T01:02:29.639378Z[0m [32m INFO[0m [2mmoq_test_client::scenarios[0m[2m:[0m PUBLISH_NAMESPACE active; sending PUBLISH_NAMESPACE_DONE
[2m2026-07-17T01:02:29.739834Z[0m [32m INFO[0m [2mmoq_test_client::scenarios[0m[2m:[0m PUBLISH_NAMESPACE_DONE sent successfully
ok 6 - publish-namespace-done
  ---
  duration_ms: 2929
  connection_id: b34d669c584c2ec2b127b810c23eebad
  ...
make[1]: Leaving directory '/home/runner/work/moq-interop-runner/moq-interop-runner/main'
