make[1]: Entering directory '/home/runner/work/moq-interop-runner/moq-interop-runner/main'
Running tests against https://draft-18-interop.cloudflare.mediaoverquic.com:443/moq...
  Client: ghcr.io/englishm/moq-interop-runner-moq-test-client-draft-18:latest
docker run --rm \
	 \
	--network host \
	-e RELAY_URL=https://draft-18-interop.cloudflare.mediaoverquic.com:443/moq \
	-e TLS_DISABLE_VERIFY=false \
	ghcr.io/englishm/moq-interop-runner-moq-test-client-draft-18:latest
TAP version 14
# moq-test-client v0.1.6
# Relay: https://draft-18-interop.cloudflare.mediaoverquic.com/moq
1..6
[2m2026-07-17T01:01:51.113007Z[0m [32m INFO[0m [2mmoq_native_ietf::quic[0m[2m:[0m UDP socket bound [3mbind[0m[2m=[0m[::]:0 [3mlocal[0m[2m=[0m[::]:56308 [3mdual_stack[0m[2m=[0mtrue
[2m2026-07-17T01:01:51.217008Z[0m [32m INFO[0m [2mmoq_test_client::scenarios[0m[2m:[0m SETUP exchange completed successfully
ok 1 - setup-only
  ---
  duration_ms: 104
  connection_id: a24a26656def3016323cab7b1058e371
  ...
[2m2026-07-17T01:01:51.217978Z[0m [32m INFO[0m [2mmoq_native_ietf::quic[0m[2m:[0m UDP socket bound [3mbind[0m[2m=[0m[::]:0 [3mlocal[0m[2m=[0m[::]:33915 [3mdual_stack[0m[2m=[0mtrue
[2m2026-07-17T01:01:51.232477Z[0m [33m WARN[0m [2mweb_transport_quinn::session[0m[2m:[0m failed to read capsule [3me[0m[2m=[0mUnexpectedEnd
[2m2026-07-17T01:01:51.297770Z[0m [32m INFO[0m [2mmoq_test_client::scenarios[0m[2m:[0m Sending PUBLISH_NAMESPACE for: moq-test/interop
[2m2026-07-17T01:01:53.298595Z[0m [32m INFO[0m [2mmoq_test_client::scenarios[0m[2m:[0m PUBLISH_NAMESPACE succeeded (REQUEST_OK received, waiting for subscribers)
ok 2 - publish-namespace-only
  ---
  duration_ms: 2081
  connection_id: e856de4e2b24ebf6e89e6213c2e2e55e
  ...
[2m2026-07-17T01:01:53.299456Z[0m [32m INFO[0m [2mmoq_native_ietf::quic[0m[2m:[0m UDP socket bound [3mbind[0m[2m=[0m[::]:0 [3mlocal[0m[2m=[0m[::]:43716 [3mdual_stack[0m[2m=[0mtrue
[2m2026-07-17T01:01:53.313790Z[0m [33m WARN[0m [2mmoq_transport::session::reader[0m[2m:[0m [READER] decode: stream ended while waiting for data (have=0 bytes, need=1)
[2m2026-07-17T01:01:53.415298Z[0m [32m INFO[0m [2mmoq_test_client::scenarios[0m[2m:[0m Subscribing to non-existent track: nonexistent/namespace/test-track
[2m2026-07-17T01:01:53.432260Z[0m [33m WARN[0m [2mmoq_transport::serve::error[0m[2m:[0m [13e15a0a-1252-44f5-a25c-4d38a491c052] Not found: not found: Track not found [error:fe667d25-e195-4b8c-9427-e8bd558e53b5] at moq-transport/src/session/subscriber.rs:455
[2m2026-07-17T01:01:53.432339Z[0m [32m INFO[0m [2mmoq_test_client::scenarios[0m[2m:[0m Got expected 'not found' error: not found: Track not found [error:13e15a0a-1252-44f5-a25c-4d38a491c052]
ok 3 - subscribe-error
  ---
  duration_ms: 133
  connection_id: 6369cdf796d8d42f227f0f413a431039
  ...
[2m2026-07-17T01:01:53.433118Z[0m [32m INFO[0m [2mmoq_native_ietf::quic[0m[2m:[0m UDP socket bound [3mbind[0m[2m=[0m[::]:0 [3mlocal[0m[2m=[0m[::]:48124 [3mdual_stack[0m[2m=[0mtrue
[2m2026-07-17T01:01:53.433740Z[0m [33m WARN[0m [2mmoq_transport::session::reader[0m[2m:[0m [READER] decode: stream ended while waiting for data (have=0 bytes, need=1)
[2m2026-07-17T01:01:53.522145Z[0m [32m INFO[0m [2mmoq_native_ietf::quic[0m[2m:[0m UDP socket bound [3mbind[0m[2m=[0m[::]:0 [3mlocal[0m[2m=[0m[::]:41275 [3mdual_stack[0m[2m=[0mtrue
[2m2026-07-17T01:01:53.605427Z[0m [32m INFO[0m [2mmoq_test_client::scenarios[0m[2m:[0m Publisher sending PUBLISH_NAMESPACE: moq-test/interop
[2m2026-07-17T01:01:53.605446Z[0m [32m INFO[0m [2mmoq_test_client::scenarios[0m[2m:[0m Subscriber subscribing to track: moq-test/interop/test-track
[2m2026-07-17T01:01:56.607146Z[0m [32m INFO[0m [2mmoq_test_client::scenarios[0m[2m:[0m Test timeout reached - subscription routing may still be in progress
ok 4 - publish-namespace-subscribe
  ---
  duration_ms: 3174
  publisher_connection_id: f709d6fcb959bed8e568f218ff5f3235
  subscriber_connection_id: b7f2f4fed102514e02387d42be897bbc
  ...
[2m2026-07-17T01:01:56.608168Z[0m [32m INFO[0m [2mmoq_native_ietf::quic[0m[2m:[0m UDP socket bound [3mbind[0m[2m=[0m[::]:0 [3mlocal[0m[2m=[0m[::]:53390 [3mdual_stack[0m[2m=[0mtrue
[2m2026-07-17T01:01:56.623130Z[0m [33m WARN[0m [2mmoq_transport::session::reader[0m[2m:[0m [READER] decode: stream ended while waiting for data (have=0 bytes, need=1)
[2m2026-07-17T01:01:56.623237Z[0m [33m WARN[0m [2mmoq_transport::session::reader[0m[2m:[0m [READER] decode: stream ended while waiting for data (have=0 bytes, need=1)
[2m2026-07-17T01:01:56.727294Z[0m [32m INFO[0m [2mmoq_test_client::scenarios[0m[2m:[0m Subscriber subscribing BEFORE PUBLISH_NAMESPACE: moq-test/interop/test-track
[2m2026-07-17T01:01:56.744144Z[0m [33m WARN[0m [2mmoq_transport::serve::error[0m[2m:[0m [5f096ad3-075c-4985-97c2-1b430757c0dd] Not found: not found: Track not found [error:0dfac1b1-24dd-44b4-9a7a-7f97de8c6e3f] at moq-transport/src/session/subscriber.rs:455
[2m2026-07-17T01:01:56.745476Z[0m [33m WARN[0m [2mmoq_transport::session::reader[0m[2m:[0m [READER] decode: stream ended while waiting for data (have=0 bytes, need=1)
[2m2026-07-17T01:01:57.229914Z[0m [32m INFO[0m [2mmoq_native_ietf::quic[0m[2m:[0m UDP socket bound [3mbind[0m[2m=[0m[::]:0 [3mlocal[0m[2m=[0m[::]:39057 [3mdual_stack[0m[2m=[0mtrue
[2m2026-07-17T01:01:57.343052Z[0m [32m INFO[0m [2mmoq_test_client::scenarios[0m[2m:[0m Publisher sending PUBLISH_NAMESPACE (after subscriber): moq-test/interop
[2m2026-07-17T01:02:00.345068Z[0m [32m INFO[0m [2mmoq_test_client::scenarios[0m[2m:[0m Publisher PUBLISH_NAMESPACE timeout (expected)
[2m2026-07-17T01:02:00.345099Z[0m [32m INFO[0m [2mmoq_test_client::scenarios[0m[2m:[0m Subscriber got error: not found: Track not found [error:5f096ad3-075c-4985-97c2-1b430757c0dd] (may be expected)
ok 5 - subscribe-before-publish-namespace
  ---
  duration_ms: 3737
  subscriber_connection_id: 085a83b6a76f2a64502be119892f8ef1
  publisher_connection_id: 2a1e651aeed38230c45d0ec6e4b9d463
  ...
[2m2026-07-17T01:02:00.346165Z[0m [32m INFO[0m [2mmoq_native_ietf::quic[0m[2m:[0m UDP socket bound [3mbind[0m[2m=[0m[::]:0 [3mlocal[0m[2m=[0m[::]:44249 [3mdual_stack[0m[2m=[0mtrue
[2m2026-07-17T01:02:00.362287Z[0m [33m WARN[0m [2mmoq_transport::session::reader[0m[2m:[0m [READER] decode: stream ended while waiting for data (have=0 bytes, need=1)
[2m2026-07-17T01:02:00.447054Z[0m [32m INFO[0m [2mmoq_test_client::scenarios[0m[2m:[0m Sending PUBLISH_NAMESPACE: moq-test/interop
[2m2026-07-17T01:02:02.448567Z[0m [32m INFO[0m [2mmoq_test_client::scenarios[0m[2m:[0m PUBLISH_NAMESPACE active; sending PUBLISH_NAMESPACE_DONE
[2m2026-07-17T01:02:02.464450Z[0m [33m WARN[0m [2mmoq_transport::session::reader[0m[2m:[0m [READER] decode: stream ended while waiting for data (have=0 bytes, need=1)
[2m2026-07-17T01:02:02.549145Z[0m [32m INFO[0m [2mmoq_test_client::scenarios[0m[2m:[0m PUBLISH_NAMESPACE_DONE sent successfully
ok 6 - publish-namespace-done
  ---
  duration_ms: 2203
  connection_id: 94a493d1a37774d0457998863815611e
  ...
make[1]: Leaving directory '/home/runner/work/moq-interop-runner/moq-interop-runner/main'
