make[1]: Entering directory '/home/runner/work/moq-interop-runner/moq-interop-runner/main'
Running tests against moqt://fb.mvfst.net:9448...
  Client: ghcr.io/englishm/moq-interop-runner-moq-test-client-draft-16:latest
docker run --rm \
	 \
	--network host \
	-e RELAY_URL=moqt://fb.mvfst.net:9448 \
	-e TLS_DISABLE_VERIFY=1 \
	ghcr.io/englishm/moq-interop-runner-moq-test-client-draft-16:latest
TAP version 14
# moq-test-client v0.1.0
# Relay: moqt://fb.mvfst.net:9448
1..6
ok 1 - setup-only
  ---
  duration_ms: 156
  connection_id: bb193897525f63dcb87a344dc07ed6c7
  ...
ok 2 - announce-only
  ---
  duration_ms: 2158
  connection_id: c4dda483c4a56bb8f0261d2d5e9fedeb
  ...
ok 3 - subscribe-error
  ---
  duration_ms: 244
  connection_id: c3bc27ff0e6adf89c250542850a0a8da
  ...
ok 4 - announce-subscribe
  ---
  duration_ms: 431
  publisher_connection_id: 645c5450e863c8e65e36f83903db06f6
  subscriber_connection_id: 141217809d56c8e5297721a40afa34ae
  ...
ok 5 - subscribe-before-announce
  ---
  duration_ms: 3821
  subscriber_connection_id: 581b9a0df4929e82b8d02a670b01d601
  publisher_connection_id: 29e7aa1abd7b83a0fac2c080a8807a05
  ...
ok 6 - publish-namespace-done
  ---
  duration_ms: 2269
  connection_id: f3dabf9bb1e4145d8101395ba789131e
  ...
make[1]: Leaving directory '/home/runner/work/moq-interop-runner/moq-interop-runner/main'
