make[1]: Entering directory '/home/runner/work/moq-interop-runner/moq-interop-runner/main'
Running tests against moqt://fb.mvfst.net:9448...
  Client: ghcr.io/englishm/moq-interop-runner-moq-test-client-draft-18:latest
docker run --rm \
	 \
	--network host \
	-e RELAY_URL=moqt://fb.mvfst.net:9448 \
	-e TLS_DISABLE_VERIFY=1 \
	ghcr.io/englishm/moq-interop-runner-moq-test-client-draft-18:latest
TAP version 14
# moq-test-client v0.1.6
# Relay: moqt://fb.mvfst.net:9448
1..6
[2m2026-07-17T01:03:46.302651Z[0m [32m INFO[0m [2mmoq_native_ietf::quic[0m[2m:[0m UDP socket bound [3mbind[0m[2m=[0m[::]:0 [3mlocal[0m[2m=[0m[::]:49742 [3mdual_stack[0m[2m=[0mtrue
[2m2026-07-17T01:03:46.384997Z[0m [32m INFO[0m [2mmoq_test_client::scenarios[0m[2m:[0m SETUP exchange completed successfully
ok 1 - setup-only
  ---
  duration_ms: 83
  connection_id: 4eb60fdcb4746e43bd84a4e8eed12924
  ...
[2m2026-07-17T01:03:46.386005Z[0m [32m INFO[0m [2mmoq_native_ietf::quic[0m[2m:[0m UDP socket bound [3mbind[0m[2m=[0m[::]:0 [3mlocal[0m[2m=[0m[::]:34145 [3mdual_stack[0m[2m=[0mtrue
[2m2026-07-17T01:03:46.501788Z[0m [32m INFO[0m [2mmoq_test_client::scenarios[0m[2m:[0m Sending PUBLISH_NAMESPACE for: moq-test/interop
[2m2026-07-17T01:03:48.503000Z[0m [32m INFO[0m [2mmoq_test_client::scenarios[0m[2m:[0m PUBLISH_NAMESPACE succeeded (REQUEST_OK received, waiting for subscribers)
ok 2 - publish-namespace-only
  ---
  duration_ms: 2117
  connection_id: 4672642f69a1728168e2b87b28bdad5c
  ...
[2m2026-07-17T01:03:48.503888Z[0m [32m INFO[0m [2mmoq_native_ietf::quic[0m[2m:[0m UDP socket bound [3mbind[0m[2m=[0m[::]:0 [3mlocal[0m[2m=[0m[::]:58665 [3mdual_stack[0m[2m=[0mtrue
[2m2026-07-17T01:03:48.727325Z[0m [32m INFO[0m [2mmoq_test_client::scenarios[0m[2m:[0m Subscribing to non-existent track: nonexistent/namespace/test-track
[2m2026-07-17T01:03:48.799531Z[0m [33m WARN[0m [2mmoq_transport::serve::error[0m[2m:[0m [6dd635e4-7c52-4f40-b041-9a1f50fd1bda] Not found: no such namespace or track at moq-transport/src/session/subscriber.rs:455
[2m2026-07-17T01:03:48.799569Z[0m [33m WARN[0m [2mmoq_transport::session::reader[0m[2m:[0m [READER] decode: stream ended while waiting for data (have=0 bytes, need=1)
[2m2026-07-17T01:03:48.799618Z[0m [32m INFO[0m [2mmoq_test_client::scenarios[0m[2m:[0m Got expected 'not found' error: not found: Track not found [error:6dd635e4-7c52-4f40-b041-9a1f50fd1bda]
ok 3 - subscribe-error
  ---
  duration_ms: 296
  connection_id: 9759c2043c202badbba0abf845f5b9fb
  ...
[2m2026-07-17T01:03:48.800541Z[0m [32m INFO[0m [2mmoq_native_ietf::quic[0m[2m:[0m UDP socket bound [3mbind[0m[2m=[0m[::]:0 [3mlocal[0m[2m=[0m[::]:37521 [3mdual_stack[0m[2m=[0mtrue
[2m2026-07-17T01:03:48.883336Z[0m [32m INFO[0m [2mmoq_native_ietf::quic[0m[2m:[0m UDP socket bound [3mbind[0m[2m=[0m[::]:0 [3mlocal[0m[2m=[0m[::]:59159 [3mdual_stack[0m[2m=[0mtrue
[2m2026-07-17T01:03:48.968967Z[0m [32m INFO[0m [2mmoq_test_client::scenarios[0m[2m:[0m Publisher sending PUBLISH_NAMESPACE: moq-test/interop
[2m2026-07-17T01:03:48.968982Z[0m [32m INFO[0m [2mmoq_test_client::scenarios[0m[2m:[0m Subscriber subscribing to track: moq-test/interop/test-track
[2m2026-07-17T01:03:49.043083Z[0m [33m WARN[0m [2mmoq_transport::serve::error[0m[2m:[0m [b7c31243-d958-40b6-9a62-270e4aa3df86] Not found: no such namespace or track at moq-transport/src/session/subscriber.rs:455
[2m2026-07-17T01:03:49.043125Z[0m [33m WARN[0m [2mmoq_transport::session::reader[0m[2m:[0m [READER] decode: stream ended while waiting for data (have=0 bytes, need=1)
[2m2026-07-17T01:03:49.043226Z[0m [32m INFO[0m [2mmoq_test_client::scenarios[0m[2m:[0m Subscriber got error: not found: Track not found [error:b7c31243-d958-40b6-9a62-270e4aa3df86] - subscription was processed
ok 4 - publish-namespace-subscribe
  ---
  duration_ms: 243
  publisher_connection_id: 861533724aca0fdcdd21a384a282c9ab
  subscriber_connection_id: 278c7e3f5339bc9e2b7128d6a5ac7879
  ...
[2m2026-07-17T01:03:49.044186Z[0m [32m INFO[0m [2mmoq_native_ietf::quic[0m[2m:[0m UDP socket bound [3mbind[0m[2m=[0m[::]:0 [3mlocal[0m[2m=[0m[::]:50806 [3mdual_stack[0m[2m=[0mtrue
[2m2026-07-17T01:03:49.132904Z[0m [32m INFO[0m [2mmoq_test_client::scenarios[0m[2m:[0m Subscriber subscribing BEFORE PUBLISH_NAMESPACE: moq-test/interop/test-track
[2m2026-07-17T01:03:49.213429Z[0m [33m WARN[0m [2mmoq_transport::serve::error[0m[2m:[0m [cfda44e0-65e7-4cd6-ba7b-585e71f1473e] Not found: no such namespace or track at moq-transport/src/session/subscriber.rs:455
[2m2026-07-17T01:03:49.213451Z[0m [33m WARN[0m [2mmoq_transport::session::reader[0m[2m:[0m [READER] decode: stream ended while waiting for data (have=0 bytes, need=1)
[2m2026-07-17T01:03:49.635237Z[0m [32m INFO[0m [2mmoq_native_ietf::quic[0m[2m:[0m UDP socket bound [3mbind[0m[2m=[0m[::]:0 [3mlocal[0m[2m=[0m[::]:33682 [3mdual_stack[0m[2m=[0mtrue
[2m2026-07-17T01:03:49.722945Z[0m [32m INFO[0m [2mmoq_test_client::scenarios[0m[2m:[0m Publisher sending PUBLISH_NAMESPACE (after subscriber): moq-test/interop
[2m2026-07-17T01:03:52.724594Z[0m [32m INFO[0m [2mmoq_test_client::scenarios[0m[2m:[0m Publisher PUBLISH_NAMESPACE timeout (expected)
[2m2026-07-17T01:03:52.724620Z[0m [32m INFO[0m [2mmoq_test_client::scenarios[0m[2m:[0m Subscriber got error: not found: Track not found [error:cfda44e0-65e7-4cd6-ba7b-585e71f1473e] (may be expected)
ok 5 - subscribe-before-publish-namespace
  ---
  duration_ms: 3681
  subscriber_connection_id: 5f526a74cb23abd1e2725c53358d939c
  publisher_connection_id: 1993f54194b9b37ae6fac1bd631088ad
  ...
[2m2026-07-17T01:03:52.725679Z[0m [32m INFO[0m [2mmoq_native_ietf::quic[0m[2m:[0m UDP socket bound [3mbind[0m[2m=[0m[::]:0 [3mlocal[0m[2m=[0m[::]:43404 [3mdual_stack[0m[2m=[0mtrue
[2m2026-07-17T01:03:52.807906Z[0m [32m INFO[0m [2mmoq_test_client::scenarios[0m[2m:[0m Sending PUBLISH_NAMESPACE: moq-test/interop
[2m2026-07-17T01:03:54.809227Z[0m [32m INFO[0m [2mmoq_test_client::scenarios[0m[2m:[0m PUBLISH_NAMESPACE active; sending PUBLISH_NAMESPACE_DONE
[2m2026-07-17T01:03:54.909687Z[0m [32m INFO[0m [2mmoq_test_client::scenarios[0m[2m:[0m PUBLISH_NAMESPACE_DONE sent successfully
ok 6 - publish-namespace-done
  ---
  duration_ms: 2184
  connection_id: f9f0229cfa24ebf8fbe81a6d4eb66f6e
  ...
make[1]: Leaving directory '/home/runner/work/moq-interop-runner/moq-interop-runner/main'
