make[1]: Entering directory '/home/runner/work/moq-interop-runner/moq-interop-runner/main'
Running tests against https://lminiero.it:9000...
  Client: ghcr.io/englishm/moq-interop-runner-moq-test-client-draft-18:latest
docker run --rm \
	 \
	--network host \
	-e RELAY_URL=https://lminiero.it:9000 \
	-e TLS_DISABLE_VERIFY=false \
	ghcr.io/englishm/moq-interop-runner-moq-test-client-draft-18:latest
TAP version 14
# moq-test-client v0.1.6
# Relay: https://lminiero.it:9000/
1..6
[2m2026-07-17T00:59:31.144465Z[0m [32m INFO[0m [2mmoq_native_ietf::quic[0m[2m:[0m UDP socket bound [3mbind[0m[2m=[0m[::]:0 [3mlocal[0m[2m=[0m[::]:43644 [3mdual_stack[0m[2m=[0mtrue
[2m2026-07-17T00:59:32.149119Z[0m [32m INFO[0m [2mmoq_test_client::scenarios[0m[2m:[0m SETUP exchange completed successfully
ok 1 - setup-only
  ---
  duration_ms: 1005
  connection_id: 1a8722bec9eea077c2a922d95a473916
  ...
[2m2026-07-17T00:59:32.150008Z[0m [32m INFO[0m [2mmoq_native_ietf::quic[0m[2m:[0m UDP socket bound [3mbind[0m[2m=[0m[::]:0 [3mlocal[0m[2m=[0m[::]:49024 [3mdual_stack[0m[2m=[0mtrue
[2m2026-07-17T00:59:33.159169Z[0m [32m INFO[0m [2mmoq_test_client::scenarios[0m[2m:[0m Sending PUBLISH_NAMESPACE for: moq-test/interop
[2m2026-07-17T00:59:35.159856Z[0m [32m INFO[0m [2mmoq_test_client::scenarios[0m[2m:[0m PUBLISH_NAMESPACE succeeded (REQUEST_OK received, waiting for subscribers)
ok 2 - publish-namespace-only
  ---
  duration_ms: 3010
  connection_id: 9f71c9258174726b699a66cca5254d13
  ...
[2m2026-07-17T00:59:35.160866Z[0m [32m INFO[0m [2mmoq_native_ietf::quic[0m[2m:[0m UDP socket bound [3mbind[0m[2m=[0m[::]:0 [3mlocal[0m[2m=[0m[::]:37227 [3mdual_stack[0m[2m=[0mtrue
[2m2026-07-17T00:59:36.162157Z[0m [32m INFO[0m [2mmoq_test_client::scenarios[0m[2m:[0m Subscribing to non-existent track: nonexistent/namespace/test-track
[2m2026-07-17T00:59:36.803071Z[0m [33m WARN[0m [2mmoq_transport::serve::error[0m[2m:[0m [fc31f23e-9fb2-440d-b7da-cb5ffdf78f7b] Not found: Namespace not found at moq-transport/src/session/subscriber.rs:455
[2m2026-07-17T00:59:36.803107Z[0m [33m WARN[0m [2mmoq_transport::session::reader[0m[2m:[0m [READER] decode: stream ended while waiting for data (have=0 bytes, need=1)
[2m2026-07-17T00:59:36.803186Z[0m [32m INFO[0m [2mmoq_test_client::scenarios[0m[2m:[0m Got expected 'not found' error: not found: Track not found [error:fc31f23e-9fb2-440d-b7da-cb5ffdf78f7b]
ok 3 - subscribe-error
  ---
  duration_ms: 1643
  connection_id: a05f8a9ac0a8c3ecdaaaeb67868cf3cd
  ...
[2m2026-07-17T00:59:36.804115Z[0m [32m INFO[0m [2mmoq_native_ietf::quic[0m[2m:[0m UDP socket bound [3mbind[0m[2m=[0m[::]:0 [3mlocal[0m[2m=[0m[::]:56030 [3mdual_stack[0m[2m=[0mtrue
[2m2026-07-17T00:59:37.852222Z[0m [32m INFO[0m [2mmoq_native_ietf::quic[0m[2m:[0m UDP socket bound [3mbind[0m[2m=[0m[::]:0 [3mlocal[0m[2m=[0m[::]:59589 [3mdual_stack[0m[2m=[0mtrue
[2m2026-07-17T00:59:38.801330Z[0m [32m INFO[0m [2mmoq_test_client::scenarios[0m[2m:[0m Publisher sending PUBLISH_NAMESPACE: moq-test/interop
[2m2026-07-17T00:59:38.801349Z[0m [32m INFO[0m [2mmoq_test_client::scenarios[0m[2m:[0m Subscriber subscribing to track: moq-test/interop/test-track
[2m2026-07-17T00:59:38.959195Z[0m [33m WARN[0m [2mmoq_transport::serve::error[0m[2m:[0m [a2e70659-0b10-4efc-abb0-5f32c82c1c2e] Not found: Namespace not found at moq-transport/src/session/subscriber.rs:455
[2m2026-07-17T00:59:38.959225Z[0m [33m WARN[0m [2mmoq_transport::session::reader[0m[2m:[0m [READER] decode: stream ended while waiting for data (have=0 bytes, need=1)
[2m2026-07-17T00:59:38.959327Z[0m [32m INFO[0m [2mmoq_test_client::scenarios[0m[2m:[0m Subscriber got error: not found: Track not found [error:a2e70659-0b10-4efc-abb0-5f32c82c1c2e] - subscription was processed
ok 4 - publish-namespace-subscribe
  ---
  duration_ms: 2156
  publisher_connection_id: 36dbcb35e276ce61b12a8dd01de91b34
  subscriber_connection_id: c782809c85e9ad9a1bf6b2c9609f9567
  ...
[2m2026-07-17T00:59:38.960463Z[0m [32m INFO[0m [2mmoq_native_ietf::quic[0m[2m:[0m UDP socket bound [3mbind[0m[2m=[0m[::]:0 [3mlocal[0m[2m=[0m[::]:60016 [3mdual_stack[0m[2m=[0mtrue
[2m2026-07-17T00:59:39.628961Z[0m [32m INFO[0m [2mmoq_test_client::scenarios[0m[2m:[0m Subscriber subscribing BEFORE PUBLISH_NAMESPACE: moq-test/interop/test-track
[2m2026-07-17T00:59:39.796150Z[0m [33m WARN[0m [2mmoq_transport::serve::error[0m[2m:[0m [3381b0e1-3b15-4282-8807-90ca6bc2213a] Not found: Namespace not found at moq-transport/src/session/subscriber.rs:455
[2m2026-07-17T00:59:39.796167Z[0m [33m WARN[0m [2mmoq_transport::session::reader[0m[2m:[0m [READER] decode: stream ended while waiting for data (have=0 bytes, need=1)
[2m2026-07-17T00:59:40.130408Z[0m [32m INFO[0m [2mmoq_native_ietf::quic[0m[2m:[0m UDP socket bound [3mbind[0m[2m=[0m[::]:0 [3mlocal[0m[2m=[0m[::]:39596 [3mdual_stack[0m[2m=[0mtrue
[2m2026-07-17T00:59:41.111952Z[0m [32m INFO[0m [2mmoq_test_client::scenarios[0m[2m:[0m Publisher sending PUBLISH_NAMESPACE (after subscriber): moq-test/interop
[2m2026-07-17T00:59:44.113377Z[0m [32m INFO[0m [2mmoq_test_client::scenarios[0m[2m:[0m Publisher PUBLISH_NAMESPACE timeout (expected)
[2m2026-07-17T00:59:44.113395Z[0m [32m INFO[0m [2mmoq_test_client::scenarios[0m[2m:[0m Subscriber got error: not found: Track not found [error:3381b0e1-3b15-4282-8807-90ca6bc2213a] (may be expected)
ok 5 - subscribe-before-publish-namespace
  ---
  duration_ms: 5153
  subscriber_connection_id: d8fe9e9c620b9f12c3fdd4375642c3cc
  publisher_connection_id: 0942ed701ea6b2dea26db9212f0bb64f
  ...
[2m2026-07-17T00:59:44.114336Z[0m [32m INFO[0m [2mmoq_native_ietf::quic[0m[2m:[0m UDP socket bound [3mbind[0m[2m=[0m[::]:0 [3mlocal[0m[2m=[0m[::]:44149 [3mdual_stack[0m[2m=[0mtrue
[2m2026-07-17T00:59:45.123902Z[0m [32m INFO[0m [2mmoq_test_client::scenarios[0m[2m:[0m Sending PUBLISH_NAMESPACE: moq-test/interop
[2m2026-07-17T00:59:47.124917Z[0m [32m INFO[0m [2mmoq_test_client::scenarios[0m[2m:[0m PUBLISH_NAMESPACE active; sending PUBLISH_NAMESPACE_DONE
[2m2026-07-17T00:59:47.226201Z[0m [32m INFO[0m [2mmoq_test_client::scenarios[0m[2m:[0m PUBLISH_NAMESPACE_DONE sent successfully
ok 6 - publish-namespace-done
  ---
  duration_ms: 3112
  connection_id: b00a2ed527830942e9cb1b8b2ab322e0
  ...
make[1]: Leaving directory '/home/runner/work/moq-interop-runner/moq-interop-runner/main'
