make[1]: Entering directory '/home/runner/work/moq-interop-runner/moq-interop-runner/main'
Running tests against https://fb.mvfst.net:9448/moq-relay...
  Client: ghcr.io/englishm/moq-interop-runner-moq-test-client-draft-16:latest
docker run --rm \
	 \
	--network host \
	-e RELAY_URL=https://fb.mvfst.net:9448/moq-relay \
	-e TLS_DISABLE_VERIFY=1 \
	ghcr.io/englishm/moq-interop-runner-moq-test-client-draft-16:latest
TAP version 14
# moq-test-client v0.1.0
# Relay: https://fb.mvfst.net:9448/moq-relay
1..6
ok 1 - setup-only
  ---
  duration_ms: 313
  connection_id: facaf1a5d7c23c2284e87e921ea0f288
  ...
ok 2 - announce-only
  ---
  duration_ms: 2246
  connection_id: 8a0a7152e3a497e8a69a7d6ba5b4121d
  ...
ok 3 - subscribe-error
  ---
  duration_ms: 324
  connection_id: d38fc3d9271b1cb1e2bf08ee279f207c
  ...
ok 4 - announce-subscribe
  ---
  duration_ms: 3461
  publisher_connection_id: 4f33c6b3aa32f11f40e9d353e28c7c49
  subscriber_connection_id: 4fdc71b6ad5b3ea88a7f6d3d4296d3df
  ...
ok 5 - subscribe-before-announce
  ---
  duration_ms: 5102
  subscriber_connection_id: f76f8ac1f2a9e4cd683ec82718c8c5d1
  publisher_connection_id: b98dfd5c45a9e99f03ace260f537a9b9
  ...
ok 6 - publish-namespace-done
  ---
  duration_ms: 2362
  connection_id: 7d3f861537d3221053470fd48cae9157
  ...
make[1]: Leaving directory '/home/runner/work/moq-interop-runner/moq-interop-runner/main'
