make[1]: Entering directory '/home/runner/work/moq-interop-runner/moq-interop-runner/main'
Running tests against https://quichemoq.dev:443...
  Client: ghcr.io/openmoq/moqx-interop-client:latest
docker run --rm \
	 \
	--network host \
	-e RELAY_URL=https://quichemoq.dev:443 \
	-e TLS_DISABLE_VERIFY=false \
	ghcr.io/openmoq/moqx-interop-client:latest
TAP version 14
# moxygen interop test client
# Relay: https://quichemoq.dev:443
# Transport: WebTransport
1..6
E20260717 01:38:26.346329     1 HQSession.cpp:579] Connection closed with error err=Connect failed msg=connect timeout proto=, client CID=, server CID=, local=<uninitialized address>, 34.53.4.47:443=upstream, drain=none
E0717 01:38:26.347752     1 MoQWebTransportClient.cpp:95] std::runtime_error: Connect failed
not ok 1 - setup-only
  ---
  duration_ms: 2169
  error: Connect failed
  ...
E20260717 01:38:28.488255     1 HQSession.cpp:579] Connection closed with error err=Connect failed msg=connect timeout proto=, client CID=, server CID=, local=<uninitialized address>, 34.53.4.47:443=upstream, drain=none
E0717 01:38:28.488475     1 MoQWebTransportClient.cpp:95] std::runtime_error: Connect failed
not ok 2 - announce-only
  ---
  duration_ms: 2140
  error: Connect failed
  ...
E20260717 01:38:30.657716     1 HQSession.cpp:579] Connection closed with error err=Connect failed msg=connect timeout proto=, client CID=, server CID=, local=<uninitialized address>, 34.53.4.47:443=upstream, drain=none
E0717 01:38:30.657869     1 MoQWebTransportClient.cpp:95] std::runtime_error: Connect failed
not ok 3 - subscribe-error
  ---
  duration_ms: 2169
  error: Connect failed
  ...
E20260717 01:38:32.664520     1 HQSession.cpp:579] Connection closed with error err=Connect failed msg=connect timeout proto=, client CID=, server CID=, local=<uninitialized address>, 34.53.4.47:443=upstream, drain=none
E0717 01:38:32.664662     1 MoQWebTransportClient.cpp:95] std::runtime_error: Connect failed
not ok 4 - announce-subscribe
  ---
  duration_ms: 2006
  error: Connect failed
  ...
E20260717 01:38:34.681149     1 HQSession.cpp:579] Connection closed with error err=Connect failed msg=connect timeout proto=, client CID=, server CID=, local=<uninitialized address>, 34.53.4.47:443=upstream, drain=none
E0717 01:38:34.681296     1 MoQWebTransportClient.cpp:95] std::runtime_error: Connect failed
not ok 5 - publish-namespace-done
  ---
  duration_ms: 2016
  error: Connect failed
  ...
E20260717 01:38:36.850515     1 HQSession.cpp:579] Connection closed with error err=Connect failed msg=connect timeout proto=, client CID=, server CID=, local=<uninitialized address>, 34.53.4.47:443=upstream, drain=none
E0717 01:38:36.850658     1 MoQWebTransportClient.cpp:95] std::runtime_error: Connect failed
not ok 6 - subscribe-before-announce
  ---
  duration_ms: 2169
  error: Connect failed
  ...
make[1]: *** [Makefile:121: test-external] Error 1
make[1]: Leaving directory '/home/runner/work/moq-interop-runner/moq-interop-runner/main'
