make[1]: Entering directory '/home/runner/work/moq-interop-runner/moq-interop-runner/main'
Running tests against https://us-west-2.relay.quicr.org:33437/relay...
  Client: ghcr.io/openmoq/moqx-interop-client:latest
docker run --rm \
	 \
	--network host \
	-e RELAY_URL=https://us-west-2.relay.quicr.org:33437/relay \
	-e TLS_DISABLE_VERIFY=1 \
	ghcr.io/openmoq/moqx-interop-client:latest
TAP version 14
# moxygen interop test client
# Relay: https://us-west-2.relay.quicr.org:33437/relay
# Transport: WebTransport
1..6
W0717 01:37:13.286106     1 MoQWebTransportClient.cpp:175] WebTransport: No WT-Protocol header in response, will use legacy version negotiation
E0717 01:37:13.306759     1 MoQFramer.cpp:1124] Server selected version draft-1 but we only offer draft-14 in legacy mode
E0717 01:37:13.306784     1 MoQCodec.cpp:126] Conn error=21
E0717 01:37:13.306789     1 MoQSession.cpp:5259] MoQCodec control stream parse error err=21
not ok 1 - setup-only
  ---
  duration_ms: 247
  error: coroutine operation cancelled
  ...
W0717 01:37:13.497582     1 MoQWebTransportClient.cpp:175] WebTransport: No WT-Protocol header in response, will use legacy version negotiation
E0717 01:37:13.518157     1 MoQFramer.cpp:1124] Server selected version draft-1 but we only offer draft-14 in legacy mode
E0717 01:37:13.518184     1 MoQCodec.cpp:126] Conn error=21
E0717 01:37:13.518189     1 MoQSession.cpp:5259] MoQCodec control stream parse error err=21
not ok 2 - announce-only
  ---
  duration_ms: 211
  error: coroutine operation cancelled
  ...
W0717 01:37:13.711476     1 MoQWebTransportClient.cpp:175] WebTransport: No WT-Protocol header in response, will use legacy version negotiation
E0717 01:37:13.731732     1 MoQFramer.cpp:1124] Server selected version draft-1 but we only offer draft-14 in legacy mode
E0717 01:37:13.731769     1 MoQCodec.cpp:126] Conn error=21
E0717 01:37:13.731774     1 MoQSession.cpp:5259] MoQCodec control stream parse error err=21
not ok 3 - subscribe-error
  ---
  duration_ms: 213
  error: coroutine operation cancelled
  ...
W0717 01:37:13.777407     1 MoQWebTransportClient.cpp:175] WebTransport: No WT-Protocol header in response, will use legacy version negotiation
E0717 01:37:13.797652     1 MoQFramer.cpp:1124] Server selected version draft-1 but we only offer draft-14 in legacy mode
E0717 01:37:13.797676     1 MoQCodec.cpp:126] Conn error=21
E0717 01:37:13.797680     1 MoQSession.cpp:5259] MoQCodec control stream parse error err=21
not ok 4 - announce-subscribe
  ---
  duration_ms: 65
  error: coroutine operation cancelled
  ...
W0717 01:37:13.873391     1 MoQWebTransportClient.cpp:175] WebTransport: No WT-Protocol header in response, will use legacy version negotiation
E0717 01:37:13.893814     1 MoQFramer.cpp:1124] Server selected version draft-1 but we only offer draft-14 in legacy mode
E0717 01:37:13.893840     1 MoQCodec.cpp:126] Conn error=21
E0717 01:37:13.893844     1 MoQSession.cpp:5259] MoQCodec control stream parse error err=21
not ok 5 - publish-namespace-done
  ---
  duration_ms: 95
  error: coroutine operation cancelled
  ...
W0717 01:37:13.939300     1 MoQWebTransportClient.cpp:175] WebTransport: No WT-Protocol header in response, will use legacy version negotiation
E0717 01:37:13.959740     1 MoQFramer.cpp:1124] Server selected version draft-1 but we only offer draft-14 in legacy mode
E0717 01:37:13.959770     1 MoQCodec.cpp:126] Conn error=21
E0717 01:37:13.959774     1 MoQSession.cpp:5259] MoQCodec control stream parse error err=21
not ok 6 - subscribe-before-announce
  ---
  duration_ms: 65
  error: coroutine operation cancelled
  ...
make[1]: *** [Makefile:121: test-external] Error 1
make[1]: Leaving directory '/home/runner/work/moq-interop-runner/moq-interop-runner/main'
