make[1]: Entering directory '/home/runner/work/moq-interop-runner/moq-interop-runner/main'
Running tests against https://lminiero.it:9000...
  Client: ghcr.io/englishm/moq-interop-runner-moq-test-client-draft-18:latest
docker run --rm \
	 \
	--network host \
	-e RELAY_URL=https://lminiero.it:9000 \
	-e TLS_DISABLE_VERIFY=false \
	ghcr.io/englishm/moq-interop-runner-moq-test-client-draft-18:latest
TAP version 14
# moq-test-client v0.1.10
# Relay: https://lminiero.it:9000/
1..6
[2m2026-07-24T00:57:16.109344Z[0m [32m INFO[0m [2mmoq_native_ietf::quic[0m[2m:[0m UDP socket bound [3mbind[0m[2m=[0m[::]:0 [3mlocal[0m[2m=[0m[::]:48457 [3mdual_stack[0m[2m=[0mtrue
[2m2026-07-24T00:57:17.012949Z[0m [32m INFO[0m [2mmoq_test_client::scenarios[0m[2m:[0m SETUP exchange completed successfully
ok 1 - setup-only
  ---
  duration_ms: 904
  connection_id: e222e46ecaa435013e9c8fc8f5bd8074
  ...
[2m2026-07-24T00:57:17.013911Z[0m [32m INFO[0m [2mmoq_native_ietf::quic[0m[2m:[0m UDP socket bound [3mbind[0m[2m=[0m[::]:0 [3mlocal[0m[2m=[0m[::]:42977 [3mdual_stack[0m[2m=[0mtrue
[2m2026-07-24T00:57:19.126333Z[0m [32m INFO[0m [2mmoq_test_client::scenarios[0m[2m:[0m Sending PUBLISH_NAMESPACE for: moq-test/interop
[2m2026-07-24T00:57:21.128147Z[0m [32m INFO[0m [2mmoq_test_client::scenarios[0m[2m:[0m PUBLISH_NAMESPACE succeeded (REQUEST_OK received, waiting for subscribers)
ok 2 - publish-namespace-only
  ---
  duration_ms: 4115
  connection_id: 129544049ffcea5e147c2689eedec217
  ...
[2m2026-07-24T00:57:21.129400Z[0m [32m INFO[0m [2mmoq_native_ietf::quic[0m[2m:[0m UDP socket bound [3mbind[0m[2m=[0m[::]:0 [3mlocal[0m[2m=[0m[::]:46433 [3mdual_stack[0m[2m=[0mtrue
[2m2026-07-24T00:57:22.004839Z[0m [32m INFO[0m [2mmoq_test_client::scenarios[0m[2m:[0m Subscribing to non-existent track: nonexistent/namespace/test-track
[2m2026-07-24T00:57:22.156408Z[0m [33m WARN[0m [2mmoq_transport::serve::error[0m[2m:[0m [b77dd7fc-d4dc-4d3b-be25-2312d981ec52] Not found: Namespace not found at moq-transport/src/session/subscriber.rs:483
[2m2026-07-24T00:57:22.156435Z[0m [33m WARN[0m [2mmoq_transport::session::reader[0m[2m:[0m [READER] decode: stream ended while waiting for data (have=0 bytes, need=1)
[2m2026-07-24T00:57:22.156481Z[0m [32m INFO[0m [2mmoq_test_client::scenarios[0m[2m:[0m Got expected 'not found' error: not found: Track not found [error:b77dd7fc-d4dc-4d3b-be25-2312d981ec52]
ok 3 - subscribe-error
  ---
  duration_ms: 1028
  connection_id: d8a5cc9acbe4f148416f67cd6fbcb179
  ...
[2m2026-07-24T00:57:22.157513Z[0m [32m INFO[0m [2mmoq_native_ietf::quic[0m[2m:[0m UDP socket bound [3mbind[0m[2m=[0m[::]:0 [3mlocal[0m[2m=[0m[::]:48892 [3mdual_stack[0m[2m=[0mtrue
[2m2026-07-24T00:57:23.894640Z[0m [32m INFO[0m [2mmoq_native_ietf::quic[0m[2m:[0m UDP socket bound [3mbind[0m[2m=[0m[::]:0 [3mlocal[0m[2m=[0m[::]:34430 [3mdual_stack[0m[2m=[0mtrue
[2m2026-07-24T00:57:24.484093Z[0m [32m INFO[0m [2mmoq_test_client::scenarios[0m[2m:[0m Publisher sending PUBLISH_NAMESPACE: moq-test/interop
[2m2026-07-24T00:57:24.484117Z[0m [32m INFO[0m [2mmoq_test_client::scenarios[0m[2m:[0m Subscriber subscribing to track: moq-test/interop/test-track
[2m2026-07-24T00:57:24.633597Z[0m [33m WARN[0m [2mmoq_transport::serve::error[0m[2m:[0m [cfc74a0e-2e35-4fe2-925b-6437d467b38a] Not found: Namespace not found at moq-transport/src/session/subscriber.rs:483
[2m2026-07-24T00:57:24.633621Z[0m [33m WARN[0m [2mmoq_transport::session::reader[0m[2m:[0m [READER] decode: stream ended while waiting for data (have=0 bytes, need=1)
[2m2026-07-24T00:57:24.633816Z[0m [32m INFO[0m [2mmoq_test_client::scenarios[0m[2m:[0m Subscriber got error: not found: Track not found [error:cfc74a0e-2e35-4fe2-925b-6437d467b38a] - subscription was processed
ok 4 - publish-namespace-subscribe
  ---
  duration_ms: 2477
  publisher_connection_id: 38b1278a52d6c474c52693fe88829e6d
  subscriber_connection_id: 09513a019be667815ece3de4e468ff68
  ...
[2m2026-07-24T00:57:24.634750Z[0m [32m INFO[0m [2mmoq_native_ietf::quic[0m[2m:[0m UDP socket bound [3mbind[0m[2m=[0m[::]:0 [3mlocal[0m[2m=[0m[::]:36513 [3mdual_stack[0m[2m=[0mtrue
[2m2026-07-24T00:57:26.209996Z[0m [32m INFO[0m [2mmoq_test_client::scenarios[0m[2m:[0m Subscriber subscribing BEFORE PUBLISH_NAMESPACE: moq-test/interop/test-track
[2m2026-07-24T00:57:26.360305Z[0m [33m WARN[0m [2mmoq_transport::serve::error[0m[2m:[0m [9017a568-80ba-4595-b4c8-5707e6bd60c5] Not found: Namespace not found at moq-transport/src/session/subscriber.rs:483
[2m2026-07-24T00:57:26.360327Z[0m [33m WARN[0m [2mmoq_transport::session::reader[0m[2m:[0m [READER] decode: stream ended while waiting for data (have=0 bytes, need=1)
[2m2026-07-24T00:57:26.712029Z[0m [32m INFO[0m [2mmoq_native_ietf::quic[0m[2m:[0m UDP socket bound [3mbind[0m[2m=[0m[::]:0 [3mlocal[0m[2m=[0m[::]:46741 [3mdual_stack[0m[2m=[0mtrue
[2m2026-07-24T00:57:27.288225Z[0m [32m INFO[0m [2mmoq_test_client::scenarios[0m[2m:[0m Publisher sending PUBLISH_NAMESPACE (after subscriber): moq-test/interop
[2m2026-07-24T00:57:30.290051Z[0m [32m INFO[0m [2mmoq_test_client::scenarios[0m[2m:[0m Publisher PUBLISH_NAMESPACE timeout (expected)
[2m2026-07-24T00:57:30.290076Z[0m [32m INFO[0m [2mmoq_test_client::scenarios[0m[2m:[0m Subscriber got error: not found: Track not found [error:9017a568-80ba-4595-b4c8-5707e6bd60c5] (may be expected)
ok 5 - subscribe-before-publish-namespace
  ---
  duration_ms: 5656
  subscriber_connection_id: 0de6f129b23974c120d3cb36510d1846
  publisher_connection_id: 1575dd9098404c753bf858a8fda77fc5
  ...
[2m2026-07-24T00:57:30.290987Z[0m [32m INFO[0m [2mmoq_native_ietf::quic[0m[2m:[0m UDP socket bound [3mbind[0m[2m=[0m[::]:0 [3mlocal[0m[2m=[0m[::]:39163 [3mdual_stack[0m[2m=[0mtrue
[2m2026-07-24T00:57:30.878169Z[0m [32m INFO[0m [2mmoq_test_client::scenarios[0m[2m:[0m Sending PUBLISH_NAMESPACE: moq-test/interop
[2m2026-07-24T00:57:32.878930Z[0m [32m INFO[0m [2mmoq_test_client::scenarios[0m[2m:[0m PUBLISH_NAMESPACE active; sending PUBLISH_NAMESPACE_DONE
[2m2026-07-24T00:57:32.979447Z[0m [32m INFO[0m [2mmoq_test_client::scenarios[0m[2m:[0m PUBLISH_NAMESPACE_DONE sent successfully
ok 6 - publish-namespace-done
  ---
  duration_ms: 2689
  connection_id: 733f04176ee6359edf924b0d7056a3ce
  ...
make[1]: Leaving directory '/home/runner/work/moq-interop-runner/moq-interop-runner/main'
