make[1]: Entering directory '/home/runner/work/moq-interop-runner/moq-interop-runner/main'
Running tests against moqt://moqt.nokiaresearch.com:4443/moq...
  Client: ghcr.io/englishm/moq-interop-runner-moq-test-client-draft-18:latest
docker run --rm \
	 \
	--network host \
	-e RELAY_URL=moqt://moqt.nokiaresearch.com:4443/moq \
	-e TLS_DISABLE_VERIFY=false \
	ghcr.io/englishm/moq-interop-runner-moq-test-client-draft-18:latest
TAP version 14
# moq-test-client v0.1.10
# Relay: moqt://moqt.nokiaresearch.com:4443/moq
1..6
[2m2026-07-24T00:59:44.851107Z[0m [32m INFO[0m [2mmoq_native_ietf::quic[0m[2m:[0m UDP socket bound [3mbind[0m[2m=[0m[::]:0 [3mlocal[0m[2m=[0m[::]:42092 [3mdual_stack[0m[2m=[0mtrue
[2m2026-07-24T00:59:45.369215Z[0m [32m INFO[0m [2mmoq_test_client::scenarios[0m[2m:[0m SETUP exchange completed successfully
ok 1 - setup-only
  ---
  duration_ms: 519
  connection_id: 6615df1bb3452eaf04fb13fd2dc1cd01
  ...
[2m2026-07-24T00:59:45.370168Z[0m [32m INFO[0m [2mmoq_native_ietf::quic[0m[2m:[0m UDP socket bound [3mbind[0m[2m=[0m[::]:0 [3mlocal[0m[2m=[0m[::]:36454 [3mdual_stack[0m[2m=[0mtrue
[2m2026-07-24T00:59:45.877856Z[0m [32m INFO[0m [2mmoq_test_client::scenarios[0m[2m:[0m Sending PUBLISH_NAMESPACE for: moq-test/interop
[2m2026-07-24T00:59:47.878426Z[0m [32m INFO[0m [2mmoq_test_client::scenarios[0m[2m:[0m PUBLISH_NAMESPACE succeeded (REQUEST_OK received, waiting for subscribers)
ok 2 - publish-namespace-only
  ---
  duration_ms: 2509
  connection_id: 13c3c7c2d942b846e70282e8540d9388
  ...
[2m2026-07-24T00:59:47.879572Z[0m [32m INFO[0m [2mmoq_native_ietf::quic[0m[2m:[0m UDP socket bound [3mbind[0m[2m=[0m[::]:0 [3mlocal[0m[2m=[0m[::]:35982 [3mdual_stack[0m[2m=[0mtrue
[2m2026-07-24T00:59:48.337038Z[0m [32m INFO[0m [2mmoq_test_client::scenarios[0m[2m:[0m Subscribing to non-existent track: nonexistent/namespace/test-track
[2m2026-07-24T00:59:48.479522Z[0m [33m WARN[0m [2mmoq_transport::serve::error[0m[2m:[0m [5cb1ca59-c842-4288-b1ce-68620b89142f] Not found: Track /nonexistent/namespace/test-track does not exist at moq-transport/src/session/subscriber.rs:483
[2m2026-07-24T00:59:48.479541Z[0m [33m WARN[0m [2mmoq_transport::session::reader[0m[2m:[0m [READER] decode: stream ended while waiting for data (have=0 bytes, need=1)
[2m2026-07-24T00:59:48.479578Z[0m [32m INFO[0m [2mmoq_test_client::scenarios[0m[2m:[0m Got expected 'not found' error: not found: Track not found [error:5cb1ca59-c842-4288-b1ce-68620b89142f]
ok 3 - subscribe-error
  ---
  duration_ms: 601
  connection_id: 03f6267199f25a5b318b391ecf268d87
  ...
[2m2026-07-24T00:59:48.480606Z[0m [32m INFO[0m [2mmoq_native_ietf::quic[0m[2m:[0m UDP socket bound [3mbind[0m[2m=[0m[::]:0 [3mlocal[0m[2m=[0m[::]:57437 [3mdual_stack[0m[2m=[0mtrue
[2m2026-07-24T00:59:48.912066Z[0m [32m INFO[0m [2mmoq_native_ietf::quic[0m[2m:[0m UDP socket bound [3mbind[0m[2m=[0m[::]:0 [3mlocal[0m[2m=[0m[::]:56212 [3mdual_stack[0m[2m=[0mtrue
[2m2026-07-24T00:59:49.361625Z[0m [32m INFO[0m [2mmoq_test_client::scenarios[0m[2m:[0m Publisher sending PUBLISH_NAMESPACE: moq-test/interop
[2m2026-07-24T00:59:49.361649Z[0m [32m INFO[0m [2mmoq_test_client::scenarios[0m[2m:[0m Subscriber subscribing to track: moq-test/interop/test-track
[2m2026-07-24T00:59:49.503321Z[0m [33m WARN[0m [2mmoq_transport::session::reader[0m[2m:[0m [READER] decode: stream ended while waiting for data (have=0 bytes, need=1)
[2m2026-07-24T00:59:52.362401Z[0m [32m INFO[0m [2mmoq_test_client::scenarios[0m[2m:[0m Test timeout reached - subscription routing may still be in progress
ok 4 - publish-namespace-subscribe
  ---
  duration_ms: 3882
  publisher_connection_id: af5c84eaf41b0fc7aa55751968dbfadc
  subscriber_connection_id: deea6484d80dfc29ef585ffba702f8df
  ...
[2m2026-07-24T00:59:52.363336Z[0m [32m INFO[0m [2mmoq_native_ietf::quic[0m[2m:[0m UDP socket bound [3mbind[0m[2m=[0m[::]:0 [3mlocal[0m[2m=[0m[::]:33574 [3mdual_stack[0m[2m=[0mtrue
[2m2026-07-24T00:59:52.818111Z[0m [32m INFO[0m [2mmoq_test_client::scenarios[0m[2m:[0m Subscriber subscribing BEFORE PUBLISH_NAMESPACE: moq-test/interop/test-track
[2m2026-07-24T00:59:52.960174Z[0m [33m WARN[0m [2mmoq_transport::serve::error[0m[2m:[0m [4cc83146-ef4d-4c4d-95c2-c14624a57b9e] Not found: Track /moq-test/interop/test-track does not exist at moq-transport/src/session/subscriber.rs:483
[2m2026-07-24T00:59:52.960201Z[0m [33m WARN[0m [2mmoq_transport::session::reader[0m[2m:[0m [READER] decode: stream ended while waiting for data (have=0 bytes, need=1)
[2m2026-07-24T00:59:53.320231Z[0m [32m INFO[0m [2mmoq_native_ietf::quic[0m[2m:[0m UDP socket bound [3mbind[0m[2m=[0m[::]:0 [3mlocal[0m[2m=[0m[::]:39507 [3mdual_stack[0m[2m=[0mtrue
[2m2026-07-24T00:59:53.770182Z[0m [32m INFO[0m [2mmoq_test_client::scenarios[0m[2m:[0m Publisher sending PUBLISH_NAMESPACE (after subscriber): moq-test/interop
[2m2026-07-24T00:59:56.771876Z[0m [32m INFO[0m [2mmoq_test_client::scenarios[0m[2m:[0m Publisher PUBLISH_NAMESPACE timeout (expected)
[2m2026-07-24T00:59:56.771904Z[0m [32m INFO[0m [2mmoq_test_client::scenarios[0m[2m:[0m Subscriber got error: not found: Track not found [error:4cc83146-ef4d-4c4d-95c2-c14624a57b9e] (may be expected)
ok 5 - subscribe-before-publish-namespace
  ---
  duration_ms: 4409
  subscriber_connection_id: 6b51c4f31b4b362d14a484dec5d2e1fa
  publisher_connection_id: 17ad0800449af2b617df2d00572704f0
  ...
[2m2026-07-24T00:59:56.772955Z[0m [32m INFO[0m [2mmoq_native_ietf::quic[0m[2m:[0m UDP socket bound [3mbind[0m[2m=[0m[::]:0 [3mlocal[0m[2m=[0m[::]:41985 [3mdual_stack[0m[2m=[0mtrue
[2m2026-07-24T00:59:57.344628Z[0m [32m INFO[0m [2mmoq_test_client::scenarios[0m[2m:[0m Sending PUBLISH_NAMESPACE: moq-test/interop
[2m2026-07-24T00:59:59.346104Z[0m [32m INFO[0m [2mmoq_test_client::scenarios[0m[2m:[0m PUBLISH_NAMESPACE active; sending PUBLISH_NAMESPACE_DONE
[2m2026-07-24T00:59:59.447442Z[0m [32m INFO[0m [2mmoq_test_client::scenarios[0m[2m:[0m PUBLISH_NAMESPACE_DONE sent successfully
ok 6 - publish-namespace-done
  ---
  duration_ms: 2675
  connection_id: 600409c9ca0192e92b80e17649efe6cf
  ...
make[1]: Leaving directory '/home/runner/work/moq-interop-runner/moq-interop-runner/main'
