make[1]: Entering directory '/home/runner/work/moq-interop-runner/moq-interop-runner/main'
Running tests against https://quichemoq.dev:443...
  Client: ghcr.io/eyevinn/mlmtest:latest
docker run --rm \
	 \
	--network host \
	-e RELAY_URL=https://quichemoq.dev:443 \
	-e TLS_DISABLE_VERIFY=false \
	ghcr.io/eyevinn/mlmtest:latest
TAP version 14
# moqlivemock 0.12.0, date: 2026-07-06
# Relay: https://quichemoq.dev:443
# Draft: 16 (ALPN: moqt-16)
1..6
2026/07/24 01:37:46 failed to sufficiently increase receive buffer size (was: 1024 kiB, wanted: 7168 kiB, got: 2048 kiB). See https://github.com/quic-go/quic-go/wiki/UDP-Buffer-Sizes for details.
not ok 1 - setup-only
  ---
  error: QUIC dial: context deadline exceeded
  ...
not ok 2 - announce-only
  ---
  error: QUIC dial: context deadline exceeded
  ...
not ok 3 - publish-namespace-done
  ---
  error: QUIC dial: context deadline exceeded
  ...
not ok 4 - subscribe-error
  ---
  error: QUIC dial: context deadline exceeded
  ...
not ok 5 - announce-subscribe
  ---
  error: publisher: QUIC dial: context deadline exceeded
  ...
not ok 6 - subscribe-before-announce
  ---
  error: subscriber dial: QUIC dial: context deadline exceeded
  ...
make[1]: *** [Makefile:122: test-external] Error 1
make[1]: Leaving directory '/home/runner/work/moq-interop-runner/moq-interop-runner/main'
