make[1]: Entering directory '/home/runner/work/moq-interop-runner/moq-interop-runner/main'
Running tests against https://quichemoq.dev:443...
  Client: moq-test-client:latest
docker run --rm \
	--network host \
	-e RELAY_URL=https://quichemoq.dev:443 \
	-e TLS_DISABLE_VERIFY=false \
	moq-test-client:latest
TAP version 14
# moq-test-client v0.1.0
# Relay: https://quichemoq.dev/
1..6
ok 1 - setup-only
  ---
  duration_ms: 252
  connection_id: c42e82fa738ab6150ae873517e08b7e5
  ...
ok 2 - announce-only
  ---
  duration_ms: 2113
  connection_id: 3848137225ad83aaea64573e2c192cc5
  ...
ok 3 - subscribe-error
  ---
  duration_ms: 108
  connection_id: 338a7cd4f89312a870017a4c24c74c9e
  ...
ok 4 - announce-subscribe
  ---
  duration_ms: 314
  publisher_connection_id: c31a01fce962965875f450be98058cff
  subscriber_connection_id: a1e960194cf9b05fcdf2855fc78acc68
  ...
ok 5 - subscribe-before-announce
  ---
  duration_ms: 3972
  subscriber_connection_id: 0d85444d0f96705c2472df09ea84f7e1
  publisher_connection_id: 794941f7cb855eba4205e2846321631f
  ...
ok 6 - publish-namespace-done
  ---
  duration_ms: 2319
  connection_id: b4bc02df43300b94a6737869f3298e74
  ...
make[1]: Leaving directory '/home/runner/work/moq-interop-runner/moq-interop-runner/main'
