make[1]: Entering directory '/home/runner/work/moq-interop-runner/moq-interop-runner/main'
Running tests against moqt://lminiero.it:9000...
  Client: moq-test-client:latest
docker run --rm \
	--network host \
	-e RELAY_URL=moqt://lminiero.it:9000 \
	-e TLS_DISABLE_VERIFY=1 \
	moq-test-client:latest
TAP version 14
# moq-test-client v0.1.0
# Relay: moqt://lminiero.it:9000
1..6
ok 1 - setup-only
  ---
  duration_ms: 679
  connection_id: 622969e43aaa2b09ce68f6da7c6447c8
  ...
ok 2 - announce-only
  ---
  duration_ms: 2334
  connection_id: 58a16c9a73d4e3c64f05b6602bf8b3e5
  ...
ok 3 - subscribe-error
  ---
  duration_ms: 505
  connection_id: fa95b75361e4cdc08c8db40632972935
  ...
ok 4 - announce-subscribe
  ---
  duration_ms: 4009
  publisher_connection_id: 82531830e76b52e220f1ece6044a3232
  subscriber_connection_id: 509bdb5129a00df6a521c25bbf1826a8
  ...
ok 5 - subscribe-before-announce
  ---
  duration_ms: 4528
  subscriber_connection_id: bf1a8c1c2dc422b533d4d8b119265c68
  publisher_connection_id: 84e771bf219897b5599abfc96e61f140
  ...
ok 6 - publish-namespace-done
  ---
  duration_ms: 2451
  connection_id: 55c8ac0957e87eb4c3b619675b3e2e8f
  ...
make[1]: Leaving directory '/home/runner/work/moq-interop-runner/moq-interop-runner/main'
