make[1]: Entering directory '/home/runner/work/moq-interop-runner/moq-interop-runner/main'
Running tests against https://fb.mvfst.net:9448/moq-relay...
  Client: moq-test-client:latest
docker run --rm \
	--network host \
	-e RELAY_URL=https://fb.mvfst.net:9448/moq-relay \
	-e TLS_DISABLE_VERIFY=1 \
	moq-test-client:latest
TAP version 14
# moq-test-client v0.1.0
# Relay: https://fb.mvfst.net:9448/moq-relay
1..6
ok 1 - setup-only
  ---
  duration_ms: 253
  connection_id: 3d38dd81a28f2563c19e41e2584c98e0
  ...
ok 2 - announce-only
  ---
  duration_ms: 2254
  connection_id: 882fd99f5ab405ad796ee383d81ca8a2
  ...
ok 3 - subscribe-error
  ---
  duration_ms: 341
  connection_id: 3c6be8ab963dccf9de512d3fd7e3442f
  ...
ok 4 - announce-subscribe
  ---
  duration_ms: 467
  publisher_connection_id: 58a52905cef97dc1446c43c5af46e705
  subscriber_connection_id: da12b8ae66271df3e7865c5c7d536534
  ...
ok 5 - subscribe-before-announce
  ---
  duration_ms: 3957
  subscriber_connection_id: 9fb5a28ca261b50e1388b0c399dd8a91
  publisher_connection_id: 4d88dd5c8b933e29eb7c60d22b569a84
  ...
ok 6 - publish-namespace-done
  ---
  duration_ms: 2358
  connection_id: 7c7a52a538064a1640a48b689376d9df
  ...
make[1]: Leaving directory '/home/runner/work/moq-interop-runner/moq-interop-runner/main'
