make[1]: Entering directory '/home/runner/work/moq-interop-runner/moq-interop-runner/main'
Running tests against https://lminiero.it:9000...
  Client: ghcr.io/englishm/moq-interop-runner-moq-test-client-draft-16:latest
docker run --rm \
	--network host \
	-e RELAY_URL=https://lminiero.it:9000 \
	-e TLS_DISABLE_VERIFY=false \
	ghcr.io/englishm/moq-interop-runner-moq-test-client-draft-16:latest
TAP version 14
# moq-test-client v0.1.0
# Relay: https://lminiero.it:9000/
1..6
ok 1 - setup-only
  ---
  duration_ms: 1267
  connection_id: 916605f217ff7d635291c087de75f600
  ...
ok 2 - announce-only
  ---
  duration_ms: 3210
  connection_id: 1e7788b0f084b1df1f359c617e2eb36a
  ...
ok 3 - subscribe-error
  ---
  duration_ms: 1381
  connection_id: 97c7b5577fda9ad7f5085b8720b1f0b5
  ...
ok 4 - announce-subscribe
  ---
  duration_ms: 4914
  publisher_connection_id: f43d432ef3c35c5288b89197d448fecd
  subscriber_connection_id: 6a1093a10b1a364dee47c257da08ca68
  ...
ok 5 - subscribe-before-announce
  ---
  duration_ms: 6554
  subscriber_connection_id: bbd66f1c635a380759b2a9da4a0b7e64
  publisher_connection_id: 981dc4c4665cb0f2f8773b43a2207466
  ...
ok 6 - publish-namespace-done
  ---
  duration_ms: 2962
  connection_id: d8dc0080d740c77350cc04cc4ed3267b
  ...
make[1]: Leaving directory '/home/runner/work/moq-interop-runner/moq-interop-runner/main'
