make[1]: Entering directory '/home/runner/work/moq-interop-runner/moq-interop-runner/main'
Running tests against moqt://moqx-000.ci.openmoq.org:4433...
  Client: ghcr.io/englishm/moq-interop-runner-moq-test-client:latest
docker run --rm \
	--network host \
	-e RELAY_URL=moqt://moqx-000.ci.openmoq.org:4433 \
	-e TLS_DISABLE_VERIFY=false \
	ghcr.io/englishm/moq-interop-runner-moq-test-client:latest
TAP version 14
# moq-test-client v0.1.0
# Relay: moqt://moqx-000.ci.openmoq.org:4433
1..6
ok 1 - setup-only
  ---
  duration_ms: 104
  connection_id: 7b55a64eaee257d4e8ea001230910ffd
  ...
ok 2 - announce-only
  ---
  duration_ms: 2100
  connection_id: 1eedfdfc291c0f1b1920e159f67abfc6
  ...
ok 3 - subscribe-error
  ---
  duration_ms: 169
  connection_id: 6587a94d78ec4b007fa6ddce361ee60a
  ...
ok 4 - announce-subscribe
  ---
  duration_ms: 277
  publisher_connection_id: b91a3a0ad4701408e598ba5fd4eada76
  subscriber_connection_id: f9e3b56b4436f521750452371f616d62
  ...
ok 5 - subscribe-before-announce
  ---
  duration_ms: 3724
  subscriber_connection_id: 397e10de898d25437cc90798455c7496
  publisher_connection_id: 1858e28ff4e014750c7ca02b0ddfeb35
  ...
ok 6 - publish-namespace-done
  ---
  duration_ms: 2227
  connection_id: e0c6c53ba4ba3948eb86f23ea8db44ff
  ...
make[1]: Leaving directory '/home/runner/work/moq-interop-runner/moq-interop-runner/main'
