make[1]: Entering directory '/home/runner/work/moq-interop-runner/moq-interop-runner/main'
Running tests against https://fb.mvfst.net:9448/moq-relay...
  Client: ghcr.io/englishm/moq-interop-runner-moq-test-client:latest
docker run --rm \
	--network host \
	-e RELAY_URL=https://fb.mvfst.net:9448/moq-relay \
	-e TLS_DISABLE_VERIFY=1 \
	ghcr.io/englishm/moq-interop-runner-moq-test-client:latest
TAP version 14
# moq-test-client v0.1.0
# Relay: https://fb.mvfst.net:9448/moq-relay
1..6
ok 1 - setup-only
  ---
  duration_ms: 208
  connection_id: 0219717ce1df5c21cb87dc4180c026e6
  ...
ok 2 - announce-only
  ---
  duration_ms: 2210
  connection_id: 007ac3a01fe171d280ce22580d50408d
  ...
ok 3 - subscribe-error
  ---
  duration_ms: 236
  connection_id: 766716eb6017292386542b218b8ef781
  ...
ok 4 - announce-subscribe
  ---
  duration_ms: 462
  publisher_connection_id: 099c8e8bf12b2c4f40ffd4b6edd1803e
  subscriber_connection_id: 1371ba4146fb6936351d744e9a93a318
  ...
ok 5 - subscribe-before-announce
  ---
  duration_ms: 3864
  subscriber_connection_id: a3fe83e106f5b12c67440457d83b307b
  publisher_connection_id: b6d433caa79459602dd16f3483c3f2d9
  ...
ok 6 - publish-namespace-done
  ---
  duration_ms: 2313
  connection_id: 4e28a1e7172f8a4b4d8d3a6717a4ce48
  ...
make[1]: Leaving directory '/home/runner/work/moq-interop-runner/moq-interop-runner/main'
