make[1]: Entering directory '/home/runner/work/moq-interop-runner/moq-interop-runner/main'
Running tests against https://moqx-000.ci.openmoq.org:4433/moq-relay...
  Client: ghcr.io/englishm/moq-interop-runner-moq-test-client:latest
docker run --rm \
	--network host \
	-e RELAY_URL=https://moqx-000.ci.openmoq.org:4433/moq-relay \
	-e TLS_DISABLE_VERIFY=false \
	ghcr.io/englishm/moq-interop-runner-moq-test-client:latest
TAP version 14
# moq-test-client v0.1.0
# Relay: https://moqx-000.ci.openmoq.org:4433/moq-relay
1..6
ok 1 - setup-only
  ---
  duration_ms: 255
  connection_id: d69a660663025691a3cac6925586daba
  ...
ok 2 - announce-only
  ---
  duration_ms: 2462
  connection_id: 4f5a3042fbedd56992a96c4daeeaf5cd
  ...
ok 3 - subscribe-error
  ---
  duration_ms: 237
  connection_id: ea5ff69c78a6e6cb9b1e3db8f7b9906c
  ...
ok 4 - announce-subscribe
  ---
  duration_ms: 3427
  publisher_connection_id: 466882f9e8b04b69cd883fea0d63f8c1
  subscriber_connection_id: 4172dc03b762fd88649cb4ca8d2c9dec
  ...
ok 5 - subscribe-before-announce
  ---
  duration_ms: 3913
  subscriber_connection_id: 3d131009c07d43a1c1a2a584b67a12e4
  publisher_connection_id: 28e988e42184710513af462eb76bf38f
  ...
ok 6 - publish-namespace-done
  ---
  duration_ms: 2357
  connection_id: 48db0edb7dd2a6e39368081e70f8482e
  ...
make[1]: Leaving directory '/home/runner/work/moq-interop-runner/moq-interop-runner/main'
