make[1]: Entering directory '/home/runner/work/moq-interop-runner/moq-interop-runner/main'
Running tests against moqt://moqt.nokiaresearch.com:4443/moq...
  Client: ghcr.io/gmarzot/aiomoqt:latest
docker run --rm \
	 \
	--network host \
	-e RELAY_URL=moqt://moqt.nokiaresearch.com:4443/moq \
	-e TLS_DISABLE_VERIFY=false \
	ghcr.io/gmarzot/aiomoqt:latest
WARNING aiopquic.quic.connection: connection closed (transport): error=376
2026-07-05 00:43:48.444 ERROR: QUIC error: code: 376 reason: ConnectionTerminated
2026-07-05 00:43:48.444 ERROR: MOQT error: closing: ConnectionTerminated (376)
WARNING aiopquic.quic.connection: connection closed (transport): error=376
2026-07-05 00:43:48.600 ERROR: QUIC error: code: 376 reason: ConnectionTerminated
2026-07-05 00:43:48.601 ERROR: MOQT error: closing: ConnectionTerminated (376)
  [PASS] setup-only: SERVER_SETUP received with compatible version
  [PASS] announce-only: PUBLISH_NAMESPACE_OK received
  [PASS] publish-namespace-done: PUBLISH_NAMESPACE_OK received, PUBLISH_NAMESPACE_DONE sent
  [PASS] subscribe-error: Error received (expected): code=16
  [FAIL] announce-subscribe: SUBSCRIBE_ERROR: upstream subscribe failed: Track /moq-test/a8c4/interop/announce-subscribe/track-a8c4 does not exist
  [PASS] subscribe-before-announce: Error received (valid: relay didn't buffer): code=16
TAP version 14
# date: 2026-07-05T00:43:48Z
# ended: 2026-07-05T00:43:55Z
# target: moqt://moqt.nokiaresearch.com:4443/moq
# version: aiomoqt/0.10.5
# note: preference probe pinned draft-18
1..6
ok 1 - setup-only
  ---
  duration_ms: 620.6
  connection_id: unknown
  message: SERVER_SETUP received with compatible version
  ...
ok 2 - announce-only
  ---
  duration_ms: 769.4
  connection_id: unknown
  message: PUBLISH_NAMESPACE_OK received
  ...
ok 3 - publish-namespace-done
  ---
  duration_ms: 878.1
  connection_id: unknown
  message: PUBLISH_NAMESPACE_OK received, PUBLISH_NAMESPACE_DONE sent
  ...
ok 4 - subscribe-error
  ---
  duration_ms: 776.7
  connection_id: unknown
  message: Error received (expected): code=16
  expected: SUBSCRIBE_ERROR code=TRACK_DOES_NOT_EXIST
  ...
not ok 5 - announce-subscribe
  ---
  duration_ms: 1563.2
  publisher_connection_id: unknown
  subscriber_connection_id: unknown
  message: SUBSCRIBE_ERROR: upstream subscribe failed: Track /moq-test/a8c4/interop/announce-subscribe/track-a8c4 does not exist
  ...
ok 6 - subscribe-before-announce
  ---
  duration_ms: 1890.2
  publisher_connection_id: unknown
  subscriber_connection_id: unknown
  message: Error received (valid: relay didn't buffer): code=16
  ...
make[1]: *** [Makefile:121: test-external] Error 1
make[1]: Leaving directory '/home/runner/work/moq-interop-runner/moq-interop-runner/main'
