make[1]: Entering directory '/home/runner/work/moq-interop-runner/moq-interop-runner/main'
Running tests against https://lminiero.it:9000...
  Client: ghcr.io/englishm/moq-interop-runner-moq-test-client-draft-18:latest
docker run --rm \
	 \
	--network host \
	-e RELAY_URL=https://lminiero.it:9000 \
	-e TLS_DISABLE_VERIFY=false \
	ghcr.io/englishm/moq-interop-runner-moq-test-client-draft-18:latest
TAP version 14
# moq-test-client v0.1.6
# Relay: https://lminiero.it:9000/
1..6
[2m2026-07-05T01:02:21.375743Z[0m [32m INFO[0m [2mmoq_native_ietf::quic[0m[2m:[0m UDP socket bound [3mbind[0m[2m=[0m[::]:0 [3mlocal[0m[2m=[0m[::]:49047 [3mdual_stack[0m[2m=[0mtrue
[2m2026-07-05T01:02:22.326053Z[0m [32m INFO[0m [2mmoq_test_client::scenarios[0m[2m:[0m SETUP exchange completed successfully
ok 1 - setup-only
  ---
  duration_ms: 950
  connection_id: 930fd38b66b7663d9fe94432348c6f38
  ...
[2m2026-07-05T01:02:22.326499Z[0m [32m INFO[0m [2mmoq_native_ietf::quic[0m[2m:[0m UDP socket bound [3mbind[0m[2m=[0m[::]:0 [3mlocal[0m[2m=[0m[::]:39935 [3mdual_stack[0m[2m=[0mtrue
[2m2026-07-05T01:02:23.286272Z[0m [32m INFO[0m [2mmoq_test_client::scenarios[0m[2m:[0m Sending PUBLISH_NAMESPACE for: moq-test/interop
not ok 2 - publish-namespace-only
  ---
  duration_ms: 960
  message: "PUBLISH_NAMESPACE failed: too many requests"
  ...
[2m2026-07-05T01:02:23.286745Z[0m [32m INFO[0m [2mmoq_native_ietf::quic[0m[2m:[0m UDP socket bound [3mbind[0m[2m=[0m[::]:0 [3mlocal[0m[2m=[0m[::]:34886 [3mdual_stack[0m[2m=[0mtrue
[2m2026-07-05T01:02:24.239705Z[0m [32m INFO[0m [2mmoq_test_client::scenarios[0m[2m:[0m Subscribing to non-existent track: nonexistent/namespace/test-track
[2m2026-07-05T01:02:24.239732Z[0m [31mERROR[0m [2mmoq_transport::serve::error[0m[2m:[0m [5daf5052-afb9-43dc-a5be-29bfc18c471f] Internal error: request ID limit: too many requests at /build/moq-transport/src/session/subscriber.rs:191
[2m2026-07-05T01:02:24.239748Z[0m [33m WARN[0m [2mmoq_test_client::scenarios[0m[2m:[0m Got error but not clearly 'not found': internal error: Internal error [error:5daf5052-afb9-43dc-a5be-29bfc18c471f]. Relay may use different error text.
ok 3 - subscribe-error
  ---
  duration_ms: 953
  connection_id: ed62a437e9b5e20a96eef42a990dbf4e
  ...
[2m2026-07-05T01:02:24.240196Z[0m [32m INFO[0m [2mmoq_native_ietf::quic[0m[2m:[0m UDP socket bound [3mbind[0m[2m=[0m[::]:0 [3mlocal[0m[2m=[0m[::]:45299 [3mdual_stack[0m[2m=[0mtrue
[2m2026-07-05T01:02:24.879020Z[0m [32m INFO[0m [2mmoq_native_ietf::quic[0m[2m:[0m UDP socket bound [3mbind[0m[2m=[0m[::]:0 [3mlocal[0m[2m=[0m[::]:55675 [3mdual_stack[0m[2m=[0mtrue
[2m2026-07-05T01:02:25.815116Z[0m [32m INFO[0m [2mmoq_test_client::scenarios[0m[2m:[0m Publisher sending PUBLISH_NAMESPACE: moq-test/interop
[2m2026-07-05T01:02:25.815124Z[0m [32m INFO[0m [2mmoq_test_client::scenarios[0m[2m:[0m Subscriber subscribing to track: moq-test/interop/test-track
[2m2026-07-05T01:02:25.815128Z[0m [31mERROR[0m [2mmoq_transport::serve::error[0m[2m:[0m [b0bb5b37-cf83-4732-b02a-f098108fa489] Internal error: request ID limit: too many requests at /build/moq-transport/src/session/subscriber.rs:191
[2m2026-07-05T01:02:25.815142Z[0m [32m INFO[0m [2mmoq_test_client::scenarios[0m[2m:[0m Subscriber got error: internal error: Internal error [error:b0bb5b37-cf83-4732-b02a-f098108fa489] - subscription was processed
ok 4 - publish-namespace-subscribe
  ---
  duration_ms: 1575
  publisher_connection_id: 1de9b9de83d42d4b13970d3a48046fa0
  subscriber_connection_id: 858e6078ca179eb722fbcc54aba845af
  ...
[2m2026-07-05T01:02:25.815557Z[0m [32m INFO[0m [2mmoq_native_ietf::quic[0m[2m:[0m UDP socket bound [3mbind[0m[2m=[0m[::]:0 [3mlocal[0m[2m=[0m[::]:34544 [3mdual_stack[0m[2m=[0mtrue
[2m2026-07-05T01:02:26.763081Z[0m [32m INFO[0m [2mmoq_test_client::scenarios[0m[2m:[0m Subscriber subscribing BEFORE PUBLISH_NAMESPACE: moq-test/interop/test-track
[2m2026-07-05T01:02:26.763116Z[0m [31mERROR[0m [2mmoq_transport::serve::error[0m[2m:[0m [8c35814a-33dd-4b91-b330-04f4cbaa2ccc] Internal error: request ID limit: too many requests at /build/moq-transport/src/session/subscriber.rs:191
[2m2026-07-05T01:02:27.264690Z[0m [32m INFO[0m [2mmoq_native_ietf::quic[0m[2m:[0m UDP socket bound [3mbind[0m[2m=[0m[::]:0 [3mlocal[0m[2m=[0m[::]:54756 [3mdual_stack[0m[2m=[0mtrue
[2m2026-07-05T01:02:28.367424Z[0m [32m INFO[0m [2mmoq_test_client::scenarios[0m[2m:[0m Publisher sending PUBLISH_NAMESPACE (after subscriber): moq-test/interop
not ok 5 - subscribe-before-publish-namespace
  ---
  duration_ms: 2552
  message: "publisher PUBLISH_NAMESPACE failed: too many requests"
  ...
[2m2026-07-05T01:02:28.367862Z[0m [32m INFO[0m [2mmoq_native_ietf::quic[0m[2m:[0m UDP socket bound [3mbind[0m[2m=[0m[::]:0 [3mlocal[0m[2m=[0m[::]:38078 [3mdual_stack[0m[2m=[0mtrue
[2m2026-07-05T01:02:29.000012Z[0m [32m INFO[0m [2mmoq_test_client::scenarios[0m[2m:[0m Sending PUBLISH_NAMESPACE: moq-test/interop
not ok 6 - publish-namespace-done
  ---
  duration_ms: 632
  message: "PUBLISH_NAMESPACE failed: too many requests"
  ...
make[1]: *** [Makefile:121: test-external] Error 1
make[1]: Leaving directory '/home/runner/work/moq-interop-runner/moq-interop-runner/main'
