make[1]: Entering directory '/home/runner/work/moq-interop-runner/moq-interop-runner/main'
Running tests against moqt://fb.mvfst.net:9448...
  Client: ghcr.io/englishm/moq-interop-runner-moq-test-client:latest
docker run --rm \
	 \
	--network host \
	-e RELAY_URL=moqt://fb.mvfst.net:9448 \
	-e TLS_DISABLE_VERIFY=1 \
	ghcr.io/englishm/moq-interop-runner-moq-test-client:latest
TAP version 14
# moq-test-client v0.1.0
# Relay: moqt://fb.mvfst.net:9448
1..6
ok 1 - setup-only
  ---
  duration_ms: 138
  connection_id: 45490759bd01a4d841a82fbcf11d8304
  ...
ok 2 - announce-only
  ---
  duration_ms: 2139
  connection_id: a7fd86d88abfb6c70c2776990ce2c771
  ...
ok 3 - subscribe-error
  ---
  duration_ms: 195
  connection_id: 8386aaa783d2d761f01b8d3291aac9ae
  ...
ok 4 - announce-subscribe
  ---
  duration_ms: 3352
  publisher_connection_id: 175c7d3fdde314b85022e5420b2747dd
  subscriber_connection_id: 7ca6bc5a261fb88ea1412b15f69960f4
  ...
ok 5 - subscribe-before-announce
  ---
  duration_ms: 3793
  subscriber_connection_id: 9a81ff105383f6e0929d594552e6e033
  publisher_connection_id: e510c16070394c0e78321fabfcd30cd1
  ...
ok 6 - publish-namespace-done
  ---
  duration_ms: 2241
  connection_id: f3f798cdc18d01d167be04bd0b916e10
  ...
make[1]: Leaving directory '/home/runner/work/moq-interop-runner/moq-interop-runner/main'
