make[1]: Entering directory '/home/runner/work/moq-interop-runner/moq-interop-runner/main'
Running tests against moqt://lminiero.it:9000...
  Client: ghcr.io/englishm/moq-interop-runner-moq-test-client-draft-18:latest
docker run --rm \
	 \
	--network host \
	-e RELAY_URL=moqt://lminiero.it:9000 \
	-e TLS_DISABLE_VERIFY=false \
	ghcr.io/englishm/moq-interop-runner-moq-test-client-draft-18:latest
TAP version 14
# moq-test-client v0.1.6
# Relay: moqt://lminiero.it:9000
1..6
[2m2026-07-05T01:02:29.106467Z[0m [32m INFO[0m [2mmoq_native_ietf::quic[0m[2m:[0m UDP socket bound [3mbind[0m[2m=[0m[::]:0 [3mlocal[0m[2m=[0m[::]:49035 [3mdual_stack[0m[2m=[0mtrue
[2m2026-07-05T01:02:29.438315Z[0m [32m INFO[0m [2mmoq_test_client::scenarios[0m[2m:[0m SETUP exchange completed successfully
ok 1 - setup-only
  ---
  duration_ms: 332
  connection_id: cc4fc754e2442eceab24ee4491ba4724
  ...
[2m2026-07-05T01:02:29.438769Z[0m [32m INFO[0m [2mmoq_native_ietf::quic[0m[2m:[0m UDP socket bound [3mbind[0m[2m=[0m[::]:0 [3mlocal[0m[2m=[0m[::]:57527 [3mdual_stack[0m[2m=[0mtrue
[2m2026-07-05T01:02:29.775157Z[0m [32m INFO[0m [2mmoq_test_client::scenarios[0m[2m:[0m Sending PUBLISH_NAMESPACE for: moq-test/interop
not ok 2 - publish-namespace-only
  ---
  duration_ms: 336
  message: "PUBLISH_NAMESPACE failed: too many requests"
  ...
[2m2026-07-05T01:02:29.775612Z[0m [32m INFO[0m [2mmoq_native_ietf::quic[0m[2m:[0m UDP socket bound [3mbind[0m[2m=[0m[::]:0 [3mlocal[0m[2m=[0m[::]:33852 [3mdual_stack[0m[2m=[0mtrue
[2m2026-07-05T01:02:30.410719Z[0m [32m INFO[0m [2mmoq_test_client::scenarios[0m[2m:[0m Subscribing to non-existent track: nonexistent/namespace/test-track
[2m2026-07-05T01:02:30.410739Z[0m [31mERROR[0m [2mmoq_transport::serve::error[0m[2m:[0m [c8d22d2a-9d22-4b3a-b6e0-3b118a362c4c] Internal error: request ID limit: too many requests at /build/moq-transport/src/session/subscriber.rs:191
[2m2026-07-05T01:02:30.410754Z[0m [33m WARN[0m [2mmoq_test_client::scenarios[0m[2m:[0m Got error but not clearly 'not found': internal error: Internal error [error:c8d22d2a-9d22-4b3a-b6e0-3b118a362c4c]. Relay may use different error text.
ok 3 - subscribe-error
  ---
  duration_ms: 635
  connection_id: ebc9bc1c599aeedc4dcc78560dd9751c
  ...
[2m2026-07-05T01:02:30.411199Z[0m [32m INFO[0m [2mmoq_native_ietf::quic[0m[2m:[0m UDP socket bound [3mbind[0m[2m=[0m[::]:0 [3mlocal[0m[2m=[0m[::]:60560 [3mdual_stack[0m[2m=[0mtrue
[2m2026-07-05T01:02:30.745297Z[0m [32m INFO[0m [2mmoq_native_ietf::quic[0m[2m:[0m UDP socket bound [3mbind[0m[2m=[0m[::]:0 [3mlocal[0m[2m=[0m[::]:53071 [3mdual_stack[0m[2m=[0mtrue
[2m2026-07-05T01:02:31.383743Z[0m [32m INFO[0m [2mmoq_test_client::scenarios[0m[2m:[0m Publisher sending PUBLISH_NAMESPACE: moq-test/interop
[2m2026-07-05T01:02:31.383752Z[0m [32m INFO[0m [2mmoq_test_client::scenarios[0m[2m:[0m Subscriber subscribing to track: moq-test/interop/test-track
not ok 4 - publish-namespace-subscribe
  ---
  duration_ms: 972
  message: "publisher PUBLISH_NAMESPACE failed: too many requests"
  ...
[2m2026-07-05T01:02:31.384139Z[0m [32m INFO[0m [2mmoq_native_ietf::quic[0m[2m:[0m UDP socket bound [3mbind[0m[2m=[0m[::]:0 [3mlocal[0m[2m=[0m[::]:52356 [3mdual_stack[0m[2m=[0mtrue
[2m2026-07-05T01:02:31.709351Z[0m [32m INFO[0m [2mmoq_test_client::scenarios[0m[2m:[0m Subscriber subscribing BEFORE PUBLISH_NAMESPACE: moq-test/interop/test-track
[2m2026-07-05T01:02:31.709387Z[0m [31mERROR[0m [2mmoq_transport::serve::error[0m[2m:[0m [9fdd2ec0-cb59-467f-9538-e1acfb47a8a7] Internal error: request ID limit: too many requests at /build/moq-transport/src/session/subscriber.rs:191
[2m2026-07-05T01:02:32.210576Z[0m [32m INFO[0m [2mmoq_native_ietf::quic[0m[2m:[0m UDP socket bound [3mbind[0m[2m=[0m[::]:0 [3mlocal[0m[2m=[0m[::]:49829 [3mdual_stack[0m[2m=[0mtrue
[2m2026-07-05T01:02:32.547826Z[0m [32m INFO[0m [2mmoq_test_client::scenarios[0m[2m:[0m Publisher sending PUBLISH_NAMESPACE (after subscriber): moq-test/interop
not ok 5 - subscribe-before-publish-namespace
  ---
  duration_ms: 1164
  message: "publisher PUBLISH_NAMESPACE failed: too many requests"
  ...
[2m2026-07-05T01:02:32.548237Z[0m [32m INFO[0m [2mmoq_native_ietf::quic[0m[2m:[0m UDP socket bound [3mbind[0m[2m=[0m[::]:0 [3mlocal[0m[2m=[0m[::]:36457 [3mdual_stack[0m[2m=[0mtrue
[2m2026-07-05T01:02:33.183983Z[0m [32m INFO[0m [2mmoq_test_client::scenarios[0m[2m:[0m Sending PUBLISH_NAMESPACE: moq-test/interop
not ok 6 - publish-namespace-done
  ---
  duration_ms: 636
  message: "PUBLISH_NAMESPACE failed: too many requests"
  ...
make[1]: *** [Makefile:121: test-external] Error 1
make[1]: Leaving directory '/home/runner/work/moq-interop-runner/moq-interop-runner/main'
