make[1]: Entering directory '/home/runner/work/moq-interop-runner/moq-interop-runner/main'
Running tests against moqt://us-west-2.relay.quicr.org:33437...
  Client: ghcr.io/facebookexperimental/moxygen-interop-client:latest-amd64
docker run --rm \
	 \
	--network host \
	-e RELAY_URL=moqt://us-west-2.relay.quicr.org:33437 \
	-e TLS_DISABLE_VERIFY=1 \
	ghcr.io/facebookexperimental/moxygen-interop-client:latest-amd64
TAP version 14
# moxygen interop test client
# Relay: moqt://us-west-2.relay.quicr.org:33437
# Transport: QUIC
1..6
ok 1 - setup-only
  ---
  duration_ms: 78
  info: SETUP exchange completed successfully
  ...
W0705 01:34:59.764920     1 MoQSession.cpp:5473] Issuing request that will fail; nextRequestID_=0 peerMaxRequestID_=0 sess=0x55c526a50820
E0705 01:34:59.801340     1 MoQRelaySession.cpp:880] PublishNamespaceDone for unknown publishNamespace, sess=0x55c526a50820
ok 2 - announce-only
  ---
  duration_ms: 117
  info: PUBLISH_NAMESPACE completed successfully
  ...
W0705 01:34:59.877728     1 MoQSession.cpp:5473] Issuing request that will fail; nextRequestID_=0 peerMaxRequestID_=0 sess=0x55c526a50150
not ok 3 - subscribe-error
  ---
  duration_ms: 112
  error: Subscribe succeeded (relay accepted non-existent track)
  ...
W0705 01:34:59.989569     1 MoQSession.cpp:5473] Issuing request that will fail; nextRequestID_=0 peerMaxRequestID_=0 sess=0x55c526a6c940
W0705 01:35:00.109304     1 MoQSession.cpp:5473] Issuing request that will fail; nextRequestID_=0 peerMaxRequestID_=0 sess=0x55c5269db1f0
E0705 01:35:00.145880     1 MoQSession.cpp:5700] publishDone for invalid id=1 sess=0x55c526a6c940
ok 4 - announce-subscribe
  ---
  duration_ms: 232
  info: Publisher announced, subscriber subscribed successfully
  ...
W0705 01:35:00.233053     1 MoQSession.cpp:5473] Issuing request that will fail; nextRequestID_=0 peerMaxRequestID_=0 sess=0x55c526a4ab00
ok 5 - publish-namespace-done
  ---
  duration_ms: 122
  info: PUBLISH_NAMESPACE_OK received, PUBLISH_NAMESPACE_DONE sent
  ...
W0705 01:35:00.347310     1 MoQSession.cpp:5473] Issuing request that will fail; nextRequestID_=0 peerMaxRequestID_=0 sess=0x55c526a493d0
W0705 01:35:00.927436     1 MoQSession.cpp:5473] Issuing request that will fail; nextRequestID_=0 peerMaxRequestID_=0 sess=0x55c526a687d0
ok 6 - subscribe-before-announce
  ---
  duration_ms: 694
  info: Subscribe succeeded after publisher announced (relay buffers pending subscriptions)
  ...
make[1]: *** [Makefile:121: test-external] Error 1
make[1]: Leaving directory '/home/runner/work/moq-interop-runner/moq-interop-runner/main'
