make[1]: Entering directory '/home/runner/work/moq-interop-runner/moq-interop-runner/main'
Running tests against moqt://draft-14.cloudflare.mediaoverquic.com:443...
  Client: ghcr.io/englishm/moq-interop-runner-moq-test-client:latest
docker run --rm \
	--network host \
	-e RELAY_URL=moqt://draft-14.cloudflare.mediaoverquic.com:443 \
	-e TLS_DISABLE_VERIFY=false \
	ghcr.io/englishm/moq-interop-runner-moq-test-client:latest
TAP version 14
# moq-test-client v0.1.0
# Relay: moqt://draft-14.cloudflare.mediaoverquic.com:443
1..6
ok 1 - setup-only
  ---
  duration_ms: 95
  connection_id: 7506e1bd7c4138465e70f77f43e6c360
  ...
ok 2 - announce-only
  ---
  duration_ms: 2045
  connection_id: 0723297db378b7fc003393f191b93fa0
  ...
ok 3 - subscribe-error
  ---
  duration_ms: 212
  connection_id: bd75e1665bcd5ced2e013ac9b85a26d5
  ...
ok 4 - announce-subscribe
  ---
  duration_ms: 871
  publisher_connection_id: 29e29bf0535f04a5d92b130e40e7e649
  subscriber_connection_id: 5675b78f2edbd19b62c9fb079ac21d31
  ...
ok 5 - subscribe-before-announce
  ---
  duration_ms: 3613
  subscriber_connection_id: 79df5549186dfca7c54eb04679146479
  publisher_connection_id: 7145b6bf22e3a64c85f3d2e1ead8c4ec
  ...
ok 6 - publish-namespace-done
  ---
  duration_ms: 2145
  connection_id: c7bf437fec1a510c7ce0e43a7d1cc1ef
  ...
make[1]: Leaving directory '/home/runner/work/moq-interop-runner/moq-interop-runner/main'
