make[1]: Entering directory '/home/runner/work/moq-interop-runner/moq-interop-runner/main'
Running tests against https://relay.moqtail.dev...
  Client: ghcr.io/englishm/moq-interop-runner-moq-test-client:latest
docker run --rm \
	--network host \
	-e RELAY_URL=https://relay.moqtail.dev \
	-e TLS_DISABLE_VERIFY=false \
	ghcr.io/englishm/moq-interop-runner-moq-test-client:latest
TAP version 14
# moq-test-client v0.1.0
# Relay: https://relay.moqtail.dev/
1..6
ok 1 - setup-only
  ---
  duration_ms: 494
  connection_id: 369c0dfcd3edb81a7414b9c115657340
  ...
ok 2 - announce-only
  ---
  duration_ms: 2487
  connection_id: c989f9028529e5c910af7f31de974b9e
  ...
ok 3 - subscribe-error
  ---
  duration_ms: 624
  connection_id: ca0b16f354ca6b7eeff0324b141be3c6
  ...
ok 4 - announce-subscribe
  ---
  duration_ms: 1047
  publisher_connection_id: baf160e03d44d500d3e8a48fa657ba3b
  subscriber_connection_id: 190943cada1c78bcd34ff1e62390581e
  ...
ok 5 - subscribe-before-announce
  ---
  duration_ms: 4447
  subscriber_connection_id: 96eb4340124a5b01a6483144a1b0b35f
  publisher_connection_id: c5a82bf5b3fb12926242807b3e48cbf5
  ...
ok 6 - publish-namespace-done
  ---
  duration_ms: 2597
  connection_id: 3b8052ab938a88bc9859f389ef4dd41c
  ...
make[1]: Leaving directory '/home/runner/work/moq-interop-runner/moq-interop-runner/main'
