make[1]: Entering directory '/home/runner/work/moq-interop-runner/moq-interop-runner/main'
Running tests against https://lminiero.it:9000...
  Client: ghcr.io/englishm/moq-interop-runner-moq-test-client-draft-16:latest
docker run --rm \
	 \
	--network host \
	-e RELAY_URL=https://lminiero.it:9000 \
	-e TLS_DISABLE_VERIFY=false \
	ghcr.io/englishm/moq-interop-runner-moq-test-client-draft-16:latest
TAP version 14
# moq-test-client v0.1.0
# Relay: https://lminiero.it:9000/
1..6
ok 1 - setup-only
  ---
  duration_ms: 709
  connection_id: c59700ebc46e376795bd837c0682baf1
  ...
ok 2 - announce-only
  ---
  duration_ms: 2813
  connection_id: cab1f9585fa111c258c1b6d1d7b449c4
  ...
ok 3 - subscribe-error
  ---
  duration_ms: 728
  connection_id: f51bca16dc1a53d683e9e3b52f2056f6
  ...
ok 4 - announce-subscribe
  ---
  duration_ms: 4495
  publisher_connection_id: 8a842cce81692427c407a3089840e8c8
  subscriber_connection_id: 2144bb707533ac284481aeacb4e1738d
  ...
ok 5 - subscribe-before-announce
  ---
  duration_ms: 5996
  subscriber_connection_id: 84dce9c2c2f8efe976f4917897ad1aa6
  publisher_connection_id: b199f18342a493fa12c419b4abb496b8
  ...
ok 6 - publish-namespace-done
  ---
  duration_ms: 2685
  connection_id: 0f86fd096a7718350f3ea38ca197d4cc
  ...
make[1]: Leaving directory '/home/runner/work/moq-interop-runner/moq-interop-runner/main'
