make[1]: Entering directory '/home/runner/work/moq-interop-runner/moq-interop-runner/main'
Running tests against moqt://draft-14.cloudflare.mediaoverquic.com:443...
  Client: ghcr.io/englishm/moq-interop-runner-moq-test-client:latest
docker run --rm \
	 \
	--network host \
	-e RELAY_URL=moqt://draft-14.cloudflare.mediaoverquic.com:443 \
	-e TLS_DISABLE_VERIFY=false \
	ghcr.io/englishm/moq-interop-runner-moq-test-client:latest
TAP version 14
# moq-test-client v0.1.0
# Relay: moqt://draft-14.cloudflare.mediaoverquic.com:443
1..6
ok 1 - setup-only
  ---
  duration_ms: 28
  connection_id: 1ca110e6b9b67d2f2bd61e5842c634d1
  ...
ok 2 - announce-only
  ---
  duration_ms: 2010
  connection_id: 09c6833a925412823e8d6a345d1954ea
  ...
ok 3 - subscribe-error
  ---
  duration_ms: 107
  connection_id: c9d53eae2943b7078aa4f6f521511b27
  ...
ok 4 - announce-subscribe
  ---
  duration_ms: 109
  publisher_connection_id: cb08913e309dc7a2d47a8c37a14fefb5
  subscriber_connection_id: 2ad919e7df61abb5a94243eeafb65da1
  ...
ok 5 - subscribe-before-announce
  ---
  duration_ms: 3518
  subscriber_connection_id: 681904b0f7014d8f4bd156a16e3529d9
  publisher_connection_id: 71d7b157fd10a2be0f151e9b2abfaaa0
  ...
ok 6 - publish-namespace-done
  ---
  duration_ms: 2110
  connection_id: 7e91630230da59645b72338bdb204cb6
  ...
make[1]: Leaving directory '/home/runner/work/moq-interop-runner/moq-interop-runner/main'
