make[1]: Entering directory '/home/runner/work/moq-interop-runner/moq-interop-runner/main'
Running tests against https://lminiero.it:9000...
  Client: ghcr.io/englishm/moq-interop-runner-moq-test-client-draft-18:latest
docker run --rm \
	 \
	--network host \
	-e RELAY_URL=https://lminiero.it:9000 \
	-e TLS_DISABLE_VERIFY=false \
	ghcr.io/englishm/moq-interop-runner-moq-test-client-draft-18:latest
TAP version 14
# moq-test-client v0.1.6
# Relay: https://lminiero.it:9000/
1..6
[2m2026-07-01T01:04:25.845159Z[0m [32m INFO[0m [2mmoq_native_ietf::quic[0m[2m:[0m UDP socket bound [3mbind[0m[2m=[0m[::]:0 [3mlocal[0m[2m=[0m[::]:59627 [3mdual_stack[0m[2m=[0mtrue
[2m2026-07-01T01:04:26.548756Z[0m [32m INFO[0m [2mmoq_test_client::scenarios[0m[2m:[0m SETUP exchange completed successfully
ok 1 - setup-only
  ---
  duration_ms: 704
  connection_id: d57f44e24358a154ef2ac7d72899fb21
  ...
[2m2026-07-01T01:04:26.549785Z[0m [32m INFO[0m [2mmoq_native_ietf::quic[0m[2m:[0m UDP socket bound [3mbind[0m[2m=[0m[::]:0 [3mlocal[0m[2m=[0m[::]:43848 [3mdual_stack[0m[2m=[0mtrue
[2m2026-07-01T01:04:27.242114Z[0m [32m INFO[0m [2mmoq_test_client::scenarios[0m[2m:[0m Sending PUBLISH_NAMESPACE for: moq-test/interop
not ok 2 - publish-namespace-only
  ---
  duration_ms: 693
  message: "PUBLISH_NAMESPACE failed: too many requests"
  ...
[2m2026-07-01T01:04:27.243159Z[0m [32m INFO[0m [2mmoq_native_ietf::quic[0m[2m:[0m UDP socket bound [3mbind[0m[2m=[0m[::]:0 [3mlocal[0m[2m=[0m[::]:57482 [3mdual_stack[0m[2m=[0mtrue
[2m2026-07-01T01:04:27.953820Z[0m [32m INFO[0m [2mmoq_test_client::scenarios[0m[2m:[0m Subscribing to non-existent track: nonexistent/namespace/test-track
[2m2026-07-01T01:04:27.953856Z[0m [31mERROR[0m [2mmoq_transport::serve::error[0m[2m:[0m [7859c7f4-c50e-4037-af80-6892c5c7ef3f] Internal error: request ID limit: too many requests at /build/moq-transport/src/session/subscriber.rs:191
[2m2026-07-01T01:04:27.953908Z[0m [33m WARN[0m [2mmoq_test_client::scenarios[0m[2m:[0m Got error but not clearly 'not found': internal error: Internal error [error:7859c7f4-c50e-4037-af80-6892c5c7ef3f]. Relay may use different error text.
ok 3 - subscribe-error
  ---
  duration_ms: 711
  connection_id: fd2017e347f9b805cc16a5e8b4fa7100
  ...
[2m2026-07-01T01:04:27.954855Z[0m [32m INFO[0m [2mmoq_native_ietf::quic[0m[2m:[0m UDP socket bound [3mbind[0m[2m=[0m[::]:0 [3mlocal[0m[2m=[0m[::]:34491 [3mdual_stack[0m[2m=[0mtrue
[2m2026-07-01T01:04:28.435616Z[0m [32m INFO[0m [2mmoq_native_ietf::quic[0m[2m:[0m UDP socket bound [3mbind[0m[2m=[0m[::]:0 [3mlocal[0m[2m=[0m[::]:52942 [3mdual_stack[0m[2m=[0mtrue
[2m2026-07-01T01:04:29.125493Z[0m [32m INFO[0m [2mmoq_test_client::scenarios[0m[2m:[0m Publisher sending PUBLISH_NAMESPACE: moq-test/interop
[2m2026-07-01T01:04:29.125515Z[0m [32m INFO[0m [2mmoq_test_client::scenarios[0m[2m:[0m Subscriber subscribing to track: moq-test/interop/test-track
not ok 4 - publish-namespace-subscribe
  ---
  duration_ms: 1171
  message: "publisher PUBLISH_NAMESPACE failed: too many requests"
  ...
[2m2026-07-01T01:04:29.126701Z[0m [32m INFO[0m [2mmoq_native_ietf::quic[0m[2m:[0m UDP socket bound [3mbind[0m[2m=[0m[::]:0 [3mlocal[0m[2m=[0m[::]:54520 [3mdual_stack[0m[2m=[0mtrue
[2m2026-07-01T01:04:29.836764Z[0m [32m INFO[0m [2mmoq_test_client::scenarios[0m[2m:[0m Subscriber subscribing BEFORE PUBLISH_NAMESPACE: moq-test/interop/test-track
[2m2026-07-01T01:04:29.836868Z[0m [31mERROR[0m [2mmoq_transport::serve::error[0m[2m:[0m [b6fdcb28-2b67-4aa8-806a-dc4d896b2c76] Internal error: request ID limit: too many requests at /build/moq-transport/src/session/subscriber.rs:191
[2m2026-07-01T01:04:30.338288Z[0m [32m INFO[0m [2mmoq_native_ietf::quic[0m[2m:[0m UDP socket bound [3mbind[0m[2m=[0m[::]:0 [3mlocal[0m[2m=[0m[::]:42006 [3mdual_stack[0m[2m=[0mtrue
[2m2026-07-01T01:04:30.814368Z[0m [32m INFO[0m [2mmoq_test_client::scenarios[0m[2m:[0m Publisher sending PUBLISH_NAMESPACE (after subscriber): moq-test/interop
not ok 5 - subscribe-before-publish-namespace
  ---
  duration_ms: 1688
  message: "publisher PUBLISH_NAMESPACE failed: too many requests"
  ...
[2m2026-07-01T01:04:30.815266Z[0m [32m INFO[0m [2mmoq_native_ietf::quic[0m[2m:[0m UDP socket bound [3mbind[0m[2m=[0m[::]:0 [3mlocal[0m[2m=[0m[::]:38363 [3mdual_stack[0m[2m=[0mtrue
[2m2026-07-01T01:04:31.528796Z[0m [32m INFO[0m [2mmoq_test_client::scenarios[0m[2m:[0m Sending PUBLISH_NAMESPACE: moq-test/interop
not ok 6 - publish-namespace-done
  ---
  duration_ms: 714
  message: "PUBLISH_NAMESPACE failed: too many requests"
  ...
make[1]: *** [Makefile:121: test-external] Error 1
make[1]: Leaving directory '/home/runner/work/moq-interop-runner/moq-interop-runner/main'
