make[1]: Entering directory '/home/runner/work/moq-interop-runner/moq-interop-runner/main'
Running tests against moqt://moqt.nokiaresearch.com:4443/moq...
  Client: ghcr.io/englishm/moq-interop-runner-moq-test-client-draft-18:latest
docker run --rm \
	 \
	--network host \
	-e RELAY_URL=moqt://moqt.nokiaresearch.com:4443/moq \
	-e TLS_DISABLE_VERIFY=false \
	ghcr.io/englishm/moq-interop-runner-moq-test-client-draft-18:latest
TAP version 14
# moq-test-client v0.1.6
# Relay: moqt://moqt.nokiaresearch.com:4443/moq
1..6
[2m2026-07-01T01:05:44.957608Z[0m [32m INFO[0m [2mmoq_native_ietf::quic[0m[2m:[0m UDP socket bound [3mbind[0m[2m=[0m[::]:0 [3mlocal[0m[2m=[0m[::]:47279 [3mdual_stack[0m[2m=[0mtrue
[2m2026-07-01T01:05:45.363892Z[0m [32m INFO[0m [2mmoq_test_client::scenarios[0m[2m:[0m SETUP exchange completed successfully
ok 1 - setup-only
  ---
  duration_ms: 407
  connection_id: d2f32ee234ba4f3e461a3eb8cbc1bc3e
  ...
[2m2026-07-01T01:05:45.364718Z[0m [32m INFO[0m [2mmoq_native_ietf::quic[0m[2m:[0m UDP socket bound [3mbind[0m[2m=[0m[::]:0 [3mlocal[0m[2m=[0m[::]:45946 [3mdual_stack[0m[2m=[0mtrue
[2m2026-07-01T01:05:45.730434Z[0m [32m INFO[0m [2mmoq_test_client::scenarios[0m[2m:[0m Sending PUBLISH_NAMESPACE for: moq-test/interop
not ok 2 - publish-namespace-only
  ---
  duration_ms: 366
  message: "PUBLISH_NAMESPACE failed: too many requests"
  ...
[2m2026-07-01T01:05:45.731423Z[0m [32m INFO[0m [2mmoq_native_ietf::quic[0m[2m:[0m UDP socket bound [3mbind[0m[2m=[0m[::]:0 [3mlocal[0m[2m=[0m[::]:37174 [3mdual_stack[0m[2m=[0mtrue
[2m2026-07-01T01:05:46.119478Z[0m [32m INFO[0m [2mmoq_test_client::scenarios[0m[2m:[0m Subscribing to non-existent track: nonexistent/namespace/test-track
[2m2026-07-01T01:05:46.119511Z[0m [31mERROR[0m [2mmoq_transport::serve::error[0m[2m:[0m [d53e5ccf-5b75-4d4d-8a6a-7ffbbc42f58e] Internal error: request ID limit: too many requests at /build/moq-transport/src/session/subscriber.rs:191
[2m2026-07-01T01:05:46.119537Z[0m [33m WARN[0m [2mmoq_test_client::scenarios[0m[2m:[0m Got error but not clearly 'not found': internal error: Internal error [error:d53e5ccf-5b75-4d4d-8a6a-7ffbbc42f58e]. Relay may use different error text.
ok 3 - subscribe-error
  ---
  duration_ms: 389
  connection_id: 909482ba756e27b365d30082d6cdc724
  ...
[2m2026-07-01T01:05:46.120416Z[0m [32m INFO[0m [2mmoq_native_ietf::quic[0m[2m:[0m UDP socket bound [3mbind[0m[2m=[0m[::]:0 [3mlocal[0m[2m=[0m[::]:36791 [3mdual_stack[0m[2m=[0mtrue
[2m2026-07-01T01:05:46.575315Z[0m [32m INFO[0m [2mmoq_native_ietf::quic[0m[2m:[0m UDP socket bound [3mbind[0m[2m=[0m[::]:0 [3mlocal[0m[2m=[0m[::]:44114 [3mdual_stack[0m[2m=[0mtrue
[2m2026-07-01T01:05:47.032735Z[0m [32m INFO[0m [2mmoq_test_client::scenarios[0m[2m:[0m Publisher sending PUBLISH_NAMESPACE: moq-test/interop
[2m2026-07-01T01:05:47.032752Z[0m [32m INFO[0m [2mmoq_test_client::scenarios[0m[2m:[0m Subscriber subscribing to track: moq-test/interop/test-track
[2m2026-07-01T01:05:47.032762Z[0m [31mERROR[0m [2mmoq_transport::serve::error[0m[2m:[0m [688332a8-1c5a-463b-99ad-2475ed1b88a1] Internal error: request ID limit: too many requests at /build/moq-transport/src/session/subscriber.rs:191
[2m2026-07-01T01:05:47.032789Z[0m [32m INFO[0m [2mmoq_test_client::scenarios[0m[2m:[0m Subscriber got error: internal error: Internal error [error:688332a8-1c5a-463b-99ad-2475ed1b88a1] - subscription was processed
ok 4 - publish-namespace-subscribe
  ---
  duration_ms: 913
  publisher_connection_id: 17b80b5abbcbfe033d1c90fe86f61054
  subscriber_connection_id: ac99f6bff3a857c1c9ab30e97a58b98d
  ...
[2m2026-07-01T01:05:47.033609Z[0m [32m INFO[0m [2mmoq_native_ietf::quic[0m[2m:[0m UDP socket bound [3mbind[0m[2m=[0m[::]:0 [3mlocal[0m[2m=[0m[::]:49968 [3mdual_stack[0m[2m=[0mtrue
[2m2026-07-01T01:05:47.398312Z[0m [32m INFO[0m [2mmoq_test_client::scenarios[0m[2m:[0m Subscriber subscribing BEFORE PUBLISH_NAMESPACE: moq-test/interop/test-track
[2m2026-07-01T01:05:47.398421Z[0m [31mERROR[0m [2mmoq_transport::serve::error[0m[2m:[0m [ce596031-dc6d-43db-b7b4-43cc86568684] Internal error: request ID limit: too many requests at /build/moq-transport/src/session/subscriber.rs:191
[2m2026-07-01T01:05:47.900232Z[0m [32m INFO[0m [2mmoq_native_ietf::quic[0m[2m:[0m UDP socket bound [3mbind[0m[2m=[0m[::]:0 [3mlocal[0m[2m=[0m[::]:57275 [3mdual_stack[0m[2m=[0mtrue
[2m2026-07-01T01:05:48.303541Z[0m [32m INFO[0m [2mmoq_test_client::scenarios[0m[2m:[0m Publisher sending PUBLISH_NAMESPACE (after subscriber): moq-test/interop
not ok 5 - subscribe-before-publish-namespace
  ---
  duration_ms: 1270
  message: "publisher PUBLISH_NAMESPACE failed: too many requests"
  ...
[2m2026-07-01T01:05:48.304428Z[0m [32m INFO[0m [2mmoq_native_ietf::quic[0m[2m:[0m UDP socket bound [3mbind[0m[2m=[0m[::]:0 [3mlocal[0m[2m=[0m[::]:54757 [3mdual_stack[0m[2m=[0mtrue
[2m2026-07-01T01:05:48.664925Z[0m [32m INFO[0m [2mmoq_test_client::scenarios[0m[2m:[0m Sending PUBLISH_NAMESPACE: moq-test/interop
not ok 6 - publish-namespace-done
  ---
  duration_ms: 361
  message: "PUBLISH_NAMESPACE failed: too many requests"
  ...
make[1]: *** [Makefile:121: test-external] Error 1
make[1]: Leaving directory '/home/runner/work/moq-interop-runner/moq-interop-runner/main'
