make[1]: Entering directory '/home/runner/work/moq-interop-runner/moq-interop-runner/main'
Running tests against https://draft-14.cloudflare.mediaoverquic.com:443/moq...
  Client: ghcr.io/englishm/moq-interop-runner-moq-test-client:latest
docker run --rm \
	 \
	--network host \
	-e RELAY_URL=https://draft-14.cloudflare.mediaoverquic.com:443/moq \
	-e TLS_DISABLE_VERIFY=false \
	ghcr.io/englishm/moq-interop-runner-moq-test-client:latest
TAP version 14
# moq-test-client v0.1.0
# Relay: https://draft-14.cloudflare.mediaoverquic.com/moq
1..6
ok 1 - setup-only
  ---
  duration_ms: 11
  connection_id: ab4c123ec87559045d8e8c662ac51849
  ...
ok 2 - announce-only
  ---
  duration_ms: 2015
  connection_id: 7c2afda4731e987c657912e71fbea6ee
  ...
ok 3 - subscribe-error
  ---
  duration_ms: 113
  connection_id: b603f3ae33d19e4712a0d68b45b92867
  ...
ok 4 - announce-subscribe
  ---
  duration_ms: 113
  publisher_connection_id: b9be5174eb9846e3f9d04a1e15ef8bd4
  subscriber_connection_id: f45803526054e7babaac6a6671216404
  ...
not ok 5 - subscribe-before-announce
  ---
  duration_ms: 609
  message: "publisher announce failed: serve error: closed, code=0: closed, code=0"
  ...
not ok 6 - publish-namespace-done
  ---
  duration_ms: 103
  message: "announce failed: serve error: closed, code=0: closed, code=0"
  ...
make[1]: *** [Makefile:121: test-external] Error 1
make[1]: Leaving directory '/home/runner/work/moq-interop-runner/moq-interop-runner/main'
