make[1]: Entering directory '/home/runner/work/moq-interop-runner/moq-interop-runner/main'
Running tests against moqt://moqx-main.ci.openmoq.org:4433...
  Client: ghcr.io/englishm/moq-interop-runner-moq-test-client:latest
docker run --rm \
	 \
	--network host \
	-e RELAY_URL=moqt://moqx-main.ci.openmoq.org:4433 \
	-e TLS_DISABLE_VERIFY=false \
	ghcr.io/englishm/moq-interop-runner-moq-test-client:latest
TAP version 14
# moq-test-client v0.1.0
# Relay: moqt://moqx-main.ci.openmoq.org:4433
1..6
ok 1 - setup-only
  ---
  duration_ms: 196
  connection_id: a2de29e97e3ce455a76b40e717788543
  ...
ok 2 - announce-only
  ---
  duration_ms: 2011
  connection_id: 88f3da44471afd257d89a9fdb263a303
  ...
ok 3 - subscribe-error
  ---
  duration_ms: 32
  connection_id: a0b3ae602d858d6657f97c9566fb668a
  ...
ok 4 - announce-subscribe
  ---
  duration_ms: 3226
  publisher_connection_id: a0da199980c074e7862e3c23f745cabe
  subscriber_connection_id: d5e94f61cd7afdc9fe3cef6c0fd6a345
  ...
ok 5 - subscribe-before-announce
  ---
  duration_ms: 4750
  subscriber_connection_id: e2a02d4804980f18a17f2829f5e721db
  publisher_connection_id: 1e12b9f7dedc5b93ffc45376c8f1edfb
  ...
ok 6 - publish-namespace-done
  ---
  duration_ms: 2114
  connection_id: 1c10165a59938150b864c2ac87459b4a
  ...
make[1]: Leaving directory '/home/runner/work/moq-interop-runner/moq-interop-runner/main'
