make[1]: Entering directory '/home/runner/work/moq-interop-runner/moq-interop-runner/main'
Running tests against https://draft-16-manish.cloudflare.mediaoverquic.com:443/moq...
  Client: ghcr.io/facebookexperimental/moxygen-interop-client:latest-amd64
docker run --rm \
	 \
	--network host \
	-e RELAY_URL=https://draft-16-manish.cloudflare.mediaoverquic.com:443/moq \
	-e TLS_DISABLE_VERIFY=false \
	ghcr.io/facebookexperimental/moxygen-interop-client:latest-amd64
TAP version 14
# moxygen interop test client
# Relay: https://draft-16-manish.cloudflare.mediaoverquic.com:443/moq
# Transport: WebTransport
1..6
E20260701 01:35:39.056182     1 HQSession.cpp:578] Connection closed with error err=Crypto error: certificate_expired msg=fizz::FizzVerificationException: certificate verification failed: certificate has expired proto=, client CID=, server CID=51571121130be099, local=<uninitialized address>, 34.68.101.111:443=upstream, drain=none
E0701 01:35:39.057377     1 MoQWebTransportClient.cpp:95] std::runtime_error: Crypto error: certificate_expired
not ok 1 - setup-only
  ---
  duration_ms: 41
  error: Crypto error: certificate_expired
  ...
E20260701 01:35:39.110028     1 HQSession.cpp:578] Connection closed with error err=Crypto error: certificate_expired msg=fizz::FizzVerificationException: certificate verification failed: certificate has expired proto=, client CID=, server CID=e2b6a01a62e7abee, local=<uninitialized address>, 34.68.101.111:443=upstream, drain=none
E0701 01:35:39.110119     1 MoQWebTransportClient.cpp:95] std::runtime_error: Crypto error: certificate_expired
not ok 2 - announce-only
  ---
  duration_ms: 52
  error: Crypto error: certificate_expired
  ...
E20260701 01:35:39.170418     1 HQSession.cpp:578] Connection closed with error err=Crypto error: certificate_expired msg=fizz::FizzVerificationException: certificate verification failed: certificate has expired proto=, client CID=, server CID=59535eca530324b4, local=<uninitialized address>, 34.68.101.111:443=upstream, drain=none
E0701 01:35:39.170504     1 MoQWebTransportClient.cpp:95] std::runtime_error: Crypto error: certificate_expired
not ok 3 - subscribe-error
  ---
  duration_ms: 60
  error: Crypto error: certificate_expired
  ...
E20260701 01:35:39.190349     1 HQSession.cpp:578] Connection closed with error err=Crypto error: certificate_expired msg=fizz::FizzVerificationException: certificate verification failed: certificate has expired proto=, client CID=, server CID=ab16e9ade3033638, local=<uninitialized address>, 34.68.101.111:443=upstream, drain=none
E0701 01:35:39.190442     1 MoQWebTransportClient.cpp:95] std::runtime_error: Crypto error: certificate_expired
not ok 4 - announce-subscribe
  ---
  duration_ms: 19
  error: Crypto error: certificate_expired
  ...
E20260701 01:35:39.212144     1 HQSession.cpp:578] Connection closed with error err=Crypto error: certificate_expired msg=fizz::FizzVerificationException: certificate verification failed: certificate has expired proto=, client CID=, server CID=95a9f3f1a8a723e3, local=<uninitialized address>, 34.68.101.111:443=upstream, drain=none
E0701 01:35:39.212227     1 MoQWebTransportClient.cpp:95] std::runtime_error: Crypto error: certificate_expired
not ok 5 - publish-namespace-done
  ---
  duration_ms: 21
  error: Crypto error: certificate_expired
  ...
E20260701 01:35:39.349244     1 HQSession.cpp:578] Connection closed with error err=Crypto error: certificate_expired msg=fizz::FizzVerificationException: certificate verification failed: certificate has expired proto=, client CID=, server CID=cf72c572fa42af47, local=<uninitialized address>, 34.68.101.111:443=upstream, drain=none
E0701 01:35:39.349343     1 MoQWebTransportClient.cpp:95] std::runtime_error: Crypto error: certificate_expired
not ok 6 - subscribe-before-announce
  ---
  duration_ms: 136
  error: Crypto error: certificate_expired
  ...
make[1]: *** [Makefile:121: test-external] Error 1
make[1]: Leaving directory '/home/runner/work/moq-interop-runner/moq-interop-runner/main'
