make[1]: Entering directory '/home/runner/work/moq-interop-runner/moq-interop-runner/main'
Running tests against https://relay.moqtail.dev...
  Client: ghcr.io/facebookexperimental/moxygen-interop-client:latest-amd64
docker run --rm \
	 \
	--network host \
	-e RELAY_URL=https://relay.moqtail.dev \
	-e TLS_DISABLE_VERIFY=false \
	ghcr.io/facebookexperimental/moxygen-interop-client:latest-amd64
TAP version 14
# moxygen interop test client
# Relay: https://relay.moqtail.dev
# Transport: WebTransport
1..6
W0701 01:35:40.618430     1 MoQWebTransportClient.cpp:175] WebTransport: No WT-Protocol header in response, will use legacy version negotiation
E0701 01:35:40.620858     1 MoQWebTransportClient.cpp:200] proxygen::HTTPException: Got error=ApplicationError: No Error, Client closed by peer reason=Setup failed
not ok 1 - setup-only
  ---
  duration_ms: 104
  error: coroutine operation cancelled
  ...
W0701 01:35:40.686399     1 MoQWebTransportClient.cpp:175] WebTransport: No WT-Protocol header in response, will use legacy version negotiation
E0701 01:35:40.688214     1 MoQWebTransportClient.cpp:200] proxygen::HTTPException: Got error=ApplicationError: No Error, Client closed by peer reason=Setup failed
not ok 2 - announce-only
  ---
  duration_ms: 67
  error: coroutine operation cancelled
  ...
W0701 01:35:40.743320     1 MoQWebTransportClient.cpp:175] WebTransport: No WT-Protocol header in response, will use legacy version negotiation
E0701 01:35:40.745358     1 MoQWebTransportClient.cpp:200] proxygen::HTTPException: Got error=ApplicationError: No Error, Client closed by peer reason=Setup failed
not ok 3 - subscribe-error
  ---
  duration_ms: 57
  error: coroutine operation cancelled
  ...
W0701 01:35:40.807302     1 MoQWebTransportClient.cpp:175] WebTransport: No WT-Protocol header in response, will use legacy version negotiation
E0701 01:35:40.810804     1 MoQWebTransportClient.cpp:200] proxygen::HTTPException: Got error=ApplicationError: No Error, Client closed by peer reason=Setup failed
not ok 4 - announce-subscribe
  ---
  duration_ms: 65
  error: coroutine operation cancelled
  ...
W0701 01:35:40.857795     1 MoQWebTransportClient.cpp:175] WebTransport: No WT-Protocol header in response, will use legacy version negotiation
E0701 01:35:40.860192     1 MoQWebTransportClient.cpp:200] proxygen::HTTPException: Got error=ApplicationError: No Error, Client closed by peer reason=Setup failed
not ok 5 - publish-namespace-done
  ---
  duration_ms: 49
  error: coroutine operation cancelled
  ...
W0701 01:35:40.910468     1 MoQWebTransportClient.cpp:175] WebTransport: No WT-Protocol header in response, will use legacy version negotiation
E0701 01:35:40.912549     1 MoQWebTransportClient.cpp:200] proxygen::HTTPException: Got error=ApplicationError: No Error, Client closed by peer reason=Setup failed
not ok 6 - subscribe-before-announce
  ---
  duration_ms: 52
  error: coroutine operation cancelled
  ...
make[1]: *** [Makefile:121: test-external] Error 1
make[1]: Leaving directory '/home/runner/work/moq-interop-runner/moq-interop-runner/main'
