make[1]: Entering directory '/home/runner/work/moq-interop-runner/moq-interop-runner/main'
Running tests against https://moqx-main.ci.openmoq.org:4433/moq-relay...
  Client: ghcr.io/englishm/moq-interop-runner-moq-test-client:latest
docker run --rm \
	 \
	--network host \
	-e RELAY_URL=https://moqx-main.ci.openmoq.org:4433/moq-relay \
	-e TLS_DISABLE_VERIFY=false \
	ghcr.io/englishm/moq-interop-runner-moq-test-client:latest
TAP version 14
# moq-test-client v0.1.0
# Relay: https://moqx-main.ci.openmoq.org:4433/moq-relay
1..6
ok 1 - setup-only
  ---
  duration_ms: 63
  connection_id: 5ab545fb8513ef1dc0056e9162ff7282
  ...
ok 2 - announce-only
  ---
  duration_ms: 2040
  connection_id: 97990747feed1fa6ea23f0df3b4853d7
  ...
ok 3 - subscribe-error
  ---
  duration_ms: 64
  connection_id: 838bc918fb0cd0f476a24774593507a4
  ...
ok 4 - announce-subscribe
  ---
  duration_ms: 3088
  publisher_connection_id: ca0cea51180304d7e44f44026a6af4c9
  subscriber_connection_id: 197b8d3d406d9b14e78b433866aa4bfc
  ...
ok 5 - subscribe-before-announce
  ---
  duration_ms: 4723
  subscriber_connection_id: ba79e6381ddb30f440b161788171fa13
  publisher_connection_id: 5fea887c84f387b5c4a9fa2c75998acb
  ...
ok 6 - publish-namespace-done
  ---
  duration_ms: 2158
  connection_id: 5cf5e09e66b56b1c11a25f3ef4813c66
  ...
make[1]: Leaving directory '/home/runner/work/moq-interop-runner/moq-interop-runner/main'
