make[1]: Entering directory '/home/runner/work/moq-interop-runner/moq-interop-runner/main'
Running tests against https://fb.mvfst.net:9448/moq-relay...
  Client: ghcr.io/englishm/moq-interop-runner-moq-test-client-draft-16:latest
docker run --rm \
	 \
	--network host \
	-e RELAY_URL=https://fb.mvfst.net:9448/moq-relay \
	-e TLS_DISABLE_VERIFY=1 \
	ghcr.io/englishm/moq-interop-runner-moq-test-client-draft-16:latest
TAP version 14
# moq-test-client v0.1.0
# Relay: https://fb.mvfst.net:9448/moq-relay
1..6
ok 1 - setup-only
  ---
  duration_ms: 210
  connection_id: b64f9974109a430e21fcc9417c070e01
  ...
ok 2 - announce-only
  ---
  duration_ms: 2156
  connection_id: 5ec10c5c096693d1b55155d90c1aa19e
  ...
ok 3 - subscribe-error
  ---
  duration_ms: 111
  connection_id: 1d5e75fb6c9337d775f3b24937f8946f
  ...
ok 4 - announce-subscribe
  ---
  duration_ms: 3155
  publisher_connection_id: 895d5c7ea474e1a9e3ef0186091b0e0f
  subscriber_connection_id: 17923228fb8169d5834f2c3ccdad6bf8
  ...
ok 5 - subscribe-before-announce
  ---
  duration_ms: 4673
  subscriber_connection_id: 5d64a7a30ab375e0ef8daf03e95ae11f
  publisher_connection_id: b773a966f5fbf6664720dece033e4039
  ...
ok 6 - publish-namespace-done
  ---
  duration_ms: 2159
  connection_id: eeb5b6415bf3138afeb5a29336fbf6d1
  ...
make[1]: Leaving directory '/home/runner/work/moq-interop-runner/moq-interop-runner/main'
