make[1]: Entering directory '/home/runner/work/moq-interop-runner/moq-interop-runner/main'
Running tests against https://moqx-main.ci.openmoq.org:4433/moq-relay...
  Client: ghcr.io/englishm/moq-interop-runner-moq-test-client-draft-16:latest
docker run --rm \
	 \
	--network host \
	-e RELAY_URL=https://moqx-main.ci.openmoq.org:4433/moq-relay \
	-e TLS_DISABLE_VERIFY=false \
	ghcr.io/englishm/moq-interop-runner-moq-test-client-draft-16:latest
TAP version 14
# moq-test-client v0.1.0
# Relay: https://moqx-main.ci.openmoq.org:4433/moq-relay
1..6
ok 1 - setup-only
  ---
  duration_ms: 321
  connection_id: da28e4df30ce716b82eeb839cd1a003b
  ...
ok 2 - announce-only
  ---
  duration_ms: 2038
  connection_id: 0dbe5d5cab5627d42af88a06826f40a8
  ...
ok 3 - subscribe-error
  ---
  duration_ms: 46
  connection_id: 6d4f7a7f5beb47bfa2871b76e3132bc2
  ...
ok 4 - announce-subscribe
  ---
  duration_ms: 3111
  publisher_connection_id: 639af37c96455591cfc585c0845ff809
  subscriber_connection_id: 1485ffbd118f3618740c3eb9cebf6767
  ...
ok 5 - subscribe-before-announce
  ---
  duration_ms: 4779
  subscriber_connection_id: 9a6d3c9cdab00ae9fb23ba46876e4545
  publisher_connection_id: 9dd50a9e42d17060e385af6e2bac09ec
  ...
ok 6 - publish-namespace-done
  ---
  duration_ms: 2338
  connection_id: deb646eddaa5f38e084eb39b3cd9641b
  ...
make[1]: Leaving directory '/home/runner/work/moq-interop-runner/moq-interop-runner/main'
