make[1]: Entering directory '/home/runner/work/moq-interop-runner/moq-interop-runner/main'
Running tests against moqt://lminiero.it:9000...
  Client: ghcr.io/facebookexperimental/moxygen-interop-client:latest-amd64
docker run --rm \
	 \
	--network host \
	-e RELAY_URL=moqt://lminiero.it:9000 \
	-e TLS_DISABLE_VERIFY=false \
	ghcr.io/facebookexperimental/moxygen-interop-client:latest-amd64
TAP version 14
# moxygen interop test client
# Relay: moqt://lminiero.it:9000
# Transport: QUIC
1..6
ok 1 - setup-only
  ---
  duration_ms: 264
  info: SETUP exchange completed successfully
  ...
E0630 22:18:36.593576     1 MoQRelaySession.cpp:880] PublishNamespaceDone for unknown publishNamespace, sess=0x55772a1e8db0
ok 2 - announce-only
  ---
  duration_ms: 366
  info: PUBLISH_NAMESPACE completed successfully
  ...
ok 3 - subscribe-error
  ---
  duration_ms: 357
  info: Subscribe correctly returned error: Namespace not found
  ...
E0630 22:18:37.788450     1 MoQSession.cpp:5667] publishDone for invalid id=1 sess=0x55772a215c20
ok 4 - announce-subscribe
  ---
  duration_ms: 837
  info: Publisher announced, subscriber subscribed successfully
  ...
ok 5 - publish-namespace-done
  ---
  duration_ms: 357
  info: PUBLISH_NAMESPACE_OK received, PUBLISH_NAMESPACE_DONE sent
  ...
E0630 22:18:42.894037     1 MoQSession.cpp:5539] subscribeFuture exception=folly::OperationCancelled: coroutine operation cancelled
not ok 6 - subscribe-before-announce
  ---
  duration_ms: 4747
  error: Timed out during subscribe-before-announce test
  ...
make[1]: *** [Makefile:121: test-external] Error 1
make[1]: Leaving directory '/home/runner/work/moq-interop-runner/moq-interop-runner/main'
