make[1]: Entering directory '/home/runner/work/moq-interop-runner/moq-interop-runner/main'
Running tests against moqt://us-west-2.relay.quicr.org:33437...
  Client: ghcr.io/gmarzot/aiomoqt:latest
docker run --rm \
	 \
	--network host \
	-e RELAY_URL=moqt://us-west-2.relay.quicr.org:33437 \
	-e TLS_DISABLE_VERIFY=1 \
	ghcr.io/gmarzot/aiomoqt:latest
2026-06-08 00:51:02.257 ERROR: QUIC error: code: 376 reason: ConnectionTerminated
2026-06-08 00:51:02.257 ERROR: MOQT error: closing: ConnectionTerminated (376)
  [FAIL] setup-only: Failed: TimeoutError
2026-06-08 00:51:04.259 ERROR: QUIC error: code: 376 reason: ConnectionTerminated
2026-06-08 00:51:04.259 ERROR: MOQT error: closing: ConnectionTerminated (376)
  [FAIL] announce-only: Failed: TimeoutError
2026-06-08 00:51:06.261 ERROR: QUIC error: code: 376 reason: ConnectionTerminated
2026-06-08 00:51:06.261 ERROR: MOQT error: closing: ConnectionTerminated (376)
  [FAIL] publish-namespace-done: Failed: TimeoutError
2026-06-08 00:51:08.264 ERROR: QUIC error: code: 376 reason: ConnectionTerminated
2026-06-08 00:51:08.264 ERROR: MOQT error: closing: ConnectionTerminated (376)
  [FAIL] subscribe-error: Failed: TimeoutError
2026-06-08 00:51:10.267 ERROR: QUIC error: code: 376 reason: ConnectionTerminated
2026-06-08 00:51:10.267 ERROR: MOQT error: closing: ConnectionTerminated (376)
  [FAIL] announce-subscribe: Failed: TimeoutError
2026-06-08 00:51:13.273 ERROR: QUIC error: code: 376 reason: ConnectionTerminated
2026-06-08 00:51:13.273 ERROR: MOQT error: closing: ConnectionTerminated (376)
  [FAIL] subscribe-before-announce: Failed: TimeoutError
TAP version 14
# date: 2026-06-08T00:51:02Z
# ended: 2026-06-08T00:51:16Z
# target: moqt://us-west-2.relay.quicr.org:33437
# version: aiomoqt/0.9.6
1..6
not ok 1 - setup-only
  ---
  duration_ms: 2003.4
  message: Failed: TimeoutError
  expected: SERVER_SETUP received
  received: TimeoutError
  ...
not ok 2 - announce-only
  ---
  duration_ms: 2002.8
  message: Failed: TimeoutError
  expected: PUBLISH_NAMESPACE_OK
  received: TimeoutError
  ...
not ok 3 - publish-namespace-done
  ---
  duration_ms: 2002.9
  message: Failed: TimeoutError
  expected: PUBLISH_NAMESPACE_OK + PUBLISH_NAMESPACE_DONE
  received: TimeoutError
  ...
not ok 4 - subscribe-error
  ---
  duration_ms: 2003.3
  message: Failed: TimeoutError
  expected: error response
  received: TimeoutError
  ...
not ok 5 - announce-subscribe
  ---
  duration_ms: 3004.1
  publisher_connection_id: unknown
  subscriber_connection_id: unknown
  message: Failed: TimeoutError
  received: TimeoutError
  ...
not ok 6 - subscribe-before-announce
  ---
  duration_ms: 3503.9
  publisher_connection_id: unknown
  subscriber_connection_id: unknown
  message: Failed: TimeoutError
  received: TimeoutError
  ...
make[1]: *** [Makefile:121: test-external] Error 1
make[1]: Leaving directory '/home/runner/work/moq-interop-runner/moq-interop-runner/main'
