make[1]: Entering directory '/home/runner/work/moq-interop-runner/moq-interop-runner/main'
Running tests against https://moqx-main.ci.openmoq.org:4433/moq-relay...
  Client: ghcr.io/englishm/moq-interop-runner-moq-test-client-draft-16:latest
docker run --rm \
	 \
	--network host \
	-e RELAY_URL=https://moqx-main.ci.openmoq.org:4433/moq-relay \
	-e TLS_DISABLE_VERIFY=false \
	ghcr.io/englishm/moq-interop-runner-moq-test-client-draft-16:latest
TAP version 14
# moq-test-client v0.1.0
# Relay: https://moqx-main.ci.openmoq.org:4433/moq-relay
1..6
ok 1 - setup-only
  ---
  duration_ms: 267
  connection_id: 60cb3a470c26eb1d5dbdb50f895d5a5c
  ...
ok 2 - announce-only
  ---
  duration_ms: 2362
  connection_id: d43eb92da5737e3bdd86995d84af9e0b
  ...
ok 3 - subscribe-error
  ---
  duration_ms: 198
  connection_id: 6021b246816b7a016317685f382a8705
  ...
ok 4 - announce-subscribe
  ---
  duration_ms: 580
  publisher_connection_id: 575fb335499cbf0250d41ffab44f5513
  subscriber_connection_id: f0208806a57ce68a587180c7e89d6e64
  ...
ok 5 - subscribe-before-announce
  ---
  duration_ms: 3941
  subscriber_connection_id: 7da8ac26b04af00fb88f24459f918158
  publisher_connection_id: 292ea1698257ee0f457456b92124c930
  ...
ok 6 - publish-namespace-done
  ---
  duration_ms: 2342
  connection_id: caab73598379c33d540647d784877f23
  ...
make[1]: Leaving directory '/home/runner/work/moq-interop-runner/moq-interop-runner/main'
