make[1]: Entering directory '/home/runner/work/moq-interop-runner/moq-interop-runner/main'
Running tests against moqt://moqx-main.ci.openmoq.org:4433...
  Client: ghcr.io/englishm/moq-interop-runner-moq-test-client:latest
docker run --rm \
	 \
	--network host \
	-e RELAY_URL=moqt://moqx-main.ci.openmoq.org:4433 \
	-e TLS_DISABLE_VERIFY=false \
	ghcr.io/englishm/moq-interop-runner-moq-test-client:latest
TAP version 14
# moq-test-client v0.1.0
# Relay: moqt://moqx-main.ci.openmoq.org:4433
1..6
ok 1 - setup-only
  ---
  duration_ms: 200
  connection_id: 6a647fd3b5310ad7dbb5ef9865aa36cf
  ...
ok 2 - announce-only
  ---
  duration_ms: 2101
  connection_id: 45a2188d5ce412fc1fc6ee7a87d2f9c1
  ...
ok 3 - subscribe-error
  ---
  duration_ms: 150
  connection_id: 19088d408b26f0fad55204a810abf698
  ...
ok 4 - announce-subscribe
  ---
  duration_ms: 3194
  publisher_connection_id: 073ca9c0b63de9541a7cf9bd52e10bb0
  subscriber_connection_id: 26fefc270546dfbf41c75cd44b06db70
  ...
ok 5 - subscribe-before-announce
  ---
  duration_ms: 3747
  subscriber_connection_id: b262acdd89756569082571fa5859ec59
  publisher_connection_id: 5b79a1105e4b203967dd3c7bccf309e4
  ...
ok 6 - publish-namespace-done
  ---
  duration_ms: 2204
  connection_id: 8126ce8e6bc97855629c75d6d6167ddb
  ...
make[1]: Leaving directory '/home/runner/work/moq-interop-runner/moq-interop-runner/main'
