make[1]: Entering directory '/home/runner/work/moq-interop-runner/moq-interop-runner/main'
Running tests against moqt://fb.mvfst.net:9448...
  Client: ghcr.io/englishm/moq-interop-runner-moq-test-client:latest
docker run --rm \
	 \
	--network host \
	-e RELAY_URL=moqt://fb.mvfst.net:9448 \
	-e TLS_DISABLE_VERIFY=1 \
	ghcr.io/englishm/moq-interop-runner-moq-test-client:latest
TAP version 14
# moq-test-client v0.1.0
# Relay: moqt://fb.mvfst.net:9448
1..6
ok 1 - setup-only
  ---
  duration_ms: 136
  connection_id: e6a2a35c2880aaa6ae8357763f7f3598
  ...
ok 2 - announce-only
  ---
  duration_ms: 2136
  connection_id: 9eaafe056978955f83d7b827cbaa0cc8
  ...
ok 3 - subscribe-error
  ---
  duration_ms: 205
  connection_id: ff57e046a016dcc056f11276c7e324ac
  ...
ok 4 - announce-subscribe
  ---
  duration_ms: 3336
  publisher_connection_id: 75243520f0e30f8bcaab1348afb882be
  subscriber_connection_id: 1da6bbce403179620236e0e14945943e
  ...
ok 5 - subscribe-before-announce
  ---
  duration_ms: 3836
  subscriber_connection_id: ad42abfe80bad99a6235c72c23ccf37d
  publisher_connection_id: a9554023ca0647d8e6c3a69b5a3b9ffb
  ...
ok 6 - publish-namespace-done
  ---
  duration_ms: 2241
  connection_id: 491a55ce8f04c93c19f353d41bfd22a8
  ...
make[1]: Leaving directory '/home/runner/work/moq-interop-runner/moq-interop-runner/main'
