make[1]: Entering directory '/home/runner/work/moq-interop-runner/moq-interop-runner/main'
Running tests against https://relay.moqtail.dev...
  Client: ghcr.io/openmoq/moqx-interop-client:latest
docker run --rm \
	 \
	--network host \
	-e RELAY_URL=https://relay.moqtail.dev \
	-e TLS_DISABLE_VERIFY=false \
	ghcr.io/openmoq/moqx-interop-client:latest
TAP version 14
# moxygen interop test client
# Relay: https://relay.moqtail.dev
# Transport: WebTransport
1..6
W0608 01:17:44.995419     1 MoQWebTransportClient.cpp:173] WebTransport: No WT-Protocol header in response, will use legacy version negotiation
E0608 01:17:45.040990     1 MoQWebTransportClient.cpp:198] proxygen::HTTPException: Got error=ApplicationError: No Error, Client closed by peer reason=Setup failed
not ok 1 - setup-only
  ---
  duration_ms: 264
  error: coroutine operation cancelled
  ...
W0608 01:17:45.180843     1 MoQWebTransportClient.cpp:173] WebTransport: No WT-Protocol header in response, will use legacy version negotiation
E0608 01:17:45.228834     1 MoQWebTransportClient.cpp:198] proxygen::HTTPException: Got error=ApplicationError: No Error, Client closed by peer reason=Setup failed
not ok 2 - announce-only
  ---
  duration_ms: 187
  error: coroutine operation cancelled
  ...
W0608 01:17:45.341756     1 MoQWebTransportClient.cpp:173] WebTransport: No WT-Protocol header in response, will use legacy version negotiation
E0608 01:17:45.389296     1 MoQWebTransportClient.cpp:198] proxygen::HTTPException: Got error=ApplicationError: No Error, Client closed by peer reason=Setup failed
not ok 3 - subscribe-error
  ---
  duration_ms: 160
  error: coroutine operation cancelled
  ...
W0608 01:17:45.489360     1 MoQWebTransportClient.cpp:173] WebTransport: No WT-Protocol header in response, will use legacy version negotiation
E0608 01:17:45.535015     1 MoQWebTransportClient.cpp:198] proxygen::HTTPException: Got error=ApplicationError: No Error, Client closed by peer reason=Setup failed
not ok 4 - announce-subscribe
  ---
  duration_ms: 145
  error: coroutine operation cancelled
  ...
W0608 01:17:45.638682     1 MoQWebTransportClient.cpp:173] WebTransport: No WT-Protocol header in response, will use legacy version negotiation
E0608 01:17:45.686606     1 MoQWebTransportClient.cpp:198] proxygen::HTTPException: Got error=ApplicationError: No Error, Client closed by peer reason=Setup failed
not ok 5 - publish-namespace-done
  ---
  duration_ms: 151
  error: coroutine operation cancelled
  ...
W0608 01:17:45.805809     1 MoQWebTransportClient.cpp:173] WebTransport: No WT-Protocol header in response, will use legacy version negotiation
E0608 01:17:45.851998     1 MoQWebTransportClient.cpp:198] proxygen::HTTPException: Got error=ApplicationError: No Error, Client closed by peer reason=Setup failed
not ok 6 - subscribe-before-announce
  ---
  duration_ms: 165
  error: coroutine operation cancelled
  ...
make[1]: *** [Makefile:121: test-external] Error 1
make[1]: Leaving directory '/home/runner/work/moq-interop-runner/moq-interop-runner/main'
