make[1]: Entering directory '/home/runner/work/moq-interop-runner/moq-interop-runner/main'
Running tests against https://moqx-main.ci.openmoq.org:4433/moq-relay...
  Client: ghcr.io/openmoq/moqx-interop-client:latest
docker run --rm \
	 \
	--network host \
	-e RELAY_URL=https://moqx-main.ci.openmoq.org:4433/moq-relay \
	-e TLS_DISABLE_VERIFY=false \
	ghcr.io/openmoq/moqx-interop-client:latest
TAP version 14
# moxygen interop test client
# Relay: https://moqx-main.ci.openmoq.org:4433/moq-relay
# Transport: WebTransport
1..6
ok 1 - setup-only
  ---
  duration_ms: 171
  info: SETUP exchange completed successfully
  ...
E0608 01:17:55.068336     1 MoQRelaySession.cpp:864] PublishNamespaceDone for unknown publishNamespace, sess=0x5597866088b0
ok 2 - announce-only
  ---
  duration_ms: 248
  info: PUBLISH_NAMESPACE completed successfully
  ...
ok 3 - subscribe-error
  ---
  duration_ms: 187
  info: Subscribe correctly returned error: no such namespace or track
  ...
E0608 01:17:55.688813     1 MoQSession.cpp:5200] publishDone for invalid id=1 sess=0x559786600200
ok 4 - announce-subscribe
  ---
  duration_ms: 432
  info: Publisher announced, subscriber subscribed successfully
  ...
ok 5 - publish-namespace-done
  ---
  duration_ms: 196
  info: PUBLISH_NAMESPACE_OK received, PUBLISH_NAMESPACE_DONE sent
  ...
ok 6 - subscribe-before-announce
  ---
  duration_ms: 839
  info: Subscribe returned error (relay doesn't buffer pending subscriptions): no such namespace or track
  ...
make[1]: Leaving directory '/home/runner/work/moq-interop-runner/moq-interop-runner/main'
