make[1]: Entering directory '/home/runner/work/moq-interop-runner/moq-interop-runner/main'
Running tests against https://draft-16-manish.cloudflare.mediaoverquic.com:443/moq...
  Client: ghcr.io/facebookexperimental/moxygen-interop-client:latest-amd64
docker run --rm \
	 \
	--network host \
	-e RELAY_URL=https://draft-16-manish.cloudflare.mediaoverquic.com:443/moq \
	-e TLS_DISABLE_VERIFY=false \
	ghcr.io/facebookexperimental/moxygen-interop-client:latest-amd64
TAP version 14
# moxygen interop test client
# Relay: https://draft-16-manish.cloudflare.mediaoverquic.com:443/moq
# Transport: WebTransport
1..6
E20260608 01:20:35.009042     1 HQSession.cpp:541] Connection closed with error err=Crypto error: certificate_expired msg=fizz::FizzVerificationException: certificate verification failed: certificate has expired proto=, client CID=, server CID=bd19d169823e8a50, local=<uninitialized address>, 34.68.101.111:443=upstream, drain=none
not ok 1 - setup-only
  ---
  duration_ms: 79
  error: Crypto error: certificate_expired
  ...
E0608 01:20:35.009866     1 MoQWebTransportClient.cpp:95] std::runtime_error: Crypto error: certificate_expired
E20260608 01:20:35.102022     1 HQSession.cpp:541] Connection closed with error err=Crypto error: certificate_expired msg=fizz::FizzVerificationException: certificate verification failed: certificate has expired proto=, client CID=, server CID=691fb471dd564e30, local=<uninitialized address>, 34.68.101.111:443=upstream, drain=none
E0608 01:20:35.102128     1 MoQWebTransportClient.cpp:95] std::runtime_error: Crypto error: certificate_expired
not ok 2 - announce-only
  ---
  duration_ms: 92
  error: Crypto error: certificate_expired
  ...
not ok 3 - subscribe-error
  ---
  duration_ms: 55
  error: Crypto error: certificate_expired
  ...
E20260608 01:20:35.157555     1 HQSession.cpp:541] Connection closed with error err=Crypto error: certificate_expired msg=fizz::FizzVerificationException: certificate verification failed: certificate has expired proto=, client CID=, server CID=2cb3fb6cd9cf644a, local=<uninitialized address>, 34.68.101.111:443=upstream, drain=none
E0608 01:20:35.157630     1 MoQWebTransportClient.cpp:95] std::runtime_error: Crypto error: certificate_expired
E20260608 01:20:35.214694     1 HQSession.cpp:541] Connection closed with error err=Crypto error: certificate_expired msg=fizz::FizzVerificationException: certificate verification failed: certificate has expired proto=, client CID=, server CID=09ddef8ed94f54ed, local=<uninitialized address>, 34.68.101.111:443=upstream, drain=none
E0608 01:20:35.214767     1 MoQWebTransportClient.cpp:95] std::runtime_error: Crypto error: certificate_expired
not ok 4 - announce-subscribe
  ---
  duration_ms: 57
  error: Crypto error: certificate_expired
  ...
not ok 5 - publish-namespace-done
  ---
  duration_ms: 113
  error: Crypto error: certificate_expired
  ...
E20260608 01:20:35.328312     1 HQSession.cpp:541] Connection closed with error err=Crypto error: certificate_expired msg=fizz::FizzVerificationException: certificate verification failed: certificate has expired proto=, client CID=, server CID=301b9d7854ebf8e2, local=<uninitialized address>, 34.68.101.111:443=upstream, drain=none
E0608 01:20:35.328411     1 MoQWebTransportClient.cpp:95] std::runtime_error: Crypto error: certificate_expired
E20260608 01:20:35.386336     1 HQSession.cpp:541] Connection closed with error err=Crypto error: certificate_expired msg=fizz::FizzVerificationException: certificate verification failed: certificate has expired proto=, client CID=, server CID=9e07e462787202f0, local=<uninitialized address>, 34.68.101.111:443=upstream, drain=none
E0608 01:20:35.386428     1 MoQWebTransportClient.cpp:95] std::runtime_error: Crypto error: certificate_expired
not ok 6 - subscribe-before-announce
  ---
  duration_ms: 57
  error: Crypto error: certificate_expired
  ...
make[1]: *** [Makefile:121: test-external] Error 1
make[1]: Leaving directory '/home/runner/work/moq-interop-runner/moq-interop-runner/main'
