make[1]: Entering directory '/home/runner/work/moq-interop-runner/moq-interop-runner/main'
Running tests against https://lminiero.it:9000...
  Client: ghcr.io/facebookexperimental/moxygen-interop-client:latest-amd64
docker run --rm \
	 \
	--network host \
	-e RELAY_URL=https://lminiero.it:9000 \
	-e TLS_DISABLE_VERIFY=false \
	ghcr.io/facebookexperimental/moxygen-interop-client:latest-amd64
TAP version 14
# moxygen interop test client
# Relay: https://lminiero.it:9000
# Transport: WebTransport
1..6
E0608 01:19:18.535632     1 MoQWebTransportClient.cpp:145] std::runtime_error: Error setting up WebTransport: proxygen::HTTPException: ingress timeout, streamID=0, timeout=2000ms
not ok 1 - setup-only
  ---
  duration_ms: 2518
  error: Error setting up WebTransport: proxygen::HTTPException: ingress timeout, streamID=0, timeout=2000ms
  ...
E0608 01:19:21.185275     1 MoQWebTransportClient.cpp:145] std::runtime_error: Error setting up WebTransport: proxygen::HTTPException: ingress timeout, streamID=0, timeout=2000ms
not ok 2 - announce-only
  ---
  duration_ms: 2649
  error: Error setting up WebTransport: proxygen::HTTPException: ingress timeout, streamID=0, timeout=2000ms
  ...
E0608 01:19:23.676553     1 MoQWebTransportClient.cpp:145] std::runtime_error: Error setting up WebTransport: proxygen::HTTPException: ingress timeout, streamID=0, timeout=2000ms
not ok 3 - subscribe-error
  ---
  duration_ms: 2491
  error: Error setting up WebTransport: proxygen::HTTPException: ingress timeout, streamID=0, timeout=2000ms
  ...
E0608 01:19:26.159317     1 MoQWebTransportClient.cpp:145] std::runtime_error: Error setting up WebTransport: proxygen::HTTPException: ingress timeout, streamID=0, timeout=2000ms
not ok 4 - announce-subscribe
  ---
  duration_ms: 2482
  error: Error setting up WebTransport: proxygen::HTTPException: ingress timeout, streamID=0, timeout=2000ms
  ...
E0608 01:19:28.640958     1 MoQWebTransportClient.cpp:145] std::runtime_error: Error setting up WebTransport: proxygen::HTTPException: ingress timeout, streamID=0, timeout=2000ms
not ok 5 - publish-namespace-done
  ---
  duration_ms: 2481
  error: Error setting up WebTransport: proxygen::HTTPException: ingress timeout, streamID=0, timeout=2000ms
  ...
E0608 01:19:31.125244     1 MoQWebTransportClient.cpp:145] std::runtime_error: Error setting up WebTransport: proxygen::HTTPException: ingress timeout, streamID=0, timeout=2000ms
not ok 6 - subscribe-before-announce
  ---
  duration_ms: 2484
  error: Error setting up WebTransport: proxygen::HTTPException: ingress timeout, streamID=0, timeout=2000ms
  ...
E20260608 01:19:32.125727     1 EventHandler.cpp:90] EventBase: failed to register event handler for fd 10: No such file or directory
E20260608 01:19:32.127004     1 EventHandler.cpp:90] EventBase: failed to register event handler for fd 11: No such file or directory
E20260608 01:19:32.127115     1 EventHandler.cpp:90] EventBase: failed to register event handler for fd 12: No such file or directory
E20260608 01:19:32.127183     1 EventHandler.cpp:90] EventBase: failed to register event handler for fd 13: No such file or directory
E20260608 01:19:32.127259     1 EventHandler.cpp:90] EventBase: failed to register event handler for fd 14: No such file or directory
E20260608 01:19:32.127342     1 EventHandler.cpp:90] EventBase: failed to register event handler for fd 9: No such file or directory
make[1]: *** [Makefile:121: test-external] Error 1
make[1]: Leaving directory '/home/runner/work/moq-interop-runner/moq-interop-runner/main'
