make[1]: Entering directory '/home/runner/work/moq-interop-runner/moq-interop-runner/main'
Running tests against https://us-west-2.relay.quicr.org:33437/relay...
  Client: ghcr.io/facebookexperimental/moxygen-interop-client:latest-amd64
docker run --rm \
	 \
	--network host \
	-e RELAY_URL=https://us-west-2.relay.quicr.org:33437/relay \
	-e TLS_DISABLE_VERIFY=1 \
	ghcr.io/facebookexperimental/moxygen-interop-client:latest-amd64
TAP version 14
# moxygen interop test client
# Relay: https://us-west-2.relay.quicr.org:33437/relay
# Transport: WebTransport
1..6
W0608 01:19:42.625599     1 MoQWebTransportClient.cpp:173] WebTransport: No WT-Protocol header in response, will use legacy version negotiation
E0608 01:19:42.659347     1 MoQFramer.cpp:821] Server selected version draft-1 but we only offer draft-14 in legacy mode
E0608 01:19:42.659365     1 MoQCodec.cpp:126] Conn error=21
E0608 01:19:42.659368     1 MoQSession.cpp:4831] MoQCodec control stream parse error err=21
not ok 1 - setup-only
  ---
  duration_ms: 265
  error: coroutine operation cancelled
  ...
W0608 01:19:42.773690     1 MoQWebTransportClient.cpp:173] WebTransport: No WT-Protocol header in response, will use legacy version negotiation
E0608 01:19:42.807778     1 MoQFramer.cpp:821] Server selected version draft-1 but we only offer draft-14 in legacy mode
E0608 01:19:42.807792     1 MoQCodec.cpp:126] Conn error=21
E0608 01:19:42.807795     1 MoQSession.cpp:4831] MoQCodec control stream parse error err=21
not ok 2 - announce-only
  ---
  duration_ms: 148
  error: coroutine operation cancelled
  ...
W0608 01:19:42.939986     1 MoQWebTransportClient.cpp:173] WebTransport: No WT-Protocol header in response, will use legacy version negotiation
E0608 01:19:42.974432     1 MoQFramer.cpp:821] Server selected version draft-1 but we only offer draft-14 in legacy mode
E0608 01:19:42.974446     1 MoQCodec.cpp:126] Conn error=21
E0608 01:19:42.974449     1 MoQSession.cpp:4831] MoQCodec control stream parse error err=21
not ok 3 - subscribe-error
  ---
  duration_ms: 166
  error: coroutine operation cancelled
  ...
W0608 01:19:43.098360     1 MoQWebTransportClient.cpp:173] WebTransport: No WT-Protocol header in response, will use legacy version negotiation
E0608 01:19:43.132598     1 MoQFramer.cpp:821] Server selected version draft-1 but we only offer draft-14 in legacy mode
E0608 01:19:43.132613     1 MoQCodec.cpp:126] Conn error=21
E0608 01:19:43.132616     1 MoQSession.cpp:4831] MoQCodec control stream parse error err=21
not ok 4 - announce-subscribe
  ---
  duration_ms: 158
  error: coroutine operation cancelled
  ...
W0608 01:19:43.349510     1 MoQWebTransportClient.cpp:173] WebTransport: No WT-Protocol header in response, will use legacy version negotiation
E0608 01:19:43.383675     1 MoQFramer.cpp:821] Server selected version draft-1 but we only offer draft-14 in legacy mode
E0608 01:19:43.383692     1 MoQCodec.cpp:126] Conn error=21
E0608 01:19:43.383696     1 MoQSession.cpp:4831] MoQCodec control stream parse error err=21
not ok 5 - publish-namespace-done
  ---
  duration_ms: 250
  error: coroutine operation cancelled
  ...
W0608 01:19:43.483011     1 MoQWebTransportClient.cpp:173] WebTransport: No WT-Protocol header in response, will use legacy version negotiation
E0608 01:19:43.517734     1 MoQFramer.cpp:821] Server selected version draft-1 but we only offer draft-14 in legacy mode
E0608 01:19:43.517750     1 MoQCodec.cpp:126] Conn error=21
E0608 01:19:43.517754     1 MoQSession.cpp:4831] MoQCodec control stream parse error err=21
not ok 6 - subscribe-before-announce
  ---
  duration_ms: 133
  error: coroutine operation cancelled
  ...
make[1]: *** [Makefile:121: test-external] Error 1
make[1]: Leaving directory '/home/runner/work/moq-interop-runner/moq-interop-runner/main'
