make[1]: Entering directory '/home/runner/work/moq-interop-runner/moq-interop-runner/main'
Running tests against moqt://us-west-2.relay.quicr.org:33437...
  Client: ghcr.io/facebookexperimental/moxygen-interop-client:latest-amd64
docker run --rm \
	 \
	--network host \
	-e RELAY_URL=moqt://us-west-2.relay.quicr.org:33437 \
	-e TLS_DISABLE_VERIFY=1 \
	ghcr.io/facebookexperimental/moxygen-interop-client:latest-amd64
TAP version 14
# moxygen interop test client
# Relay: moqt://us-west-2.relay.quicr.org:33437
# Transport: QUIC
1..6
ok 1 - setup-only
  ---
  duration_ms: 133
  info: SETUP exchange completed successfully
  ...
W0608 01:19:44.923934     1 MoQSession.cpp:5011] Issuing request that will fail; nextRequestID_=0 peerMaxRequestID_=0 sess=0x55ded11a6ee0
E0608 01:19:44.958198     1 MoQRelaySession.cpp:864] PublishNamespaceDone for unknown publishNamespace, sess=0x55ded11a6ee0
ok 2 - announce-only
  ---
  duration_ms: 149
  info: PUBLISH_NAMESPACE completed successfully
  ...
W0608 01:19:45.033234     1 MoQSession.cpp:5011] Issuing request that will fail; nextRequestID_=0 peerMaxRequestID_=0 sess=0x55ded11b5b70
not ok 3 - subscribe-error
  ---
  duration_ms: 108
  error: Subscribe succeeded (relay accepted non-existent track)
  ...
W0608 01:19:45.195301     1 MoQSession.cpp:5011] Issuing request that will fail; nextRequestID_=0 peerMaxRequestID_=0 sess=0x55ded11310d0
W0608 01:19:45.305352     1 MoQSession.cpp:5011] Issuing request that will fail; nextRequestID_=0 peerMaxRequestID_=0 sess=0x55ded117bae0
E0608 01:19:45.339601     1 MoQSession.cpp:5198] publishDone for invalid id=1 sess=0x55ded11310d0
ok 4 - announce-subscribe
  ---
  duration_ms: 272
  info: Publisher announced, subscriber subscribed successfully
  ...
W0608 01:19:45.413392     1 MoQSession.cpp:5011] Issuing request that will fail; nextRequestID_=0 peerMaxRequestID_=0 sess=0x55ded11a9960
ok 5 - publish-namespace-done
  ---
  duration_ms: 108
  info: PUBLISH_NAMESPACE_OK received, PUBLISH_NAMESPACE_DONE sent
  ...
W0608 01:19:45.570655     1 MoQSession.cpp:5011] Issuing request that will fail; nextRequestID_=0 peerMaxRequestID_=0 sess=0x55ded11c6210
W0608 01:19:46.170120     1 MoQSession.cpp:5011] Issuing request that will fail; nextRequestID_=0 peerMaxRequestID_=0 sess=0x55ded11b1330
ok 6 - subscribe-before-announce
  ---
  duration_ms: 757
  info: Subscribe succeeded after publisher announced (relay buffers pending subscriptions)
  ...
make[1]: *** [Makefile:121: test-external] Error 1
make[1]: Leaving directory '/home/runner/work/moq-interop-runner/moq-interop-runner/main'
