make[1]: Entering directory '/home/runner/work/moq-interop-runner/moq-interop-runner/main'
Running tests against https://quichemoq.dev:443...
  Client: ghcr.io/facebookexperimental/moxygen-interop-client:latest-amd64
docker run --rm \
	 \
	--network host \
	-e RELAY_URL=https://quichemoq.dev:443 \
	-e TLS_DISABLE_VERIFY=false \
	ghcr.io/facebookexperimental/moxygen-interop-client:latest-amd64
TAP version 14
# moxygen interop test client
# Relay: https://quichemoq.dev:443
# Transport: WebTransport
1..6
E20260608 01:21:38.072705     1 HQSession.cpp:541] Connection closed with error err=Connect failed msg=connect timeout proto=, client CID=, server CID=, local=<uninitialized address>, 34.53.4.47:443=upstream, drain=none
E0608 01:21:38.073975     1 MoQWebTransportClient.cpp:95] std::runtime_error: Connect failed
not ok 1 - setup-only
  ---
  duration_ms: 2037
  error: Connect failed
  ...
E20260608 01:21:40.089429     1 HQSession.cpp:541] Connection closed with error err=Connect failed msg=connect timeout proto=, client CID=, server CID=, local=<uninitialized address>, 34.53.4.47:443=upstream, drain=none
E0608 01:21:40.089562     1 MoQWebTransportClient.cpp:95] std::runtime_error: Connect failed
not ok 2 - announce-only
  ---
  duration_ms: 2015
  error: Connect failed
  ...
E20260608 01:21:42.213775     1 HQSession.cpp:541] Connection closed with error err=Connect failed msg=connect timeout proto=, client CID=, server CID=, local=<uninitialized address>, 34.53.4.47:443=upstream, drain=none
E0608 01:21:42.213929     1 MoQWebTransportClient.cpp:95] std::runtime_error: Connect failed
not ok 3 - subscribe-error
  ---
  duration_ms: 2124
  error: Connect failed
  ...
E20260608 01:21:44.222023     1 HQSession.cpp:541] Connection closed with error err=Connect failed msg=connect timeout proto=, client CID=, server CID=, local=<uninitialized address>, 34.53.4.47:443=upstream, drain=none
E0608 01:21:44.222169     1 MoQWebTransportClient.cpp:95] std::runtime_error: Connect failed
not ok 4 - announce-subscribe
  ---
  duration_ms: 2008
  error: Connect failed
  ...
E20260608 01:21:46.300828     1 HQSession.cpp:541] Connection closed with error err=Connect failed msg=connect timeout proto=, client CID=, server CID=, local=<uninitialized address>, 34.53.4.47:443=upstream, drain=none
E0608 01:21:46.300941     1 MoQWebTransportClient.cpp:95] std::runtime_error: Connect failed
not ok 5 - publish-namespace-done
  ---
  duration_ms: 2078
  error: Connect failed
  ...
E20260608 01:21:48.314461     1 HQSession.cpp:541] Connection closed with error err=Connect failed msg=connect timeout proto=, client CID=, server CID=, local=<uninitialized address>, 34.53.4.47:443=upstream, drain=none
E0608 01:21:48.314593     1 MoQWebTransportClient.cpp:95] std::runtime_error: Connect failed
not ok 6 - subscribe-before-announce
  ---
  duration_ms: 2013
  error: Connect failed
  ...
make[1]: *** [Makefile:121: test-external] Error 1
make[1]: Leaving directory '/home/runner/work/moq-interop-runner/moq-interop-runner/main'
