make[1]: Entering directory '/home/runner/work/moq-interop-runner/moq-interop-runner/main'
Running tests against https://draft-18-interop.cloudflare.mediaoverquic.com:443/moq...
  Client: ghcr.io/englishm/moq-interop-runner-imquic-moq-interop-test:latest
docker run --rm \
	 \
	--network host \
	-e RELAY_URL=https://draft-18-interop.cloudflare.mediaoverquic.com:443/moq \
	-e TLS_DISABLE_VERIFY=false \
	ghcr.io/englishm/moq-interop-runner-imquic-moq-interop-test:latest
TAP version 14
# imquic-moq-interop-test v0.0.2/alpha
# Relay: https://draft-18-interop.cloudflare.mediaoverquic.com:443/moq
1..6
ok 1 - setup-only
not ok 2 - announce-only
  ---
  duration_ms: 2000
  connection_id: c2123a7487f5c37d
  ---
not ok 3 - publish-namespace-done
  ---
  duration_ms: 2000
  connection_id: b467850e784dc698
  ---
not ok 4 - subscribe-error
  ---
  duration_ms: 2000
  connection_id: 8529b446e06fd9d7
  ---
not ok 5 - announce-subscribe
  ---
  duration_ms: 3000
  publisher_connection_id: c398c4538073b028
  ---
not ok 6 - subscribe-before-announce
  ---
  duration_ms: 3500
  publisher_connection_id: 4c5e46d696d1b89d
  subscriber_connection_id: c208352e88a22627
  ---
make[1]: *** [Makefile:121: test-external] Error 1
make[1]: Leaving directory '/home/runner/work/moq-interop-runner/moq-interop-runner/main'
