make[1]: Entering directory '/home/runner/work/moq-interop-runner/moq-interop-runner/main'
Running tests against moqt://moqx-main.ci.openmoq.org:4433...
  Client: ghcr.io/englishm/moq-interop-runner-moq-test-client-draft-16:latest
docker run --rm \
	 \
	--network host \
	-e RELAY_URL=moqt://moqx-main.ci.openmoq.org:4433 \
	-e TLS_DISABLE_VERIFY=false \
	ghcr.io/englishm/moq-interop-runner-moq-test-client-draft-16:latest
TAP version 14
# moq-test-client v0.1.0
# Relay: moqt://moqx-main.ci.openmoq.org:4433
1..6
ok 1 - setup-only
  ---
  duration_ms: 109
  connection_id: e92cd00cada2420f92920a3581e9a0fb
  ...
ok 2 - announce-only
  ---
  duration_ms: 2102
  connection_id: ff4f5e42d6354c024801a347d6658594
  ...
ok 3 - subscribe-error
  ---
  duration_ms: 149
  connection_id: 749ae0ac9e055aa707f4f8c4f4ec596c
  ...
ok 4 - announce-subscribe
  ---
  duration_ms: 3703
  publisher_connection_id: f2eec73590d9ad7f4b363964eb75c3e4
  subscriber_connection_id: 056160c3b411f251761969f06be1d34c
  ...
ok 5 - subscribe-before-announce
  ---
  duration_ms: 4673
  subscriber_connection_id: ac2a8a6c570b6c48b0c7c77098a0263e
  publisher_connection_id: 6ca52438175c35f5c776cd0303a3402a
  ...
ok 6 - publish-namespace-done
  ---
  duration_ms: 2157
  connection_id: 60632cfb689f60980962e46421f9899a
  ...
make[1]: Leaving directory '/home/runner/work/moq-interop-runner/moq-interop-runner/main'
