make[1]: Entering directory '/home/runner/work/moq-interop-runner/moq-interop-runner/main'
Running tests against https://draft-14.cloudflare.mediaoverquic.com:443/moq...
  Client: ghcr.io/englishm/moq-interop-runner-moq-test-client:latest
docker run --rm \
	 \
	--network host \
	-e RELAY_URL=https://draft-14.cloudflare.mediaoverquic.com:443/moq \
	-e TLS_DISABLE_VERIFY=false \
	ghcr.io/englishm/moq-interop-runner-moq-test-client:latest
TAP version 14
# moq-test-client v0.1.0
# Relay: https://draft-14.cloudflare.mediaoverquic.com/moq
1..6
ok 1 - setup-only
  ---
  duration_ms: 29
  connection_id: 33d244299044900e639591cbd485b32b
  ...
ok 2 - announce-only
  ---
  duration_ms: 2031
  connection_id: d64e168e67d282bc78d4b6a3ac99179e
  ...
ok 3 - subscribe-error
  ---
  duration_ms: 152
  connection_id: c66338492056f1d468b3cad6f9b5d1a5
  ...
ok 4 - announce-subscribe
  ---
  duration_ms: 185
  publisher_connection_id: f093aa522bb38908712c839b96e8a692
  subscriber_connection_id: 80fa6a20e42c6f163a2b58fce96c86cc
  ...
ok 5 - subscribe-before-announce
  ---
  duration_ms: 3558
  subscriber_connection_id: 34db8b2f21c9b9bfc03aa4e014649159
  publisher_connection_id: 502ea8fba1a6306e7f330053b86cbb89
  ...
ok 6 - publish-namespace-done
  ---
  duration_ms: 2129
  connection_id: 1a4b541c23d80df9103aa6e7c1be4643
  ...
make[1]: Leaving directory '/home/runner/work/moq-interop-runner/moq-interop-runner/main'
