make[1]: Entering directory '/home/runner/work/moq-interop-runner/moq-interop-runner/main'
Running tests against https://lminiero.it:9000...
  Client: ghcr.io/englishm/moq-interop-runner-moq-test-client-draft-18:latest
docker run --rm \
	 \
	--network host \
	-e RELAY_URL=https://lminiero.it:9000 \
	-e TLS_DISABLE_VERIFY=false \
	ghcr.io/englishm/moq-interop-runner-moq-test-client-draft-18:latest
TAP version 14
# moq-test-client v0.1.6
# Relay: https://lminiero.it:9000/
1..6
[2m2026-07-07T01:09:53.450525Z[0m [32m INFO[0m [2mmoq_native_ietf::quic[0m[2m:[0m UDP socket bound [3mbind[0m[2m=[0m[::]:0 [3mlocal[0m[2m=[0m[::]:38404 [3mdual_stack[0m[2m=[0mtrue
[2m2026-07-07T01:09:54.111948Z[0m [32m INFO[0m [2mmoq_test_client::scenarios[0m[2m:[0m SETUP exchange completed successfully
ok 1 - setup-only
  ---
  duration_ms: 662
  connection_id: 788332dc4234fb761ac1d0f132785df7
  ...
[2m2026-07-07T01:09:54.112831Z[0m [32m INFO[0m [2mmoq_native_ietf::quic[0m[2m:[0m UDP socket bound [3mbind[0m[2m=[0m[::]:0 [3mlocal[0m[2m=[0m[::]:35128 [3mdual_stack[0m[2m=[0mtrue
[2m2026-07-07T01:09:54.876324Z[0m [32m INFO[0m [2mmoq_test_client::scenarios[0m[2m:[0m Sending PUBLISH_NAMESPACE for: moq-test/interop
not ok 2 - publish-namespace-only
  ---
  duration_ms: 764
  message: "PUBLISH_NAMESPACE failed: too many requests"
  ...
[2m2026-07-07T01:09:54.877208Z[0m [32m INFO[0m [2mmoq_native_ietf::quic[0m[2m:[0m UDP socket bound [3mbind[0m[2m=[0m[::]:0 [3mlocal[0m[2m=[0m[::]:39931 [3mdual_stack[0m[2m=[0mtrue
[2m2026-07-07T01:09:55.525745Z[0m [32m INFO[0m [2mmoq_test_client::scenarios[0m[2m:[0m Subscribing to non-existent track: nonexistent/namespace/test-track
[2m2026-07-07T01:09:55.525775Z[0m [31mERROR[0m [2mmoq_transport::serve::error[0m[2m:[0m [7e4771a4-d6a6-4836-84ca-736bfd392127] Internal error: request ID limit: too many requests at /build/moq-transport/src/session/subscriber.rs:191
[2m2026-07-07T01:09:55.525796Z[0m [33m WARN[0m [2mmoq_test_client::scenarios[0m[2m:[0m Got error but not clearly 'not found': internal error: Internal error [error:7e4771a4-d6a6-4836-84ca-736bfd392127]. Relay may use different error text.
ok 3 - subscribe-error
  ---
  duration_ms: 649
  connection_id: 71ce63b3544b8d428ae688c6edeb0435
  ...
[2m2026-07-07T01:09:55.526903Z[0m [32m INFO[0m [2mmoq_native_ietf::quic[0m[2m:[0m UDP socket bound [3mbind[0m[2m=[0m[::]:0 [3mlocal[0m[2m=[0m[::]:42752 [3mdual_stack[0m[2m=[0mtrue
[2m2026-07-07T01:09:55.963461Z[0m [32m INFO[0m [2mmoq_native_ietf::quic[0m[2m:[0m UDP socket bound [3mbind[0m[2m=[0m[::]:0 [3mlocal[0m[2m=[0m[::]:36772 [3mdual_stack[0m[2m=[0mtrue
[2m2026-07-07T01:09:56.597636Z[0m [32m INFO[0m [2mmoq_test_client::scenarios[0m[2m:[0m Publisher sending PUBLISH_NAMESPACE: moq-test/interop
[2m2026-07-07T01:09:56.597679Z[0m [32m INFO[0m [2mmoq_test_client::scenarios[0m[2m:[0m Subscriber subscribing to track: moq-test/interop/test-track
not ok 4 - publish-namespace-subscribe
  ---
  duration_ms: 1071
  message: "publisher PUBLISH_NAMESPACE failed: too many requests"
  ...
[2m2026-07-07T01:09:56.598619Z[0m [32m INFO[0m [2mmoq_native_ietf::quic[0m[2m:[0m UDP socket bound [3mbind[0m[2m=[0m[::]:0 [3mlocal[0m[2m=[0m[::]:48570 [3mdual_stack[0m[2m=[0mtrue
[2m2026-07-07T01:09:57.027733Z[0m [32m INFO[0m [2mmoq_test_client::scenarios[0m[2m:[0m Subscriber subscribing BEFORE PUBLISH_NAMESPACE: moq-test/interop/test-track
[2m2026-07-07T01:09:57.027809Z[0m [31mERROR[0m [2mmoq_transport::serve::error[0m[2m:[0m [0b5b021c-98f2-40a6-9f3e-c13c1a3fbaeb] Internal error: request ID limit: too many requests at /build/moq-transport/src/session/subscriber.rs:191
[2m2026-07-07T01:09:57.529424Z[0m [32m INFO[0m [2mmoq_native_ietf::quic[0m[2m:[0m UDP socket bound [3mbind[0m[2m=[0m[::]:0 [3mlocal[0m[2m=[0m[::]:37056 [3mdual_stack[0m[2m=[0mtrue
[2m2026-07-07T01:09:57.964743Z[0m [32m INFO[0m [2mmoq_test_client::scenarios[0m[2m:[0m Publisher sending PUBLISH_NAMESPACE (after subscriber): moq-test/interop
not ok 5 - subscribe-before-publish-namespace
  ---
  duration_ms: 1367
  message: "publisher PUBLISH_NAMESPACE failed: too many requests"
  ...
[2m2026-07-07T01:09:57.965747Z[0m [32m INFO[0m [2mmoq_native_ietf::quic[0m[2m:[0m UDP socket bound [3mbind[0m[2m=[0m[::]:0 [3mlocal[0m[2m=[0m[::]:33214 [3mdual_stack[0m[2m=[0mtrue
[2m2026-07-07T01:09:58.618673Z[0m [32m INFO[0m [2mmoq_test_client::scenarios[0m[2m:[0m Sending PUBLISH_NAMESPACE: moq-test/interop
not ok 6 - publish-namespace-done
  ---
  duration_ms: 653
  message: "PUBLISH_NAMESPACE failed: too many requests"
  ...
make[1]: *** [Makefile:121: test-external] Error 1
make[1]: Leaving directory '/home/runner/work/moq-interop-runner/moq-interop-runner/main'
