make[1]: Entering directory '/home/runner/work/moq-interop-runner/moq-interop-runner/main'
Running tests against https://us-west-2.relay.quicr.org:33437/relay...
  Client: ghcr.io/openmoq/moqx-interop-client:latest
docker run --rm \
	 \
	--network host \
	-e RELAY_URL=https://us-west-2.relay.quicr.org:33437/relay \
	-e TLS_DISABLE_VERIFY=1 \
	ghcr.io/openmoq/moqx-interop-client:latest
TAP version 14
# moxygen interop test client
# Relay: https://us-west-2.relay.quicr.org:33437/relay
# Transport: WebTransport
1..6
W0707 01:46:31.456955     1 MoQWebTransportClient.cpp:175] WebTransport: No WT-Protocol header in response, will use legacy version negotiation
E0707 01:46:31.537897     1 MoQFramer.cpp:1124] Server selected version draft-1 but we only offer draft-14 in legacy mode
E0707 01:46:31.537928     1 MoQCodec.cpp:126] Conn error=21
E0707 01:46:31.537933     1 MoQSession.cpp:5259] MoQCodec control stream parse error err=21
not ok 1 - setup-only
  ---
  duration_ms: 343
  error: coroutine operation cancelled
  ...
W0707 01:46:31.793814     1 MoQWebTransportClient.cpp:175] WebTransport: No WT-Protocol header in response, will use legacy version negotiation
E0707 01:46:31.874630     1 MoQFramer.cpp:1124] Server selected version draft-1 but we only offer draft-14 in legacy mode
E0707 01:46:31.874685     1 MoQCodec.cpp:126] Conn error=21
E0707 01:46:31.874690     1 MoQSession.cpp:5259] MoQCodec control stream parse error err=21
not ok 2 - announce-only
  ---
  duration_ms: 336
  error: coroutine operation cancelled
  ...
W0707 01:46:32.097178     1 MoQWebTransportClient.cpp:175] WebTransport: No WT-Protocol header in response, will use legacy version negotiation
E0707 01:46:32.178823     1 MoQFramer.cpp:1124] Server selected version draft-1 but we only offer draft-14 in legacy mode
E0707 01:46:32.178852     1 MoQCodec.cpp:126] Conn error=21
E0707 01:46:32.178856     1 MoQSession.cpp:5259] MoQCodec control stream parse error err=21
not ok 3 - subscribe-error
  ---
  duration_ms: 303
  error: coroutine operation cancelled
  ...
W0707 01:46:32.436432     1 MoQWebTransportClient.cpp:175] WebTransport: No WT-Protocol header in response, will use legacy version negotiation
E0707 01:46:32.517914     1 MoQFramer.cpp:1124] Server selected version draft-1 but we only offer draft-14 in legacy mode
E0707 01:46:32.517947     1 MoQCodec.cpp:126] Conn error=21
E0707 01:46:32.517951     1 MoQSession.cpp:5259] MoQCodec control stream parse error err=21
not ok 4 - announce-subscribe
  ---
  duration_ms: 338
  error: coroutine operation cancelled
  ...
W0707 01:46:32.739909     1 MoQWebTransportClient.cpp:175] WebTransport: No WT-Protocol header in response, will use legacy version negotiation
E0707 01:46:32.821503     1 MoQFramer.cpp:1124] Server selected version draft-1 but we only offer draft-14 in legacy mode
E0707 01:46:32.821534     1 MoQCodec.cpp:126] Conn error=21
E0707 01:46:32.821538     1 MoQSession.cpp:5259] MoQCodec control stream parse error err=21
not ok 5 - publish-namespace-done
  ---
  duration_ms: 303
  error: coroutine operation cancelled
  ...
W0707 01:46:33.079197     1 MoQWebTransportClient.cpp:175] WebTransport: No WT-Protocol header in response, will use legacy version negotiation
E0707 01:46:33.160765     1 MoQFramer.cpp:1124] Server selected version draft-1 but we only offer draft-14 in legacy mode
E0707 01:46:33.160793     1 MoQCodec.cpp:126] Conn error=21
E0707 01:46:33.160798     1 MoQSession.cpp:5259] MoQCodec control stream parse error err=21
not ok 6 - subscribe-before-announce
  ---
  duration_ms: 339
  error: coroutine operation cancelled
  ...
make[1]: *** [Makefile:121: test-external] Error 1
make[1]: Leaving directory '/home/runner/work/moq-interop-runner/moq-interop-runner/main'
