make[1]: Entering directory '/home/runner/work/moq-interop-runner/moq-interop-runner/main'
Running tests against moqt://us-west-2.relay.quicr.org:33437...
  Client: ghcr.io/facebookexperimental/moxygen-interop-client:latest-amd64
docker run --rm \
	 \
	--network host \
	-e RELAY_URL=moqt://us-west-2.relay.quicr.org:33437 \
	-e TLS_DISABLE_VERIFY=1 \
	ghcr.io/facebookexperimental/moxygen-interop-client:latest-amd64
TAP version 14
# moxygen interop test client
# Relay: moqt://us-west-2.relay.quicr.org:33437
# Transport: QUIC
1..6
ok 1 - setup-only
  ---
  duration_ms: 170
  info: SETUP exchange completed successfully
  ...
W0707 01:48:21.197053     1 MoQSession.cpp:5473] Issuing request that will fail; nextRequestID_=0 peerMaxRequestID_=0 sess=0x55c1047177b0
ok 2 - announce-only
  ---
  duration_ms: 355
  info: PUBLISH_NAMESPACE completed successfully
  ...
E0707 01:48:21.278616     1 MoQRelaySession.cpp:880] PublishNamespaceDone for unknown publishNamespace, sess=0x55c1047177b0
W0707 01:48:21.446031     1 MoQSession.cpp:5473] Issuing request that will fail; nextRequestID_=0 peerMaxRequestID_=0 sess=0x55c104717000
not ok 3 - subscribe-error
  ---
  duration_ms: 248
  error: Subscribe succeeded (relay accepted non-existent track)
  ...
W0707 01:48:21.778601     1 MoQSession.cpp:5473] Issuing request that will fail; nextRequestID_=0 peerMaxRequestID_=0 sess=0x55c1046ec970
W0707 01:48:22.073906     1 MoQSession.cpp:5473] Issuing request that will fail; nextRequestID_=0 peerMaxRequestID_=0 sess=0x55c10470cd60
E0707 01:48:22.155419     1 MoQSession.cpp:5700] publishDone for invalid id=1 sess=0x55c1046ec970
ok 4 - announce-subscribe
  ---
  duration_ms: 627
  info: Publisher announced, subscriber subscribed successfully
  ...
W0707 01:48:22.324486     1 MoQSession.cpp:5473] Issuing request that will fail; nextRequestID_=0 peerMaxRequestID_=0 sess=0x55c10471acf0
ok 5 - publish-namespace-done
  ---
  duration_ms: 250
  info: PUBLISH_NAMESPACE_OK received, PUBLISH_NAMESPACE_DONE sent
  ...
W0707 01:48:22.574604     1 MoQSession.cpp:5473] Issuing request that will fail; nextRequestID_=0 peerMaxRequestID_=0 sess=0x55c104707170
W0707 01:48:23.244023     1 MoQSession.cpp:5473] Issuing request that will fail; nextRequestID_=0 peerMaxRequestID_=0 sess=0x55c104710ad0
ok 6 - subscribe-before-announce
  ---
  duration_ms: 919
  info: Subscribe succeeded after publisher announced (relay buffers pending subscriptions)
  ...
make[1]: *** [Makefile:121: test-external] Error 1
make[1]: Leaving directory '/home/runner/work/moq-interop-runner/moq-interop-runner/main'
