make[1]: Entering directory '/home/runner/work/moq-interop-runner/moq-interop-runner/main'
Running tests against moqt://lminiero.it:9000...
  Client: ghcr.io/facebookexperimental/moxygen-interop-client:latest-amd64
docker run --rm \
	 \
	--network host \
	-e RELAY_URL=moqt://lminiero.it:9000 \
	-e TLS_DISABLE_VERIFY=false \
	ghcr.io/facebookexperimental/moxygen-interop-client:latest-amd64
TAP version 14
# moxygen interop test client
# Relay: moqt://lminiero.it:9000
# Transport: QUIC
1..6
E0707 01:17:43.831938     1 MoQCodec.cpp:126] Conn error=3
E0707 01:17:43.831967     1 MoQSession.cpp:5259] MoQCodec control stream parse error err=3
not ok 1 - setup-only
  ---
  duration_ms: 838
  error: coroutine operation cancelled
  ...
E0707 01:17:44.576764     1 MoQCodec.cpp:126] Conn error=3
E0707 01:17:44.576791     1 MoQSession.cpp:5259] MoQCodec control stream parse error err=3
not ok 2 - announce-only
  ---
  duration_ms: 744
  error: coroutine operation cancelled
  ...
E0707 01:17:44.798076     1 MoQCodec.cpp:126] Conn error=3
E0707 01:17:44.798105     1 MoQSession.cpp:5259] MoQCodec control stream parse error err=3
not ok 3 - subscribe-error
  ---
  duration_ms: 221
  error: coroutine operation cancelled
  ...
E0707 01:17:45.231748     1 MoQCodec.cpp:126] Conn error=3
E0707 01:17:45.231773     1 MoQSession.cpp:5259] MoQCodec control stream parse error err=3
not ok 4 - announce-subscribe
  ---
  duration_ms: 433
  error: coroutine operation cancelled
  ...
E0707 01:17:45.664095     1 MoQCodec.cpp:126] Conn error=3
E0707 01:17:45.664122     1 MoQSession.cpp:5259] MoQCodec control stream parse error err=3
not ok 5 - publish-namespace-done
  ---
  duration_ms: 432
  error: coroutine operation cancelled
  ...
E0707 01:17:46.407717     1 MoQCodec.cpp:126] Conn error=3
E0707 01:17:46.407745     1 MoQSession.cpp:5259] MoQCodec control stream parse error err=3
not ok 6 - subscribe-before-announce
  ---
  duration_ms: 743
  error: coroutine operation cancelled
  ...
make[1]: *** [Makefile:121: test-external] Error 1
make[1]: Leaving directory '/home/runner/work/moq-interop-runner/moq-interop-runner/main'
