make[1]: Entering directory '/home/runner/work/moq-interop-runner/moq-interop-runner/main'
Running tests against https://fb.mvfst.net:9448/moq-relay...
  Client: ghcr.io/englishm/moq-interop-runner-moq-test-client:latest
docker run --rm \
	 \
	--network host \
	-e RELAY_URL=https://fb.mvfst.net:9448/moq-relay \
	-e TLS_DISABLE_VERIFY=1 \
	ghcr.io/englishm/moq-interop-runner-moq-test-client:latest
TAP version 14
# moq-test-client v0.1.0
# Relay: https://fb.mvfst.net:9448/moq-relay
1..6
ok 1 - setup-only
  ---
  duration_ms: 303
  connection_id: 062df1a41126bd1d14a74515ff52a41f
  ...
ok 2 - announce-only
  ---
  duration_ms: 2307
  connection_id: 6f0d593a3a56b3c828041a4f51d867ce
  ...
ok 3 - subscribe-error
  ---
  duration_ms: 297
  connection_id: da2908c064a7616e59459e3bad91d3dc
  ...
ok 4 - announce-subscribe
  ---
  duration_ms: 574
  publisher_connection_id: ccb2ccd7ed5f7ca4cb1fb8ab7dea6bc4
  subscriber_connection_id: c0a23c718933628d01b171167cb81bf3
  ...
ok 5 - subscribe-before-announce
  ---
  duration_ms: 3972
  subscriber_connection_id: 92b0b216fdc597bcd72b5b9cad77f55f
  publisher_connection_id: f3ef4c950b0a852ca2824df26335af2f
  ...
ok 6 - publish-namespace-done
  ---
  duration_ms: 2343
  connection_id: 344cd7ba008898d8346376b1e1b05e8f
  ...
make[1]: Leaving directory '/home/runner/work/moq-interop-runner/moq-interop-runner/main'
