make[1]: Entering directory '/home/runner/work/moq-interop-runner/moq-interop-runner/main'
Running tests against moqt://moqx-main.ci.openmoq.org:4433...
  Client: ghcr.io/englishm/moq-interop-runner-moq-test-client-draft-18:latest
docker run --rm \
	 \
	--network host \
	-e RELAY_URL=moqt://moqx-main.ci.openmoq.org:4433 \
	-e TLS_DISABLE_VERIFY=false \
	ghcr.io/englishm/moq-interop-runner-moq-test-client-draft-18:latest
TAP version 14
# moq-test-client v0.1.6
# Relay: moqt://moqx-main.ci.openmoq.org:4433
1..6
[2m2026-07-12T01:07:23.002828Z[0m [32m INFO[0m [2mmoq_native_ietf::quic[0m[2m:[0m UDP socket bound [3mbind[0m[2m=[0m[::]:0 [3mlocal[0m[2m=[0m[::]:52539 [3mdual_stack[0m[2m=[0mtrue
[2m2026-07-12T01:07:23.056604Z[0m [32m INFO[0m [2mmoq_test_client::scenarios[0m[2m:[0m SETUP exchange completed successfully
ok 1 - setup-only
  ---
  duration_ms: 54
  connection_id: 59fdd463cf802bbda72f8339c16a4d9b
  ...
[2m2026-07-12T01:07:23.057773Z[0m [32m INFO[0m [2mmoq_native_ietf::quic[0m[2m:[0m UDP socket bound [3mbind[0m[2m=[0m[::]:0 [3mlocal[0m[2m=[0m[::]:33342 [3mdual_stack[0m[2m=[0mtrue
[2m2026-07-12T01:07:23.209463Z[0m [32m INFO[0m [2mmoq_test_client::scenarios[0m[2m:[0m Sending PUBLISH_NAMESPACE for: moq-test/interop
[2m2026-07-12T01:07:25.210686Z[0m [32m INFO[0m [2mmoq_test_client::scenarios[0m[2m:[0m PUBLISH_NAMESPACE succeeded (REQUEST_OK received, waiting for subscribers)
ok 2 - publish-namespace-only
  ---
  duration_ms: 2153
  connection_id: b3782eeec9b579dce16ff51df81551c0
  ...
[2m2026-07-12T01:07:25.211610Z[0m [32m INFO[0m [2mmoq_native_ietf::quic[0m[2m:[0m UDP socket bound [3mbind[0m[2m=[0m[::]:0 [3mlocal[0m[2m=[0m[::]:43357 [3mdual_stack[0m[2m=[0mtrue
[2m2026-07-12T01:07:25.264992Z[0m [32m INFO[0m [2mmoq_test_client::scenarios[0m[2m:[0m Subscribing to non-existent track: nonexistent/namespace/test-track
[2m2026-07-12T01:07:25.313708Z[0m [33m WARN[0m [2mmoq_transport::serve::error[0m[2m:[0m [775ddb14-0449-42dc-9801-ebd0ec048f4d] Not found: no such namespace or track at moq-transport/src/session/subscriber.rs:455
[2m2026-07-12T01:07:25.313750Z[0m [33m WARN[0m [2mmoq_transport::session::reader[0m[2m:[0m [READER] decode: stream ended while waiting for data (have=0 bytes, need=1)
[2m2026-07-12T01:07:25.313845Z[0m [32m INFO[0m [2mmoq_test_client::scenarios[0m[2m:[0m Got expected 'not found' error: not found: Track not found [error:775ddb14-0449-42dc-9801-ebd0ec048f4d]
ok 3 - subscribe-error
  ---
  duration_ms: 103
  connection_id: 1f915e003aee80cef6e7d5210d6beae1
  ...
[2m2026-07-12T01:07:25.314801Z[0m [32m INFO[0m [2mmoq_native_ietf::quic[0m[2m:[0m UDP socket bound [3mbind[0m[2m=[0m[::]:0 [3mlocal[0m[2m=[0m[::]:53332 [3mdual_stack[0m[2m=[0mtrue
[2m2026-07-12T01:07:25.444209Z[0m [32m INFO[0m [2mmoq_native_ietf::quic[0m[2m:[0m UDP socket bound [3mbind[0m[2m=[0m[::]:0 [3mlocal[0m[2m=[0m[::]:58879 [3mdual_stack[0m[2m=[0mtrue
[2m2026-07-12T01:07:25.599743Z[0m [32m INFO[0m [2mmoq_test_client::scenarios[0m[2m:[0m Publisher sending PUBLISH_NAMESPACE: moq-test/interop
[2m2026-07-12T01:07:25.599769Z[0m [32m INFO[0m [2mmoq_test_client::scenarios[0m[2m:[0m Subscriber subscribing to track: moq-test/interop/test-track
[2m2026-07-12T01:07:25.648744Z[0m [33m WARN[0m [2mmoq_transport::serve::error[0m[2m:[0m [ad73ec80-92d0-4cd2-8236-5cb5dd61310a] Not found: no such namespace or track at moq-transport/src/session/subscriber.rs:455
[2m2026-07-12T01:07:25.648774Z[0m [33m WARN[0m [2mmoq_transport::session::reader[0m[2m:[0m [READER] decode: stream ended while waiting for data (have=0 bytes, need=1)
[2m2026-07-12T01:07:25.648892Z[0m [32m INFO[0m [2mmoq_test_client::scenarios[0m[2m:[0m Subscriber got error: not found: Track not found [error:ad73ec80-92d0-4cd2-8236-5cb5dd61310a] - subscription was processed
ok 4 - publish-namespace-subscribe
  ---
  duration_ms: 335
  publisher_connection_id: 6aced55d890d4a07c7b012ded9ff19f3
  subscriber_connection_id: 5395fb2874da8c8a7c27b9e270f14079
  ...
[2m2026-07-12T01:07:25.649884Z[0m [32m INFO[0m [2mmoq_native_ietf::quic[0m[2m:[0m UDP socket bound [3mbind[0m[2m=[0m[::]:0 [3mlocal[0m[2m=[0m[::]:58488 [3mdual_stack[0m[2m=[0mtrue
[2m2026-07-12T01:07:25.807581Z[0m [32m INFO[0m [2mmoq_test_client::scenarios[0m[2m:[0m Subscriber subscribing BEFORE PUBLISH_NAMESPACE: moq-test/interop/test-track
[2m2026-07-12T01:07:26.309230Z[0m [32m INFO[0m [2mmoq_native_ietf::quic[0m[2m:[0m UDP socket bound [3mbind[0m[2m=[0m[::]:0 [3mlocal[0m[2m=[0m[::]:56235 [3mdual_stack[0m[2m=[0mtrue
[2m2026-07-12T01:07:26.455473Z[0m [32m INFO[0m [2mmoq_test_client::scenarios[0m[2m:[0m Publisher sending PUBLISH_NAMESPACE (after subscriber): moq-test/interop
[2m2026-07-12T01:07:29.456268Z[0m [32m INFO[0m [2mmoq_test_client::scenarios[0m[2m:[0m Publisher PUBLISH_NAMESPACE timeout (expected)
[2m2026-07-12T01:07:30.457220Z[0m [32m INFO[0m [2mmoq_test_client::scenarios[0m[2m:[0m Subscriber still waiting (test complete)
ok 5 - subscribe-before-publish-namespace
  ---
  duration_ms: 4808
  subscriber_connection_id: 7d9e52edfbb8b0b53735179e72d6b3a2
  publisher_connection_id: 54b07be496d746466c4965d12b1165ae
  ...
[2m2026-07-12T01:07:30.458098Z[0m [32m INFO[0m [2mmoq_native_ietf::quic[0m[2m:[0m UDP socket bound [3mbind[0m[2m=[0m[::]:0 [3mlocal[0m[2m=[0m[::]:37279 [3mdual_stack[0m[2m=[0mtrue
[2m2026-07-12T01:07:30.610136Z[0m [32m INFO[0m [2mmoq_test_client::scenarios[0m[2m:[0m Sending PUBLISH_NAMESPACE: moq-test/interop
[2m2026-07-12T01:07:32.611050Z[0m [32m INFO[0m [2mmoq_test_client::scenarios[0m[2m:[0m PUBLISH_NAMESPACE active; sending PUBLISH_NAMESPACE_DONE
[2m2026-07-12T01:07:32.712713Z[0m [32m INFO[0m [2mmoq_test_client::scenarios[0m[2m:[0m PUBLISH_NAMESPACE_DONE sent successfully
ok 6 - publish-namespace-done
  ---
  duration_ms: 2255
  connection_id: a1ebb055843d5ab6acd44330c2fa5b19
  ...
make[1]: Leaving directory '/home/runner/work/moq-interop-runner/moq-interop-runner/main'
