make[1]: Entering directory '/home/runner/work/moq-interop-runner/moq-interop-runner/main'
Running tests against moqt://draft-18-interop.cloudflare.mediaoverquic.com:443...
  Client: ghcr.io/englishm/moq-interop-runner-moq-test-client-draft-18:latest
docker run --rm \
	 \
	--network host \
	-e RELAY_URL=moqt://draft-18-interop.cloudflare.mediaoverquic.com:443 \
	-e TLS_DISABLE_VERIFY=false \
	ghcr.io/englishm/moq-interop-runner-moq-test-client-draft-18:latest
TAP version 14
# moq-test-client v0.1.6
# Relay: moqt://draft-18-interop.cloudflare.mediaoverquic.com:443
1..6
[2m2026-07-12T01:04:29.840384Z[0m [32m INFO[0m [2mmoq_native_ietf::quic[0m[2m:[0m UDP socket bound [3mbind[0m[2m=[0m[::]:0 [3mlocal[0m[2m=[0m[::]:57336 [3mdual_stack[0m[2m=[0mtrue
[2m2026-07-12T01:04:29.920047Z[0m [32m INFO[0m [2mmoq_test_client::scenarios[0m[2m:[0m SETUP exchange completed successfully
ok 1 - setup-only
  ---
  duration_ms: 80
  connection_id: f4214d78045981e0754fbb10784e25c3
  ...
[2m2026-07-12T01:04:29.920866Z[0m [32m INFO[0m [2mmoq_native_ietf::quic[0m[2m:[0m UDP socket bound [3mbind[0m[2m=[0m[::]:0 [3mlocal[0m[2m=[0m[::]:33977 [3mdual_stack[0m[2m=[0mtrue
[2m2026-07-12T01:04:29.987476Z[0m [32m INFO[0m [2mmoq_test_client::scenarios[0m[2m:[0m Sending PUBLISH_NAMESPACE for: moq-test/interop
[2m2026-07-12T01:04:31.989304Z[0m [32m INFO[0m [2mmoq_test_client::scenarios[0m[2m:[0m PUBLISH_NAMESPACE succeeded (REQUEST_OK received, waiting for subscribers)
ok 2 - publish-namespace-only
  ---
  duration_ms: 2069
  connection_id: 7ed99dc9da46a76af350076e5c86fbaa
  ...
[2m2026-07-12T01:04:31.990538Z[0m [32m INFO[0m [2mmoq_native_ietf::quic[0m[2m:[0m UDP socket bound [3mbind[0m[2m=[0m[::]:0 [3mlocal[0m[2m=[0m[::]:47746 [3mdual_stack[0m[2m=[0mtrue
[2m2026-07-12T01:04:32.062604Z[0m [32m INFO[0m [2mmoq_test_client::scenarios[0m[2m:[0m Subscribing to non-existent track: nonexistent/namespace/test-track
[2m2026-07-12T01:04:32.078386Z[0m [33m WARN[0m [2mmoq_transport::serve::error[0m[2m:[0m [b29af0b4-8893-470e-8600-31e11c7e7425] Not found: not found: Track not found [error:430d221f-c1d0-4f0b-99ba-b8025ed8deda] at moq-transport/src/session/subscriber.rs:455
[2m2026-07-12T01:04:32.078475Z[0m [32m INFO[0m [2mmoq_test_client::scenarios[0m[2m:[0m Got expected 'not found' error: not found: Track not found [error:b29af0b4-8893-470e-8600-31e11c7e7425]
ok 3 - subscribe-error
  ---
  duration_ms: 89
  connection_id: 5447441a438255306157376091ba54fe
  ...
[2m2026-07-12T01:04:32.079422Z[0m [32m INFO[0m [2mmoq_native_ietf::quic[0m[2m:[0m UDP socket bound [3mbind[0m[2m=[0m[::]:0 [3mlocal[0m[2m=[0m[::]:56968 [3mdual_stack[0m[2m=[0mtrue
[2m2026-07-12T01:04:32.079586Z[0m [33m WARN[0m [2mmoq_transport::session::reader[0m[2m:[0m [READER] decode: stream ended while waiting for data (have=0 bytes, need=1)
[2m2026-07-12T01:04:32.159164Z[0m [32m INFO[0m [2mmoq_native_ietf::quic[0m[2m:[0m UDP socket bound [3mbind[0m[2m=[0m[::]:0 [3mlocal[0m[2m=[0m[::]:60841 [3mdual_stack[0m[2m=[0mtrue
[2m2026-07-12T01:04:32.214706Z[0m [32m INFO[0m [2mmoq_test_client::scenarios[0m[2m:[0m Publisher sending PUBLISH_NAMESPACE: moq-test/interop
[2m2026-07-12T01:04:32.214732Z[0m [32m INFO[0m [2mmoq_test_client::scenarios[0m[2m:[0m Subscriber subscribing to track: moq-test/interop/test-track
[2m2026-07-12T01:04:35.216040Z[0m [32m INFO[0m [2mmoq_test_client::scenarios[0m[2m:[0m Test timeout reached - subscription routing may still be in progress
ok 4 - publish-namespace-subscribe
  ---
  duration_ms: 3137
  publisher_connection_id: 536df4c9d6a097b231db161f1384fd02
  subscriber_connection_id: 560af095927e666e817713591e446f50
  ...
[2m2026-07-12T01:04:35.217046Z[0m [32m INFO[0m [2mmoq_native_ietf::quic[0m[2m:[0m UDP socket bound [3mbind[0m[2m=[0m[::]:0 [3mlocal[0m[2m=[0m[::]:45652 [3mdual_stack[0m[2m=[0mtrue
[2m2026-07-12T01:04:35.231266Z[0m [33m WARN[0m [2mmoq_transport::session::reader[0m[2m:[0m [READER] decode: stream ended while waiting for data (have=0 bytes, need=1)
[2m2026-07-12T01:04:35.290289Z[0m [32m INFO[0m [2mmoq_test_client::scenarios[0m[2m:[0m Subscriber subscribing BEFORE PUBLISH_NAMESPACE: moq-test/interop/test-track
[2m2026-07-12T01:04:35.306007Z[0m [33m WARN[0m [2mmoq_transport::serve::error[0m[2m:[0m [b1306af9-cab9-40e9-b6f9-189d5b218d79] Not found: not found: Track not found [error:9f48d442-cab4-4fde-a1d6-58c40dd88542] at moq-transport/src/session/subscriber.rs:455
[2m2026-07-12T01:04:35.306119Z[0m [33m WARN[0m [2mmoq_transport::session::reader[0m[2m:[0m [READER] decode: stream ended while waiting for data (have=0 bytes, need=1)
[2m2026-07-12T01:04:35.792464Z[0m [32m INFO[0m [2mmoq_native_ietf::quic[0m[2m:[0m UDP socket bound [3mbind[0m[2m=[0m[::]:0 [3mlocal[0m[2m=[0m[::]:37324 [3mdual_stack[0m[2m=[0mtrue
[2m2026-07-12T01:04:35.877614Z[0m [32m INFO[0m [2mmoq_test_client::scenarios[0m[2m:[0m Publisher sending PUBLISH_NAMESPACE (after subscriber): moq-test/interop
[2m2026-07-12T01:04:38.879367Z[0m [32m INFO[0m [2mmoq_test_client::scenarios[0m[2m:[0m Publisher PUBLISH_NAMESPACE timeout (expected)
[2m2026-07-12T01:04:38.879397Z[0m [32m INFO[0m [2mmoq_test_client::scenarios[0m[2m:[0m Subscriber got error: not found: Track not found [error:b1306af9-cab9-40e9-b6f9-189d5b218d79] (may be expected)
ok 5 - subscribe-before-publish-namespace
  ---
  duration_ms: 3663
  subscriber_connection_id: 1d002f23c32ced7567d832b64d18f079
  publisher_connection_id: 3013c1cb963498f91c0d3c808ec5d004
  ...
[2m2026-07-12T01:04:38.880485Z[0m [32m INFO[0m [2mmoq_native_ietf::quic[0m[2m:[0m UDP socket bound [3mbind[0m[2m=[0m[::]:0 [3mlocal[0m[2m=[0m[::]:54848 [3mdual_stack[0m[2m=[0mtrue
[2m2026-07-12T01:04:38.969859Z[0m [32m INFO[0m [2mmoq_test_client::scenarios[0m[2m:[0m Sending PUBLISH_NAMESPACE: moq-test/interop
[2m2026-07-12T01:04:40.970859Z[0m [32m INFO[0m [2mmoq_test_client::scenarios[0m[2m:[0m PUBLISH_NAMESPACE active; sending PUBLISH_NAMESPACE_DONE
[2m2026-07-12T01:04:41.071651Z[0m [32m INFO[0m [2mmoq_test_client::scenarios[0m[2m:[0m PUBLISH_NAMESPACE_DONE sent successfully
ok 6 - publish-namespace-done
  ---
  duration_ms: 2192
  connection_id: 259559ff553d3f306ab16956bf4c4cf7
  ...
make[1]: Leaving directory '/home/runner/work/moq-interop-runner/moq-interop-runner/main'
