make[1]: Entering directory '/home/runner/work/moq-interop-runner/moq-interop-runner/main'
Running tests against moqt://fb.mvfst.net:9448...
  Client: ghcr.io/englishm/moq-interop-runner-moq-test-client:latest
docker run --rm \
	 \
	--network host \
	-e RELAY_URL=moqt://fb.mvfst.net:9448 \
	-e TLS_DISABLE_VERIFY=1 \
	ghcr.io/englishm/moq-interop-runner-moq-test-client:latest
TAP version 14
# moq-test-client v0.1.0
# Relay: moqt://fb.mvfst.net:9448
1..6
ok 1 - setup-only
  ---
  duration_ms: 169
  connection_id: 0303f39ee8c66e4411d6fb06f806e2b0
  ...
ok 2 - announce-only
  ---
  duration_ms: 2169
  connection_id: 7560509250e91a1f80cd559f964cfc63
  ...
ok 3 - subscribe-error
  ---
  duration_ms: 233
  connection_id: facb457b55ff5ea0874752a7ba8d847a
  ...
ok 4 - announce-subscribe
  ---
  duration_ms: 3339
  publisher_connection_id: 503603cd67d0206c5ef8114e92612cda
  subscriber_connection_id: 361745d2b3c3f0b8f9cb3830621d2d75
  ...
ok 5 - subscribe-before-announce
  ---
  duration_ms: 3971
  subscriber_connection_id: a34a78daa4655965f0dffbf1f1512495
  publisher_connection_id: 4671d17727fab6ba27b08f00b28f1674
  ...
ok 6 - publish-namespace-done
  ---
  duration_ms: 2337
  connection_id: dbc4f58163ddc796e322955010b663bc
  ...
make[1]: Leaving directory '/home/runner/work/moq-interop-runner/moq-interop-runner/main'
