make[1]: Entering directory '/home/runner/work/moq-interop-runner/moq-interop-runner/main'
Running tests against moqt://lminiero.it:9000...
  Client: ghcr.io/englishm/moq-interop-runner-moq-test-client-draft-18:latest
docker run --rm \
	 \
	--network host \
	-e RELAY_URL=moqt://lminiero.it:9000 \
	-e TLS_DISABLE_VERIFY=false \
	ghcr.io/englishm/moq-interop-runner-moq-test-client-draft-18:latest
TAP version 14
# moq-test-client v0.1.6
# Relay: moqt://lminiero.it:9000
1..6
[2m2026-07-12T01:02:36.867385Z[0m [32m INFO[0m [2mmoq_native_ietf::quic[0m[2m:[0m UDP socket bound [3mbind[0m[2m=[0m[::]:0 [3mlocal[0m[2m=[0m[::]:49995 [3mdual_stack[0m[2m=[0mtrue
[2m2026-07-12T01:02:37.544700Z[0m [32m INFO[0m [2mmoq_test_client::scenarios[0m[2m:[0m SETUP exchange completed successfully
ok 1 - setup-only
  ---
  duration_ms: 678
  connection_id: f218fee1aefde6a578ba52c40daaf530
  ...
[2m2026-07-12T01:02:37.545560Z[0m [32m INFO[0m [2mmoq_native_ietf::quic[0m[2m:[0m UDP socket bound [3mbind[0m[2m=[0m[::]:0 [3mlocal[0m[2m=[0m[::]:47434 [3mdual_stack[0m[2m=[0mtrue
[2m2026-07-12T01:02:38.393809Z[0m [32m INFO[0m [2mmoq_test_client::scenarios[0m[2m:[0m Sending PUBLISH_NAMESPACE for: moq-test/interop
[2m2026-07-12T01:02:40.395033Z[0m [32m INFO[0m [2mmoq_test_client::scenarios[0m[2m:[0m PUBLISH_NAMESPACE succeeded (REQUEST_OK received, waiting for subscribers)
ok 2 - publish-namespace-only
  ---
  duration_ms: 2850
  connection_id: bc4c71db332612586cbcfa3fec03c370
  ...
[2m2026-07-12T01:02:40.396037Z[0m [32m INFO[0m [2mmoq_native_ietf::quic[0m[2m:[0m UDP socket bound [3mbind[0m[2m=[0m[::]:0 [3mlocal[0m[2m=[0m[::]:47479 [3mdual_stack[0m[2m=[0mtrue
[2m2026-07-12T01:02:40.742475Z[0m [32m INFO[0m [2mmoq_test_client::scenarios[0m[2m:[0m Subscribing to non-existent track: nonexistent/namespace/test-track
[2m2026-07-12T01:02:40.909803Z[0m [33m WARN[0m [2mmoq_transport::serve::error[0m[2m:[0m [25e23e89-7a06-43c3-a5c2-5dcb63c4dcb5] Not found: Namespace not found at moq-transport/src/session/subscriber.rs:455
[2m2026-07-12T01:02:40.909839Z[0m [33m WARN[0m [2mmoq_transport::session::reader[0m[2m:[0m [READER] decode: stream ended while waiting for data (have=0 bytes, need=1)
[2m2026-07-12T01:02:40.909900Z[0m [32m INFO[0m [2mmoq_test_client::scenarios[0m[2m:[0m Got expected 'not found' error: not found: Track not found [error:25e23e89-7a06-43c3-a5c2-5dcb63c4dcb5]
ok 3 - subscribe-error
  ---
  duration_ms: 514
  connection_id: 19346492dff6ebe1442f9582c2871735
  ...
[2m2026-07-12T01:02:40.911029Z[0m [32m INFO[0m [2mmoq_native_ietf::quic[0m[2m:[0m UDP socket bound [3mbind[0m[2m=[0m[::]:0 [3mlocal[0m[2m=[0m[::]:39007 [3mdual_stack[0m[2m=[0mtrue
[2m2026-07-12T01:02:41.592054Z[0m [32m INFO[0m [2mmoq_native_ietf::quic[0m[2m:[0m UDP socket bound [3mbind[0m[2m=[0m[::]:0 [3mlocal[0m[2m=[0m[::]:46090 [3mdual_stack[0m[2m=[0mtrue
[2m2026-07-12T01:02:42.415626Z[0m [32m INFO[0m [2mmoq_test_client::scenarios[0m[2m:[0m Publisher sending PUBLISH_NAMESPACE: moq-test/interop
[2m2026-07-12T01:02:42.415654Z[0m [32m INFO[0m [2mmoq_test_client::scenarios[0m[2m:[0m Subscriber subscribing to track: moq-test/interop/test-track
[2m2026-07-12T01:02:42.580698Z[0m [33m WARN[0m [2mmoq_transport::serve::error[0m[2m:[0m [604177d9-2afd-40f8-bb30-02c08e0060b1] Not found: Namespace not found at moq-transport/src/session/subscriber.rs:455
[2m2026-07-12T01:02:42.580733Z[0m [33m WARN[0m [2mmoq_transport::session::reader[0m[2m:[0m [READER] decode: stream ended while waiting for data (have=0 bytes, need=1)
[2m2026-07-12T01:02:42.580863Z[0m [32m INFO[0m [2mmoq_test_client::scenarios[0m[2m:[0m Subscriber got error: not found: Track not found [error:604177d9-2afd-40f8-bb30-02c08e0060b1] - subscription was processed
ok 4 - publish-namespace-subscribe
  ---
  duration_ms: 1670
  publisher_connection_id: d55051063ffe771b7d5c79e15f8729c3
  subscriber_connection_id: 5dfbdc7c4daa7585dc8e14b2a0141975
  ...
[2m2026-07-12T01:02:42.581831Z[0m [32m INFO[0m [2mmoq_native_ietf::quic[0m[2m:[0m UDP socket bound [3mbind[0m[2m=[0m[::]:0 [3mlocal[0m[2m=[0m[::]:56674 [3mdual_stack[0m[2m=[0mtrue
[2m2026-07-12T01:02:42.926702Z[0m [32m INFO[0m [2mmoq_test_client::scenarios[0m[2m:[0m Subscriber subscribing BEFORE PUBLISH_NAMESPACE: moq-test/interop/test-track
[2m2026-07-12T01:02:43.093418Z[0m [33m WARN[0m [2mmoq_transport::serve::error[0m[2m:[0m [3a1d53ed-f4ba-4d1c-9026-f905abaf8f12] Not found: Namespace not found at moq-transport/src/session/subscriber.rs:455
[2m2026-07-12T01:02:43.093451Z[0m [33m WARN[0m [2mmoq_transport::session::reader[0m[2m:[0m [READER] decode: stream ended while waiting for data (have=0 bytes, need=1)
[2m2026-07-12T01:02:43.428611Z[0m [32m INFO[0m [2mmoq_native_ietf::quic[0m[2m:[0m UDP socket bound [3mbind[0m[2m=[0m[::]:0 [3mlocal[0m[2m=[0m[::]:35543 [3mdual_stack[0m[2m=[0mtrue
[2m2026-07-12T01:02:44.104001Z[0m [32m INFO[0m [2mmoq_test_client::scenarios[0m[2m:[0m Publisher sending PUBLISH_NAMESPACE (after subscriber): moq-test/interop
[2m2026-07-12T01:02:47.104581Z[0m [32m INFO[0m [2mmoq_test_client::scenarios[0m[2m:[0m Publisher PUBLISH_NAMESPACE timeout (expected)
[2m2026-07-12T01:02:47.104614Z[0m [32m INFO[0m [2mmoq_test_client::scenarios[0m[2m:[0m Subscriber got error: not found: Track not found [error:3a1d53ed-f4ba-4d1c-9026-f905abaf8f12] (may be expected)
ok 5 - subscribe-before-publish-namespace
  ---
  duration_ms: 4523
  subscriber_connection_id: edd8547a855d9e82b8e63c424ef1eb3a
  publisher_connection_id: dc27968679fbca9384f4bce0c2b4c807
  ...
[2m2026-07-12T01:02:47.105618Z[0m [32m INFO[0m [2mmoq_native_ietf::quic[0m[2m:[0m UDP socket bound [3mbind[0m[2m=[0m[::]:0 [3mlocal[0m[2m=[0m[::]:38375 [3mdual_stack[0m[2m=[0mtrue
[2m2026-07-12T01:02:47.455324Z[0m [32m INFO[0m [2mmoq_test_client::scenarios[0m[2m:[0m Sending PUBLISH_NAMESPACE: moq-test/interop
[2m2026-07-12T01:02:49.456910Z[0m [32m INFO[0m [2mmoq_test_client::scenarios[0m[2m:[0m PUBLISH_NAMESPACE active; sending PUBLISH_NAMESPACE_DONE
[2m2026-07-12T01:02:49.558354Z[0m [32m INFO[0m [2mmoq_test_client::scenarios[0m[2m:[0m PUBLISH_NAMESPACE_DONE sent successfully
ok 6 - publish-namespace-done
  ---
  duration_ms: 2453
  connection_id: 27fa20e4ef6a592846d92835ff04fc65
  ...
make[1]: Leaving directory '/home/runner/work/moq-interop-runner/moq-interop-runner/main'
