make[1]: Entering directory '/home/runner/work/moq-interop-runner/moq-interop-runner/main'
Running tests against https://moqx-main.ci.openmoq.org:4433/moq-relay...
  Client: ghcr.io/englishm/moq-interop-runner-moq-test-client-draft-16:latest
docker run --rm \
	 \
	--network host \
	-e RELAY_URL=https://moqx-main.ci.openmoq.org:4433/moq-relay \
	-e TLS_DISABLE_VERIFY=false \
	ghcr.io/englishm/moq-interop-runner-moq-test-client-draft-16:latest
TAP version 14
# moq-test-client v0.1.0
# Relay: https://moqx-main.ci.openmoq.org:4433/moq-relay
1..6
ok 1 - setup-only
  ---
  duration_ms: 460
  connection_id: da2d43f51add55374dffe2280a4dd5e4
  ...
ok 2 - announce-only
  ---
  duration_ms: 2403
  connection_id: 6eab52bc0b475c32ae546fd9da8e86c7
  ...
ok 3 - subscribe-error
  ---
  duration_ms: 191
  connection_id: c4907f9b0f3b0db1a8d2bf1b92c6440b
  ...
ok 4 - announce-subscribe
  ---
  duration_ms: 3458
  publisher_connection_id: 4e01187e25bc86cdb1fb25b0bb8dff15
  subscriber_connection_id: 1d0ee60641c584cbc0d5b46417feca7a
  ...
ok 5 - subscribe-before-announce
  ---
  duration_ms: 5144
  subscriber_connection_id: 608520d3cc5a8593637b147d2387d2d6
  publisher_connection_id: 3e6eda781c98cdaa1e1416acf7748779
  ...
ok 6 - publish-namespace-done
  ---
  duration_ms: 2263
  connection_id: cb803230fedda9e703ec595cf08e0011
  ...
make[1]: Leaving directory '/home/runner/work/moq-interop-runner/moq-interop-runner/main'
