make[1]: Entering directory '/home/runner/work/moq-interop-runner/moq-interop-runner/main'
Running tests against moqt://lminiero.it:9000...
  Client: ghcr.io/openmoq/moqx-interop-client:latest
docker run --rm \
	 \
	--network host \
	-e RELAY_URL=moqt://lminiero.it:9000 \
	-e TLS_DISABLE_VERIFY=false \
	ghcr.io/openmoq/moqx-interop-client:latest
TAP version 14
# moxygen interop test client
# Relay: moqt://lminiero.it:9000
# Transport: QUIC
1..6
E0712 01:09:28.313115     1 MoQCodec.cpp:126] Conn error=3
E0712 01:09:28.313152     1 MoQSession.cpp:5259] MoQCodec control stream parse error err=3
not ok 1 - setup-only
  ---
  duration_ms: 359
  error: coroutine operation cancelled
  ...
E0712 01:09:28.981606     1 MoQCodec.cpp:126] Conn error=3
E0712 01:09:28.981632     1 MoQSession.cpp:5259] MoQCodec control stream parse error err=3
not ok 2 - announce-only
  ---
  duration_ms: 668
  error: coroutine operation cancelled
  ...
E0712 01:09:29.804202     1 MoQCodec.cpp:126] Conn error=3
E0712 01:09:29.804229     1 MoQSession.cpp:5259] MoQCodec control stream parse error err=3
not ok 3 - subscribe-error
  ---
  duration_ms: 822
  error: coroutine operation cancelled
  ...
E0712 01:09:30.893471     1 MoQCodec.cpp:126] Conn error=3
E0712 01:09:30.893497     1 MoQSession.cpp:5259] MoQCodec control stream parse error err=3
not ok 4 - announce-subscribe
  ---
  duration_ms: 1089
  error: coroutine operation cancelled
  ...
E0712 01:09:31.548833     1 MoQCodec.cpp:126] Conn error=3
E0712 01:09:31.548860     1 MoQSession.cpp:5259] MoQCodec control stream parse error err=3
not ok 5 - publish-namespace-done
  ---
  duration_ms: 655
  error: coroutine operation cancelled
  ...
E0712 01:09:32.201226     1 MoQCodec.cpp:126] Conn error=3
E0712 01:09:32.201254     1 MoQSession.cpp:5259] MoQCodec control stream parse error err=3
not ok 6 - subscribe-before-announce
  ---
  duration_ms: 652
  error: coroutine operation cancelled
  ...
E20260712 01:09:33.201458     1 EventHandler.cpp:90] EventBase: failed to register event handler for fd 11: Resource temporarily unavailable
make[1]: *** [Makefile:121: test-external] Error 1
make[1]: Leaving directory '/home/runner/work/moq-interop-runner/moq-interop-runner/main'
