make[1]: Entering directory '/home/runner/work/moq-interop-runner/moq-interop-runner/main'
Running tests against moqt://us-west-2.relay.quicr.org:33437...
  Client: ghcr.io/openmoq/moqx-interop-client:latest
docker run --rm \
	 \
	--network host \
	-e RELAY_URL=moqt://us-west-2.relay.quicr.org:33437 \
	-e TLS_DISABLE_VERIFY=1 \
	ghcr.io/openmoq/moqx-interop-client:latest
TAP version 14
# moxygen interop test client
# Relay: moqt://us-west-2.relay.quicr.org:33437
# Transport: QUIC
1..6
ok 1 - setup-only
  ---
  duration_ms: 201
  info: SETUP exchange completed successfully
  ...
W0712 01:41:56.220285     1 MoQSession.cpp:5473] Issuing request that will fail; nextRequestID_=0 peerMaxRequestID_=0 sess=0x56471cec5a50
E0712 01:41:56.240678     1 MoQRelaySession.cpp:880] PublishNamespaceDone for unknown publishNamespace, sess=0x56471cec5a50
ok 2 - announce-only
  ---
  duration_ms: 66
  info: PUBLISH_NAMESPACE completed successfully
  ...
W0712 01:41:56.445284     1 MoQSession.cpp:5473] Issuing request that will fail; nextRequestID_=0 peerMaxRequestID_=0 sess=0x56471ce463f0
not ok 3 - subscribe-error
  ---
  duration_ms: 224
  error: Subscribe succeeded (relay accepted non-existent track)
  ...
W0712 01:41:56.512439     1 MoQSession.cpp:5473] Issuing request that will fail; nextRequestID_=0 peerMaxRequestID_=0 sess=0x56471ceb7e60
W0712 01:41:56.579694     1 MoQSession.cpp:5473] Issuing request that will fail; nextRequestID_=0 peerMaxRequestID_=0 sess=0x56471cebcc90
E0712 01:41:56.600385     1 MoQSession.cpp:5700] publishDone for invalid id=1 sess=0x56471ceb7e60
ok 4 - announce-subscribe
  ---
  duration_ms: 134
  info: Publisher announced, subscriber subscribed successfully
  ...
W0712 01:41:56.683166     1 MoQSession.cpp:5473] Issuing request that will fail; nextRequestID_=0 peerMaxRequestID_=0 sess=0x56471cebf5e0
ok 5 - publish-namespace-done
  ---
  duration_ms: 102
  info: PUBLISH_NAMESPACE_OK received, PUBLISH_NAMESPACE_DONE sent
  ...
W0712 01:41:56.750820     1 MoQSession.cpp:5473] Issuing request that will fail; nextRequestID_=0 peerMaxRequestID_=0 sess=0x56471cebf5e0
W0712 01:41:57.298538     1 MoQSession.cpp:5473] Issuing request that will fail; nextRequestID_=0 peerMaxRequestID_=0 sess=0x56471cec4750
ok 6 - subscribe-before-announce
  ---
  duration_ms: 616
  info: Subscribe succeeded after publisher announced (relay buffers pending subscriptions)
  ...
make[1]: *** [Makefile:121: test-external] Error 1
make[1]: Leaving directory '/home/runner/work/moq-interop-runner/moq-interop-runner/main'
