make[1]: Entering directory '/home/runner/work/moq-interop-runner/moq-interop-runner/main'
Running tests against https://draft-16-manish.cloudflare.mediaoverquic.com:443/moq...
  Client: ghcr.io/openmoq/moqx-interop-client:latest
docker run --rm \
	 \
	--network host \
	-e RELAY_URL=https://draft-16-manish.cloudflare.mediaoverquic.com:443/moq \
	-e TLS_DISABLE_VERIFY=false \
	ghcr.io/openmoq/moqx-interop-client:latest
TAP version 14
# moxygen interop test client
# Relay: https://draft-16-manish.cloudflare.mediaoverquic.com:443/moq
# Transport: WebTransport
1..6
E20260712 01:42:43.223789     1 HQSession.cpp:579] Connection closed with error err=Crypto error: certificate_expired msg=fizz::FizzVerificationException: certificate verification failed: certificate has expired proto=, client CID=, server CID=58baa47af797c42d, local=<uninitialized address>, 34.68.101.111:443=upstream, drain=none
E0712 01:42:43.224962     1 MoQWebTransportClient.cpp:95] std::runtime_error: Crypto error: certificate_expired
not ok 1 - setup-only
  ---
  duration_ms: 109
  error: Crypto error: certificate_expired
  ...
E20260712 01:42:43.283560     1 HQSession.cpp:579] Connection closed with error err=Crypto error: certificate_expired msg=fizz::FizzVerificationException: certificate verification failed: certificate has expired proto=, client CID=, server CID=6b9992a607a13267, local=<uninitialized address>, 34.68.101.111:443=upstream, drain=none
E0712 01:42:43.283739     1 MoQWebTransportClient.cpp:95] std::runtime_error: Crypto error: certificate_expired
not ok 2 - announce-only
  ---
  duration_ms: 58
  error: Crypto error: certificate_expired
  ...
E20260712 01:42:43.343096     1 HQSession.cpp:579] Connection closed with error err=Crypto error: certificate_expired msg=fizz::FizzVerificationException: certificate verification failed: certificate has expired proto=, client CID=, server CID=229f6d51b733564d, local=<uninitialized address>, 34.68.101.111:443=upstream, drain=none
E0712 01:42:43.343274     1 MoQWebTransportClient.cpp:95] std::runtime_error: Crypto error: certificate_expired
not ok 3 - subscribe-error
  ---
  duration_ms: 59
  error: Crypto error: certificate_expired
  ...
E20260712 01:42:43.421831     1 HQSession.cpp:579] Connection closed with error err=Crypto error: certificate_expired msg=fizz::FizzVerificationException: certificate verification failed: certificate has expired proto=, client CID=, server CID=3ca949bcc8895f2a, local=<uninitialized address>, 34.68.101.111:443=upstream, drain=none
E0712 01:42:43.422017     1 MoQWebTransportClient.cpp:95] std::runtime_error: Crypto error: certificate_expired
not ok 4 - announce-subscribe
  ---
  duration_ms: 78
  error: Crypto error: certificate_expired
  ...
E20260712 01:42:43.506517     1 HQSession.cpp:579] Connection closed with error err=Crypto error: certificate_expired msg=fizz::FizzVerificationException: certificate verification failed: certificate has expired proto=, client CID=, server CID=d3250b735738b9db, local=<uninitialized address>, 34.68.101.111:443=upstream, drain=none
E0712 01:42:43.506689     1 MoQWebTransportClient.cpp:95] std::runtime_error: Crypto error: certificate_expired
not ok 5 - publish-namespace-done
  ---
  duration_ms: 84
  error: Crypto error: certificate_expired
  ...
E20260712 01:42:43.563892     1 HQSession.cpp:579] Connection closed with error err=Crypto error: certificate_expired msg=fizz::FizzVerificationException: certificate verification failed: certificate has expired proto=, client CID=, server CID=4f3b5adf23fc7ffe, local=<uninitialized address>, 34.68.101.111:443=upstream, drain=none
E0712 01:42:43.564072     1 MoQWebTransportClient.cpp:95] std::runtime_error: Crypto error: certificate_expired
not ok 6 - subscribe-before-announce
  ---
  duration_ms: 57
  error: Crypto error: certificate_expired
  ...
make[1]: *** [Makefile:121: test-external] Error 1
make[1]: Leaving directory '/home/runner/work/moq-interop-runner/moq-interop-runner/main'
