make[1]: Entering directory '/home/runner/work/moq-interop-runner/moq-interop-runner/main'
Running tests against https://draft-14.cloudflare.mediaoverquic.com:443/moq...
  Client: ghcr.io/facebookexperimental/moxygen-interop-client:latest-amd64
docker run --rm \
	 \
	--network host \
	-e RELAY_URL=https://draft-14.cloudflare.mediaoverquic.com:443/moq \
	-e TLS_DISABLE_VERIFY=false \
	ghcr.io/facebookexperimental/moxygen-interop-client:latest-amd64
TAP version 14
# moxygen interop test client
# Relay: https://draft-14.cloudflare.mediaoverquic.com:443/moq
# Transport: WebTransport
1..6
W0712 01:44:01.849556     1 MoQWebTransportClient.cpp:175] WebTransport: No WT-Protocol header in response, will use legacy version negotiation
ok 1 - setup-only
  ---
  duration_ms: 31
  info: SETUP exchange completed successfully
  ...
W0712 01:44:01.861967     1 MoQWebTransportClient.cpp:175] WebTransport: No WT-Protocol header in response, will use legacy version negotiation
not ok 2 - announce-only
  ---
  duration_ms: 117
  error: done
  ...
W0712 01:44:01.979925     1 MoQWebTransportClient.cpp:175] WebTransport: No WT-Protocol header in response, will use legacy version negotiation
E0712 01:44:03.983125     1 MoQSession.cpp:5572] subscribeFuture exception=folly::OperationCancelled: coroutine operation cancelled
not ok 3 - subscribe-error
  ---
  duration_ms: 2014
  error: Timed out waiting for SUBSCRIBE response
  ...
W0712 01:44:03.995413     1 MoQWebTransportClient.cpp:175] WebTransport: No WT-Protocol header in response, will use legacy version negotiation
not ok 4 - announce-subscribe
  ---
  duration_ms: 168
  error: PUBLISH_NAMESPACE failed: done
  ...
W0712 01:44:04.168560     1 MoQWebTransportClient.cpp:175] WebTransport: No WT-Protocol header in response, will use legacy version negotiation
ok 5 - publish-namespace-done
  ---
  duration_ms: 70
  info: PUBLISH_NAMESPACE_OK received, PUBLISH_NAMESPACE_DONE sent
  ...
W0712 01:44:04.233612     1 MoQWebTransportClient.cpp:175] WebTransport: No WT-Protocol header in response, will use legacy version negotiation
W0712 01:44:04.746378     1 MoQWebTransportClient.cpp:175] WebTransport: No WT-Protocol header in response, will use legacy version negotiation
E0712 01:44:06.243877     1 MoQWebTransportClient.cpp:200] proxygen::HTTPException: ingress timeout, streamID=0, timeout=2000ms
ok 6 - subscribe-before-announce
  ---
  duration_ms: 2021
  info: Subscribe returned error (relay doesn't buffer pending subscriptions): Session closed
  ...
make[1]: *** [Makefile:121: test-external] Error 1
make[1]: Leaving directory '/home/runner/work/moq-interop-runner/moq-interop-runner/main'
