make[1]: Entering directory '/home/runner/work/moq-interop-runner/moq-interop-runner/main'
Running tests against https://us-west-2.relay.quicr.org:33437/relay...
  Client: ghcr.io/facebookexperimental/moxygen-interop-client:latest-amd64
docker run --rm \
	 \
	--network host \
	-e RELAY_URL=https://us-west-2.relay.quicr.org:33437/relay \
	-e TLS_DISABLE_VERIFY=1 \
	ghcr.io/facebookexperimental/moxygen-interop-client:latest-amd64
TAP version 14
# moxygen interop test client
# Relay: https://us-west-2.relay.quicr.org:33437/relay
# Transport: WebTransport
1..6
W0712 01:43:37.805281     1 MoQWebTransportClient.cpp:175] WebTransport: No WT-Protocol header in response, will use legacy version negotiation
E0712 01:43:37.825888     1 MoQFramer.cpp:1064] Server selected version draft-1 but we only offer draft-14 in legacy mode
E0712 01:43:37.825913     1 MoQCodec.cpp:126] Conn error=21
E0712 01:43:37.825919     1 MoQSession.cpp:5259] MoQCodec control stream parse error err=21
not ok 1 - setup-only
  ---
  duration_ms: 225
  error: coroutine operation cancelled
  ...
W0712 01:43:37.892041     1 MoQWebTransportClient.cpp:175] WebTransport: No WT-Protocol header in response, will use legacy version negotiation
E0712 01:43:37.912369     1 MoQFramer.cpp:1064] Server selected version draft-1 but we only offer draft-14 in legacy mode
E0712 01:43:37.912390     1 MoQCodec.cpp:126] Conn error=21
E0712 01:43:37.912394     1 MoQSession.cpp:5259] MoQCodec control stream parse error err=21
not ok 2 - announce-only
  ---
  duration_ms: 86
  error: coroutine operation cancelled
  ...
W0712 01:43:37.959656     1 MoQWebTransportClient.cpp:175] WebTransport: No WT-Protocol header in response, will use legacy version negotiation
E0712 01:43:37.980108     1 MoQFramer.cpp:1064] Server selected version draft-1 but we only offer draft-14 in legacy mode
E0712 01:43:37.980129     1 MoQCodec.cpp:126] Conn error=21
E0712 01:43:37.980133     1 MoQSession.cpp:5259] MoQCodec control stream parse error err=21
not ok 3 - subscribe-error
  ---
  duration_ms: 67
  error: coroutine operation cancelled
  ...
W0712 01:43:38.182245     1 MoQWebTransportClient.cpp:175] WebTransport: No WT-Protocol header in response, will use legacy version negotiation
E0712 01:43:38.202577     1 MoQFramer.cpp:1064] Server selected version draft-1 but we only offer draft-14 in legacy mode
E0712 01:43:38.202602     1 MoQCodec.cpp:126] Conn error=21
E0712 01:43:38.202607     1 MoQSession.cpp:5259] MoQCodec control stream parse error err=21
not ok 4 - announce-subscribe
  ---
  duration_ms: 222
  error: coroutine operation cancelled
  ...
W0712 01:43:38.262034     1 MoQWebTransportClient.cpp:175] WebTransport: No WT-Protocol header in response, will use legacy version negotiation
E0712 01:43:38.282514     1 MoQFramer.cpp:1064] Server selected version draft-1 but we only offer draft-14 in legacy mode
E0712 01:43:38.282543     1 MoQCodec.cpp:126] Conn error=21
E0712 01:43:38.282549     1 MoQSession.cpp:5259] MoQCodec control stream parse error err=21
not ok 5 - publish-namespace-done
  ---
  duration_ms: 79
  error: coroutine operation cancelled
  ...
W0712 01:43:38.329208     1 MoQWebTransportClient.cpp:175] WebTransport: No WT-Protocol header in response, will use legacy version negotiation
E0712 01:43:38.349866     1 MoQFramer.cpp:1064] Server selected version draft-1 but we only offer draft-14 in legacy mode
E0712 01:43:38.349888     1 MoQCodec.cpp:126] Conn error=21
E0712 01:43:38.349893     1 MoQSession.cpp:5259] MoQCodec control stream parse error err=21
not ok 6 - subscribe-before-announce
  ---
  duration_ms: 67
  error: coroutine operation cancelled
  ...
make[1]: *** [Makefile:121: test-external] Error 1
make[1]: Leaving directory '/home/runner/work/moq-interop-runner/moq-interop-runner/main'
