make[1]: Entering directory '/home/runner/work/moq-interop-runner/moq-interop-runner/main'
Running tests against https://moqx-main.ci.openmoq.org:4433/moq-relay...
  Client: ghcr.io/englishm/moq-interop-runner-moq-test-client-draft-18:latest
docker run --rm \
	 \
	--network host \
	-e RELAY_URL=https://moqx-main.ci.openmoq.org:4433/moq-relay \
	-e TLS_DISABLE_VERIFY=false \
	ghcr.io/englishm/moq-interop-runner-moq-test-client-draft-18:latest
TAP version 14
# moq-test-client v0.1.6
# Relay: https://moqx-main.ci.openmoq.org:4433/moq-relay
1..6
[2m2026-07-11T01:04:50.114965Z[0m [32m INFO[0m [2mmoq_native_ietf::quic[0m[2m:[0m UDP socket bound [3mbind[0m[2m=[0m[::]:0 [3mlocal[0m[2m=[0m[::]:37030 [3mdual_stack[0m[2m=[0mtrue
[2m2026-07-11T01:04:50.388794Z[0m [32m INFO[0m [2mmoq_test_client::scenarios[0m[2m:[0m SETUP exchange completed successfully
ok 1 - setup-only
  ---
  duration_ms: 274
  connection_id: 2b1fb16d1c74597e317c855e293200a0
  ...
[2m2026-07-11T01:04:50.389692Z[0m [32m INFO[0m [2mmoq_native_ietf::quic[0m[2m:[0m UDP socket bound [3mbind[0m[2m=[0m[::]:0 [3mlocal[0m[2m=[0m[::]:55814 [3mdual_stack[0m[2m=[0mtrue
[2m2026-07-11T01:04:50.437877Z[0m [33m WARN[0m [2mweb_transport_quinn::session[0m[2m:[0m failed to read capsule [3me[0m[2m=[0mUnexpectedEnd
[2m2026-07-11T01:04:50.673252Z[0m [32m INFO[0m [2mmoq_test_client::scenarios[0m[2m:[0m Sending PUBLISH_NAMESPACE for: moq-test/interop
[2m2026-07-11T01:04:52.675587Z[0m [32m INFO[0m [2mmoq_test_client::scenarios[0m[2m:[0m PUBLISH_NAMESPACE succeeded (REQUEST_OK received, waiting for subscribers)
ok 2 - publish-namespace-only
  ---
  duration_ms: 2286
  connection_id: 5c85e6b62db372e5c345a89399253507
  ...
[2m2026-07-11T01:04:52.676514Z[0m [32m INFO[0m [2mmoq_native_ietf::quic[0m[2m:[0m UDP socket bound [3mbind[0m[2m=[0m[::]:0 [3mlocal[0m[2m=[0m[::]:40571 [3mdual_stack[0m[2m=[0mtrue
[2m2026-07-11T01:04:52.786934Z[0m [32m INFO[0m [2mmoq_test_client::scenarios[0m[2m:[0m Subscribing to non-existent track: nonexistent/namespace/test-track
[2m2026-07-11T01:04:52.838067Z[0m [33m WARN[0m [2mmoq_transport::serve::error[0m[2m:[0m [ae2dfda7-b052-4927-8e75-a5da1364c742] Not found: no such namespace or track at moq-transport/src/session/subscriber.rs:455
[2m2026-07-11T01:04:52.838101Z[0m [33m WARN[0m [2mmoq_transport::session::reader[0m[2m:[0m [READER] decode: stream ended while waiting for data (have=0 bytes, need=1)
[2m2026-07-11T01:04:52.838183Z[0m [32m INFO[0m [2mmoq_test_client::scenarios[0m[2m:[0m Got expected 'not found' error: not found: Track not found [error:ae2dfda7-b052-4927-8e75-a5da1364c742]
ok 3 - subscribe-error
  ---
  duration_ms: 162
  connection_id: 4b1804c844f10afd0c8caf203bf768eb
  ...
[2m2026-07-11T01:04:52.839098Z[0m [32m INFO[0m [2mmoq_native_ietf::quic[0m[2m:[0m UDP socket bound [3mbind[0m[2m=[0m[::]:0 [3mlocal[0m[2m=[0m[::]:43741 [3mdual_stack[0m[2m=[0mtrue
[2m2026-07-11T01:04:52.889473Z[0m [33m WARN[0m [2mweb_transport_quinn::session[0m[2m:[0m failed to read capsule [3me[0m[2m=[0mUnexpectedEnd
[2m2026-07-11T01:04:52.957466Z[0m [32m INFO[0m [2mmoq_native_ietf::quic[0m[2m:[0m UDP socket bound [3mbind[0m[2m=[0m[::]:0 [3mlocal[0m[2m=[0m[::]:47034 [3mdual_stack[0m[2m=[0mtrue
[2m2026-07-11T01:04:53.059854Z[0m [32m INFO[0m [2mmoq_test_client::scenarios[0m[2m:[0m Publisher sending PUBLISH_NAMESPACE: moq-test/interop
[2m2026-07-11T01:04:53.059881Z[0m [32m INFO[0m [2mmoq_test_client::scenarios[0m[2m:[0m Subscriber subscribing to track: moq-test/interop/test-track
[2m2026-07-11T01:04:53.108707Z[0m [33m WARN[0m [2mmoq_transport::serve::error[0m[2m:[0m [211a1167-614e-44bd-b5f3-01a651e03d32] Not found: no such namespace or track at moq-transport/src/session/subscriber.rs:455
[2m2026-07-11T01:04:53.108749Z[0m [33m WARN[0m [2mmoq_transport::session::reader[0m[2m:[0m [READER] decode: stream ended while waiting for data (have=0 bytes, need=1)
[2m2026-07-11T01:04:53.109007Z[0m [32m INFO[0m [2mmoq_test_client::scenarios[0m[2m:[0m Subscriber got error: not found: Track not found [error:211a1167-614e-44bd-b5f3-01a651e03d32] - subscription was processed
ok 4 - publish-namespace-subscribe
  ---
  duration_ms: 270
  publisher_connection_id: f3cc34cddc70f9d37aa02d611eba2ec6
  subscriber_connection_id: 3e1ac7a86eb6310279c5ea5ecb569161
  ...
[2m2026-07-11T01:04:53.109871Z[0m [32m INFO[0m [2mmoq_native_ietf::quic[0m[2m:[0m UDP socket bound [3mbind[0m[2m=[0m[::]:0 [3mlocal[0m[2m=[0m[::]:42067 [3mdual_stack[0m[2m=[0mtrue
[2m2026-07-11T01:04:53.157634Z[0m [33m WARN[0m [2mweb_transport_quinn::session[0m[2m:[0m failed to read capsule [3me[0m[2m=[0mUnexpectedEnd
[2m2026-07-11T01:04:53.234855Z[0m [32m INFO[0m [2mmoq_test_client::scenarios[0m[2m:[0m Subscriber subscribing BEFORE PUBLISH_NAMESPACE: moq-test/interop/test-track
[2m2026-07-11T01:04:53.281315Z[0m [33m WARN[0m [2mmoq_transport::serve::error[0m[2m:[0m [dab01cd0-2d72-4f0f-becd-83f4c3aac18d] Not found: no such namespace or track at moq-transport/src/session/subscriber.rs:455
[2m2026-07-11T01:04:53.281338Z[0m [33m WARN[0m [2mmoq_transport::session::reader[0m[2m:[0m [READER] decode: stream ended while waiting for data (have=0 bytes, need=1)
[2m2026-07-11T01:04:53.327937Z[0m [33m WARN[0m [2mweb_transport_quinn::session[0m[2m:[0m failed to read capsule [3me[0m[2m=[0mUnexpectedEnd
[2m2026-07-11T01:04:53.736974Z[0m [32m INFO[0m [2mmoq_native_ietf::quic[0m[2m:[0m UDP socket bound [3mbind[0m[2m=[0m[::]:0 [3mlocal[0m[2m=[0m[::]:36540 [3mdual_stack[0m[2m=[0mtrue
[2m2026-07-11T01:04:53.946545Z[0m [32m INFO[0m [2mmoq_test_client::scenarios[0m[2m:[0m Publisher sending PUBLISH_NAMESPACE (after subscriber): moq-test/interop
[2m2026-07-11T01:04:56.947761Z[0m [32m INFO[0m [2mmoq_test_client::scenarios[0m[2m:[0m Publisher PUBLISH_NAMESPACE timeout (expected)
[2m2026-07-11T01:04:56.947785Z[0m [32m INFO[0m [2mmoq_test_client::scenarios[0m[2m:[0m Subscriber got error: not found: Track not found [error:dab01cd0-2d72-4f0f-becd-83f4c3aac18d] (may be expected)
ok 5 - subscribe-before-publish-namespace
  ---
  duration_ms: 3838
  subscriber_connection_id: f3b48a0717d86fd8f0fb2dce1ba7a1c1
  publisher_connection_id: 47338a6c8bf9ac603fe083939176371f
  ...
[2m2026-07-11T01:04:56.948661Z[0m [32m INFO[0m [2mmoq_native_ietf::quic[0m[2m:[0m UDP socket bound [3mbind[0m[2m=[0m[::]:0 [3mlocal[0m[2m=[0m[::]:44863 [3mdual_stack[0m[2m=[0mtrue
[2m2026-07-11T01:04:57.166597Z[0m [32m INFO[0m [2mmoq_test_client::scenarios[0m[2m:[0m Sending PUBLISH_NAMESPACE: moq-test/interop
[2m2026-07-11T01:04:59.167658Z[0m [32m INFO[0m [2mmoq_test_client::scenarios[0m[2m:[0m PUBLISH_NAMESPACE active; sending PUBLISH_NAMESPACE_DONE
[2m2026-07-11T01:04:59.268865Z[0m [32m INFO[0m [2mmoq_test_client::scenarios[0m[2m:[0m PUBLISH_NAMESPACE_DONE sent successfully
ok 6 - publish-namespace-done
  ---
  duration_ms: 2321
  connection_id: a02966a90509be278ac8df3d483f7bee
  ...
make[1]: Leaving directory '/home/runner/work/moq-interop-runner/moq-interop-runner/main'
