make[1]: Entering directory '/home/runner/work/moq-interop-runner/moq-interop-runner/main'
Running tests against https://draft-18-interop.cloudflare.mediaoverquic.com:443/moq...
  Client: ghcr.io/englishm/moq-interop-runner-moq-test-client-draft-18:latest
docker run --rm \
	 \
	--network host \
	-e RELAY_URL=https://draft-18-interop.cloudflare.mediaoverquic.com:443/moq \
	-e TLS_DISABLE_VERIFY=false \
	ghcr.io/englishm/moq-interop-runner-moq-test-client-draft-18:latest
TAP version 14
# moq-test-client v0.1.6
# Relay: https://draft-18-interop.cloudflare.mediaoverquic.com/moq
1..6
[2m2026-07-11T01:02:24.499695Z[0m [32m INFO[0m [2mmoq_native_ietf::quic[0m[2m:[0m UDP socket bound [3mbind[0m[2m=[0m[::]:0 [3mlocal[0m[2m=[0m[::]:48248 [3mdual_stack[0m[2m=[0mtrue
[2m2026-07-11T01:02:24.598659Z[0m [32m INFO[0m [2mmoq_test_client::scenarios[0m[2m:[0m SETUP exchange completed successfully
ok 1 - setup-only
  ---
  duration_ms: 99
  connection_id: cc8680591ab73da8269430e3e977127a
  ...
[2m2026-07-11T01:02:24.599640Z[0m [32m INFO[0m [2mmoq_native_ietf::quic[0m[2m:[0m UDP socket bound [3mbind[0m[2m=[0m[::]:0 [3mlocal[0m[2m=[0m[::]:45897 [3mdual_stack[0m[2m=[0mtrue
[2m2026-07-11T01:02:24.612992Z[0m [33m WARN[0m [2mweb_transport_quinn::session[0m[2m:[0m failed to read capsule [3me[0m[2m=[0mUnexpectedEnd
[2m2026-07-11T01:02:24.684051Z[0m [32m INFO[0m [2mmoq_test_client::scenarios[0m[2m:[0m Sending PUBLISH_NAMESPACE for: moq-test/interop
[2m2026-07-11T01:02:26.685830Z[0m [32m INFO[0m [2mmoq_test_client::scenarios[0m[2m:[0m PUBLISH_NAMESPACE succeeded (REQUEST_OK received, waiting for subscribers)
ok 2 - publish-namespace-only
  ---
  duration_ms: 2087
  connection_id: 01ec70dc3ebc8cc078a8d76664e878ce
  ...
[2m2026-07-11T01:02:26.686878Z[0m [32m INFO[0m [2mmoq_native_ietf::quic[0m[2m:[0m UDP socket bound [3mbind[0m[2m=[0m[::]:0 [3mlocal[0m[2m=[0m[::]:53647 [3mdual_stack[0m[2m=[0mtrue
[2m2026-07-11T01:02:26.702586Z[0m [33m WARN[0m [2mmoq_transport::session::reader[0m[2m:[0m [READER] decode: stream ended while waiting for data (have=0 bytes, need=1)
[2m2026-07-11T01:02:26.786705Z[0m [32m INFO[0m [2mmoq_test_client::scenarios[0m[2m:[0m Subscribing to non-existent track: nonexistent/namespace/test-track
[2m2026-07-11T01:02:26.802879Z[0m [33m WARN[0m [2mmoq_transport::serve::error[0m[2m:[0m [dae8e03f-0cd1-485d-a2bd-cfae14ac4609] Not found: not found: Track not found [error:f3c89a4d-a024-446c-b6e3-26830a43538b] at moq-transport/src/session/subscriber.rs:455
[2m2026-07-11T01:02:26.802899Z[0m [33m WARN[0m [2mmoq_transport::session::reader[0m[2m:[0m [READER] decode: stream ended while waiting for data (have=0 bytes, need=1)
[2m2026-07-11T01:02:26.802974Z[0m [32m INFO[0m [2mmoq_test_client::scenarios[0m[2m:[0m Got expected 'not found' error: not found: Track not found [error:dae8e03f-0cd1-485d-a2bd-cfae14ac4609]
ok 3 - subscribe-error
  ---
  duration_ms: 117
  connection_id: 25c46cbe45cfb48140f5d10505ea34ba
  ...
[2m2026-07-11T01:02:26.803882Z[0m [32m INFO[0m [2mmoq_native_ietf::quic[0m[2m:[0m UDP socket bound [3mbind[0m[2m=[0m[::]:0 [3mlocal[0m[2m=[0m[::]:36378 [3mdual_stack[0m[2m=[0mtrue
[2m2026-07-11T01:02:26.818392Z[0m [33m WARN[0m [2mweb_transport_quinn::session[0m[2m:[0m failed to read capsule [3me[0m[2m=[0mUnexpectedEnd
[2m2026-07-11T01:02:26.890726Z[0m [32m INFO[0m [2mmoq_native_ietf::quic[0m[2m:[0m UDP socket bound [3mbind[0m[2m=[0m[::]:0 [3mlocal[0m[2m=[0m[::]:35538 [3mdual_stack[0m[2m=[0mtrue
[2m2026-07-11T01:02:26.969498Z[0m [32m INFO[0m [2mmoq_test_client::scenarios[0m[2m:[0m Publisher sending PUBLISH_NAMESPACE: moq-test/interop
[2m2026-07-11T01:02:26.969518Z[0m [32m INFO[0m [2mmoq_test_client::scenarios[0m[2m:[0m Subscriber subscribing to track: moq-test/interop/test-track
[2m2026-07-11T01:02:26.984273Z[0m [33m WARN[0m [2mmoq_transport::serve::error[0m[2m:[0m [6f188d88-2494-4912-a523-df1195e97985] Not found: not found: Track not found [error:335634f8-e578-4671-a7cc-ca4078330b25] at moq-transport/src/session/subscriber.rs:455
[2m2026-07-11T01:02:26.984364Z[0m [32m INFO[0m [2mmoq_test_client::scenarios[0m[2m:[0m Subscriber got error: not found: Track not found [error:6f188d88-2494-4912-a523-df1195e97985] - subscription was processed
ok 4 - publish-namespace-subscribe
  ---
  duration_ms: 181
  publisher_connection_id: 74da04ddf9f0fe19e5212ca57abb3a07
  subscriber_connection_id: 09f9305f18356bd2cd2fd3a925b7d934
  ...
[2m2026-07-11T01:02:26.984885Z[0m [33m WARN[0m [2mmoq_transport::session::reader[0m[2m:[0m [READER] decode: stream ended while waiting for data (have=0 bytes, need=1)
[2m2026-07-11T01:02:26.985262Z[0m [32m INFO[0m [2mmoq_native_ietf::quic[0m[2m:[0m UDP socket bound [3mbind[0m[2m=[0m[::]:0 [3mlocal[0m[2m=[0m[::]:51336 [3mdual_stack[0m[2m=[0mtrue
[2m2026-07-11T01:02:26.999612Z[0m [33m WARN[0m [2mmoq_transport::session::reader[0m[2m:[0m [READER] decode: stream ended while waiting for data (have=0 bytes, need=1)
[2m2026-07-11T01:02:27.068785Z[0m [32m INFO[0m [2mmoq_test_client::scenarios[0m[2m:[0m Subscriber subscribing BEFORE PUBLISH_NAMESPACE: moq-test/interop/test-track
[2m2026-07-11T01:02:27.084797Z[0m [33m WARN[0m [2mmoq_transport::serve::error[0m[2m:[0m [a5aea94a-4513-420a-b409-18af9af66bbb] Not found: not found: Track not found [error:aaff5d84-8798-4e3d-9471-4d9f734463ad] at moq-transport/src/session/subscriber.rs:455
[2m2026-07-11T01:02:27.084954Z[0m [33m WARN[0m [2mmoq_transport::session::reader[0m[2m:[0m [READER] decode: stream ended while waiting for data (have=0 bytes, need=1)
[2m2026-07-11T01:02:27.100174Z[0m [33m WARN[0m [2mweb_transport_quinn::session[0m[2m:[0m failed to read capsule [3me[0m[2m=[0mUnexpectedEnd
[2m2026-07-11T01:02:27.571542Z[0m [32m INFO[0m [2mmoq_native_ietf::quic[0m[2m:[0m UDP socket bound [3mbind[0m[2m=[0m[::]:0 [3mlocal[0m[2m=[0m[::]:46244 [3mdual_stack[0m[2m=[0mtrue
[2m2026-07-11T01:02:27.655954Z[0m [32m INFO[0m [2mmoq_test_client::scenarios[0m[2m:[0m Publisher sending PUBLISH_NAMESPACE (after subscriber): moq-test/interop
[2m2026-07-11T01:02:30.657374Z[0m [32m INFO[0m [2mmoq_test_client::scenarios[0m[2m:[0m Publisher PUBLISH_NAMESPACE timeout (expected)
[2m2026-07-11T01:02:30.657394Z[0m [32m INFO[0m [2mmoq_test_client::scenarios[0m[2m:[0m Subscriber got error: not found: Track not found [error:a5aea94a-4513-420a-b409-18af9af66bbb] (may be expected)
ok 5 - subscribe-before-publish-namespace
  ---
  duration_ms: 3672
  subscriber_connection_id: e4b3b269053e3aaf5783fbe187c5bf30
  publisher_connection_id: 10844cb2ad6fae2f36426f503c733950
  ...
[2m2026-07-11T01:02:30.658270Z[0m [32m INFO[0m [2mmoq_native_ietf::quic[0m[2m:[0m UDP socket bound [3mbind[0m[2m=[0m[::]:0 [3mlocal[0m[2m=[0m[::]:51223 [3mdual_stack[0m[2m=[0mtrue
[2m2026-07-11T01:02:30.673572Z[0m [33m WARN[0m [2mmoq_transport::session::reader[0m[2m:[0m [READER] decode: stream ended while waiting for data (have=0 bytes, need=1)
[2m2026-07-11T01:02:30.741779Z[0m [32m INFO[0m [2mmoq_test_client::scenarios[0m[2m:[0m Sending PUBLISH_NAMESPACE: moq-test/interop
[2m2026-07-11T01:02:32.743261Z[0m [32m INFO[0m [2mmoq_test_client::scenarios[0m[2m:[0m PUBLISH_NAMESPACE active; sending PUBLISH_NAMESPACE_DONE
[2m2026-07-11T01:02:32.759054Z[0m [33m WARN[0m [2mmoq_transport::session::reader[0m[2m:[0m [READER] decode: stream ended while waiting for data (have=0 bytes, need=1)
[2m2026-07-11T01:02:32.844391Z[0m [32m INFO[0m [2mmoq_test_client::scenarios[0m[2m:[0m PUBLISH_NAMESPACE_DONE sent successfully
ok 6 - publish-namespace-done
  ---
  duration_ms: 2187
  connection_id: 540b9db9f87b9c3fcb65404b70708cd3
  ...
make[1]: Leaving directory '/home/runner/work/moq-interop-runner/moq-interop-runner/main'
