make[1]: Entering directory '/home/runner/work/moq-interop-runner/moq-interop-runner/main'
Running tests against moqt://lminiero.it:9000...
  Client: ghcr.io/englishm/moq-interop-runner-moq-test-client-draft-16:latest
docker run --rm \
	 \
	--network host \
	-e RELAY_URL=moqt://lminiero.it:9000 \
	-e TLS_DISABLE_VERIFY=false \
	ghcr.io/englishm/moq-interop-runner-moq-test-client-draft-16:latest
TAP version 14
# moq-test-client v0.1.0
# Relay: moqt://lminiero.it:9000
1..6
ok 1 - setup-only
  ---
  duration_ms: 486
  connection_id: ad2b884c8e10f00a848b8c0f2f951b34
  ...
[2026-07-11T01:31:08Z ERROR moq_transport::session::reader] [READER] decode: ERROR decoding moq_transport::message::Message - InvalidMessage(12661) (buffer_len=16)
not ok 2 - announce-only
  ---
  duration_ms: 503
  message: "session error: decode error: invalid message: 12661: invalid message: 12661"
  ...
not ok 3 - subscribe-error
  ---
  duration_ms: 806
  message: "session error: decode error: invalid message: 12661: invalid message: 12661"
  ...
[2026-07-11T01:31:08Z ERROR moq_transport::session::reader] [READER] decode: ERROR decoding moq_transport::message::Message - InvalidMessage(12661) (buffer_len=16)
[2026-07-11T01:31:10Z ERROR moq_transport::session::reader] [READER] decode: ERROR decoding moq_transport::message::Message - InvalidMessage(12661) (buffer_len=16)
not ok 4 - announce-subscribe
  ---
  duration_ms: 1659
  message: "publisher session error: decode error: invalid message: 12661: invalid message: 12661"
  ...
[2026-07-11T01:31:11Z ERROR moq_transport::session::reader] [READER] decode: ERROR decoding moq_transport::message::Message - InvalidMessage(12661) (buffer_len=16)
[2026-07-11T01:31:12Z ERROR moq_transport::session::reader] [READER] decode: ERROR decoding moq_transport::message::Message - InvalidMessage(12661) (buffer_len=16)
not ok 5 - subscribe-before-announce
  ---
  duration_ms: 1861
  message: "publisher session error: decode error: invalid message: 12661: invalid message: 12661"
  ...
[2026-07-11T01:31:13Z ERROR moq_transport::session::reader] [READER] decode: ERROR decoding moq_transport::message::Message - InvalidMessage(12661) (buffer_len=16)
not ok 6 - publish-namespace-done
  ---
  duration_ms: 834
  message: "session error: decode error: invalid message: 12661: invalid message: 12661"
  ...
make[1]: *** [Makefile:121: test-external] Error 1
make[1]: Leaving directory '/home/runner/work/moq-interop-runner/moq-interop-runner/main'
