make[1]: Entering directory '/home/runner/work/moq-interop-runner/moq-interop-runner/main'
Running tests against https://fb.mvfst.net:9448/moq-relay...
  Client: ghcr.io/englishm/moq-interop-runner-moq-test-client-draft-16:latest
docker run --rm \
	 \
	--network host \
	-e RELAY_URL=https://fb.mvfst.net:9448/moq-relay \
	-e TLS_DISABLE_VERIFY=1 \
	ghcr.io/englishm/moq-interop-runner-moq-test-client-draft-16:latest
TAP version 14
# moq-test-client v0.1.0
# Relay: https://fb.mvfst.net:9448/moq-relay
1..6
ok 1 - setup-only
  ---
  duration_ms: 251
  connection_id: bab82b6e7a0fbf112fb88260cb28afcc
  ...
ok 2 - announce-only
  ---
  duration_ms: 2228
  connection_id: 7d3d80bd15990d9bbd2d0f83b9036b7b
  ...
ok 3 - subscribe-error
  ---
  duration_ms: 295
  connection_id: 6a702ca90fb20ce308e60d373267c539
  ...
not ok 4 - announce-subscribe
  ---
  duration_ms: 598
  message: "publisher session error: webtransport error: read error: RESET_STREAM: 386759528: read error: RESET_STREAM: 386759528"
  ...
ok 5 - subscribe-before-announce
  ---
  duration_ms: 4095
  subscriber_connection_id: 4a7ef97b691bfdadd05e6399e62fde11
  publisher_connection_id: 0b7442406f3dc63360de70225aa74668
  ...
ok 6 - publish-namespace-done
  ---
  duration_ms: 2331
  connection_id: 064d0c509718c80ca274933288b567a7
  ...
make[1]: *** [Makefile:121: test-external] Error 1
make[1]: Leaving directory '/home/runner/work/moq-interop-runner/moq-interop-runner/main'
