make[1]: Entering directory '/home/runner/work/moq-interop-runner/moq-interop-runner/main'
Running tests against https://relay.moqtail.dev...
  Client: ghcr.io/englishm/moq-interop-runner-moq-test-client-draft-16:latest
docker run --rm \
	 \
	--network host \
	-e RELAY_URL=https://relay.moqtail.dev \
	-e TLS_DISABLE_VERIFY=false \
	ghcr.io/englishm/moq-interop-runner-moq-test-client-draft-16:latest
TAP version 14
# moq-test-client v0.1.0
# Relay: https://relay.moqtail.dev/
1..6
ok 1 - setup-only
  ---
  duration_ms: 234
  connection_id: d63489f97e3e0418dd8cde83f7c0e2f5
  ...
ok 2 - announce-only
  ---
  duration_ms: 2279
  connection_id: 43717d3b2622dbe4ca5e0f9d933d34ab
  ...
ok 3 - subscribe-error
  ---
  duration_ms: 312
  connection_id: 54336cf22aec36d0b9b088196fcb8ae5
  ...
ok 4 - announce-subscribe
  ---
  duration_ms: 586
  publisher_connection_id: 886a92ddbdaf42bc42aff2c930f17108
  subscriber_connection_id: 36b96ff0d1f263b35a51ee59e0967d34
  ...
ok 5 - subscribe-before-announce
  ---
  duration_ms: 4009
  subscriber_connection_id: 71ae8cc62f0f9f8b28c70c45535db071
  publisher_connection_id: 72fd1715bd93070ea7ef3efef1a32ccc
  ...
ok 6 - publish-namespace-done
  ---
  duration_ms: 2375
  connection_id: c9e5016cdd8faf2cf9b5fc6e9119ca25
  ...
make[1]: Leaving directory '/home/runner/work/moq-interop-runner/moq-interop-runner/main'
