make[1]: Entering directory '/home/runner/work/moq-interop-runner/moq-interop-runner/main'
Running tests against moqt://fb.mvfst.net:9448...
  Client: ghcr.io/englishm/moq-interop-runner-moq-test-client-draft-16:latest
docker run --rm \
	 \
	--network host \
	-e RELAY_URL=moqt://fb.mvfst.net:9448 \
	-e TLS_DISABLE_VERIFY=1 \
	ghcr.io/englishm/moq-interop-runner-moq-test-client-draft-16:latest
TAP version 14
# moq-test-client v0.1.0
# Relay: moqt://fb.mvfst.net:9448
1..6
ok 1 - setup-only
  ---
  duration_ms: 158
  connection_id: 39633c7219460d5ea6cd3b90e21ebd53
  ...
ok 2 - announce-only
  ---
  duration_ms: 2160
  connection_id: a28b0000b25543de92993f08893002f5
  ...
ok 3 - subscribe-error
  ---
  duration_ms: 225
  connection_id: d9ec42e8894abd0fbc20976388a6a04c
  ...
not ok 4 - announce-subscribe
  ---
  duration_ms: 461
  message: "publisher session error: webtransport error: session error: connection error: closed by peer: 3: session error: connection error: closed by peer: 3: connection error: closed by peer: 3"
  ...
ok 5 - subscribe-before-announce
  ---
  duration_ms: 3816
  subscriber_connection_id: ea90f380c21ca221c5ba7c710af57a36
  publisher_connection_id: 70cb60fefb3e5a4b1ad1d6c16c04c8e2
  ...
ok 6 - publish-namespace-done
  ---
  duration_ms: 2270
  connection_id: 99db528823c3f88eb803d33147b4274e
  ...
make[1]: *** [Makefile:121: test-external] Error 1
make[1]: Leaving directory '/home/runner/work/moq-interop-runner/moq-interop-runner/main'
