make[1]: Entering directory '/home/runner/work/moq-interop-runner/moq-interop-runner/main'
Running tests against https://fb.mvfst.net:9448/moq-relay...
  Client: ghcr.io/englishm/moq-interop-runner-moq-test-client:latest
docker run --rm \
	 \
	--network host \
	-e RELAY_URL=https://fb.mvfst.net:9448/moq-relay \
	-e TLS_DISABLE_VERIFY=1 \
	ghcr.io/englishm/moq-interop-runner-moq-test-client:latest
TAP version 14
# moq-test-client v0.1.0
# Relay: https://fb.mvfst.net:9448/moq-relay
1..6
ok 1 - setup-only
  ---
  duration_ms: 226
  connection_id: 07ff832c4690834b7272662bacf4e3a3
  ...
ok 2 - announce-only
  ---
  duration_ms: 2254
  connection_id: b3b2b25e7689511bcd41134bff5d6218
  ...
ok 3 - subscribe-error
  ---
  duration_ms: 314
  connection_id: b4983b8313ad4c003dcce32c03c00fc2
  ...
ok 4 - announce-subscribe
  ---
  duration_ms: 528
  publisher_connection_id: 3fb7844c00518453f794331319058bd5
  subscriber_connection_id: 3fc0c3162831dd452fe63e16a6fb0427
  ...
ok 5 - subscribe-before-announce
  ---
  duration_ms: 4049
  subscriber_connection_id: 6da771251762ca8bcc0051039f980dca
  publisher_connection_id: 85dd77ea4b26f76c330f1425d60f0d39
  ...
ok 6 - publish-namespace-done
  ---
  duration_ms: 2352
  connection_id: a1f7f5ab3cc1dd6f92fc802961f9cf03
  ...
make[1]: Leaving directory '/home/runner/work/moq-interop-runner/moq-interop-runner/main'
