make[1]: Entering directory '/home/runner/work/moq-interop-runner/moq-interop-runner/main'
Running tests against https://draft-14.cloudflare.mediaoverquic.com:443/moq...
  Client: ghcr.io/englishm/moq-interop-runner-moq-test-client:latest
docker run --rm \
	 \
	--network host \
	-e RELAY_URL=https://draft-14.cloudflare.mediaoverquic.com:443/moq \
	-e TLS_DISABLE_VERIFY=false \
	ghcr.io/englishm/moq-interop-runner-moq-test-client:latest
TAP version 14
# moq-test-client v0.1.0
# Relay: https://draft-14.cloudflare.mediaoverquic.com/moq
1..6
ok 1 - setup-only
  ---
  duration_ms: 18
  connection_id: c3feda3a1a55a373f23fa8f9ac908893
  ...
ok 2 - announce-only
  ---
  duration_ms: 2013
  connection_id: 1f64539e887c508b351ab4155562a40f
  ...
ok 3 - subscribe-error
  ---
  duration_ms: 55
  connection_id: ca85d67c6241191e6d5889303f5eeb40
  ...
ok 4 - announce-subscribe
  ---
  duration_ms: 3026
  publisher_connection_id: c7e09a279e2175fa2101aabda6f82fd9
  subscriber_connection_id: 2237433dacc809492926039a8931fb1c
  ...
ok 5 - subscribe-before-announce
  ---
  duration_ms: 3531
  subscriber_connection_id: 1c413ccdf9384058322f2b9e64617566
  publisher_connection_id: 7f0237f33b18cfac2141452fea6cc608
  ...
ok 6 - publish-namespace-done
  ---
  duration_ms: 2115
  connection_id: 141e73d5e7b76a780a172f17f648f0ff
  ...
make[1]: Leaving directory '/home/runner/work/moq-interop-runner/moq-interop-runner/main'
