make[1]: Entering directory '/home/runner/work/moq-interop-runner/moq-interop-runner/main'
Running tests against moqt://us-west-2.relay.quicr.org:33437...
  Client: ghcr.io/openmoq/moqx-interop-client:latest
docker run --rm \
	 \
	--network host \
	-e RELAY_URL=moqt://us-west-2.relay.quicr.org:33437 \
	-e TLS_DISABLE_VERIFY=1 \
	ghcr.io/openmoq/moqx-interop-client:latest
TAP version 14
# moxygen interop test client
# Relay: moqt://us-west-2.relay.quicr.org:33437
# Transport: QUIC
1..6
ok 1 - setup-only
  ---
  duration_ms: 49
  info: SETUP exchange completed successfully
  ...
W0711 01:39:44.891532     1 MoQSession.cpp:5473] Issuing request that will fail; nextRequestID_=0 peerMaxRequestID_=0 sess=0x55bc26889a50
E0711 01:39:44.911845     1 MoQRelaySession.cpp:880] PublishNamespaceDone for unknown publishNamespace, sess=0x55bc26889a50
ok 2 - announce-only
  ---
  duration_ms: 65
  info: PUBLISH_NAMESPACE completed successfully
  ...
W0711 01:39:44.960574     1 MoQSession.cpp:5473] Issuing request that will fail; nextRequestID_=0 peerMaxRequestID_=0 sess=0x55bc268887e0
not ok 3 - subscribe-error
  ---
  duration_ms: 68
  error: Subscribe succeeded (relay accepted non-existent track)
  ...
W0711 01:39:45.031135     1 MoQSession.cpp:5473] Issuing request that will fail; nextRequestID_=0 peerMaxRequestID_=0 sess=0x55bc268a60b0
W0711 01:39:45.098831     1 MoQSession.cpp:5473] Issuing request that will fail; nextRequestID_=0 peerMaxRequestID_=0 sess=0x55bc2680a3f0
E0711 01:39:45.120242     1 MoQSession.cpp:5700] publishDone for invalid id=1 sess=0x55bc268a60b0
ok 4 - announce-subscribe
  ---
  duration_ms: 139
  info: Publisher announced, subscriber subscribed successfully
  ...
W0711 01:39:45.168475     1 MoQSession.cpp:5473] Issuing request that will fail; nextRequestID_=0 peerMaxRequestID_=0 sess=0x55bc268898c0
ok 5 - publish-namespace-done
  ---
  duration_ms: 68
  info: PUBLISH_NAMESPACE_OK received, PUBLISH_NAMESPACE_DONE sent
  ...
W0711 01:39:45.235478     1 MoQSession.cpp:5473] Issuing request that will fail; nextRequestID_=0 peerMaxRequestID_=0 sess=0x55bc2680d300
W0711 01:39:45.796438     1 MoQSession.cpp:5473] Issuing request that will fail; nextRequestID_=0 peerMaxRequestID_=0 sess=0x55bc2680a290
ok 6 - subscribe-before-announce
  ---
  duration_ms: 627
  info: Subscribe succeeded after publisher announced (relay buffers pending subscriptions)
  ...
make[1]: *** [Makefile:121: test-external] Error 1
make[1]: Leaving directory '/home/runner/work/moq-interop-runner/moq-interop-runner/main'
