make[1]: Entering directory '/home/runner/work/moq-interop-runner/moq-interop-runner/main'
Running tests against moqt://lminiero.it:9000...
  Client: ghcr.io/facebookexperimental/moxygen-interop-client:latest-amd64
docker run --rm \
	 \
	--network host \
	-e RELAY_URL=moqt://lminiero.it:9000 \
	-e TLS_DISABLE_VERIFY=false \
	ghcr.io/facebookexperimental/moxygen-interop-client:latest-amd64
TAP version 14
# moxygen interop test client
# Relay: moqt://lminiero.it:9000
# Transport: QUIC
1..6
E0711 01:10:19.339771     1 MoQCodec.cpp:126] Conn error=3
E0711 01:10:19.339807     1 MoQSession.cpp:5259] MoQCodec control stream parse error err=3
not ok 1 - setup-only
  ---
  duration_ms: 1180
  error: coroutine operation cancelled
  ...
E0711 01:10:20.326249     1 MoQCodec.cpp:126] Conn error=3
E0711 01:10:20.326273     1 MoQSession.cpp:5259] MoQCodec control stream parse error err=3
not ok 2 - announce-only
  ---
  duration_ms: 986
  error: coroutine operation cancelled
  ...
E0711 01:10:21.005035     1 MoQCodec.cpp:126] Conn error=3
E0711 01:10:21.005061     1 MoQSession.cpp:5259] MoQCodec control stream parse error err=3
not ok 3 - subscribe-error
  ---
  duration_ms: 678
  error: coroutine operation cancelled
  ...
E0711 01:10:21.640331     1 MoQCodec.cpp:126] Conn error=3
E0711 01:10:21.640355     1 MoQSession.cpp:5259] MoQCodec control stream parse error err=3
not ok 4 - announce-subscribe
  ---
  duration_ms: 635
  error: coroutine operation cancelled
  ...
E0711 01:10:22.303599     1 MoQCodec.cpp:126] Conn error=3
E0711 01:10:22.303630     1 MoQSession.cpp:5259] MoQCodec control stream parse error err=3
not ok 5 - publish-namespace-done
  ---
  duration_ms: 663
  error: coroutine operation cancelled
  ...
E0711 01:10:22.643200     1 MoQCodec.cpp:126] Conn error=3
E0711 01:10:22.643223     1 MoQSession.cpp:5259] MoQCodec control stream parse error err=3
not ok 6 - subscribe-before-announce
  ---
  duration_ms: 342
  error: coroutine operation cancelled
  ...
E20260711 01:10:23.645992     1 EventHandler.cpp:90] EventBase: failed to register event handler for fd 12: No such file or directory
make[1]: *** [Makefile:121: test-external] Error 1
make[1]: Leaving directory '/home/runner/work/moq-interop-runner/moq-interop-runner/main'
