make[1]: Entering directory '/home/runner/work/moq-interop-runner/moq-interop-runner/main'
Running tests against moqt://draft-16-manish.cloudflare.mediaoverquic.com:443...
  Client: ghcr.io/facebookexperimental/moxygen-interop-client:latest-amd64
docker run --rm \
	 \
	--network host \
	-e RELAY_URL=moqt://draft-16-manish.cloudflare.mediaoverquic.com:443 \
	-e TLS_DISABLE_VERIFY=false \
	ghcr.io/facebookexperimental/moxygen-interop-client:latest-amd64
TAP version 14
# moxygen interop test client
# Relay: moqt://draft-16-manish.cloudflare.mediaoverquic.com:443
# Transport: QUIC
1..6
not ok 1 - setup-only
  ---
  duration_ms: 94
  error: fizz::FizzVerificationException: certificate verification failed: certificate has expired
  ...
not ok 2 - announce-only
  ---
  duration_ms: 59
  error: fizz::FizzVerificationException: certificate verification failed: certificate has expired
  ...
not ok 3 - subscribe-error
  ---
  duration_ms: 61
  error: fizz::FizzVerificationException: certificate verification failed: certificate has expired
  ...
not ok 4 - announce-subscribe
  ---
  duration_ms: 70
  error: fizz::FizzVerificationException: certificate verification failed: certificate has expired
  ...
not ok 5 - publish-namespace-done
  ---
  duration_ms: 55
  error: fizz::FizzVerificationException: certificate verification failed: certificate has expired
  ...
not ok 6 - subscribe-before-announce
  ---
  duration_ms: 60
  error: fizz::FizzVerificationException: certificate verification failed: certificate has expired
  ...
make[1]: *** [Makefile:121: test-external] Error 1
make[1]: Leaving directory '/home/runner/work/moq-interop-runner/moq-interop-runner/main'
