make[1]: Entering directory '/home/runner/work/moq-interop-runner/moq-interop-runner/main'
Running tests against moqt://lminiero.it:9000...
  Client: ghcr.io/englishm/moq-interop-runner-moq-test-client-draft-16:latest
docker run --rm \
	 \
	--network host \
	-e RELAY_URL=moqt://lminiero.it:9000 \
	-e TLS_DISABLE_VERIFY=false \
	ghcr.io/englishm/moq-interop-runner-moq-test-client-draft-16:latest
TAP version 14
# moq-test-client v0.1.0
# Relay: moqt://lminiero.it:9000
1..6
ok 1 - setup-only
  ---
  duration_ms: 430
  connection_id: 789539afea76b2b6fee518c3d39a1c4d
  ...
ok 2 - announce-only
  ---
  duration_ms: 2706
  connection_id: 604a08ceed229d622e90504a6a2fd970
  ...
ok 3 - subscribe-error
  ---
  duration_ms: 557
  connection_id: 84aa18d8bd0a1bd2cdd45a4f67a88b86
  ...
ok 4 - announce-subscribe
  ---
  duration_ms: 4727
  publisher_connection_id: d7a5e24ab7b1f5cd4aae824f9cede3e4
  subscriber_connection_id: 1b76e02aa114be2b63c372ef4c681bc2
  ...
ok 5 - subscribe-before-announce
  ---
  duration_ms: 5089
  subscriber_connection_id: 563f6b9e460bb1468ddd0fb7a20b03e3
  publisher_connection_id: 681019ba3e865aa512edaed0ab8a6195
  ...
ok 6 - publish-namespace-done
  ---
  duration_ms: 3555
  connection_id: aeab7b2b45d9a8e6cf0cc5b2ed9272f9
  ...
make[1]: Leaving directory '/home/runner/work/moq-interop-runner/moq-interop-runner/main'
