make[1]: Entering directory '/home/runner/work/moq-interop-runner/moq-interop-runner/main'
Running tests against https://draft-14.cloudflare.mediaoverquic.com:443/moq...
  Client: ghcr.io/englishm/moq-interop-runner-moq-test-client:latest
docker run --rm \
	 \
	--network host \
	-e RELAY_URL=https://draft-14.cloudflare.mediaoverquic.com:443/moq \
	-e TLS_DISABLE_VERIFY=false \
	ghcr.io/englishm/moq-interop-runner-moq-test-client:latest
TAP version 14
# moq-test-client v0.1.0
# Relay: https://draft-14.cloudflare.mediaoverquic.com/moq
1..6
ok 1 - setup-only
  ---
  duration_ms: 76
  connection_id: 4db980263d8c52f631c2c72dc154a157
  ...
ok 2 - announce-only
  ---
  duration_ms: 2077
  connection_id: cf43aa4adc5e3a2d72cd2a16ee606a8a
  ...
ok 3 - subscribe-error
  ---
  duration_ms: 246
  connection_id: 37e1ff5158407b48b1cb2e1063f8f09e
  ...
ok 4 - announce-subscribe
  ---
  duration_ms: 293
  publisher_connection_id: 681e39afcd647f184fbc9b9642796ba4
  subscriber_connection_id: 42a87f77d38166f4df9df7c915fedb6e
  ...
ok 5 - subscribe-before-announce
  ---
  duration_ms: 3655
  subscriber_connection_id: 28a1718a18ad92f90d0f2b8fc7381c20
  publisher_connection_id: 1d35e5ea3c26f984a6efce361099b103
  ...
ok 6 - publish-namespace-done
  ---
  duration_ms: 2203
  connection_id: 23091fa2cc5267215c4261c3e75fd5e2
  ...
make[1]: Leaving directory '/home/runner/work/moq-interop-runner/moq-interop-runner/main'
