make[1]: Entering directory '/home/runner/work/moq-interop-runner/moq-interop-runner/main'
Running tests against https://moqx-main.ci.openmoq.org:4433/moq-relay...
  Client: ghcr.io/englishm/moq-interop-runner-moq-test-client:latest
docker run --rm \
	 \
	--network host \
	-e RELAY_URL=https://moqx-main.ci.openmoq.org:4433/moq-relay \
	-e TLS_DISABLE_VERIFY=false \
	ghcr.io/englishm/moq-interop-runner-moq-test-client:latest
TAP version 14
# moq-test-client v0.1.0
# Relay: https://moqx-main.ci.openmoq.org:4433/moq-relay
1..6
ok 1 - setup-only
  ---
  duration_ms: 290
  connection_id: 3006e865430f3cb7ef7aac77db3603cf
  ...
ok 2 - announce-only
  ---
  duration_ms: 2169
  connection_id: 67af5be2806b8583e36b70995349018c
  ...
ok 3 - subscribe-error
  ---
  duration_ms: 335
  connection_id: 7cfb571e84f80f4a678525d3599bd5d1
  ...
ok 4 - announce-subscribe
  ---
  duration_ms: 3491
  publisher_connection_id: 8a9eb493e42d5f78dbd8009d80eb20e9
  subscriber_connection_id: 61490cfdcc8f79dfacbd46133628ce65
  ...
ok 5 - subscribe-before-announce
  ---
  duration_ms: 3809
  subscriber_connection_id: f1b0cfaa98f9a175f80a4e90cafd29c4
  publisher_connection_id: 8ce0915e3f3c9ef720bda87ead1f9bf5
  ...
ok 6 - publish-namespace-done
  ---
  duration_ms: 2368
  connection_id: ad5ebd3a77d841878a862f5d1f18336d
  ...
make[1]: Leaving directory '/home/runner/work/moq-interop-runner/moq-interop-runner/main'
