make[1]: Entering directory '/home/runner/work/moq-interop-runner/moq-interop-runner/main'
Running tests against https://moqx-000.ci.openmoq.org:4433/moq-relay...
  Client: ghcr.io/englishm/moq-interop-runner-moq-test-client-draft-16:latest
docker run --rm \
	--network host \
	-e RELAY_URL=https://moqx-000.ci.openmoq.org:4433/moq-relay \
	-e TLS_DISABLE_VERIFY=false \
	ghcr.io/englishm/moq-interop-runner-moq-test-client-draft-16:latest
TAP version 14
# moq-test-client v0.1.0
# Relay: https://moqx-000.ci.openmoq.org:4433/moq-relay
1..6
ok 1 - setup-only
  ---
  duration_ms: 176
  connection_id: 5c937da1bb1420f36bedec130129cca2
  ...
ok 2 - announce-only
  ---
  duration_ms: 2165
  connection_id: 1e7641d0a2556628c41e6ed053b930a7
  ...
ok 3 - subscribe-error
  ---
  duration_ms: 128
  connection_id: f215a46c65390e1dc46e03e25da5f44b
  ...
ok 4 - announce-subscribe
  ---
  duration_ms: 3251
  publisher_connection_id: cd9f13e6feedce69be76dd498b96a68d
  subscriber_connection_id: 1261c6bd8cf6011ca2334c7a5dcf2c3e
  ...
ok 5 - subscribe-before-announce
  ---
  duration_ms: 4773
  subscriber_connection_id: b367ca9dc4486d1c6c774dc446ecbee7
  publisher_connection_id: b0e81d2a1e98e45a014c6b7c79660290
  ...
ok 6 - publish-namespace-done
  ---
  duration_ms: 2167
  connection_id: 53adfb749ef23db393e3ddd004b09f34
  ...
make[1]: Leaving directory '/home/runner/work/moq-interop-runner/moq-interop-runner/main'
