make[1]: Entering directory '/home/runner/work/moq-interop-runner/moq-interop-runner/main'
Running tests against moqt://fb.mvfst.net:9448...
  Client: ghcr.io/englishm/moq-interop-runner-moq-test-client:latest
docker run --rm \
	--network host \
	-e RELAY_URL=moqt://fb.mvfst.net:9448 \
	-e TLS_DISABLE_VERIFY=1 \
	ghcr.io/englishm/moq-interop-runner-moq-test-client:latest
TAP version 14
# moq-test-client v0.1.0
# Relay: moqt://fb.mvfst.net:9448
1..6
ok 1 - setup-only
  ---
  duration_ms: 56
  connection_id: 943b0da14e35f0361f68a9eb83893f05
  ...
ok 2 - announce-only
  ---
  duration_ms: 2086
  connection_id: 5c2d1331c7010f43db388891405be67a
  ...
ok 3 - subscribe-error
  ---
  duration_ms: 76
  connection_id: f8624342de52edfb1f0f929ba1bf6bdf
  ...
ok 4 - announce-subscribe
  ---
  duration_ms: 164
  publisher_connection_id: 1d6505632ea5cb8a733b3de7ad16108c
  subscriber_connection_id: da356f9f71b59b37db82b762297a64b0
  ...
ok 5 - subscribe-before-announce
  ---
  duration_ms: 3618
  subscriber_connection_id: b87d61cfd0ffb61502f4fcc082f2ec9d
  publisher_connection_id: 2d32700be02947674a56d598ee62a807
  ...
ok 6 - publish-namespace-done
  ---
  duration_ms: 2168
  connection_id: e0872cf4f6be1bbc020852c89b927f37
  ...
make[1]: Leaving directory '/home/runner/work/moq-interop-runner/moq-interop-runner/main'
