make[1]: Entering directory '/home/runner/work/moq-interop-runner/moq-interop-runner/main'
Running tests against https://relay.moqtail.dev...
  Client: moq-test-client:latest
docker run --rm \
	--network host \
	-e RELAY_URL=https://relay.moqtail.dev \
	-e TLS_DISABLE_VERIFY=false \
	moq-test-client:latest
TAP version 14
# moq-test-client v0.1.0
# Relay: https://relay.moqtail.dev/
1..6
ok 1 - setup-only
  ---
  duration_ms: 744
  connection_id: 32a6d1fd6df5f1b9a8b8d57fcb178591
  ...
ok 2 - announce-only
  ---
  duration_ms: 2715
  connection_id: 276ca11fa307161982806367a9cc7c15
  ...
ok 3 - subscribe-error
  ---
  duration_ms: 764
  connection_id: ade46541c2d03e04a430cfff13ba10a8
  ...
ok 4 - announce-subscribe
  ---
  duration_ms: 1301
  publisher_connection_id: ebe82edae741e4cc23ffdd51d2c25b3b
  subscriber_connection_id: 964b608991f22c83cd5549ca85d1caab
  ...
ok 5 - subscribe-before-announce
  ---
  duration_ms: 4788
  subscriber_connection_id: e44a7f3271ceed13318fcfc54afe4251
  publisher_connection_id: 06dbad9715336625aba06b52f4200655
  ...
ok 6 - publish-namespace-done
  ---
  duration_ms: 2763
  connection_id: 395a8328247df741388287455545bb6c
  ...
make[1]: Leaving directory '/home/runner/work/moq-interop-runner/moq-interop-runner/main'
