make[1]: Entering directory '/home/runner/work/moq-interop-runner/moq-interop-runner/main'
Running tests against moqt://us-west-2.relay.quicr.org:33437...
  Client: moq-test-client:latest
docker run --rm \
	--network host \
	-e RELAY_URL=moqt://us-west-2.relay.quicr.org:33437 \
	-e TLS_DISABLE_VERIFY=1 \
	moq-test-client:latest
TAP version 14
# moq-test-client v0.1.0
# Relay: moqt://us-west-2.relay.quicr.org:33437
1..6
ok 1 - setup-only
  ---
  duration_ms: 77
  connection_id: 84d71f3a1803b9d0979ce8cf59bdb0a2
  ...
ok 2 - announce-only
  ---
  duration_ms: 2260
  connection_id: 7179e7da13751db4484c791aed48f769
  ...
not ok 3 - subscribe-error
  ---
  duration_ms: 10000
  message: "test timed out: deadline has elapsed"
  ...
ok 4 - announce-subscribe
  ---
  duration_ms: 3147
  publisher_connection_id: 5234b69a9dbc33c521b8e2957130b71c
  subscriber_connection_id: a6acf9034e96117ee1fa8d8dea869021
  ...
ok 5 - subscribe-before-announce
  ---
  duration_ms: 4700
  subscriber_connection_id: 1987d9fb95a3930422555d43b75d58d0
  publisher_connection_id: 0b9cb422e5a671afc50694e378bf19c1
  ...
ok 6 - publish-namespace-done
  ---
  duration_ms: 2178
  connection_id: 90cd2fe7535d5deaa47cf10a28693342
  ...
make[1]: *** [Makefile:91: test-external] Error 1
make[1]: Leaving directory '/home/runner/work/moq-interop-runner/moq-interop-runner/main'
