make[1]: Entering directory '/home/runner/work/moq-interop-runner/moq-interop-runner/main'
Running tests against https://relay.moqtail.dev...
  Client: ghcr.io/englishm/moq-interop-runner-moq-test-client:latest
docker run --rm \
	--network host \
	-e RELAY_URL=https://relay.moqtail.dev \
	-e TLS_DISABLE_VERIFY=false \
	ghcr.io/englishm/moq-interop-runner-moq-test-client:latest
TAP version 14
# moq-test-client v0.1.0
# Relay: https://relay.moqtail.dev/
1..6
ok 1 - setup-only
  ---
  duration_ms: 545
  connection_id: f3fb1693fbb459fc9c159808288becb6
  ...
ok 2 - announce-only
  ---
  duration_ms: 2562
  connection_id: 1952f047483609d07c52bb7fb6e0cbf1
  ...
ok 3 - subscribe-error
  ---
  duration_ms: 655
  connection_id: 075c265244daa67335e4c831ac7b268f
  ...
ok 4 - announce-subscribe
  ---
  duration_ms: 1253
  publisher_connection_id: 8ac21643f6d150cecc3a55f7f03370d9
  subscriber_connection_id: 541009336efd66e99f07c7c4a2b02a02
  ...
ok 5 - subscribe-before-announce
  ---
  duration_ms: 4585
  subscriber_connection_id: 9e94848de41e07587752f32f50e5410e
  publisher_connection_id: 460ebe8e5bbefd676fae701446977afe
  ...
ok 6 - publish-namespace-done
  ---
  duration_ms: 2661
  connection_id: 9a297e1e0b0837c6fd4ba9c33817edad
  ...
make[1]: Leaving directory '/home/runner/work/moq-interop-runner/moq-interop-runner/main'
