make[1]: Entering directory '/home/runner/work/moq-interop-runner/moq-interop-runner/main'
Running tests against moqt://draft-16-manish.cloudflare.mediaoverquic.com:443...
  Client: ghcr.io/englishm/moq-interop-runner-moq-test-client-draft-16:latest
docker run --rm \
	--network host \
	-e RELAY_URL=moqt://draft-16-manish.cloudflare.mediaoverquic.com:443 \
	-e TLS_DISABLE_VERIFY=false \
	ghcr.io/englishm/moq-interop-runner-moq-test-client-draft-16:latest
TAP version 14
# moq-test-client v0.1.0
# Relay: moqt://draft-16-manish.cloudflare.mediaoverquic.com:443
1..6
ok 1 - setup-only
  ---
  duration_ms: 475
  connection_id: 433dc593f73dbc81253d93e661742556
  ...
ok 2 - announce-only
  ---
  duration_ms: 2211
  connection_id: 54fae47cdaddfee252d74a870f535680
  ...
ok 3 - subscribe-error
  ---
  duration_ms: 154
  connection_id: 6dc049fb8746541473fc52134b7b7531
  ...
ok 4 - announce-subscribe
  ---
  duration_ms: 3251
  publisher_connection_id: cb68e967a58e96ead967f0d3fe98706e
  subscriber_connection_id: c7600511b7b3dcd54c481ea0bb9822fc
  ...
ok 5 - subscribe-before-announce
  ---
  duration_ms: 3765
  subscriber_connection_id: e799e645c9109286a30f3ef47008aea3
  publisher_connection_id: 1f4f9d09583a03586368ed1713cce80f
  ...
ok 6 - publish-namespace-done
  ---
  duration_ms: 2166
  connection_id: fc55c555dbbec30e1db53c03d2bd0680
  ...
make[1]: Leaving directory '/home/runner/work/moq-interop-runner/moq-interop-runner/main'
