make[1]: Entering directory '/home/runner/work/moq-interop-runner/moq-interop-runner/main'
Running tests against https://draft-16-manish.cloudflare.mediaoverquic.com:443/moq...
  Client: ghcr.io/englishm/moq-interop-runner-moq-test-client-draft-16:latest
docker run --rm \
	--network host \
	-e RELAY_URL=https://draft-16-manish.cloudflare.mediaoverquic.com:443/moq \
	-e TLS_DISABLE_VERIFY=false \
	ghcr.io/englishm/moq-interop-runner-moq-test-client-draft-16:latest
TAP version 14
# moq-test-client v0.1.0
# Relay: https://draft-16-manish.cloudflare.mediaoverquic.com/moq
1..6
ok 1 - setup-only
  ---
  duration_ms: 197
  connection_id: 621c7eeefe1762ee41471e994aa61b65
  ...
ok 2 - announce-only
  ---
  duration_ms: 2257
  connection_id: ad1a7b2c3989186e3f63434bf6d7d2f2
  ...
ok 3 - subscribe-error
  ---
  duration_ms: 211
  connection_id: db592f74af440a4c9e0b0cebe8bb961a
  ...
ok 4 - announce-subscribe
  ---
  duration_ms: 391
  publisher_connection_id: b4be54323d448295fd834589cae6a165
  subscriber_connection_id: 4ed20c69518fd109a1f3ba5989c17170
  ...
ok 5 - subscribe-before-announce
  ---
  duration_ms: 3734
  subscriber_connection_id: 6cc910305b7f90602a80c148ac111c51
  publisher_connection_id: 9aaec7a371a8e63d80868a7f36ae397e
  ...
ok 6 - publish-namespace-done
  ---
  duration_ms: 2218
  connection_id: ffe7766a3b6953df8ebbac78dc0e9e70
  ...
make[1]: Leaving directory '/home/runner/work/moq-interop-runner/moq-interop-runner/main'
