make[1]: Entering directory '/home/runner/work/moq-interop-runner/moq-interop-runner/main'
Running tests against moqt://us-west-2.relay.quicr.org:33437...
  Client: ghcr.io/englishm/moq-interop-runner-moq-test-client:latest
docker run --rm \
	--network host \
	-e RELAY_URL=moqt://us-west-2.relay.quicr.org:33437 \
	-e TLS_DISABLE_VERIFY=1 \
	ghcr.io/englishm/moq-interop-runner-moq-test-client:latest
TAP version 14
# moq-test-client v0.1.0
# Relay: moqt://us-west-2.relay.quicr.org:33437
1..6
ok 1 - setup-only
  ---
  duration_ms: 211
  connection_id: e40d1692cc147510d6b18865e56fbe8e
  ...
ok 2 - announce-only
  ---
  duration_ms: 2114
  connection_id: e1153814f787fed463fdda4aea986313
  ...
not ok 3 - subscribe-error
  ---
  duration_ms: 10000
  message: "test timed out: deadline has elapsed"
  ...
ok 4 - announce-subscribe
  ---
  duration_ms: 3450
  publisher_connection_id: df02220463ba8471fd04f7b564e91592
  subscriber_connection_id: daa25f7a58215396437418d49f16b44c
  ...
ok 5 - subscribe-before-announce
  ---
  duration_ms: 4889
  subscriber_connection_id: 1cf03d359337d0576f5ddc474894e5d2
  publisher_connection_id: 95f5f300062606c58ee1e2ab7d024243
  ...
ok 6 - publish-namespace-done
  ---
  duration_ms: 2211
  connection_id: 99084105226428e5a370f2e8e8c664f1
  ...
make[1]: *** [Makefile:91: test-external] Error 1
make[1]: Leaving directory '/home/runner/work/moq-interop-runner/moq-interop-runner/main'
