make[1]: Entering directory '/home/runner/work/moq-interop-runner/moq-interop-runner/main'
Running tests against moqt://draft-14.cloudflare.mediaoverquic.com:443...
  Client: ghcr.io/englishm/moq-interop-runner-moq-test-client:latest
docker run --rm \
	--network host \
	-e RELAY_URL=moqt://draft-14.cloudflare.mediaoverquic.com:443 \
	-e TLS_DISABLE_VERIFY=false \
	ghcr.io/englishm/moq-interop-runner-moq-test-client:latest
TAP version 14
# moq-test-client v0.1.0
# Relay: moqt://draft-14.cloudflare.mediaoverquic.com:443
1..6
ok 1 - setup-only
  ---
  duration_ms: 104
  connection_id: daf756c494c77f1ca4b9c2b9da0add16
  ...
ok 2 - announce-only
  ---
  duration_ms: 2047
  connection_id: 65fc8f2f9bc76615638e5d048eaa0863
  ...
ok 3 - subscribe-error
  ---
  duration_ms: 353
  connection_id: 604f8389c77914e0f8082272ec07087c
  ...
ok 4 - announce-subscribe
  ---
  duration_ms: 196
  publisher_connection_id: 5166052cedce335fca0565331c2b9d77
  subscriber_connection_id: 253be896c97df4b5acc12a39eaabb851
  ...
ok 5 - subscribe-before-announce
  ---
  duration_ms: 3601
  subscriber_connection_id: 1a3e0fa6701c209ed3525f3a29e1d0b3
  publisher_connection_id: 2d1e5060b2886fb2953addd4484f5ef1
  ...
ok 6 - publish-namespace-done
  ---
  duration_ms: 2145
  connection_id: db52d56253c6084819ac582bb700a22d
  ...
make[1]: Leaving directory '/home/runner/work/moq-interop-runner/moq-interop-runner/main'
