make[1]: Entering directory '/home/runner/work/moq-interop-runner/moq-interop-runner/main'
Running tests against https://relay.moqtail.dev...
  Client: moq-test-client:latest
docker run --rm \
	--network host \
	-e RELAY_URL=https://relay.moqtail.dev \
	-e TLS_DISABLE_VERIFY=false \
	moq-test-client:latest
TAP version 14
# moq-test-client v0.1.0
# Relay: https://relay.moqtail.dev/
1..6
ok 1 - setup-only
  ---
  duration_ms: 399
  connection_id: 041f826dbf45a5b1687fec2938b74b9f
  ...
ok 2 - announce-only
  ---
  duration_ms: 2385
  connection_id: ce8611147ea4603e0cb20b292d1b1554
  ...
ok 3 - subscribe-error
  ---
  duration_ms: 459
  connection_id: 36c3dedbefa4526a4e6a05b7bd072d9a
  ...
ok 4 - announce-subscribe
  ---
  duration_ms: 919
  publisher_connection_id: c88db80c171ce734c38f33a467c78a86
  subscriber_connection_id: cc5f92f688c42338938f8f96cdd55957
  ...
ok 5 - subscribe-before-announce
  ---
  duration_ms: 4327
  subscriber_connection_id: 1b137614d8caf696d57de8e498f24102
  publisher_connection_id: ebc232eb5d2ad933e6e5114a8d2f0f93
  ...
ok 6 - publish-namespace-done
  ---
  duration_ms: 2465
  connection_id: c1f6772c2403988c426a1e95e01c95fc
  ...
make[1]: Leaving directory '/home/runner/work/moq-interop-runner/moq-interop-runner/main'
