make[1]: Entering directory '/home/runner/work/moq-interop-runner/moq-interop-runner/main'
Running tests against moqt://lminiero.it:9000...
  Client: moq-test-client:latest
docker run --rm \
	--network host \
	-e RELAY_URL=moqt://lminiero.it:9000 \
	-e TLS_DISABLE_VERIFY=1 \
	moq-test-client:latest
TAP version 14
# moq-test-client v0.1.0
# Relay: moqt://lminiero.it:9000
1..6
ok 1 - setup-only
  ---
  duration_ms: 216
  connection_id: 49c349a8e1ed6ba25e527bd2fafa67e6
  ...
ok 2 - announce-only
  ---
  duration_ms: 2413
  connection_id: 4af34dbe6e0c468fd2dfde82461336af
  ...
ok 3 - subscribe-error
  ---
  duration_ms: 516
  connection_id: bd3849c35e6ee78dc36116e8c285ac5a
  ...
ok 4 - announce-subscribe
  ---
  duration_ms: 3623
  publisher_connection_id: 8cf9595a67a2ac9a21fbf9adacc7cb81
  subscriber_connection_id: e43d691b9072a1de69ba241b21e950d8
  ...
ok 5 - subscribe-before-announce
  ---
  duration_ms: 4142
  subscriber_connection_id: 5921d40992b95723a3c5a791f8751aeb
  publisher_connection_id: 27aaf1d943d816940e2cd3d68ffd005a
  ...
ok 6 - publish-namespace-done
  ---
  duration_ms: 2517
  connection_id: 51264fe193c7c8ad542fc3217f13ff79
  ...
make[1]: Leaving directory '/home/runner/work/moq-interop-runner/moq-interop-runner/main'
