make[1]: Entering directory '/home/runner/work/moq-interop-runner/moq-interop-runner/main'
Running tests against https://lminiero.it:9000...
  Client: moq-test-client:latest
docker run --rm \
	--network host \
	-e RELAY_URL=https://lminiero.it:9000 \
	-e TLS_DISABLE_VERIFY=1 \
	moq-test-client:latest
TAP version 14
# moq-test-client v0.1.0
# Relay: https://lminiero.it:9000/
1..6
ok 1 - setup-only
  ---
  duration_ms: 629
  connection_id: 4553e38650ae86adfc5cb306ef9c7780
  ...
ok 2 - announce-only
  ---
  duration_ms: 2629
  connection_id: dc140f4f3a5fde65cf57cadf248a1219
  ...
ok 3 - subscribe-error
  ---
  duration_ms: 730
  connection_id: 46bfb61de298bf2047df44d01848a860
  ...
ok 4 - announce-subscribe
  ---
  duration_ms: 1242
  publisher_connection_id: 4cdd72dccd6bc7f1be06f18e80e1d5f3
  subscriber_connection_id: 30a589454be58f168723d511ddc5567d
  ...
ok 5 - subscribe-before-announce
  ---
  duration_ms: 4753
  subscriber_connection_id: ea0be227325552c99875517a89dea718
  publisher_connection_id: 5e3b939d8a7fc12200ddc15597cdbf7b
  ...
ok 6 - publish-namespace-done
  ---
  duration_ms: 2529
  connection_id: 5c0cd16dcbe81921bf755ce35b7cebd0
  ...
make[1]: Leaving directory '/home/runner/work/moq-interop-runner/moq-interop-runner/main'
