make[1]: Entering directory '/home/runner/work/moq-interop-runner/moq-interop-runner/main'
Running tests against https://moqt.nokiaresearch.com:4443/moq...
  Client: ghcr.io/englishm/moq-interop-runner-moq-test-client-draft-18:latest
docker run --rm \
	 \
	--network host \
	-e RELAY_URL=https://moqt.nokiaresearch.com:4443/moq \
	-e TLS_DISABLE_VERIFY=false \
	ghcr.io/englishm/moq-interop-runner-moq-test-client-draft-18:latest
TAP version 14
# moq-test-client v0.1.10
# Relay: https://moqt.nokiaresearch.com:4443/moq
1..6
[2m2026-07-23T21:21:12.745020Z[0m [32m INFO[0m [2mmoq_native_ietf::quic[0m[2m:[0m UDP socket bound [3mbind[0m[2m=[0m[::]:0 [3mlocal[0m[2m=[0m[::]:47791 [3mdual_stack[0m[2m=[0mtrue
[2m2026-07-23T21:21:13.276674Z[0m [32m INFO[0m [2mmoq_test_client::scenarios[0m[2m:[0m SETUP exchange completed successfully
ok 1 - setup-only
  ---
  duration_ms: 532
  connection_id: 161e031297534219a31a69ea5156a18f
  ...
[2m2026-07-23T21:21:13.277510Z[0m [32m INFO[0m [2mmoq_native_ietf::quic[0m[2m:[0m UDP socket bound [3mbind[0m[2m=[0m[::]:0 [3mlocal[0m[2m=[0m[::]:51530 [3mdual_stack[0m[2m=[0mtrue
[2m2026-07-23T21:21:13.806213Z[0m [32m INFO[0m [2mmoq_test_client::scenarios[0m[2m:[0m Sending PUBLISH_NAMESPACE for: moq-test/interop
[2m2026-07-23T21:21:15.807952Z[0m [32m INFO[0m [2mmoq_test_client::scenarios[0m[2m:[0m PUBLISH_NAMESPACE succeeded (REQUEST_OK received, waiting for subscribers)
ok 2 - publish-namespace-only
  ---
  duration_ms: 2531
  connection_id: 7cb3bf056da677806ae2c446ba3ca90c
  ...
[2m2026-07-23T21:21:15.808817Z[0m [32m INFO[0m [2mmoq_native_ietf::quic[0m[2m:[0m UDP socket bound [3mbind[0m[2m=[0m[::]:0 [3mlocal[0m[2m=[0m[::]:44618 [3mdual_stack[0m[2m=[0mtrue
[2m2026-07-23T21:21:16.349972Z[0m [32m INFO[0m [2mmoq_test_client::scenarios[0m[2m:[0m Subscribing to non-existent track: nonexistent/namespace/test-track
[2m2026-07-23T21:21:16.452586Z[0m [33m WARN[0m [2mmoq_transport::serve::error[0m[2m:[0m [abaf9c01-8a57-40f9-969f-3407be29f4c9] Not found: Track /nonexistent/namespace/test-track does not exist at moq-transport/src/session/subscriber.rs:483
[2m2026-07-23T21:21:16.452611Z[0m [33m WARN[0m [2mmoq_transport::session::reader[0m[2m:[0m [READER] decode: stream ended while waiting for data (have=0 bytes, need=1)
[2m2026-07-23T21:21:16.452658Z[0m [32m INFO[0m [2mmoq_test_client::scenarios[0m[2m:[0m Got expected 'not found' error: not found: Track not found [error:abaf9c01-8a57-40f9-969f-3407be29f4c9]
ok 3 - subscribe-error
  ---
  duration_ms: 644
  connection_id: 16717d027ee923b3458c791acd07b993
  ...
[2m2026-07-23T21:21:16.453599Z[0m [32m INFO[0m [2mmoq_native_ietf::quic[0m[2m:[0m UDP socket bound [3mbind[0m[2m=[0m[::]:0 [3mlocal[0m[2m=[0m[::]:43020 [3mdual_stack[0m[2m=[0mtrue
[2m2026-07-23T21:21:16.971120Z[0m [32m INFO[0m [2mmoq_native_ietf::quic[0m[2m:[0m UDP socket bound [3mbind[0m[2m=[0m[::]:0 [3mlocal[0m[2m=[0m[::]:46706 [3mdual_stack[0m[2m=[0mtrue
[2m2026-07-23T21:21:17.529012Z[0m [32m INFO[0m [2mmoq_test_client::scenarios[0m[2m:[0m Publisher sending PUBLISH_NAMESPACE: moq-test/interop
[2m2026-07-23T21:21:17.529032Z[0m [32m INFO[0m [2mmoq_test_client::scenarios[0m[2m:[0m Subscriber subscribing to track: moq-test/interop/test-track
[2m2026-07-23T21:21:17.631945Z[0m [33m WARN[0m [2mmoq_transport::session::reader[0m[2m:[0m [READER] decode: stream ended while waiting for data (have=0 bytes, need=1)
[2m2026-07-23T21:21:20.530453Z[0m [32m INFO[0m [2mmoq_test_client::scenarios[0m[2m:[0m Test timeout reached - subscription routing may still be in progress
ok 4 - publish-namespace-subscribe
  ---
  duration_ms: 4077
  publisher_connection_id: 89b67bde2d5da2a677d36664fd311a94
  subscriber_connection_id: c5ac287d99638241954fb78159988e69
  ...
[2m2026-07-23T21:21:20.531436Z[0m [32m INFO[0m [2mmoq_native_ietf::quic[0m[2m:[0m UDP socket bound [3mbind[0m[2m=[0m[::]:0 [3mlocal[0m[2m=[0m[::]:36766 [3mdual_stack[0m[2m=[0mtrue
[2m2026-07-23T21:21:21.065074Z[0m [32m INFO[0m [2mmoq_test_client::scenarios[0m[2m:[0m Subscriber subscribing BEFORE PUBLISH_NAMESPACE: moq-test/interop/test-track
[2m2026-07-23T21:21:21.168216Z[0m [33m WARN[0m [2mmoq_transport::serve::error[0m[2m:[0m [6ed5a4d1-5170-4f43-a13f-ed05478c21ad] Not found: Track /moq-test/interop/test-track does not exist at moq-transport/src/session/subscriber.rs:483
[2m2026-07-23T21:21:21.168247Z[0m [33m WARN[0m [2mmoq_transport::session::reader[0m[2m:[0m [READER] decode: stream ended while waiting for data (have=0 bytes, need=1)
[2m2026-07-23T21:21:21.567440Z[0m [32m INFO[0m [2mmoq_native_ietf::quic[0m[2m:[0m UDP socket bound [3mbind[0m[2m=[0m[::]:0 [3mlocal[0m[2m=[0m[::]:43533 [3mdual_stack[0m[2m=[0mtrue
[2m2026-07-23T21:21:22.089147Z[0m [32m INFO[0m [2mmoq_test_client::scenarios[0m[2m:[0m Publisher sending PUBLISH_NAMESPACE (after subscriber): moq-test/interop
[2m2026-07-23T21:21:25.090701Z[0m [32m INFO[0m [2mmoq_test_client::scenarios[0m[2m:[0m Publisher PUBLISH_NAMESPACE timeout (expected)
[2m2026-07-23T21:21:25.090756Z[0m [32m INFO[0m [2mmoq_test_client::scenarios[0m[2m:[0m Subscriber got error: not found: Track not found [error:6ed5a4d1-5170-4f43-a13f-ed05478c21ad] (may be expected)
ok 5 - subscribe-before-publish-namespace
  ---
  duration_ms: 4560
  subscriber_connection_id: 498fcbff644067f9d93823adb7e003e8
  publisher_connection_id: a056a75eec23b750202df6f0175a3b5c
  ...
[2m2026-07-23T21:21:25.091689Z[0m [32m INFO[0m [2mmoq_native_ietf::quic[0m[2m:[0m UDP socket bound [3mbind[0m[2m=[0m[::]:0 [3mlocal[0m[2m=[0m[::]:49491 [3mdual_stack[0m[2m=[0mtrue
[2m2026-07-23T21:21:25.609390Z[0m [32m INFO[0m [2mmoq_test_client::scenarios[0m[2m:[0m Sending PUBLISH_NAMESPACE: moq-test/interop
[2m2026-07-23T21:21:27.610538Z[0m [32m INFO[0m [2mmoq_test_client::scenarios[0m[2m:[0m PUBLISH_NAMESPACE active; sending PUBLISH_NAMESPACE_DONE
[2m2026-07-23T21:21:27.711846Z[0m [32m INFO[0m [2mmoq_test_client::scenarios[0m[2m:[0m PUBLISH_NAMESPACE_DONE sent successfully
ok 6 - publish-namespace-done
  ---
  duration_ms: 2620
  connection_id: edd067664ceefd2953f9a6bd7cacee58
  ...
make[1]: Leaving directory '/home/runner/work/moq-interop-runner/moq-interop-runner/main'
