make[1]: Entering directory '/home/runner/work/moq-interop-runner/moq-interop-runner/main'
Running tests against moqt://draft-18-interop.cloudflare.mediaoverquic.com:443...
  Client: ghcr.io/englishm/moq-interop-runner-moq-test-client-draft-18:latest
docker run --rm \
	 \
	--network host \
	-e RELAY_URL=moqt://draft-18-interop.cloudflare.mediaoverquic.com:443 \
	-e TLS_DISABLE_VERIFY=false \
	ghcr.io/englishm/moq-interop-runner-moq-test-client-draft-18:latest
TAP version 14
# moq-test-client v0.1.10
# Relay: moqt://draft-18-interop.cloudflare.mediaoverquic.com:443
1..6
[2m2026-07-23T21:20:35.125838Z[0m [32m INFO[0m [2mmoq_native_ietf::quic[0m[2m:[0m UDP socket bound [3mbind[0m[2m=[0m[::]:0 [3mlocal[0m[2m=[0m[::]:49797 [3mdual_stack[0m[2m=[0mtrue
[2m2026-07-23T21:20:35.438988Z[0m [32m INFO[0m [2mmoq_test_client::scenarios[0m[2m:[0m SETUP exchange completed successfully
ok 1 - setup-only
  ---
  duration_ms: 313
  connection_id: 4bd48bf4bd95e092cf0833f778628e72
  ...
[2m2026-07-23T21:20:35.439847Z[0m [32m INFO[0m [2mmoq_native_ietf::quic[0m[2m:[0m UDP socket bound [3mbind[0m[2m=[0m[::]:0 [3mlocal[0m[2m=[0m[::]:49388 [3mdual_stack[0m[2m=[0mtrue
[2m2026-07-23T21:20:35.735885Z[0m [32m INFO[0m [2mmoq_test_client::scenarios[0m[2m:[0m Sending PUBLISH_NAMESPACE for: moq-test/interop
[2m2026-07-23T21:20:37.737284Z[0m [32m INFO[0m [2mmoq_test_client::scenarios[0m[2m:[0m PUBLISH_NAMESPACE succeeded (REQUEST_OK received, waiting for subscribers)
ok 2 - publish-namespace-only
  ---
  duration_ms: 2298
  connection_id: 76ac8f443c908045a0312ae03d993dde
  ...
[2m2026-07-23T21:20:37.738113Z[0m [32m INFO[0m [2mmoq_native_ietf::quic[0m[2m:[0m UDP socket bound [3mbind[0m[2m=[0m[::]:0 [3mlocal[0m[2m=[0m[::]:60919 [3mdual_stack[0m[2m=[0mtrue
[2m2026-07-23T21:20:38.031183Z[0m [32m INFO[0m [2mmoq_test_client::scenarios[0m[2m:[0m Subscribing to non-existent track: nonexistent/namespace/test-track
[2m2026-07-23T21:20:38.098251Z[0m [33m WARN[0m [2mmoq_transport::serve::error[0m[2m:[0m [18db5b55-3a62-4d31-ad63-f9ca58260099] Not found: not found: Track not found [error:b1198d21-81bd-44cd-81f4-c4783329900d] at moq-transport/src/session/subscriber.rs:483
[2m2026-07-23T21:20:38.098309Z[0m [32m INFO[0m [2mmoq_test_client::scenarios[0m[2m:[0m Got expected 'not found' error: not found: Track not found [error:18db5b55-3a62-4d31-ad63-f9ca58260099]
ok 3 - subscribe-error
  ---
  duration_ms: 360
  connection_id: 020dafdb43df5afe39bffcf1d9e85e11
  ...
[2m2026-07-23T21:20:38.099152Z[0m [32m INFO[0m [2mmoq_native_ietf::quic[0m[2m:[0m UDP socket bound [3mbind[0m[2m=[0m[::]:0 [3mlocal[0m[2m=[0m[::]:42080 [3mdual_stack[0m[2m=[0mtrue
[2m2026-07-23T21:20:38.329939Z[0m [32m INFO[0m [2mmoq_native_ietf::quic[0m[2m:[0m UDP socket bound [3mbind[0m[2m=[0m[::]:0 [3mlocal[0m[2m=[0m[::]:49610 [3mdual_stack[0m[2m=[0mtrue
[2m2026-07-23T21:20:38.647545Z[0m [32m INFO[0m [2mmoq_test_client::scenarios[0m[2m:[0m Publisher sending PUBLISH_NAMESPACE: moq-test/interop
[2m2026-07-23T21:20:38.647564Z[0m [32m INFO[0m [2mmoq_test_client::scenarios[0m[2m:[0m Subscriber subscribing to track: moq-test/interop/test-track
[2m2026-07-23T21:20:41.648812Z[0m [32m INFO[0m [2mmoq_test_client::scenarios[0m[2m:[0m Test timeout reached - subscription routing may still be in progress
ok 4 - publish-namespace-subscribe
  ---
  duration_ms: 3550
  publisher_connection_id: fb5e224036fd290a41c24f93e965db46
  subscriber_connection_id: 8b813b688acf4c74e4a312154959977c
  ...
[2m2026-07-23T21:20:41.649597Z[0m [32m INFO[0m [2mmoq_native_ietf::quic[0m[2m:[0m UDP socket bound [3mbind[0m[2m=[0m[::]:0 [3mlocal[0m[2m=[0m[::]:42480 [3mdual_stack[0m[2m=[0mtrue
[2m2026-07-23T21:20:41.904658Z[0m [32m INFO[0m [2mmoq_test_client::scenarios[0m[2m:[0m Subscriber subscribing BEFORE PUBLISH_NAMESPACE: moq-test/interop/test-track
[2m2026-07-23T21:20:41.973087Z[0m [33m WARN[0m [2mmoq_transport::serve::error[0m[2m:[0m [ea984163-b6d6-42d0-ac29-de7ed800eeee] Not found: not found: Track not found [error:fbac5e4b-a0ef-4e8a-ab96-3913e6f1484b] at moq-transport/src/session/subscriber.rs:483
[2m2026-07-23T21:20:41.973114Z[0m [33m WARN[0m [2mmoq_transport::session::reader[0m[2m:[0m [READER] decode: stream ended while waiting for data (have=0 bytes, need=1)
[2m2026-07-23T21:20:42.407048Z[0m [32m INFO[0m [2mmoq_native_ietf::quic[0m[2m:[0m UDP socket bound [3mbind[0m[2m=[0m[::]:0 [3mlocal[0m[2m=[0m[::]:54027 [3mdual_stack[0m[2m=[0mtrue
[2m2026-07-23T21:20:42.645867Z[0m [32m INFO[0m [2mmoq_test_client::scenarios[0m[2m:[0m Publisher sending PUBLISH_NAMESPACE (after subscriber): moq-test/interop
[2m2026-07-23T21:20:45.647827Z[0m [32m INFO[0m [2mmoq_test_client::scenarios[0m[2m:[0m Publisher PUBLISH_NAMESPACE timeout (expected)
[2m2026-07-23T21:20:45.647853Z[0m [32m INFO[0m [2mmoq_test_client::scenarios[0m[2m:[0m Subscriber got error: not found: Track not found [error:ea984163-b6d6-42d0-ac29-de7ed800eeee] (may be expected)
ok 5 - subscribe-before-publish-namespace
  ---
  duration_ms: 3999
  subscriber_connection_id: 7b82e8fdd7b4c003108e03be0c73dd93
  publisher_connection_id: 322b452a2201daee336bdb1181a698e2
  ...
[2m2026-07-23T21:20:45.648701Z[0m [32m INFO[0m [2mmoq_native_ietf::quic[0m[2m:[0m UDP socket bound [3mbind[0m[2m=[0m[::]:0 [3mlocal[0m[2m=[0m[::]:58456 [3mdual_stack[0m[2m=[0mtrue
[2m2026-07-23T21:20:45.861957Z[0m [32m INFO[0m [2mmoq_test_client::scenarios[0m[2m:[0m Sending PUBLISH_NAMESPACE: moq-test/interop
[2m2026-07-23T21:20:47.863042Z[0m [32m INFO[0m [2mmoq_test_client::scenarios[0m[2m:[0m PUBLISH_NAMESPACE active; sending PUBLISH_NAMESPACE_DONE
[2m2026-07-23T21:20:47.964146Z[0m [32m INFO[0m [2mmoq_test_client::scenarios[0m[2m:[0m PUBLISH_NAMESPACE_DONE sent successfully
ok 6 - publish-namespace-done
  ---
  duration_ms: 2316
  connection_id: 10b77eb4515d388c579978deec6ce450
  ...
make[1]: Leaving directory '/home/runner/work/moq-interop-runner/moq-interop-runner/main'
