make[1]: Entering directory '/home/runner/work/moq-interop-runner/moq-interop-runner/main'
Running tests against moqt://moqx-main.ci.openmoq.org:4433...
  Client: ghcr.io/englishm/moq-interop-runner-moq-test-client-draft-18:latest
docker run --rm \
	 \
	--network host \
	-e RELAY_URL=moqt://moqx-main.ci.openmoq.org:4433 \
	-e TLS_DISABLE_VERIFY=false \
	ghcr.io/englishm/moq-interop-runner-moq-test-client-draft-18:latest
TAP version 14
# moq-test-client v0.1.10
# Relay: moqt://moqx-main.ci.openmoq.org:4433
1..6
[2m2026-07-23T21:22:01.094027Z[0m [32m INFO[0m [2mmoq_native_ietf::quic[0m[2m:[0m UDP socket bound [3mbind[0m[2m=[0m[::]:0 [3mlocal[0m[2m=[0m[::]:41212 [3mdual_stack[0m[2m=[0mtrue
[2m2026-07-23T21:22:01.397579Z[0m [32m INFO[0m [2mmoq_test_client::scenarios[0m[2m:[0m SETUP exchange completed successfully
ok 1 - setup-only
  ---
  duration_ms: 304
  connection_id: 66dd4716f018f21482665d5daee7520c
  ...
[2m2026-07-23T21:22:01.398477Z[0m [32m INFO[0m [2mmoq_native_ietf::quic[0m[2m:[0m UDP socket bound [3mbind[0m[2m=[0m[::]:0 [3mlocal[0m[2m=[0m[::]:57757 [3mdual_stack[0m[2m=[0mtrue
[2m2026-07-23T21:22:01.443302Z[0m [32m INFO[0m [2mmoq_test_client::scenarios[0m[2m:[0m Sending PUBLISH_NAMESPACE for: moq-test/interop
[2m2026-07-23T21:22:03.444913Z[0m [32m INFO[0m [2mmoq_test_client::scenarios[0m[2m:[0m PUBLISH_NAMESPACE succeeded (REQUEST_OK received, waiting for subscribers)
ok 2 - publish-namespace-only
  ---
  duration_ms: 2047
  connection_id: 42f67dfc5dcff1cf0a2b01b4b5a034fc
  ...
[2m2026-07-23T21:22:03.445896Z[0m [32m INFO[0m [2mmoq_native_ietf::quic[0m[2m:[0m UDP socket bound [3mbind[0m[2m=[0m[::]:0 [3mlocal[0m[2m=[0m[::]:51695 [3mdual_stack[0m[2m=[0mtrue
[2m2026-07-23T21:22:03.999930Z[0m [32m INFO[0m [2mmoq_test_client::scenarios[0m[2m:[0m Subscribing to non-existent track: nonexistent/namespace/test-track
[2m2026-07-23T21:22:04.016989Z[0m [33m WARN[0m [2mmoq_transport::serve::error[0m[2m:[0m [9f5311ab-61da-4a55-92f4-5bd793a31864] Not found: no such namespace or track at moq-transport/src/session/subscriber.rs:483
[2m2026-07-23T21:22:04.017009Z[0m [33m WARN[0m [2mmoq_transport::session::reader[0m[2m:[0m [READER] decode: stream ended while waiting for data (have=0 bytes, need=1)
[2m2026-07-23T21:22:04.017035Z[0m [32m INFO[0m [2mmoq_test_client::scenarios[0m[2m:[0m Got expected 'not found' error: not found: Track not found [error:9f5311ab-61da-4a55-92f4-5bd793a31864]
ok 3 - subscribe-error
  ---
  duration_ms: 571
  connection_id: 707250875ab9071695216e7b3799da8c
  ...
[2m2026-07-23T21:22:04.017885Z[0m [32m INFO[0m [2mmoq_native_ietf::quic[0m[2m:[0m UDP socket bound [3mbind[0m[2m=[0m[::]:0 [3mlocal[0m[2m=[0m[::]:58232 [3mdual_stack[0m[2m=[0mtrue
[2m2026-07-23T21:22:04.084348Z[0m [32m INFO[0m [2mmoq_native_ietf::quic[0m[2m:[0m UDP socket bound [3mbind[0m[2m=[0m[::]:0 [3mlocal[0m[2m=[0m[::]:35223 [3mdual_stack[0m[2m=[0mtrue
[2m2026-07-23T21:22:04.301264Z[0m [32m INFO[0m [2mmoq_test_client::scenarios[0m[2m:[0m Publisher sending PUBLISH_NAMESPACE: moq-test/interop
[2m2026-07-23T21:22:04.301284Z[0m [32m INFO[0m [2mmoq_test_client::scenarios[0m[2m:[0m Subscriber subscribing to track: moq-test/interop/test-track
[2m2026-07-23T21:22:07.302625Z[0m [32m INFO[0m [2mmoq_test_client::scenarios[0m[2m:[0m Test timeout reached - subscription routing may still be in progress
ok 4 - publish-namespace-subscribe
  ---
  duration_ms: 3285
  publisher_connection_id: 103e6bc3c4a84b22e5d90c6a1ece1489
  subscriber_connection_id: 2f185e9e314d81b64077568899e1e15f
  ...
[2m2026-07-23T21:22:07.303515Z[0m [32m INFO[0m [2mmoq_native_ietf::quic[0m[2m:[0m UDP socket bound [3mbind[0m[2m=[0m[::]:0 [3mlocal[0m[2m=[0m[::]:39002 [3mdual_stack[0m[2m=[0mtrue
[2m2026-07-23T21:22:07.556793Z[0m [32m INFO[0m [2mmoq_test_client::scenarios[0m[2m:[0m Subscriber subscribing BEFORE PUBLISH_NAMESPACE: moq-test/interop/test-track
[2m2026-07-23T21:22:07.573072Z[0m [33m WARN[0m [2mmoq_transport::serve::error[0m[2m:[0m [fea163ed-ea3a-41f8-ad09-c3a3dee3077d] Not found: no such namespace or track at moq-transport/src/session/subscriber.rs:483
[2m2026-07-23T21:22:07.573096Z[0m [33m WARN[0m [2mmoq_transport::session::reader[0m[2m:[0m [READER] decode: stream ended while waiting for data (have=0 bytes, need=1)
[2m2026-07-23T21:22:08.058783Z[0m [32m INFO[0m [2mmoq_native_ietf::quic[0m[2m:[0m UDP socket bound [3mbind[0m[2m=[0m[::]:0 [3mlocal[0m[2m=[0m[::]:57090 [3mdual_stack[0m[2m=[0mtrue
[2m2026-07-23T21:22:08.486595Z[0m [32m INFO[0m [2mmoq_test_client::scenarios[0m[2m:[0m Publisher sending PUBLISH_NAMESPACE (after subscriber): moq-test/interop
[2m2026-07-23T21:22:11.487943Z[0m [32m INFO[0m [2mmoq_test_client::scenarios[0m[2m:[0m Publisher PUBLISH_NAMESPACE timeout (expected)
[2m2026-07-23T21:22:11.487968Z[0m [32m INFO[0m [2mmoq_test_client::scenarios[0m[2m:[0m Subscriber got error: not found: Track not found [error:fea163ed-ea3a-41f8-ad09-c3a3dee3077d] (may be expected)
ok 5 - subscribe-before-publish-namespace
  ---
  duration_ms: 4185
  subscriber_connection_id: 4ae0cf856c2d632420aeabf25521f962
  publisher_connection_id: e57502c449c48631fc9b32d6c0e3c748
  ...
[2m2026-07-23T21:22:11.488766Z[0m [32m INFO[0m [2mmoq_native_ietf::quic[0m[2m:[0m UDP socket bound [3mbind[0m[2m=[0m[::]:0 [3mlocal[0m[2m=[0m[::]:53958 [3mdual_stack[0m[2m=[0mtrue
[2m2026-07-23T21:22:11.510868Z[0m [32m INFO[0m [2mmoq_test_client::scenarios[0m[2m:[0m Sending PUBLISH_NAMESPACE: moq-test/interop
[2m2026-07-23T21:22:13.513111Z[0m [32m INFO[0m [2mmoq_test_client::scenarios[0m[2m:[0m PUBLISH_NAMESPACE active; sending PUBLISH_NAMESPACE_DONE
[2m2026-07-23T21:22:13.614158Z[0m [32m INFO[0m [2mmoq_test_client::scenarios[0m[2m:[0m PUBLISH_NAMESPACE_DONE sent successfully
ok 6 - publish-namespace-done
  ---
  duration_ms: 2126
  connection_id: 56de77198fe8e2fef545fd162a624139
  ...
make[1]: Leaving directory '/home/runner/work/moq-interop-runner/moq-interop-runner/main'
