make[1]: Entering directory '/home/runner/work/moq-interop-runner/moq-interop-runner/main'
Running tests against moqt://draft-14.cloudflare.mediaoverquic.com:443...
  Client: ghcr.io/englishm/moq-interop-runner-moq-test-client-draft-16:latest
docker run --rm \
	 \
	--network host \
	-e RELAY_URL=moqt://draft-14.cloudflare.mediaoverquic.com:443 \
	-e TLS_DISABLE_VERIFY=false \
	ghcr.io/englishm/moq-interop-runner-moq-test-client-draft-16:latest
TAP version 14
# moq-test-client v0.1.0
# Relay: moqt://draft-14.cloudflare.mediaoverquic.com:443
1..6
not ok 1 - setup-only
  ---
  duration_ms: 93
  message: "failed to connect to relay: aborted by peer: the cryptographic handshake failed: error 120: peer doesn't support any known protocol"
  ...
not ok 2 - announce-only
  ---
  duration_ms: 3
  message: "failed to connect to relay: aborted by peer: the cryptographic handshake failed: error 120: peer doesn't support any known protocol"
  ...
not ok 3 - subscribe-error
  ---
  duration_ms: 5
  message: "failed to connect to relay: aborted by peer: the cryptographic handshake failed: error 120: peer doesn't support any known protocol"
  ...
not ok 4 - announce-subscribe
  ---
  duration_ms: 4
  message: "publisher failed to connect: aborted by peer: the cryptographic handshake failed: error 120: peer doesn't support any known protocol"
  ...
not ok 5 - subscribe-before-announce
  ---
  duration_ms: 15
  message: "subscriber failed to connect: aborted by peer: the cryptographic handshake failed: error 120: peer doesn't support any known protocol"
  ...
not ok 6 - publish-namespace-done
  ---
  duration_ms: 4
  message: "failed to connect to relay: aborted by peer: the cryptographic handshake failed: error 120: peer doesn't support any known protocol"
  ...
make[1]: *** [Makefile:122: test-external] Error 1
make[1]: Leaving directory '/home/runner/work/moq-interop-runner/moq-interop-runner/main'
