make[1]: Entering directory '/home/runner/work/moq-interop-runner/moq-interop-runner/main'
Running tests against moqt://lminiero.it:9000...
  Client: ghcr.io/englishm/moq-interop-runner-moqtopus-interop-client:latest
docker run --rm \
	 \
	--network host \
	-e RELAY_URL=moqt://lminiero.it:9000 \
	-e TLS_DISABLE_VERIFY=false \
	ghcr.io/englishm/moq-interop-runner-moqtopus-interop-client:latest
TAP version 14
# moqtopus interop client
# Relay: moqt://lminiero.it:9000
# Draft: draft-18
1..6
ok 1 - setup-only
  ---
  duration_ms: 646
  ...
ok 2 - announce-only
  ---
  duration_ms: 1057
  ...
ok 3 - publish-namespace-done
  ---
  duration_ms: 1045
  ...
ok 4 - subscribe-error
  ---
  duration_ms: 747
  ...
ok 5 - announce-subscribe
  ---
  duration_ms: 1535
  ...
ok 6 - subscribe-before-announce
  ---
  duration_ms: 1610
  ...
make[1]: Leaving directory '/home/runner/work/moq-interop-runner/moq-interop-runner/main'
