make[1]: Entering directory '/home/runner/work/moq-interop-runner/moq-interop-runner/main'
Running tests against https://us-west-2.relay.quicr.org:33437/relay...
  Client: ghcr.io/openmoq/moqx-interop-client:latest
docker run --rm \
	 \
	--network host \
	-e RELAY_URL=https://us-west-2.relay.quicr.org:33437/relay \
	-e TLS_DISABLE_VERIFY=1 \
	ghcr.io/openmoq/moqx-interop-client:latest
TAP version 14
# moxygen interop test client
# Relay: https://us-west-2.relay.quicr.org:33437/relay
# Transport: WebTransport
1..6
W0723 21:59:40.490938     1 MoQWebTransportClient.cpp:175] WebTransport: No WT-Protocol header in response, will use legacy version negotiation
E0723 21:59:40.580775     1 MoQFramer.cpp:1139] Server selected version draft-1 but we only offer draft-14 in legacy mode
E0723 21:59:40.580805     1 MoQCodec.cpp:126] Conn error=21
E0723 21:59:40.580811     1 MoQSession.cpp:5296] MoQCodec control stream parse error err=21
not ok 1 - setup-only
  ---
  duration_ms: 490
  error: coroutine operation cancelled
  ...
W0723 21:59:40.894971     1 MoQWebTransportClient.cpp:175] WebTransport: No WT-Protocol header in response, will use legacy version negotiation
E0723 21:59:40.976061     1 MoQFramer.cpp:1139] Server selected version draft-1 but we only offer draft-14 in legacy mode
E0723 21:59:40.976094     1 MoQCodec.cpp:126] Conn error=21
E0723 21:59:40.976100     1 MoQSession.cpp:5296] MoQCodec control stream parse error err=21
not ok 2 - announce-only
  ---
  duration_ms: 395
  error: coroutine operation cancelled
  ...
W0723 21:59:41.300559     1 MoQWebTransportClient.cpp:175] WebTransport: No WT-Protocol header in response, will use legacy version negotiation
E0723 21:59:41.382640     1 MoQFramer.cpp:1139] Server selected version draft-1 but we only offer draft-14 in legacy mode
E0723 21:59:41.382671     1 MoQCodec.cpp:126] Conn error=21
E0723 21:59:41.382677     1 MoQSession.cpp:5296] MoQCodec control stream parse error err=21
not ok 3 - subscribe-error
  ---
  duration_ms: 406
  error: coroutine operation cancelled
  ...
W0723 21:59:41.720245     1 MoQWebTransportClient.cpp:175] WebTransport: No WT-Protocol header in response, will use legacy version negotiation
E0723 21:59:41.811384     1 MoQFramer.cpp:1139] Server selected version draft-1 but we only offer draft-14 in legacy mode
E0723 21:59:41.811414     1 MoQCodec.cpp:126] Conn error=21
E0723 21:59:41.811420     1 MoQSession.cpp:5296] MoQCodec control stream parse error err=21
not ok 4 - announce-subscribe
  ---
  duration_ms: 428
  error: coroutine operation cancelled
  ...
W0723 21:59:42.058949     1 MoQWebTransportClient.cpp:175] WebTransport: No WT-Protocol header in response, will use legacy version negotiation
E0723 21:59:42.141063     1 MoQFramer.cpp:1139] Server selected version draft-1 but we only offer draft-14 in legacy mode
E0723 21:59:42.141100     1 MoQCodec.cpp:126] Conn error=21
E0723 21:59:42.141106     1 MoQSession.cpp:5296] MoQCodec control stream parse error err=21
not ok 5 - publish-namespace-done
  ---
  duration_ms: 329
  error: coroutine operation cancelled
  ...
W0723 21:59:42.368002     1 MoQWebTransportClient.cpp:175] WebTransport: No WT-Protocol header in response, will use legacy version negotiation
E0723 21:59:42.450359     1 MoQFramer.cpp:1139] Server selected version draft-1 but we only offer draft-14 in legacy mode
E0723 21:59:42.450392     1 MoQCodec.cpp:126] Conn error=21
E0723 21:59:42.450397     1 MoQSession.cpp:5296] MoQCodec control stream parse error err=21
not ok 6 - subscribe-before-announce
  ---
  duration_ms: 309
  error: coroutine operation cancelled
  ...
make[1]: *** [Makefile:122: test-external] Error 1
make[1]: Leaving directory '/home/runner/work/moq-interop-runner/moq-interop-runner/main'
