make[1]: Entering directory '/home/runner/work/moq-interop-runner/moq-interop-runner/main'
Running tests against https://draft-18-interop.cloudflare.mediaoverquic.com:443/moq...
  Client: ghcr.io/facebookexperimental/moxygen-interop-client:latest-amd64
docker run --rm \
	 \
	--network host \
	-e RELAY_URL=https://draft-18-interop.cloudflare.mediaoverquic.com:443/moq \
	-e TLS_DISABLE_VERIFY=false \
	ghcr.io/facebookexperimental/moxygen-interop-client:latest-amd64
TAP version 14
# moxygen interop test client
# Relay: https://draft-18-interop.cloudflare.mediaoverquic.com:443/moq
# Transport: WebTransport
1..6
E0723 21:27:58.737957     1 MoQWebTransportClient.cpp:147] std::runtime_error: Error setting up WebTransport: proxygen::HTTPException: Got error=ApplicationError: No Error, Client closed by peer reason=
E20260723 21:27:58.738093     1 HQSession.cpp:1851] Got error=Stream does not exist streamID=10 bufLen=1 readEOF=0
not ok 1 - setup-only
  ---
  duration_ms: 164
  error: Error setting up WebTransport: proxygen::HTTPException: Got error=ApplicationError: No Error, Client closed by peer reason=
  ...
E0723 21:27:58.886898     1 MoQWebTransportClient.cpp:147] std::runtime_error: Error setting up WebTransport: proxygen::HTTPException: Got error=ApplicationError: No Error, Client closed by peer reason=
E20260723 21:27:58.886979     1 HQSession.cpp:1851] Got error=Stream does not exist streamID=10 bufLen=1 readEOF=0
not ok 2 - announce-only
  ---
  duration_ms: 147
  error: Error setting up WebTransport: proxygen::HTTPException: Got error=ApplicationError: No Error, Client closed by peer reason=
  ...
E0723 21:27:59.116264     1 MoQWebTransportClient.cpp:147] std::runtime_error: Error setting up WebTransport: proxygen::HTTPException: Got error=ApplicationError: No Error, Client closed by peer reason=
E20260723 21:27:59.116344     1 HQSession.cpp:1851] Got error=Stream does not exist streamID=10 bufLen=1 readEOF=0
not ok 3 - subscribe-error
  ---
  duration_ms: 229
  error: Error setting up WebTransport: proxygen::HTTPException: Got error=ApplicationError: No Error, Client closed by peer reason=
  ...
E0723 21:27:59.261501     1 MoQWebTransportClient.cpp:147] std::runtime_error: Error setting up WebTransport: proxygen::HTTPException: Got error=ApplicationError: No Error, Client closed by peer reason=
E20260723 21:27:59.261569     1 HQSession.cpp:1851] Got error=Stream does not exist streamID=10 bufLen=1 readEOF=0
not ok 4 - announce-subscribe
  ---
  duration_ms: 145
  error: Error setting up WebTransport: proxygen::HTTPException: Got error=ApplicationError: No Error, Client closed by peer reason=
  ...
E0723 21:27:59.410460     1 MoQWebTransportClient.cpp:147] std::runtime_error: Error setting up WebTransport: proxygen::HTTPException: Got error=ApplicationError: No Error, Client closed by peer reason=
not ok 5 - publish-namespace-done
  ---
  duration_ms: 148
  error: Error setting up WebTransport: proxygen::HTTPException: Got error=ApplicationError: No Error, Client closed by peer reason=
  ...
E20260723 21:27:59.410534     1 HQSession.cpp:1851] Got error=Stream does not exist streamID=10 bufLen=1 readEOF=0
E0723 21:27:59.648219     1 MoQWebTransportClient.cpp:147] std::runtime_error: Error setting up WebTransport: proxygen::HTTPException: Got error=ApplicationError: No Error, Client closed by peer reason=
not ok 6 - subscribe-before-announce
  ---
  duration_ms: 237
  error: Error setting up WebTransport: proxygen::HTTPException: Got error=ApplicationError: No Error, Client closed by peer reason=
  ...
make[1]: *** [Makefile:122: test-external] Error 1
make[1]: Leaving directory '/home/runner/work/moq-interop-runner/moq-interop-runner/main'
