make[1]: Entering directory '/home/runner/work/moq-interop-runner/moq-interop-runner/main'
Running tests against moqt://draft-18-interop.cloudflare.mediaoverquic.com:443...
  Client: ghcr.io/englishm/moq-interop-runner-xquic-moq-client-draft-18:latest
docker run --rm \
	 \
	--network host \
	-e RELAY_URL=moqt://draft-18-interop.cloudflare.mediaoverquic.com:443 \
	-e TLS_DISABLE_VERIFY=false \
	ghcr.io/englishm/moq-interop-runner-xquic-moq-client-draft-18:latest
TAP version 14
# xquic-moq-interop-client v0.7.0-draft18
# Draft: draft-18
# Relay: moqt://8.228.3.228:443 (sni=draft-18-interop.cloudflare.mediaoverquic.com)
1..6
ok 1 - setup-only
  ---
  duration_ms: 870
  ...
ok 2 - announce-only
  ---
  duration_ms: 881
  ...
ok 3 - publish-namespace-done
  ---
  duration_ms: 1205
  ...
ok 4 - subscribe-error
  ---
  duration_ms: 854
  ...
ok 5 - announce-subscribe
  ---
  duration_ms: 839
  ...
ok 6 - subscribe-before-announce
  ---
  duration_ms: 2047
  ...
make[1]: Leaving directory '/home/runner/work/moq-interop-runner/moq-interop-runner/main'
