make[1]: Entering directory '/home/runner/work/moq-interop-runner/moq-interop-runner/main'
Running tests against https://draft-14.cloudflare.mediaoverquic.com:443/moq...
  Client: ghcr.io/englishm/moq-interop-runner-moq-test-client:latest
docker run --rm \
	--network host \
	-e RELAY_URL=https://draft-14.cloudflare.mediaoverquic.com:443/moq \
	-e TLS_DISABLE_VERIFY=false \
	ghcr.io/englishm/moq-interop-runner-moq-test-client:latest
TAP version 14
# moq-test-client v0.1.0
# Relay: https://draft-14.cloudflare.mediaoverquic.com/moq
1..6
ok 1 - setup-only
  ---
  duration_ms: 87
  connection_id: 7189745964dd37f71fb061e793699fc2
  ...
ok 2 - announce-only
  ---
  duration_ms: 2076
  connection_id: fe1458352286f62392c10506e5aea4da
  ...
ok 3 - subscribe-error
  ---
  duration_ms: 161
  connection_id: 0e5af3bb33205b112af2db2dbc4f0ad2
  ...
ok 4 - announce-subscribe
  ---
  duration_ms: 508
  publisher_connection_id: 86aa80b8ce116367a10ec57a840539fb
  subscriber_connection_id: 209a051d84e4ce25dc050c07253f2424
  ...
ok 5 - subscribe-before-announce
  ---
  duration_ms: 3682
  subscriber_connection_id: 87edafbf8a6cf6ca3fc1c1d925ee49cf
  publisher_connection_id: 162de8ed7a7957395cbff10769e46bf5
  ...
ok 6 - publish-namespace-done
  ---
  duration_ms: 2190
  connection_id: fc26c33b65fe6a2e21701c64054aaf69
  ...
make[1]: Leaving directory '/home/runner/work/moq-interop-runner/moq-interop-runner/main'
