make[1]: Entering directory '/home/runner/work/moq-interop-runner/moq-interop-runner/main'
Running tests against moqt://us-west-2.relay.quicr.org:33437...
  Client: ghcr.io/englishm/moq-interop-runner-moq-test-client-draft-16:latest
docker run --rm \
	 \
	--network host \
	-e RELAY_URL=moqt://us-west-2.relay.quicr.org:33437 \
	-e TLS_DISABLE_VERIFY=1 \
	ghcr.io/englishm/moq-interop-runner-moq-test-client-draft-16:latest
TAP version 14
# moq-test-client v0.1.0
# Relay: moqt://us-west-2.relay.quicr.org:33437
1..6
ok 1 - setup-only
  ---
  duration_ms: 195
  connection_id: 5692f287b068ed2ca6058d708583d1a3
  ...
ok 2 - announce-only
  ---
  duration_ms: 2185
  connection_id: 0e56291f3dc7c8bacd31bbc95193bf8f
  ...
not ok 3 - subscribe-error
  ---
  duration_ms: 289
  message: "session error: decode error: invalid message: 1: invalid message: 1"
  ...
[2026-07-23T01:29:17Z ERROR moq_transport::session::reader] [READER] decode: ERROR decoding moq_transport::message::Message - InvalidMessage(1) (buffer_len=5)
[2026-07-23T01:29:18Z ERROR moq_transport::session::reader] [READER] decode: ERROR decoding moq_transport::message::Message - InvalidMessage(1) (buffer_len=5)
not ok 4 - announce-subscribe
  ---
  duration_ms: 538
  message: "subscriber session error: decode error: invalid message: 1: invalid message: 1"
  ...
[2026-07-23T01:29:18Z ERROR moq_transport::session::reader] [READER] decode: ERROR decoding moq_transport::message::Message - InvalidMessage(1) (buffer_len=5)
ok 5 - subscribe-before-announce
  ---
  duration_ms: 3854
  subscriber_connection_id: 6a2d44d58dec469012ae156306f2a57e
  publisher_connection_id: 382c70da90c5de93be09f612d3a1a459
  ...
ok 6 - publish-namespace-done
  ---
  duration_ms: 2423
  connection_id: 9412779f7a7e0ead041cbf0482fe0ada
  ...
make[1]: *** [Makefile:122: test-external] Error 1
make[1]: Leaving directory '/home/runner/work/moq-interop-runner/moq-interop-runner/main'
