make[1]: Entering directory '/home/runner/work/moq-interop-runner/moq-interop-runner/main'
Running tests against https://fb.mvfst.net:9448/moq-relay...
  Client: ghcr.io/englishm/moq-interop-runner-moq-test-client:latest
docker run --rm \
	 \
	--network host \
	-e RELAY_URL=https://fb.mvfst.net:9448/moq-relay \
	-e TLS_DISABLE_VERIFY=1 \
	ghcr.io/englishm/moq-interop-runner-moq-test-client:latest
TAP version 14
# moq-test-client v0.1.0
# Relay: https://fb.mvfst.net:9448/moq-relay
1..6
ok 1 - setup-only
  ---
  duration_ms: 148
  connection_id: d06e98cd45ba4cc6cc0d68ffc0090860
  ...
ok 2 - announce-only
  ---
  duration_ms: 2117
  connection_id: 0f9dba6fb674285b83cf0c784764a045
  ...
ok 3 - subscribe-error
  ---
  duration_ms: 156
  connection_id: b58ee272953cec2257743f32eafbc788
  ...
ok 4 - announce-subscribe
  ---
  duration_ms: 250
  publisher_connection_id: c21e45500c5d5b619851a07209f6377c
  subscriber_connection_id: 1765bb7f913194c180d02fffea1cf5f0
  ...
ok 5 - subscribe-before-announce
  ---
  duration_ms: 3710
  subscriber_connection_id: c5e39208b4600f3d9b735171671ad851
  publisher_connection_id: 93c757cef65a2fbba5f821bd12ff9122
  ...
ok 6 - publish-namespace-done
  ---
  duration_ms: 2275
  connection_id: e29d9d05e24142c5628bd3e090e06777
  ...
make[1]: Leaving directory '/home/runner/work/moq-interop-runner/moq-interop-runner/main'
