make[1]: Entering directory '/home/runner/work/moq-interop-runner/moq-interop-runner/main'
Running tests against moqt://moqx-main.ci.openmoq.org:4433...
  Client: ghcr.io/englishm/moq-interop-runner-moq-test-client:latest
docker run --rm \
	 \
	--network host \
	-e RELAY_URL=moqt://moqx-main.ci.openmoq.org:4433 \
	-e TLS_DISABLE_VERIFY=false \
	ghcr.io/englishm/moq-interop-runner-moq-test-client:latest
TAP version 14
# moq-test-client v0.1.0
# Relay: moqt://moqx-main.ci.openmoq.org:4433
1..6
ok 1 - setup-only
  ---
  duration_ms: 113
  connection_id: 3e8803725e8a7c6a132391c08f0eadae
  ...
ok 2 - announce-only
  ---
  duration_ms: 2245
  connection_id: 854afa8cd3e6ceabb9d2aa423fbe7534
  ...
ok 3 - subscribe-error
  ---
  duration_ms: 131
  connection_id: 1b2faf9db4a65cac6898a4ac4798549f
  ...
ok 4 - announce-subscribe
  ---
  duration_ms: 287
  publisher_connection_id: 2473401be1e3fd0d75e3696a9072d0cd
  subscriber_connection_id: c53a20dc4d49f6a259c6debdb56ad5f4
  ...
ok 5 - subscribe-before-announce
  ---
  duration_ms: 3737
  subscriber_connection_id: 3ee6a0754d82cd5997c3cb7572319fd8
  publisher_connection_id: 38cb1dd0addd5a731b35e69f5811d538
  ...
ok 6 - publish-namespace-done
  ---
  duration_ms: 2296
  connection_id: c980c7990155733e932c406d2c82d68f
  ...
make[1]: Leaving directory '/home/runner/work/moq-interop-runner/moq-interop-runner/main'
