make[1]: Entering directory '/home/runner/work/moq-interop-runner/moq-interop-runner/main'
Running tests against https://draft-18-interop.cloudflare.mediaoverquic.com:443/moq...
  Client: ghcr.io/englishm/moq-interop-runner-moq-test-client-draft-18:latest
docker run --rm \
	 \
	--network host \
	-e RELAY_URL=https://draft-18-interop.cloudflare.mediaoverquic.com:443/moq \
	-e TLS_DISABLE_VERIFY=false \
	ghcr.io/englishm/moq-interop-runner-moq-test-client-draft-18:latest
TAP version 14
# moq-test-client v0.1.6
# Relay: https://draft-18-interop.cloudflare.mediaoverquic.com/moq
1..6
[2m2026-07-23T01:01:44.124904Z[0m [32m INFO[0m [2mmoq_native_ietf::quic[0m[2m:[0m UDP socket bound [3mbind[0m[2m=[0m[::]:0 [3mlocal[0m[2m=[0m[::]:36823 [3mdual_stack[0m[2m=[0mtrue
[2m2026-07-23T01:01:44.548825Z[0m [32m INFO[0m [2mmoq_test_client::scenarios[0m[2m:[0m SETUP exchange completed successfully
ok 1 - setup-only
  ---
  duration_ms: 424
  connection_id: 41ad777b904bcf3babcaddcfc1a76ee3
  ...
[2m2026-07-23T01:01:44.549931Z[0m [32m INFO[0m [2mmoq_native_ietf::quic[0m[2m:[0m UDP socket bound [3mbind[0m[2m=[0m[::]:0 [3mlocal[0m[2m=[0m[::]:58440 [3mdual_stack[0m[2m=[0mtrue
[2m2026-07-23T01:01:44.613382Z[0m [33m WARN[0m [2mweb_transport_quinn::session[0m[2m:[0m failed to read capsule [3me[0m[2m=[0mUnexpectedEnd
[2m2026-07-23T01:01:44.909516Z[0m [32m INFO[0m [2mmoq_test_client::scenarios[0m[2m:[0m Sending PUBLISH_NAMESPACE for: moq-test/interop
[2m2026-07-23T01:01:46.910906Z[0m [32m INFO[0m [2mmoq_test_client::scenarios[0m[2m:[0m PUBLISH_NAMESPACE succeeded (REQUEST_OK received, waiting for subscribers)
ok 2 - publish-namespace-only
  ---
  duration_ms: 2362
  connection_id: f92817e267eb2c468b57c739b8cd0753
  ...
[2m2026-07-23T01:01:46.911887Z[0m [32m INFO[0m [2mmoq_native_ietf::quic[0m[2m:[0m UDP socket bound [3mbind[0m[2m=[0m[::]:0 [3mlocal[0m[2m=[0m[::]:60462 [3mdual_stack[0m[2m=[0mtrue
[2m2026-07-23T01:01:46.977431Z[0m [33m WARN[0m [2mmoq_transport::session::reader[0m[2m:[0m [READER] decode: stream ended while waiting for data (have=0 bytes, need=1)
[2m2026-07-23T01:01:47.265567Z[0m [32m INFO[0m [2mmoq_test_client::scenarios[0m[2m:[0m Subscribing to non-existent track: nonexistent/namespace/test-track
[2m2026-07-23T01:01:47.334706Z[0m [33m WARN[0m [2mmoq_transport::serve::error[0m[2m:[0m [88f8f84a-f43c-4000-9bf2-2bed9732bedc] Not found: not found: Track not found [error:7079a39e-90d3-4a1b-88de-6f3ee3db8698] at moq-transport/src/session/subscriber.rs:455
[2m2026-07-23T01:01:47.334742Z[0m [33m WARN[0m [2mmoq_transport::session::reader[0m[2m:[0m [READER] decode: stream ended while waiting for data (have=0 bytes, need=1)
[2m2026-07-23T01:01:47.334805Z[0m [32m INFO[0m [2mmoq_test_client::scenarios[0m[2m:[0m Got expected 'not found' error: not found: Track not found [error:88f8f84a-f43c-4000-9bf2-2bed9732bedc]
ok 3 - subscribe-error
  ---
  duration_ms: 423
  connection_id: dc777b9309a8bfb921f434186f6b6828
  ...
[2m2026-07-23T01:01:47.336183Z[0m [32m INFO[0m [2mmoq_native_ietf::quic[0m[2m:[0m UDP socket bound [3mbind[0m[2m=[0m[::]:0 [3mlocal[0m[2m=[0m[::]:34410 [3mdual_stack[0m[2m=[0mtrue
[2m2026-07-23T01:01:47.402434Z[0m [33m WARN[0m [2mweb_transport_quinn::session[0m[2m:[0m failed to read capsule [3me[0m[2m=[0mUnexpectedEnd
[2m2026-07-23T01:01:47.668258Z[0m [32m INFO[0m [2mmoq_native_ietf::quic[0m[2m:[0m UDP socket bound [3mbind[0m[2m=[0m[::]:0 [3mlocal[0m[2m=[0m[::]:45666 [3mdual_stack[0m[2m=[0mtrue
[2m2026-07-23T01:01:48.048565Z[0m [32m INFO[0m [2mmoq_test_client::scenarios[0m[2m:[0m Publisher sending PUBLISH_NAMESPACE: moq-test/interop
[2m2026-07-23T01:01:48.048587Z[0m [32m INFO[0m [2mmoq_test_client::scenarios[0m[2m:[0m Subscriber subscribing to track: moq-test/interop/test-track
[2m2026-07-23T01:01:48.116629Z[0m [33m WARN[0m [2mmoq_transport::serve::error[0m[2m:[0m [e383c8a4-707d-43e2-b841-34c3d36aa586] Not found: not found: Track not found [error:ecae3b94-cbd4-4698-b5d3-5be38431cff0] at moq-transport/src/session/subscriber.rs:455
[2m2026-07-23T01:01:48.116868Z[0m [32m INFO[0m [2mmoq_test_client::scenarios[0m[2m:[0m Subscriber got error: not found: Track not found [error:e383c8a4-707d-43e2-b841-34c3d36aa586] - subscription was processed
ok 4 - publish-namespace-subscribe
  ---
  duration_ms: 781
  publisher_connection_id: c7c4c102f52f9945b52f6b7dc1fa67b3
  subscriber_connection_id: 169644268fdbeb7e44d0a3f265c192b3
  ...
[2m2026-07-23T01:01:48.117440Z[0m [33m WARN[0m [2mmoq_transport::session::reader[0m[2m:[0m [READER] decode: stream ended while waiting for data (have=0 bytes, need=1)
[2m2026-07-23T01:01:48.118090Z[0m [32m INFO[0m [2mmoq_native_ietf::quic[0m[2m:[0m UDP socket bound [3mbind[0m[2m=[0m[::]:0 [3mlocal[0m[2m=[0m[::]:49075 [3mdual_stack[0m[2m=[0mtrue
[2m2026-07-23T01:01:48.181657Z[0m [33m WARN[0m [2mmoq_transport::session::reader[0m[2m:[0m [READER] decode: stream ended while waiting for data (have=0 bytes, need=1)
[2m2026-07-23T01:01:48.476412Z[0m [32m INFO[0m [2mmoq_test_client::scenarios[0m[2m:[0m Subscriber subscribing BEFORE PUBLISH_NAMESPACE: moq-test/interop/test-track
[2m2026-07-23T01:01:48.544851Z[0m [33m WARN[0m [2mmoq_transport::serve::error[0m[2m:[0m [5c05fa92-4aee-4cfb-8c38-53d00bb99505] Not found: not found: Track not found [error:4d09fb51-0d66-4ab1-bab2-1d951746090c] at moq-transport/src/session/subscriber.rs:455
[2m2026-07-23T01:01:48.545472Z[0m [33m WARN[0m [2mmoq_transport::session::reader[0m[2m:[0m [READER] decode: stream ended while waiting for data (have=0 bytes, need=1)
[2m2026-07-23T01:01:48.612910Z[0m [33m WARN[0m [2mweb_transport_quinn::session[0m[2m:[0m failed to read capsule [3me[0m[2m=[0mUnexpectedEnd
[2m2026-07-23T01:01:48.978495Z[0m [32m INFO[0m [2mmoq_native_ietf::quic[0m[2m:[0m UDP socket bound [3mbind[0m[2m=[0m[::]:0 [3mlocal[0m[2m=[0m[::]:50264 [3mdual_stack[0m[2m=[0mtrue
[2m2026-07-23T01:01:49.354011Z[0m [32m INFO[0m [2mmoq_test_client::scenarios[0m[2m:[0m Publisher sending PUBLISH_NAMESPACE (after subscriber): moq-test/interop
[2m2026-07-23T01:01:52.355754Z[0m [32m INFO[0m [2mmoq_test_client::scenarios[0m[2m:[0m Publisher PUBLISH_NAMESPACE timeout (expected)
[2m2026-07-23T01:01:52.355770Z[0m [32m INFO[0m [2mmoq_test_client::scenarios[0m[2m:[0m Subscriber got error: not found: Track not found [error:5c05fa92-4aee-4cfb-8c38-53d00bb99505] (may be expected)
ok 5 - subscribe-before-publish-namespace
  ---
  duration_ms: 4238
  subscriber_connection_id: dc2e864425f0e309b1188eedb040e7b2
  publisher_connection_id: 6023675c7859ea9a450001880e709b9c
  ...
[2m2026-07-23T01:01:52.356961Z[0m [32m INFO[0m [2mmoq_native_ietf::quic[0m[2m:[0m UDP socket bound [3mbind[0m[2m=[0m[::]:0 [3mlocal[0m[2m=[0m[::]:47436 [3mdual_stack[0m[2m=[0mtrue
[2m2026-07-23T01:01:52.424189Z[0m [33m WARN[0m [2mmoq_transport::session::reader[0m[2m:[0m [READER] decode: stream ended while waiting for data (have=0 bytes, need=1)
[2m2026-07-23T01:01:52.728371Z[0m [32m INFO[0m [2mmoq_test_client::scenarios[0m[2m:[0m Sending PUBLISH_NAMESPACE: moq-test/interop
[2m2026-07-23T01:01:54.729570Z[0m [32m INFO[0m [2mmoq_test_client::scenarios[0m[2m:[0m PUBLISH_NAMESPACE active; sending PUBLISH_NAMESPACE_DONE
[2m2026-07-23T01:01:54.799033Z[0m [33m WARN[0m [2mmoq_transport::session::reader[0m[2m:[0m [READER] decode: stream ended while waiting for data (have=0 bytes, need=1)
[2m2026-07-23T01:01:54.830556Z[0m [32m INFO[0m [2mmoq_test_client::scenarios[0m[2m:[0m PUBLISH_NAMESPACE_DONE sent successfully
ok 6 - publish-namespace-done
  ---
  duration_ms: 2474
  connection_id: 13fe7191f179cc74f1574171194389c5
  ...
make[1]: Leaving directory '/home/runner/work/moq-interop-runner/moq-interop-runner/main'
