make[1]: Entering directory '/home/runner/work/moq-interop-runner/moq-interop-runner/main'
Running tests against moqt://draft-18-interop.cloudflare.mediaoverquic.com:443...
  Client: ghcr.io/englishm/moq-interop-runner-moq-test-client-draft-18:latest
docker run --rm \
	 \
	--network host \
	-e RELAY_URL=moqt://draft-18-interop.cloudflare.mediaoverquic.com:443 \
	-e TLS_DISABLE_VERIFY=false \
	ghcr.io/englishm/moq-interop-runner-moq-test-client-draft-18:latest
TAP version 14
# moq-test-client v0.1.6
# Relay: moqt://draft-18-interop.cloudflare.mediaoverquic.com:443
1..6
[2m2026-07-23T01:01:31.202248Z[0m [32m INFO[0m [2mmoq_native_ietf::quic[0m[2m:[0m UDP socket bound [3mbind[0m[2m=[0m[::]:0 [3mlocal[0m[2m=[0m[::]:57945 [3mdual_stack[0m[2m=[0mtrue
[2m2026-07-23T01:01:31.520811Z[0m [32m INFO[0m [2mmoq_test_client::scenarios[0m[2m:[0m SETUP exchange completed successfully
ok 1 - setup-only
  ---
  duration_ms: 319
  connection_id: d1c5986ea12bf07f61a0b4ab0f0da8ba
  ...
[2m2026-07-23T01:01:31.521836Z[0m [32m INFO[0m [2mmoq_native_ietf::quic[0m[2m:[0m UDP socket bound [3mbind[0m[2m=[0m[::]:0 [3mlocal[0m[2m=[0m[::]:37778 [3mdual_stack[0m[2m=[0mtrue
[2m2026-07-23T01:01:31.761993Z[0m [32m INFO[0m [2mmoq_test_client::scenarios[0m[2m:[0m Sending PUBLISH_NAMESPACE for: moq-test/interop
[2m2026-07-23T01:01:33.764010Z[0m [32m INFO[0m [2mmoq_test_client::scenarios[0m[2m:[0m PUBLISH_NAMESPACE succeeded (REQUEST_OK received, waiting for subscribers)
ok 2 - publish-namespace-only
  ---
  duration_ms: 2243
  connection_id: c1049602c825ac8ddee03c10a88cb047
  ...
[2m2026-07-23T01:01:33.764816Z[0m [32m INFO[0m [2mmoq_native_ietf::quic[0m[2m:[0m UDP socket bound [3mbind[0m[2m=[0m[::]:0 [3mlocal[0m[2m=[0m[::]:46921 [3mdual_stack[0m[2m=[0mtrue
[2m2026-07-23T01:01:34.064589Z[0m [32m INFO[0m [2mmoq_test_client::scenarios[0m[2m:[0m Subscribing to non-existent track: nonexistent/namespace/test-track
[2m2026-07-23T01:01:34.134604Z[0m [33m WARN[0m [2mmoq_transport::serve::error[0m[2m:[0m [173cb7eb-f06e-4137-9fb1-4fa029b3ad2b] Not found: not found: Track not found [error:71963cab-83d7-481b-a8d2-6b37588782b0] at moq-transport/src/session/subscriber.rs:455
[2m2026-07-23T01:01:34.134765Z[0m [33m WARN[0m [2mmoq_transport::session::reader[0m[2m:[0m [READER] decode: stream ended while waiting for data (have=0 bytes, need=1)
[2m2026-07-23T01:01:34.134786Z[0m [32m INFO[0m [2mmoq_test_client::scenarios[0m[2m:[0m Got expected 'not found' error: not found: Track not found [error:173cb7eb-f06e-4137-9fb1-4fa029b3ad2b]
ok 3 - subscribe-error
  ---
  duration_ms: 370
  connection_id: 3574e7868bd696643bc429054ba9070c
  ...
[2m2026-07-23T01:01:34.135934Z[0m [32m INFO[0m [2mmoq_native_ietf::quic[0m[2m:[0m UDP socket bound [3mbind[0m[2m=[0m[::]:0 [3mlocal[0m[2m=[0m[::]:32826 [3mdual_stack[0m[2m=[0mtrue
[2m2026-07-23T01:01:34.376410Z[0m [32m INFO[0m [2mmoq_native_ietf::quic[0m[2m:[0m UDP socket bound [3mbind[0m[2m=[0m[::]:0 [3mlocal[0m[2m=[0m[::]:50734 [3mdual_stack[0m[2m=[0mtrue
[2m2026-07-23T01:01:34.602819Z[0m [32m INFO[0m [2mmoq_test_client::scenarios[0m[2m:[0m Publisher sending PUBLISH_NAMESPACE: moq-test/interop
[2m2026-07-23T01:01:34.602844Z[0m [32m INFO[0m [2mmoq_test_client::scenarios[0m[2m:[0m Subscriber subscribing to track: moq-test/interop/test-track
[2m2026-07-23T01:01:37.604042Z[0m [32m INFO[0m [2mmoq_test_client::scenarios[0m[2m:[0m Test timeout reached - subscription routing may still be in progress
ok 4 - publish-namespace-subscribe
  ---
  duration_ms: 3469
  publisher_connection_id: d4ced42e05e6590231e89e7036fb4859
  subscriber_connection_id: 32d5cde17ad66ec91bf85780b375086e
  ...
[2m2026-07-23T01:01:37.605125Z[0m [32m INFO[0m [2mmoq_native_ietf::quic[0m[2m:[0m UDP socket bound [3mbind[0m[2m=[0m[::]:0 [3mlocal[0m[2m=[0m[::]:42310 [3mdual_stack[0m[2m=[0mtrue
[2m2026-07-23T01:01:37.910246Z[0m [32m INFO[0m [2mmoq_test_client::scenarios[0m[2m:[0m Subscriber subscribing BEFORE PUBLISH_NAMESPACE: moq-test/interop/test-track
[2m2026-07-23T01:01:37.978915Z[0m [33m WARN[0m [2mmoq_transport::serve::error[0m[2m:[0m [4a8c6166-1fb8-4ec3-8904-06555602e6e6] Not found: not found: Track not found [error:00394064-fe19-4e7f-b2a7-4a237ac6effa] at moq-transport/src/session/subscriber.rs:455
[2m2026-07-23T01:01:37.980199Z[0m [33m WARN[0m [2mmoq_transport::session::reader[0m[2m:[0m [READER] decode: stream ended while waiting for data (have=0 bytes, need=1)
[2m2026-07-23T01:01:38.412412Z[0m [32m INFO[0m [2mmoq_native_ietf::quic[0m[2m:[0m UDP socket bound [3mbind[0m[2m=[0m[::]:0 [3mlocal[0m[2m=[0m[::]:45408 [3mdual_stack[0m[2m=[0mtrue
[2m2026-07-23T01:01:38.635788Z[0m [32m INFO[0m [2mmoq_test_client::scenarios[0m[2m:[0m Publisher sending PUBLISH_NAMESPACE (after subscriber): moq-test/interop
[2m2026-07-23T01:01:41.636833Z[0m [32m INFO[0m [2mmoq_test_client::scenarios[0m[2m:[0m Publisher PUBLISH_NAMESPACE timeout (expected)
[2m2026-07-23T01:01:41.636852Z[0m [32m INFO[0m [2mmoq_test_client::scenarios[0m[2m:[0m Subscriber got error: not found: Track not found [error:4a8c6166-1fb8-4ec3-8904-06555602e6e6] (may be expected)
ok 5 - subscribe-before-publish-namespace
  ---
  duration_ms: 4032
  subscriber_connection_id: 6bcf928034296aee10b9178bab9e884a
  publisher_connection_id: 3589e317033667e68e25f80383eb8781
  ...
[2m2026-07-23T01:01:41.637916Z[0m [32m INFO[0m [2mmoq_native_ietf::quic[0m[2m:[0m UDP socket bound [3mbind[0m[2m=[0m[::]:0 [3mlocal[0m[2m=[0m[::]:51456 [3mdual_stack[0m[2m=[0mtrue
[2m2026-07-23T01:01:41.864241Z[0m [32m INFO[0m [2mmoq_test_client::scenarios[0m[2m:[0m Sending PUBLISH_NAMESPACE: moq-test/interop
[2m2026-07-23T01:01:43.865646Z[0m [32m INFO[0m [2mmoq_test_client::scenarios[0m[2m:[0m PUBLISH_NAMESPACE active; sending PUBLISH_NAMESPACE_DONE
[2m2026-07-23T01:01:43.967008Z[0m [32m INFO[0m [2mmoq_test_client::scenarios[0m[2m:[0m PUBLISH_NAMESPACE_DONE sent successfully
ok 6 - publish-namespace-done
  ---
  duration_ms: 2330
  connection_id: b8cac2c0799baafe7294f91b277ff746
  ...
make[1]: Leaving directory '/home/runner/work/moq-interop-runner/moq-interop-runner/main'
