make[1]: Entering directory '/home/runner/work/moq-interop-runner/moq-interop-runner/main'
Running tests against https://relay.moqtail.dev...
  Client: ghcr.io/facebookexperimental/moxygen-interop-client:latest-amd64
docker run --rm \
	 \
	--network host \
	-e RELAY_URL=https://relay.moqtail.dev \
	-e TLS_DISABLE_VERIFY=false \
	ghcr.io/facebookexperimental/moxygen-interop-client:latest-amd64
TAP version 14
# moxygen interop test client
# Relay: https://relay.moqtail.dev
# Transport: WebTransport
1..6
E20260723 01:40:54.695458     1 HQStreamCodec.cpp:194] Failed parsing header list for stream=0, error=Pseudo headers forbidden in trailers.
E0723 01:40:54.696517     1 MoQWebTransportClient.cpp:147] std::runtime_error: Error setting up WebTransport: proxygen::HTTPException: HQStreamCodec stream error: stream=0 status=400 error:Pseudo headers forbidden in trailers.
not ok 1 - setup-only
  ---
  duration_ms: 109
  error: Error setting up WebTransport: proxygen::HTTPException: HQStreamCodec stream error: stream=0 status=400 error:Pseudo headers forbidden in trailers.
  ...
E20260723 01:40:54.749330     1 StructuredHeadersBuffer.cpp:287] Error message: Invalid character. Number of characters parsed before error:0. Header Content:moqt-16
W0723 01:40:54.749365     1 MoQWebTransportClient.cpp:175] WebTransport: No WT-Protocol header in response, will use legacy version negotiation
E0723 01:40:54.768477     1 MoQWebTransportClient.cpp:200] proxygen::HTTPException: Got error=ApplicationError: No Error, Client closed by peer reason=Setup failed
not ok 2 - announce-only
  ---
  duration_ms: 72
  error: coroutine operation cancelled
  ...
E20260723 01:40:54.872447     1 HQStreamCodec.cpp:194] Failed parsing header list for stream=0, error=Pseudo headers forbidden in trailers.
E0723 01:40:54.872516     1 MoQWebTransportClient.cpp:147] std::runtime_error: Error setting up WebTransport: proxygen::HTTPException: HQStreamCodec stream error: stream=0 status=400 error:Pseudo headers forbidden in trailers.
not ok 3 - subscribe-error
  ---
  duration_ms: 103
  error: Error setting up WebTransport: proxygen::HTTPException: HQStreamCodec stream error: stream=0 status=400 error:Pseudo headers forbidden in trailers.
  ...
W0723 01:40:55.023738     1 MoQWebTransportClient.cpp:175] WebTransport: No WT-Protocol header in response, will use legacy version negotiation
E0723 01:40:55.045088     1 MoQWebTransportClient.cpp:200] proxygen::HTTPException: Got error=ApplicationError: No Error, Client closed by peer reason=Setup failed
not ok 4 - announce-subscribe
  ---
  duration_ms: 172
  error: coroutine operation cancelled
  ...
W0723 01:40:55.143479     1 MoQWebTransportClient.cpp:175] WebTransport: No WT-Protocol header in response, will use legacy version negotiation
E0723 01:40:55.164328     1 MoQWebTransportClient.cpp:200] proxygen::HTTPException: Got error=ApplicationError: No Error, Client closed by peer reason=Setup failed
not ok 5 - publish-namespace-done
  ---
  duration_ms: 119
  error: coroutine operation cancelled
  ...
E20260723 01:40:55.221401     1 HQStreamCodec.cpp:194] Failed parsing header list for stream=0, error=Pseudo headers forbidden in trailers.
E0723 01:40:55.221489     1 MoQWebTransportClient.cpp:147] std::runtime_error: Error setting up WebTransport: proxygen::HTTPException: HQStreamCodec stream error: stream=0 status=400 error:Pseudo headers forbidden in trailers.
not ok 6 - subscribe-before-announce
  ---
  duration_ms: 56
  error: Error setting up WebTransport: proxygen::HTTPException: HQStreamCodec stream error: stream=0 status=400 error:Pseudo headers forbidden in trailers.
  ...
E20260723 01:40:56.222740     1 EventHandler.cpp:90] EventBase: failed to register event handler for fd 9: No such file or directory
E20260723 01:40:56.222913     1 EventHandler.cpp:90] EventBase: failed to register event handler for fd 14: No such file or directory
E20260723 01:40:56.223033     1 EventHandler.cpp:90] EventBase: failed to register event handler for fd 16: No such file or directory
make[1]: *** [Makefile:122: test-external] Error 1
make[1]: Leaving directory '/home/runner/work/moq-interop-runner/moq-interop-runner/main'
