make[1]: Entering directory '/home/runner/work/moq-interop-runner/moq-interop-runner/main'
Running tests against moqt://us-west-2.relay.quicr.org:33437...
  Client: ghcr.io/facebookexperimental/moxygen-interop-client:latest-amd64
docker run --rm \
	 \
	--network host \
	-e RELAY_URL=moqt://us-west-2.relay.quicr.org:33437 \
	-e TLS_DISABLE_VERIFY=1 \
	ghcr.io/facebookexperimental/moxygen-interop-client:latest-amd64
TAP version 14
# moxygen interop test client
# Relay: moqt://us-west-2.relay.quicr.org:33437
# Transport: QUIC
1..6
ok 1 - setup-only
  ---
  duration_ms: 210
  info: SETUP exchange completed successfully
  ...
W0723 01:40:08.392939     1 MoQSession.cpp:5512] Issuing request that will fail; nextRequestID_=0 peerMaxRequestID_=0 sess=0x558516c89130
ok 2 - announce-only
  ---
  duration_ms: 387
  info: PUBLISH_NAMESPACE completed successfully
  ...
E0723 01:40:08.475391     1 MoQRelaySession.cpp:1116] PublishNamespaceDone for unknown publishNamespace, sess=0x558516c89130
W0723 01:40:08.646133     1 MoQSession.cpp:5512] Issuing request that will fail; nextRequestID_=0 peerMaxRequestID_=0 sess=0x558516c88610
E0723 01:40:08.728872     1 MoQCodec.cpp:126] Conn error=3
E0723 01:40:08.728890     1 MoQSession.cpp:5296] MoQCodec control stream parse error err=3
ok 3 - subscribe-error
  ---
  duration_ms: 253
  info: Subscribe correctly returned error: Session closed
  ...
W0723 01:40:09.045829     1 MoQSession.cpp:5512] Issuing request that will fail; nextRequestID_=0 peerMaxRequestID_=0 sess=0x558516c99a40
W0723 01:40:09.306865     1 MoQSession.cpp:5512] Issuing request that will fail; nextRequestID_=0 peerMaxRequestID_=0 sess=0x558516c7e2b0
E0723 01:40:09.389464     1 MoQCodec.cpp:126] Conn error=3
E0723 01:40:09.389477     1 MoQSession.cpp:5296] MoQCodec control stream parse error err=3
not ok 4 - announce-subscribe
  ---
  duration_ms: 660
  error: Subscribe failed: Session closed
  ...
W0723 01:40:09.717777     1 MoQSession.cpp:5512] Issuing request that will fail; nextRequestID_=0 peerMaxRequestID_=0 sess=0x558516c9acb0
ok 5 - publish-namespace-done
  ---
  duration_ms: 410
  info: PUBLISH_NAMESPACE_OK received, PUBLISH_NAMESPACE_DONE sent
  ...
W0723 01:40:10.200031     1 MoQSession.cpp:5512] Issuing request that will fail; nextRequestID_=0 peerMaxRequestID_=0 sess=0x558516c82f80
E0723 01:40:10.282508     1 MoQCodec.cpp:126] Conn error=3
E0723 01:40:10.282522     1 MoQSession.cpp:5296] MoQCodec control stream parse error err=3
W0723 01:40:10.869890     1 MoQSession.cpp:5512] Issuing request that will fail; nextRequestID_=0 peerMaxRequestID_=0 sess=0x558516c82080
ok 6 - subscribe-before-announce
  ---
  duration_ms: 1151
  info: Subscribe returned error (relay doesn't buffer pending subscriptions): Session closed
  ...
make[1]: *** [Makefile:122: test-external] Error 1
make[1]: Leaving directory '/home/runner/work/moq-interop-runner/moq-interop-runner/main'
