make[1]: Entering directory '/home/runner/work/moq-interop-runner/moq-interop-runner/main'
Running tests against moqt://fb.mvfst.net:9448...
  Client: ghcr.io/englishm/moq-interop-runner-xquic-moq-client-draft-18:latest
docker run --rm \
	 \
	--network host \
	-e RELAY_URL=moqt://fb.mvfst.net:9448 \
	-e TLS_DISABLE_VERIFY=1 \
	ghcr.io/englishm/moq-interop-runner-xquic-moq-client-draft-18:latest
TAP version 14
# xquic-moq-interop-client v0.3.0-draft18
# Draft: draft-18
# Relay: moqt://18.189.84.245:9448 (sni=fb.mvfst.net)
1..2
ok 1 - setup-only
  ---
  duration_ms: 379
  ...
ok 2 - announce-only
  ---
  duration_ms: 308
  ...
make[1]: Leaving directory '/home/runner/work/moq-interop-runner/moq-interop-runner/main'
