make[1]: Entering directory '/home/runner/work/moq-interop-runner/moq-interop-runner/main'
Running tests against moqt://draft-16-manish.cloudflare.mediaoverquic.com:443...
  Client: ghcr.io/englishm/moq-interop-runner-moq-test-client-draft-16:latest
docker run --rm \
	--network host \
	-e RELAY_URL=moqt://draft-16-manish.cloudflare.mediaoverquic.com:443 \
	-e TLS_DISABLE_VERIFY=false \
	ghcr.io/englishm/moq-interop-runner-moq-test-client-draft-16:latest
TAP version 14
# moq-test-client v0.1.0
# Relay: moqt://draft-16-manish.cloudflare.mediaoverquic.com:443
1..6
ok 1 - setup-only
  ---
  duration_ms: 207
  connection_id: 2f2e2c92f782a50d3acbb46b54702ecf
  ...
ok 2 - announce-only
  ---
  duration_ms: 2039
  connection_id: fddcc897cc19d86350ecb7d8506dc89e
  ...
[2026-03-09T00:24:42Z ERROR moq_transport::session::reader] [READER] decode: ERROR decoding moq_transport::message::Message - FieldBoundsExceeded("ReasonPhrase") (buffer_len=57)
not ok 3 - subscribe-error
  ---
  duration_ms: 146
  message: "session error: decode error: field 'ReasonPhrase' too large: field 'ReasonPhrase' too large"
  ...
ok 4 - announce-subscribe
  ---
  duration_ms: 3181
  publisher_connection_id: 517f1aacbd1c231c9c52fab3f7296b55
  subscriber_connection_id: 0d61b76ec370cd7a9782519c6eabe2fd
  ...
[2026-03-09T00:24:46Z ERROR moq_transport::session::reader] [READER] decode: ERROR decoding moq_transport::message::Message - FieldBoundsExceeded("ReasonPhrase") (buffer_len=57)
ok 5 - subscribe-before-announce
  ---
  duration_ms: 3609
  subscriber_connection_id: 0e8821d28e35b08b536af0683d669073
  publisher_connection_id: 510da1e846f03663b7a64712636841c5
  ...
ok 6 - publish-namespace-done
  ---
  duration_ms: 2132
  connection_id: a3621669a37cebe3a81fd0bbc4259880
  ...
make[1]: *** [Makefile:91: test-external] Error 1
make[1]: Leaving directory '/home/runner/work/moq-interop-runner/moq-interop-runner/main'
