make[1]: Entering directory '/home/runner/work/moq-interop-runner/moq-interop-runner/main'
Running tests against moqt://draft-16-manish.cloudflare.mediaoverquic.com:443...
  Client: ghcr.io/englishm/moq-interop-runner-moq-test-client-draft-16:latest
docker run --rm \
	--network host \
	-e RELAY_URL=moqt://draft-16-manish.cloudflare.mediaoverquic.com:443 \
	-e TLS_DISABLE_VERIFY=false \
	ghcr.io/englishm/moq-interop-runner-moq-test-client-draft-16:latest
TAP version 14
# moq-test-client v0.1.0
# Relay: moqt://draft-16-manish.cloudflare.mediaoverquic.com:443
1..6
ok 1 - setup-only
  ---
  duration_ms: 255
  connection_id: 4a1575f260e6cbc6c8c293bb68dd23ad
  ...
ok 2 - announce-only
  ---
  duration_ms: 2142
  connection_id: b263701cbafd938ed66bc9d77132f031
  ...
[2026-03-14T00:23:26Z ERROR moq_transport::session::reader] [READER] decode: ERROR decoding moq_transport::message::Message - FieldBoundsExceeded("ReasonPhrase") (buffer_len=57)
not ok 3 - subscribe-error
  ---
  duration_ms: 224
  message: "session error: decode error: field 'ReasonPhrase' too large: field 'ReasonPhrase' too large"
  ...
ok 4 - announce-subscribe
  ---
  duration_ms: 3278
  publisher_connection_id: 02d5e20553ead0d9b470967af92479c7
  subscriber_connection_id: 26408c9fbbd5647706372e7e4cf20a30
  ...
[2026-03-14T00:23:29Z ERROR moq_transport::session::reader] [READER] decode: ERROR decoding moq_transport::message::Message - FieldBoundsExceeded("ReasonPhrase") (buffer_len=57)
ok 5 - subscribe-before-announce
  ---
  duration_ms: 3892
  subscriber_connection_id: bd563f70425d9f4e7bfc2f0509f5b0d9
  publisher_connection_id: ce9bc462e82e81d79e0fe9c959cdbd18
  ...
ok 6 - publish-namespace-done
  ---
  duration_ms: 2237
  connection_id: fb0d06dfe836143f65e43b3259187bd5
  ...
make[1]: *** [Makefile:91: test-external] Error 1
make[1]: Leaving directory '/home/runner/work/moq-interop-runner/moq-interop-runner/main'
