make[1]: Entering directory '/home/runner/work/moq-interop-runner/moq-interop-runner/main'
Running tests against moqt://fb.mvfst.net:9448...
  Client: ghcr.io/englishm/moq-interop-runner-moq-test-client-draft-16:latest
docker run --rm \
	--network host \
	-e RELAY_URL=moqt://fb.mvfst.net:9448 \
	-e TLS_DISABLE_VERIFY=1 \
	ghcr.io/englishm/moq-interop-runner-moq-test-client-draft-16:latest
TAP version 14
# moq-test-client v0.1.0
# Relay: moqt://fb.mvfst.net:9448
1..6
ok 1 - setup-only
  ---
  duration_ms: 126
  connection_id: ca2a374290cf14f98dd92898fa8b64f2
  ...
ok 2 - announce-only
  ---
  duration_ms: 2128
  connection_id: 96aba88250230a243bb17c37442a7eec
  ...
ok 3 - subscribe-error
  ---
  duration_ms: 180
  connection_id: f59a90752097ce4456a45328101ae1e0
  ...
not ok 4 - announce-subscribe
  ---
  duration_ms: 447
  message: "publisher session error: webtransport error: session error: connection error: closed by peer: 3: session error: connection error: closed by peer: 3: connection error: closed by peer: 3"
  ...
ok 5 - subscribe-before-announce
  ---
  duration_ms: 3839
  subscriber_connection_id: 6c7723caff023239f227d68af5efa876
  publisher_connection_id: 506078cfa0e9dd1856c72bd7857d851e
  ...
ok 6 - publish-namespace-done
  ---
  duration_ms: 2230
  connection_id: b4d7b00f502d7abdf090d63efab969f6
  ...
make[1]: *** [Makefile:91: test-external] Error 1
make[1]: Leaving directory '/home/runner/work/moq-interop-runner/moq-interop-runner/main'
