make[1]: Entering directory '/home/runner/work/moq-interop-runner/moq-interop-runner/main'
Running tests against moqt://fb.mvfst.net:9448...
  Client: ghcr.io/englishm/moq-interop-runner-moq-test-client:latest
docker run --rm \
	--network host \
	-e RELAY_URL=moqt://fb.mvfst.net:9448 \
	-e TLS_DISABLE_VERIFY=1 \
	ghcr.io/englishm/moq-interop-runner-moq-test-client:latest
TAP version 14
# moq-test-client v0.1.0
# Relay: moqt://fb.mvfst.net:9448
1..6
ok 1 - setup-only
  ---
  duration_ms: 126
  connection_id: b656a1ebfbe6176d61f643bc72ecd5b8
  ...
ok 2 - announce-only
  ---
  duration_ms: 2147
  connection_id: 1cd7481cb6116d66bda1f2df5651a55b
  ...
ok 3 - subscribe-error
  ---
  duration_ms: 189
  connection_id: bca1e531b6616f2a5e98f682f3f8f6cb
  ...
ok 4 - announce-subscribe
  ---
  duration_ms: 305
  publisher_connection_id: 485fdaab92f921a24e9e583796ce908a
  subscriber_connection_id: cc03c3617684c1408a24526a2c8d972e
  ...
ok 5 - subscribe-before-announce
  ---
  duration_ms: 3791
  subscriber_connection_id: 522290da364d32732a5887d6f4b71a66
  publisher_connection_id: 6c6d50122b41377dbd0994fea6133f10
  ...
ok 6 - publish-namespace-done
  ---
  duration_ms: 2227
  connection_id: ff9c67dc18b9fe2a8daaf078f9646f03
  ...
make[1]: Leaving directory '/home/runner/work/moq-interop-runner/moq-interop-runner/main'
