make[1]: Entering directory '/home/runner/work/moq-interop-runner/moq-interop-runner/main'
Running tests against https://draft-16-manish.cloudflare.mediaoverquic.com:443/moq...
  Client: ghcr.io/englishm/moq-interop-runner-moq-test-client-draft-16:latest
docker run --rm \
	--network host \
	-e RELAY_URL=https://draft-16-manish.cloudflare.mediaoverquic.com:443/moq \
	-e TLS_DISABLE_VERIFY=false \
	ghcr.io/englishm/moq-interop-runner-moq-test-client-draft-16:latest
TAP version 14
# moq-test-client v0.1.0
# Relay: https://draft-16-manish.cloudflare.mediaoverquic.com/moq
1..6
ok 1 - setup-only
  ---
  duration_ms: 220
  connection_id: 2e6eb4cdddcf94ed23e5b6a576c12d23
  ...
ok 2 - announce-only
  ---
  duration_ms: 2208
  connection_id: 079eaa31a0cbc78f73211ef7faddc674
  ...
not ok 3 - subscribe-error
  ---
  duration_ms: 329
  message: "session error: decode error: field 'ReasonPhrase' too large: field 'ReasonPhrase' too large"
  ...
[2026-03-14T00:23:38Z ERROR moq_transport::session::reader] [READER] decode: ERROR decoding moq_transport::message::Message - FieldBoundsExceeded("ReasonPhrase") (buffer_len=57)
[2026-03-14T00:23:39Z ERROR moq_transport::session::reader] [READER] decode: ERROR decoding moq_transport::message::Message - FieldBoundsExceeded("ReasonPhrase") (buffer_len=57)
not ok 4 - announce-subscribe
  ---
  duration_ms: 474
  message: "subscriber session error: decode error: field 'ReasonPhrase' too large: field 'ReasonPhrase' too large"
  ...
[2026-03-14T00:23:39Z ERROR moq_transport::session::reader] [READER] decode: ERROR decoding moq_transport::message::Message - FieldBoundsExceeded("ReasonPhrase") (buffer_len=57)
ok 5 - subscribe-before-announce
  ---
  duration_ms: 3925
  subscriber_connection_id: 25960062746653b4394a7d20602390b6
  publisher_connection_id: 8511fbb7a249e5ffdef8b768ba8fc982
  ...
ok 6 - publish-namespace-done
  ---
  duration_ms: 2375
  connection_id: a8c0a652835cb4d68dcdce1c0e19f5ff
  ...
make[1]: *** [Makefile:91: test-external] Error 1
make[1]: Leaving directory '/home/runner/work/moq-interop-runner/moq-interop-runner/main'
