make[1]: Entering directory '/home/runner/work/moq-interop-runner/moq-interop-runner/main'
Running tests against https://draft-14.cloudflare.mediaoverquic.com:443/moq...
  Client: ghcr.io/englishm/moq-interop-runner-moq-test-client:latest
docker run --rm \
	--network host \
	-e RELAY_URL=https://draft-14.cloudflare.mediaoverquic.com:443/moq \
	-e TLS_DISABLE_VERIFY=false \
	ghcr.io/englishm/moq-interop-runner-moq-test-client:latest
TAP version 14
# moq-test-client v0.1.0
# Relay: https://draft-14.cloudflare.mediaoverquic.com/moq
1..6
ok 1 - setup-only
  ---
  duration_ms: 33
  connection_id: b611a3d5a393755ddccae2eb6c6b1ec4
  ...
ok 2 - announce-only
  ---
  duration_ms: 2026
  connection_id: 1c52df7e56cdc38330b25c1db7cf143f
  ...
ok 3 - subscribe-error
  ---
  duration_ms: 75
  connection_id: 3dbc607be37359bf4edd4b7cb1c3a708
  ...
ok 4 - announce-subscribe
  ---
  duration_ms: 3034
  publisher_connection_id: 52fdf66e1c07bfe1177483c26f227912
  subscriber_connection_id: bab725ab19268090bd66ed79ff623ca0
  ...
ok 5 - subscribe-before-announce
  ---
  duration_ms: 3524
  subscriber_connection_id: d1afadba41edf264b40e2e1a16996bc6
  publisher_connection_id: d7018cfaf4a450eafd5ecd680bd77c60
  ...
ok 6 - publish-namespace-done
  ---
  duration_ms: 2111
  connection_id: a29395dc5bd86b34686055896997e5c3
  ...
make[1]: Leaving directory '/home/runner/work/moq-interop-runner/moq-interop-runner/main'
