make[1]: Entering directory '/home/runner/work/moq-interop-runner/moq-interop-runner/main'
Running tests against moqt://moqx-000.ci.openmoq.org:4433...
  Client: ghcr.io/englishm/moq-interop-runner-moq-test-client-draft-16:latest
docker run --rm \
	--network host \
	-e RELAY_URL=moqt://moqx-000.ci.openmoq.org:4433 \
	-e TLS_DISABLE_VERIFY=false \
	ghcr.io/englishm/moq-interop-runner-moq-test-client-draft-16:latest
TAP version 14
# moq-test-client v0.1.0
# Relay: moqt://moqx-000.ci.openmoq.org:4433
1..6
ok 1 - setup-only
  ---
  duration_ms: 330
  connection_id: 0cfb93391a20242b93ce6da2cd719734
  ...
ok 2 - announce-only
  ---
  duration_ms: 2242
  connection_id: 3bbec090eea723ba48c2573e16bff983
  ...
ok 3 - subscribe-error
  ---
  duration_ms: 155
  connection_id: 6f97bb00e0687728e54c69ee4c2f2004
  ...
ok 4 - announce-subscribe
  ---
  duration_ms: 3434
  publisher_connection_id: fa6a552c046747e8ad29cc27acfe5670
  subscriber_connection_id: e91aca5abdbfcb8b0be426e03c2a6997
  ...
ok 5 - subscribe-before-announce
  ---
  duration_ms: 3842
  subscriber_connection_id: 6f3950d14e85639d2f451204101b5812
  publisher_connection_id: 19eb2ed4f05f57effaf374e82d60ce85
  ...
ok 6 - publish-namespace-done
  ---
  duration_ms: 2283
  connection_id: 7f86fbfcd47c00c733c96070e872ed7c
  ...
make[1]: Leaving directory '/home/runner/work/moq-interop-runner/moq-interop-runner/main'
