make[1]: Entering directory '/home/runner/work/moq-interop-runner/moq-interop-runner/main'
Running tests against moqt://draft-14.cloudflare.mediaoverquic.com:443...
  Client: ghcr.io/englishm/moq-interop-runner-moq-test-client:latest
docker run --rm \
	--network host \
	-e RELAY_URL=moqt://draft-14.cloudflare.mediaoverquic.com:443 \
	-e TLS_DISABLE_VERIFY=false \
	ghcr.io/englishm/moq-interop-runner-moq-test-client:latest
TAP version 14
# moq-test-client v0.1.0
# Relay: moqt://draft-14.cloudflare.mediaoverquic.com:443
1..6
ok 1 - setup-only
  ---
  duration_ms: 44
  connection_id: dc8956fb5113012e83d3e4fe4c3af3f2
  ...
ok 2 - announce-only
  ---
  duration_ms: 2025
  connection_id: 358f9396daedeb8b133f57f17930d6f5
  ...
ok 3 - subscribe-error
  ---
  duration_ms: 96
  connection_id: e4ca7e0ae310b1d2755564c79219ea45
  ...
ok 4 - announce-subscribe
  ---
  duration_ms: 3029
  publisher_connection_id: 7d1cbf9de7b2426849475399b61462c3
  subscriber_connection_id: 476eb9a26d3d6c96ed3e740350450c65
  ...
ok 5 - subscribe-before-announce
  ---
  duration_ms: 3517
  subscriber_connection_id: 7c2a37681e18941b2bfdfcd457213092
  publisher_connection_id: d8411dc064c01d04c2afc0390b26eae1
  ...
ok 6 - publish-namespace-done
  ---
  duration_ms: 2122
  connection_id: 2e5e449d8ac8b9ddb229ae27b41eaca9
  ...
make[1]: Leaving directory '/home/runner/work/moq-interop-runner/moq-interop-runner/main'
