make[1]: Entering directory '/home/runner/work/moq-interop-runner/moq-interop-runner/main'
Running tests against https://fb.mvfst.net:9448/moq-relay...
  Client: ghcr.io/englishm/moq-interop-runner-moq-test-client:latest
docker run --rm \
	--network host \
	-e RELAY_URL=https://fb.mvfst.net:9448/moq-relay \
	-e TLS_DISABLE_VERIFY=1 \
	ghcr.io/englishm/moq-interop-runner-moq-test-client:latest
TAP version 14
# moq-test-client v0.1.0
# Relay: https://fb.mvfst.net:9448/moq-relay
1..6
ok 1 - setup-only
  ---
  duration_ms: 234
  connection_id: cff83152029d4908fa263d9ae3e69c9c
  ...
ok 2 - announce-only
  ---
  duration_ms: 2105
  connection_id: 5c22a4f9e87349c3f5069674c5b598f6
  ...
ok 3 - subscribe-error
  ---
  duration_ms: 143
  connection_id: 9d91235fa3cef11fad700da8382c52af
  ...
ok 4 - announce-subscribe
  ---
  duration_ms: 308
  publisher_connection_id: e79432b4e8a66bb92e3d53ceddf016c6
  subscriber_connection_id: 41e626d00f84dd7cb61887916add7747
  ...
ok 5 - subscribe-before-announce
  ---
  duration_ms: 3816
  subscriber_connection_id: c22b345d349c71d1aad6b4642d7fde97
  publisher_connection_id: 42a560d5bdad1dd665d31bd4f7a57113
  ...
ok 6 - publish-namespace-done
  ---
  duration_ms: 2276
  connection_id: 0106c890a256ffabac537853695527ab
  ...
make[1]: Leaving directory '/home/runner/work/moq-interop-runner/moq-interop-runner/main'
