make[1]: Entering directory '/home/runner/work/moq-interop-runner/moq-interop-runner/main'
Running tests against moqt://fb.mvfst.net:9448...
  Client: ghcr.io/englishm/moq-interop-runner-moq-test-client-draft-16:latest
docker run --rm \
	--network host \
	-e RELAY_URL=moqt://fb.mvfst.net:9448 \
	-e TLS_DISABLE_VERIFY=1 \
	ghcr.io/englishm/moq-interop-runner-moq-test-client-draft-16:latest
TAP version 14
# moq-test-client v0.1.0
# Relay: moqt://fb.mvfst.net:9448
1..6
ok 1 - setup-only
  ---
  duration_ms: 146
  connection_id: 047055fab589d3a0c4d18e500b7d05dc
  ...
ok 2 - announce-only
  ---
  duration_ms: 2104
  connection_id: 9830637400362680ee6b8fc3d076d8d7
  ...
ok 3 - subscribe-error
  ---
  duration_ms: 311
  connection_id: 6e3b3806da9170d98d2a3de3716e23f2
  ...
ok 4 - announce-subscribe
  ---
  duration_ms: 202
  publisher_connection_id: fc706babf746aef88ff08e7eb1ca1ff3
  subscriber_connection_id: 54c2e9c653dbde81fc31928902974832
  ...
ok 5 - subscribe-before-announce
  ---
  duration_ms: 4015
  subscriber_connection_id: 0fe3ad0a312d76f7c1339fed5f561f20
  publisher_connection_id: dab99dd32d64722a8e8a0e73a270eeb0
  ...
ok 6 - publish-namespace-done
  ---
  duration_ms: 2166
  connection_id: 833cf601008faf2b09bd2c4e42139fbe
  ...
make[1]: Leaving directory '/home/runner/work/moq-interop-runner/moq-interop-runner/main'
