make[1]: Entering directory '/home/runner/work/moq-interop-runner/moq-interop-runner/main'
Running tests against moqt://moqt.nokiaresearch.com:4443/moq...
  Client: ghcr.io/englishm/moq-interop-runner-moq-test-client-draft-18:latest
docker run --rm \
	 \
	--network host \
	-e RELAY_URL=moqt://moqt.nokiaresearch.com:4443/moq \
	-e TLS_DISABLE_VERIFY=false \
	ghcr.io/englishm/moq-interop-runner-moq-test-client-draft-18:latest
TAP version 14
# moq-test-client v0.1.6
# Relay: moqt://moqt.nokiaresearch.com:4443/moq
1..6
[2m2026-06-14T00:56:34.113155Z[0m [32m INFO[0m [2mmoq_native_ietf::quic[0m[2m:[0m UDP socket bound [3mbind[0m[2m=[0m[::]:0 [3mlocal[0m[2m=[0m[::]:50663 [3mdual_stack[0m[2m=[0mtrue
[2m2026-06-14T00:56:34.428852Z[0m [32m INFO[0m [2mmoq_test_client::scenarios[0m[2m:[0m SETUP exchange completed successfully
ok 1 - setup-only
  ---
  duration_ms: 316
  connection_id: 1a7c4f96b2ba90e9e3cdd764e2b35967
  ...
[2m2026-06-14T00:56:34.429681Z[0m [32m INFO[0m [2mmoq_native_ietf::quic[0m[2m:[0m UDP socket bound [3mbind[0m[2m=[0m[::]:0 [3mlocal[0m[2m=[0m[::]:50570 [3mdual_stack[0m[2m=[0mtrue
[2m2026-06-14T00:56:34.744839Z[0m [32m INFO[0m [2mmoq_test_client::scenarios[0m[2m:[0m Sending PUBLISH_NAMESPACE for: moq-test/interop
not ok 2 - publish-namespace-only
  ---
  duration_ms: 315
  message: "PUBLISH_NAMESPACE failed: too many requests"
  ...
[2m2026-06-14T00:56:34.745682Z[0m [32m INFO[0m [2mmoq_native_ietf::quic[0m[2m:[0m UDP socket bound [3mbind[0m[2m=[0m[::]:0 [3mlocal[0m[2m=[0m[::]:39815 [3mdual_stack[0m[2m=[0mtrue
[2m2026-06-14T00:56:35.062176Z[0m [32m INFO[0m [2mmoq_test_client::scenarios[0m[2m:[0m Subscribing to non-existent track: nonexistent/namespace/test-track
[2m2026-06-14T00:56:35.062212Z[0m [31mERROR[0m [2mmoq_transport::serve::error[0m[2m:[0m [888cb8bc-c37f-4e05-8675-aafb77f2594d] Internal error: request ID limit: too many requests at /build/moq-transport/src/session/subscriber.rs:191
[2m2026-06-14T00:56:35.062240Z[0m [33m WARN[0m [2mmoq_test_client::scenarios[0m[2m:[0m Got error but not clearly 'not found': internal error: Internal error [error:888cb8bc-c37f-4e05-8675-aafb77f2594d]. Relay may use different error text.
ok 3 - subscribe-error
  ---
  duration_ms: 317
  connection_id: 6d404cc48142f49d1b059b572daaef61
  ...
[2m2026-06-14T00:56:35.063070Z[0m [32m INFO[0m [2mmoq_native_ietf::quic[0m[2m:[0m UDP socket bound [3mbind[0m[2m=[0m[::]:0 [3mlocal[0m[2m=[0m[::]:53479 [3mdual_stack[0m[2m=[0mtrue
[2m2026-06-14T00:56:35.379419Z[0m [32m INFO[0m [2mmoq_native_ietf::quic[0m[2m:[0m UDP socket bound [3mbind[0m[2m=[0m[::]:0 [3mlocal[0m[2m=[0m[::]:58252 [3mdual_stack[0m[2m=[0mtrue
[2m2026-06-14T00:56:35.694011Z[0m [32m INFO[0m [2mmoq_test_client::scenarios[0m[2m:[0m Publisher sending PUBLISH_NAMESPACE: moq-test/interop
[2m2026-06-14T00:56:35.694029Z[0m [32m INFO[0m [2mmoq_test_client::scenarios[0m[2m:[0m Subscriber subscribing to track: moq-test/interop/test-track
not ok 4 - publish-namespace-subscribe
  ---
  duration_ms: 631
  message: "publisher PUBLISH_NAMESPACE failed: too many requests"
  ...
[2m2026-06-14T00:56:35.694875Z[0m [32m INFO[0m [2mmoq_native_ietf::quic[0m[2m:[0m UDP socket bound [3mbind[0m[2m=[0m[::]:0 [3mlocal[0m[2m=[0m[::]:39242 [3mdual_stack[0m[2m=[0mtrue
[2m2026-06-14T00:56:36.017059Z[0m [32m INFO[0m [2mmoq_test_client::scenarios[0m[2m:[0m Subscriber subscribing BEFORE PUBLISH_NAMESPACE: moq-test/interop/test-track
[2m2026-06-14T00:56:36.017151Z[0m [31mERROR[0m [2mmoq_transport::serve::error[0m[2m:[0m [ec617ea2-eb6e-40a4-9e3b-2b355126670b] Internal error: request ID limit: too many requests at /build/moq-transport/src/session/subscriber.rs:191
[2m2026-06-14T00:56:36.519689Z[0m [32m INFO[0m [2mmoq_native_ietf::quic[0m[2m:[0m UDP socket bound [3mbind[0m[2m=[0m[::]:0 [3mlocal[0m[2m=[0m[::]:34166 [3mdual_stack[0m[2m=[0mtrue
[2m2026-06-14T00:56:36.898659Z[0m [32m INFO[0m [2mmoq_test_client::scenarios[0m[2m:[0m Publisher sending PUBLISH_NAMESPACE (after subscriber): moq-test/interop
not ok 5 - subscribe-before-publish-namespace
  ---
  duration_ms: 1204
  message: "publisher PUBLISH_NAMESPACE failed: too many requests"
  ...
[2m2026-06-14T00:56:36.899441Z[0m [32m INFO[0m [2mmoq_native_ietf::quic[0m[2m:[0m UDP socket bound [3mbind[0m[2m=[0m[::]:0 [3mlocal[0m[2m=[0m[::]:47704 [3mdual_stack[0m[2m=[0mtrue
[2m2026-06-14T00:56:37.216825Z[0m [32m INFO[0m [2mmoq_test_client::scenarios[0m[2m:[0m Sending PUBLISH_NAMESPACE: moq-test/interop
not ok 6 - publish-namespace-done
  ---
  duration_ms: 318
  message: "PUBLISH_NAMESPACE failed: too many requests"
  ...
make[1]: *** [Makefile:121: test-external] Error 1
make[1]: Leaving directory '/home/runner/work/moq-interop-runner/moq-interop-runner/main'
