make[1]: Entering directory '/home/runner/work/moq-interop-runner/moq-interop-runner/main'
Running tests against https://draft-16-manish.cloudflare.mediaoverquic.com:443/moq...
  Client: ghcr.io/openmoq/moqx-interop-client:latest
docker run --rm \
	 \
	--network host \
	-e RELAY_URL=https://draft-16-manish.cloudflare.mediaoverquic.com:443/moq \
	-e TLS_DISABLE_VERIFY=false \
	ghcr.io/openmoq/moqx-interop-client:latest
TAP version 14
# moxygen interop test client
# Relay: https://draft-16-manish.cloudflare.mediaoverquic.com:443/moq
# Transport: WebTransport
1..6
E20260614 01:21:30.203974     1 HQSession.cpp:558] Connection closed with error err=Crypto error: certificate_expired msg=fizz::FizzVerificationException: certificate verification failed: certificate has expired proto=, client CID=, server CID=e168220d85deec34, local=<uninitialized address>, 34.68.101.111:443=upstream, drain=none
E0614 01:21:30.205024     1 MoQWebTransportClient.cpp:96] std::runtime_error: Crypto error: certificate_expired
not ok 1 - setup-only
  ---
  duration_ms: 67
  error: Crypto error: certificate_expired
  ...
E20260614 01:21:30.269186     1 HQSession.cpp:558] Connection closed with error err=Crypto error: certificate_expired msg=fizz::FizzVerificationException: certificate verification failed: certificate has expired proto=, client CID=, server CID=67b0e2077df7db84, local=<uninitialized address>, 34.68.101.111:443=upstream, drain=none
E0614 01:21:30.269330     1 MoQWebTransportClient.cpp:96] std::runtime_error: Crypto error: certificate_expired
not ok 2 - announce-only
  ---
  duration_ms: 64
  error: Crypto error: certificate_expired
  ...
E20260614 01:21:30.313300     1 HQSession.cpp:558] Connection closed with error err=Crypto error: certificate_expired msg=fizz::FizzVerificationException: certificate verification failed: certificate has expired proto=, client CID=, server CID=e9ee8aea9456f556, local=<uninitialized address>, 34.68.101.111:443=upstream, drain=none
E0614 01:21:30.313445     1 MoQWebTransportClient.cpp:96] std::runtime_error: Crypto error: certificate_expired
not ok 3 - subscribe-error
  ---
  duration_ms: 44
  error: Crypto error: certificate_expired
  ...
E20260614 01:21:30.362623     1 HQSession.cpp:558] Connection closed with error err=Crypto error: certificate_expired msg=fizz::FizzVerificationException: certificate verification failed: certificate has expired proto=, client CID=, server CID=df9124ef57e59ad1, local=<uninitialized address>, 34.68.101.111:443=upstream, drain=none
E0614 01:21:30.362772     1 MoQWebTransportClient.cpp:96] std::runtime_error: Crypto error: certificate_expired
not ok 4 - announce-subscribe
  ---
  duration_ms: 49
  error: Crypto error: certificate_expired
  ...
E20260614 01:21:30.404757     1 HQSession.cpp:558] Connection closed with error err=Crypto error: certificate_expired msg=fizz::FizzVerificationException: certificate verification failed: certificate has expired proto=, client CID=, server CID=fe4ff7785003f821, local=<uninitialized address>, 34.68.101.111:443=upstream, drain=none
E0614 01:21:30.404892     1 MoQWebTransportClient.cpp:96] std::runtime_error: Crypto error: certificate_expired
not ok 5 - publish-namespace-done
  ---
  duration_ms: 42
  error: Crypto error: certificate_expired
  ...
E20260614 01:21:30.446915     1 HQSession.cpp:558] Connection closed with error err=Crypto error: certificate_expired msg=fizz::FizzVerificationException: certificate verification failed: certificate has expired proto=, client CID=, server CID=1816f3074eefebe9, local=<uninitialized address>, 34.68.101.111:443=upstream, drain=none
E0614 01:21:30.447078     1 MoQWebTransportClient.cpp:96] std::runtime_error: Crypto error: certificate_expired
not ok 6 - subscribe-before-announce
  ---
  duration_ms: 42
  error: Crypto error: certificate_expired
  ...
make[1]: *** [Makefile:121: test-external] Error 1
make[1]: Leaving directory '/home/runner/work/moq-interop-runner/moq-interop-runner/main'
