make[1]: Entering directory '/home/runner/work/moq-interop-runner/moq-interop-runner/main'
Running tests against moqt://us-west-2.relay.quicr.org:33437...
  Client: ghcr.io/openmoq/moqx-interop-client:latest
docker run --rm \
	 \
	--network host \
	-e RELAY_URL=moqt://us-west-2.relay.quicr.org:33437 \
	-e TLS_DISABLE_VERIFY=1 \
	ghcr.io/openmoq/moqx-interop-client:latest
TAP version 14
# moxygen interop test client
# Relay: moqt://us-west-2.relay.quicr.org:33437
# Transport: QUIC
1..6
ok 1 - setup-only
  ---
  duration_ms: 172
  info: SETUP exchange completed successfully
  ...
W0614 01:20:22.278049     1 MoQSession.cpp:5099] Issuing request that will fail; nextRequestID_=0 peerMaxRequestID_=0 sess=0x5569bdb4ce10
E0614 01:20:22.360184     1 MoQRelaySession.cpp:873] PublishNamespaceDone for unknown publishNamespace, sess=0x5569bdb4ce10
ok 2 - announce-only
  ---
  duration_ms: 332
  info: PUBLISH_NAMESPACE completed successfully
  ...
W0614 01:20:22.623889     1 MoQSession.cpp:5099] Issuing request that will fail; nextRequestID_=0 peerMaxRequestID_=0 sess=0x5569bdb4bfc0
not ok 3 - subscribe-error
  ---
  duration_ms: 345
  error: Subscribe succeeded (relay accepted non-existent track)
  ...
W0614 01:20:22.912847     1 MoQSession.cpp:5099] Issuing request that will fail; nextRequestID_=0 peerMaxRequestID_=0 sess=0x5569bdad4cd0
W0614 01:20:23.165979     1 MoQSession.cpp:5099] Issuing request that will fail; nextRequestID_=0 peerMaxRequestID_=0 sess=0x5569bdb496e0
E0614 01:20:23.248079     1 MoQSession.cpp:5286] publishDone for invalid id=1 sess=0x5569bdad4cd0
ok 4 - announce-subscribe
  ---
  duration_ms: 541
  info: Publisher announced, subscriber subscribed successfully
  ...
W0614 01:20:23.416640     1 MoQSession.cpp:5099] Issuing request that will fail; nextRequestID_=0 peerMaxRequestID_=0 sess=0x5569bdb468a0
ok 5 - publish-namespace-done
  ---
  duration_ms: 250
  info: PUBLISH_NAMESPACE_OK received, PUBLISH_NAMESPACE_DONE sent
  ...
W0614 01:20:23.744874     1 MoQSession.cpp:5099] Issuing request that will fail; nextRequestID_=0 peerMaxRequestID_=0 sess=0x5569bdb468a0
W0614 01:20:24.417187     1 MoQSession.cpp:5099] Issuing request that will fail; nextRequestID_=0 peerMaxRequestID_=0 sess=0x5569bdb3a1d0
ok 6 - subscribe-before-announce
  ---
  duration_ms: 1001
  info: Subscribe succeeded after publisher announced (relay buffers pending subscriptions)
  ...
make[1]: *** [Makefile:121: test-external] Error 1
make[1]: Leaving directory '/home/runner/work/moq-interop-runner/moq-interop-runner/main'
