make[1]: Entering directory '/home/runner/work/moq-interop-runner/moq-interop-runner/main'
Running tests against https://lminiero.it:9000...
  Client: ghcr.io/facebookexperimental/moxygen-interop-client:latest-amd64
docker run --rm \
	 \
	--network host \
	-e RELAY_URL=https://lminiero.it:9000 \
	-e TLS_DISABLE_VERIFY=false \
	ghcr.io/facebookexperimental/moxygen-interop-client:latest-amd64
TAP version 14
# moxygen interop test client
# Relay: https://lminiero.it:9000
# Transport: WebTransport
1..6
E0614 01:23:02.154716     1 MoQWebTransportClient.cpp:148] std::runtime_error: Error setting up WebTransport: proxygen::HTTPException: ingress timeout, streamID=0, timeout=2000ms
not ok 1 - setup-only
  ---
  duration_ms: 2357
  error: Error setting up WebTransport: proxygen::HTTPException: ingress timeout, streamID=0, timeout=2000ms
  ...
E0614 01:23:04.472511     1 MoQWebTransportClient.cpp:148] std::runtime_error: Error setting up WebTransport: proxygen::HTTPException: ingress timeout, streamID=0, timeout=2000ms
not ok 2 - announce-only
  ---
  duration_ms: 2317
  error: Error setting up WebTransport: proxygen::HTTPException: ingress timeout, streamID=0, timeout=2000ms
  ...
not ok 3 - subscribe-error
  ---
  duration_ms: 2238
  error: Error setting up WebTransport: proxygen::HTTPException: ingress timeout, streamID=0, timeout=2000ms
  ...
E0614 01:23:06.711497     1 MoQWebTransportClient.cpp:148] std::runtime_error: Error setting up WebTransport: proxygen::HTTPException: ingress timeout, streamID=0, timeout=2000ms
not ok 4 - announce-subscribe
  ---
  duration_ms: 2135
  error: Error setting up WebTransport: proxygen::HTTPException: ingress timeout, streamID=0, timeout=2000ms
  ...
E0614 01:23:08.847190     1 MoQWebTransportClient.cpp:148] std::runtime_error: Error setting up WebTransport: proxygen::HTTPException: ingress timeout, streamID=0, timeout=2000ms
E0614 01:23:10.979709     1 MoQWebTransportClient.cpp:148] std::runtime_error: Error setting up WebTransport: proxygen::HTTPException: ingress timeout, streamID=0, timeout=2000ms
not ok 5 - publish-namespace-done
  ---
  duration_ms: 2132
  error: Error setting up WebTransport: proxygen::HTTPException: ingress timeout, streamID=0, timeout=2000ms
  ...
not ok 6 - subscribe-before-announce
  ---
  duration_ms: 2137
  error: Error setting up WebTransport: proxygen::HTTPException: ingress timeout, streamID=0, timeout=2000ms
  ...
E0614 01:23:13.117290     1 MoQWebTransportClient.cpp:148] std::runtime_error: Error setting up WebTransport: proxygen::HTTPException: ingress timeout, streamID=0, timeout=2000ms
E20260614 01:23:14.117926     1 EventHandler.cpp:90] EventBase: failed to register event handler for fd 9: No such file or directory
E20260614 01:23:14.118963     1 EventHandler.cpp:90] EventBase: failed to register event handler for fd 10: No such file or directory
E20260614 01:23:14.119055     1 EventHandler.cpp:90] EventBase: failed to register event handler for fd 11: No such file or directory
E20260614 01:23:14.119124     1 EventHandler.cpp:90] EventBase: failed to register event handler for fd 12: No such file or directory
E20260614 01:23:14.119179     1 EventHandler.cpp:90] EventBase: failed to register event handler for fd 13: No such file or directory
E20260614 01:23:14.119269     1 EventHandler.cpp:90] EventBase: failed to register event handler for fd 14: No such file or directory
make[1]: *** [Makefile:121: test-external] Error 1
make[1]: Leaving directory '/home/runner/work/moq-interop-runner/moq-interop-runner/main'
