make[1]: Entering directory '/home/runner/work/moq-interop-runner/moq-interop-runner/main'
Running tests against https://draft-16-manish.cloudflare.mediaoverquic.com:443/moq...
  Client: ghcr.io/englishm/moq-interop-runner-moq-test-client-draft-16:latest
docker run --rm \
	--network host \
	-e RELAY_URL=https://draft-16-manish.cloudflare.mediaoverquic.com:443/moq \
	-e TLS_DISABLE_VERIFY=false \
	ghcr.io/englishm/moq-interop-runner-moq-test-client-draft-16:latest
TAP version 14
# moq-test-client v0.1.0
# Relay: https://draft-16-manish.cloudflare.mediaoverquic.com/moq
1..6
ok 1 - setup-only
  ---
  duration_ms: 177
  connection_id: 38cf9353c7668274b2ac72708746c7fa
  ...
ok 2 - announce-only
  ---
  duration_ms: 2067
  connection_id: eee0fa15ee26b9c770ba4932b3b5d305
  ...
ok 3 - subscribe-error
  ---
  duration_ms: 83
  connection_id: 8ce98ac17dbba096e845fbe22fb1b93e
  ...
ok 4 - announce-subscribe
  ---
  duration_ms: 3146
  publisher_connection_id: b3c0a6cb1f5a7569ac8fbd29024ebb00
  subscriber_connection_id: ab046da5116ab8af54ebb7a42cc87fa3
  ...
ok 5 - subscribe-before-announce
  ---
  duration_ms: 3687
  subscriber_connection_id: 2966b9a7b8b6d3e6224130341da0808c
  publisher_connection_id: b5283c9b46dbb1d288eb6ef353a3535b
  ...
ok 6 - publish-namespace-done
  ---
  duration_ms: 2166
  connection_id: 8a0ef4843ad3086c564fe4995acc9411
  ...
make[1]: Leaving directory '/home/runner/work/moq-interop-runner/moq-interop-runner/main'
