make[1]: Entering directory '/home/runner/work/moq-interop-runner/moq-interop-runner/main'
Running tests against moqt://moqx-000.ci.openmoq.org:4433...
  Client: ghcr.io/englishm/moq-interop-runner-moq-test-client:latest
docker run --rm \
	--network host \
	-e RELAY_URL=moqt://moqx-000.ci.openmoq.org:4433 \
	-e TLS_DISABLE_VERIFY=false \
	ghcr.io/englishm/moq-interop-runner-moq-test-client:latest
TAP version 14
# moq-test-client v0.1.0
# Relay: moqt://moqx-000.ci.openmoq.org:4433
1..6
ok 1 - setup-only
  ---
  duration_ms: 25
  connection_id: 15211d67099d11b2e05a0122aa04cd35
  ...
ok 2 - announce-only
  ---
  duration_ms: 2041
  connection_id: 988d59518e5c75791b6da55da663e6f0
  ...
ok 3 - subscribe-error
  ---
  duration_ms: 11
  connection_id: 82df7964996a1ee5862d6efc8b391285
  ...
ok 4 - announce-subscribe
  ---
  duration_ms: 19
  publisher_connection_id: 560443c5dc6c84a27dc1521e3b7d8999
  subscriber_connection_id: ea4249e77662e602c4793a0f1321d675
  ...
ok 5 - subscribe-before-announce
  ---
  duration_ms: 3522
  subscriber_connection_id: cd2d080cc6c5f907870b5f7a70535fb1
  publisher_connection_id: ff69abfe7940fbf9fa5735794b30356d
  ...
ok 6 - publish-namespace-done
  ---
  duration_ms: 2120
  connection_id: b3c7af6554f4ffe528a56316a3be1668
  ...
make[1]: Leaving directory '/home/runner/work/moq-interop-runner/moq-interop-runner/main'
