make[1]: Entering directory '/home/runner/work/moq-interop-runner/moq-interop-runner/main'
Running tests against https://moqx-000.ci.openmoq.org:4433/moq-relay...
  Client: ghcr.io/englishm/moq-interop-runner-moq-test-client-draft-16:latest
docker run --rm \
	--network host \
	-e RELAY_URL=https://moqx-000.ci.openmoq.org:4433/moq-relay \
	-e TLS_DISABLE_VERIFY=false \
	ghcr.io/englishm/moq-interop-runner-moq-test-client-draft-16:latest
TAP version 14
# moq-test-client v0.1.0
# Relay: https://moqx-000.ci.openmoq.org:4433/moq-relay
1..6
ok 1 - setup-only
  ---
  duration_ms: 234
  connection_id: 32de36ab9d83f77a8f773f233393d65b
  ...
ok 2 - announce-only
  ---
  duration_ms: 2017
  connection_id: 7762f336e295c601d40226aec79690e6
  ...
ok 3 - subscribe-error
  ---
  duration_ms: 102
  connection_id: dc3d3e9ef31bdf0b972416e4b8eb3727
  ...
ok 4 - announce-subscribe
  ---
  duration_ms: 3131
  publisher_connection_id: 5481e9938b43ecc4d578ef1ebd8e9814
  subscriber_connection_id: a17ba1bb9ae79b40c243c8506b5dee90
  ...
ok 5 - subscribe-before-announce
  ---
  duration_ms: 4784
  subscriber_connection_id: 888502823bd44bd6399339c3881a443d
  publisher_connection_id: bc137513d6769a217fa32f43479cedaa
  ...
ok 6 - publish-namespace-done
  ---
  duration_ms: 2338
  connection_id: c33999ace87dff9eb5dcbab703e118ba
  ...
make[1]: Leaving directory '/home/runner/work/moq-interop-runner/moq-interop-runner/main'
