make[1]: Entering directory '/home/runner/work/moq-interop-runner/moq-interop-runner/main'
Running tests against moqt://draft-14.cloudflare.mediaoverquic.com:443...
  Client: ghcr.io/englishm/moq-interop-runner-moq-test-client:latest
docker run --rm \
	--network host \
	-e RELAY_URL=moqt://draft-14.cloudflare.mediaoverquic.com:443 \
	-e TLS_DISABLE_VERIFY=false \
	ghcr.io/englishm/moq-interop-runner-moq-test-client:latest
TAP version 14
# moq-test-client v0.1.0
# Relay: moqt://draft-14.cloudflare.mediaoverquic.com:443
1..6
ok 1 - setup-only
  ---
  duration_ms: 56
  connection_id: 0b3139f3d176bd8e100d1f20427ac75c
  ...
ok 2 - announce-only
  ---
  duration_ms: 2025
  connection_id: 5159224f60dc8bd781f7ef2d7cbd5f6c
  ...
ok 3 - subscribe-error
  ---
  duration_ms: 1166
  connection_id: 9b4545f88775a5874f7bfce2a4564d82
  ...
ok 4 - announce-subscribe
  ---
  duration_ms: 3033
  publisher_connection_id: 129288a9486c44a12b1bc95f1309aedd
  subscriber_connection_id: a7c74daa3ad8bd832e0062bb97f00533
  ...
ok 5 - subscribe-before-announce
  ---
  duration_ms: 3537
  subscriber_connection_id: da78bdbf76a0625571190807d3abee88
  publisher_connection_id: 0d962843e1e242f9739fb960cc5d9b90
  ...
ok 6 - publish-namespace-done
  ---
  duration_ms: 2113
  connection_id: a7c024e59578335388a8cd03b826a255
  ...
make[1]: Leaving directory '/home/runner/work/moq-interop-runner/moq-interop-runner/main'
