make[1]: Entering directory '/home/runner/work/moq-interop-runner/moq-interop-runner/main'
Running tests against moqt://lminiero.it:9000...
  Client: ghcr.io/englishm/moq-interop-runner-moq-test-client-draft-16:latest
docker run --rm \
	--network host \
	-e RELAY_URL=moqt://lminiero.it:9000 \
	-e TLS_DISABLE_VERIFY=false \
	ghcr.io/englishm/moq-interop-runner-moq-test-client-draft-16:latest
TAP version 14
# moq-test-client v0.1.0
# Relay: moqt://lminiero.it:9000
1..6
ok 1 - setup-only
  ---
  duration_ms: 618
  connection_id: d9d93d91398d40dbee13aa4d400c764f
  ...
ok 2 - announce-only
  ---
  duration_ms: 2601
  connection_id: 84d1a6fd4342c23a231c65b469c23b6d
  ...
ok 3 - subscribe-error
  ---
  duration_ms: 500
  connection_id: ef89fa7722e0824527598056ffc2eaea
  ...
ok 4 - announce-subscribe
  ---
  duration_ms: 3964
  publisher_connection_id: 91873422d630ae85456c253ea3909647
  subscriber_connection_id: b24ddd313f5b52c5b3770cd2cf69a559
  ...
ok 5 - subscribe-before-announce
  ---
  duration_ms: 5232
  subscriber_connection_id: fdda94650524ecda2b6750f229351f81
  publisher_connection_id: 773b678d44abe20b03d5863cc90794d3
  ...
ok 6 - publish-namespace-done
  ---
  duration_ms: 2467
  connection_id: cfc04633319f6e43ac04ad00a7a9b4a9
  ...
make[1]: Leaving directory '/home/runner/work/moq-interop-runner/moq-interop-runner/main'
