make[1]: Entering directory '/home/runner/work/moq-interop-runner/moq-interop-runner/main'
Running tests against moqt://fb.mvfst.net:9448...
  Client: ghcr.io/englishm/moq-interop-runner-moq-test-client-draft-16:latest
docker run --rm \
	--network host \
	-e RELAY_URL=moqt://fb.mvfst.net:9448 \
	-e TLS_DISABLE_VERIFY=1 \
	ghcr.io/englishm/moq-interop-runner-moq-test-client-draft-16:latest
TAP version 14
# moq-test-client v0.1.0
# Relay: moqt://fb.mvfst.net:9448
1..6
ok 1 - setup-only
  ---
  duration_ms: 37
  connection_id: 1c4d621feb05336c142011be61a3f93b
  ...
ok 2 - announce-only
  ---
  duration_ms: 2036
  connection_id: 65ae65fa70fb3f965d5bbc25c2e81d42
  ...
ok 3 - subscribe-error
  ---
  duration_ms: 72
  connection_id: 582b2eb9ff710013141c75fe65ac4524
  ...
ok 4 - announce-subscribe
  ---
  duration_ms: 101
  publisher_connection_id: a6f6d969b1a4fd71d77a3bcb9afc09fb
  subscriber_connection_id: 25cc766b8625c73e4aee65a44750c47b
  ...
ok 5 - subscribe-before-announce
  ---
  duration_ms: 3657
  subscriber_connection_id: eb3687fac458dad4e3d755022d86a111
  publisher_connection_id: 2d0d926463cb3f6d28c920170d87c2e5
  ...
ok 6 - publish-namespace-done
  ---
  duration_ms: 2141
  connection_id: 0afd127e4fbfba3166ec6af0a33d6e5f
  ...
make[1]: Leaving directory '/home/runner/work/moq-interop-runner/moq-interop-runner/main'
