make[1]: Entering directory '/home/runner/work/moq-interop-runner/moq-interop-runner/main'
Running tests against https://lminiero.it:9000...
  Client: ghcr.io/englishm/moq-interop-runner-moq-test-client:latest
docker run --rm \
	--network host \
	-e RELAY_URL=https://lminiero.it:9000 \
	-e TLS_DISABLE_VERIFY=1 \
	ghcr.io/englishm/moq-interop-runner-moq-test-client:latest
TAP version 14
# moq-test-client v0.1.0
# Relay: https://lminiero.it:9000/
1..6
ok 1 - setup-only
  ---
  duration_ms: 1022
  connection_id: ca28910fe4b2ab02d679eb8ed0f47000
  ...
ok 2 - announce-only
  ---
  duration_ms: 3014
  connection_id: 295ac7556a519dcade1c50360168a47d
  ...
ok 3 - subscribe-error
  ---
  duration_ms: 1161
  connection_id: 7d1521a10e1193549bc33105424acedf
  ...
ok 4 - announce-subscribe
  ---
  duration_ms: 5009
  publisher_connection_id: 8d1160e1f3a779344c2be43f0ca6440b
  subscriber_connection_id: 7d2544f2c44b51496793c0a5d384ff2e
  ...
ok 5 - subscribe-before-announce
  ---
  duration_ms: 5212
  subscriber_connection_id: 953de293332d72ac2674fe179857e906
  publisher_connection_id: 7ab35eeb5ce482552a842aca9480752a
  ...
ok 6 - publish-namespace-done
  ---
  duration_ms: 2796
  connection_id: 2f36f5c10083f0dd6b700af82f066ba1
  ...
make[1]: Leaving directory '/home/runner/work/moq-interop-runner/moq-interop-runner/main'
