make[1]: Entering directory '/home/runner/work/moq-interop-runner/moq-interop-runner/main'
Running tests against moqt://fb.mvfst.net:9448...
  Client: ghcr.io/englishm/moq-interop-runner-moq-test-client-draft-16:latest
docker run --rm \
	--network host \
	-e RELAY_URL=moqt://fb.mvfst.net:9448 \
	-e TLS_DISABLE_VERIFY=1 \
	ghcr.io/englishm/moq-interop-runner-moq-test-client-draft-16:latest
TAP version 14
# moq-test-client v0.1.0
# Relay: moqt://fb.mvfst.net:9448
1..6
ok 1 - setup-only
  ---
  duration_ms: 157
  connection_id: 605858d3fe49a7917f34f60c215e2696
  ...
ok 2 - announce-only
  ---
  duration_ms: 2038
  connection_id: 7dea656d5adb1d1419efd1fb1d290e0c
  ...
ok 3 - subscribe-error
  ---
  duration_ms: 50
  connection_id: dc92aa26c33b33ec326dc83e571d2e70
  ...
ok 4 - announce-subscribe
  ---
  duration_ms: 188
  publisher_connection_id: 4d176178d5a1f5fda1ba20c1daaa1060
  subscriber_connection_id: b91ec8d40f9ca2a56a375ff3cf9568a5
  ...
ok 5 - subscribe-before-announce
  ---
  duration_ms: 3581
  subscriber_connection_id: 18f66e3376941023e8dd95a7c1d9945c
  publisher_connection_id: 250eefe5a20a55f4af98d5961cbb1763
  ...
ok 6 - publish-namespace-done
  ---
  duration_ms: 2239
  connection_id: c91d47b10ae9418743f684342d75a88c
  ...
make[1]: Leaving directory '/home/runner/work/moq-interop-runner/moq-interop-runner/main'
