make[1]: Entering directory '/home/runner/work/moq-interop-runner/moq-interop-runner/main'
Running tests against https://fb.mvfst.net:9448/moq-relay...
  Client: ghcr.io/englishm/moq-interop-runner-moq-test-client:latest
docker run --rm \
	--network host \
	-e RELAY_URL=https://fb.mvfst.net:9448/moq-relay \
	-e TLS_DISABLE_VERIFY=1 \
	ghcr.io/englishm/moq-interop-runner-moq-test-client:latest
TAP version 14
# moq-test-client v0.1.0
# Relay: https://fb.mvfst.net:9448/moq-relay
1..6
ok 1 - setup-only
  ---
  duration_ms: 51
  connection_id: 2e5c57e5e7e727f01daaa8234701f4e7
  ...
ok 2 - announce-only
  ---
  duration_ms: 2059
  connection_id: 65fc54ca3732471835544c36bd671819
  ...
ok 3 - subscribe-error
  ---
  duration_ms: 67
  connection_id: ec6a4ae315584855a0f59031a01c9e8d
  ...
ok 4 - announce-subscribe
  ---
  duration_ms: 3105
  publisher_connection_id: 83a0561f658de4b820e4c18a5829877d
  subscriber_connection_id: 133ee0ba490cfc1e690c7b309906cafe
  ...
ok 5 - subscribe-before-announce
  ---
  duration_ms: 3664
  subscriber_connection_id: 93255222efc0793b9dbc3e8129b64ff5
  publisher_connection_id: 3041496dca4d597ea44b1bda7c00a70d
  ...
ok 6 - publish-namespace-done
  ---
  duration_ms: 2318
  connection_id: 199bdc098afb8ad48b7341b12ef64843
  ...
make[1]: Leaving directory '/home/runner/work/moq-interop-runner/moq-interop-runner/main'
