make[1]: Entering directory '/home/runner/work/moq-interop-runner/moq-interop-runner/main'
Running tests against https://relay.moqtail.dev...
  Client: ghcr.io/facebookexperimental/moxygen-interop-client:latest-amd64
docker run --rm \
	--network host \
	-e RELAY_URL=https://relay.moqtail.dev \
	-e TLS_DISABLE_VERIFY=false \
	ghcr.io/facebookexperimental/moxygen-interop-client:latest-amd64
TAP version 14
# moxygen interop test client
# Relay: https://relay.moqtail.dev
# Transport: WebTransport
1..6
W0228 00:34:34.066336     1 MoQWebTransportClient.cpp:180] WebTransport: No WT-Protocol header in response, will use legacy version negotiation
ok 1 - setup-only
  ---
  duration_ms: 393
  info: SETUP exchange completed successfully
  ...
E0228 00:34:34.175977     1 MoQSession.cpp:2559] proxygen::WebTransport::Exception: session terminated with error=386759528 id=4 sess=0x55b233c6ea70
E20260228 00:34:34.284888     1 HQSession.cpp:530] Connection closed with error err=1 msg=Client closed by peer reason=Error in control stream handler proto=h3, client CID=, server CID=86825d4a54481270, local=10.1.0.68:53370, 172.238.107.254:443=upstream, drain=done
W0228 00:34:34.490279     1 MoQWebTransportClient.cpp:180] WebTransport: No WT-Protocol header in response, will use legacy version negotiation
E0228 00:34:34.711054     1 MoQRelaySession.cpp:698] PublishNamespaceDone for unknown publishNamespace, sess=0x55b233c76d90
E0228 00:34:34.711236     1 MoQSession.cpp:2559] proxygen::WebTransport::Exception: session terminated with error=386759528 id=4 sess=0x55b233c76d90
ok 2 - announce-only
  ---
  duration_ms: 535
  info: PUBLISH_NAMESPACE completed successfully
  ...
W0228 00:34:34.936276     1 MoQWebTransportClient.cpp:180] WebTransport: No WT-Protocol header in response, will use legacy version negotiation
E0228 00:34:35.154654     1 MoQWebTransportClient.cpp:205] proxygen::HTTPException: Got error=ApplicationError: 3, Client closed by peer reason=Error in control stream handler
E20260228 00:34:35.154731     1 HQSession.cpp:530] Connection closed with error err=3 msg=Client closed by peer reason=Error in control stream handler proto=h3, client CID=, server CID=501885e20340e3c5, local=10.1.0.68:55301, 172.238.107.254:443=upstream, drain=done
E0228 00:34:35.154889     1 MoQSession.cpp:2559] proxygen::WebTransport::Exception: received invalid reset_stream with error=3 id=4 sess=0x55b233c91b90
ok 3 - subscribe-error
  ---
  duration_ms: 443
  info: Subscribe correctly returned error: Session closed
  ...
W0228 00:34:35.379696     1 MoQWebTransportClient.cpp:180] WebTransport: No WT-Protocol header in response, will use legacy version negotiation
W0228 00:34:35.850046     1 MoQWebTransportClient.cpp:180] WebTransport: No WT-Protocol header in response, will use legacy version negotiation
E0228 00:34:36.066052     1 MoQWebTransportClient.cpp:205] proxygen::HTTPException: Got error=ApplicationError: 3, Client closed by peer reason=Error in control stream handler
E20260228 00:34:36.066134     1 HQSession.cpp:530] Connection closed with error err=3 msg=Client closed by peer reason=Error in control stream handler proto=h3, client CID=, server CID=83676eb034518895, local=10.1.0.68:34842, 172.238.107.254:443=upstream, drain=done
E0228 00:34:36.066315     1 MoQSession.cpp:2559] proxygen::WebTransport::Exception: received invalid reset_stream with error=3 id=4 sess=0x55b233c9f440
E0228 00:34:36.066627     1 MoQSession.cpp:2559] proxygen::WebTransport::Exception: session terminated with error=386759528 id=4 sess=0x55b233c7f990
not ok 4 - announce-subscribe
  ---
  duration_ms: 911
  error: Subscribe failed: Session closed
  ...
W0228 00:34:36.291447     1 MoQWebTransportClient.cpp:180] WebTransport: No WT-Protocol header in response, will use legacy version negotiation
E0228 00:34:36.510903     1 MoQSession.cpp:2559] proxygen::WebTransport::Exception: session terminated with error=386759528 id=4 sess=0x55b233c77fb0
ok 5 - publish-namespace-done
  ---
  duration_ms: 444
  info: PUBLISH_NAMESPACE_OK received, PUBLISH_NAMESPACE_DONE sent
  ...
E20260228 00:34:36.619797     1 HQSession.cpp:530] Connection closed with error err=1 msg=Client closed by peer reason=Error in control stream handler proto=h3, client CID=, server CID=ad88766d45c41076, local=10.1.0.68:35280, 172.238.107.254:443=upstream, drain=done
W0228 00:34:36.736249     1 MoQWebTransportClient.cpp:180] WebTransport: No WT-Protocol header in response, will use legacy version negotiation
E0228 00:34:36.955160     1 MoQWebTransportClient.cpp:205] proxygen::HTTPException: Got error=ApplicationError: 3, Client closed by peer reason=Error in control stream handler
E20260228 00:34:36.955224     1 HQSession.cpp:530] Connection closed with error err=3 msg=Client closed by peer reason=Error in control stream handler proto=h3, client CID=, server CID=67ea04a81f2a61a1, local=10.1.0.68:51494, 172.238.107.254:443=upstream, drain=done
E0228 00:34:36.955412     1 MoQSession.cpp:2559] proxygen::WebTransport::Exception: received invalid reset_stream with error=3 id=4 sess=0x55b233c7b890
W0228 00:34:37.569778     1 MoQWebTransportClient.cpp:180] WebTransport: No WT-Protocol header in response, will use legacy version negotiation
E0228 00:34:37.787111     1 MoQSession.cpp:2559] proxygen::WebTransport::Exception: session terminated with error=386759528 id=4 sess=0x55b233c76d90
ok 6 - subscribe-before-announce
  ---
  duration_ms: 1276
  info: Subscribe returned error (relay doesn't buffer pending subscriptions): Session closed
  ...
E20260228 00:34:37.895051     1 HQSession.cpp:530] Connection closed with error err=1 msg=Client closed by peer reason=Error in control stream handler proto=h3, client CID=, server CID=338d090e5686937b, local=10.1.0.68:36680, 172.238.107.254:443=upstream, drain=done
make[1]: *** [Makefile:91: test-external] Error 1
make[1]: Leaving directory '/home/runner/work/moq-interop-runner/moq-interop-runner/main'
