make[1]: Entering directory '/home/runner/work/moq-interop-runner/moq-interop-runner/main'
Running tests against moqt://fb.mvfst.net:9448...
  Client: ghcr.io/eyevinn/mlmtest:latest
docker run --rm \
	 \
	--network host \
	-e RELAY_URL=moqt://fb.mvfst.net:9448 \
	-e TLS_DISABLE_VERIFY=1 \
	ghcr.io/eyevinn/mlmtest:latest
TAP version 14
# moqlivemock 0.11.0, date: 2026-06-04
# Relay: moqt://fb.mvfst.net:9448
# Draft: 16 (ALPN: moqt-16)
1..6
2026/06/05 01:13:06 failed to sufficiently increase receive buffer size (was: 1024 kiB, wanted: 7168 kiB, got: 2048 kiB). See https://github.com/quic-go/quic-go/wiki/UDP-Buffer-Sizes for details.
not ok 1 - setup-only
  ---
  error: QUIC dial: context deadline exceeded
  ...
not ok 2 - announce-only
  ---
  error: QUIC dial: context deadline exceeded
  ...
not ok 3 - publish-namespace-done
  ---
  error: QUIC dial: context deadline exceeded
  ...
not ok 4 - subscribe-error
  ---
  error: QUIC dial: context deadline exceeded
  ...
not ok 5 - announce-subscribe
  ---
  error: publisher: QUIC dial: context deadline exceeded
  ...
not ok 6 - subscribe-before-announce
  ---
  error: subscriber dial: QUIC dial: context deadline exceeded
  ...
make[1]: *** [Makefile:121: test-external] Error 1
make[1]: Leaving directory '/home/runner/work/moq-interop-runner/moq-interop-runner/main'
