make[1]: Entering directory '/home/runner/work/moq-interop-runner/moq-interop-runner/main'
Running tests against moqt://us-west-2.relay.quicr.org:33437...
  Client: ghcr.io/openmoq/moqx-interop-client:latest
docker run --rm \
	 \
	--network host \
	-e RELAY_URL=moqt://us-west-2.relay.quicr.org:33437 \
	-e TLS_DISABLE_VERIFY=1 \
	ghcr.io/openmoq/moqx-interop-client:latest
TAP version 14
# moxygen interop test client
# Relay: moqt://us-west-2.relay.quicr.org:33437
# Transport: QUIC
1..6
ok 1 - setup-only
  ---
  duration_ms: 393
  info: SETUP exchange completed successfully
  ...
W0605 01:15:01.326769     1 MoQSession.cpp:5013] Issuing request that will fail; nextRequestID_=0 peerMaxRequestID_=0 sess=0x555833d35a80
E0605 01:15:01.407363     1 MoQRelaySession.cpp:864] PublishNamespaceDone for unknown publishNamespace, sess=0x555833d35a80
ok 2 - announce-only
  ---
  duration_ms: 251
  info: PUBLISH_NAMESPACE completed successfully
  ...
W0605 01:15:01.772874     1 MoQSession.cpp:5013] Issuing request that will fail; nextRequestID_=0 peerMaxRequestID_=0 sess=0x555833d44870
not ok 3 - subscribe-error
  ---
  duration_ms: 445
  error: Subscribe succeeded (relay accepted non-existent track)
  ...
W0605 01:15:02.257761     1 MoQSession.cpp:5013] Issuing request that will fail; nextRequestID_=0 peerMaxRequestID_=0 sess=0x555833d0a850
W0605 01:15:02.671322     1 MoQSession.cpp:5013] Issuing request that will fail; nextRequestID_=0 peerMaxRequestID_=0 sess=0x555833d10f70
ok 4 - announce-subscribe
  ---
  duration_ms: 897
  info: Publisher announced, subscriber subscribed successfully
  ...
W0605 01:15:02.917397     1 MoQSession.cpp:5013] Issuing request that will fail; nextRequestID_=0 peerMaxRequestID_=0 sess=0x555833d46f20
ok 5 - publish-namespace-done
  ---
  duration_ms: 247
  info: PUBLISH_NAMESPACE_OK received, PUBLISH_NAMESPACE_DONE sent
  ...
W0605 01:15:03.367709     1 MoQSession.cpp:5013] Issuing request that will fail; nextRequestID_=0 peerMaxRequestID_=0 sess=0x555833d464b0
W0605 01:15:04.042181     1 MoQSession.cpp:5013] Issuing request that will fail; nextRequestID_=0 peerMaxRequestID_=0 sess=0x555833d3eea0
ok 6 - subscribe-before-announce
  ---
  duration_ms: 1125
  info: Subscribe succeeded after publisher announced (relay buffers pending subscriptions)
  ...
make[1]: *** [Makefile:121: test-external] Error 1
make[1]: Leaving directory '/home/runner/work/moq-interop-runner/moq-interop-runner/main'
