make[1]: Entering directory '/home/runner/work/moq-interop-runner/moq-interop-runner/main'
Running tests against moqt://draft-14.cloudflare.mediaoverquic.com:443...
  Client: ghcr.io/englishm/moq-interop-runner-xquic-moq-client:latest
docker run --rm \
	 \
	--network host \
	-e RELAY_URL=moqt://draft-14.cloudflare.mediaoverquic.com:443 \
	-e TLS_DISABLE_VERIFY=false \
	ghcr.io/englishm/moq-interop-runner-xquic-moq-client:latest
TAP version 14
# xquic-moq-interop-client v0.1.0
# Relay: moqt://162.159.207.5:443 (sni=draft-14.cloudflare.mediaoverquic.com)
1..6
xqc_app_write_log fd err
xqc_app_write_log fd err
xqc_app_write_log fd err
ok 1 - setup-only
  ---
  duration_ms: 264
  ...
xqc_app_write_log fd err
xqc_app_write_log fd err
xqc_app_write_log fd err
ok 2 - announce-only
  ---
  duration_ms: 3132
  ...
xqc_app_write_log fd err
xqc_app_write_log fd err
xqc_app_write_log fd err
not ok 3 - subscribe-error
  ---
  duration_ms: 4205
  message: "timeout: no SUBSCRIBE_ERROR received"
  received: timeout
  ...
xqc_app_write_log fd err
xqc_app_write_log fd err
xqc_app_write_log fd err
xqc_app_write_log fd err
xqc_app_write_log fd err
xqc_app_write_log fd err
ok 4 - announce-subscribe
  ---
  duration_ms: 388
  ...
xqc_app_write_log fd err
xqc_app_write_log fd err
xqc_app_write_log fd err
xqc_app_write_log fd err
xqc_app_write_log fd err
xqc_app_write_log fd err
not ok 5 - subscribe-before-announce
  ---
  duration_ms: 20279
  message: "test timed out: deadline has elapsed"
  ...
xqc_app_write_log fd err
xqc_app_write_log fd err
xqc_app_write_log fd err
ok 6 - publish-namespace-done
  ---
  duration_ms: 3219
  ...
make[1]: *** [Makefile:121: test-external] Error 1
make[1]: Leaving directory '/home/runner/work/moq-interop-runner/moq-interop-runner/main'
