make[1]: Entering directory '/home/runner/work/moq-interop-runner/moq-interop-runner/main'
Running tests against moqt://us-west-2.relay.quicr.org:33437...
  Client: ghcr.io/englishm/moq-interop-runner-xquic-moq-client:latest
docker run --rm \
	 \
	--network host \
	-e RELAY_URL=moqt://us-west-2.relay.quicr.org:33437 \
	-e TLS_DISABLE_VERIFY=1 \
	ghcr.io/englishm/moq-interop-runner-xquic-moq-client:latest
TAP version 14
# xquic-moq-interop-client v0.1.0
# Relay: moqt://35.95.73.240:33437 (sni=us-west-2.relay.quicr.org)
1..6
xqc_app_write_log fd err
xqc_app_write_log fd err
xqc_app_write_log fd err
not ok 1 - setup-only
  ---
  duration_ms: 2408
  message: "connection error: 376"
  ...
xqc_app_write_log fd err
xqc_app_write_log fd err
xqc_app_write_log fd err
not ok 2 - announce-only
  ---
  duration_ms: 2407
  message: "connection error: 376"
  ...
xqc_app_write_log fd err
xqc_app_write_log fd err
xqc_app_write_log fd err
not ok 3 - subscribe-error
  ---
  duration_ms: 2408
  message: "connection closed without SUBSCRIBE_ERROR (err=376)"
  ...
xqc_app_write_log fd err
xqc_app_write_log fd err
xqc_app_write_log fd err
xqc_app_write_log fd err
xqc_app_write_log fd err
xqc_app_write_log fd err
not ok 4 - announce-subscribe
  ---
  duration_ms: 2408
  message: "connection error: 376"
  ...
xqc_app_write_log fd err
xqc_app_write_log fd err
xqc_app_write_log fd err
xqc_app_write_log fd err
xqc_app_write_log fd err
xqc_app_write_log fd err
not ok 5 - subscribe-before-announce
  ---
  duration_ms: 2407
  message: "connection error: 376"
  ...
xqc_app_write_log fd err
xqc_app_write_log fd err
xqc_app_write_log fd err
not ok 6 - publish-namespace-done
  ---
  duration_ms: 2408
  message: "connection error: 376"
  ...
make[1]: *** [Makefile:121: test-external] Error 1
make[1]: Leaving directory '/home/runner/work/moq-interop-runner/moq-interop-runner/main'
