make[1]: Entering directory '/home/runner/work/moq-interop-runner/moq-interop-runner/main'
Running tests against https://draft-14.cloudflare.mediaoverquic.com:443/moq...
  Client: ghcr.io/englishm/moq-interop-runner-moq-test-client:latest
docker run --rm \
	 \
	--network host \
	-e RELAY_URL=https://draft-14.cloudflare.mediaoverquic.com:443/moq \
	-e TLS_DISABLE_VERIFY=false \
	ghcr.io/englishm/moq-interop-runner-moq-test-client:latest
TAP version 14
# moq-test-client v0.1.0
# Relay: https://draft-14.cloudflare.mediaoverquic.com/moq
1..6
ok 1 - setup-only
  ---
  duration_ms: 55
  connection_id: 5bdf98bfae57f85f8ae0e505ccc91261
  ...
ok 2 - announce-only
  ---
  duration_ms: 2066
  connection_id: a6954bef5ed3a2fa82b0e3c91830bef9
  ...
ok 3 - subscribe-error
  ---
  duration_ms: 305
  connection_id: f495775e393b75a7ae90389e4d271ff9
  ...
ok 4 - announce-subscribe
  ---
  duration_ms: 205
  publisher_connection_id: cdf5043cd5774c06c2e7e8f385770576
  subscriber_connection_id: d233fd2687148e4b2d05a726005b442e
  ...
ok 5 - subscribe-before-announce
  ---
  duration_ms: 3617
  subscriber_connection_id: 229d69a3fe0aea0f3fc56bbff0775d03
  publisher_connection_id: 811d8d52bafa5f15d27f0c24ade338aa
  ...
ok 6 - publish-namespace-done
  ---
  duration_ms: 2173
  connection_id: d765dc580f0200f146742c7e0280fa2e
  ...
make[1]: Leaving directory '/home/runner/work/moq-interop-runner/moq-interop-runner/main'
