make[1]: Entering directory '/home/runner/work/moq-interop-runner/moq-interop-runner/main'
Running tests against moqt://lminiero.it:9000...
  Client: ghcr.io/englishm/moq-interop-runner-moq-test-client-draft-18:latest
docker run --rm \
	 \
	--network host \
	-e RELAY_URL=moqt://lminiero.it:9000 \
	-e TLS_DISABLE_VERIFY=false \
	ghcr.io/englishm/moq-interop-runner-moq-test-client-draft-18:latest
TAP version 14
# moq-test-client v0.1.6
# Relay: moqt://lminiero.it:9000
1..6
[2m2026-06-15T00:58:02.155910Z[0m [32m INFO[0m [2mmoq_native_ietf::quic[0m[2m:[0m UDP socket bound [3mbind[0m[2m=[0m[::]:0 [3mlocal[0m[2m=[0m[::]:41266 [3mdual_stack[0m[2m=[0mtrue
[2m2026-06-15T00:58:02.434753Z[0m [32m INFO[0m [2mmoq_test_client::scenarios[0m[2m:[0m SETUP exchange completed successfully
ok 1 - setup-only
  ---
  duration_ms: 279
  connection_id: deb1f7cdd4e1071dcf0d76fbc30f06fb
  ...
[2m2026-06-15T00:58:02.435484Z[0m [32m INFO[0m [2mmoq_native_ietf::quic[0m[2m:[0m UDP socket bound [3mbind[0m[2m=[0m[::]:0 [3mlocal[0m[2m=[0m[::]:53509 [3mdual_stack[0m[2m=[0mtrue
[2m2026-06-15T00:58:02.707136Z[0m [32m INFO[0m [2mmoq_test_client::scenarios[0m[2m:[0m Sending PUBLISH_NAMESPACE for: moq-test/interop
not ok 2 - publish-namespace-only
  ---
  duration_ms: 272
  message: "PUBLISH_NAMESPACE failed: too many requests"
  ...
[2m2026-06-15T00:58:02.707870Z[0m [32m INFO[0m [2mmoq_native_ietf::quic[0m[2m:[0m UDP socket bound [3mbind[0m[2m=[0m[::]:0 [3mlocal[0m[2m=[0m[::]:49906 [3mdual_stack[0m[2m=[0mtrue
[2m2026-06-15T00:58:03.223003Z[0m [32m INFO[0m [2mmoq_test_client::scenarios[0m[2m:[0m Subscribing to non-existent track: nonexistent/namespace/test-track
[2m2026-06-15T00:58:03.223070Z[0m [31mERROR[0m [2mmoq_transport::serve::error[0m[2m:[0m [ca7fc207-25f2-4368-a1af-3814a30b4f34] Internal error: request ID limit: too many requests at /build/moq-transport/src/session/subscriber.rs:191
[2m2026-06-15T00:58:03.223096Z[0m [33m WARN[0m [2mmoq_test_client::scenarios[0m[2m:[0m Got error but not clearly 'not found': internal error: Internal error [error:ca7fc207-25f2-4368-a1af-3814a30b4f34]. Relay may use different error text.
ok 3 - subscribe-error
  ---
  duration_ms: 515
  connection_id: 870a034ea6c35e59b75af5d828801a3b
  ...
[2m2026-06-15T00:58:03.223846Z[0m [32m INFO[0m [2mmoq_native_ietf::quic[0m[2m:[0m UDP socket bound [3mbind[0m[2m=[0m[::]:0 [3mlocal[0m[2m=[0m[::]:36419 [3mdual_stack[0m[2m=[0mtrue
[2m2026-06-15T00:58:03.500161Z[0m [32m INFO[0m [2mmoq_native_ietf::quic[0m[2m:[0m UDP socket bound [3mbind[0m[2m=[0m[::]:0 [3mlocal[0m[2m=[0m[::]:37966 [3mdual_stack[0m[2m=[0mtrue
[2m2026-06-15T00:58:03.767272Z[0m [32m INFO[0m [2mmoq_test_client::scenarios[0m[2m:[0m Publisher sending PUBLISH_NAMESPACE: moq-test/interop
[2m2026-06-15T00:58:03.767296Z[0m [32m INFO[0m [2mmoq_test_client::scenarios[0m[2m:[0m Subscriber subscribing to track: moq-test/interop/test-track
not ok 4 - publish-namespace-subscribe
  ---
  duration_ms: 544
  message: "publisher PUBLISH_NAMESPACE failed: too many requests"
  ...
[2m2026-06-15T00:58:03.768042Z[0m [32m INFO[0m [2mmoq_native_ietf::quic[0m[2m:[0m UDP socket bound [3mbind[0m[2m=[0m[::]:0 [3mlocal[0m[2m=[0m[::]:48892 [3mdual_stack[0m[2m=[0mtrue
[2m2026-06-15T00:58:04.267798Z[0m [32m INFO[0m [2mmoq_test_client::scenarios[0m[2m:[0m Subscriber subscribing BEFORE PUBLISH_NAMESPACE: moq-test/interop/test-track
[2m2026-06-15T00:58:04.267906Z[0m [31mERROR[0m [2mmoq_transport::serve::error[0m[2m:[0m [ee8d07ac-a657-4b50-9890-8250b1050b23] Internal error: request ID limit: too many requests at /build/moq-transport/src/session/subscriber.rs:191
[2m2026-06-15T00:58:04.768952Z[0m [32m INFO[0m [2mmoq_native_ietf::quic[0m[2m:[0m UDP socket bound [3mbind[0m[2m=[0m[::]:0 [3mlocal[0m[2m=[0m[::]:50263 [3mdual_stack[0m[2m=[0mtrue
[2m2026-06-15T00:58:05.310137Z[0m [32m INFO[0m [2mmoq_test_client::scenarios[0m[2m:[0m Publisher sending PUBLISH_NAMESPACE (after subscriber): moq-test/interop
not ok 5 - subscribe-before-publish-namespace
  ---
  duration_ms: 1542
  message: "publisher PUBLISH_NAMESPACE failed: too many requests"
  ...
[2m2026-06-15T00:58:05.311140Z[0m [32m INFO[0m [2mmoq_native_ietf::quic[0m[2m:[0m UDP socket bound [3mbind[0m[2m=[0m[::]:0 [3mlocal[0m[2m=[0m[::]:36322 [3mdual_stack[0m[2m=[0mtrue
[2m2026-06-15T00:58:05.849665Z[0m [32m INFO[0m [2mmoq_test_client::scenarios[0m[2m:[0m Sending PUBLISH_NAMESPACE: moq-test/interop
not ok 6 - publish-namespace-done
  ---
  duration_ms: 539
  message: "PUBLISH_NAMESPACE failed: too many requests"
  ...
make[1]: *** [Makefile:121: test-external] Error 1
make[1]: Leaving directory '/home/runner/work/moq-interop-runner/moq-interop-runner/main'
