make[1]: Entering directory '/home/runner/work/moq-interop-runner/moq-interop-runner/main'
Running tests against moqt://moqx-main.ci.openmoq.org:4433...
  Client: ghcr.io/englishm/moq-interop-runner-moq-test-client-draft-16:latest
docker run --rm \
	 \
	--network host \
	-e RELAY_URL=moqt://moqx-main.ci.openmoq.org:4433 \
	-e TLS_DISABLE_VERIFY=false \
	ghcr.io/englishm/moq-interop-runner-moq-test-client-draft-16:latest
TAP version 14
# moq-test-client v0.1.0
# Relay: moqt://moqx-main.ci.openmoq.org:4433
1..6
ok 1 - setup-only
  ---
  duration_ms: 146
  connection_id: 177f906d50270997cd762c9b682f81b0
  ...
ok 2 - announce-only
  ---
  duration_ms: 2119
  connection_id: 13cc64e1ea16f9232d44c824eacc6c32
  ...
ok 3 - subscribe-error
  ---
  duration_ms: 125
  connection_id: 411bff3177badbef7c3c1447aec7e192
  ...
not ok 4 - announce-subscribe
  ---
  duration_ms: 164
  message: "publisher session error: webtransport error: session error: connection error: closed by peer: 3: session error: connection error: closed by peer: 3: connection error: closed by peer: 3"
  ...
ok 5 - subscribe-before-announce
  ---
  duration_ms: 3668
  subscriber_connection_id: 947634fa0e291c1b973af03a082d406c
  publisher_connection_id: 6e04d1bae6f4062286ec79efd5edb29f
  ...
ok 6 - publish-namespace-done
  ---
  duration_ms: 2160
  connection_id: 3e21fffc54a5db51491be877a190239c
  ...
make[1]: *** [Makefile:121: test-external] Error 1
make[1]: Leaving directory '/home/runner/work/moq-interop-runner/moq-interop-runner/main'
