make[1]: Entering directory '/home/runner/work/moq-interop-runner/moq-interop-runner/main'
Running tests against moqt://fb.mvfst.net:9448...
  Client: ghcr.io/englishm/moq-interop-runner-moq-test-client-draft-16:latest
docker run --rm \
	 \
	--network host \
	-e RELAY_URL=moqt://fb.mvfst.net:9448 \
	-e TLS_DISABLE_VERIFY=1 \
	ghcr.io/englishm/moq-interop-runner-moq-test-client-draft-16:latest
TAP version 14
# moq-test-client v0.1.0
# Relay: moqt://fb.mvfst.net:9448
1..6
ok 1 - setup-only
  ---
  duration_ms: 73
  connection_id: 4121db873ddfbb8225d1632dfb5686f7
  ...
ok 2 - announce-only
  ---
  duration_ms: 2107
  connection_id: 619a940be2e3514b339184d2c43e0a9b
  ...
ok 3 - subscribe-error
  ---
  duration_ms: 238
  connection_id: 8bf7975f903cd40bd67c9a4c07a1fd75
  ...
ok 4 - announce-subscribe
  ---
  duration_ms: 208
  publisher_connection_id: 274d101383688de2b3dce53e139c7b2f
  subscriber_connection_id: 457cb7f7bdc83efd87f021d392eb6760
  ...
ok 5 - subscribe-before-announce
  ---
  duration_ms: 3738
  subscriber_connection_id: 15d9e7ff658c5c9ad9b48cd58e52cb3c
  publisher_connection_id: e8a97e20912a6c7d68fc501bdb83396d
  ...
ok 6 - publish-namespace-done
  ---
  duration_ms: 2172
  connection_id: f25b5c05465301830514ef3008964e89
  ...
make[1]: Leaving directory '/home/runner/work/moq-interop-runner/moq-interop-runner/main'
