make[1]: Entering directory '/home/runner/work/moq-interop-runner/moq-interop-runner/main'
Running tests against https://us-west-2.relay.quicr.org:33437/relay...
  Client: ghcr.io/openmoq/moqx-interop-client:latest
docker run --rm \
	 \
	--network host \
	-e RELAY_URL=https://us-west-2.relay.quicr.org:33437/relay \
	-e TLS_DISABLE_VERIFY=1 \
	ghcr.io/openmoq/moqx-interop-client:latest
TAP version 14
# moxygen interop test client
# Relay: https://us-west-2.relay.quicr.org:33437/relay
# Transport: WebTransport
1..6
W0615 01:25:14.884456     1 MoQWebTransportClient.cpp:176] WebTransport: No WT-Protocol header in response, will use legacy version negotiation
E0615 01:25:14.936852     1 MoQFramer.cpp:1054] Server selected version draft-1 but we only offer draft-14 in legacy mode
E0615 01:25:14.936877     1 MoQCodec.cpp:126] Conn error=21
E0615 01:25:14.936880     1 MoQSession.cpp:5137] MoQCodec control stream parse error err=21
not ok 1 - setup-only
  ---
  duration_ms: 252
  error: coroutine operation cancelled
  ...
W0615 01:25:15.045850     1 MoQWebTransportClient.cpp:176] WebTransport: No WT-Protocol header in response, will use legacy version negotiation
E0615 01:25:15.098845     1 MoQFramer.cpp:1054] Server selected version draft-1 but we only offer draft-14 in legacy mode
E0615 01:25:15.098881     1 MoQCodec.cpp:126] Conn error=21
E0615 01:25:15.098885     1 MoQSession.cpp:5137] MoQCodec control stream parse error err=21
not ok 2 - announce-only
  ---
  duration_ms: 161
  error: coroutine operation cancelled
  ...
W0615 01:25:15.305494     1 MoQWebTransportClient.cpp:176] WebTransport: No WT-Protocol header in response, will use legacy version negotiation
E0615 01:25:15.358621     1 MoQFramer.cpp:1054] Server selected version draft-1 but we only offer draft-14 in legacy mode
E0615 01:25:15.358660     1 MoQCodec.cpp:126] Conn error=21
E0615 01:25:15.358663     1 MoQSession.cpp:5137] MoQCodec control stream parse error err=21
not ok 3 - subscribe-error
  ---
  duration_ms: 259
  error: coroutine operation cancelled
  ...
W0615 01:25:15.553706     1 MoQWebTransportClient.cpp:176] WebTransport: No WT-Protocol header in response, will use legacy version negotiation
E0615 01:25:15.606682     1 MoQFramer.cpp:1054] Server selected version draft-1 but we only offer draft-14 in legacy mode
E0615 01:25:15.606719     1 MoQCodec.cpp:126] Conn error=21
E0615 01:25:15.606723     1 MoQSession.cpp:5137] MoQCodec control stream parse error err=21
not ok 4 - announce-subscribe
  ---
  duration_ms: 247
  error: coroutine operation cancelled
  ...
W0615 01:25:15.718739     1 MoQWebTransportClient.cpp:176] WebTransport: No WT-Protocol header in response, will use legacy version negotiation
E0615 01:25:15.771932     1 MoQFramer.cpp:1054] Server selected version draft-1 but we only offer draft-14 in legacy mode
E0615 01:25:15.771968     1 MoQCodec.cpp:126] Conn error=21
E0615 01:25:15.771972     1 MoQSession.cpp:5137] MoQCodec control stream parse error err=21
not ok 5 - publish-namespace-done
  ---
  duration_ms: 165
  error: coroutine operation cancelled
  ...
W0615 01:25:15.945776     1 MoQWebTransportClient.cpp:176] WebTransport: No WT-Protocol header in response, will use legacy version negotiation
E0615 01:25:15.998718     1 MoQFramer.cpp:1054] Server selected version draft-1 but we only offer draft-14 in legacy mode
E0615 01:25:15.998745     1 MoQCodec.cpp:126] Conn error=21
E0615 01:25:15.998748     1 MoQSession.cpp:5137] MoQCodec control stream parse error err=21
not ok 6 - subscribe-before-announce
  ---
  duration_ms: 226
  error: coroutine operation cancelled
  ...
make[1]: *** [Makefile:121: test-external] Error 1
make[1]: Leaving directory '/home/runner/work/moq-interop-runner/moq-interop-runner/main'
