make[1]: Entering directory '/home/runner/work/moq-interop-runner/moq-interop-runner/main'
Running tests against moqt://us-west-2.relay.quicr.org:33437...
  Client: ghcr.io/openmoq/moqx-interop-client:latest
docker run --rm \
	 \
	--network host \
	-e RELAY_URL=moqt://us-west-2.relay.quicr.org:33437 \
	-e TLS_DISABLE_VERIFY=1 \
	ghcr.io/openmoq/moqx-interop-client:latest
TAP version 14
# moxygen interop test client
# Relay: moqt://us-west-2.relay.quicr.org:33437
# Transport: QUIC
1..6
ok 1 - setup-only
  ---
  duration_ms: 203
  info: SETUP exchange completed successfully
  ...
W0615 01:25:17.671052     1 MoQSession.cpp:5347] Issuing request that will fail; nextRequestID_=0 peerMaxRequestID_=0 sess=0x563bebac2410
E0615 01:25:17.723923     1 MoQRelaySession.cpp:879] PublishNamespaceDone for unknown publishNamespace, sess=0x563bebac2410
ok 2 - announce-only
  ---
  duration_ms: 279
  info: PUBLISH_NAMESPACE completed successfully
  ...
W0615 01:25:17.928683     1 MoQSession.cpp:5347] Issuing request that will fail; nextRequestID_=0 peerMaxRequestID_=0 sess=0x563bebac11a0
not ok 3 - subscribe-error
  ---
  duration_ms: 257
  error: Subscribe succeeded (relay accepted non-existent track)
  ...
W0615 01:25:18.184223     1 MoQSession.cpp:5347] Issuing request that will fail; nextRequestID_=0 peerMaxRequestID_=0 sess=0x563bebabec40
W0615 01:25:18.520972     1 MoQSession.cpp:5347] Issuing request that will fail; nextRequestID_=0 peerMaxRequestID_=0 sess=0x563beba95f00
E0615 01:25:18.573408     1 MoQSession.cpp:5573] publishDone for invalid id=1 sess=0x563bebabec40
ok 4 - announce-subscribe
  ---
  duration_ms: 591
  info: Publisher announced, subscriber subscribed successfully
  ...
W0615 01:25:18.869605     1 MoQSession.cpp:5347] Issuing request that will fail; nextRequestID_=0 peerMaxRequestID_=0 sess=0x563bebad4940
ok 5 - publish-namespace-done
  ---
  duration_ms: 348
  info: PUBLISH_NAMESPACE_OK received, PUBLISH_NAMESPACE_DONE sent
  ...
W0615 01:25:19.038927     1 MoQSession.cpp:5347] Issuing request that will fail; nextRequestID_=0 peerMaxRequestID_=0 sess=0x563bebad3f30
W0615 01:25:19.653510     1 MoQSession.cpp:5347] Issuing request that will fail; nextRequestID_=0 peerMaxRequestID_=0 sess=0x563bebacb250
ok 6 - subscribe-before-announce
  ---
  duration_ms: 784
  info: Subscribe succeeded after publisher announced (relay buffers pending subscriptions)
  ...
make[1]: *** [Makefile:121: test-external] Error 1
make[1]: Leaving directory '/home/runner/work/moq-interop-runner/moq-interop-runner/main'
