make[1]: Entering directory '/home/runner/work/moq-interop-runner/moq-interop-runner/main'
Running tests against https://lminiero.it:9000...
  Client: ghcr.io/openmoq/moqx-interop-client:latest
docker run --rm \
	 \
	--network host \
	-e RELAY_URL=https://lminiero.it:9000 \
	-e TLS_DISABLE_VERIFY=false \
	ghcr.io/openmoq/moqx-interop-client:latest
TAP version 14
# moxygen interop test client
# Relay: https://lminiero.it:9000
# Transport: WebTransport
1..6
E0615 01:24:46.721546     1 MoQWebTransportClient.cpp:148] std::runtime_error: Error setting up WebTransport: proxygen::HTTPException: ingress timeout, streamID=0, timeout=2000ms
not ok 1 - setup-only
  ---
  duration_ms: 2658
  error: Error setting up WebTransport: proxygen::HTTPException: ingress timeout, streamID=0, timeout=2000ms
  ...
E0615 01:24:49.135461     1 MoQWebTransportClient.cpp:148] std::runtime_error: Error setting up WebTransport: proxygen::HTTPException: ingress timeout, streamID=0, timeout=2000ms
not ok 2 - announce-only
  ---
  duration_ms: 2413
  error: Error setting up WebTransport: proxygen::HTTPException: ingress timeout, streamID=0, timeout=2000ms
  ...
E0615 01:24:51.537418     1 MoQWebTransportClient.cpp:148] std::runtime_error: Error setting up WebTransport: proxygen::HTTPException: ingress timeout, streamID=0, timeout=2000ms
not ok 3 - subscribe-error
  ---
  duration_ms: 2401
  error: Error setting up WebTransport: proxygen::HTTPException: ingress timeout, streamID=0, timeout=2000ms
  ...
E0615 01:24:53.936781     1 MoQWebTransportClient.cpp:148] std::runtime_error: Error setting up WebTransport: proxygen::HTTPException: ingress timeout, streamID=0, timeout=2000ms
not ok 4 - announce-subscribe
  ---
  duration_ms: 2399
  error: Error setting up WebTransport: proxygen::HTTPException: ingress timeout, streamID=0, timeout=2000ms
  ...
E0615 01:24:56.360064     1 MoQWebTransportClient.cpp:148] std::runtime_error: Error setting up WebTransport: proxygen::HTTPException: ingress timeout, streamID=0, timeout=2000ms
not ok 5 - publish-namespace-done
  ---
  duration_ms: 2423
  error: Error setting up WebTransport: proxygen::HTTPException: ingress timeout, streamID=0, timeout=2000ms
  ...
E0615 01:24:58.505437     1 MoQWebTransportClient.cpp:148] std::runtime_error: Error setting up WebTransport: proxygen::HTTPException: ingress timeout, streamID=0, timeout=2000ms
not ok 6 - subscribe-before-announce
  ---
  duration_ms: 2145
  error: Error setting up WebTransport: proxygen::HTTPException: ingress timeout, streamID=0, timeout=2000ms
  ...
E20260615 01:24:59.506398     1 EventHandler.cpp:90] EventBase: failed to register event handler for fd 9: Resource temporarily unavailable
E20260615 01:24:59.508361     1 EventHandler.cpp:90] EventBase: failed to register event handler for fd 10: Resource temporarily unavailable
E20260615 01:24:59.508435     1 EventHandler.cpp:90] EventBase: failed to register event handler for fd 11: Resource temporarily unavailable
E20260615 01:24:59.508484     1 EventHandler.cpp:90] EventBase: failed to register event handler for fd 12: Resource temporarily unavailable
E20260615 01:24:59.508530     1 EventHandler.cpp:90] EventBase: failed to register event handler for fd 13: Resource temporarily unavailable
E20260615 01:24:59.508570     1 EventHandler.cpp:90] EventBase: failed to register event handler for fd 14: Resource temporarily unavailable
make[1]: *** [Makefile:121: test-external] Error 1
make[1]: Leaving directory '/home/runner/work/moq-interop-runner/moq-interop-runner/main'
