make[1]: Entering directory '/home/runner/work/moq-interop-runner/moq-interop-runner/main'
Running tests against https://draft-14.cloudflare.mediaoverquic.com:443/moq...
  Client: ghcr.io/facebookexperimental/moxygen-interop-client:latest-amd64
docker run --rm \
	 \
	--network host \
	-e RELAY_URL=https://draft-14.cloudflare.mediaoverquic.com:443/moq \
	-e TLS_DISABLE_VERIFY=false \
	ghcr.io/facebookexperimental/moxygen-interop-client:latest-amd64
TAP version 14
# moxygen interop test client
# Relay: https://draft-14.cloudflare.mediaoverquic.com:443/moq
# Transport: WebTransport
1..6
W0615 01:29:21.714084     1 MoQWebTransportClient.cpp:176] WebTransport: No WT-Protocol header in response, will use legacy version negotiation
ok 1 - setup-only
  ---
  duration_ms: 67
  info: SETUP exchange completed successfully
  ...
W0615 01:29:21.762076     1 MoQWebTransportClient.cpp:176] WebTransport: No WT-Protocol header in response, will use legacy version negotiation
not ok 2 - announce-only
  ---
  duration_ms: 300
  error: done
  ...
W0615 01:29:22.055507     1 MoQWebTransportClient.cpp:176] WebTransport: No WT-Protocol header in response, will use legacy version negotiation
E0615 01:29:24.065478     1 MoQSession.cpp:5445] subscribeFuture exception=folly::OperationCancelled: coroutine operation cancelled
not ok 3 - subscribe-error
  ---
  duration_ms: 2034
  error: Timed out waiting for SUBSCRIBE response
  ...
W0615 01:29:24.092030     1 MoQWebTransportClient.cpp:176] WebTransport: No WT-Protocol header in response, will use legacy version negotiation
not ok 4 - announce-subscribe
  ---
  duration_ms: 99
  error: PUBLISH_NAMESPACE failed: done
  ...
W0615 01:29:24.199693     1 MoQWebTransportClient.cpp:176] WebTransport: No WT-Protocol header in response, will use legacy version negotiation
ok 5 - publish-namespace-done
  ---
  duration_ms: 160
  info: PUBLISH_NAMESPACE_OK received, PUBLISH_NAMESPACE_DONE sent
  ...
W0615 01:29:24.360934     1 MoQWebTransportClient.cpp:176] WebTransport: No WT-Protocol header in response, will use legacy version negotiation
W0615 01:29:24.907171     1 MoQWebTransportClient.cpp:176] WebTransport: No WT-Protocol header in response, will use legacy version negotiation
E0615 01:29:26.400452     1 MoQWebTransportClient.cpp:201] proxygen::HTTPException: ingress timeout, streamID=0, timeout=2000ms
ok 6 - subscribe-before-announce
  ---
  duration_ms: 2074
  info: Subscribe returned error (relay doesn't buffer pending subscriptions): Session closed
  ...
make[1]: *** [Makefile:121: test-external] Error 1
make[1]: Leaving directory '/home/runner/work/moq-interop-runner/moq-interop-runner/main'
