make[1]: Entering directory '/home/runner/work/moq-interop-runner/moq-interop-runner/main'
Running tests against https://draft-16-manish.cloudflare.mediaoverquic.com:443/moq...
  Client: ghcr.io/facebookexperimental/moxygen-interop-client:latest-amd64
docker run --rm \
	 \
	--network host \
	-e RELAY_URL=https://draft-16-manish.cloudflare.mediaoverquic.com:443/moq \
	-e TLS_DISABLE_VERIFY=false \
	ghcr.io/facebookexperimental/moxygen-interop-client:latest-amd64
TAP version 14
# moxygen interop test client
# Relay: https://draft-16-manish.cloudflare.mediaoverquic.com:443/moq
# Transport: WebTransport
1..6
E20260615 01:29:47.344913     1 HQSession.cpp:558] Connection closed with error err=Crypto error: certificate_expired msg=fizz::FizzVerificationException: certificate verification failed: certificate has expired proto=, client CID=, server CID=8340fe3c5b1ed298, local=<uninitialized address>, 34.68.101.111:443=upstream, drain=none
E0615 01:29:47.346438     1 MoQWebTransportClient.cpp:96] std::runtime_error: Crypto error: certificate_expired
not ok 1 - setup-only
  ---
  duration_ms: 53
  error: Crypto error: certificate_expired
  ...
E20260615 01:29:47.429751     1 HQSession.cpp:558] Connection closed with error err=Crypto error: certificate_expired msg=fizz::FizzVerificationException: certificate verification failed: certificate has expired proto=, client CID=, server CID=36d3896d7171876c, local=<uninitialized address>, 34.68.101.111:443=upstream, drain=none
E0615 01:29:47.429905     1 MoQWebTransportClient.cpp:96] std::runtime_error: Crypto error: certificate_expired
not ok 2 - announce-only
  ---
  duration_ms: 83
  error: Crypto error: certificate_expired
  ...
E20260615 01:29:47.479326     1 HQSession.cpp:558] Connection closed with error err=Crypto error: certificate_expired msg=fizz::FizzVerificationException: certificate verification failed: certificate has expired proto=, client CID=, server CID=ea687d85fe5eebcc, local=<uninitialized address>, 34.68.101.111:443=upstream, drain=none
E0615 01:29:47.479451     1 MoQWebTransportClient.cpp:96] std::runtime_error: Crypto error: certificate_expired
not ok 3 - subscribe-error
  ---
  duration_ms: 49
  error: Crypto error: certificate_expired
  ...
E20260615 01:29:47.513253     1 HQSession.cpp:558] Connection closed with error err=Crypto error: certificate_expired msg=fizz::FizzVerificationException: certificate verification failed: certificate has expired proto=, client CID=, server CID=42f1e724f89b8d6f, local=<uninitialized address>, 34.68.101.111:443=upstream, drain=none
E0615 01:29:47.513385     1 MoQWebTransportClient.cpp:96] std::runtime_error: Crypto error: certificate_expired
not ok 4 - announce-subscribe
  ---
  duration_ms: 33
  error: Crypto error: certificate_expired
  ...
E20260615 01:29:47.594606     1 HQSession.cpp:558] Connection closed with error err=Crypto error: certificate_expired msg=fizz::FizzVerificationException: certificate verification failed: certificate has expired proto=, client CID=, server CID=214a93f4f97ad677, local=<uninitialized address>, 34.68.101.111:443=upstream, drain=none
E0615 01:29:47.594754     1 MoQWebTransportClient.cpp:96] std::runtime_error: Crypto error: certificate_expired
not ok 5 - publish-namespace-done
  ---
  duration_ms: 81
  error: Crypto error: certificate_expired
  ...
E20260615 01:29:47.676016     1 HQSession.cpp:558] Connection closed with error err=Crypto error: certificate_expired msg=fizz::FizzVerificationException: certificate verification failed: certificate has expired proto=, client CID=, server CID=980f23d8ba8d687f, local=<uninitialized address>, 34.68.101.111:443=upstream, drain=none
E0615 01:29:47.676169     1 MoQWebTransportClient.cpp:96] std::runtime_error: Crypto error: certificate_expired
not ok 6 - subscribe-before-announce
  ---
  duration_ms: 81
  error: Crypto error: certificate_expired
  ...
make[1]: *** [Makefile:121: test-external] Error 1
make[1]: Leaving directory '/home/runner/work/moq-interop-runner/moq-interop-runner/main'
