make[1]: Entering directory '/home/runner/work/moq-interop-runner/moq-interop-runner/main'
Running tests against https://us-west-2.relay.quicr.org:33437/relay...
  Client: ghcr.io/englishm/moq-interop-runner-moq-test-client:latest
docker run --rm \
	--network host \
	-e RELAY_URL=https://us-west-2.relay.quicr.org:33437/relay \
	-e TLS_DISABLE_VERIFY=1 \
	ghcr.io/englishm/moq-interop-runner-moq-test-client:latest
TAP version 14
# moq-test-client v0.1.0
# Relay: https://us-west-2.relay.quicr.org:33437/relay
1..6
ok 1 - setup-only
  ---
  duration_ms: 313
  connection_id: 6fdf668baf5158e05ce7b7436534c15d
  ...
ok 2 - announce-only
  ---
  duration_ms: 2394
  connection_id: bc54fd25dae83c87dc4dd1bcedfca0df
  ...
not ok 3 - subscribe-error
  ---
  duration_ms: 10001
  message: "test timed out: deadline has elapsed"
  ...
ok 4 - announce-subscribe
  ---
  duration_ms: 3595
  publisher_connection_id: d1187a3eb12eb45db9847764ae47f4bb
  subscriber_connection_id: 8e4342eefd45aa631b3b4305bbac484a
  ...
ok 5 - subscribe-before-announce
  ---
  duration_ms: 5071
  subscriber_connection_id: 259dcd9f2ef6c5fb1d2060556cdd8132
  publisher_connection_id: e4969c4723a32ca5e85241059a81175e
  ...
ok 6 - publish-namespace-done
  ---
  duration_ms: 2283
  connection_id: 248bdeec74be6aff500b2dac1a985029
  ...
make[1]: *** [Makefile:91: test-external] Error 1
make[1]: Leaving directory '/home/runner/work/moq-interop-runner/moq-interop-runner/main'
