make[1]: Entering directory '/home/runner/work/moq-interop-runner/moq-interop-runner/main'
Running tests against moqt://fb.mvfst.net:9448...
  Client: ghcr.io/englishm/moq-interop-runner-moq-test-client:latest
docker run --rm \
	--network host \
	-e RELAY_URL=moqt://fb.mvfst.net:9448 \
	-e TLS_DISABLE_VERIFY=1 \
	ghcr.io/englishm/moq-interop-runner-moq-test-client:latest
TAP version 14
# moq-test-client v0.1.0
# Relay: moqt://fb.mvfst.net:9448
1..6
ok 1 - setup-only
  ---
  duration_ms: 38
  connection_id: c615b2e4a3f7854917d0e7ce9c7bf427
  ...
ok 2 - announce-only
  ---
  duration_ms: 2038
  connection_id: d8bc16527f9c420a8e864606694412a7
  ...
ok 3 - subscribe-error
  ---
  duration_ms: 51
  connection_id: 53faba7033853e3b3df94917fe6f7c1d
  ...
ok 4 - announce-subscribe
  ---
  duration_ms: 83
  publisher_connection_id: d00518f7199849a5254cd99bf79090d0
  subscriber_connection_id: 701379eed9ab3d936db2176323bc806b
  ...
ok 5 - subscribe-before-announce
  ---
  duration_ms: 3577
  subscriber_connection_id: bfd45bd4fff248da9b528b4e3c7ecb53
  publisher_connection_id: ae30767010670855f4e6ebb89ba3f980
  ...
ok 6 - publish-namespace-done
  ---
  duration_ms: 2224
  connection_id: 4bf2c49088f3f799e14f1d6b5c434137
  ...
make[1]: Leaving directory '/home/runner/work/moq-interop-runner/moq-interop-runner/main'
