make[1]: Entering directory '/home/runner/work/moq-interop-runner/moq-interop-runner/main'
Running tests against moqt://fb.mvfst.net:9448...
  Client: ghcr.io/englishm/moq-interop-runner-moq-test-client-draft-16:latest
docker run --rm \
	--network host \
	-e RELAY_URL=moqt://fb.mvfst.net:9448 \
	-e TLS_DISABLE_VERIFY=1 \
	ghcr.io/englishm/moq-interop-runner-moq-test-client-draft-16:latest
TAP version 14
# moq-test-client v0.1.0
# Relay: moqt://fb.mvfst.net:9448
1..6
ok 1 - setup-only
  ---
  duration_ms: 138
  connection_id: 0bf88391cbe0fc6e9656f400da1e62ec
  ...
ok 2 - announce-only
  ---
  duration_ms: 2197
  connection_id: 78b62cdac55e581e59fe93343f253aa5
  ...
ok 3 - subscribe-error
  ---
  duration_ms: 201
  connection_id: 32ada42a33e047ccf958b974ae779893
  ...
ok 4 - announce-subscribe
  ---
  duration_ms: 400
  publisher_connection_id: 4ccb471e39fda37573c86f409b022831
  subscriber_connection_id: 00b97c0f8d7be476e1b22f8ed8e8e385
  ...
ok 5 - subscribe-before-announce
  ---
  duration_ms: 3763
  subscriber_connection_id: 9819a0aeebc27ef56350ef9ce4d8d8d1
  publisher_connection_id: 884223c9145d4089f389d98932de4736
  ...
ok 6 - publish-namespace-done
  ---
  duration_ms: 2234
  connection_id: 73e7dbbfa76a16a4c98e10e3a6c132ef
  ...
make[1]: Leaving directory '/home/runner/work/moq-interop-runner/moq-interop-runner/main'
