make[1]: Entering directory '/home/runner/work/moq-interop-runner/moq-interop-runner/main'
Running tests against moqt://draft-14.cloudflare.mediaoverquic.com:443...
  Client: ghcr.io/englishm/moq-interop-runner-moq-test-client:latest
docker run --rm \
	--network host \
	-e RELAY_URL=moqt://draft-14.cloudflare.mediaoverquic.com:443 \
	-e TLS_DISABLE_VERIFY=false \
	ghcr.io/englishm/moq-interop-runner-moq-test-client:latest
TAP version 14
# moq-test-client v0.1.0
# Relay: moqt://draft-14.cloudflare.mediaoverquic.com:443
1..6
ok 1 - setup-only
  ---
  duration_ms: 145
  connection_id: c5bb01e3f95994ff6a1d689f1f659104
  ...
ok 2 - announce-only
  ---
  duration_ms: 2030
  connection_id: e6c02287f2e44404cad2998302aaafd3
  ...
ok 3 - subscribe-error
  ---
  duration_ms: 339
  connection_id: e6ef4aaf41b0526983f7d3fc3f46b2f4
  ...
ok 4 - announce-subscribe
  ---
  duration_ms: 3073
  publisher_connection_id: 0855638eef9d29a5d940f5d0a6c820bf
  subscriber_connection_id: a571997a6d25e9e2f8d00c2d42455851
  ...
ok 5 - subscribe-before-announce
  ---
  duration_ms: 3585
  subscriber_connection_id: cb6c6ef7bd1b68ccab9b27968f917886
  publisher_connection_id: d6745570e1daa3cfc62aee8ffc3de537
  ...
ok 6 - publish-namespace-done
  ---
  duration_ms: 2130
  connection_id: f6ff631e28989592e4f8e4a834d2ba05
  ...
make[1]: Leaving directory '/home/runner/work/moq-interop-runner/moq-interop-runner/main'
