make[1]: Entering directory '/home/runner/work/moq-interop-runner/moq-interop-runner/main'
Running tests against https://draft-16-manish.cloudflare.mediaoverquic.com:443/moq...
  Client: ghcr.io/englishm/moq-interop-runner-moq-test-client-draft-16:latest
docker run --rm \
	--network host \
	-e RELAY_URL=https://draft-16-manish.cloudflare.mediaoverquic.com:443/moq \
	-e TLS_DISABLE_VERIFY=false \
	ghcr.io/englishm/moq-interop-runner-moq-test-client-draft-16:latest
TAP version 14
# moq-test-client v0.1.0
# Relay: https://draft-16-manish.cloudflare.mediaoverquic.com/moq
1..6
ok 1 - setup-only
  ---
  duration_ms: 218
  connection_id: 452387ae5b2cc51297f0482f9820ffde
  ...
ok 2 - announce-only
  ---
  duration_ms: 2207
  connection_id: a7992aa126c5aadbe58e153463cc8e31
  ...
ok 3 - subscribe-error
  ---
  duration_ms: 319
  connection_id: 94ac68ee0703b51e37404e146b532f0c
  ...
ok 4 - announce-subscribe
  ---
  duration_ms: 3487
  publisher_connection_id: af862a205c952f44b0186990bf90552d
  subscriber_connection_id: 2b7d4319262957a50029f032cb3197ff
  ...
ok 5 - subscribe-before-announce
  ---
  duration_ms: 3937
  subscriber_connection_id: a34d80908610562c7d9b11494fdecccf
  publisher_connection_id: 3dcb772c55b36d511ae455fbbb9b55c4
  ...
ok 6 - publish-namespace-done
  ---
  duration_ms: 2318
  connection_id: ef6f09ffa111f61d41bcfbec0ca92996
  ...
make[1]: Leaving directory '/home/runner/work/moq-interop-runner/moq-interop-runner/main'
