make[1]: Entering directory '/home/runner/work/moq-interop-runner/moq-interop-runner/main'
Running tests against https://fb.mvfst.net:9448/moq-relay...
  Client: ghcr.io/englishm/moq-interop-runner-moq-test-client:latest
docker run --rm \
	--network host \
	-e RELAY_URL=https://fb.mvfst.net:9448/moq-relay \
	-e TLS_DISABLE_VERIFY=1 \
	ghcr.io/englishm/moq-interop-runner-moq-test-client:latest
TAP version 14
# moq-test-client v0.1.0
# Relay: https://fb.mvfst.net:9448/moq-relay
1..6
ok 1 - setup-only
  ---
  duration_ms: 285
  connection_id: f1530c4033b45c911f437592b170c767
  ...
ok 2 - announce-only
  ---
  duration_ms: 2250
  connection_id: e5f03db1b3d139b31c7c40cbf4d8cfec
  ...
ok 3 - subscribe-error
  ---
  duration_ms: 272
  connection_id: a549c2ed3f18fce4528fbb98f1395a3d
  ...
ok 4 - announce-subscribe
  ---
  duration_ms: 500
  publisher_connection_id: d41469bb74153ee6f779425d01f2d163
  subscriber_connection_id: b3f41e9dc218dcb0858e9ae50c1dbe47
  ...
ok 5 - subscribe-before-announce
  ---
  duration_ms: 4107
  subscriber_connection_id: 3e0fcb94484eb3def9725cb3bb7f3578
  publisher_connection_id: 8b643d267fd390f4052b58a2cecd7a0c
  ...
ok 6 - publish-namespace-done
  ---
  duration_ms: 2292
  connection_id: 98208c24e43864702711d8fb61ffabe0
  ...
make[1]: Leaving directory '/home/runner/work/moq-interop-runner/moq-interop-runner/main'
