make[1]: Entering directory '/home/runner/work/moq-interop-runner/moq-interop-runner/main'
Running tests against https://relay.moqtail.dev...
  Client: ghcr.io/englishm/moq-interop-runner-moq-test-client:latest
docker run --rm \
	--network host \
	-e RELAY_URL=https://relay.moqtail.dev \
	-e TLS_DISABLE_VERIFY=false \
	ghcr.io/englishm/moq-interop-runner-moq-test-client:latest
TAP version 14
# moq-test-client v0.1.0
# Relay: https://relay.moqtail.dev/
1..6
ok 1 - setup-only
  ---
  duration_ms: 733
  connection_id: f6494d4960b9bd8aeea7ed7fbc6dc569
  ...
ok 2 - announce-only
  ---
  duration_ms: 2669
  connection_id: f5a80d4bad5a386c66db5ab03394e5be
  ...
ok 3 - subscribe-error
  ---
  duration_ms: 833
  connection_id: cea4e6fb87044b0b53341dcf182f6de3
  ...
ok 4 - announce-subscribe
  ---
  duration_ms: 4364
  publisher_connection_id: ecf24f24baf2484fc848756abe1cf55c
  subscriber_connection_id: c85910468e27b98b3ba4533723ccea2b
  ...
ok 5 - subscribe-before-announce
  ---
  duration_ms: 4751
  subscriber_connection_id: dd5a2a3c4ee1ad764f3072e465018f53
  publisher_connection_id: 015a6707b2dfc70deee01c388b2950a3
  ...
ok 6 - publish-namespace-done
  ---
  duration_ms: 2742
  connection_id: 80765ce7d9b40d14a351d764c81dd8f9
  ...
make[1]: Leaving directory '/home/runner/work/moq-interop-runner/moq-interop-runner/main'
