make[1]: Entering directory '/home/runner/work/moq-interop-runner/moq-interop-runner/main'
Running tests against moqt://fb.mvfst.net:9448...
  Client: ghcr.io/englishm/moq-interop-runner-moq-test-client-draft-16:latest
docker run --rm \
	--network host \
	-e RELAY_URL=moqt://fb.mvfst.net:9448 \
	-e TLS_DISABLE_VERIFY=1 \
	ghcr.io/englishm/moq-interop-runner-moq-test-client-draft-16:latest
TAP version 14
# moq-test-client v0.1.0
# Relay: moqt://fb.mvfst.net:9448
1..6
ok 1 - setup-only
  ---
  duration_ms: 137
  connection_id: 61ddb527b3f70036641f15c1837499af
  ...
ok 2 - announce-only
  ---
  duration_ms: 2163
  connection_id: 43f8deaef496c9700911a8169979ca54
  ...
ok 3 - subscribe-error
  ---
  duration_ms: 219
  connection_id: ff6dc52c257352ecb546d30dc74f2c8c
  ...
not ok 4 - announce-subscribe
  ---
  duration_ms: 441
  message: "publisher session error: webtransport error: session error: connection error: closed by peer: 3: session error: connection error: closed by peer: 3: connection error: closed by peer: 3"
  ...
ok 5 - subscribe-before-announce
  ---
  duration_ms: 3789
  subscriber_connection_id: 3e67065f8132f80005b06d9ff71edbae
  publisher_connection_id: b12077c01bd8a52e65ec6afad42e2b3f
  ...
ok 6 - publish-namespace-done
  ---
  duration_ms: 2244
  connection_id: cdb3130807b01bf3f73c8a520b45f49a
  ...
make[1]: *** [Makefile:91: test-external] Error 1
make[1]: Leaving directory '/home/runner/work/moq-interop-runner/moq-interop-runner/main'
