make[1]: Entering directory '/home/runner/work/moq-interop-runner/moq-interop-runner/main'
Running tests against https://lminiero.it:9000...
  Client: ghcr.io/englishm/moq-interop-runner-moq-test-client-draft-16:latest
docker run --rm \
	--network host \
	-e RELAY_URL=https://lminiero.it:9000 \
	-e TLS_DISABLE_VERIFY=false \
	ghcr.io/englishm/moq-interop-runner-moq-test-client-draft-16:latest
TAP version 14
# moq-test-client v0.1.0
# Relay: https://lminiero.it:9000/
1..6
ok 1 - setup-only
  ---
  duration_ms: 1149
  connection_id: defacf9f0bbffa86c5206d7c15d41ea9
  ...
ok 2 - announce-only
  ---
  duration_ms: 2964
  connection_id: f187c45e54230eed2a36468093f73b2c
  ...
ok 3 - subscribe-error
  ---
  duration_ms: 1314
  connection_id: f2fc023116604bce023d474dd82a9d6b
  ...
ok 4 - announce-subscribe
  ---
  duration_ms: 4939
  publisher_connection_id: 84628c5059b45dff7c94fbca47c8d158
  subscriber_connection_id: d9f1cb96432cc4a06d6f91af4ea7fb1d
  ...
ok 5 - subscribe-before-announce
  ---
  duration_ms: 6759
  subscriber_connection_id: e113d1a703205e958dde7325ad9ccd25
  publisher_connection_id: 044963ae3598c2e4e1c2b9a52a1b66ff
  ...
ok 6 - publish-namespace-done
  ---
  duration_ms: 2910
  connection_id: f972ffe3555db8d91fce8ec498195b79
  ...
make[1]: Leaving directory '/home/runner/work/moq-interop-runner/moq-interop-runner/main'
