make[1]: Entering directory '/home/runner/work/moq-interop-runner/moq-interop-runner/main'
Running tests against moqt://moqx-main.ci.openmoq.org:4433...
  Client: ghcr.io/englishm/moq-interop-runner-moq-test-client-draft-16:latest
docker run --rm \
	 \
	--network host \
	-e RELAY_URL=moqt://moqx-main.ci.openmoq.org:4433 \
	-e TLS_DISABLE_VERIFY=false \
	ghcr.io/englishm/moq-interop-runner-moq-test-client-draft-16:latest
TAP version 14
# moq-test-client v0.1.0
# Relay: moqt://moqx-main.ci.openmoq.org:4433
1..6
ok 1 - setup-only
  ---
  duration_ms: 110
  connection_id: 8967755f0ec94d1d647f9d42f224a588
  ...
ok 2 - announce-only
  ---
  duration_ms: 2047
  connection_id: e508e613ba2bb9dbb9a59061ec48f696
  ...
ok 3 - subscribe-error
  ---
  duration_ms: 136
  connection_id: 91aefe0f1b281b748898ce40af528f75
  ...
ok 4 - announce-subscribe
  ---
  duration_ms: 3136
  publisher_connection_id: 5daba6f1f21f90b30ae8f3f22c32a27e
  subscriber_connection_id: 3768661d1efea36e97dfad0aaf3f6bf8
  ...
ok 5 - subscribe-before-announce
  ---
  duration_ms: 4629
  subscriber_connection_id: 4eeca6794c7c7564b43656d809f8cb9b
  publisher_connection_id: 99877d051d27480bd13bccbf3e36a95c
  ...
ok 6 - publish-namespace-done
  ---
  duration_ms: 2152
  connection_id: daad85996de714f2f0ea6c4035dbdc99
  ...
make[1]: Leaving directory '/home/runner/work/moq-interop-runner/moq-interop-runner/main'
