make[1]: Entering directory '/home/runner/work/moq-interop-runner/moq-interop-runner/main'
Running tests against moqt://draft-14.cloudflare.mediaoverquic.com:443...
  Client: ghcr.io/englishm/moq-interop-runner-moq-test-client:latest
docker run --rm \
	 \
	--network host \
	-e RELAY_URL=moqt://draft-14.cloudflare.mediaoverquic.com:443 \
	-e TLS_DISABLE_VERIFY=false \
	ghcr.io/englishm/moq-interop-runner-moq-test-client:latest
TAP version 14
# moq-test-client v0.1.0
# Relay: moqt://draft-14.cloudflare.mediaoverquic.com:443
1..6
ok 1 - setup-only
  ---
  duration_ms: 45
  connection_id: 559015d039e259fb9f4430f3a274edc9
  ...
ok 2 - announce-only
  ---
  duration_ms: 2039
  connection_id: 02572ff23725b72e9f912cebadcd973b
  ...
ok 3 - subscribe-error
  ---
  duration_ms: 366
  connection_id: 14734fd9b3cb4d2467607ca3df91d0ed
  ...
ok 4 - announce-subscribe
  ---
  duration_ms: 153
  publisher_connection_id: 1fa40b616c67e1fe862be25af44eca11
  subscriber_connection_id: 7eb194833fbe41209b9af16863c53ce7
  ...
ok 5 - subscribe-before-announce
  ---
  duration_ms: 3577
  subscriber_connection_id: 010e2fdfd111ad4731fdef847683d359
  publisher_connection_id: fe110ead1e0be2f50bbb1b56cf35bd92
  ...
ok 6 - publish-namespace-done
  ---
  duration_ms: 2125
  connection_id: 6189dbfa4214f4fa14fe60951990ccc9
  ...
make[1]: Leaving directory '/home/runner/work/moq-interop-runner/moq-interop-runner/main'
