make[1]: Entering directory '/home/runner/work/moq-interop-runner/moq-interop-runner/main'
Running tests against moqt://fb.mvfst.net:9448...
  Client: ghcr.io/englishm/moq-interop-runner-moq-test-client-draft-18:latest
docker run --rm \
	 \
	--network host \
	-e RELAY_URL=moqt://fb.mvfst.net:9448 \
	-e TLS_DISABLE_VERIFY=1 \
	ghcr.io/englishm/moq-interop-runner-moq-test-client-draft-18:latest
TAP version 14
# moq-test-client v0.1.6
# Relay: moqt://fb.mvfst.net:9448
1..6
[2m2026-07-03T01:02:21.149612Z[0m [32m INFO[0m [2mmoq_native_ietf::quic[0m[2m:[0m UDP socket bound [3mbind[0m[2m=[0m[::]:0 [3mlocal[0m[2m=[0m[::]:51291 [3mdual_stack[0m[2m=[0mtrue
[2m2026-07-03T01:02:21.194629Z[0m [32m INFO[0m [2mmoq_test_client::scenarios[0m[2m:[0m SETUP exchange completed successfully
ok 1 - setup-only
  ---
  duration_ms: 45
  connection_id: 87100d0a8cf0c8940bba16ff1351c33e
  ...
[2m2026-07-03T01:02:21.195410Z[0m [32m INFO[0m [2mmoq_native_ietf::quic[0m[2m:[0m UDP socket bound [3mbind[0m[2m=[0m[::]:0 [3mlocal[0m[2m=[0m[::]:39832 [3mdual_stack[0m[2m=[0mtrue
[2m2026-07-03T01:02:21.304683Z[0m [32m INFO[0m [2mmoq_test_client::scenarios[0m[2m:[0m Sending PUBLISH_NAMESPACE for: moq-test/interop
not ok 2 - publish-namespace-only
  ---
  duration_ms: 140
  message: "session error: webtransport error: session error: connection error: closed by peer: 3: session error: connection error: closed by peer: 3: connection error: closed by peer: 3"
  ...
[2m2026-07-03T01:02:21.335737Z[0m [32m INFO[0m [2mmoq_native_ietf::quic[0m[2m:[0m UDP socket bound [3mbind[0m[2m=[0m[::]:0 [3mlocal[0m[2m=[0m[::]:46440 [3mdual_stack[0m[2m=[0mtrue
[2m2026-07-03T01:02:21.375064Z[0m [32m INFO[0m [2mmoq_test_client::scenarios[0m[2m:[0m Subscribing to non-existent track: nonexistent/namespace/test-track
not ok 3 - subscribe-error
  ---
  duration_ms: 68
  message: "session error: webtransport error: session error: connection error: closed by peer: 3: session error: connection error: closed by peer: 3: connection error: closed by peer: 3"
  ...
[2m2026-07-03T01:02:21.404693Z[0m [32m INFO[0m [2mmoq_native_ietf::quic[0m[2m:[0m UDP socket bound [3mbind[0m[2m=[0m[::]:0 [3mlocal[0m[2m=[0m[::]:38090 [3mdual_stack[0m[2m=[0mtrue
[2m2026-07-03T01:02:21.446045Z[0m [32m INFO[0m [2mmoq_native_ietf::quic[0m[2m:[0m UDP socket bound [3mbind[0m[2m=[0m[::]:0 [3mlocal[0m[2m=[0m[::]:60072 [3mdual_stack[0m[2m=[0mtrue
[2m2026-07-03T01:02:21.491671Z[0m [32m INFO[0m [2mmoq_test_client::scenarios[0m[2m:[0m Publisher sending PUBLISH_NAMESPACE: moq-test/interop
[2m2026-07-03T01:02:21.491686Z[0m [32m INFO[0m [2mmoq_test_client::scenarios[0m[2m:[0m Subscriber subscribing to track: moq-test/interop/test-track
not ok 4 - publish-namespace-subscribe
  ---
  duration_ms: 114
  message: "subscriber session error: webtransport error: session error: connection error: closed by peer: 3: session error: connection error: closed by peer: 3: connection error: closed by peer: 3"
  ...
[2m2026-07-03T01:02:21.519081Z[0m [32m INFO[0m [2mmoq_native_ietf::quic[0m[2m:[0m UDP socket bound [3mbind[0m[2m=[0m[::]:0 [3mlocal[0m[2m=[0m[::]:41023 [3mdual_stack[0m[2m=[0mtrue
[2m2026-07-03T01:02:21.563723Z[0m [32m INFO[0m [2mmoq_test_client::scenarios[0m[2m:[0m Subscriber subscribing BEFORE PUBLISH_NAMESPACE: moq-test/interop/test-track
[2m2026-07-03T01:02:22.065702Z[0m [32m INFO[0m [2mmoq_native_ietf::quic[0m[2m:[0m UDP socket bound [3mbind[0m[2m=[0m[::]:0 [3mlocal[0m[2m=[0m[::]:41038 [3mdual_stack[0m[2m=[0mtrue
[2m2026-07-03T01:02:22.106038Z[0m [32m INFO[0m [2mmoq_test_client::scenarios[0m[2m:[0m Publisher sending PUBLISH_NAMESPACE (after subscriber): moq-test/interop
not ok 5 - subscribe-before-publish-namespace
  ---
  duration_ms: 618
  message: "publisher session error: webtransport error: session error: connection error: closed by peer: 3: session error: connection error: closed by peer: 3: connection error: closed by peer: 3"
  ...
[2m2026-07-03T01:02:22.137385Z[0m [32m INFO[0m [2mmoq_native_ietf::quic[0m[2m:[0m UDP socket bound [3mbind[0m[2m=[0m[::]:0 [3mlocal[0m[2m=[0m[::]:43665 [3mdual_stack[0m[2m=[0mtrue
[2m2026-07-03T01:02:22.182139Z[0m [32m INFO[0m [2mmoq_test_client::scenarios[0m[2m:[0m Sending PUBLISH_NAMESPACE: moq-test/interop
not ok 6 - publish-namespace-done
  ---
  duration_ms: 80
  message: "session error: webtransport error: session error: connection error: closed by peer: 3: session error: connection error: closed by peer: 3: connection error: closed by peer: 3"
  ...
make[1]: *** [Makefile:121: test-external] Error 1
make[1]: Leaving directory '/home/runner/work/moq-interop-runner/moq-interop-runner/main'
