make[1]: Entering directory '/home/runner/work/moq-interop-runner/moq-interop-runner/main'
Running tests against https://fb.mvfst.net:9448/moq-relay...
  Client: ghcr.io/englishm/moq-interop-runner-moq-test-client-draft-16:latest
docker run --rm \
	 \
	--network host \
	-e RELAY_URL=https://fb.mvfst.net:9448/moq-relay \
	-e TLS_DISABLE_VERIFY=1 \
	ghcr.io/englishm/moq-interop-runner-moq-test-client-draft-16:latest
TAP version 14
# moq-test-client v0.1.0
# Relay: https://fb.mvfst.net:9448/moq-relay
1..6
ok 1 - setup-only
  ---
  duration_ms: 232
  connection_id: 361d8cd6677b729fb5f1837a9df21948
  ...
ok 2 - announce-only
  ---
  duration_ms: 2126
  connection_id: 1ba25ceaf3ad8c753434dc232b51c9a4
  ...
ok 3 - subscribe-error
  ---
  duration_ms: 177
  connection_id: 3b1508444301d89e218b55455e99b26d
  ...
ok 4 - announce-subscribe
  ---
  duration_ms: 3260
  publisher_connection_id: 808dd505f02b57c92349005b0dbba71e
  subscriber_connection_id: 90457076c37b6ec222e669de3e9dc8a0
  ...
ok 5 - subscribe-before-announce
  ---
  duration_ms: 4922
  subscriber_connection_id: c3893de9296873513005a24c3186403c
  publisher_connection_id: 67c9511ff4b408b6570813614fa709f9
  ...
ok 6 - publish-namespace-done
  ---
  duration_ms: 2282
  connection_id: c1cccb29ff21d5201821be96e0606887
  ...
make[1]: Leaving directory '/home/runner/work/moq-interop-runner/moq-interop-runner/main'
