make[1]: Entering directory '/home/runner/work/moq-interop-runner/moq-interop-runner/main'
Running tests against https://moqx-main.ci.openmoq.org:4433/moq-relay...
  Client: ghcr.io/englishm/moq-interop-runner-moq-test-client:latest
docker run --rm \
	 \
	--network host \
	-e RELAY_URL=https://moqx-main.ci.openmoq.org:4433/moq-relay \
	-e TLS_DISABLE_VERIFY=false \
	ghcr.io/englishm/moq-interop-runner-moq-test-client:latest
TAP version 14
# moq-test-client v0.1.0
# Relay: https://moqx-main.ci.openmoq.org:4433/moq-relay
1..6
ok 1 - setup-only
  ---
  duration_ms: 175
  connection_id: 20d23e356ea05a30ffa6d3ff8e1f97a9
  ...
ok 2 - announce-only
  ---
  duration_ms: 2115
  connection_id: 4a48d157531a254eeed6bdd985972b8c
  ...
ok 3 - subscribe-error
  ---
  duration_ms: 137
  connection_id: 63e6122c7495c2b93c7e2292926c5eeb
  ...
ok 4 - announce-subscribe
  ---
  duration_ms: 295
  publisher_connection_id: 403da1bdae81da9231f05214b5bd602e
  subscriber_connection_id: f58e210d4d9b82cd9a3be38e54fc313e
  ...
ok 5 - subscribe-before-announce
  ---
  duration_ms: 3642
  subscriber_connection_id: 85ca90f19e837d356cf22fb0883a509d
  publisher_connection_id: f137671222d03d50d0e703ba7550a673
  ...
ok 6 - publish-namespace-done
  ---
  duration_ms: 2202
  connection_id: 3b1781eaca229402b3d089cd0da253bd
  ...
make[1]: Leaving directory '/home/runner/work/moq-interop-runner/moq-interop-runner/main'
