make[1]: Entering directory '/home/runner/work/moq-interop-runner/moq-interop-runner/main'
Running tests against https://lminiero.it:9000...
  Client: ghcr.io/englishm/moq-interop-runner-moq-test-client-draft-18:latest
docker run --rm \
	 \
	--network host \
	-e RELAY_URL=https://lminiero.it:9000 \
	-e TLS_DISABLE_VERIFY=false \
	ghcr.io/englishm/moq-interop-runner-moq-test-client-draft-18:latest
TAP version 14
# moq-test-client v0.1.6
# Relay: https://lminiero.it:9000/
1..6
[2m2026-07-03T01:00:25.177003Z[0m [32m INFO[0m [2mmoq_native_ietf::quic[0m[2m:[0m UDP socket bound [3mbind[0m[2m=[0m[::]:0 [3mlocal[0m[2m=[0m[::]:45139 [3mdual_stack[0m[2m=[0mtrue
[2m2026-07-03T01:00:25.819525Z[0m [32m INFO[0m [2mmoq_test_client::scenarios[0m[2m:[0m SETUP exchange completed successfully
ok 1 - setup-only
  ---
  duration_ms: 643
  connection_id: 21fa7ddb0402b7bff75a93a66144711c
  ...
[2m2026-07-03T01:00:25.820382Z[0m [32m INFO[0m [2mmoq_native_ietf::quic[0m[2m:[0m UDP socket bound [3mbind[0m[2m=[0m[::]:0 [3mlocal[0m[2m=[0m[::]:38418 [3mdual_stack[0m[2m=[0mtrue
[2m2026-07-03T01:00:26.459077Z[0m [32m INFO[0m [2mmoq_test_client::scenarios[0m[2m:[0m Sending PUBLISH_NAMESPACE for: moq-test/interop
not ok 2 - publish-namespace-only
  ---
  duration_ms: 639
  message: "PUBLISH_NAMESPACE failed: too many requests"
  ...
[2m2026-07-03T01:00:26.460032Z[0m [32m INFO[0m [2mmoq_native_ietf::quic[0m[2m:[0m UDP socket bound [3mbind[0m[2m=[0m[::]:0 [3mlocal[0m[2m=[0m[::]:34624 [3mdual_stack[0m[2m=[0mtrue
[2m2026-07-03T01:00:27.114036Z[0m [32m INFO[0m [2mmoq_test_client::scenarios[0m[2m:[0m Subscribing to non-existent track: nonexistent/namespace/test-track
[2m2026-07-03T01:00:27.114071Z[0m [31mERROR[0m [2mmoq_transport::serve::error[0m[2m:[0m [7e82c622-21be-4f6f-ad67-b928dc31a94e] Internal error: request ID limit: too many requests at /build/moq-transport/src/session/subscriber.rs:191
[2m2026-07-03T01:00:27.114094Z[0m [33m WARN[0m [2mmoq_test_client::scenarios[0m[2m:[0m Got error but not clearly 'not found': internal error: Internal error [error:7e82c622-21be-4f6f-ad67-b928dc31a94e]. Relay may use different error text.
ok 3 - subscribe-error
  ---
  duration_ms: 655
  connection_id: 5a9f926416582e20d4559c1cfb62e09d
  ...
[2m2026-07-03T01:00:27.114994Z[0m [32m INFO[0m [2mmoq_native_ietf::quic[0m[2m:[0m UDP socket bound [3mbind[0m[2m=[0m[::]:0 [3mlocal[0m[2m=[0m[::]:53752 [3mdual_stack[0m[2m=[0mtrue
[2m2026-07-03T01:00:27.754681Z[0m [32m INFO[0m [2mmoq_native_ietf::quic[0m[2m:[0m UDP socket bound [3mbind[0m[2m=[0m[::]:0 [3mlocal[0m[2m=[0m[::]:57890 [3mdual_stack[0m[2m=[0mtrue
[2m2026-07-03T01:00:28.183500Z[0m [32m INFO[0m [2mmoq_test_client::scenarios[0m[2m:[0m Publisher sending PUBLISH_NAMESPACE: moq-test/interop
[2m2026-07-03T01:00:28.183519Z[0m [32m INFO[0m [2mmoq_test_client::scenarios[0m[2m:[0m Subscriber subscribing to track: moq-test/interop/test-track
not ok 4 - publish-namespace-subscribe
  ---
  duration_ms: 1069
  message: "publisher PUBLISH_NAMESPACE failed: too many requests"
  ...
[2m2026-07-03T01:00:28.184468Z[0m [32m INFO[0m [2mmoq_native_ietf::quic[0m[2m:[0m UDP socket bound [3mbind[0m[2m=[0m[::]:0 [3mlocal[0m[2m=[0m[::]:33250 [3mdual_stack[0m[2m=[0mtrue
[2m2026-07-03T01:00:28.827245Z[0m [32m INFO[0m [2mmoq_test_client::scenarios[0m[2m:[0m Subscriber subscribing BEFORE PUBLISH_NAMESPACE: moq-test/interop/test-track
[2m2026-07-03T01:00:28.827348Z[0m [31mERROR[0m [2mmoq_transport::serve::error[0m[2m:[0m [0a153f05-ea01-4f4b-af31-6acdf987a4a6] Internal error: request ID limit: too many requests at /build/moq-transport/src/session/subscriber.rs:191
[2m2026-07-03T01:00:29.329624Z[0m [32m INFO[0m [2mmoq_native_ietf::quic[0m[2m:[0m UDP socket bound [3mbind[0m[2m=[0m[::]:0 [3mlocal[0m[2m=[0m[::]:54552 [3mdual_stack[0m[2m=[0mtrue
[2m2026-07-03T01:00:29.968587Z[0m [32m INFO[0m [2mmoq_test_client::scenarios[0m[2m:[0m Publisher sending PUBLISH_NAMESPACE (after subscriber): moq-test/interop
not ok 5 - subscribe-before-publish-namespace
  ---
  duration_ms: 1785
  message: "publisher PUBLISH_NAMESPACE failed: too many requests"
  ...
[2m2026-07-03T01:00:29.969451Z[0m [32m INFO[0m [2mmoq_native_ietf::quic[0m[2m:[0m UDP socket bound [3mbind[0m[2m=[0m[::]:0 [3mlocal[0m[2m=[0m[::]:41734 [3mdual_stack[0m[2m=[0mtrue
[2m2026-07-03T01:00:30.616164Z[0m [32m INFO[0m [2mmoq_test_client::scenarios[0m[2m:[0m Sending PUBLISH_NAMESPACE: moq-test/interop
not ok 6 - publish-namespace-done
  ---
  duration_ms: 647
  message: "PUBLISH_NAMESPACE failed: too many requests"
  ...
make[1]: *** [Makefile:121: test-external] Error 1
make[1]: Leaving directory '/home/runner/work/moq-interop-runner/moq-interop-runner/main'
