make[1]: Entering directory '/home/runner/work/moq-interop-runner/moq-interop-runner/main'
Running tests against https://relay.moqtail.dev...
  Client: ghcr.io/englishm/moq-interop-runner-moq-test-client-draft-16:latest
docker run --rm \
	 \
	--network host \
	-e RELAY_URL=https://relay.moqtail.dev \
	-e TLS_DISABLE_VERIFY=false \
	ghcr.io/englishm/moq-interop-runner-moq-test-client-draft-16:latest
TAP version 14
# moq-test-client v0.1.0
# Relay: https://relay.moqtail.dev/
1..6
ok 1 - setup-only
  ---
  duration_ms: 125
  connection_id: 02b165e7027659b94aabef27364045d9
  ...
ok 2 - announce-only
  ---
  duration_ms: 2200
  connection_id: f6d7a2cdf94d7a7807e11453f0fd865b
  ...
ok 3 - subscribe-error
  ---
  duration_ms: 137
  connection_id: 554a7346d52f218d16c6dc0b3e035938
  ...
ok 4 - announce-subscribe
  ---
  duration_ms: 356
  publisher_connection_id: b9d99412f57c84dd65a75f2ae954a568
  subscriber_connection_id: 18db3b2202b67d39c4bf34b20b09a747
  ...
ok 5 - subscribe-before-announce
  ---
  duration_ms: 3794
  subscriber_connection_id: 1bdbc524e07bf102e0cec0da08fe0133
  publisher_connection_id: 17abcd3c045cb37322f3d5d7c6b554be
  ...
ok 6 - publish-namespace-done
  ---
  duration_ms: 2323
  connection_id: 64ba540f10accdfab4e665dbc4f0fc8e
  ...
make[1]: Leaving directory '/home/runner/work/moq-interop-runner/moq-interop-runner/main'
