make[1]: Entering directory '/home/runner/work/moq-interop-runner/moq-interop-runner/main'
Running tests against moqt://lminiero.it:9000...
  Client: ghcr.io/openmoq/moqx-interop-client:latest
docker run --rm \
	 \
	--network host \
	-e RELAY_URL=moqt://lminiero.it:9000 \
	-e TLS_DISABLE_VERIFY=false \
	ghcr.io/openmoq/moqx-interop-client:latest
TAP version 14
# moxygen interop test client
# Relay: moqt://lminiero.it:9000
# Transport: QUIC
1..6
E0703 01:03:02.423016     1 MoQCodec.cpp:126] Conn error=3
E0703 01:03:02.423052     1 MoQSession.cpp:5259] MoQCodec control stream parse error err=3
not ok 1 - setup-only
  ---
  duration_ms: 658
  error: coroutine operation cancelled
  ...
E0703 01:03:03.069467     1 MoQCodec.cpp:126] Conn error=3
E0703 01:03:03.069498     1 MoQSession.cpp:5259] MoQCodec control stream parse error err=3
not ok 2 - announce-only
  ---
  duration_ms: 646
  error: coroutine operation cancelled
  ...
E0703 01:03:03.519755     1 MoQCodec.cpp:126] Conn error=3
E0703 01:03:03.519784     1 MoQSession.cpp:5259] MoQCodec control stream parse error err=3
not ok 3 - subscribe-error
  ---
  duration_ms: 450
  error: coroutine operation cancelled
  ...
E0703 01:03:03.958081     1 MoQCodec.cpp:126] Conn error=3
E0703 01:03:03.958119     1 MoQSession.cpp:5259] MoQCodec control stream parse error err=3
not ok 4 - announce-subscribe
  ---
  duration_ms: 438
  error: coroutine operation cancelled
  ...
E0703 01:03:04.591202     1 MoQCodec.cpp:126] Conn error=3
E0703 01:03:04.591235     1 MoQSession.cpp:5259] MoQCodec control stream parse error err=3
not ok 5 - publish-namespace-done
  ---
  duration_ms: 632
  error: coroutine operation cancelled
  ...
E0703 01:03:04.815310     1 MoQCodec.cpp:126] Conn error=3
E0703 01:03:04.815339     1 MoQSession.cpp:5259] MoQCodec control stream parse error err=3
not ok 6 - subscribe-before-announce
  ---
  duration_ms: 223
  error: coroutine operation cancelled
  ...
make[1]: *** [Makefile:121: test-external] Error 1
make[1]: Leaving directory '/home/runner/work/moq-interop-runner/moq-interop-runner/main'
