make[1]: Entering directory '/home/runner/work/moq-interop-runner/moq-interop-runner/main'
Running tests against https://relay.moqtail.dev...
  Client: ghcr.io/openmoq/moqx-interop-client:latest
docker run --rm \
	 \
	--network host \
	-e RELAY_URL=https://relay.moqtail.dev \
	-e TLS_DISABLE_VERIFY=false \
	ghcr.io/openmoq/moqx-interop-client:latest
TAP version 14
# moxygen interop test client
# Relay: https://relay.moqtail.dev
# Transport: WebTransport
1..6
W0703 01:31:30.150514     1 MoQWebTransportClient.cpp:175] WebTransport: No WT-Protocol header in response, will use legacy version negotiation
E0703 01:31:30.173374     1 MoQWebTransportClient.cpp:200] proxygen::HTTPException: Got error=ApplicationError: No Error, Client closed by peer reason=Setup failed
not ok 1 - setup-only
  ---
  duration_ms: 171
  error: coroutine operation cancelled
  ...
W0703 01:31:30.252257     1 MoQWebTransportClient.cpp:175] WebTransport: No WT-Protocol header in response, will use legacy version negotiation
E0703 01:31:30.272716     1 MoQWebTransportClient.cpp:200] proxygen::HTTPException: Got error=ApplicationError: No Error, Client closed by peer reason=Setup failed
not ok 2 - announce-only
  ---
  duration_ms: 99
  error: coroutine operation cancelled
  ...
W0703 01:31:30.352734     1 MoQWebTransportClient.cpp:175] WebTransport: No WT-Protocol header in response, will use legacy version negotiation
E0703 01:31:30.377259     1 MoQWebTransportClient.cpp:200] proxygen::HTTPException: Got error=ApplicationError: No Error, Client closed by peer reason=Setup failed
not ok 3 - subscribe-error
  ---
  duration_ms: 104
  error: coroutine operation cancelled
  ...
W0703 01:31:30.505296     1 MoQWebTransportClient.cpp:175] WebTransport: No WT-Protocol header in response, will use legacy version negotiation
E0703 01:31:30.530259     1 MoQWebTransportClient.cpp:200] proxygen::HTTPException: Got error=ApplicationError: No Error, Client closed by peer reason=Setup failed
not ok 4 - announce-subscribe
  ---
  duration_ms: 152
  error: coroutine operation cancelled
  ...
W0703 01:31:30.613854     1 MoQWebTransportClient.cpp:175] WebTransport: No WT-Protocol header in response, will use legacy version negotiation
E0703 01:31:30.634127     1 MoQWebTransportClient.cpp:200] proxygen::HTTPException: Got error=ApplicationError: No Error, Client closed by peer reason=Setup failed
not ok 5 - publish-namespace-done
  ---
  duration_ms: 103
  error: coroutine operation cancelled
  ...
W0703 01:31:30.726777     1 MoQWebTransportClient.cpp:175] WebTransport: No WT-Protocol header in response, will use legacy version negotiation
E0703 01:31:30.747489     1 MoQWebTransportClient.cpp:200] proxygen::HTTPException: Got error=ApplicationError: No Error, Client closed by peer reason=Setup failed
not ok 6 - subscribe-before-announce
  ---
  duration_ms: 113
  error: coroutine operation cancelled
  ...
make[1]: *** [Makefile:121: test-external] Error 1
make[1]: Leaving directory '/home/runner/work/moq-interop-runner/moq-interop-runner/main'
