make[1]: Entering directory '/home/runner/work/moq-interop-runner/moq-interop-runner/main'
Running tests against https://draft-16-manish.cloudflare.mediaoverquic.com:443/moq...
  Client: ghcr.io/facebookexperimental/moxygen-interop-client:latest-amd64
docker run --rm \
	 \
	--network host \
	-e RELAY_URL=https://draft-16-manish.cloudflare.mediaoverquic.com:443/moq \
	-e TLS_DISABLE_VERIFY=false \
	ghcr.io/facebookexperimental/moxygen-interop-client:latest-amd64
TAP version 14
# moxygen interop test client
# Relay: https://draft-16-manish.cloudflare.mediaoverquic.com:443/moq
# Transport: WebTransport
1..6
E20260703 01:33:13.630591     1 HQSession.cpp:578] Connection closed with error err=Crypto error: certificate_expired msg=fizz::FizzVerificationException: certificate verification failed: certificate has expired proto=, client CID=, server CID=cf2ade06d12aab5c, local=<uninitialized address>, 34.68.101.111:443=upstream, drain=none
E0703 01:33:13.631588     1 MoQWebTransportClient.cpp:95] std::runtime_error: Crypto error: certificate_expired
not ok 1 - setup-only
  ---
  duration_ms: 59
  error: Crypto error: certificate_expired
  ...
E20260703 01:33:13.671432     1 HQSession.cpp:578] Connection closed with error err=Crypto error: certificate_expired msg=fizz::FizzVerificationException: certificate verification failed: certificate has expired proto=, client CID=, server CID=e69bc7610d3fc146, local=<uninitialized address>, 34.68.101.111:443=upstream, drain=none
E0703 01:33:13.671557     1 MoQWebTransportClient.cpp:95] std::runtime_error: Crypto error: certificate_expired
not ok 2 - announce-only
  ---
  duration_ms: 39
  error: Crypto error: certificate_expired
  ...
E20260703 01:33:13.733587     1 HQSession.cpp:578] Connection closed with error err=Crypto error: certificate_expired msg=fizz::FizzVerificationException: certificate verification failed: certificate has expired proto=, client CID=, server CID=4f1b4b66838f7b2f, local=<uninitialized address>, 34.68.101.111:443=upstream, drain=none
E0703 01:33:13.733721     1 MoQWebTransportClient.cpp:95] std::runtime_error: Crypto error: certificate_expired
not ok 3 - subscribe-error
  ---
  duration_ms: 62
  error: Crypto error: certificate_expired
  ...
E20260703 01:33:13.772627     1 HQSession.cpp:578] Connection closed with error err=Crypto error: certificate_expired msg=fizz::FizzVerificationException: certificate verification failed: certificate has expired proto=, client CID=, server CID=2cf7f9c6ecb65992, local=<uninitialized address>, 34.68.101.111:443=upstream, drain=none
E0703 01:33:13.772764     1 MoQWebTransportClient.cpp:95] std::runtime_error: Crypto error: certificate_expired
not ok 4 - announce-subscribe
  ---
  duration_ms: 38
  error: Crypto error: certificate_expired
  ...
E20260703 01:33:13.812664     1 HQSession.cpp:578] Connection closed with error err=Crypto error: certificate_expired msg=fizz::FizzVerificationException: certificate verification failed: certificate has expired proto=, client CID=, server CID=8a362f54a87e7d36, local=<uninitialized address>, 34.68.101.111:443=upstream, drain=none
E0703 01:33:13.812778     1 MoQWebTransportClient.cpp:95] std::runtime_error: Crypto error: certificate_expired
not ok 5 - publish-namespace-done
  ---
  duration_ms: 39
  error: Crypto error: certificate_expired
  ...
E20260703 01:33:13.857129     1 HQSession.cpp:578] Connection closed with error err=Crypto error: certificate_expired msg=fizz::FizzVerificationException: certificate verification failed: certificate has expired proto=, client CID=, server CID=4887b8f02ae79d10, local=<uninitialized address>, 34.68.101.111:443=upstream, drain=none
E0703 01:33:13.857264     1 MoQWebTransportClient.cpp:95] std::runtime_error: Crypto error: certificate_expired
not ok 6 - subscribe-before-announce
  ---
  duration_ms: 44
  error: Crypto error: certificate_expired
  ...
make[1]: *** [Makefile:121: test-external] Error 1
make[1]: Leaving directory '/home/runner/work/moq-interop-runner/moq-interop-runner/main'
