make[1]: Entering directory '/home/runner/work/moq-interop-runner/moq-interop-runner/main'
Running tests against moqt://fb.mvfst.net:9448...
  Client: ghcr.io/englishm/moq-interop-runner-xquic-moq-client:latest
docker run --rm \
	 \
	--network host \
	-e RELAY_URL=moqt://fb.mvfst.net:9448 \
	-e TLS_DISABLE_VERIFY=1 \
	ghcr.io/englishm/moq-interop-runner-xquic-moq-client:latest
TAP version 14
# xquic-moq-interop-client v0.1.0
# Relay: moqt://18.189.84.245:9448 (sni=fb.mvfst.net)
1..6
xqc_app_write_log fd err
ok 1 - setup-only
  ---
  duration_ms: 351
  ...
xqc_app_write_log fd err
ok 2 - announce-only
  ---
  duration_ms: 3243
  ...
xqc_app_write_log fd err
not ok 3 - subscribe-error
  ---
  duration_ms: 4255
  message: "timeout: no SUBSCRIBE_ERROR received"
  received: timeout
  ...
xqc_app_write_log fd err
xqc_app_write_log fd err
ok 4 - announce-subscribe
  ---
  duration_ms: 444
  ...
xqc_app_write_log fd err
xqc_app_write_log fd err
not ok 5 - subscribe-before-announce
  ---
  duration_ms: 20298
  message: "test timed out: deadline has elapsed"
  ...
xqc_app_write_log fd err
ok 6 - publish-namespace-done
  ---
  duration_ms: 3242
  ...
make[1]: *** [Makefile:121: test-external] Error 1
make[1]: Leaving directory '/home/runner/work/moq-interop-runner/moq-interop-runner/main'
