make[1]: Entering directory '/home/runner/work/moq-interop-runner/moq-interop-runner/main'
Running tests against moqt://fb.mvfst.net:9448...
  Client: ghcr.io/englishm/moq-interop-runner-moq-test-client:latest
docker run --rm \
	--network host \
	-e RELAY_URL=moqt://fb.mvfst.net:9448 \
	-e TLS_DISABLE_VERIFY=1 \
	ghcr.io/englishm/moq-interop-runner-moq-test-client:latest
TAP version 14
# moq-test-client v0.1.0
# Relay: moqt://fb.mvfst.net:9448
1..6
ok 1 - setup-only
  ---
  duration_ms: 71
  connection_id: 5bed1dbbf4bf5e7cb3c894c720e275fe
  ...
ok 2 - announce-only
  ---
  duration_ms: 2073
  connection_id: 7ef1a8f9addd8d24575f6e756d38f56c
  ...
ok 3 - subscribe-error
  ---
  duration_ms: 99
  connection_id: 053e1a03cb10ee75d15ef24aeaed2a63
  ...
ok 4 - announce-subscribe
  ---
  duration_ms: 3144
  publisher_connection_id: 17dea1f803bd86f6b17611f69c03035a
  subscriber_connection_id: ce625b364aa26503da8e84627f22be77
  ...
ok 5 - subscribe-before-announce
  ---
  duration_ms: 3711
  subscriber_connection_id: 1a088f118a16b93e8871b50f2d1ed436
  publisher_connection_id: 8bd10bf637b527ea77268a19542dc0c1
  ...
ok 6 - publish-namespace-done
  ---
  duration_ms: 2161
  connection_id: 4b194628c2d8b0587267f19da725c0a0
  ...
make[1]: Leaving directory '/home/runner/work/moq-interop-runner/moq-interop-runner/main'
