make[1]: Entering directory '/home/runner/work/moq-interop-runner/moq-interop-runner/main'
Running tests against https://draft-16-manish.cloudflare.mediaoverquic.com:443/moq...
  Client: ghcr.io/englishm/moq-interop-runner-moq-test-client-draft-16:latest
docker run --rm \
	--network host \
	-e RELAY_URL=https://draft-16-manish.cloudflare.mediaoverquic.com:443/moq \
	-e TLS_DISABLE_VERIFY=false \
	ghcr.io/englishm/moq-interop-runner-moq-test-client-draft-16:latest
TAP version 14
# moq-test-client v0.1.0
# Relay: https://draft-16-manish.cloudflare.mediaoverquic.com/moq
1..6
ok 1 - setup-only
  ---
  duration_ms: 167
  connection_id: 9aa446235a0ceb259ac520b2dfd7aa59
  ...
ok 2 - announce-only
  ---
  duration_ms: 2266
  connection_id: 33cd22e2caf666c66dd00ed1cf239bd5
  ...
ok 3 - subscribe-error
  ---
  duration_ms: 211
  connection_id: a5ade7e1b519d344337e91abf92a9c94
  ...
ok 4 - announce-subscribe
  ---
  duration_ms: 3356
  publisher_connection_id: 6a5b747db89b4b4ffc43c990648d9ef2
  subscriber_connection_id: 141dee3c05d4649a27a3fdf10e09bdfc
  ...
ok 5 - subscribe-before-announce
  ---
  duration_ms: 3903
  subscriber_connection_id: 39efd17e97bc710de64024a42c10786e
  publisher_connection_id: 803623d4f7cf2eb7f6f243c83b36cbc7
  ...
ok 6 - publish-namespace-done
  ---
  duration_ms: 2286
  connection_id: 6582b83eadb7cf14f1a74cf8670e3a70
  ...
make[1]: Leaving directory '/home/runner/work/moq-interop-runner/moq-interop-runner/main'
