make[1]: Entering directory '/home/runner/work/moq-interop-runner/moq-interop-runner/main'
Running tests against moqt://us-west-2.relay.quicr.org:33437...
  Client: ghcr.io/englishm/moq-interop-runner-moq-test-client:latest
docker run --rm \
	--network host \
	-e RELAY_URL=moqt://us-west-2.relay.quicr.org:33437 \
	-e TLS_DISABLE_VERIFY=1 \
	ghcr.io/englishm/moq-interop-runner-moq-test-client:latest
TAP version 14
# moq-test-client v0.1.0
# Relay: moqt://us-west-2.relay.quicr.org:33437
1..6
ok 1 - setup-only
  ---
  duration_ms: 243
  connection_id: 4c7edf2676893d83bfd0cd68240f3b7d
  ...
ok 2 - announce-only
  ---
  duration_ms: 2393
  connection_id: e99517644fbcd12fdf0c9df2e3374545
  ...
not ok 3 - subscribe-error
  ---
  duration_ms: 10000
  message: "test timed out: deadline has elapsed"
  ...
ok 4 - announce-subscribe
  ---
  duration_ms: 3568
  publisher_connection_id: fd361160177d637dffa033e31b9dd857
  subscriber_connection_id: e5879391215b87ef46a92b9611daa7dd
  ...
ok 5 - subscribe-before-announce
  ---
  duration_ms: 5102
  subscriber_connection_id: d9f141602980993b1746e30a33c5b4a4
  publisher_connection_id: eb84e766f540a8cad16b8e1f9cd8b49d
  ...
ok 6 - publish-namespace-done
  ---
  duration_ms: 2279
  connection_id: a7573cdcd96633e9c7709a925ed16579
  ...
make[1]: *** [Makefile:91: test-external] Error 1
make[1]: Leaving directory '/home/runner/work/moq-interop-runner/moq-interop-runner/main'
