make[1]: Entering directory '/home/runner/work/moq-interop-runner/moq-interop-runner/main'
Running tests against moqt://fb.mvfst.net:9448...
  Client: ghcr.io/englishm/moq-interop-runner-moq-test-client-draft-16:latest
docker run --rm \
	--network host \
	-e RELAY_URL=moqt://fb.mvfst.net:9448 \
	-e TLS_DISABLE_VERIFY=1 \
	ghcr.io/englishm/moq-interop-runner-moq-test-client-draft-16:latest
TAP version 14
# moq-test-client v0.1.0
# Relay: moqt://fb.mvfst.net:9448
1..6
ok 1 - setup-only
  ---
  duration_ms: 70
  connection_id: ed8d47674e4255afc104cda4c2299e8d
  ...
ok 2 - announce-only
  ---
  duration_ms: 2087
  connection_id: a027a7be3ab15aa0884c6e95f53859e4
  ...
ok 3 - subscribe-error
  ---
  duration_ms: 47
  connection_id: 419583e3985efbec42d0d2b112e07894
  ...
ok 4 - announce-subscribe
  ---
  duration_ms: 84
  publisher_connection_id: 43a9c32fdc03f393a8b3e67378b4917d
  subscriber_connection_id: 8ddcbafc66d038e75018b685e13d60a6
  ...
ok 5 - subscribe-before-announce
  ---
  duration_ms: 3688
  subscriber_connection_id: f886196f2bf05d3392a3e1d9a0f79c28
  publisher_connection_id: a7b8c6ee6ddf14f9087e05f22ffdf373
  ...
ok 6 - publish-namespace-done
  ---
  duration_ms: 2139
  connection_id: 61b470b9fc045843acd98241e0a1877a
  ...
make[1]: Leaving directory '/home/runner/work/moq-interop-runner/moq-interop-runner/main'
