make[1]: Entering directory '/home/runner/work/moq-interop-runner/moq-interop-runner/main'
Running tests against https://fb.mvfst.net:9448/moq-relay...
  Client: ghcr.io/englishm/moq-interop-runner-moq-test-client:latest
docker run --rm \
	--network host \
	-e RELAY_URL=https://fb.mvfst.net:9448/moq-relay \
	-e TLS_DISABLE_VERIFY=1 \
	ghcr.io/englishm/moq-interop-runner-moq-test-client:latest
TAP version 14
# moq-test-client v0.1.0
# Relay: https://fb.mvfst.net:9448/moq-relay
1..6
ok 1 - setup-only
  ---
  duration_ms: 60
  connection_id: 2aa02e5b70a3eac28823a02c878d0147
  ...
ok 2 - announce-only
  ---
  duration_ms: 2066
  connection_id: 1c4aa6b2ba1a14249d80f2d3663339a2
  ...
ok 3 - subscribe-error
  ---
  duration_ms: 62
  connection_id: dca8b8bb288ec023e8eb3b99da76ab1c
  ...
ok 4 - announce-subscribe
  ---
  duration_ms: 115
  publisher_connection_id: c1bffd0b01ef41e49001688e6f9bfe37
  subscriber_connection_id: f9557435d95440efdbd410a54348c50f
  ...
ok 5 - subscribe-before-announce
  ---
  duration_ms: 3601
  subscriber_connection_id: 08a5495d693130d42740a355a65b020b
  publisher_connection_id: b488e2ccf35c3b6d587053f92d493733
  ...
ok 6 - publish-namespace-done
  ---
  duration_ms: 2178
  connection_id: 80629bda7479f885bd2cb1fa43fa7464
  ...
make[1]: Leaving directory '/home/runner/work/moq-interop-runner/moq-interop-runner/main'
