make[1]: Entering directory '/home/runner/work/moq-interop-runner/moq-interop-runner/main'
Running tests against https://fb.mvfst.net:9448/moq-relay...
  Client: ghcr.io/englishm/moq-interop-runner-moq-test-client:latest
docker run --rm \
	--network host \
	-e RELAY_URL=https://fb.mvfst.net:9448/moq-relay \
	-e TLS_DISABLE_VERIFY=1 \
	ghcr.io/englishm/moq-interop-runner-moq-test-client:latest
TAP version 14
# moq-test-client v0.1.0
# Relay: https://fb.mvfst.net:9448/moq-relay
1..6
ok 1 - setup-only
  ---
  duration_ms: 217
  connection_id: 7b26f4595f10405af0c30c2eff3eb2b5
  ...
ok 2 - announce-only
  ---
  duration_ms: 2171
  connection_id: 0b9351b0a987ef6a4725b96babfefa19
  ...
ok 3 - subscribe-error
  ---
  duration_ms: 167
  connection_id: 0534ddb24c63d825acafcdf519448a33
  ...
ok 4 - announce-subscribe
  ---
  duration_ms: 263
  publisher_connection_id: 38613d02c72c353d50535aed8ae539be
  subscriber_connection_id: 3dac742f0078392fcf1e162b250dfb76
  ...
ok 5 - subscribe-before-announce
  ---
  duration_ms: 3709
  subscriber_connection_id: 40f691d87e8f907f6515fc992f94024a
  publisher_connection_id: 4f9ae0c6dc853c4790a9df757fa6f1f1
  ...
ok 6 - publish-namespace-done
  ---
  duration_ms: 2177
  connection_id: 1b4d1e863cdef09d7e1dd535cd0fb076
  ...
make[1]: Leaving directory '/home/runner/work/moq-interop-runner/moq-interop-runner/main'
