make[1]: Entering directory '/home/runner/work/moq-interop-runner/moq-interop-runner/main'
Running tests against https://relay.moqtail.dev...
  Client: ghcr.io/englishm/moq-interop-runner-moq-test-client:latest
docker run --rm \
	--network host \
	-e RELAY_URL=https://relay.moqtail.dev \
	-e TLS_DISABLE_VERIFY=false \
	ghcr.io/englishm/moq-interop-runner-moq-test-client:latest
TAP version 14
# moq-test-client v0.1.0
# Relay: https://relay.moqtail.dev/
1..6
ok 1 - setup-only
  ---
  duration_ms: 130
  connection_id: f998648d9df64a0cf6a6556a49d82512
  ...
ok 2 - announce-only
  ---
  duration_ms: 2137
  connection_id: 0460409cf9caed269984af2c23117ed9
  ...
ok 3 - subscribe-error
  ---
  duration_ms: 130
  connection_id: 0e826d06cefc87fbbee87106e13a9830
  ...
ok 4 - announce-subscribe
  ---
  duration_ms: 273
  publisher_connection_id: 85264cf83dbea3214e15c3c238d9baa9
  subscriber_connection_id: 47fe5ea762349c4f2d950edd84dd51f4
  ...
ok 5 - subscribe-before-announce
  ---
  duration_ms: 3784
  subscriber_connection_id: 2f77fe9cbe4b8608444a73dd98b801c6
  publisher_connection_id: 7625e0a6e43c80082ab999565b55cf19
  ...
ok 6 - publish-namespace-done
  ---
  duration_ms: 2291
  connection_id: 5057869cba35fdf650a498b3a20fe27e
  ...
make[1]: Leaving directory '/home/runner/work/moq-interop-runner/moq-interop-runner/main'
