make[1]: Entering directory '/home/runner/work/moq-interop-runner/moq-interop-runner/main'
Running tests against https://us-west-2.relay.quicr.org:33437/relay...
  Client: moq-test-client:latest
docker run --rm \
	--network host \
	-e RELAY_URL=https://us-west-2.relay.quicr.org:33437/relay \
	-e TLS_DISABLE_VERIFY=1 \
	moq-test-client:latest
TAP version 14
# moq-test-client v0.1.0
# Relay: https://us-west-2.relay.quicr.org:33437/relay
1..6
ok 1 - setup-only
  ---
  duration_ms: 350
  connection_id: a64d92bfa93f29cf084eb65292c87b94
  ...
ok 2 - announce-only
  ---
  duration_ms: 2330
  connection_id: 3a0a9e2da600381e5b83f86f051d8caf
  ...
not ok 3 - subscribe-error
  ---
  duration_ms: 10001
  message: "test timed out: deadline has elapsed"
  ...
ok 4 - announce-subscribe
  ---
  duration_ms: 3616
  publisher_connection_id: 9f1301192f893e21a74486bf754d903a
  subscriber_connection_id: fad263de2023c7847b0a007e8bbc7bd3
  ...
ok 5 - subscribe-before-announce
  ---
  duration_ms: 5034
  subscriber_connection_id: debd8046e8812be08d26b7e1e15917e2
  publisher_connection_id: ef1e64d4a7b13ae6118a74741ff24548
  ...
ok 6 - publish-namespace-done
  ---
  duration_ms: 2510
  connection_id: 9476b591b46be9829c802474ae8dcdf8
  ...
make[1]: *** [Makefile:91: test-external] Error 1
make[1]: Leaving directory '/home/runner/work/moq-interop-runner/moq-interop-runner/main'
