make[1]: Entering directory '/home/runner/work/moq-interop-runner/moq-interop-runner/main'
Running tests against moqt://us-west-2.relay.quicr.org:33437...
  Client: moq-test-client:latest
docker run --rm \
	--network host \
	-e RELAY_URL=moqt://us-west-2.relay.quicr.org:33437 \
	-e TLS_DISABLE_VERIFY=1 \
	moq-test-client:latest
TAP version 14
# moq-test-client v0.1.0
# Relay: moqt://us-west-2.relay.quicr.org:33437
1..6
ok 1 - setup-only
  ---
  duration_ms: 205
  connection_id: 70800563b65bb5cbfb442e773ed28d52
  ...
ok 2 - announce-only
  ---
  duration_ms: 2159
  connection_id: ef90c54f2ccd0ce5b41a28848c7365d3
  ...
not ok 3 - subscribe-error
  ---
  duration_ms: 10001
  message: "test timed out: deadline has elapsed"
  ...
ok 4 - announce-subscribe
  ---
  duration_ms: 3399
  publisher_connection_id: b9ae740aa441b3a75d337f49dc1c7e1a
  subscriber_connection_id: 738641553d8817cc41e812f776ad7034
  ...
ok 5 - subscribe-before-announce
  ---
  duration_ms: 4926
  subscriber_connection_id: a70aaa6abc06cf576d5c19a27c1f4415
  publisher_connection_id: 93777d8b8f4ad6493fd7b659e6c86a23
  ...
ok 6 - publish-namespace-done
  ---
  duration_ms: 2289
  connection_id: c42f52f70e314b7d12674abcb121fb3f
  ...
make[1]: *** [Makefile:91: test-external] Error 1
make[1]: Leaving directory '/home/runner/work/moq-interop-runner/moq-interop-runner/main'
