make[1]: Entering directory '/home/runner/work/moq-interop-runner/moq-interop-runner/main'
Running tests against https://draft-16-manish.cloudflare.mediaoverquic.com:443/moq...
  Client: ghcr.io/englishm/moq-interop-runner-moq-test-client-draft-16:latest
docker run --rm \
	--network host \
	-e RELAY_URL=https://draft-16-manish.cloudflare.mediaoverquic.com:443/moq \
	-e TLS_DISABLE_VERIFY=false \
	ghcr.io/englishm/moq-interop-runner-moq-test-client-draft-16:latest
TAP version 14
# moq-test-client v0.1.0
# Relay: https://draft-16-manish.cloudflare.mediaoverquic.com/moq
1..6
ok 1 - setup-only
  ---
  duration_ms: 237
  connection_id: 7ff7e60e731369486ee713c5b18fc845
  ...
ok 2 - announce-only
  ---
  duration_ms: 2228
  connection_id: 922422a290658bc90a77034217599b7a
  ...
ok 3 - subscribe-error
  ---
  duration_ms: 268
  connection_id: f3f51e751b55d6f07e90e48ba59b4c9a
  ...
ok 4 - announce-subscribe
  ---
  duration_ms: 520
  publisher_connection_id: 6b71d9ed708f7e84115a547d28315c75
  subscriber_connection_id: bd7bea6f61bd12ebc65a768212a86604
  ...
ok 5 - subscribe-before-announce
  ---
  duration_ms: 4029
  subscriber_connection_id: ec92239eab068885ce352c11d9e3ab3e
  publisher_connection_id: 56319aa86940a8dcf4b856760d34bf68
  ...
ok 6 - publish-namespace-done
  ---
  duration_ms: 2358
  connection_id: dd79fd5a2cbd80a0f228eec655141d0a
  ...
make[1]: Leaving directory '/home/runner/work/moq-interop-runner/moq-interop-runner/main'
