make[1]: Entering directory '/home/runner/work/moq-interop-runner/moq-interop-runner/main'
Running tests against https://relay.moqtail.dev...
  Client: ghcr.io/englishm/moq-interop-runner-moq-test-client:latest
docker run --rm \
	--network host \
	-e RELAY_URL=https://relay.moqtail.dev \
	-e TLS_DISABLE_VERIFY=false \
	ghcr.io/englishm/moq-interop-runner-moq-test-client:latest
TAP version 14
# moq-test-client v0.1.0
# Relay: https://relay.moqtail.dev/
1..6
ok 1 - setup-only
  ---
  duration_ms: 270
  connection_id: a80ebd19fdc24d601f60f167eb2c2351
  ...
ok 2 - announce-only
  ---
  duration_ms: 2246
  connection_id: f47eeae0a521a8f21b3f82b68536717f
  ...
ok 3 - subscribe-error
  ---
  duration_ms: 364
  connection_id: df69a2bd8ea83da27d2f37649e4d0951
  ...
ok 4 - announce-subscribe
  ---
  duration_ms: 3533
  publisher_connection_id: 3cff1705bcddd302a62ef4c6abd7975e
  subscriber_connection_id: 48fb0e18a7c115f445ee51e14a537fe5
  ...
ok 5 - subscribe-before-announce
  ---
  duration_ms: 4020
  subscriber_connection_id: 847123582b03b31b95f882f88745e721
  publisher_connection_id: 2696c67c8e40cb52a41e159b4f15311e
  ...
ok 6 - publish-namespace-done
  ---
  duration_ms: 2437
  connection_id: c95828932a950e5d9eebeadb0734f522
  ...
make[1]: Leaving directory '/home/runner/work/moq-interop-runner/moq-interop-runner/main'
