make[1]: Entering directory '/home/runner/work/moq-interop-runner/moq-interop-runner/main'
Running tests against moqt://us-west-2.relay.quicr.org:33437...
  Client: ghcr.io/englishm/moq-interop-runner-moq-test-client:latest
docker run --rm \
	--network host \
	-e RELAY_URL=moqt://us-west-2.relay.quicr.org:33437 \
	-e TLS_DISABLE_VERIFY=1 \
	ghcr.io/englishm/moq-interop-runner-moq-test-client:latest
TAP version 14
# moq-test-client v0.1.0
# Relay: moqt://us-west-2.relay.quicr.org:33437
1..6
ok 1 - setup-only
  ---
  duration_ms: 76
  connection_id: 0de8c4bb432e5e689ba849445bedf88c
  ...
ok 2 - announce-only
  ---
  duration_ms: 2054
  connection_id: 96889eba71f1ab50ed3c0f52c9fc338b
  ...
not ok 3 - subscribe-error
  ---
  duration_ms: 10001
  message: "test timed out: deadline has elapsed"
  ...
ok 4 - announce-subscribe
  ---
  duration_ms: 3115
  publisher_connection_id: 8d1695a0877fc50e375f28578789a9c0
  subscriber_connection_id: 766924651e7b0cb32e73c493edee89b6
  ...
ok 5 - subscribe-before-announce
  ---
  duration_ms: 4652
  subscriber_connection_id: 59655877e3e334340e3176f770280c30
  publisher_connection_id: 300709b630f7d441eb20129c7bc561d0
  ...
ok 6 - publish-namespace-done
  ---
  duration_ms: 2155
  connection_id: f8e1f6b759c70b662a446cfeb616e2d7
  ...
make[1]: *** [Makefile:91: test-external] Error 1
make[1]: Leaving directory '/home/runner/work/moq-interop-runner/moq-interop-runner/main'
