make[1]: Entering directory '/home/runner/work/moq-interop-runner/moq-interop-runner/main'
Running tests against moqt://draft-14.cloudflare.mediaoverquic.com:443...
  Client: ghcr.io/englishm/moq-interop-runner-moq-test-client:latest
docker run --rm \
	--network host \
	-e RELAY_URL=moqt://draft-14.cloudflare.mediaoverquic.com:443 \
	-e TLS_DISABLE_VERIFY=false \
	ghcr.io/englishm/moq-interop-runner-moq-test-client:latest
TAP version 14
# moq-test-client v0.1.0
# Relay: moqt://draft-14.cloudflare.mediaoverquic.com:443
1..6
ok 1 - setup-only
  ---
  duration_ms: 155
  connection_id: c7c9804ea56a1483bd35f90b352ea9a2
  ...
ok 2 - announce-only
  ---
  duration_ms: 2023
  connection_id: 674bb141c9d620cb1e7fd545a115bbee
  ...
ok 3 - subscribe-error
  ---
  duration_ms: 401
  connection_id: 19802d00f711818bbea9e8892e9ced9a
  ...
ok 4 - announce-subscribe
  ---
  duration_ms: 578
  publisher_connection_id: e705196161d7c82d4b29d7f21e335c7a
  subscriber_connection_id: ccf11900851f60fec5ecf8ac2c23465d
  ...
ok 5 - subscribe-before-announce
  ---
  duration_ms: 3529
  subscriber_connection_id: 08f2a3c66e5ffe9692066fe0b51d1690
  publisher_connection_id: a48245465a4a8268b0623becbda03618
  ...
ok 6 - publish-namespace-done
  ---
  duration_ms: 2125
  connection_id: 65894fb7f7046b7cbd05bc681a903902
  ...
make[1]: Leaving directory '/home/runner/work/moq-interop-runner/moq-interop-runner/main'
