make[1]: Entering directory '/home/runner/work/moq-interop-runner/moq-interop-runner/main'
Running tests against moqt://lminiero.it:9000...
  Client: ghcr.io/englishm/moq-interop-runner-moq-test-client:latest
docker run --rm \
	--network host \
	-e RELAY_URL=moqt://lminiero.it:9000 \
	-e TLS_DISABLE_VERIFY=false \
	ghcr.io/englishm/moq-interop-runner-moq-test-client:latest
TAP version 14
# moq-test-client v0.1.0
# Relay: moqt://lminiero.it:9000
1..6
ok 1 - setup-only
  ---
  duration_ms: 244
  connection_id: 02d4b08626a4e1a35d70c29ec66915f2
  ...
ok 2 - announce-only
  ---
  duration_ms: 2243
  connection_id: 810809bcb9257b5e8919573c8f8a4530
  ...
ok 3 - subscribe-error
  ---
  duration_ms: 363
  connection_id: d7dbc1bacb2c278a7098c4938020ddea
  ...
ok 4 - announce-subscribe
  ---
  duration_ms: 875
  publisher_connection_id: 7cbb4b0a8888277f007ac7106f3da1ed
  subscriber_connection_id: 224f8342d64c430ff336d0a06bad4956
  ...
ok 5 - subscribe-before-announce
  ---
  duration_ms: 4259
  subscriber_connection_id: 4763127de9ec96b0abf64a2d005bd13b
  publisher_connection_id: 527522635fa7c42cfae7e7b1a1f302b0
  ...
ok 6 - publish-namespace-done
  ---
  duration_ms: 2332
  connection_id: 0b8f69d1a2a9f5c63f975078ac6acca8
  ...
make[1]: Leaving directory '/home/runner/work/moq-interop-runner/moq-interop-runner/main'
