make[1]: Entering directory '/home/runner/work/moq-interop-runner/moq-interop-runner/main'
Running tests against https://us-west-2.relay.quicr.org:33437/relay...
  Client: ghcr.io/englishm/moq-interop-runner-moq-test-client:latest
docker run --rm \
	--network host \
	-e RELAY_URL=https://us-west-2.relay.quicr.org:33437/relay \
	-e TLS_DISABLE_VERIFY=1 \
	ghcr.io/englishm/moq-interop-runner-moq-test-client:latest
TAP version 14
# moq-test-client v0.1.0
# Relay: https://us-west-2.relay.quicr.org:33437/relay
1..6
ok 1 - setup-only
  ---
  duration_ms: 238
  connection_id: 536eb5211c72f33441e17aa3363ea935
  ...
ok 2 - announce-only
  ---
  duration_ms: 2234
  connection_id: 6a7484eda80c90a49299c39561c62996
  ...
not ok 3 - subscribe-error
  ---
  duration_ms: 10001
  message: "test timed out: deadline has elapsed"
  ...
ok 4 - announce-subscribe
  ---
  duration_ms: 3546
  publisher_connection_id: e744c8d7e3b7cc621821b85ba23e550d
  subscriber_connection_id: ac94739be88ca60d4c70487b7595b576
  ...
ok 5 - subscribe-before-announce
  ---
  duration_ms: 4979
  subscriber_connection_id: f411570db45993d360f9e960bcd82c37
  publisher_connection_id: efeb9c443f5d8d7a922b8171d71f07ab
  ...
ok 6 - publish-namespace-done
  ---
  duration_ms: 2526
  connection_id: 153c6c2a223a3020df6e877239313b2d
  ...
make[1]: *** [Makefile:91: test-external] Error 1
make[1]: Leaving directory '/home/runner/work/moq-interop-runner/moq-interop-runner/main'
