make[1]: Entering directory '/home/runner/work/moq-interop-runner/moq-interop-runner/main'
Running tests against moqt://us-west-2.relay.quicr.org:33437...
  Client: ghcr.io/englishm/moq-interop-runner-moq-test-client:latest
docker run --rm \
	--network host \
	-e RELAY_URL=moqt://us-west-2.relay.quicr.org:33437 \
	-e TLS_DISABLE_VERIFY=1 \
	ghcr.io/englishm/moq-interop-runner-moq-test-client:latest
TAP version 14
# moq-test-client v0.1.0
# Relay: moqt://us-west-2.relay.quicr.org:33437
1..6
ok 1 - setup-only
  ---
  duration_ms: 131
  connection_id: 1d8216cd532f56cdc762654f02c4157d
  ...
ok 2 - announce-only
  ---
  duration_ms: 2128
  connection_id: 361c437378eee5c125d9a4ebe28a0270
  ...
not ok 3 - subscribe-error
  ---
  duration_ms: 10001
  message: "test timed out: deadline has elapsed"
  ...
ok 4 - announce-subscribe
  ---
  duration_ms: 3326
  publisher_connection_id: dfc52fa3f4c2e430750daedf31553a7a
  subscriber_connection_id: 4a0e0cf9c905801b8aa268259add000a
  ...
ok 5 - subscribe-before-announce
  ---
  duration_ms: 4876
  subscriber_connection_id: af66874b9ea2fab7b4e6bde7178ea746
  publisher_connection_id: e2622a23a29e1d3e9b079e635dc2987f
  ...
ok 6 - publish-namespace-done
  ---
  duration_ms: 2256
  connection_id: 611821c0ea1d2b22d423a87778bf398a
  ...
make[1]: *** [Makefile:91: test-external] Error 1
make[1]: Leaving directory '/home/runner/work/moq-interop-runner/moq-interop-runner/main'
