make[1]: Entering directory '/home/runner/work/moq-interop-runner/moq-interop-runner/main'
Running tests against https://us-west-2.relay.quicr.org:33437/relay...
  Client: ghcr.io/facebookexperimental/moxygen-interop-client:latest-amd64
docker run --rm \
	--network host \
	-e RELAY_URL=https://us-west-2.relay.quicr.org:33437/relay \
	-e TLS_DISABLE_VERIFY=1 \
	ghcr.io/facebookexperimental/moxygen-interop-client:latest-amd64
TAP version 14
# moxygen interop test client
# Relay: https://us-west-2.relay.quicr.org:33437/relay
# Transport: WebTransport
1..6
W0218 00:39:50.940104     1 MoQWebTransportClient.cpp:180] WebTransport: No WT-Protocol header in response, will use legacy version negotiation
E0218 00:39:50.998081     1 MoQSession.cpp:2573] proxygen::WebTransport::Exception: session terminated with error=386759528 id=4 sess=0x5571c1f70de0
ok 1 - setup-only
  ---
  duration_ms: 178
  info: SETUP exchange completed successfully
  ...
E20260218 00:39:51.054967     1 HQSession.cpp:530] Connection closed with error err=100 msg=Client closed by peer reason= proto=h3, client CID=, server CID=0d748e0dbc5c60af, local=10.1.0.131:50096, 35.95.73.240:33437=upstream, drain=done
W0218 00:39:51.160428     1 MoQWebTransportClient.cpp:180] WebTransport: No WT-Protocol header in response, will use legacy version negotiation
W0218 00:39:51.216550     1 MoQSession.cpp:4518] Issuing request that will fail; nextRequestID_=0 peerMaxRequestID_=0 sess=0x5571c1f88e40
E0218 00:39:51.271318     1 MoQRelaySession.cpp:681] PublishNamespaceDone for unknown publishNamespace, sess=0x5571c1f88e40
E0218 00:39:51.271457     1 MoQSession.cpp:2573] proxygen::WebTransport::Exception: session terminated with error=386759528 id=4 sess=0x5571c1f88e40
ok 2 - announce-only
  ---
  duration_ms: 273
  info: PUBLISH_NAMESPACE completed successfully
  ...
E20260218 00:39:51.325970     1 HQSession.cpp:530] Connection closed with error err=100 msg=Client closed by peer reason= proto=h3, client CID=, server CID=26cec2d4da88d578, local=10.1.0.131:40130, 35.95.73.240:33437=upstream, drain=done
W0218 00:39:51.398669     1 MoQWebTransportClient.cpp:180] WebTransport: No WT-Protocol header in response, will use legacy version negotiation
W0218 00:39:51.461385     1 MoQSession.cpp:4518] Issuing request that will fail; nextRequestID_=0 peerMaxRequestID_=0 sess=0x5571c1f05cf0
W0218 00:39:51.523069     1 MoQFramer.cpp:698] parseParams: ignoring param not allowed for frame type at param index=0, key=32
not ok 3 - subscribe-error
  ---
  duration_ms: 251
  error: Subscribe succeeded (relay accepted non-existent track)
  ...
E0218 00:39:51.523237     1 MoQSession.cpp:2573] proxygen::WebTransport::Exception: session terminated with error=386759528 id=4 sess=0x5571c1f05cf0
E20260218 00:39:51.584590     1 HQSession.cpp:530] Connection closed with error err=100 msg=Client closed by peer reason= proto=h3, client CID=, server CID=5b716c896b9a4681, local=10.1.0.131:43931, 35.95.73.240:33437=upstream, drain=done
W0218 00:39:51.648870     1 MoQWebTransportClient.cpp:180] WebTransport: No WT-Protocol header in response, will use legacy version negotiation
W0218 00:39:51.709084     1 MoQSession.cpp:4518] Issuing request that will fail; nextRequestID_=0 peerMaxRequestID_=0 sess=0x5571c1f8b5a0
W0218 00:39:51.886452     1 MoQWebTransportClient.cpp:180] WebTransport: No WT-Protocol header in response, will use legacy version negotiation
W0218 00:39:51.944069     1 MoQSession.cpp:4518] Issuing request that will fail; nextRequestID_=0 peerMaxRequestID_=0 sess=0x5571c1f9f900
W0218 00:39:52.001008     1 MoQFramer.cpp:698] parseParams: ignoring param not allowed for frame type at param index=0, key=32
E0218 00:39:52.001275     1 MoQSession.cpp:2573] proxygen::WebTransport::Exception: session terminated with error=386759528 id=4 sess=0x5571c1f9f900
E0218 00:39:52.001294     1 MoQSession.cpp:2573] proxygen::WebTransport::Exception: session terminated with error=386759528 id=4 sess=0x5571c1f8b5a0
ok 4 - announce-subscribe
  ---
  duration_ms: 477
  info: Publisher announced, subscriber subscribed successfully
  ...
E20260218 00:39:52.058632     1 HQSession.cpp:530] Connection closed with error err=100 msg=Client closed by peer reason= proto=h3, client CID=, server CID=961a5cbd393f3c6c, local=10.1.0.131:42474, 35.95.73.240:33437=upstream, drain=done
E20260218 00:39:52.060168     1 HQSession.cpp:530] Connection closed with error err=100 msg=Client closed by peer reason= proto=h3, client CID=, server CID=38d8e9f9be095cfd, local=10.1.0.131:48530, 35.95.73.240:33437=upstream, drain=done
W0218 00:39:52.119703     1 MoQWebTransportClient.cpp:180] WebTransport: No WT-Protocol header in response, will use legacy version negotiation
W0218 00:39:52.177820     1 MoQSession.cpp:4518] Issuing request that will fail; nextRequestID_=0 peerMaxRequestID_=0 sess=0x5571c1f840b0
E0218 00:39:52.235448     1 MoQSession.cpp:2573] proxygen::WebTransport::Exception: session terminated with error=386759528 id=4 sess=0x5571c1f840b0
ok 5 - publish-namespace-done
  ---
  duration_ms: 234
  info: PUBLISH_NAMESPACE_OK received, PUBLISH_NAMESPACE_DONE sent
  ...
E20260218 00:39:52.293977     1 HQSession.cpp:530] Connection closed with error err=100 msg=Client closed by peer reason= proto=h3, client CID=, server CID=3b8e6f9acc11a71c, local=10.1.0.131:55749, 35.95.73.240:33437=upstream, drain=done
W0218 00:39:52.354081     1 MoQWebTransportClient.cpp:180] WebTransport: No WT-Protocol header in response, will use legacy version negotiation
W0218 00:39:52.412606     1 MoQSession.cpp:4518] Issuing request that will fail; nextRequestID_=0 peerMaxRequestID_=0 sess=0x5571c1f52010
W0218 00:39:52.469649     1 MoQFramer.cpp:698] parseParams: ignoring param not allowed for frame type at param index=0, key=32
W0218 00:39:53.035179     1 MoQWebTransportClient.cpp:180] WebTransport: No WT-Protocol header in response, will use legacy version negotiation
W0218 00:39:53.093112     1 MoQSession.cpp:4518] Issuing request that will fail; nextRequestID_=0 peerMaxRequestID_=0 sess=0x5571c1f936c0
*** Aborted at 1771375193 (Unix time, try 'date -d @1771375193') ***
*** Signal 11 (SIGSEGV) (0x28) received by PID 1 (pthread TID 0x7fadeedaa300) (linux TID 1) (code: address not mapped to object), stack trace: ***
    @ 0000000000545161 _ZN5folly10symbolizer12_GLOBAL__N_113signalHandlerEiP9siginfo_tPv
                       /tmp/fbcode_builder_getdeps-ZappZbuildZfbcode_builder-root/repos/github.com-facebook-folly.git/folly/debugging/symbolizer/SignalHandler.cpp:552
    @ 000000000004532f (unknown)
    @ 0000000000145fd2 _ZN7moxygen10MoQSession30setPublisherPriorityFromParamsERKNS_10ParametersERKSt10shared_ptrINS0_18TrackPublisherImplEE
                       /tmp/fbcode_builder_getdeps-ZappZbuildZfbcode_builder-root/repos/github.com-facebookexperimental-moxygen.git/moxygen/MoQSession.cpp:3318
    @ 00000000001671e9 _ZN7moxygen10MoQSession15handleSubscribeEPZNS0_15handleSubscribeENS_16SubscribeRequestESt10shared_ptrINS0_18TrackPublisherImplEEE110_ZN7moxygen10MoQSession15handleSubscribeENS_16SubscribeRequestESt10shared_ptrINS0_18TrackPublisherImplEE.Frame.actor
                       /tmp/fbcode_builder_getdeps-ZappZbuildZfbcode_builder-root/repos/github.com-facebookexperimental-moxygen.git/moxygen/MoQSession.cpp:3305
    @ 00000000005b9ae9 _ZN5folly36resumeCoroutineWithNewAsyncStackRootENSt7__n486116coroutine_handleIvEERNS_15AsyncStackFrameE
                       /usr/include/c++/13/coroutine:135
                       -> /tmp/fbcode_builder_getdeps-ZappZbuildZfbcode_builder-root/repos/github.com-facebook-folly.git/folly/tracing/AsyncStack.cpp
    @ 0000000000128c43 _ZN5folly6detail8function5call_IZNS_4coro16TaskWithExecutorIvE7Awaiter13await_suspendINS3_6detail18InlineTaskDetached12promise_typeEEEvNSt7__n486116coroutine_handleIT_EEEUlvE_Lb1ELb0EvJEEET2_DpT3_RNS1_4DataE
                       /tmp/fbcode_builder_getdeps-ZappZbuildZfbcode_builder-root/installed/folly/include/folly/tracing/AsyncStack-inl.h:88
                       -> /tmp/fbcode_builder_getdeps-ZappZbuildZfbcode_builder-root/repos/github.com-facebookexperimental-moxygen.git/moxygen/MoQRelaySession.cpp
    @ 000000000052e85e _ZN5folly9EventBase20FunctionLoopCallback15runLoopCallbackEv
                       /tmp/fbcode_builder_getdeps-ZappZbuildZfbcode_builder-root/repos/github.com-facebook-folly.git/folly/Function.h:370
                       -> /tmp/fbcode_builder_getdeps-ZappZbuildZfbcode_builder-root/repos/github.com-facebook-folly.git/folly/io/async/EventBase.cpp
    @ 00000000005276bd _ZN5folly9EventBase19runLoopCallbackListERN5boost9intrusive4listINS0_12LoopCallbackEJNS2_18constant_time_sizeILb0EEEEEERKNS0_21LoopCallbacksDeadlineE
                       /tmp/fbcode_builder_getdeps-ZappZbuildZfbcode_builder-root/repos/github.com-facebook-folly.git/folly/io/async/EventBase.cpp:1028
    @ 000000000052783c _ZN5folly9EventBase16runLoopCallbacksEv
                       /tmp/fbcode_builder_getdeps-ZappZbuildZfbcode_builder-root/repos/github.com-facebook-folly.git/folly/io/async/EventBase.cpp:1049
    @ 0000000000529a3f _ZN5folly9EventBase8loopMainEiNS0_11LoopOptionsE
                       /tmp/fbcode_builder_getdeps-ZappZbuildZfbcode_builder-root/repos/github.com-facebook-folly.git/folly/io/async/EventBase.cpp:657
    @ 000000000052a5d1 _ZN5folly9EventBase8loopBodyEiNS0_11LoopOptionsE
                       /tmp/fbcode_builder_getdeps-ZappZbuildZfbcode_builder-root/repos/github.com-facebook-folly.git/folly/io/async/EventBase.cpp:539
    @ 0000000000531c90 _ZThn16_N5folly9EventBase5driveEv
                       /tmp/fbcode_builder_getdeps-ZappZbuildZfbcode_builder-root/repos/github.com-facebook-folly.git/folly/io/async/EventBase.h:925
                       -> /tmp/fbcode_builder_getdeps-ZappZbuildZfbcode_builder-root/repos/github.com-facebook-folly.git/folly/io/async/EventBase.cpp
    @ 00000000001180b8 _ZNO5folly4coro6detail16BlockingWaitTaskIRN7moxygen17InteropTestResultEE6getViaEPNS_16DrivableExecutorERNS_15AsyncStackFrameE
                       /tmp/fbcode_builder_getdeps-ZappZbuildZfbcode_builder-root/installed/folly/include/folly/coro/BlockingWait.h:230
                       -> /tmp/fbcode_builder_getdeps-ZappZbuildZfbcode_builder-root/repos/github.com-facebookexperimental-moxygen.git/moxygen/moqtest/interop/MoQInteropClientMain.cpp
    @ 0000000000113a10 _ZNK5folly4coro16blocking_wait_fnclINS0_16TaskWithExecutorIN7moxygen17InteropTestResultEEELi0EEENS0_6detail22decay_rvalue_referenceINS0_12await_resultIDTclL_ZNS0_11folly_cpo__13co_viaIfAsyncEEclscPDoFNS_17ExecutorKeepAliveINS_8ExecutorEEEvELDnEEclscPDoFT_vELDnEEEEvE4typeEE4typeEOSG_PNS_16DrivableExecutorE.isra.0
                       /tmp/fbcode_builder_getdeps-ZappZbuildZfbcode_builder-root/installed/folly/include/folly/coro/BlockingWait.h:408
                       -> /tmp/fbcode_builder_getdeps-ZappZbuildZfbcode_builder-root/repos/github.com-facebookexperimental-moxygen.git/moxygen/moqtest/interop/MoQInteropClientMain.cpp
    @ 00000000000f08e2 main
                       /tmp/fbcode_builder_getdeps-ZappZbuildZfbcode_builder-root/repos/github.com-facebookexperimental-moxygen.git/moxygen/moqtest/interop/MoQInteropClientMain.cpp:200
    @ 000000000002a1c9 (unknown)
    @ 000000000002a28a __libc_start_main
    @ 00000000000f6be4 _start

*** Check failure async stack trace: ***
*** First async stack root: 0x7ffe4ac25080, normal stack frame pointer holding async stack root: 0x7ffe4ac250c0, return address: 0x5571b97d8c44 ***
*** First async stack frame pointer: 0x5571c1f8bb80, return address: 0x5571b9c69aea, async stack trace: ***
    @ 00000000001757d4 _ZN7moxygen10MoQSession11onSubscribeENS_16SubscribeRequestE
                       /tmp/fbcode_builder_getdeps-ZappZbuildZfbcode_builder-root/repos/github.com-facebookexperimental-moxygen.git/moxygen/MoQSession.cpp:3262
    @ 00000000000f6469 _ZN5follyL13detached_taskEv
                       /tmp/fbcode_builder_getdeps-ZappZbuildZfbcode_builder-root/repos/github.com-facebook-folly.git/folly/tracing/AsyncStack.cpp:169
make[1]: *** [Makefile:91: test-external] Error 139
make[1]: Leaving directory '/home/runner/work/moq-interop-runner/moq-interop-runner/main'
