make[1]: Entering directory '/home/runner/work/moq-interop-runner/moq-interop-runner/main'
Running tests against https://draft-18-interop.cloudflare.mediaoverquic.com:443/moq...
  Client: ghcr.io/englishm/moq-interop-runner-imquic-moq-interop-test:latest
docker run --rm \
	 \
	--network host \
	-e RELAY_URL=https://draft-18-interop.cloudflare.mediaoverquic.com:443/moq \
	-e TLS_DISABLE_VERIFY=false \
	ghcr.io/englishm/moq-interop-runner-imquic-moq-interop-test:latest
TAP version 14
# imquic-moq-interop-test v0.0.2/alpha
# Relay: https://draft-18-interop.cloudflare.mediaoverquic.com:443/moq
1..6
ok 1 - setup-only
not ok 2 - announce-only
  ---
  duration_ms: 2000
  connection_id: 42784f7c67813848
  ---
not ok 3 - publish-namespace-done
  ---
  duration_ms: 2000
  connection_id: e71d30c3be5814e6
  ---
not ok 4 - subscribe-error
  ---
  duration_ms: 2000
  connection_id: c4f8227126c1ebc1
  ---
not ok 5 - announce-subscribe
  ---
  duration_ms: 3000
  publisher_connection_id: 7ea7b75b1f4b4323
  ---
not ok 6 - subscribe-before-announce
  ---
  duration_ms: 3500
  publisher_connection_id: b321a1f4d7e1c2d5
  subscriber_connection_id: 88a0d17b403c3ae2
  ---
make[1]: *** [Makefile:121: test-external] Error 1
make[1]: Leaving directory '/home/runner/work/moq-interop-runner/moq-interop-runner/main'
