make[1]: Entering directory '/home/runner/work/moq-interop-runner/moq-interop-runner/main'
Running tests against https://moqx-main.ci.openmoq.org:4433/moq-relay...
  Client: ghcr.io/englishm/moq-interop-runner-moq-test-client:latest
docker run --rm \
	 \
	--network host \
	-e RELAY_URL=https://moqx-main.ci.openmoq.org:4433/moq-relay \
	-e TLS_DISABLE_VERIFY=false \
	ghcr.io/englishm/moq-interop-runner-moq-test-client:latest
TAP version 14
# moq-test-client v0.1.0
# Relay: https://moqx-main.ci.openmoq.org:4433/moq-relay
1..6
ok 1 - setup-only
  ---
  duration_ms: 1319
  connection_id: 90045596866b48d34fa0729438137ba1
  ...
ok 2 - announce-only
  ---
  duration_ms: 3807
  connection_id: 62e8387941e0096d287fccdbc8af3669
  ...
ok 3 - subscribe-error
  ---
  duration_ms: 454
  connection_id: aa65929b1fa452ae930159e8f025bc31
  ...
ok 4 - announce-subscribe
  ---
  duration_ms: 1014
  publisher_connection_id: 3fa2d64c038f4debfba328e510bb8ef4
  subscriber_connection_id: 81d896e551f4057034c8c111c5f8dfc8
  ...
ok 5 - subscribe-before-announce
  ---
  duration_ms: 4104
  subscriber_connection_id: ee8b931040c1584c4a5ba2ccd24948dd
  publisher_connection_id: 5a2a6f9b620e84bc36a14af54cc3469d
  ...
ok 6 - publish-namespace-done
  ---
  duration_ms: 2409
  connection_id: 74e96ab690e4efe999c24ea38fe48b2d
  ...
make[1]: Leaving directory '/home/runner/work/moq-interop-runner/moq-interop-runner/main'
