make[1]: Entering directory '/home/runner/work/moq-interop-runner/moq-interop-runner/main'
Running tests against https://fb.mvfst.net:9448/moq-relay...
  Client: ghcr.io/englishm/moq-interop-runner-moq-test-client-draft-16:latest
docker run --rm \
	 \
	--network host \
	-e RELAY_URL=https://fb.mvfst.net:9448/moq-relay \
	-e TLS_DISABLE_VERIFY=1 \
	ghcr.io/englishm/moq-interop-runner-moq-test-client-draft-16:latest
TAP version 14
# moq-test-client v0.1.0
# Relay: https://fb.mvfst.net:9448/moq-relay
1..6
ok 1 - setup-only
  ---
  duration_ms: 266
  connection_id: 4626291c0d58c6e398ed260869c558cf
  ...
ok 2 - announce-only
  ---
  duration_ms: 2231
  connection_id: 91fc27b934c6b9ec8fae180f34023aa6
  ...
ok 3 - subscribe-error
  ---
  duration_ms: 296
  connection_id: a2abbeeec874bc87c0b2df67072fa282
  ...
not ok 4 - announce-subscribe
  ---
  duration_ms: 559
  message: "publisher session error: webtransport error: read error: RESET_STREAM: 386759528: read error: RESET_STREAM: 386759528"
  ...
ok 5 - subscribe-before-announce
  ---
  duration_ms: 3932
  subscriber_connection_id: 20d487dec70296c129b8d5a3e7d9eb4d
  publisher_connection_id: 4fba98b4ef9a0c7d33344a3d752f6a3b
  ...
ok 6 - publish-namespace-done
  ---
  duration_ms: 2318
  connection_id: bf6a3d35e72af84ad80a2f23f0307c49
  ...
make[1]: *** [Makefile:121: test-external] Error 1
make[1]: Leaving directory '/home/runner/work/moq-interop-runner/moq-interop-runner/main'
