make[1]: Entering directory '/home/runner/work/moq-interop-runner/moq-interop-runner/main'
Running tests against https://fb.mvfst.net:9448/moq-relay...
  Client: ghcr.io/englishm/moq-interop-runner-moq-test-client:latest
docker run --rm \
	 \
	--network host \
	-e RELAY_URL=https://fb.mvfst.net:9448/moq-relay \
	-e TLS_DISABLE_VERIFY=1 \
	ghcr.io/englishm/moq-interop-runner-moq-test-client:latest
TAP version 14
# moq-test-client v0.1.0
# Relay: https://fb.mvfst.net:9448/moq-relay
1..6
ok 1 - setup-only
  ---
  duration_ms: 236
  connection_id: a482b639b826ac8f252ed21f1b8bf4b2
  ...
ok 2 - announce-only
  ---
  duration_ms: 2210
  connection_id: f17e7f09509811ec880022678746d350
  ...
ok 3 - subscribe-error
  ---
  duration_ms: 342
  connection_id: 836568d4408f6fdb381a0c4e124ff5d3
  ...
ok 4 - announce-subscribe
  ---
  duration_ms: 508
  publisher_connection_id: 05e55ba5c689c73c58b16748cbbf0b3f
  subscriber_connection_id: 391ef72c06c6d3f9ebfc9993b26d35a2
  ...
ok 5 - subscribe-before-announce
  ---
  duration_ms: 3925
  subscriber_connection_id: 60ec42976acbdec6fe08e06f35f8eec1
  publisher_connection_id: 7a0a5446a6492011c483c1421ecb68fd
  ...
ok 6 - publish-namespace-done
  ---
  duration_ms: 2332
  connection_id: 52612ba2d9a6ce604eab8abff0c06fc3
  ...
make[1]: Leaving directory '/home/runner/work/moq-interop-runner/moq-interop-runner/main'
