make[1]: Entering directory '/home/runner/work/moq-interop-runner/moq-interop-runner/main'
Running tests against moqt://lminiero.it:9000...
  Client: ghcr.io/englishm/moq-interop-runner-moq-test-client-draft-18:latest
docker run --rm \
	 \
	--network host \
	-e RELAY_URL=moqt://lminiero.it:9000 \
	-e TLS_DISABLE_VERIFY=false \
	ghcr.io/englishm/moq-interop-runner-moq-test-client-draft-18:latest
TAP version 14
# moq-test-client v0.1.6
# Relay: moqt://lminiero.it:9000
1..6
[2m2026-07-08T01:03:40.152577Z[0m [32m INFO[0m [2mmoq_native_ietf::quic[0m[2m:[0m UDP socket bound [3mbind[0m[2m=[0m[::]:0 [3mlocal[0m[2m=[0m[::]:44447 [3mdual_stack[0m[2m=[0mtrue
[2m2026-07-08T01:03:40.817628Z[0m [32m INFO[0m [2mmoq_test_client::scenarios[0m[2m:[0m SETUP exchange completed successfully
ok 1 - setup-only
  ---
  duration_ms: 666
  connection_id: 92ad9b53a45b04f94d093d8a8aa9dc65
  ...
[2m2026-07-08T01:03:40.818528Z[0m [32m INFO[0m [2mmoq_native_ietf::quic[0m[2m:[0m UDP socket bound [3mbind[0m[2m=[0m[::]:0 [3mlocal[0m[2m=[0m[::]:45759 [3mdual_stack[0m[2m=[0mtrue
[2m2026-07-08T01:03:41.170974Z[0m [32m INFO[0m [2mmoq_test_client::scenarios[0m[2m:[0m Sending PUBLISH_NAMESPACE for: moq-test/interop
not ok 2 - publish-namespace-only
  ---
  duration_ms: 353
  message: "PUBLISH_NAMESPACE failed: too many requests"
  ...
[2m2026-07-08T01:03:41.171954Z[0m [32m INFO[0m [2mmoq_native_ietf::quic[0m[2m:[0m UDP socket bound [3mbind[0m[2m=[0m[::]:0 [3mlocal[0m[2m=[0m[::]:53262 [3mdual_stack[0m[2m=[0mtrue
[2m2026-07-08T01:03:41.822979Z[0m [32m INFO[0m [2mmoq_test_client::scenarios[0m[2m:[0m Subscribing to non-existent track: nonexistent/namespace/test-track
[2m2026-07-08T01:03:41.823007Z[0m [31mERROR[0m [2mmoq_transport::serve::error[0m[2m:[0m [90d2672d-bfb4-4a34-9779-dad26bb46ad1] Internal error: request ID limit: too many requests at /build/moq-transport/src/session/subscriber.rs:191
[2m2026-07-08T01:03:41.823033Z[0m [33m WARN[0m [2mmoq_test_client::scenarios[0m[2m:[0m Got error but not clearly 'not found': internal error: Internal error [error:90d2672d-bfb4-4a34-9779-dad26bb46ad1]. Relay may use different error text.
ok 3 - subscribe-error
  ---
  duration_ms: 651
  connection_id: 88d059d15597ebc8a30c07408bff1e94
  ...
[2m2026-07-08T01:03:41.824002Z[0m [32m INFO[0m [2mmoq_native_ietf::quic[0m[2m:[0m UDP socket bound [3mbind[0m[2m=[0m[::]:0 [3mlocal[0m[2m=[0m[::]:56598 [3mdual_stack[0m[2m=[0mtrue
[2m2026-07-08T01:03:42.151724Z[0m [32m INFO[0m [2mmoq_native_ietf::quic[0m[2m:[0m UDP socket bound [3mbind[0m[2m=[0m[::]:0 [3mlocal[0m[2m=[0m[::]:41758 [3mdual_stack[0m[2m=[0mtrue
[2m2026-07-08T01:03:42.488998Z[0m [32m INFO[0m [2mmoq_test_client::scenarios[0m[2m:[0m Publisher sending PUBLISH_NAMESPACE: moq-test/interop
[2m2026-07-08T01:03:42.489024Z[0m [32m INFO[0m [2mmoq_test_client::scenarios[0m[2m:[0m Subscriber subscribing to track: moq-test/interop/test-track
not ok 4 - publish-namespace-subscribe
  ---
  duration_ms: 666
  message: "publisher PUBLISH_NAMESPACE failed: too many requests"
  ...
[2m2026-07-08T01:03:42.490031Z[0m [32m INFO[0m [2mmoq_native_ietf::quic[0m[2m:[0m UDP socket bound [3mbind[0m[2m=[0m[::]:0 [3mlocal[0m[2m=[0m[::]:45116 [3mdual_stack[0m[2m=[0mtrue
[2m2026-07-08T01:03:42.835603Z[0m [32m INFO[0m [2mmoq_test_client::scenarios[0m[2m:[0m Subscriber subscribing BEFORE PUBLISH_NAMESPACE: moq-test/interop/test-track
[2m2026-07-08T01:03:42.835719Z[0m [31mERROR[0m [2mmoq_transport::serve::error[0m[2m:[0m [9f00aa22-43ce-47e0-8243-abd2c5a41289] Internal error: request ID limit: too many requests at /build/moq-transport/src/session/subscriber.rs:191
[2m2026-07-08T01:03:43.337715Z[0m [32m INFO[0m [2mmoq_native_ietf::quic[0m[2m:[0m UDP socket bound [3mbind[0m[2m=[0m[::]:0 [3mlocal[0m[2m=[0m[::]:60299 [3mdual_stack[0m[2m=[0mtrue
[2m2026-07-08T01:03:43.667729Z[0m [32m INFO[0m [2mmoq_test_client::scenarios[0m[2m:[0m Publisher sending PUBLISH_NAMESPACE (after subscriber): moq-test/interop
not ok 5 - subscribe-before-publish-namespace
  ---
  duration_ms: 1178
  message: "publisher PUBLISH_NAMESPACE failed: too many requests"
  ...
[2m2026-07-08T01:03:43.668655Z[0m [32m INFO[0m [2mmoq_native_ietf::quic[0m[2m:[0m UDP socket bound [3mbind[0m[2m=[0m[::]:0 [3mlocal[0m[2m=[0m[::]:56732 [3mdual_stack[0m[2m=[0mtrue
[2m2026-07-08T01:03:44.005805Z[0m [32m INFO[0m [2mmoq_test_client::scenarios[0m[2m:[0m Sending PUBLISH_NAMESPACE: moq-test/interop
not ok 6 - publish-namespace-done
  ---
  duration_ms: 338
  message: "PUBLISH_NAMESPACE failed: too many requests"
  ...
make[1]: *** [Makefile:121: test-external] Error 1
make[1]: Leaving directory '/home/runner/work/moq-interop-runner/moq-interop-runner/main'
