make[1]: Entering directory '/home/runner/work/moq-interop-runner/moq-interop-runner/main'
Running tests against moqt://moqx-main.ci.openmoq.org:4433...
  Client: ghcr.io/englishm/moq-interop-runner-moq-test-client-draft-16:latest
docker run --rm \
	 \
	--network host \
	-e RELAY_URL=moqt://moqx-main.ci.openmoq.org:4433 \
	-e TLS_DISABLE_VERIFY=false \
	ghcr.io/englishm/moq-interop-runner-moq-test-client-draft-16:latest
TAP version 14
# moq-test-client v0.1.0
# Relay: moqt://moqx-main.ci.openmoq.org:4433
1..6
ok 1 - setup-only
  ---
  duration_ms: 104
  connection_id: 513c079723ee777ebde61543f9f010b8
  ...
ok 2 - announce-only
  ---
  duration_ms: 2245
  connection_id: a94478b522147503870b1855c0acd7a2
  ...
ok 3 - subscribe-error
  ---
  duration_ms: 307
  connection_id: 1ae199b1b3a00123f9fa0c5ae6984cce
  ...
ok 4 - announce-subscribe
  ---
  duration_ms: 3204
  publisher_connection_id: aaf645c914f71f06594982ab6be3404b
  subscriber_connection_id: b77c293dd543ef9a53e73950c56c972c
  ...
ok 5 - subscribe-before-announce
  ---
  duration_ms: 4320
  subscriber_connection_id: 6c8d3b47e7eb7f8c1d79bf0e68b392b5
  publisher_connection_id: 5d08e10ce84542e2c39a8990c7722a88
  ...
ok 6 - publish-namespace-done
  ---
  duration_ms: 2209
  connection_id: a87f588df2b73e0c52821c62f60a80c0
  ...
make[1]: Leaving directory '/home/runner/work/moq-interop-runner/moq-interop-runner/main'
