make[1]: Entering directory '/home/runner/work/moq-interop-runner/moq-interop-runner/main'
Running tests against https://draft-14.cloudflare.mediaoverquic.com:443/moq...
  Client: ghcr.io/englishm/moq-interop-runner-moq-test-client:latest
docker run --rm \
	 \
	--network host \
	-e RELAY_URL=https://draft-14.cloudflare.mediaoverquic.com:443/moq \
	-e TLS_DISABLE_VERIFY=false \
	ghcr.io/englishm/moq-interop-runner-moq-test-client:latest
TAP version 14
# moq-test-client v0.1.0
# Relay: https://draft-14.cloudflare.mediaoverquic.com/moq
1..6
ok 1 - setup-only
  ---
  duration_ms: 12
  connection_id: 6a101f5bc248d540957137365aa7bd33
  ...
ok 2 - announce-only
  ---
  duration_ms: 2016
  connection_id: 52ae9d4388649e555d2d585952313911
  ...
ok 3 - subscribe-error
  ---
  duration_ms: 69
  connection_id: 5aa0f1a0e126bb72dfa227808d5149b3
  ...
ok 4 - announce-subscribe
  ---
  duration_ms: 3028
  publisher_connection_id: 5dce7cd533a7c9014ec250120e67a0d3
  subscriber_connection_id: 26074514f4fe1bf61db49c6d67c1b89e
  ...
ok 5 - subscribe-before-announce
  ---
  duration_ms: 3530
  subscriber_connection_id: 39f1c40eb580db5a36b5d3894fede78e
  publisher_connection_id: 5de5ac286b6bb9594d5520bf71cae691
  ...
ok 6 - publish-namespace-done
  ---
  duration_ms: 2115
  connection_id: c2c739bd7b767b1a5e5b2d8846384797
  ...
make[1]: Leaving directory '/home/runner/work/moq-interop-runner/moq-interop-runner/main'
