make[1]: Entering directory '/home/runner/work/moq-interop-runner/moq-interop-runner/main'
Running tests against moqt://us-west-2.relay.quicr.org:33437...
  Client: ghcr.io/openmoq/moqx-interop-client:latest
docker run --rm \
	 \
	--network host \
	-e RELAY_URL=moqt://us-west-2.relay.quicr.org:33437 \
	-e TLS_DISABLE_VERIFY=1 \
	ghcr.io/openmoq/moqx-interop-client:latest
TAP version 14
# moxygen interop test client
# Relay: moqt://us-west-2.relay.quicr.org:33437
# Transport: QUIC
1..6
ok 1 - setup-only
  ---
  duration_ms: 62
  info: SETUP exchange completed successfully
  ...
W0708 01:41:38.616573     1 MoQSession.cpp:5473] Issuing request that will fail; nextRequestID_=0 peerMaxRequestID_=0 sess=0x56024a4cdb70
E0708 01:41:38.636367     1 MoQRelaySession.cpp:880] PublishNamespaceDone for unknown publishNamespace, sess=0x56024a4cdb70
ok 2 - announce-only
  ---
  duration_ms: 64
  info: PUBLISH_NAMESPACE completed successfully
  ...
W0708 01:41:38.847292     1 MoQSession.cpp:5473] Issuing request that will fail; nextRequestID_=0 peerMaxRequestID_=0 sess=0x56024a44e3f0
not ok 3 - subscribe-error
  ---
  duration_ms: 230
  error: Subscribe succeeded (relay accepted non-existent track)
  ...
W0708 01:41:39.084061     1 MoQSession.cpp:5473] Issuing request that will fail; nextRequestID_=0 peerMaxRequestID_=0 sess=0x56024a4c27e0
W0708 01:41:39.181491     1 MoQSession.cpp:5473] Issuing request that will fail; nextRequestID_=0 peerMaxRequestID_=0 sess=0x56024a4bf6c0
ok 4 - announce-subscribe
  ---
  duration_ms: 334
  info: Publisher announced, subscriber subscribed successfully
  ...
W0708 01:41:39.248050     1 MoQSession.cpp:5473] Issuing request that will fail; nextRequestID_=0 peerMaxRequestID_=0 sess=0x56024a4de920
ok 5 - publish-namespace-done
  ---
  duration_ms: 66
  info: PUBLISH_NAMESPACE_OK received, PUBLISH_NAMESPACE_DONE sent
  ...
W0708 01:41:39.324298     1 MoQSession.cpp:5473] Issuing request that will fail; nextRequestID_=0 peerMaxRequestID_=0 sess=0x56024a4ddf20
W0708 01:41:39.891385     1 MoQSession.cpp:5473] Issuing request that will fail; nextRequestID_=0 peerMaxRequestID_=0 sess=0x56024a4eaa80
ok 6 - subscribe-before-announce
  ---
  duration_ms: 643
  info: Subscribe succeeded after publisher announced (relay buffers pending subscriptions)
  ...
make[1]: *** [Makefile:121: test-external] Error 1
make[1]: Leaving directory '/home/runner/work/moq-interop-runner/moq-interop-runner/main'
