make[1]: Entering directory '/home/runner/work/moq-interop-runner/moq-interop-runner/main'
Running tests against moqt://lminiero.it:9000...
  Client: ghcr.io/openmoq/moqx-interop-client:latest
docker run --rm \
	 \
	--network host \
	-e RELAY_URL=moqt://lminiero.it:9000 \
	-e TLS_DISABLE_VERIFY=false \
	ghcr.io/openmoq/moqx-interop-client:latest
TAP version 14
# moxygen interop test client
# Relay: moqt://lminiero.it:9000
# Transport: QUIC
1..6
E0708 01:08:12.511471     1 MoQCodec.cpp:126] Conn error=3
E0708 01:08:12.511504     1 MoQSession.cpp:5259] MoQCodec control stream parse error err=3
not ok 1 - setup-only
  ---
  duration_ms: 1023
  error: coroutine operation cancelled
  ...
E0708 01:08:13.338242     1 MoQCodec.cpp:126] Conn error=3
E0708 01:08:13.338269     1 MoQSession.cpp:5259] MoQCodec control stream parse error err=3
not ok 2 - announce-only
  ---
  duration_ms: 826
  error: coroutine operation cancelled
  ...
E0708 01:08:13.985428     1 MoQCodec.cpp:126] Conn error=3
E0708 01:08:13.985455     1 MoQSession.cpp:5259] MoQCodec control stream parse error err=3
not ok 3 - subscribe-error
  ---
  duration_ms: 647
  error: coroutine operation cancelled
  ...
E0708 01:08:14.635919     1 MoQCodec.cpp:126] Conn error=3
E0708 01:08:14.635945     1 MoQSession.cpp:5259] MoQCodec control stream parse error err=3
not ok 4 - announce-subscribe
  ---
  duration_ms: 650
  error: coroutine operation cancelled
  ...
E0708 01:08:14.976022     1 MoQCodec.cpp:126] Conn error=3
E0708 01:08:14.976050     1 MoQSession.cpp:5259] MoQCodec control stream parse error err=3
not ok 5 - publish-namespace-done
  ---
  duration_ms: 339
  error: coroutine operation cancelled
  ...
E0708 01:08:15.627548     1 MoQCodec.cpp:126] Conn error=3
E0708 01:08:15.627575     1 MoQSession.cpp:5259] MoQCodec control stream parse error err=3
not ok 6 - subscribe-before-announce
  ---
  duration_ms: 651
  error: coroutine operation cancelled
  ...
E20260708 01:08:16.628844     1 EventHandler.cpp:90] EventBase: failed to register event handler for fd 12: Resource temporarily unavailable
make[1]: *** [Makefile:121: test-external] Error 1
make[1]: Leaving directory '/home/runner/work/moq-interop-runner/moq-interop-runner/main'
