make[1]: Entering directory '/home/runner/work/moq-interop-runner/moq-interop-runner/main'
Running tests against https://draft-16-manish.cloudflare.mediaoverquic.com:443/moq...
  Client: ghcr.io/facebookexperimental/moxygen-interop-client:latest-amd64
docker run --rm \
	 \
	--network host \
	-e RELAY_URL=https://draft-16-manish.cloudflare.mediaoverquic.com:443/moq \
	-e TLS_DISABLE_VERIFY=false \
	ghcr.io/facebookexperimental/moxygen-interop-client:latest-amd64
TAP version 14
# moxygen interop test client
# Relay: https://draft-16-manish.cloudflare.mediaoverquic.com:443/moq
# Transport: WebTransport
1..6
E20260708 01:44:08.761479     1 HQSession.cpp:579] Connection closed with error err=Crypto error: certificate_expired msg=fizz::FizzVerificationException: certificate verification failed: certificate has expired proto=, client CID=, server CID=d03ac3c23cf570c3, local=<uninitialized address>, 34.68.101.111:443=upstream, drain=none
E0708 01:44:08.762494     1 MoQWebTransportClient.cpp:95] std::runtime_error: Crypto error: certificate_expired
not ok 1 - setup-only
  ---
  duration_ms: 80
  error: Crypto error: certificate_expired
  ...
E20260708 01:44:08.820103     1 HQSession.cpp:579] Connection closed with error err=Crypto error: certificate_expired msg=fizz::FizzVerificationException: certificate verification failed: certificate has expired proto=, client CID=, server CID=646b9b3977ea14bc, local=<uninitialized address>, 34.68.101.111:443=upstream, drain=none
E0708 01:44:08.820205     1 MoQWebTransportClient.cpp:95] std::runtime_error: Crypto error: certificate_expired
not ok 2 - announce-only
  ---
  duration_ms: 57
  error: Crypto error: certificate_expired
  ...
E20260708 01:44:08.880779     1 HQSession.cpp:579] Connection closed with error err=Crypto error: certificate_expired msg=fizz::FizzVerificationException: certificate verification failed: certificate has expired proto=, client CID=, server CID=84884908299d8a15, local=<uninitialized address>, 34.68.101.111:443=upstream, drain=none
E0708 01:44:08.880891     1 MoQWebTransportClient.cpp:95] std::runtime_error: Crypto error: certificate_expired
not ok 3 - subscribe-error
  ---
  duration_ms: 60
  error: Crypto error: certificate_expired
  ...
E20260708 01:44:08.938684     1 HQSession.cpp:579] Connection closed with error err=Crypto error: certificate_expired msg=fizz::FizzVerificationException: certificate verification failed: certificate has expired proto=, client CID=, server CID=591e1bea586ca38f, local=<uninitialized address>, 34.68.101.111:443=upstream, drain=none
E0708 01:44:08.938787     1 MoQWebTransportClient.cpp:95] std::runtime_error: Crypto error: certificate_expired
not ok 4 - announce-subscribe
  ---
  duration_ms: 57
  error: Crypto error: certificate_expired
  ...
E20260708 01:44:08.998358     1 HQSession.cpp:579] Connection closed with error err=Crypto error: certificate_expired msg=fizz::FizzVerificationException: certificate verification failed: certificate has expired proto=, client CID=, server CID=17fbdf65f6a668b7, local=<uninitialized address>, 34.68.101.111:443=upstream, drain=none
E0708 01:44:08.998452     1 MoQWebTransportClient.cpp:95] std::runtime_error: Crypto error: certificate_expired
not ok 5 - publish-namespace-done
  ---
  duration_ms: 59
  error: Crypto error: certificate_expired
  ...
E20260708 01:44:09.057310     1 HQSession.cpp:579] Connection closed with error err=Crypto error: certificate_expired msg=fizz::FizzVerificationException: certificate verification failed: certificate has expired proto=, client CID=, server CID=a6708171917fd2ea, local=<uninitialized address>, 34.68.101.111:443=upstream, drain=none
E0708 01:44:09.057436     1 MoQWebTransportClient.cpp:95] std::runtime_error: Crypto error: certificate_expired
not ok 6 - subscribe-before-announce
  ---
  duration_ms: 58
  error: Crypto error: certificate_expired
  ...
make[1]: *** [Makefile:121: test-external] Error 1
make[1]: Leaving directory '/home/runner/work/moq-interop-runner/moq-interop-runner/main'
