make[1]: Entering directory '/home/runner/work/moq-interop-runner/moq-interop-runner/main'
Running tests against https://us-west-2.relay.quicr.org:33437/relay...
  Client: moq-test-client:latest
docker run --rm \
	--network host \
	-e RELAY_URL=https://us-west-2.relay.quicr.org:33437/relay \
	-e TLS_DISABLE_VERIFY=1 \
	moq-test-client:latest
TAP version 14
# moq-test-client v0.1.0
# Relay: https://us-west-2.relay.quicr.org:33437/relay
1..6
ok 1 - setup-only
  ---
  duration_ms: 274
  connection_id: 11fa9185bd6a5bbea3d92193d2f50936
  ...
ok 2 - announce-only
  ---
  duration_ms: 2248
  connection_id: e5c6015f0d1ea23fc8ef3a135f9f6d9a
  ...
not ok 3 - subscribe-error
  ---
  duration_ms: 10001
  message: "test timed out: deadline has elapsed"
  ...
ok 4 - announce-subscribe
  ---
  duration_ms: 3550
  publisher_connection_id: a33d7615523c5b3c4491f2c7f9b28284
  subscriber_connection_id: c3a8cc38bd6265b5151d8664964ad248
  ...
ok 5 - subscribe-before-announce
  ---
  duration_ms: 4797
  subscriber_connection_id: b8256ae8b015246808c27f4cc7addba1
  publisher_connection_id: 5190403953d029bffcbda184f69a25a4
  ...
ok 6 - publish-namespace-done
  ---
  duration_ms: 2345
  connection_id: 6d064707178ba45549fe4b6e522f108d
  ...
make[1]: *** [Makefile:89: test-external] Error 1
make[1]: Leaving directory '/home/runner/work/moq-interop-runner/moq-interop-runner/main'
