make[1]: Entering directory '/home/runner/work/moq-interop-runner/moq-interop-runner/main'
Running tests against https://draft-14.cloudflare.mediaoverquic.com:443/moq...
  Client: ghcr.io/englishm/moq-interop-runner-moq-test-client:latest
docker run --rm \
	 \
	--network host \
	-e RELAY_URL=https://draft-14.cloudflare.mediaoverquic.com:443/moq \
	-e TLS_DISABLE_VERIFY=false \
	ghcr.io/englishm/moq-interop-runner-moq-test-client:latest
TAP version 14
# moq-test-client v0.1.0
# Relay: https://draft-14.cloudflare.mediaoverquic.com/moq
1..6
ok 1 - setup-only
  ---
  duration_ms: 10
  connection_id: 16b2c907f6a989a7de05779fe3e08149
  ...
ok 2 - announce-only
  ---
  duration_ms: 2047
  connection_id: 9e14a59c75a175ffe6c75937d8fd4bb7
  ...
ok 3 - subscribe-error
  ---
  duration_ms: 151
  connection_id: cb1b2d7d0d0082dc1cf0ba2d71e91f12
  ...
ok 4 - announce-subscribe
  ---
  duration_ms: 3023
  publisher_connection_id: 2a4836eaddee6d4ff533f7436a59f597
  subscriber_connection_id: 5408935759ac1b34c52c31e1aff2bbb5
  ...
ok 5 - subscribe-before-announce
  ---
  duration_ms: 3561
  subscriber_connection_id: f8c741d9a00dc3c36a745e050aa6c09d
  publisher_connection_id: 391c88fb0693f3330e5f1595ec510ec9
  ...
ok 6 - publish-namespace-done
  ---
  duration_ms: 2133
  connection_id: 3ed3a7b34e73fdc5c7ecfdaa66bfe20f
  ...
make[1]: Leaving directory '/home/runner/work/moq-interop-runner/moq-interop-runner/main'
