make[1]: Entering directory '/home/runner/work/moq-interop-runner/moq-interop-runner/main'
Running tests against https://fb.mvfst.net:9448/moq-relay...
  Client: ghcr.io/englishm/moq-interop-runner-moq-test-client:latest
docker run --rm \
	 \
	--network host \
	-e RELAY_URL=https://fb.mvfst.net:9448/moq-relay \
	-e TLS_DISABLE_VERIFY=1 \
	ghcr.io/englishm/moq-interop-runner-moq-test-client:latest
TAP version 14
# moq-test-client v0.1.0
# Relay: https://fb.mvfst.net:9448/moq-relay
1..6
ok 1 - setup-only
  ---
  duration_ms: 132
  connection_id: 32c66fecfe1bc717fb74fe333c224b45
  ...
ok 2 - announce-only
  ---
  duration_ms: 2094
  connection_id: 2ec92e80b7630bcf0a87a3228dceaa59
  ...
ok 3 - subscribe-error
  ---
  duration_ms: 113
  connection_id: 5abe5b5c423bcebca00d1251db33a937
  ...
ok 4 - announce-subscribe
  ---
  duration_ms: 196
  publisher_connection_id: dd9d5498009994ee84c2c94657f0d159
  subscriber_connection_id: 73f6978650656752a2a6efdb121c5c50
  ...
ok 5 - subscribe-before-announce
  ---
  duration_ms: 3678
  subscriber_connection_id: 388087df1b9bff385d7f8b0662bbe677
  publisher_connection_id: 97437dc937f7e43adaed14277318ea60
  ...
ok 6 - publish-namespace-done
  ---
  duration_ms: 2385
  connection_id: de071133363786c581b703ab1edbc278
  ...
make[1]: Leaving directory '/home/runner/work/moq-interop-runner/moq-interop-runner/main'
