make[1]: Entering directory '/home/runner/work/moq-interop-runner/moq-interop-runner/main'
Running tests against moqt://lminiero.it:9000...
  Client: ghcr.io/englishm/moq-interop-runner-moq-test-client-draft-16:latest
docker run --rm \
	 \
	--network host \
	-e RELAY_URL=moqt://lminiero.it:9000 \
	-e TLS_DISABLE_VERIFY=false \
	ghcr.io/englishm/moq-interop-runner-moq-test-client-draft-16:latest
TAP version 14
# moq-test-client v0.1.0
# Relay: moqt://lminiero.it:9000
1..6
ok 1 - setup-only
  ---
  duration_ms: 336
  connection_id: 9a07b41c43e83d9a61a4e8844715e3dd
  ...
ok 2 - announce-only
  ---
  duration_ms: 2523
  connection_id: 782107abc11b5931f7d54d1bb13c94c4
  ...
ok 3 - subscribe-error
  ---
  duration_ms: 870
  connection_id: 8fb1495ba024597ec5badd47df1d558d
  ...
ok 4 - announce-subscribe
  ---
  duration_ms: 4139
  publisher_connection_id: ceb954b014c64be09719f3737f3bd19e
  subscriber_connection_id: 697b481d478477ccab7c8e1ad852049a
  ...
ok 5 - subscribe-before-announce
  ---
  duration_ms: 4470
  subscriber_connection_id: f11edc9f4ea774b1620db14222a540e3
  publisher_connection_id: cc471b6748a1336a71bdd2a6663feb4e
  ...
ok 6 - publish-namespace-done
  ---
  duration_ms: 2628
  connection_id: d79da06017d3e4761a938b0eabd9d224
  ...
make[1]: Leaving directory '/home/runner/work/moq-interop-runner/moq-interop-runner/main'
