make[1]: Entering directory '/home/runner/work/moq-interop-runner/moq-interop-runner/main'
Running tests against https://moqx-000.ci.openmoq.org:4433/moq-relay...
  Client: ghcr.io/englishm/moq-interop-runner-moq-test-client-draft-16:latest
docker run --rm \
	 \
	--network host \
	-e RELAY_URL=https://moqx-000.ci.openmoq.org:4433/moq-relay \
	-e TLS_DISABLE_VERIFY=false \
	ghcr.io/englishm/moq-interop-runner-moq-test-client-draft-16:latest
TAP version 14
# moq-test-client v0.1.0
# Relay: https://moqx-000.ci.openmoq.org:4433/moq-relay
1..6
ok 1 - setup-only
  ---
  duration_ms: 389
  connection_id: cce2bba733c3b6196650a14b73efcb51
  ...
ok 2 - announce-only
  ---
  duration_ms: 2357
  connection_id: 78fa54d6eef4fa57c15c9cca45591e1e
  ...
ok 3 - subscribe-error
  ---
  duration_ms: 160
  connection_id: 89bbc58b133603ab353d075eb3cd774d
  ...
ok 4 - announce-subscribe
  ---
  duration_ms: 3785
  publisher_connection_id: b6dc5a98a65361bbdd7cdc68f0a7af30
  subscriber_connection_id: bb189968bb97dc1405c4ad68b72d0690
  ...
ok 5 - subscribe-before-announce
  ---
  duration_ms: 4988
  subscriber_connection_id: 7008d70058dfaf3eab58198a646729fa
  publisher_connection_id: d5d9d3dca2f0748edb58789c78744dbc
  ...
ok 6 - publish-namespace-done
  ---
  duration_ms: 2484
  connection_id: 20ec4b795ec07fb810210058450b6ba3
  ...
make[1]: Leaving directory '/home/runner/work/moq-interop-runner/moq-interop-runner/main'
