make[1]: Entering directory '/home/runner/work/moq-interop-runner/moq-interop-runner/main'
Running tests against moqt://moqx-000.ci.openmoq.org:4433...
  Client: ghcr.io/englishm/moq-interop-runner-moq-test-client-draft-16:latest
docker run --rm \
	 \
	--network host \
	-e RELAY_URL=moqt://moqx-000.ci.openmoq.org:4433 \
	-e TLS_DISABLE_VERIFY=false \
	ghcr.io/englishm/moq-interop-runner-moq-test-client-draft-16:latest
TAP version 14
# moq-test-client v0.1.0
# Relay: moqt://moqx-000.ci.openmoq.org:4433
1..6
ok 1 - setup-only
  ---
  duration_ms: 39
  connection_id: fb01f23509107dcfbe7157cc43b09baa
  ...
ok 2 - announce-only
  ---
  duration_ms: 2231
  connection_id: eb6332c2f7992b0689ffe08cdf8316ac
  ...
ok 3 - subscribe-error
  ---
  duration_ms: 276
  connection_id: 0b4797e823481d536e059b326b6def8b
  ...
ok 4 - announce-subscribe
  ---
  duration_ms: 3331
  publisher_connection_id: b424ec9a2f748cf2b13c937ac72c5ddf
  subscriber_connection_id: 3db880e7b585ddfe7a857b6294943741
  ...
ok 5 - subscribe-before-announce
  ---
  duration_ms: 3806
  subscriber_connection_id: f153259bdbe96c75d894296521a13a05
  publisher_connection_id: 67bcca2c71094ced8a5578a841d7acd7
  ...
ok 6 - publish-namespace-done
  ---
  duration_ms: 2320
  connection_id: 6c5305e4c792d847bbe88d7101087450
  ...
make[1]: Leaving directory '/home/runner/work/moq-interop-runner/moq-interop-runner/main'
