make[1]: Entering directory '/home/runner/work/moq-interop-runner/moq-interop-runner/main'
Running tests against https://lminiero.it:9000...
  Client: ghcr.io/englishm/moq-interop-runner-moq-test-client:latest
docker run --rm \
	--network host \
	-e RELAY_URL=https://lminiero.it:9000 \
	-e TLS_DISABLE_VERIFY=false \
	ghcr.io/englishm/moq-interop-runner-moq-test-client:latest
TAP version 14
# moq-test-client v0.1.0
# Relay: https://lminiero.it:9000/
1..6
ok 1 - setup-only
  ---
  duration_ms: 543
  connection_id: 126097f3002a36a21fbe5905c2c0d0d9
  ...
ok 2 - announce-only
  ---
  duration_ms: 2646
  connection_id: 7dd95c3b0ec25822a65518e9461e48d4
  ...
ok 3 - subscribe-error
  ---
  duration_ms: 881
  connection_id: 785505ca2120d1045da126ab835af094
  ...
ok 4 - announce-subscribe
  ---
  duration_ms: 1859
  publisher_connection_id: 8d27c7280eb2e319f98f06e0dab8ec00
  subscriber_connection_id: a60a0081a17cb72ae1a44073e34acfda
  ...
ok 5 - subscribe-before-announce
  ---
  duration_ms: 4584
  subscriber_connection_id: e47d5218bc568206111f777672d39718
  publisher_connection_id: 0e34d6ed71a18841398228ffc13e12ce
  ...
ok 6 - publish-namespace-done
  ---
  duration_ms: 2645
  connection_id: f1b45d200b15bd875cb3929c9dbc0587
  ...
make[1]: Leaving directory '/home/runner/work/moq-interop-runner/moq-interop-runner/main'
