make[1]: Entering directory '/home/runner/work/moq-interop-runner/moq-interop-runner/main'
Running tests against https://us-west-2.relay.quicr.org:33437/relay...
  Client: ghcr.io/englishm/moq-interop-runner-moq-test-client:latest
docker run --rm \
	--network host \
	-e RELAY_URL=https://us-west-2.relay.quicr.org:33437/relay \
	-e TLS_DISABLE_VERIFY=1 \
	ghcr.io/englishm/moq-interop-runner-moq-test-client:latest
TAP version 14
# moq-test-client v0.1.0
# Relay: https://us-west-2.relay.quicr.org:33437/relay
1..6
ok 1 - setup-only
  ---
  duration_ms: 203
  connection_id: 28f1c39d9e127c5f210aa7177872a16a
  ...
ok 2 - announce-only
  ---
  duration_ms: 2196
  connection_id: b2ba198c1c13fa5388d27c7f386a6b74
  ...
not ok 3 - subscribe-error
  ---
  duration_ms: 10000
  message: "test timed out: deadline has elapsed"
  ...
ok 4 - announce-subscribe
  ---
  duration_ms: 3612
  publisher_connection_id: c7af04d110f263d12313ec40bc621e9f
  subscriber_connection_id: ccb8227e154c3e55e71b69119b5c9564
  ...
ok 5 - subscribe-before-announce
  ---
  duration_ms: 4861
  subscriber_connection_id: 194e042a2d55a08480b5b9328a961852
  publisher_connection_id: 0f31d264ba492aed332da23a061bc6dc
  ...
ok 6 - publish-namespace-done
  ---
  duration_ms: 2354
  connection_id: db4276d2eec48ee5660fbe8f79d86855
  ...
make[1]: *** [Makefile:91: test-external] Error 1
make[1]: Leaving directory '/home/runner/work/moq-interop-runner/moq-interop-runner/main'
