make[1]: Entering directory '/home/runner/work/moq-interop-runner/moq-interop-runner/main'
Running tests against https://moqx-main.ci.openmoq.org:4433/moq-relay...
  Client: ghcr.io/englishm/moq-interop-runner-moq-test-client:latest
docker run --rm \
	 \
	--network host \
	-e RELAY_URL=https://moqx-main.ci.openmoq.org:4433/moq-relay \
	-e TLS_DISABLE_VERIFY=false \
	ghcr.io/englishm/moq-interop-runner-moq-test-client:latest
TAP version 14
# moq-test-client v0.1.0
# Relay: https://moqx-main.ci.openmoq.org:4433/moq-relay
1..6
ok 1 - setup-only
  ---
  duration_ms: 172
  connection_id: ad478f1d6f45261d722feac9b3a00141
  ...
ok 2 - announce-only
  ---
  duration_ms: 2162
  connection_id: 9d4e3bd7df866d42de446369bc8b060e
  ...
ok 3 - subscribe-error
  ---
  duration_ms: 216
  connection_id: 86c4db2fe4e74f3fb47d637d8c25893d
  ...
ok 4 - announce-subscribe
  ---
  duration_ms: 3321
  publisher_connection_id: 829963c3cef45160f1b6df35eba02840
  subscriber_connection_id: d925e8b0766eaff67182c44f7a269b64
  ...
ok 5 - subscribe-before-announce
  ---
  duration_ms: 3808
  subscriber_connection_id: a74ab2ac6f082cac019e8075b2408d41
  publisher_connection_id: 2c3a60ad40fba9afef1c161502258788
  ...
ok 6 - publish-namespace-done
  ---
  duration_ms: 2244
  connection_id: 447832085e53755d4bd2c262787b2398
  ...
make[1]: Leaving directory '/home/runner/work/moq-interop-runner/moq-interop-runner/main'
