make[1]: Entering directory '/home/runner/work/moq-interop-runner/moq-interop-runner/main'
Running tests against https://draft-16-manish.cloudflare.mediaoverquic.com:443/moq...
  Client: ghcr.io/englishm/moq-interop-runner-moq-test-client-draft-16:latest
docker run --rm \
	 \
	--network host \
	-e RELAY_URL=https://draft-16-manish.cloudflare.mediaoverquic.com:443/moq \
	-e TLS_DISABLE_VERIFY=false \
	ghcr.io/englishm/moq-interop-runner-moq-test-client-draft-16:latest
TAP version 14
# moq-test-client v0.1.0
# Relay: https://draft-16-manish.cloudflare.mediaoverquic.com/moq
1..6
ok 1 - setup-only
  ---
  duration_ms: 208
  connection_id: 96dc8bf6b1e7b74f1be08caaec0fc1d8
  ...
ok 2 - announce-only
  ---
  duration_ms: 2213
  connection_id: d718b8ceee6cbdd09726fbd7f2e04ea8
  ...
ok 3 - subscribe-error
  ---
  duration_ms: 327
  connection_id: b9e2106bc7e4a7773694b4a52ed4e3da
  ...
ok 4 - announce-subscribe
  ---
  duration_ms: 512
  publisher_connection_id: d5218fc25a7043d55f9e84e4a5dc5903
  subscriber_connection_id: ed9d496b796a027c89043704d1fa8019
  ...
ok 5 - subscribe-before-announce
  ---
  duration_ms: 3936
  subscriber_connection_id: 354e9a22d7cbe70fa336635490b399b0
  publisher_connection_id: 68255a5c02c49f86e3181ed39d822115
  ...
ok 6 - publish-namespace-done
  ---
  duration_ms: 2317
  connection_id: f390921b2454b76de3fa8aaa4c31a051
  ...
make[1]: Leaving directory '/home/runner/work/moq-interop-runner/moq-interop-runner/main'
