make[1]: Entering directory '/home/runner/work/moq-interop-runner/moq-interop-runner/main'
Running tests against https://draft-16-manish.cloudflare.mediaoverquic.com:443/moq...
  Client: ghcr.io/openmoq/moqx-interop-client:latest
docker run --rm \
	 \
	--network host \
	-e RELAY_URL=https://draft-16-manish.cloudflare.mediaoverquic.com:443/moq \
	-e TLS_DISABLE_VERIFY=false \
	ghcr.io/openmoq/moqx-interop-client:latest
TAP version 14
# moxygen interop test client
# Relay: https://draft-16-manish.cloudflare.mediaoverquic.com:443/moq
# Transport: WebTransport
1..6
W0530 00:50:35.145018     1 MoQWebTransportClient.cpp:173] WebTransport: No WT-Protocol header in response, will use legacy version negotiation
E0530 00:50:35.195520     1 MoQFramer.cpp:789] Server selected version draft-1 but we only offer draft-14 in legacy mode
E0530 00:50:35.195543     1 MoQCodec.cpp:126] Conn error=21
E0530 00:50:35.195546     1 MoQSession.cpp:4735] MoQCodec control stream parse error err=21
not ok 1 - setup-only
  ---
  duration_ms: 227
  error: coroutine operation cancelled
  ...
W0530 00:50:35.321410     1 MoQWebTransportClient.cpp:173] WebTransport: No WT-Protocol header in response, will use legacy version negotiation
E0530 00:50:35.370386     1 MoQFramer.cpp:789] Server selected version draft-1 but we only offer draft-14 in legacy mode
E0530 00:50:35.370408     1 MoQCodec.cpp:126] Conn error=21
E0530 00:50:35.370412     1 MoQSession.cpp:4735] MoQCodec control stream parse error err=21
not ok 2 - announce-only
  ---
  duration_ms: 174
  error: coroutine operation cancelled
  ...
W0530 00:50:35.480280     1 MoQWebTransportClient.cpp:173] WebTransport: No WT-Protocol header in response, will use legacy version negotiation
E0530 00:50:35.528774     1 MoQFramer.cpp:789] Server selected version draft-1 but we only offer draft-14 in legacy mode
E0530 00:50:35.528808     1 MoQCodec.cpp:126] Conn error=21
E0530 00:50:35.528814     1 MoQSession.cpp:4735] MoQCodec control stream parse error err=21
not ok 3 - subscribe-error
  ---
  duration_ms: 158
  error: coroutine operation cancelled
  ...
W0530 00:50:35.720687     1 MoQWebTransportClient.cpp:173] WebTransport: No WT-Protocol header in response, will use legacy version negotiation
E0530 00:50:35.771852     1 MoQFramer.cpp:789] Server selected version draft-1 but we only offer draft-14 in legacy mode
E0530 00:50:35.771875     1 MoQCodec.cpp:126] Conn error=21
E0530 00:50:35.771879     1 MoQSession.cpp:4735] MoQCodec control stream parse error err=21
not ok 4 - announce-subscribe
  ---
  duration_ms: 242
  error: coroutine operation cancelled
  ...
W0530 00:50:35.880999     1 MoQWebTransportClient.cpp:173] WebTransport: No WT-Protocol header in response, will use legacy version negotiation
E0530 00:50:35.932608     1 MoQFramer.cpp:789] Server selected version draft-1 but we only offer draft-14 in legacy mode
E0530 00:50:35.932632     1 MoQCodec.cpp:126] Conn error=21
E0530 00:50:35.932636     1 MoQSession.cpp:4735] MoQCodec control stream parse error err=21
not ok 5 - publish-namespace-done
  ---
  duration_ms: 160
  error: coroutine operation cancelled
  ...
W0530 00:50:36.040554     1 MoQWebTransportClient.cpp:173] WebTransport: No WT-Protocol header in response, will use legacy version negotiation
E0530 00:50:36.090657     1 MoQFramer.cpp:789] Server selected version draft-1 but we only offer draft-14 in legacy mode
E0530 00:50:36.090713     1 MoQCodec.cpp:126] Conn error=21
E0530 00:50:36.090717     1 MoQSession.cpp:4735] MoQCodec control stream parse error err=21
not ok 6 - subscribe-before-announce
  ---
  duration_ms: 157
  error: coroutine operation cancelled
  ...
make[1]: *** [Makefile:121: test-external] Error 1
make[1]: Leaving directory '/home/runner/work/moq-interop-runner/moq-interop-runner/main'
