make[1]: Entering directory '/home/runner/work/moq-interop-runner/moq-interop-runner/main'
Running tests against moqt://moqx-000.ci.openmoq.org:4433...
  Client: ghcr.io/englishm/moq-interop-runner-moq-test-client:latest
docker run --rm \
	--network host \
	-e RELAY_URL=moqt://moqx-000.ci.openmoq.org:4433 \
	-e TLS_DISABLE_VERIFY=false \
	ghcr.io/englishm/moq-interop-runner-moq-test-client:latest
TAP version 14
# moq-test-client v0.1.0
# Relay: moqt://moqx-000.ci.openmoq.org:4433
1..6
ok 1 - setup-only
  ---
  duration_ms: 247
  connection_id: 7764f91f45688887de5a80bb2e4c1905
  ...
ok 2 - announce-only
  ---
  duration_ms: 2050
  connection_id: 6b6f3a19af51090b8ad5b713579693b5
  ...
ok 3 - subscribe-error
  ---
  duration_ms: 193
  connection_id: e11583eb9204ec2d724d359f37f8e783
  ...
ok 4 - announce-subscribe
  ---
  duration_ms: 3018
  publisher_connection_id: 3db8393c5244f67e694097065d6b7e31
  subscriber_connection_id: 9af4675e40f8662a84bba203d90b773e
  ...
ok 5 - subscribe-before-announce
  ---
  duration_ms: 3731
  subscriber_connection_id: 2a4a1420c860b02786f3df7139c1c061
  publisher_connection_id: ff8ab417bb11aa51e4da9fe5c4e6dbfb
  ...
ok 6 - publish-namespace-done
  ---
  duration_ms: 2111
  connection_id: 364d9f43e0422d7f3c43177c38823c32
  ...
make[1]: Leaving directory '/home/runner/work/moq-interop-runner/moq-interop-runner/main'
