make[1]: Entering directory '/home/runner/work/moq-interop-runner/moq-interop-runner/main'
Running tests against moqt://draft-14.cloudflare.mediaoverquic.com:443...
  Client: ghcr.io/englishm/moq-interop-runner-moq-test-client:latest
docker run --rm \
	--network host \
	-e RELAY_URL=moqt://draft-14.cloudflare.mediaoverquic.com:443 \
	-e TLS_DISABLE_VERIFY=false \
	ghcr.io/englishm/moq-interop-runner-moq-test-client:latest
TAP version 14
# moq-test-client v0.1.0
# Relay: moqt://draft-14.cloudflare.mediaoverquic.com:443
1..6
ok 1 - setup-only
  ---
  duration_ms: 125
  connection_id: ffc3f4c78da8bc9e0b46e1ed29efcfb1
  ...
ok 2 - announce-only
  ---
  duration_ms: 2017
  connection_id: f881fea79183e336deb5ec640ce75e8d
  ...
ok 3 - subscribe-error
  ---
  duration_ms: 375
  connection_id: 1e7c69f79aae7eaa019789d596c27520
  ...
ok 4 - announce-subscribe
  ---
  duration_ms: 3037
  publisher_connection_id: a166ebcebf048fed27e5021d93344b8d
  subscriber_connection_id: 94d5addf2474206c6df505659791ed98
  ...
ok 5 - subscribe-before-announce
  ---
  duration_ms: 3534
  subscriber_connection_id: 0be845f9b8e27946f2e9ecc21be28e27
  publisher_connection_id: 2576cd7fddb5fa6315bc15ce67566d2f
  ...
ok 6 - publish-namespace-done
  ---
  duration_ms: 2112
  connection_id: 6f2d585e3a0cece555c75f4329e6d94c
  ...
make[1]: Leaving directory '/home/runner/work/moq-interop-runner/moq-interop-runner/main'
