make[1]: Entering directory '/home/runner/work/moq-interop-runner/moq-interop-runner/main'
Running tests against moqt://moqx-000.ci.openmoq.org:4433...
  Client: ghcr.io/englishm/moq-interop-runner-moq-test-client-draft-16:latest
docker run --rm \
	--network host \
	-e RELAY_URL=moqt://moqx-000.ci.openmoq.org:4433 \
	-e TLS_DISABLE_VERIFY=false \
	ghcr.io/englishm/moq-interop-runner-moq-test-client-draft-16:latest
TAP version 14
# moq-test-client v0.1.0
# Relay: moqt://moqx-000.ci.openmoq.org:4433
1..6
ok 1 - setup-only
  ---
  duration_ms: 9
  connection_id: 1915d1365acff1cc6d2898d00dfedaf2
  ...
ok 2 - announce-only
  ---
  duration_ms: 2194
  connection_id: 280ee03441c3d532e73a67bfb3bcecc2
  ...
ok 3 - subscribe-error
  ---
  duration_ms: 11
  connection_id: f9095fc368bdd89dfd1f9593a1d5e2ff
  ...
ok 4 - announce-subscribe
  ---
  duration_ms: 238
  publisher_connection_id: d69f15fc7298d7f34e1906b2c58c3d50
  subscriber_connection_id: d934f89e21c8cec8a33d9ddaf0526e0b
  ...
ok 5 - subscribe-before-announce
  ---
  duration_ms: 3958
  subscriber_connection_id: 051498305bf42e61ae3138cc230a12d5
  publisher_connection_id: 6817c0617054ae9f8b0336b844948de5
  ...
ok 6 - publish-namespace-done
  ---
  duration_ms: 2303
  connection_id: 3c02610154e4c78e34377667af9f950f
  ...
make[1]: Leaving directory '/home/runner/work/moq-interop-runner/moq-interop-runner/main'
