make[1]: Entering directory '/home/runner/work/moq-interop-runner/moq-interop-runner/main'
Running tests against https://lminiero.it:9000...
  Client: ghcr.io/englishm/moq-interop-runner-moq-test-client-draft-16:latest
docker run --rm \
	--network host \
	-e RELAY_URL=https://lminiero.it:9000 \
	-e TLS_DISABLE_VERIFY=false \
	ghcr.io/englishm/moq-interop-runner-moq-test-client-draft-16:latest
TAP version 14
# moq-test-client v0.1.0
# Relay: https://lminiero.it:9000/
1..6
ok 1 - setup-only
  ---
  duration_ms: 823
  connection_id: 759a340bdd0ca705f62cb9fcab1ea99e
  ...
ok 2 - announce-only
  ---
  duration_ms: 2713
  connection_id: 36703957fa4e77acc8b0183d06fcb2d6
  ...
ok 3 - subscribe-error
  ---
  duration_ms: 952
  connection_id: dbf075b954a94b63ff465cea2ab1e31b
  ...
ok 4 - announce-subscribe
  ---
  duration_ms: 4640
  publisher_connection_id: b454f17a392e815458c69eaf8feaa8b8
  subscriber_connection_id: 75c2bacfa986b5450424f4e1964565f6
  ...
ok 5 - subscribe-before-announce
  ---
  duration_ms: 6202
  subscriber_connection_id: 0d0483d0afde4c5329a255a5a11b5f03
  publisher_connection_id: c56f904684d1ccb6dc96e4b5a5c55821
  ...
ok 6 - publish-namespace-done
  ---
  duration_ms: 2929
  connection_id: 3a809f2ce08c74814a572ea3a014ea58
  ...
make[1]: Leaving directory '/home/runner/work/moq-interop-runner/moq-interop-runner/main'
