make[1]: Entering directory '/home/runner/work/moq-interop-runner/moq-interop-runner/main'
Running tests against moqt://us-west-2.relay.quicr.org:33437...
  Client: ghcr.io/englishm/moq-interop-runner-moq-test-client:latest
docker run --rm \
	--network host \
	-e RELAY_URL=moqt://us-west-2.relay.quicr.org:33437 \
	-e TLS_DISABLE_VERIFY=1 \
	ghcr.io/englishm/moq-interop-runner-moq-test-client:latest
TAP version 14
# moq-test-client v0.1.0
# Relay: moqt://us-west-2.relay.quicr.org:33437
1..6
ok 1 - setup-only
  ---
  duration_ms: 133
  connection_id: 06215d41b08b5ec592efb437fc856bab
  ...
ok 2 - announce-only
  ---
  duration_ms: 2137
  connection_id: 3884cfa0461eae87bdcfd2fad20c1be9
  ...
not ok 3 - subscribe-error
  ---
  duration_ms: 10001
  message: "test timed out: deadline has elapsed"
  ...
ok 4 - announce-subscribe
  ---
  duration_ms: 3319
  publisher_connection_id: 5b2ae0f30c1e88978c9b72c0f44db525
  subscriber_connection_id: 32438220e492d1e3858e83d7151cfc84
  ...
ok 5 - subscribe-before-announce
  ---
  duration_ms: 4769
  subscriber_connection_id: 91a83ccc0882033a99484722ff2dd79a
  publisher_connection_id: 4a4fe518a8cbd2bfdf49c9d231041113
  ...
ok 6 - publish-namespace-done
  ---
  duration_ms: 2241
  connection_id: faebc4a24a7f816ad71b3d1876cdc1c6
  ...
make[1]: *** [Makefile:91: test-external] Error 1
make[1]: Leaving directory '/home/runner/work/moq-interop-runner/moq-interop-runner/main'
