make[1]: Entering directory '/home/runner/work/moq-interop-runner/moq-interop-runner/main'
Running tests against moqt://draft-16-manish.cloudflare.mediaoverquic.com:443...
  Client: ghcr.io/englishm/moq-interop-runner-moq-test-client-draft-16:latest
docker run --rm \
	--network host \
	-e RELAY_URL=moqt://draft-16-manish.cloudflare.mediaoverquic.com:443 \
	-e TLS_DISABLE_VERIFY=false \
	ghcr.io/englishm/moq-interop-runner-moq-test-client-draft-16:latest
TAP version 14
# moq-test-client v0.1.0
# Relay: moqt://draft-16-manish.cloudflare.mediaoverquic.com:443
1..6
ok 1 - setup-only
  ---
  duration_ms: 685
  connection_id: fcb8451f48fdec24a93c6461fc4d7183
  ...
ok 2 - announce-only
  ---
  duration_ms: 2163
  connection_id: 46568389dac092f1b1c64fcec1926628
  ...
ok 3 - subscribe-error
  ---
  duration_ms: 182
  connection_id: cac214f82ee08eb043fe4976d306217f
  ...
ok 4 - announce-subscribe
  ---
  duration_ms: 3266
  publisher_connection_id: f444fd4302f25f4749024942607bae80
  subscriber_connection_id: 035650dc15aab618f4043f7b2186e9e5
  ...
ok 5 - subscribe-before-announce
  ---
  duration_ms: 3717
  subscriber_connection_id: 118faf9c38d368595af0bf47ecc12f71
  publisher_connection_id: 2240b60b56a7739a7c42acb25c406974
  ...
ok 6 - publish-namespace-done
  ---
  duration_ms: 2183
  connection_id: d9291fa5a7f0aff2196fd809afebedce
  ...
make[1]: Leaving directory '/home/runner/work/moq-interop-runner/moq-interop-runner/main'
