make[1]: Entering directory '/home/runner/work/moq-interop-runner/moq-interop-runner/main'
Running tests against moqt://us-west-2.relay.quicr.org:33437...
  Client: ghcr.io/englishm/moq-interop-runner-moq-test-client:latest
docker run --rm \
	--network host \
	-e RELAY_URL=moqt://us-west-2.relay.quicr.org:33437 \
	-e TLS_DISABLE_VERIFY=1 \
	ghcr.io/englishm/moq-interop-runner-moq-test-client:latest
TAP version 14
# moq-test-client v0.1.0
# Relay: moqt://us-west-2.relay.quicr.org:33437
1..6
ok 1 - setup-only
  ---
  duration_ms: 180
  connection_id: 937b0b25488ca2026e29acb3b3339ce0
  ...
ok 2 - announce-only
  ---
  duration_ms: 2245
  connection_id: f7d18785261675a3f69000326e633906
  ...
not ok 3 - subscribe-error
  ---
  duration_ms: 10000
  message: "test timed out: deadline has elapsed"
  ...
ok 4 - announce-subscribe
  ---
  duration_ms: 3580
  publisher_connection_id: 2a6969216df09c020ba430908e5822d8
  subscriber_connection_id: 38007115b2f11ee9bf809ab59b7b41dc
  ...
ok 5 - subscribe-before-announce
  ---
  duration_ms: 5069
  subscriber_connection_id: f066c433a2c6b2d3c6c8b71ca38b4fc4
  publisher_connection_id: 4a78970146b006b56baca1e3ff4a13ac
  ...
ok 6 - publish-namespace-done
  ---
  duration_ms: 2358
  connection_id: b5855278be0712644e6f1b2f82f1673f
  ...
make[1]: *** [Makefile:91: test-external] Error 1
make[1]: Leaving directory '/home/runner/work/moq-interop-runner/moq-interop-runner/main'
