make[1]: Entering directory '/home/runner/work/moq-interop-runner/moq-interop-runner/main'
Running tests against https://draft-16-manish.cloudflare.mediaoverquic.com:443/moq...
  Client: ghcr.io/englishm/moq-interop-runner-moq-test-client-draft-16:latest
docker run --rm \
	--network host \
	-e RELAY_URL=https://draft-16-manish.cloudflare.mediaoverquic.com:443/moq \
	-e TLS_DISABLE_VERIFY=false \
	ghcr.io/englishm/moq-interop-runner-moq-test-client-draft-16:latest
TAP version 14
# moq-test-client v0.1.0
# Relay: https://draft-16-manish.cloudflare.mediaoverquic.com/moq
1..6
ok 1 - setup-only
  ---
  duration_ms: 171
  connection_id: 47bf12151ae1466cb252aa561e4074c4
  ...
ok 2 - announce-only
  ---
  duration_ms: 2212
  connection_id: a1d01153e37bd4e91becfa2e76c2d063
  ...
ok 3 - subscribe-error
  ---
  duration_ms: 157
  connection_id: 0791c7340882128738264f6add843287
  ...
ok 4 - announce-subscribe
  ---
  duration_ms: 332
  publisher_connection_id: 06dc7cbad6128f36099346e5231d949b
  subscriber_connection_id: 20fd6a49f95fca032b381ee574bc27ea
  ...
ok 5 - subscribe-before-announce
  ---
  duration_ms: 3835
  subscriber_connection_id: b2ab6f0d5b0e14e9e914153c8bc7d0ca
  publisher_connection_id: e39375d332c6e342265000910b01f445
  ...
ok 6 - publish-namespace-done
  ---
  duration_ms: 2256
  connection_id: dd0d565a49ba55cb399892ab9638ac68
  ...
make[1]: Leaving directory '/home/runner/work/moq-interop-runner/moq-interop-runner/main'
