make[1]: Entering directory '/home/runner/work/moq-interop-runner/moq-interop-runner/main'
Running tests against https://lminiero.it:9000...
  Client: ghcr.io/englishm/moq-interop-runner-moq-test-client-draft-16:latest
docker run --rm \
	--network host \
	-e RELAY_URL=https://lminiero.it:9000 \
	-e TLS_DISABLE_VERIFY=false \
	ghcr.io/englishm/moq-interop-runner-moq-test-client-draft-16:latest
TAP version 14
# moq-test-client v0.1.0
# Relay: https://lminiero.it:9000/
1..6
ok 1 - setup-only
  ---
  duration_ms: 860
  connection_id: 11bf397e1438142dc123cd4eb0a9b1c2
  ...
ok 2 - announce-only
  ---
  duration_ms: 2868
  connection_id: fa50336b8101f2cc663dd01cc0a2d607
  ...
ok 3 - subscribe-error
  ---
  duration_ms: 777
  connection_id: 5fe76bfbc384a68d6b732aeccffc99a3
  ...
ok 4 - announce-subscribe
  ---
  duration_ms: 4412
  publisher_connection_id: b1643ec51c61f75b269d3926ec41043d
  subscriber_connection_id: 11749b9a94d07dde1725a6580ff34f05
  ...
ok 5 - subscribe-before-announce
  ---
  duration_ms: 6404
  subscriber_connection_id: 2afccaecc4ff38dd7e8edb8d42760d42
  publisher_connection_id: 2661c8dbbe51bcff29ff2b8f9fe01548
  ...
ok 6 - publish-namespace-done
  ---
  duration_ms: 2971
  connection_id: 0139829ab3f4919fe78c84e03535e16c
  ...
make[1]: Leaving directory '/home/runner/work/moq-interop-runner/moq-interop-runner/main'
