make[1]: Entering directory '/home/runner/work/moq-interop-runner/moq-interop-runner/main'
Running tests against moqt://draft-14.cloudflare.mediaoverquic.com:443...
  Client: ghcr.io/englishm/moq-interop-runner-moq-test-client:latest
docker run --rm \
	--network host \
	-e RELAY_URL=moqt://draft-14.cloudflare.mediaoverquic.com:443 \
	-e TLS_DISABLE_VERIFY=false \
	ghcr.io/englishm/moq-interop-runner-moq-test-client:latest
TAP version 14
# moq-test-client v0.1.0
# Relay: moqt://draft-14.cloudflare.mediaoverquic.com:443
1..6
ok 1 - setup-only
  ---
  duration_ms: 118
  connection_id: 3416eec7a163ab87db0d574e98e56bdd
  ...
ok 2 - announce-only
  ---
  duration_ms: 2045
  connection_id: b17edb01354fad50c660267086476561
  ...
ok 3 - subscribe-error
  ---
  duration_ms: 366
  connection_id: eb6a43b8b6ca70a71d16b99030dbe98b
  ...
ok 4 - announce-subscribe
  ---
  duration_ms: 986
  publisher_connection_id: 21291aeedfae8faa7a3e546be4e49a88
  subscriber_connection_id: a1ebe412aabd5e72f2ed8aca3aed5c52
  ...
ok 5 - subscribe-before-announce
  ---
  duration_ms: 3570
  subscriber_connection_id: 91aa07d7a09f72fe13a6de4eef6d60ef
  publisher_connection_id: bb15cc6f75c79b5e6d946a812a474a29
  ...
ok 6 - publish-namespace-done
  ---
  duration_ms: 2135
  connection_id: aacd07f1d446004a22180c8e374cd168
  ...
make[1]: Leaving directory '/home/runner/work/moq-interop-runner/moq-interop-runner/main'
