make[1]: Entering directory '/home/runner/work/moq-interop-runner/moq-interop-runner/main'
Running tests against moqt://draft-14.cloudflare.mediaoverquic.com:443...
  Client: ghcr.io/englishm/moq-interop-runner-moq-test-client:latest
docker run --rm \
	 \
	--network host \
	-e RELAY_URL=moqt://draft-14.cloudflare.mediaoverquic.com:443 \
	-e TLS_DISABLE_VERIFY=false \
	ghcr.io/englishm/moq-interop-runner-moq-test-client:latest
TAP version 14
# moq-test-client v0.1.0
# Relay: moqt://draft-14.cloudflare.mediaoverquic.com:443
1..6
ok 1 - setup-only
  ---
  duration_ms: 104
  connection_id: 4898795c229f24e98d5bb2e00b2753ab
  ...
ok 2 - announce-only
  ---
  duration_ms: 2055
  connection_id: b7318383e812240c1520f80af4618eb0
  ...
ok 3 - subscribe-error
  ---
  duration_ms: 229
  connection_id: b30f645eaf6da35f4db080a0fa560f42
  ...
ok 4 - announce-subscribe
  ---
  duration_ms: 3089
  publisher_connection_id: 7f313b65e5073d1408d72603c70cf00c
  subscriber_connection_id: 4de47c0a488342f646372983c982945a
  ...
ok 5 - subscribe-before-announce
  ---
  duration_ms: 3570
  subscriber_connection_id: 25e6a1282bb5017abf524f4f324b724a
  publisher_connection_id: df0ef34fb6fdeb154c0f2e80754a8ca7
  ...
ok 6 - publish-namespace-done
  ---
  duration_ms: 2153
  connection_id: 04ddc87b15cd64cda0e454aa24aea76a
  ...
make[1]: Leaving directory '/home/runner/work/moq-interop-runner/moq-interop-runner/main'
