make[1]: Entering directory '/home/runner/work/moq-interop-runner/moq-interop-runner/main'
Running tests against moqt://fb.mvfst.net:9448...
  Client: ghcr.io/englishm/moq-interop-runner-moq-test-client-draft-16:latest
docker run --rm \
	 \
	--network host \
	-e RELAY_URL=moqt://fb.mvfst.net:9448 \
	-e TLS_DISABLE_VERIFY=1 \
	ghcr.io/englishm/moq-interop-runner-moq-test-client-draft-16:latest
TAP version 14
# moq-test-client v0.1.0
# Relay: moqt://fb.mvfst.net:9448
1..6
ok 1 - setup-only
  ---
  duration_ms: 134
  connection_id: 50e9ab0869cfe1ad63485a15f85f2c15
  ...
ok 2 - announce-only
  ---
  duration_ms: 2145
  connection_id: 729758505c1c8ec684af998c2f16e74b
  ...
ok 3 - subscribe-error
  ---
  duration_ms: 207
  connection_id: 49a1679fb4c78a27e32587a61041f6ba
  ...
not ok 4 - announce-subscribe
  ---
  duration_ms: 413
  message: "publisher session error: webtransport error: session error: connection error: closed by peer: 3: session error: connection error: closed by peer: 3: connection error: closed by peer: 3"
  ...
ok 5 - subscribe-before-announce
  ---
  duration_ms: 3783
  subscriber_connection_id: 0b5354d60a78b8d337ef4f53c5ece70a
  publisher_connection_id: 19a7fa99b3eea39a90d88ea9f52fa3a7
  ...
ok 6 - publish-namespace-done
  ---
  duration_ms: 2246
  connection_id: eee58a894cbfb48df556755e5e5bf938
  ...
make[1]: *** [Makefile:121: test-external] Error 1
make[1]: Leaving directory '/home/runner/work/moq-interop-runner/moq-interop-runner/main'
