make[1]: Entering directory '/home/runner/work/moq-interop-runner/moq-interop-runner/main'
Running tests against https://draft-16-manish.cloudflare.mediaoverquic.com:443/moq...
  Client: ghcr.io/openmoq/moqx-interop-client:latest
docker run --rm \
	 \
	--network host \
	-e RELAY_URL=https://draft-16-manish.cloudflare.mediaoverquic.com:443/moq \
	-e TLS_DISABLE_VERIFY=false \
	ghcr.io/openmoq/moqx-interop-client:latest
TAP version 14
# moxygen interop test client
# Relay: https://draft-16-manish.cloudflare.mediaoverquic.com:443/moq
# Transport: WebTransport
1..6
W0603 01:07:53.067077     1 MoQWebTransportClient.cpp:173] WebTransport: No WT-Protocol header in response, will use legacy version negotiation
E0603 01:07:53.118709     1 MoQFramer.cpp:752] Server selected version draft-1 but we only offer draft-14 in legacy mode
E0603 01:07:53.118732     1 MoQCodec.cpp:126] Conn error=21
E0603 01:07:53.118735     1 MoQSession.cpp:4806] MoQCodec control stream parse error err=21
not ok 1 - setup-only
  ---
  duration_ms: 191
  error: coroutine operation cancelled
  ...
W0603 01:07:53.226386     1 MoQWebTransportClient.cpp:173] WebTransport: No WT-Protocol header in response, will use legacy version negotiation
E0603 01:07:53.275406     1 MoQFramer.cpp:752] Server selected version draft-1 but we only offer draft-14 in legacy mode
E0603 01:07:53.275429     1 MoQCodec.cpp:126] Conn error=21
E0603 01:07:53.275432     1 MoQSession.cpp:4806] MoQCodec control stream parse error err=21
not ok 2 - announce-only
  ---
  duration_ms: 156
  error: coroutine operation cancelled
  ...
W0603 01:07:53.392539     1 MoQWebTransportClient.cpp:173] WebTransport: No WT-Protocol header in response, will use legacy version negotiation
E0603 01:07:53.444328     1 MoQFramer.cpp:752] Server selected version draft-1 but we only offer draft-14 in legacy mode
E0603 01:07:53.444352     1 MoQCodec.cpp:126] Conn error=21
E0603 01:07:53.444355     1 MoQSession.cpp:4806] MoQCodec control stream parse error err=21
not ok 3 - subscribe-error
  ---
  duration_ms: 168
  error: coroutine operation cancelled
  ...
W0603 01:07:53.559330     1 MoQWebTransportClient.cpp:173] WebTransport: No WT-Protocol header in response, will use legacy version negotiation
E0603 01:07:53.610347     1 MoQFramer.cpp:752] Server selected version draft-1 but we only offer draft-14 in legacy mode
E0603 01:07:53.610367     1 MoQCodec.cpp:126] Conn error=21
E0603 01:07:53.610370     1 MoQSession.cpp:4806] MoQCodec control stream parse error err=21
not ok 4 - announce-subscribe
  ---
  duration_ms: 165
  error: coroutine operation cancelled
  ...
W0603 01:07:53.722504     1 MoQWebTransportClient.cpp:173] WebTransport: No WT-Protocol header in response, will use legacy version negotiation
E0603 01:07:53.774098     1 MoQFramer.cpp:752] Server selected version draft-1 but we only offer draft-14 in legacy mode
E0603 01:07:53.774121     1 MoQCodec.cpp:126] Conn error=21
E0603 01:07:53.774130     1 MoQSession.cpp:4806] MoQCodec control stream parse error err=21
not ok 5 - publish-namespace-done
  ---
  duration_ms: 163
  error: coroutine operation cancelled
  ...
W0603 01:07:53.883958     1 MoQWebTransportClient.cpp:173] WebTransport: No WT-Protocol header in response, will use legacy version negotiation
E0603 01:07:53.933101     1 MoQFramer.cpp:752] Server selected version draft-1 but we only offer draft-14 in legacy mode
E0603 01:07:53.933124     1 MoQCodec.cpp:126] Conn error=21
E0603 01:07:53.933128     1 MoQSession.cpp:4806] MoQCodec control stream parse error err=21
not ok 6 - subscribe-before-announce
  ---
  duration_ms: 158
  error: coroutine operation cancelled
  ...
make[1]: *** [Makefile:121: test-external] Error 1
make[1]: Leaving directory '/home/runner/work/moq-interop-runner/moq-interop-runner/main'
