make[1]: Entering directory '/home/runner/work/moq-interop-runner/moq-interop-runner/main'
Running tests against https://fb.mvfst.net:9448/moq-relay...
  Client: ghcr.io/openmoq/moqx-interop-client:latest
docker run --rm \
	 \
	--network host \
	-e RELAY_URL=https://fb.mvfst.net:9448/moq-relay \
	-e TLS_DISABLE_VERIFY=1 \
	ghcr.io/openmoq/moqx-interop-client:latest
TAP version 14
# moxygen interop test client
# Relay: https://fb.mvfst.net:9448/moq-relay
# Transport: WebTransport
1..6
ok 1 - setup-only
  ---
  duration_ms: 213
  info: SETUP exchange completed successfully
  ...
ok 2 - announce-only
  ---
  duration_ms: 291
  info: PUBLISH_NAMESPACE completed successfully
  ...
E0603 01:08:13.109909     1 MoQRelaySession.cpp:864] PublishNamespaceDone for unknown publishNamespace, sess=0x558842c05e50
ok 3 - subscribe-error
  ---
  duration_ms: 278
  info: Subscribe correctly returned error: no such namespace or track
  ...
E0603 01:08:14.045833     1 MoQSession.cpp:5173] publishDone for invalid id=1 sess=0x558842bf76f0
ok 4 - announce-subscribe
  ---
  duration_ms: 657
  info: Publisher announced, subscriber subscribed successfully
  ...
ok 5 - publish-namespace-done
  ---
  duration_ms: 286
  info: PUBLISH_NAMESPACE_OK received, PUBLISH_NAMESPACE_DONE sent
  ...
ok 6 - subscribe-before-announce
  ---
  duration_ms: 955
  info: Subscribe returned error (relay doesn't buffer pending subscriptions): no such namespace or track
  ...
make[1]: Leaving directory '/home/runner/work/moq-interop-runner/moq-interop-runner/main'
