make[1]: Entering directory '/home/runner/work/moq-interop-runner/moq-interop-runner/main'
Running tests against https://draft-16-manish.cloudflare.mediaoverquic.com:443/moq...
  Client: ghcr.io/englishm/moq-interop-runner-moq-test-client-draft-16:latest
docker run --rm \
	--network host \
	-e RELAY_URL=https://draft-16-manish.cloudflare.mediaoverquic.com:443/moq \
	-e TLS_DISABLE_VERIFY=false \
	ghcr.io/englishm/moq-interop-runner-moq-test-client-draft-16:latest
TAP version 14
# moq-test-client v0.1.0
# Relay: https://draft-16-manish.cloudflare.mediaoverquic.com/moq
1..6
ok 1 - setup-only
  ---
  duration_ms: 302
  connection_id: 3c4b7d19e98f7b4115b9b4a78277777a
  ...
ok 2 - announce-only
  ---
  duration_ms: 2215
  connection_id: 1f1842839a9cf596663586771bcb129d
  ...
ok 3 - subscribe-error
  ---
  duration_ms: 271
  connection_id: 44f9e10ad4bc06ab993bc9c8b51c72cd
  ...
ok 4 - announce-subscribe
  ---
  duration_ms: 3435
  publisher_connection_id: 3ca12a7f9925e75fa1f966dcd80af216
  subscriber_connection_id: 5ab3abd7354be06ed1fd9d9609f19640
  ...
ok 5 - subscribe-before-announce
  ---
  duration_ms: 3930
  subscriber_connection_id: 7d97777faa9c5a3eaf41277627610fb7
  publisher_connection_id: efc9f2fa3916cc8db021fe5b0eb8a08c
  ...
ok 6 - publish-namespace-done
  ---
  duration_ms: 2317
  connection_id: a60ef6996e6ff374816285e1be4ba11d
  ...
make[1]: Leaving directory '/home/runner/work/moq-interop-runner/moq-interop-runner/main'
