make[1]: Entering directory '/home/runner/work/moq-interop-runner/moq-interop-runner/main'
Running tests against https://us-west-2.relay.quicr.org:33437/relay...
  Client: ghcr.io/englishm/moq-interop-runner-moq-test-client:latest
docker run --rm \
	--network host \
	-e RELAY_URL=https://us-west-2.relay.quicr.org:33437/relay \
	-e TLS_DISABLE_VERIFY=1 \
	ghcr.io/englishm/moq-interop-runner-moq-test-client:latest
TAP version 14
# moq-test-client v0.1.0
# Relay: https://us-west-2.relay.quicr.org:33437/relay
1..6
ok 1 - setup-only
  ---
  duration_ms: 160
  connection_id: edcc57951fba0c9cfe0161337684dec5
  ...
ok 2 - announce-only
  ---
  duration_ms: 2118
  connection_id: d8315f09047f676d4f3c11d69f7c1b7e
  ...
not ok 3 - subscribe-error
  ---
  duration_ms: 10001
  message: "test timed out: deadline has elapsed"
  ...
ok 4 - announce-subscribe
  ---
  duration_ms: 3339
  publisher_connection_id: f6cde4c911df9677dd1c1dcaa41f5b40
  subscriber_connection_id: 2a065e655b3bb50403d28ba8d50edc71
  ...
ok 5 - subscribe-before-announce
  ---
  duration_ms: 4712
  subscriber_connection_id: 214350cc71eff7937e7132525899d3d5
  publisher_connection_id: ab9d67bfc3f6d37864f8c193446a0cdb
  ...
ok 6 - publish-namespace-done
  ---
  duration_ms: 2245
  connection_id: c0fd9711112b6372d1a0def3f3ba851b
  ...
make[1]: *** [Makefile:91: test-external] Error 1
make[1]: Leaving directory '/home/runner/work/moq-interop-runner/moq-interop-runner/main'
