make[1]: Entering directory '/home/runner/work/moq-interop-runner/moq-interop-runner/main'
Running tests against https://moqt.nokiaresearch.com:4443/moq...
  Client: ghcr.io/englishm/moq-interop-runner-moq-test-client-draft-18:latest
docker run --rm \
	 \
	--network host \
	-e RELAY_URL=https://moqt.nokiaresearch.com:4443/moq \
	-e TLS_DISABLE_VERIFY=false \
	ghcr.io/englishm/moq-interop-runner-moq-test-client-draft-18:latest
TAP version 14
# moq-test-client v0.1.6
# Relay: https://moqt.nokiaresearch.com:4443/moq
1..6
[2m2026-06-11T15:03:19.045895Z[0m [32m INFO[0m [2mmoq_native_ietf::quic[0m[2m:[0m UDP socket bound [3mbind[0m[2m=[0m[::]:0 [3mlocal[0m[2m=[0m[::]:35222 [3mdual_stack[0m[2m=[0mtrue
[2m2026-06-11T15:03:19.783274Z[0m [32m INFO[0m [2mmoq_test_client::scenarios[0m[2m:[0m SETUP exchange completed successfully
ok 1 - setup-only
  ---
  duration_ms: 738
  connection_id: 253ad314044d8a81f680a8de56aa01d3
  ...
[2m2026-06-11T15:03:19.784116Z[0m [32m INFO[0m [2mmoq_native_ietf::quic[0m[2m:[0m UDP socket bound [3mbind[0m[2m=[0m[::]:0 [3mlocal[0m[2m=[0m[::]:38271 [3mdual_stack[0m[2m=[0mtrue
[2m2026-06-11T15:03:20.413397Z[0m [32m INFO[0m [2mmoq_test_client::scenarios[0m[2m:[0m Sending PUBLISH_NAMESPACE for: moq-test/interop
not ok 2 - publish-namespace-only
  ---
  duration_ms: 630
  message: "PUBLISH_NAMESPACE failed: too many requests"
  ...
[2m2026-06-11T15:03:20.414177Z[0m [32m INFO[0m [2mmoq_native_ietf::quic[0m[2m:[0m UDP socket bound [3mbind[0m[2m=[0m[::]:0 [3mlocal[0m[2m=[0m[::]:54840 [3mdual_stack[0m[2m=[0mtrue
[2m2026-06-11T15:03:21.183908Z[0m [32m INFO[0m [2mmoq_test_client::scenarios[0m[2m:[0m Subscribing to non-existent track: nonexistent/namespace/test-track
[2m2026-06-11T15:03:21.183931Z[0m [31mERROR[0m [2mmoq_transport::serve::error[0m[2m:[0m [5de6f69d-b7bb-49d1-b77a-7871dfd40b62] Internal error: request ID limit: too many requests at /build/moq-transport/src/session/subscriber.rs:191
[2m2026-06-11T15:03:21.183951Z[0m [33m WARN[0m [2mmoq_test_client::scenarios[0m[2m:[0m Got error but not clearly 'not found': internal error: Internal error [error:5de6f69d-b7bb-49d1-b77a-7871dfd40b62]. Relay may use different error text.
ok 3 - subscribe-error
  ---
  duration_ms: 770
  connection_id: 48bb41a755d262d4dfe4bfab9e211a71
  ...
[2m2026-06-11T15:03:21.184773Z[0m [32m INFO[0m [2mmoq_native_ietf::quic[0m[2m:[0m UDP socket bound [3mbind[0m[2m=[0m[::]:0 [3mlocal[0m[2m=[0m[::]:39064 [3mdual_stack[0m[2m=[0mtrue
[2m2026-06-11T15:03:21.812214Z[0m [32m INFO[0m [2mmoq_native_ietf::quic[0m[2m:[0m UDP socket bound [3mbind[0m[2m=[0m[::]:0 [3mlocal[0m[2m=[0m[::]:40728 [3mdual_stack[0m[2m=[0mtrue
[2m2026-06-11T15:03:22.459065Z[0m [32m INFO[0m [2mmoq_test_client::scenarios[0m[2m:[0m Publisher sending PUBLISH_NAMESPACE: moq-test/interop
[2m2026-06-11T15:03:22.459084Z[0m [32m INFO[0m [2mmoq_test_client::scenarios[0m[2m:[0m Subscriber subscribing to track: moq-test/interop/test-track
not ok 4 - publish-namespace-subscribe
  ---
  duration_ms: 1275
  message: "publisher PUBLISH_NAMESPACE failed: too many requests"
  ...
[2m2026-06-11T15:03:22.459815Z[0m [32m INFO[0m [2mmoq_native_ietf::quic[0m[2m:[0m UDP socket bound [3mbind[0m[2m=[0m[::]:0 [3mlocal[0m[2m=[0m[::]:46959 [3mdual_stack[0m[2m=[0mtrue
[2m2026-06-11T15:03:23.190681Z[0m [32m INFO[0m [2mmoq_test_client::scenarios[0m[2m:[0m Subscriber subscribing BEFORE PUBLISH_NAMESPACE: moq-test/interop/test-track
[2m2026-06-11T15:03:23.190768Z[0m [31mERROR[0m [2mmoq_transport::serve::error[0m[2m:[0m [9f8e7f65-9f3d-440d-be0e-4d48949474e5] Internal error: request ID limit: too many requests at /build/moq-transport/src/session/subscriber.rs:191
[2m2026-06-11T15:03:23.692151Z[0m [32m INFO[0m [2mmoq_native_ietf::quic[0m[2m:[0m UDP socket bound [3mbind[0m[2m=[0m[::]:0 [3mlocal[0m[2m=[0m[::]:55626 [3mdual_stack[0m[2m=[0mtrue
[2m2026-06-11T15:03:24.320381Z[0m [32m INFO[0m [2mmoq_test_client::scenarios[0m[2m:[0m Publisher sending PUBLISH_NAMESPACE (after subscriber): moq-test/interop
not ok 5 - subscribe-before-publish-namespace
  ---
  duration_ms: 1861
  message: "publisher PUBLISH_NAMESPACE failed: too many requests"
  ...
[2m2026-06-11T15:03:24.321119Z[0m [32m INFO[0m [2mmoq_native_ietf::quic[0m[2m:[0m UDP socket bound [3mbind[0m[2m=[0m[::]:0 [3mlocal[0m[2m=[0m[::]:35898 [3mdual_stack[0m[2m=[0mtrue
[2m2026-06-11T15:03:24.952604Z[0m [32m INFO[0m [2mmoq_test_client::scenarios[0m[2m:[0m Sending PUBLISH_NAMESPACE: moq-test/interop
not ok 6 - publish-namespace-done
  ---
  duration_ms: 632
  message: "PUBLISH_NAMESPACE failed: too many requests"
  ...
make[1]: *** [Makefile:121: test-external] Error 1
make[1]: Leaving directory '/home/runner/work/moq-interop-runner/moq-interop-runner/main'
