make[1]: Entering directory '/home/runner/work/moq-interop-runner/moq-interop-runner/main'
Running tests against https://lminiero.it:9000...
  Client: ghcr.io/englishm/moq-interop-runner-moq-test-client-draft-18:latest
docker run --rm \
	 \
	--network host \
	-e RELAY_URL=https://lminiero.it:9000 \
	-e TLS_DISABLE_VERIFY=false \
	ghcr.io/englishm/moq-interop-runner-moq-test-client-draft-18:latest
TAP version 14
# moq-test-client v0.1.6
# Relay: https://lminiero.it:9000/
1..6
[2m2026-06-11T15:02:16.414786Z[0m [32m INFO[0m [2mmoq_native_ietf::quic[0m[2m:[0m UDP socket bound [3mbind[0m[2m=[0m[::]:0 [3mlocal[0m[2m=[0m[::]:49105 [3mdual_stack[0m[2m=[0mtrue
[2m2026-06-11T15:02:17.114912Z[0m [32m INFO[0m [2mmoq_test_client::scenarios[0m[2m:[0m SETUP exchange completed successfully
ok 1 - setup-only
  ---
  duration_ms: 700
  connection_id: 92b73b5fd3d759cdda0ff00d907dda5b
  ...
[2m2026-06-11T15:02:17.115641Z[0m [32m INFO[0m [2mmoq_native_ietf::quic[0m[2m:[0m UDP socket bound [3mbind[0m[2m=[0m[::]:0 [3mlocal[0m[2m=[0m[::]:38127 [3mdual_stack[0m[2m=[0mtrue
[2m2026-06-11T15:02:17.695497Z[0m [32m INFO[0m [2mmoq_test_client::scenarios[0m[2m:[0m Sending PUBLISH_NAMESPACE for: moq-test/interop
not ok 2 - publish-namespace-only
  ---
  duration_ms: 580
  message: "PUBLISH_NAMESPACE failed: too many requests"
  ...
[2m2026-06-11T15:02:17.696230Z[0m [32m INFO[0m [2mmoq_native_ietf::quic[0m[2m:[0m UDP socket bound [3mbind[0m[2m=[0m[::]:0 [3mlocal[0m[2m=[0m[::]:59436 [3mdual_stack[0m[2m=[0mtrue
[2m2026-06-11T15:02:18.388821Z[0m [32m INFO[0m [2mmoq_test_client::scenarios[0m[2m:[0m Subscribing to non-existent track: nonexistent/namespace/test-track
[2m2026-06-11T15:02:18.388849Z[0m [31mERROR[0m [2mmoq_transport::serve::error[0m[2m:[0m [51f4e328-f905-4c8c-bea4-102eb569b614] Internal error: request ID limit: too many requests at /build/moq-transport/src/session/subscriber.rs:191
[2m2026-06-11T15:02:18.388866Z[0m [33m WARN[0m [2mmoq_test_client::scenarios[0m[2m:[0m Got error but not clearly 'not found': internal error: Internal error [error:51f4e328-f905-4c8c-bea4-102eb569b614]. Relay may use different error text.
ok 3 - subscribe-error
  ---
  duration_ms: 693
  connection_id: d71b8ec945ff697be1ae51a5981e52b4
  ...
[2m2026-06-11T15:02:18.389602Z[0m [32m INFO[0m [2mmoq_native_ietf::quic[0m[2m:[0m UDP socket bound [3mbind[0m[2m=[0m[::]:0 [3mlocal[0m[2m=[0m[::]:38073 [3mdual_stack[0m[2m=[0mtrue
[2m2026-06-11T15:02:19.096174Z[0m [32m INFO[0m [2mmoq_native_ietf::quic[0m[2m:[0m UDP socket bound [3mbind[0m[2m=[0m[::]:0 [3mlocal[0m[2m=[0m[::]:39999 [3mdual_stack[0m[2m=[0mtrue
[2m2026-06-11T15:02:19.788666Z[0m [32m INFO[0m [2mmoq_test_client::scenarios[0m[2m:[0m Publisher sending PUBLISH_NAMESPACE: moq-test/interop
[2m2026-06-11T15:02:19.788683Z[0m [32m INFO[0m [2mmoq_test_client::scenarios[0m[2m:[0m Subscriber subscribing to track: moq-test/interop/test-track
not ok 4 - publish-namespace-subscribe
  ---
  duration_ms: 1399
  message: "publisher PUBLISH_NAMESPACE failed: too many requests"
  ...
[2m2026-06-11T15:02:19.789550Z[0m [32m INFO[0m [2mmoq_native_ietf::quic[0m[2m:[0m UDP socket bound [3mbind[0m[2m=[0m[::]:0 [3mlocal[0m[2m=[0m[::]:58905 [3mdual_stack[0m[2m=[0mtrue
[2m2026-06-11T15:02:20.256763Z[0m [32m INFO[0m [2mmoq_test_client::scenarios[0m[2m:[0m Subscriber subscribing BEFORE PUBLISH_NAMESPACE: moq-test/interop/test-track
[2m2026-06-11T15:02:20.256854Z[0m [31mERROR[0m [2mmoq_transport::serve::error[0m[2m:[0m [5636c3a9-f4ad-4855-9793-2cae346a4c80] Internal error: request ID limit: too many requests at /build/moq-transport/src/session/subscriber.rs:191
[2m2026-06-11T15:02:20.758297Z[0m [32m INFO[0m [2mmoq_native_ietf::quic[0m[2m:[0m UDP socket bound [3mbind[0m[2m=[0m[::]:0 [3mlocal[0m[2m=[0m[::]:53225 [3mdual_stack[0m[2m=[0mtrue
[2m2026-06-11T15:02:21.230336Z[0m [32m INFO[0m [2mmoq_test_client::scenarios[0m[2m:[0m Publisher sending PUBLISH_NAMESPACE (after subscriber): moq-test/interop
not ok 5 - subscribe-before-publish-namespace
  ---
  duration_ms: 1441
  message: "publisher PUBLISH_NAMESPACE failed: too many requests"
  ...
[2m2026-06-11T15:02:21.231079Z[0m [32m INFO[0m [2mmoq_native_ietf::quic[0m[2m:[0m UDP socket bound [3mbind[0m[2m=[0m[::]:0 [3mlocal[0m[2m=[0m[::]:50321 [3mdual_stack[0m[2m=[0mtrue
[2m2026-06-11T15:02:21.922889Z[0m [32m INFO[0m [2mmoq_test_client::scenarios[0m[2m:[0m Sending PUBLISH_NAMESPACE: moq-test/interop
not ok 6 - publish-namespace-done
  ---
  duration_ms: 692
  message: "PUBLISH_NAMESPACE failed: too many requests"
  ...
make[1]: *** [Makefile:121: test-external] Error 1
make[1]: Leaving directory '/home/runner/work/moq-interop-runner/moq-interop-runner/main'
