make[1]: Entering directory '/home/runner/work/moq-interop-runner/moq-interop-runner/main'
Running tests against https://relay.moqtail.dev...
  Client: ghcr.io/englishm/moq-interop-runner-moq-test-client-draft-16:latest
docker run --rm \
	 \
	--network host \
	-e RELAY_URL=https://relay.moqtail.dev \
	-e TLS_DISABLE_VERIFY=false \
	ghcr.io/englishm/moq-interop-runner-moq-test-client-draft-16:latest
TAP version 14
# moq-test-client v0.1.0
# Relay: https://relay.moqtail.dev/
1..6
ok 1 - setup-only
  ---
  duration_ms: 73
  connection_id: 46b3c9f7206e66255d16f30017d27d3b
  ...
ok 2 - announce-only
  ---
  duration_ms: 2022
  connection_id: 64624e5ebc7ece5d9cd9bb6e8a0fa218
  ...
ok 3 - subscribe-error
  ---
  duration_ms: 29
  connection_id: a5b8401d528a9e12dda846cdde26a66a
  ...
ok 4 - announce-subscribe
  ---
  duration_ms: 95
  publisher_connection_id: 85552f900f06ade654c58b11685e8668
  subscriber_connection_id: 6da82cd32fe9a043f1cf286431aa4b9c
  ...
ok 5 - subscribe-before-announce
  ---
  duration_ms: 3540
  subscriber_connection_id: 8216a6584762456e3b847f15cf71af0d
  publisher_connection_id: 20e488088e699dd1fc54044271e30655
  ...
ok 6 - publish-namespace-done
  ---
  duration_ms: 2123
  connection_id: a4464510bd8f3c3752fc0c9216933add
  ...
make[1]: Leaving directory '/home/runner/work/moq-interop-runner/moq-interop-runner/main'
