make[1]: Entering directory '/home/runner/work/moq-interop-runner/moq-interop-runner/main'
Running tests against moqt://moqx-main.ci.openmoq.org:4433...
  Client: ghcr.io/englishm/moq-interop-runner-moq-test-client:latest
docker run --rm \
	 \
	--network host \
	-e RELAY_URL=moqt://moqx-main.ci.openmoq.org:4433 \
	-e TLS_DISABLE_VERIFY=false \
	ghcr.io/englishm/moq-interop-runner-moq-test-client:latest
TAP version 14
# moq-test-client v0.1.0
# Relay: moqt://moqx-main.ci.openmoq.org:4433
1..6
ok 1 - setup-only
  ---
  duration_ms: 9
  connection_id: 05701f56c495498f63f118bf30b75117
  ...
ok 2 - announce-only
  ---
  duration_ms: 2009
  connection_id: 529edfdf542a00b0ba551a9aa452c522
  ...
ok 3 - subscribe-error
  ---
  duration_ms: 21
  connection_id: 2be4c8439bf1a277db94b2fd53f928ee
  ...
ok 4 - announce-subscribe
  ---
  duration_ms: 3052
  publisher_connection_id: 672fa94b4f5233977050879b6d7ce5ca
  subscriber_connection_id: 8edb85896789af398a2cdff4fc8c0cc0
  ...
ok 5 - subscribe-before-announce
  ---
  duration_ms: 3525
  subscriber_connection_id: bcbfb8cb0fbc8fb4b322acacd87e02ec
  publisher_connection_id: 2e1a70a7fc5add24d5fc75c6cae42351
  ...
ok 6 - publish-namespace-done
  ---
  duration_ms: 2113
  connection_id: 686313fc196d2c84741f37c3c90e2558
  ...
make[1]: Leaving directory '/home/runner/work/moq-interop-runner/moq-interop-runner/main'
