make[1]: Entering directory '/home/runner/work/moq-interop-runner/moq-interop-runner/main'
Running tests against https://lminiero.it:9000...
  Client: ghcr.io/englishm/moq-interop-runner-moq-test-client-draft-16:latest
docker run --rm \
	 \
	--network host \
	-e RELAY_URL=https://lminiero.it:9000 \
	-e TLS_DISABLE_VERIFY=false \
	ghcr.io/englishm/moq-interop-runner-moq-test-client-draft-16:latest
TAP version 14
# moq-test-client v0.1.0
# Relay: https://lminiero.it:9000/
1..6
ok 1 - setup-only
  ---
  duration_ms: 703
  connection_id: fd1b79c1b81b1a08a566eeebce29c90a
  ...
ok 2 - announce-only
  ---
  duration_ms: 2710
  connection_id: 80c4caeaa3cfe09d531766c32c0523a1
  ...
ok 3 - subscribe-error
  ---
  duration_ms: 801
  connection_id: 173804b06fac5b80bdda698a92668809
  ...
ok 4 - announce-subscribe
  ---
  duration_ms: 4416
  publisher_connection_id: cfd249b955a85a4a068670e7ea28d80f
  subscriber_connection_id: c8b25dfde345cdd601281490acc92ac0
  ...
ok 5 - subscribe-before-announce
  ---
  duration_ms: 5838
  subscriber_connection_id: 7c1949032d6b78717cedcad756441558
  publisher_connection_id: c0be0f71f8b8cb2932ee2c8e0f394b7b
  ...
ok 6 - publish-namespace-done
  ---
  duration_ms: 2701
  connection_id: 8ae6f7062421df275643dd78942f15cd
  ...
make[1]: Leaving directory '/home/runner/work/moq-interop-runner/moq-interop-runner/main'
