make[1]: Entering directory '/home/runner/work/moq-interop-runner/moq-interop-runner/main'
Running tests against moqt://moqt.nokiaresearch.com:4443/moq...
  Client: ghcr.io/englishm/moq-interop-runner-moq-test-client-draft-18:latest
docker run --rm \
	 \
	--network host \
	-e RELAY_URL=moqt://moqt.nokiaresearch.com:4443/moq \
	-e TLS_DISABLE_VERIFY=false \
	ghcr.io/englishm/moq-interop-runner-moq-test-client-draft-18:latest
TAP version 14
# moq-test-client v0.1.6
# Relay: moqt://moqt.nokiaresearch.com:4443/moq
1..6
[2m2026-06-11T15:03:14.870505Z[0m [32m INFO[0m [2mmoq_native_ietf::quic[0m[2m:[0m UDP socket bound [3mbind[0m[2m=[0m[::]:0 [3mlocal[0m[2m=[0m[::]:56087 [3mdual_stack[0m[2m=[0mtrue
[2m2026-06-11T15:03:15.300994Z[0m [32m INFO[0m [2mmoq_test_client::scenarios[0m[2m:[0m SETUP exchange completed successfully
ok 1 - setup-only
  ---
  duration_ms: 431
  connection_id: ca6c36d868537799fe7d5a89b5f69258
  ...
[2m2026-06-11T15:03:15.301731Z[0m [32m INFO[0m [2mmoq_native_ietf::quic[0m[2m:[0m UDP socket bound [3mbind[0m[2m=[0m[::]:0 [3mlocal[0m[2m=[0m[::]:46656 [3mdual_stack[0m[2m=[0mtrue
[2m2026-06-11T15:03:15.778156Z[0m [32m INFO[0m [2mmoq_test_client::scenarios[0m[2m:[0m Sending PUBLISH_NAMESPACE for: moq-test/interop
not ok 2 - publish-namespace-only
  ---
  duration_ms: 477
  message: "PUBLISH_NAMESPACE failed: too many requests"
  ...
[2m2026-06-11T15:03:15.778968Z[0m [32m INFO[0m [2mmoq_native_ietf::quic[0m[2m:[0m UDP socket bound [3mbind[0m[2m=[0m[::]:0 [3mlocal[0m[2m=[0m[::]:58512 [3mdual_stack[0m[2m=[0mtrue
[2m2026-06-11T15:03:16.211222Z[0m [32m INFO[0m [2mmoq_test_client::scenarios[0m[2m:[0m Subscribing to non-existent track: nonexistent/namespace/test-track
[2m2026-06-11T15:03:16.211246Z[0m [31mERROR[0m [2mmoq_transport::serve::error[0m[2m:[0m [c6642815-9484-49a1-b2f0-62e8407564c5] Internal error: request ID limit: too many requests at /build/moq-transport/src/session/subscriber.rs:191
[2m2026-06-11T15:03:16.211267Z[0m [33m WARN[0m [2mmoq_test_client::scenarios[0m[2m:[0m Got error but not clearly 'not found': internal error: Internal error [error:c6642815-9484-49a1-b2f0-62e8407564c5]. Relay may use different error text.
ok 3 - subscribe-error
  ---
  duration_ms: 433
  connection_id: 6b94bb4d99dc48527b4913e8bda389f3
  ...
[2m2026-06-11T15:03:16.212029Z[0m [32m INFO[0m [2mmoq_native_ietf::quic[0m[2m:[0m UDP socket bound [3mbind[0m[2m=[0m[::]:0 [3mlocal[0m[2m=[0m[::]:51841 [3mdual_stack[0m[2m=[0mtrue
[2m2026-06-11T15:03:16.608418Z[0m [32m INFO[0m [2mmoq_native_ietf::quic[0m[2m:[0m UDP socket bound [3mbind[0m[2m=[0m[::]:0 [3mlocal[0m[2m=[0m[::]:37607 [3mdual_stack[0m[2m=[0mtrue
[2m2026-06-11T15:03:17.111254Z[0m [32m INFO[0m [2mmoq_test_client::scenarios[0m[2m:[0m Publisher sending PUBLISH_NAMESPACE: moq-test/interop
[2m2026-06-11T15:03:17.111270Z[0m [32m INFO[0m [2mmoq_test_client::scenarios[0m[2m:[0m Subscriber subscribing to track: moq-test/interop/test-track
[2m2026-06-11T15:03:17.111281Z[0m [31mERROR[0m [2mmoq_transport::serve::error[0m[2m:[0m [890c8aec-59ac-4888-abfc-5b726658b84b] Internal error: request ID limit: too many requests at /build/moq-transport/src/session/subscriber.rs:191
[2m2026-06-11T15:03:17.111321Z[0m [32m INFO[0m [2mmoq_test_client::scenarios[0m[2m:[0m Subscriber got error: internal error: Internal error [error:890c8aec-59ac-4888-abfc-5b726658b84b] - subscription was processed
ok 4 - publish-namespace-subscribe
  ---
  duration_ms: 899
  publisher_connection_id: b40cbf80918dfffc3285cf82d75e28c4
  subscriber_connection_id: 90bc93098a8d972c5a819cafd41bb146
  ...
[2m2026-06-11T15:03:17.111978Z[0m [32m INFO[0m [2mmoq_native_ietf::quic[0m[2m:[0m UDP socket bound [3mbind[0m[2m=[0m[::]:0 [3mlocal[0m[2m=[0m[::]:49758 [3mdual_stack[0m[2m=[0mtrue
[2m2026-06-11T15:03:17.539760Z[0m [32m INFO[0m [2mmoq_test_client::scenarios[0m[2m:[0m Subscriber subscribing BEFORE PUBLISH_NAMESPACE: moq-test/interop/test-track
[2m2026-06-11T15:03:17.539866Z[0m [31mERROR[0m [2mmoq_transport::serve::error[0m[2m:[0m [58f69144-6425-41ac-86e9-3a4b52c576fe] Internal error: request ID limit: too many requests at /build/moq-transport/src/session/subscriber.rs:191
[2m2026-06-11T15:03:18.042030Z[0m [32m INFO[0m [2mmoq_native_ietf::quic[0m[2m:[0m UDP socket bound [3mbind[0m[2m=[0m[::]:0 [3mlocal[0m[2m=[0m[::]:56256 [3mdual_stack[0m[2m=[0mtrue
[2m2026-06-11T15:03:18.532001Z[0m [32m INFO[0m [2mmoq_test_client::scenarios[0m[2m:[0m Publisher sending PUBLISH_NAMESPACE (after subscriber): moq-test/interop
not ok 5 - subscribe-before-publish-namespace
  ---
  duration_ms: 1420
  message: "publisher PUBLISH_NAMESPACE failed: too many requests"
  ...
[2m2026-06-11T15:03:18.532707Z[0m [32m INFO[0m [2mmoq_native_ietf::quic[0m[2m:[0m UDP socket bound [3mbind[0m[2m=[0m[::]:0 [3mlocal[0m[2m=[0m[::]:56493 [3mdual_stack[0m[2m=[0mtrue
[2m2026-06-11T15:03:18.911490Z[0m [32m INFO[0m [2mmoq_test_client::scenarios[0m[2m:[0m Sending PUBLISH_NAMESPACE: moq-test/interop
not ok 6 - publish-namespace-done
  ---
  duration_ms: 379
  message: "PUBLISH_NAMESPACE failed: too many requests"
  ...
make[1]: *** [Makefile:121: test-external] Error 1
make[1]: Leaving directory '/home/runner/work/moq-interop-runner/moq-interop-runner/main'
