make[1]: Entering directory '/home/runner/work/moq-interop-runner/moq-interop-runner/main'
Running tests against https://quichemoq.dev:443...
  Client: ghcr.io/openmoq/moqx-interop-client:latest
docker run --rm \
	 \
	--network host \
	-e RELAY_URL=https://quichemoq.dev:443 \
	-e TLS_DISABLE_VERIFY=false \
	ghcr.io/openmoq/moqx-interop-client:latest
TAP version 14
# moxygen interop test client
# Relay: https://quichemoq.dev:443
# Transport: WebTransport
1..6
E20260611 15:26:13.064806     1 HQSession.cpp:558] Connection closed with error err=Connect failed msg=connect timeout proto=, client CID=, server CID=, local=<uninitialized address>, 34.53.4.47:443=upstream, drain=none
E0611 15:26:13.065852     1 MoQWebTransportClient.cpp:96] std::runtime_error: Connect failed
not ok 1 - setup-only
  ---
  duration_ms: 2039
  error: Connect failed
  ...
E20260611 15:26:15.121533     1 HQSession.cpp:558] Connection closed with error err=Connect failed msg=connect timeout proto=, client CID=, server CID=, local=<uninitialized address>, 34.53.4.47:443=upstream, drain=none
E0611 15:26:15.121679     1 MoQWebTransportClient.cpp:96] std::runtime_error: Connect failed
not ok 2 - announce-only
  ---
  duration_ms: 2055
  error: Connect failed
  ...
E20260611 15:26:17.155853     1 HQSession.cpp:558] Connection closed with error err=Connect failed msg=connect timeout proto=, client CID=, server CID=, local=<uninitialized address>, 34.53.4.47:443=upstream, drain=none
E0611 15:26:17.155974     1 MoQWebTransportClient.cpp:96] std::runtime_error: Connect failed
not ok 3 - subscribe-error
  ---
  duration_ms: 2034
  error: Connect failed
  ...
E20260611 15:26:19.165723     1 HQSession.cpp:558] Connection closed with error err=Connect failed msg=connect timeout proto=, client CID=, server CID=, local=<uninitialized address>, 34.53.4.47:443=upstream, drain=none
E0611 15:26:19.165861     1 MoQWebTransportClient.cpp:96] std::runtime_error: Connect failed
not ok 4 - announce-subscribe
  ---
  duration_ms: 2009
  error: Connect failed
  ...
E20260611 15:26:21.241449     1 HQSession.cpp:558] Connection closed with error err=Connect failed msg=connect timeout proto=, client CID=, server CID=, local=<uninitialized address>, 34.53.4.47:443=upstream, drain=none
E0611 15:26:21.241565     1 MoQWebTransportClient.cpp:96] std::runtime_error: Connect failed
not ok 5 - publish-namespace-done
  ---
  duration_ms: 2075
  error: Connect failed
  ...
E20260611 15:26:23.338253     1 HQSession.cpp:558] Connection closed with error err=Connect failed msg=connect timeout proto=, client CID=, server CID=, local=<uninitialized address>, 34.53.4.47:443=upstream, drain=none
E0611 15:26:23.338420     1 MoQWebTransportClient.cpp:96] std::runtime_error: Connect failed
not ok 6 - subscribe-before-announce
  ---
  duration_ms: 2096
  error: Connect failed
  ...
make[1]: *** [Makefile:121: test-external] Error 1
make[1]: Leaving directory '/home/runner/work/moq-interop-runner/moq-interop-runner/main'
