make[1]: Entering directory '/home/runner/work/moq-interop-runner/moq-interop-runner/main'
Running tests against https://draft-16-manish.cloudflare.mediaoverquic.com:443/moq...
  Client: ghcr.io/facebookexperimental/moxygen-interop-client:latest-amd64
docker run --rm \
	 \
	--network host \
	-e RELAY_URL=https://draft-16-manish.cloudflare.mediaoverquic.com:443/moq \
	-e TLS_DISABLE_VERIFY=false \
	ghcr.io/facebookexperimental/moxygen-interop-client:latest-amd64
TAP version 14
# moxygen interop test client
# Relay: https://draft-16-manish.cloudflare.mediaoverquic.com:443/moq
# Transport: WebTransport
1..6
E20260611 15:27:58.273375     1 HQSession.cpp:558] Connection closed with error err=Crypto error: certificate_expired msg=fizz::FizzVerificationException: certificate verification failed: certificate has expired proto=, client CID=, server CID=794011146b9b9de3, local=<uninitialized address>, 34.68.101.111:443=upstream, drain=none
E0611 15:27:58.274232     1 MoQWebTransportClient.cpp:96] std::runtime_error: Crypto error: certificate_expired
not ok 1 - setup-only
  ---
  duration_ms: 47
  error: Crypto error: certificate_expired
  ...
E20260611 15:27:58.295217     1 HQSession.cpp:558] Connection closed with error err=Crypto error: certificate_expired msg=fizz::FizzVerificationException: certificate verification failed: certificate has expired proto=, client CID=, server CID=568d177c4988608d, local=<uninitialized address>, 34.68.101.111:443=upstream, drain=none
E0611 15:27:58.295366     1 MoQWebTransportClient.cpp:96] std::runtime_error: Crypto error: certificate_expired
not ok 2 - announce-only
  ---
  duration_ms: 21
  error: Crypto error: certificate_expired
  ...
E20260611 15:27:58.324443     1 HQSession.cpp:558] Connection closed with error err=Crypto error: certificate_expired msg=fizz::FizzVerificationException: certificate verification failed: certificate has expired proto=, client CID=, server CID=c0a9cd9d5446d705, local=<uninitialized address>, 34.68.101.111:443=upstream, drain=none
E0611 15:27:58.324608     1 MoQWebTransportClient.cpp:96] std::runtime_error: Crypto error: certificate_expired
not ok 3 - subscribe-error
  ---
  duration_ms: 29
  error: Crypto error: certificate_expired
  ...
E20260611 15:27:58.360961     1 HQSession.cpp:558] Connection closed with error err=Crypto error: certificate_expired msg=fizz::FizzVerificationException: certificate verification failed: certificate has expired proto=, client CID=, server CID=47039e5dbcf389a3, local=<uninitialized address>, 34.68.101.111:443=upstream, drain=none
E0611 15:27:58.361105     1 MoQWebTransportClient.cpp:96] std::runtime_error: Crypto error: certificate_expired
not ok 4 - announce-subscribe
  ---
  duration_ms: 36
  error: Crypto error: certificate_expired
  ...
not ok 5 - publish-namespace-done
  ---
  duration_ms: 53
  error: Crypto error: certificate_expired
  ...
E20260611 15:27:58.414101     1 HQSession.cpp:558] Connection closed with error err=Crypto error: certificate_expired msg=fizz::FizzVerificationException: certificate verification failed: certificate has expired proto=, client CID=, server CID=3f3ec7d84ff7be66, local=<uninitialized address>, 34.68.101.111:443=upstream, drain=none
E0611 15:27:58.414243     1 MoQWebTransportClient.cpp:96] std::runtime_error: Crypto error: certificate_expired
E20260611 15:27:58.436945     1 HQSession.cpp:558] Connection closed with error err=Crypto error: certificate_expired msg=fizz::FizzVerificationException: certificate verification failed: certificate has expired proto=, client CID=, server CID=98f131fd1322a112, local=<uninitialized address>, 34.68.101.111:443=upstream, drain=none
E0611 15:27:58.437080     1 MoQWebTransportClient.cpp:96] std::runtime_error: Crypto error: certificate_expired
not ok 6 - subscribe-before-announce
  ---
  duration_ms: 22
  error: Crypto error: certificate_expired
  ...
make[1]: *** [Makefile:121: test-external] Error 1
make[1]: Leaving directory '/home/runner/work/moq-interop-runner/moq-interop-runner/main'
