make[1]: Entering directory '/home/runner/work/moq-interop-runner/moq-interop-runner/main'
Running tests against https://relay.moqtail.dev...
  Client: ghcr.io/facebookexperimental/moxygen-interop-client:latest-amd64
docker run --rm \
	 \
	--network host \
	-e RELAY_URL=https://relay.moqtail.dev \
	-e TLS_DISABLE_VERIFY=false \
	ghcr.io/facebookexperimental/moxygen-interop-client:latest-amd64
TAP version 14
# moxygen interop test client
# Relay: https://relay.moqtail.dev
# Transport: WebTransport
1..6
W0611 15:27:59.631648     1 MoQWebTransportClient.cpp:176] WebTransport: No WT-Protocol header in response, will use legacy version negotiation
E0611 15:27:59.634027     1 MoQWebTransportClient.cpp:201] proxygen::HTTPException: Got error=ApplicationError: No Error, Client closed by peer reason=Setup failed
not ok 1 - setup-only
  ---
  duration_ms: 53
  error: coroutine operation cancelled
  ...
W0611 15:27:59.656812     1 MoQWebTransportClient.cpp:176] WebTransport: No WT-Protocol header in response, will use legacy version negotiation
E0611 15:27:59.658963     1 MoQWebTransportClient.cpp:201] proxygen::HTTPException: Got error=ApplicationError: No Error, Client closed by peer reason=Setup failed
not ok 2 - announce-only
  ---
  duration_ms: 24
  error: coroutine operation cancelled
  ...
W0611 15:27:59.690646     1 MoQWebTransportClient.cpp:176] WebTransport: No WT-Protocol header in response, will use legacy version negotiation
E0611 15:27:59.692458     1 MoQWebTransportClient.cpp:201] proxygen::HTTPException: Got error=ApplicationError: No Error, Client closed by peer reason=Setup failed
not ok 3 - subscribe-error
  ---
  duration_ms: 33
  error: coroutine operation cancelled
  ...
W0611 15:27:59.702533     1 MoQWebTransportClient.cpp:176] WebTransport: No WT-Protocol header in response, will use legacy version negotiation
E0611 15:27:59.705118     1 MoQWebTransportClient.cpp:201] proxygen::HTTPException: Got error=ApplicationError: No Error, Client closed by peer reason=Setup failed
not ok 4 - announce-subscribe
  ---
  duration_ms: 12
  error: coroutine operation cancelled
  ...
W0611 15:27:59.714070     1 MoQWebTransportClient.cpp:176] WebTransport: No WT-Protocol header in response, will use legacy version negotiation
E0611 15:27:59.716041     1 MoQWebTransportClient.cpp:201] proxygen::HTTPException: Got error=ApplicationError: No Error, Client closed by peer reason=Setup failed
not ok 5 - publish-namespace-done
  ---
  duration_ms: 10
  error: coroutine operation cancelled
  ...
W0611 15:27:59.739699     1 MoQWebTransportClient.cpp:176] WebTransport: No WT-Protocol header in response, will use legacy version negotiation
E0611 15:27:59.741588     1 MoQWebTransportClient.cpp:201] proxygen::HTTPException: Got error=ApplicationError: No Error, Client closed by peer reason=Setup failed
not ok 6 - subscribe-before-announce
  ---
  duration_ms: 25
  error: coroutine operation cancelled
  ...
make[1]: *** [Makefile:121: test-external] Error 1
make[1]: Leaving directory '/home/runner/work/moq-interop-runner/moq-interop-runner/main'
