make[1]: Entering directory '/home/runner/work/moq-interop-runner/moq-interop-runner/main'
Running tests against https://us-west-2.relay.quicr.org:33437/relay...
  Client: ghcr.io/englishm/moq-interop-runner-moq-test-client:latest
docker run --rm \
	--network host \
	-e RELAY_URL=https://us-west-2.relay.quicr.org:33437/relay \
	-e TLS_DISABLE_VERIFY=1 \
	ghcr.io/englishm/moq-interop-runner-moq-test-client:latest
TAP version 14
# moq-test-client v0.1.0
# Relay: https://us-west-2.relay.quicr.org:33437/relay
1..6
ok 1 - setup-only
  ---
  duration_ms: 565
  connection_id: 31c6dd9f4092178ccb6c35d4e4acb6fe
  ...
ok 2 - announce-only
  ---
  duration_ms: 2426
  connection_id: 0b8b60af68fe11c3c01ac71ba4e193dc
  ...
not ok 3 - subscribe-error
  ---
  duration_ms: 10000
  message: "test timed out: deadline has elapsed"
  ...
ok 4 - announce-subscribe
  ---
  duration_ms: 3576
  publisher_connection_id: b621f1eede160a9a679b7c3320ec5375
  subscriber_connection_id: 4816ea3e8eadff155400e86e48f5a66f
  ...
ok 5 - subscribe-before-announce
  ---
  duration_ms: 5298
  subscriber_connection_id: d6bb44df843aa907f4317821b4962c3a
  publisher_connection_id: 445d6f5c0f1310459ce8a86e9c07cffb
  ...
ok 6 - publish-namespace-done
  ---
  duration_ms: 2422
  connection_id: 8bec1290d76a4d00f12f5440a02d2d0e
  ...
make[1]: *** [Makefile:91: test-external] Error 1
make[1]: Leaving directory '/home/runner/work/moq-interop-runner/moq-interop-runner/main'
