make[1]: Entering directory '/home/runner/work/moq-interop-runner/moq-interop-runner/main'
Running tests against moqt://draft-14.cloudflare.mediaoverquic.com:443...
  Client: ghcr.io/englishm/moq-interop-runner-moq-test-client:latest
docker run --rm \
	--network host \
	-e RELAY_URL=moqt://draft-14.cloudflare.mediaoverquic.com:443 \
	-e TLS_DISABLE_VERIFY=false \
	ghcr.io/englishm/moq-interop-runner-moq-test-client:latest
TAP version 14
# moq-test-client v0.1.0
# Relay: moqt://draft-14.cloudflare.mediaoverquic.com:443
1..6
ok 1 - setup-only
  ---
  duration_ms: 80
  connection_id: 919d48f388999eb3c4b8d3432dab8f8f
  ...
ok 2 - announce-only
  ---
  duration_ms: 2052
  connection_id: 2dc49a18b483028589a9f2a220ccf006
  ...
ok 3 - subscribe-error
  ---
  duration_ms: 415
  connection_id: 089114f4276c15dba9a10106304b94d5
  ...
ok 4 - announce-subscribe
  ---
  duration_ms: 570
  publisher_connection_id: 13a8c779995751098c10995345eb9034
  subscriber_connection_id: fe1f097dc3b44c92f201948851207927
  ...
ok 5 - subscribe-before-announce
  ---
  duration_ms: 3539
  subscriber_connection_id: 0b152ccd14418eadbdf35f2670fbe7ad
  publisher_connection_id: 4b7fe393c761a44c86bfa90ab150c369
  ...
ok 6 - publish-namespace-done
  ---
  duration_ms: 2133
  connection_id: 1fed2bb1a709795937a6d7526e644054
  ...
make[1]: Leaving directory '/home/runner/work/moq-interop-runner/moq-interop-runner/main'
