make[1]: Entering directory '/home/runner/work/moq-interop-runner/moq-interop-runner/main'
Running tests against https://us-west-2.relay.quicr.org:33437/relay...
  Client: ghcr.io/facebookexperimental/moxygen-interop-client:latest-amd64
docker run --rm \
	--network host \
	-e RELAY_URL=https://us-west-2.relay.quicr.org:33437/relay \
	-e TLS_DISABLE_VERIFY=1 \
	ghcr.io/facebookexperimental/moxygen-interop-client:latest-amd64
TAP version 14
# moxygen interop test client
# Relay: https://us-west-2.relay.quicr.org:33437/relay
# Transport: WebTransport
1..6
W0303 00:44:18.767156     1 MoQWebTransportClient.cpp:180] WebTransport: No WT-Protocol header in response, will use legacy version negotiation
E0303 00:44:18.852212     1 MoQSession.cpp:2559] proxygen::WebTransport::Exception: session terminated with error=386759528 id=4 sess=0x5578abb1dbf0
ok 1 - setup-only
  ---
  duration_ms: 275
  info: SETUP exchange completed successfully
  ...
E20260303 00:44:18.936137     1 HQSession.cpp:530] Connection closed with error err=100 msg=Client closed by peer reason= proto=h3, client CID=, server CID=154e4349d53ae689, local=10.1.0.146:58362, 35.95.73.240:33437=upstream, drain=done
W0303 00:44:19.059109     1 MoQWebTransportClient.cpp:180] WebTransport: No WT-Protocol header in response, will use legacy version negotiation
W0303 00:44:19.142718     1 MoQSession.cpp:4584] Issuing request that will fail; nextRequestID_=0 peerMaxRequestID_=0 sess=0x5578abb24070
E0303 00:44:19.225628     1 MoQRelaySession.cpp:698] PublishNamespaceDone for unknown publishNamespace, sess=0x5578abb24070
ok 2 - announce-only
  ---
  duration_ms: 373
  info: PUBLISH_NAMESPACE completed successfully
  ...
E0303 00:44:19.225830     1 MoQSession.cpp:2559] proxygen::WebTransport::Exception: session terminated with error=386759528 id=4 sess=0x5578abb24070
E20260303 00:44:19.308722     1 HQSession.cpp:530] Connection closed with error err=100 msg=Client closed by peer reason= proto=h3, client CID=, server CID=261713095f29c253, local=10.1.0.146:37037, 35.95.73.240:33437=upstream, drain=done
W0303 00:44:19.402885     1 MoQWebTransportClient.cpp:180] WebTransport: No WT-Protocol header in response, will use legacy version negotiation
W0303 00:44:19.489925     1 MoQSession.cpp:4584] Issuing request that will fail; nextRequestID_=0 peerMaxRequestID_=0 sess=0x5578abb29d40
W0303 00:44:19.576247     1 MoQFramer.cpp:697] parseParams: ignoring param not allowed for frame type at param index=0, key=32
not ok 3 - subscribe-error
  ---
  duration_ms: 350
  error: Subscribe succeeded (relay accepted non-existent track)
  ...
E0303 00:44:19.576493     1 MoQSession.cpp:2559] proxygen::WebTransport::Exception: session terminated with error=386759528 id=4 sess=0x5578abb29d40
E20260303 00:44:19.663383     1 HQSession.cpp:530] Connection closed with error err=100 msg=Client closed by peer reason= proto=h3, client CID=, server CID=ef3d20e760e8c7d3, local=10.1.0.146:37504, 35.95.73.240:33437=upstream, drain=done
W0303 00:44:19.756398     1 MoQWebTransportClient.cpp:180] WebTransport: No WT-Protocol header in response, will use legacy version negotiation
W0303 00:44:19.844505     1 MoQSession.cpp:4584] Issuing request that will fail; nextRequestID_=0 peerMaxRequestID_=0 sess=0x5578abb2d7d0
W0303 00:44:20.117887     1 MoQWebTransportClient.cpp:180] WebTransport: No WT-Protocol header in response, will use legacy version negotiation
W0303 00:44:20.209514     1 MoQSession.cpp:4584] Issuing request that will fail; nextRequestID_=0 peerMaxRequestID_=0 sess=0x5578abb2eba0
W0303 00:44:20.299787     1 MoQFramer.cpp:697] parseParams: ignoring param not allowed for frame type at param index=0, key=32
ok 4 - announce-subscribe
  ---
  duration_ms: 723
  info: Publisher announced, subscriber subscribed successfully
  ...
E0303 00:44:20.300094     1 MoQSession.cpp:2559] proxygen::WebTransport::Exception: session terminated with error=386759528 id=4 sess=0x5578abb2eba0
E0303 00:44:20.300117     1 MoQSession.cpp:2559] proxygen::WebTransport::Exception: session terminated with error=386759528 id=4 sess=0x5578abb2d7d0
E20260303 00:44:20.387404     1 HQSession.cpp:530] Connection closed with error err=100 msg=Client closed by peer reason= proto=h3, client CID=, server CID=733e8dec0d5e44dc, local=10.1.0.146:54887, 35.95.73.240:33437=upstream, drain=done
E20260303 00:44:20.390309     1 HQSession.cpp:530] Connection closed with error err=100 msg=Client closed by peer reason= proto=h3, client CID=, server CID=ef08ea9c3c02a9ce, local=10.1.0.146:36323, 35.95.73.240:33437=upstream, drain=done
W0303 00:44:20.504745     1 MoQWebTransportClient.cpp:180] WebTransport: No WT-Protocol header in response, will use legacy version negotiation
W0303 00:44:20.595838     1 MoQSession.cpp:4584] Issuing request that will fail; nextRequestID_=0 peerMaxRequestID_=0 sess=0x5578abb36e90
ok 5 - publish-namespace-done
  ---
  duration_ms: 385
  info: PUBLISH_NAMESPACE_OK received, PUBLISH_NAMESPACE_DONE sent
  ...
E0303 00:44:20.686147     1 MoQSession.cpp:2559] proxygen::WebTransport::Exception: session terminated with error=386759528 id=4 sess=0x5578abb36e90
E20260303 00:44:20.776157     1 HQSession.cpp:530] Connection closed with error err=100 msg=Client closed by peer reason= proto=h3, client CID=, server CID=6986db392cdbda16, local=10.1.0.146:60973, 35.95.73.240:33437=upstream, drain=done
W0303 00:44:20.859939     1 MoQWebTransportClient.cpp:180] WebTransport: No WT-Protocol header in response, will use legacy version negotiation
W0303 00:44:20.945476     1 MoQSession.cpp:4584] Issuing request that will fail; nextRequestID_=0 peerMaxRequestID_=0 sess=0x5578abb01ef0
W0303 00:44:21.029655     1 MoQFramer.cpp:697] parseParams: ignoring param not allowed for frame type at param index=0, key=32
W0303 00:44:21.687673     1 MoQWebTransportClient.cpp:180] WebTransport: No WT-Protocol header in response, will use legacy version negotiation
W0303 00:44:21.774515     1 MoQSession.cpp:4584] Issuing request that will fail; nextRequestID_=0 peerMaxRequestID_=0 sess=0x5578abb19240
*** Aborted at 1772498661 (Unix time, try 'date -d @1772498661') ***
*** Signal 11 (SIGSEGV) (0x5578abb19220) received by PID 1 (pthread TID 0x7f5d06730300) (linux TID 1) (code: invalid permissions for mapped object), stack trace: ***
    @ 00000000005645b1 _ZN5folly10symbolizer12_GLOBAL__N_113signalHandlerEiP9siginfo_tPv
                       /tmp/fbcode_builder_getdeps-ZappZbuildZfbcode_builder-root/repos/github.com-facebook-folly.git/folly/debugging/symbolizer/SignalHandler.cpp:552
    @ 000000000004532f (unknown)
    @ 00005578abb19220 (not found)

*** Check failure async stack trace: ***
*** First async stack root: 0x7ffe2fe3fe20, normal stack frame pointer holding async stack root: 0x7ffe2fe3fe60, return address: 0x5578a1741f04 ***
*** First async stack frame pointer: 0x5578abb01a00, return address: 0x5578a1bec8da, async stack trace: ***
    @ 000000000017efe9 _ZN7moxygen10MoQSession11onSubscribeENS_16SubscribeRequestE
                       /tmp/fbcode_builder_getdeps-ZappZbuildZfbcode_builder-root/repos/github.com-facebookexperimental-moxygen.git/moxygen/MoQSession.cpp:3328
    @ 00000000000fae29 _ZN5follyL13detached_taskEv
                       /tmp/fbcode_builder_getdeps-ZappZbuildZfbcode_builder-root/repos/github.com-facebook-folly.git/folly/tracing/AsyncStack.cpp:169
make[1]: *** [Makefile:91: test-external] Error 139
make[1]: Leaving directory '/home/runner/work/moq-interop-runner/moq-interop-runner/main'
