make[1]: Entering directory '/home/runner/work/moq-interop-runner/moq-interop-runner/main'
Running tests against https://quichemoq.dev:443...
  Client: ghcr.io/facebookexperimental/moxygen-interop-client:latest-amd64
docker run --rm \
	--network host \
	-e RELAY_URL=https://quichemoq.dev:443 \
	-e TLS_DISABLE_VERIFY=false \
	ghcr.io/facebookexperimental/moxygen-interop-client:latest-amd64
TAP version 14
# moxygen interop test client
# Relay: https://quichemoq.dev:443
# Transport: WebTransport
1..6
E0303 00:32:17.513589     1 MoQSession.cpp:2559] proxygen::WebTransport::Exception: session terminated with error=386759528 id=4 sess=0x560e28b1a4a0
ok 1 - setup-only
  ---
  duration_ms: 336
  info: SETUP exchange completed successfully
  ...
E0303 00:32:17.880886     1 MoQRelaySession.cpp:698] PublishNamespaceDone for unknown publishNamespace, sess=0x560e28b1d020
ok 2 - announce-only
  ---
  duration_ms: 367
  info: PUBLISH_NAMESPACE completed successfully
  ...
E0303 00:32:17.881046     1 MoQSession.cpp:2559] proxygen::WebTransport::Exception: session terminated with error=386759528 id=4 sess=0x560e28b1d020
E0303 00:32:18.227954     1 MoQSession.cpp:2559] proxygen::WebTransport::Exception: session terminated with error=386759528 id=4 sess=0x560e28b09b90
ok 3 - subscribe-error
  ---
  duration_ms: 346
  info: Subscribe correctly returned error: Session closed
  ...
E0303 00:32:18.984199     1 MoQSession.cpp:2559] proxygen::WebTransport::Exception: session terminated with error=386759528 id=4 sess=0x560e28b48b10
E0303 00:32:18.984309     1 MoQSession.cpp:2559] proxygen::WebTransport::Exception: session terminated with error=386759528 id=4 sess=0x560e28b4d450
not ok 4 - announce-subscribe
  ---
  duration_ms: 756
  error: Subscribe failed: Session closed
  ...
E0303 00:32:19.325574     1 MoQSession.cpp:2559] proxygen::WebTransport::Exception: session terminated with error=386759528 id=4 sess=0x560e28b4ee50
ok 5 - publish-namespace-done
  ---
  duration_ms: 341
  info: PUBLISH_NAMESPACE_OK received, PUBLISH_NAMESPACE_DONE sent
  ...
E0303 00:32:19.786511     1 MoQSession.cpp:2559] proxygen::WebTransport::Exception: session terminated with error=386759528 id=4 sess=0x560e28b39270
E0303 00:32:20.571912     1 MoQSession.cpp:2559] proxygen::WebTransport::Exception: session terminated with error=386759528 id=4 sess=0x560e28b3d190
ok 6 - subscribe-before-announce
  ---
  duration_ms: 1246
  info: Subscribe returned error (relay doesn't buffer pending subscriptions): Session closed
  ...
make[1]: *** [Makefile:91: test-external] Error 1
make[1]: Leaving directory '/home/runner/work/moq-interop-runner/moq-interop-runner/main'
