make[1]: Entering directory '/home/runner/work/moq-interop-runner/moq-interop-runner/main'
Running tests against https://draft-14.cloudflare.mediaoverquic.com:443/moq...
  Client: ghcr.io/englishm/moq-interop-runner-moq-test-client:latest
docker run --rm \
	 \
	--network host \
	-e RELAY_URL=https://draft-14.cloudflare.mediaoverquic.com:443/moq \
	-e TLS_DISABLE_VERIFY=false \
	ghcr.io/englishm/moq-interop-runner-moq-test-client:latest
TAP version 14
# moq-test-client v0.1.0
# Relay: https://draft-14.cloudflare.mediaoverquic.com/moq
1..6
ok 1 - setup-only
  ---
  duration_ms: 16
  connection_id: 96e266b8c9c14ba70cbbabedfe4e286e
  ...
ok 2 - announce-only
  ---
  duration_ms: 2017
  connection_id: 768e17c9ed362ed17f3dd3d06b63da77
  ...
ok 3 - subscribe-error
  ---
  duration_ms: 116
  connection_id: 89300972d0b115c9568417f31d7ba29c
  ...
ok 4 - announce-subscribe
  ---
  duration_ms: 120
  publisher_connection_id: b1b22dc03ede8231c5366f5dbe668ac8
  subscriber_connection_id: 5d536c00268fc9cecc28afd90b143242
  ...
ok 5 - subscribe-before-announce
  ---
  duration_ms: 3533
  subscriber_connection_id: ee8ea6f1e2bbdc5fc589133c5f5394e3
  publisher_connection_id: 49f068ee5c68f9385b612cf8c9545db4
  ...
ok 6 - publish-namespace-done
  ---
  duration_ms: 2112
  connection_id: 3d0c407a89df5764b99ffcf1f0ad9544
  ...
make[1]: Leaving directory '/home/runner/work/moq-interop-runner/moq-interop-runner/main'
