make[1]: Entering directory '/home/runner/work/moq-interop-runner/moq-interop-runner/main'
Running tests against moqt://fb.mvfst.net:9448...
  Client: ghcr.io/englishm/moq-interop-runner-moq-test-client-draft-16:latest
docker run --rm \
	 \
	--network host \
	-e RELAY_URL=moqt://fb.mvfst.net:9448 \
	-e TLS_DISABLE_VERIFY=1 \
	ghcr.io/englishm/moq-interop-runner-moq-test-client-draft-16:latest
TAP version 14
# moq-test-client v0.1.0
# Relay: moqt://fb.mvfst.net:9448
1..6
ok 1 - setup-only
  ---
  duration_ms: 93
  connection_id: 2544db766c8e568a6ea11d874b35a93f
  ...
ok 2 - announce-only
  ---
  duration_ms: 2038
  connection_id: d914384624e66b31a2cca4679a840b75
  ...
ok 3 - subscribe-error
  ---
  duration_ms: 109
  connection_id: 33e1031cb8b642cdc7b223fa086d4a67
  ...
not ok 4 - announce-subscribe
  ---
  duration_ms: 246
  message: "publisher session error: webtransport error: session error: connection error: closed by peer: 3: session error: connection error: closed by peer: 3: connection error: closed by peer: 3"
  ...
ok 5 - subscribe-before-announce
  ---
  duration_ms: 3583
  subscriber_connection_id: a88009c5b65853e406d3613bca3d1029
  publisher_connection_id: 0936928ac68aa73079f08d27fc42b7ec
  ...
ok 6 - publish-namespace-done
  ---
  duration_ms: 2283
  connection_id: 0871cadc2565b22e1e0fc6f8ce69dff6
  ...
make[1]: *** [Makefile:121: test-external] Error 1
make[1]: Leaving directory '/home/runner/work/moq-interop-runner/moq-interop-runner/main'
