make[1]: Entering directory '/home/runner/work/moq-interop-runner/moq-interop-runner/main'
Running tests against moqt://draft-16-manish.cloudflare.mediaoverquic.com:443...
  Client: ghcr.io/englishm/moq-interop-runner-moq-test-client-draft-16:latest
docker run --rm \
	 \
	--network host \
	-e RELAY_URL=moqt://draft-16-manish.cloudflare.mediaoverquic.com:443 \
	-e TLS_DISABLE_VERIFY=false \
	ghcr.io/englishm/moq-interop-runner-moq-test-client-draft-16:latest
TAP version 14
# moq-test-client v0.1.0
# Relay: moqt://draft-16-manish.cloudflare.mediaoverquic.com:443
1..6
ok 1 - setup-only
  ---
  duration_ms: 199
  connection_id: cb70697374d941f4678d2d4407284774
  ...
ok 2 - announce-only
  ---
  duration_ms: 2083
  connection_id: a8949e373960ecab4e7bf17f1719d863
  ...
ok 3 - subscribe-error
  ---
  duration_ms: 160
  connection_id: 8774f76e2ac4820f9f97eb65d0bc0ce2
  ...
ok 4 - announce-subscribe
  ---
  duration_ms: 3185
  publisher_connection_id: 93fddd93ec46de3a45ab5a1e9a5b9e77
  subscriber_connection_id: bfdaaa4269444604d10538dbb18e70cf
  ...
ok 5 - subscribe-before-announce
  ---
  duration_ms: 3577
  subscriber_connection_id: 8b05a3818593dc9342a227edfcaffda3
  publisher_connection_id: 3287b1c0e7fc3e6e0f66ee2624181558
  ...
ok 6 - publish-namespace-done
  ---
  duration_ms: 2150
  connection_id: 085de04b8f6d27a3b87ffaa0c10cb707
  ...
make[1]: Leaving directory '/home/runner/work/moq-interop-runner/moq-interop-runner/main'
