make[1]: Entering directory '/home/runner/work/moq-interop-runner/moq-interop-runner/main'
Running tests against https://draft-16-manish.cloudflare.mediaoverquic.com:443/moq...
  Client: ghcr.io/facebookexperimental/moxygen-interop-client:latest-amd64
docker run --rm \
	 \
	--network host \
	-e RELAY_URL=https://draft-16-manish.cloudflare.mediaoverquic.com:443/moq \
	-e TLS_DISABLE_VERIFY=false \
	ghcr.io/facebookexperimental/moxygen-interop-client:latest-amd64
TAP version 14
# moxygen interop test client
# Relay: https://draft-16-manish.cloudflare.mediaoverquic.com:443/moq
# Transport: WebTransport
1..6
W0602 00:59:39.197857     1 MoQWebTransportClient.cpp:173] WebTransport: No WT-Protocol header in response, will use legacy version negotiation
E0602 00:59:39.210991     1 MoQFramer.cpp:695] Server selected version draft-1 but we only offer draft-14 in legacy mode
E0602 00:59:39.211006     1 MoQCodec.cpp:126] Conn error=21
E0602 00:59:39.211009     1 MoQSession.cpp:4733] MoQCodec control stream parse error err=21
not ok 1 - setup-only
  ---
  duration_ms: 70
  error: coroutine operation cancelled
  ...
W0602 00:59:39.246317     1 MoQWebTransportClient.cpp:173] WebTransport: No WT-Protocol header in response, will use legacy version negotiation
E0602 00:59:39.259987     1 MoQFramer.cpp:695] Server selected version draft-1 but we only offer draft-14 in legacy mode
E0602 00:59:39.259999     1 MoQCodec.cpp:126] Conn error=21
E0602 00:59:39.260002     1 MoQSession.cpp:4733] MoQCodec control stream parse error err=21
not ok 2 - announce-only
  ---
  duration_ms: 48
  error: coroutine operation cancelled
  ...
W0602 00:59:39.397169     1 MoQWebTransportClient.cpp:173] WebTransport: No WT-Protocol header in response, will use legacy version negotiation
E0602 00:59:39.410013     1 MoQFramer.cpp:695] Server selected version draft-1 but we only offer draft-14 in legacy mode
E0602 00:59:39.410029     1 MoQCodec.cpp:126] Conn error=21
E0602 00:59:39.410033     1 MoQSession.cpp:4733] MoQCodec control stream parse error err=21
not ok 3 - subscribe-error
  ---
  duration_ms: 149
  error: coroutine operation cancelled
  ...
W0602 00:59:39.444359     1 MoQWebTransportClient.cpp:173] WebTransport: No WT-Protocol header in response, will use legacy version negotiation
E0602 00:59:39.457220     1 MoQFramer.cpp:695] Server selected version draft-1 but we only offer draft-14 in legacy mode
E0602 00:59:39.457238     1 MoQCodec.cpp:126] Conn error=21
E0602 00:59:39.457244     1 MoQSession.cpp:4733] MoQCodec control stream parse error err=21
not ok 4 - announce-subscribe
  ---
  duration_ms: 47
  error: coroutine operation cancelled
  ...
W0602 00:59:39.491071     1 MoQWebTransportClient.cpp:173] WebTransport: No WT-Protocol header in response, will use legacy version negotiation
E0602 00:59:39.503843     1 MoQFramer.cpp:695] Server selected version draft-1 but we only offer draft-14 in legacy mode
E0602 00:59:39.503858     1 MoQCodec.cpp:126] Conn error=21
E0602 00:59:39.503863     1 MoQSession.cpp:4733] MoQCodec control stream parse error err=21
not ok 5 - publish-namespace-done
  ---
  duration_ms: 46
  error: coroutine operation cancelled
  ...
W0602 00:59:39.540474     1 MoQWebTransportClient.cpp:173] WebTransport: No WT-Protocol header in response, will use legacy version negotiation
E0602 00:59:39.554389     1 MoQFramer.cpp:695] Server selected version draft-1 but we only offer draft-14 in legacy mode
E0602 00:59:39.554408     1 MoQCodec.cpp:126] Conn error=21
E0602 00:59:39.554414     1 MoQSession.cpp:4733] MoQCodec control stream parse error err=21
not ok 6 - subscribe-before-announce
  ---
  duration_ms: 50
  error: coroutine operation cancelled
  ...
make[1]: *** [Makefile:121: test-external] Error 1
make[1]: Leaving directory '/home/runner/work/moq-interop-runner/moq-interop-runner/main'
