make[1]: Entering directory '/home/runner/work/moq-interop-runner/moq-interop-runner/main'
Running tests against moqt://draft-16-manish.cloudflare.mediaoverquic.com:443...
  Client: ghcr.io/facebookexperimental/moxygen-interop-client:latest-amd64
docker run --rm \
	 \
	--network host \
	-e RELAY_URL=moqt://draft-16-manish.cloudflare.mediaoverquic.com:443 \
	-e TLS_DISABLE_VERIFY=false \
	ghcr.io/facebookexperimental/moxygen-interop-client:latest-amd64
TAP version 14
# moxygen interop test client
# Relay: moqt://draft-16-manish.cloudflare.mediaoverquic.com:443
# Transport: QUIC
1..6
ok 1 - setup-only
  ---
  duration_ms: 161
  info: SETUP exchange completed successfully
  ...
ok 2 - announce-only
  ---
  duration_ms: 263
  info: PUBLISH_NAMESPACE completed successfully
  ...
E0602 00:59:36.815701     1 MoQRelaySession.cpp:864] PublishNamespaceDone for unknown publishNamespace, sess=0x5598969e39a0
ok 3 - subscribe-error
  ---
  duration_ms: 103
  info: Subscribe correctly returned error: not found: Track not found [error:bc5a032b-f267-46c1-ac69-a29b2f61cc61]
  ...
E0602 00:59:37.169501     1 MoQCodec.cpp:95] Frame underflow -> parse error
E0602 00:59:37.169521     1 MoQCodec.cpp:126] Conn error=3
E0602 00:59:37.169525     1 MoQSession.cpp:4733] MoQCodec control stream parse error err=3
E0602 00:59:37.169601     1 MoQSession.cpp:5097] publishDone for invalid id=1 sess=0x5598969e2170
not ok 4 - announce-subscribe
  ---
  duration_ms: 250
  error: Subscribe failed: Session closed
  ...
ok 5 - publish-namespace-done
  ---
  duration_ms: 101
  info: PUBLISH_NAMESPACE_OK received, PUBLISH_NAMESPACE_DONE sent
  ...
ok 6 - subscribe-before-announce
  ---
  duration_ms: 707
  info: Subscribe returned error (relay doesn't buffer pending subscriptions): not found: Track not found [error:f51e889f-5e87-4d44-95ca-fafde1810886]
  ...
make[1]: *** [Makefile:121: test-external] Error 1
make[1]: Leaving directory '/home/runner/work/moq-interop-runner/moq-interop-runner/main'
