make[1]: Entering directory '/home/runner/work/moq-interop-runner/moq-interop-runner/main'
Running tests against moqt://draft-14.cloudflare.mediaoverquic.com:443...
  Client: ghcr.io/englishm/moq-interop-runner-moq-test-client:latest
docker run --rm \
	--network host \
	-e RELAY_URL=moqt://draft-14.cloudflare.mediaoverquic.com:443 \
	-e TLS_DISABLE_VERIFY=false \
	ghcr.io/englishm/moq-interop-runner-moq-test-client:latest
TAP version 14
# moq-test-client v0.1.0
# Relay: moqt://draft-14.cloudflare.mediaoverquic.com:443
1..6
ok 1 - setup-only
  ---
  duration_ms: 134
  connection_id: 31c97457ad4c6e6811a28724302f6a7d
  ...
ok 2 - announce-only
  ---
  duration_ms: 2059
  connection_id: 67a439c82604ce1f48a9948d0cc97a20
  ...
ok 3 - subscribe-error
  ---
  duration_ms: 499
  connection_id: 41d02ecf43e56063d07768b7812bcdab
  ...
ok 4 - announce-subscribe
  ---
  duration_ms: 523
  publisher_connection_id: 9de9f2b7f0a2b437237316d82b9cd458
  subscriber_connection_id: 7ca502666a2f6004ca9b83d949dd0768
  ...
ok 5 - subscribe-before-announce
  ---
  duration_ms: 3596
  subscriber_connection_id: 3a1a42fd0313621aeb5fba7ec14f4912
  publisher_connection_id: d6054dc8187df16abc6f8d0334736ab3
  ...
ok 6 - publish-namespace-done
  ---
  duration_ms: 2166
  connection_id: c953357c46a9bfe53a7d902beb192de7
  ...
make[1]: Leaving directory '/home/runner/work/moq-interop-runner/moq-interop-runner/main'
