make[1]: Entering directory '/home/runner/work/moq-interop-runner/moq-interop-runner/main'
Running tests against https://us-west-2.relay.quicr.org:33437/relay...
  Client: ghcr.io/englishm/moq-interop-runner-moq-test-client:latest
docker run --rm \
	--network host \
	-e RELAY_URL=https://us-west-2.relay.quicr.org:33437/relay \
	-e TLS_DISABLE_VERIFY=1 \
	ghcr.io/englishm/moq-interop-runner-moq-test-client:latest
TAP version 14
# moq-test-client v0.1.0
# Relay: https://us-west-2.relay.quicr.org:33437/relay
1..6
ok 1 - setup-only
  ---
  duration_ms: 179
  connection_id: 6bdcf32e8306bd0abcfebe93ca394ca2
  ...
ok 2 - announce-only
  ---
  duration_ms: 2197
  connection_id: 761ac7d8caf3afe993d550f975421c4d
  ...
not ok 3 - subscribe-error
  ---
  duration_ms: 10001
  message: "test timed out: deadline has elapsed"
  ...
ok 4 - announce-subscribe
  ---
  duration_ms: 3236
  publisher_connection_id: ebf7783243af5203dcbec13258fbe0d2
  subscriber_connection_id: 4c8ab638bd390c9934e0e53ea0db6fbe
  ...
ok 5 - subscribe-before-announce
  ---
  duration_ms: 4805
  subscriber_connection_id: 8cbe913e06043ee8ae709e9cc23080a6
  publisher_connection_id: dccb3ff03a2d403a4e447f5b40b4a050
  ...
ok 6 - publish-namespace-done
  ---
  duration_ms: 2206
  connection_id: fab0242e4d85d086539ac1028642ea10
  ...
make[1]: *** [Makefile:91: test-external] Error 1
make[1]: Leaving directory '/home/runner/work/moq-interop-runner/moq-interop-runner/main'
