make[1]: Entering directory '/home/runner/work/moq-interop-runner/moq-interop-runner/main'
Running tests against moqt://draft-16-manish.cloudflare.mediaoverquic.com:443...
  Client: ghcr.io/englishm/moq-interop-runner-moq-test-client-draft-16:latest
docker run --rm \
	--network host \
	-e RELAY_URL=moqt://draft-16-manish.cloudflare.mediaoverquic.com:443 \
	-e TLS_DISABLE_VERIFY=false \
	ghcr.io/englishm/moq-interop-runner-moq-test-client-draft-16:latest
TAP version 14
# moq-test-client v0.1.0
# Relay: moqt://draft-16-manish.cloudflare.mediaoverquic.com:443
1..6
ok 1 - setup-only
  ---
  duration_ms: 496
  connection_id: b852f6f2ebfdae6d3d5834d73d325351
  ...
ok 2 - announce-only
  ---
  duration_ms: 2110
  connection_id: f9ada527eb6935db1ae856cdc067d767
  ...
ok 3 - subscribe-error
  ---
  duration_ms: 198
  connection_id: 5ddb288fcf6f15485862fab7bcf2c015
  ...
ok 4 - announce-subscribe
  ---
  duration_ms: 3230
  publisher_connection_id: 2bc3a4e564fd3ffd3cc0da474902a127
  subscriber_connection_id: 4519d5369b0b7dbd7faeb465668b84be
  ...
ok 5 - subscribe-before-announce
  ---
  duration_ms: 3666
  subscriber_connection_id: 84da7c44e2d94cd9b3911a25f1d55a7f
  publisher_connection_id: b622752debc4e4e216bc2fea6ab9a783
  ...
ok 6 - publish-namespace-done
  ---
  duration_ms: 2188
  connection_id: 49e29fdf90f03485b6923c314cb59bc9
  ...
make[1]: Leaving directory '/home/runner/work/moq-interop-runner/moq-interop-runner/main'
