make[1]: Entering directory '/home/runner/work/moq-interop-runner/moq-interop-runner/main'
Running tests against https://draft-14.cloudflare.mediaoverquic.com:443/moq...
  Client: ghcr.io/englishm/moq-interop-runner-moq-test-client:latest
docker run --rm \
	--network host \
	-e RELAY_URL=https://draft-14.cloudflare.mediaoverquic.com:443/moq \
	-e TLS_DISABLE_VERIFY=false \
	ghcr.io/englishm/moq-interop-runner-moq-test-client:latest
TAP version 14
# moq-test-client v0.1.0
# Relay: https://draft-14.cloudflare.mediaoverquic.com/moq
1..6
ok 1 - setup-only
  ---
  duration_ms: 31
  connection_id: 533be82e2b61ba3a61fcadffed248e56
  ...
ok 2 - announce-only
  ---
  duration_ms: 2026
  connection_id: 86e6bb0e204288affd7a9ad012abb298
  ...
ok 3 - subscribe-error
  ---
  duration_ms: 269
  connection_id: c4449861d18bf34a4479d6c40cc44b93
  ...
ok 4 - announce-subscribe
  ---
  duration_ms: 457
  publisher_connection_id: 49ca8b6198ff1049129cc925bed9667b
  subscriber_connection_id: 8a6af760fef45793ad7ee56957281a0e
  ...
ok 5 - subscribe-before-announce
  ---
  duration_ms: 3568
  subscriber_connection_id: 39b60d38b0e834c8b65d34ae18e8c154
  publisher_connection_id: b1d8c4127b17610a27ab225270eefff9
  ...
ok 6 - publish-namespace-done
  ---
  duration_ms: 2130
  connection_id: 1d00db17c01cb34c31a964f9b4e4ba78
  ...
make[1]: Leaving directory '/home/runner/work/moq-interop-runner/moq-interop-runner/main'
