make[1]: Entering directory '/home/runner/work/moq-interop-runner/moq-interop-runner/main'
Running tests against https://fb.mvfst.net:9448/moq-relay...
  Client: ghcr.io/englishm/moq-interop-runner-moq-test-client-draft-16:latest
docker run --rm \
	--network host \
	-e RELAY_URL=https://fb.mvfst.net:9448/moq-relay \
	-e TLS_DISABLE_VERIFY=1 \
	ghcr.io/englishm/moq-interop-runner-moq-test-client-draft-16:latest
TAP version 14
# moq-test-client v0.1.0
# Relay: https://fb.mvfst.net:9448/moq-relay
1..6
not ok 1 - setup-only
  ---
  duration_ms: 10000
  message: "test timed out: deadline has elapsed"
  ...
not ok 2 - announce-only
  ---
  duration_ms: 10001
  message: "test timed out: deadline has elapsed"
  ...
not ok 3 - subscribe-error
  ---
  duration_ms: 10001
  message: "test timed out: deadline has elapsed"
  ...
not ok 4 - announce-subscribe
  ---
  duration_ms: 10001
  message: "test timed out: deadline has elapsed"
  ...
not ok 5 - subscribe-before-announce
  ---
  duration_ms: 10001
  message: "test timed out: deadline has elapsed"
  ...
not ok 6 - publish-namespace-done
  ---
  duration_ms: 10000
  message: "test timed out: deadline has elapsed"
  ...
make[1]: *** [Makefile:91: test-external] Error 1
make[1]: Leaving directory '/home/runner/work/moq-interop-runner/moq-interop-runner/main'
