make[1]: Entering directory '/home/runner/work/moq-interop-runner/moq-interop-runner/main'
Running tests against https://quichemoq.dev:443...
  Client: ghcr.io/englishm/moq-interop-runner-moq-test-client-draft-16:latest
docker run --rm \
	--network host \
	-e RELAY_URL=https://quichemoq.dev:443 \
	-e TLS_DISABLE_VERIFY=false \
	ghcr.io/englishm/moq-interop-runner-moq-test-client-draft-16:latest
TAP version 14
# moq-test-client v0.1.0
# Relay: https://quichemoq.dev/
1..6
ok 1 - setup-only
  ---
  duration_ms: 520
  connection_id: b42a7e64f92b186a1be3793519633b5b
  ...
[2m2026-03-14T19:40:10.289989Z[0m [33m WARN[0m [2mweb_transport_quinn::session[0m[2m:[0m unknown capsule [3mtyp[0m[2m=[0m0 [3msize[0m[2m=[0m43
ok 2 - announce-only
  ---
  duration_ms: 2273
  connection_id: 55475e4f1343b0e976bafd137b94d69f
  ...
[2m2026-03-14T19:40:12.565099Z[0m [33m WARN[0m [2mweb_transport_quinn::session[0m[2m:[0m unknown capsule [3mtyp[0m[2m=[0m0 [3msize[0m[2m=[0m43
ok 3 - subscribe-error
  ---
  duration_ms: 269
  connection_id: 1571b3eca5f77cc70facbfa2539261a3
  ...
[2m2026-03-14T19:40:12.834281Z[0m [33m WARN[0m [2mweb_transport_quinn::session[0m[2m:[0m unknown capsule [3mtyp[0m[2m=[0m0 [3msize[0m[2m=[0m43
ok 4 - announce-subscribe
  ---
  duration_ms: 580
  publisher_connection_id: 57304341267420819109d5ac567731a9
  subscriber_connection_id: a3c29dddc2b29560008787d7ad7a87f8
  ...
[2m2026-03-14T19:40:13.363612Z[0m [33m WARN[0m [2mweb_transport_quinn::session[0m[2m:[0m unknown capsule [3mtyp[0m[2m=[0m0 [3msize[0m[2m=[0m96
[2m2026-03-14T19:40:13.414239Z[0m [33m WARN[0m [2mweb_transport_quinn::session[0m[2m:[0m unknown capsule [3mtyp[0m[2m=[0m0 [3msize[0m[2m=[0m43
[2m2026-03-14T19:40:13.757619Z[0m [33m WARN[0m [2mweb_transport_quinn::session[0m[2m:[0m unknown capsule [3mtyp[0m[2m=[0m0 [3msize[0m[2m=[0m43
ok 5 - subscribe-before-announce
  ---
  duration_ms: 4055
  subscriber_connection_id: f59c4358f789987972f1c01fc689a462
  publisher_connection_id: 20fd40c778df85e9b8330adda7be531d
  ...
[2m2026-03-14T19:40:17.470154Z[0m [33m WARN[0m [2mweb_transport_quinn::session[0m[2m:[0m unknown capsule [3mtyp[0m[2m=[0m0 [3msize[0m[2m=[0m43
[2m2026-03-14T19:40:19.775326Z[0m [33m WARN[0m [2mweb_transport_quinn::session[0m[2m:[0m unknown capsule [3mtyp[0m[2m=[0m0 [3msize[0m[2m=[0m43
ok 6 - publish-namespace-done
  ---
  duration_ms: 2406
  connection_id: 41906bd067aa792b3d82dce2a10d02aa
  ...
make[1]: Leaving directory '/home/runner/work/moq-interop-runner/moq-interop-runner/main'
