make[1]: Entering directory '/home/runner/work/moq-interop-runner/moq-interop-runner/main'
Running tests against moqt://us-west-2.relay.quicr.org:33437...
  Client: ghcr.io/englishm/moq-interop-runner-moq-test-client:latest
docker run --rm \
	--network host \
	-e RELAY_URL=moqt://us-west-2.relay.quicr.org:33437 \
	-e TLS_DISABLE_VERIFY=1 \
	ghcr.io/englishm/moq-interop-runner-moq-test-client:latest
TAP version 14
# moq-test-client v0.1.0
# Relay: moqt://us-west-2.relay.quicr.org:33437
1..6
ok 1 - setup-only
  ---
  duration_ms: 126
  connection_id: fc5157bdc0e6fd14569ca0c94e50a4d7
  ...
ok 2 - announce-only
  ---
  duration_ms: 2126
  connection_id: db16185538ba8c13e01cd2b22b7afc21
  ...
not ok 3 - subscribe-error
  ---
  duration_ms: 10001
  message: "test timed out: deadline has elapsed"
  ...
ok 4 - announce-subscribe
  ---
  duration_ms: 3305
  publisher_connection_id: cd6e11a534566a355ea2ee637a9556d4
  subscriber_connection_id: 26e43f874c888ae9b6074e3a94ceacad
  ...
ok 5 - subscribe-before-announce
  ---
  duration_ms: 4750
  subscriber_connection_id: 65170bd1642e9ae4a11fa5038e9a65c4
  publisher_connection_id: e9c87effd8477635a98654fd3434dac2
  ...
ok 6 - publish-namespace-done
  ---
  duration_ms: 2226
  connection_id: 3a8ba4eab390126b66a38ec9c49d9f0d
  ...
make[1]: *** [Makefile:91: test-external] Error 1
make[1]: Leaving directory '/home/runner/work/moq-interop-runner/moq-interop-runner/main'
