make[1]: Entering directory '/home/runner/work/moq-interop-runner/moq-interop-runner/main'
Running tests against https://moqx-000.ci.openmoq.org:4433/moq-relay...
  Client: ghcr.io/englishm/moq-interop-runner-moq-test-client-draft-16:latest
docker run --rm \
	--network host \
	-e RELAY_URL=https://moqx-000.ci.openmoq.org:4433/moq-relay \
	-e TLS_DISABLE_VERIFY=false \
	ghcr.io/englishm/moq-interop-runner-moq-test-client-draft-16:latest
TAP version 14
# moq-test-client v0.1.0
# Relay: https://moqx-000.ci.openmoq.org:4433/moq-relay
1..6
ok 1 - setup-only
  ---
  duration_ms: 292
  connection_id: 45ebb166d17db5865dc027efb7d133ba
  ...
ok 2 - announce-only
  ---
  duration_ms: 2372
  connection_id: 7d73b5ad04ac5ef1e5ec79a68acc4fe9
  ...
ok 3 - subscribe-error
  ---
  duration_ms: 324
  connection_id: 8d2ad296ddbe0c45645470e262052833
  ...
not ok 4 - announce-subscribe
  ---
  duration_ms: 456
  message: "publisher session error: webtransport error: session error: connection error: closed: session error: connection error: closed: connection error: closed"
  ...
ok 5 - subscribe-before-announce
  ---
  duration_ms: 3653
  subscriber_connection_id: 1ef47e8bef6d927080d1d77a6ab9aafc
  publisher_connection_id: e26c59b374179f7fc78112f4007c79dc
  ...
ok 6 - publish-namespace-done
  ---
  duration_ms: 2268
  connection_id: 3640413a8419d3d79782f28fbfccefa1
  ...
make[1]: *** [Makefile:91: test-external] Error 1
make[1]: Leaving directory '/home/runner/work/moq-interop-runner/moq-interop-runner/main'
