make[1]: Entering directory '/home/runner/work/moq-interop-runner/moq-interop-runner/main'
Running tests against https://quichemoq.dev:443...
  Client: ghcr.io/englishm/moq-interop-runner-moq-test-client-draft-16:latest
docker run --rm \
	--network host \
	-e RELAY_URL=https://quichemoq.dev:443 \
	-e TLS_DISABLE_VERIFY=false \
	ghcr.io/englishm/moq-interop-runner-moq-test-client-draft-16:latest
TAP version 14
# moq-test-client v0.1.0
# Relay: https://quichemoq.dev/
1..6
ok 1 - setup-only
  ---
  duration_ms: 266
  connection_id: c70755fa220c552590c2d9ff461b8b20
  ...
[2m2026-02-13T19:11:59.207641Z[0m [33m WARN[0m [2mweb_transport_quinn::session[0m[2m:[0m unknown capsule [3mtyp[0m[2m=[0m0 [3msize[0m[2m=[0m43
ok 2 - announce-only
  ---
  duration_ms: 2195
  connection_id: 71d0fe8d315cb0b3db54d7286e8fcdee
  ...
[2m2026-02-13T19:12:01.401875Z[0m [33m WARN[0m [2mweb_transport_quinn::session[0m[2m:[0m unknown capsule [3mtyp[0m[2m=[0m0 [3msize[0m[2m=[0m43
ok 3 - subscribe-error
  ---
  duration_ms: 194
  connection_id: 08e903d7196869a5c16b63dbcd6a2961
  ...
[2m2026-02-13T19:12:01.596805Z[0m [33m WARN[0m [2mweb_transport_quinn::session[0m[2m:[0m unknown capsule [3mtyp[0m[2m=[0m0 [3msize[0m[2m=[0m43
[2m2026-02-13T19:12:02.019118Z[0m [33m WARN[0m [2mweb_transport_quinn::session[0m[2m:[0m unknown capsule [3mtyp[0m[2m=[0m0 [3msize[0m[2m=[0m51
ok 4 - announce-subscribe
  ---
  duration_ms: 444
  publisher_connection_id: 53de37a2ab6582cc8721f3def66d253c
  subscriber_connection_id: 0455496b554bbffd31bbadabc895a008
  ...
[2m2026-02-13T19:12:02.041615Z[0m [33m WARN[0m [2mweb_transport_quinn::session[0m[2m:[0m unknown capsule [3mtyp[0m[2m=[0m0 [3msize[0m[2m=[0m43
[2m2026-02-13T19:12:02.233182Z[0m [33m WARN[0m [2mweb_transport_quinn::session[0m[2m:[0m unknown capsule [3mtyp[0m[2m=[0m0 [3msize[0m[2m=[0m43
ok 5 - subscribe-before-announce
  ---
  duration_ms: 3772
  subscriber_connection_id: bb55d83d0029c68a238729e84c6dd7d0
  publisher_connection_id: 89c0d8efbecd7396788c1215d59d8ae8
  ...
[2m2026-02-13T19:12:05.814275Z[0m [33m WARN[0m [2mweb_transport_quinn::session[0m[2m:[0m unknown capsule [3mtyp[0m[2m=[0m0 [3msize[0m[2m=[0m43
[2m2026-02-13T19:12:08.049027Z[0m [33m WARN[0m [2mweb_transport_quinn::session[0m[2m:[0m unknown capsule [3mtyp[0m[2m=[0m0 [3msize[0m[2m=[0m43
ok 6 - publish-namespace-done
  ---
  duration_ms: 2337
  connection_id: 8798cd75dc7121cd71b0272ad1006430
  ...
make[1]: Leaving directory '/home/runner/work/moq-interop-runner/moq-interop-runner/main'
