make[1]: Entering directory '/home/runner/work/moq-interop-runner/moq-interop-runner/main'
Running tests against moqt://moqt.nokiaresearch.com:4443/moq...
  Client: ghcr.io/englishm/moq-interop-runner-moq-test-client-draft-18:latest
docker run --rm \
	 \
	--network host \
	-e RELAY_URL=moqt://moqt.nokiaresearch.com:4443/moq \
	-e TLS_DISABLE_VERIFY=false \
	ghcr.io/englishm/moq-interop-runner-moq-test-client-draft-18:latest
TAP version 14
# moq-test-client v0.1.6
# Relay: moqt://moqt.nokiaresearch.com:4443/moq
1..6
[2m2026-07-04T01:00:38.644843Z[0m [32m INFO[0m [2mmoq_native_ietf::quic[0m[2m:[0m UDP socket bound [3mbind[0m[2m=[0m[::]:0 [3mlocal[0m[2m=[0m[::]:42530 [3mdual_stack[0m[2m=[0mtrue
[2m2026-07-04T01:00:39.070135Z[0m [32m INFO[0m [2mmoq_test_client::scenarios[0m[2m:[0m SETUP exchange completed successfully
ok 1 - setup-only
  ---
  duration_ms: 426
  connection_id: c22736d42338bb227bc0de00b24ace4a
  ...
[2m2026-07-04T01:00:39.071106Z[0m [32m INFO[0m [2mmoq_native_ietf::quic[0m[2m:[0m UDP socket bound [3mbind[0m[2m=[0m[::]:0 [3mlocal[0m[2m=[0m[::]:56171 [3mdual_stack[0m[2m=[0mtrue
[2m2026-07-04T01:00:39.491330Z[0m [32m INFO[0m [2mmoq_test_client::scenarios[0m[2m:[0m Sending PUBLISH_NAMESPACE for: moq-test/interop
not ok 2 - publish-namespace-only
  ---
  duration_ms: 421
  message: "PUBLISH_NAMESPACE failed: too many requests"
  ...
[2m2026-07-04T01:00:39.492254Z[0m [32m INFO[0m [2mmoq_native_ietf::quic[0m[2m:[0m UDP socket bound [3mbind[0m[2m=[0m[::]:0 [3mlocal[0m[2m=[0m[::]:36317 [3mdual_stack[0m[2m=[0mtrue
[2m2026-07-04T01:00:39.813434Z[0m [32m INFO[0m [2mmoq_test_client::scenarios[0m[2m:[0m Subscribing to non-existent track: nonexistent/namespace/test-track
[2m2026-07-04T01:00:39.813458Z[0m [31mERROR[0m [2mmoq_transport::serve::error[0m[2m:[0m [7eb5a81f-88ca-4130-8e78-3c002479f004] Internal error: request ID limit: too many requests at /build/moq-transport/src/session/subscriber.rs:191
[2m2026-07-04T01:00:39.813481Z[0m [33m WARN[0m [2mmoq_test_client::scenarios[0m[2m:[0m Got error but not clearly 'not found': internal error: Internal error [error:7eb5a81f-88ca-4130-8e78-3c002479f004]. Relay may use different error text.
ok 3 - subscribe-error
  ---
  duration_ms: 322
  connection_id: 1478ce4739cf4f742d2fa60dc80dbd6c
  ...
[2m2026-07-04T01:00:39.814298Z[0m [32m INFO[0m [2mmoq_native_ietf::quic[0m[2m:[0m UDP socket bound [3mbind[0m[2m=[0m[::]:0 [3mlocal[0m[2m=[0m[::]:46011 [3mdual_stack[0m[2m=[0mtrue
[2m2026-07-04T01:00:40.179225Z[0m [32m INFO[0m [2mmoq_native_ietf::quic[0m[2m:[0m UDP socket bound [3mbind[0m[2m=[0m[::]:0 [3mlocal[0m[2m=[0m[::]:46328 [3mdual_stack[0m[2m=[0mtrue
[2m2026-07-04T01:00:40.515266Z[0m [32m INFO[0m [2mmoq_test_client::scenarios[0m[2m:[0m Publisher sending PUBLISH_NAMESPACE: moq-test/interop
[2m2026-07-04T01:00:40.515290Z[0m [32m INFO[0m [2mmoq_test_client::scenarios[0m[2m:[0m Subscriber subscribing to track: moq-test/interop/test-track
not ok 4 - publish-namespace-subscribe
  ---
  duration_ms: 701
  message: "publisher PUBLISH_NAMESPACE failed: too many requests"
  ...
[2m2026-07-04T01:00:40.516140Z[0m [32m INFO[0m [2mmoq_native_ietf::quic[0m[2m:[0m UDP socket bound [3mbind[0m[2m=[0m[::]:0 [3mlocal[0m[2m=[0m[::]:42980 [3mdual_stack[0m[2m=[0mtrue
[2m2026-07-04T01:00:40.885110Z[0m [32m INFO[0m [2mmoq_test_client::scenarios[0m[2m:[0m Subscriber subscribing BEFORE PUBLISH_NAMESPACE: moq-test/interop/test-track
[2m2026-07-04T01:00:40.885194Z[0m [31mERROR[0m [2mmoq_transport::serve::error[0m[2m:[0m [2c8b402a-7d84-455a-acff-6c4500ae9105] Internal error: request ID limit: too many requests at /build/moq-transport/src/session/subscriber.rs:191
[2m2026-07-04T01:00:41.387148Z[0m [32m INFO[0m [2mmoq_native_ietf::quic[0m[2m:[0m UDP socket bound [3mbind[0m[2m=[0m[::]:0 [3mlocal[0m[2m=[0m[::]:43293 [3mdual_stack[0m[2m=[0mtrue
[2m2026-07-04T01:00:41.929232Z[0m [32m INFO[0m [2mmoq_test_client::scenarios[0m[2m:[0m Publisher sending PUBLISH_NAMESPACE (after subscriber): moq-test/interop
not ok 5 - subscribe-before-publish-namespace
  ---
  duration_ms: 1413
  message: "publisher PUBLISH_NAMESPACE failed: too many requests"
  ...
[2m2026-07-04T01:00:41.930011Z[0m [32m INFO[0m [2mmoq_native_ietf::quic[0m[2m:[0m UDP socket bound [3mbind[0m[2m=[0m[::]:0 [3mlocal[0m[2m=[0m[::]:55154 [3mdual_stack[0m[2m=[0mtrue
[2m2026-07-04T01:00:42.285898Z[0m [32m INFO[0m [2mmoq_test_client::scenarios[0m[2m:[0m Sending PUBLISH_NAMESPACE: moq-test/interop
not ok 6 - publish-namespace-done
  ---
  duration_ms: 356
  message: "PUBLISH_NAMESPACE failed: too many requests"
  ...
make[1]: *** [Makefile:121: test-external] Error 1
make[1]: Leaving directory '/home/runner/work/moq-interop-runner/moq-interop-runner/main'
