make[1]: Entering directory '/home/runner/work/moq-interop-runner/moq-interop-runner/main'
Running tests against https://relay.moqtail.dev...
  Client: ghcr.io/englishm/moq-interop-runner-moq-test-client-draft-16:latest
docker run --rm \
	 \
	--network host \
	-e RELAY_URL=https://relay.moqtail.dev \
	-e TLS_DISABLE_VERIFY=false \
	ghcr.io/englishm/moq-interop-runner-moq-test-client-draft-16:latest
TAP version 14
# moq-test-client v0.1.0
# Relay: https://relay.moqtail.dev/
1..6
ok 1 - setup-only
  ---
  duration_ms: 209
  connection_id: d71dabb13eb94ce1f9982cf32a06bbc5
  ...
ok 2 - announce-only
  ---
  duration_ms: 2242
  connection_id: 17c8dfc76df4cb5c0ba8519dd744824b
  ...
ok 3 - subscribe-error
  ---
  duration_ms: 131
  connection_id: 2e98e9366c25e60e39809f946db1bdf7
  ...
ok 4 - announce-subscribe
  ---
  duration_ms: 319
  publisher_connection_id: 025a59d33a3b51efce9bceb9d6276996
  subscriber_connection_id: 1286f3213f0895e3c80aa09c1906ee42
  ...
ok 5 - subscribe-before-announce
  ---
  duration_ms: 3740
  subscriber_connection_id: f6363d0aea9b3c5826210e4b956c0b27
  publisher_connection_id: 7f9fb649473a1107944896308d24521a
  ...
ok 6 - publish-namespace-done
  ---
  duration_ms: 2322
  connection_id: 278c813ef35e7e8a1547971dcac2a85d
  ...
make[1]: Leaving directory '/home/runner/work/moq-interop-runner/moq-interop-runner/main'
