make[1]: Entering directory '/home/runner/work/moq-interop-runner/moq-interop-runner/main'
Running tests against https://fb.mvfst.net:9448/moq-relay...
  Client: ghcr.io/englishm/moq-interop-runner-moq-test-client:latest
docker run --rm \
	 \
	--network host \
	-e RELAY_URL=https://fb.mvfst.net:9448/moq-relay \
	-e TLS_DISABLE_VERIFY=1 \
	ghcr.io/englishm/moq-interop-runner-moq-test-client:latest
TAP version 14
# moq-test-client v0.1.0
# Relay: https://fb.mvfst.net:9448/moq-relay
1..6
ok 1 - setup-only
  ---
  duration_ms: 188
  connection_id: 97ffebb642c3fb93a005635c6e9a6f82
  ...
ok 2 - announce-only
  ---
  duration_ms: 2151
  connection_id: 73b2aa9cbe6a4573a0ea3e13d95e39a0
  ...
ok 3 - subscribe-error
  ---
  duration_ms: 207
  connection_id: 9e9f0002e43e2e5239a5292531a96dac
  ...
ok 4 - announce-subscribe
  ---
  duration_ms: 356
  publisher_connection_id: e8b138ed8b76e8caba11c04b6d5e9e95
  subscriber_connection_id: f7f32d1bff1a5c9d1aa1dd7aff295c43
  ...
ok 5 - subscribe-before-announce
  ---
  duration_ms: 3706
  subscriber_connection_id: 92b281bd13ee9e52356186131c021621
  publisher_connection_id: ca48cc78e60cecbe51241b2877ae509e
  ...
ok 6 - publish-namespace-done
  ---
  duration_ms: 2204
  connection_id: 853c28df95b8cccce9600a3e8420f227
  ...
make[1]: Leaving directory '/home/runner/work/moq-interop-runner/moq-interop-runner/main'
