make[1]: Entering directory '/home/runner/work/moq-interop-runner/moq-interop-runner/main'
Running tests against moqt://moqx-main.ci.openmoq.org:4433...
  Client: ghcr.io/englishm/moq-interop-runner-moq-test-client-draft-16:latest
docker run --rm \
	 \
	--network host \
	-e RELAY_URL=moqt://moqx-main.ci.openmoq.org:4433 \
	-e TLS_DISABLE_VERIFY=false \
	ghcr.io/englishm/moq-interop-runner-moq-test-client-draft-16:latest
TAP version 14
# moq-test-client v0.1.0
# Relay: moqt://moqx-main.ci.openmoq.org:4433
1..6
ok 1 - setup-only
  ---
  duration_ms: 130
  connection_id: 62a01ed19ec6beb6e66a2ace36d85be2
  ...
ok 2 - announce-only
  ---
  duration_ms: 2126
  connection_id: 4f147c3153701eff23c3e24502d3035c
  ...
ok 3 - subscribe-error
  ---
  duration_ms: 156
  connection_id: 45394d30940fd0c5c52437a627f224be
  ...
ok 4 - announce-subscribe
  ---
  duration_ms: 3190
  publisher_connection_id: 5dc00db8b84701d1f948ebea178bdf68
  subscriber_connection_id: bfeb8a9189b23380ba9bd62745fab181
  ...
ok 5 - subscribe-before-announce
  ---
  duration_ms: 3660
  subscriber_connection_id: 9d8892d51b318537c93ddf56e6aa4cc7
  publisher_connection_id: b65c69cd9cf178564aeb560078f99e4f
  ...
ok 6 - publish-namespace-done
  ---
  duration_ms: 2223
  connection_id: 5fc35cac06d1fd99eb1f002d2c694916
  ...
make[1]: Leaving directory '/home/runner/work/moq-interop-runner/moq-interop-runner/main'
