make[1]: Entering directory '/home/runner/work/moq-interop-runner/moq-interop-runner/main'
Running tests against moqt://lminiero.it:9000...
  Client: ghcr.io/englishm/moq-interop-runner-moq-test-client-draft-18:latest
docker run --rm \
	 \
	--network host \
	-e RELAY_URL=moqt://lminiero.it:9000 \
	-e TLS_DISABLE_VERIFY=false \
	ghcr.io/englishm/moq-interop-runner-moq-test-client-draft-18:latest
TAP version 14
# moq-test-client v0.1.6
# Relay: moqt://lminiero.it:9000
1..6
[2m2026-07-04T00:59:21.364050Z[0m [32m INFO[0m [2mmoq_native_ietf::quic[0m[2m:[0m UDP socket bound [3mbind[0m[2m=[0m[::]:0 [3mlocal[0m[2m=[0m[::]:52553 [3mdual_stack[0m[2m=[0mtrue
[2m2026-07-04T00:59:21.797825Z[0m [32m INFO[0m [2mmoq_test_client::scenarios[0m[2m:[0m SETUP exchange completed successfully
ok 1 - setup-only
  ---
  duration_ms: 434
  connection_id: 4646d4a46c3f29b13121d5fbd73f155f
  ...
[2m2026-07-04T00:59:21.798890Z[0m [32m INFO[0m [2mmoq_native_ietf::quic[0m[2m:[0m UDP socket bound [3mbind[0m[2m=[0m[::]:0 [3mlocal[0m[2m=[0m[::]:40211 [3mdual_stack[0m[2m=[0mtrue
[2m2026-07-04T00:59:22.221664Z[0m [32m INFO[0m [2mmoq_test_client::scenarios[0m[2m:[0m Sending PUBLISH_NAMESPACE for: moq-test/interop
not ok 2 - publish-namespace-only
  ---
  duration_ms: 423
  message: "PUBLISH_NAMESPACE failed: too many requests"
  ...
[2m2026-07-04T00:59:22.222664Z[0m [32m INFO[0m [2mmoq_native_ietf::quic[0m[2m:[0m UDP socket bound [3mbind[0m[2m=[0m[::]:0 [3mlocal[0m[2m=[0m[::]:46889 [3mdual_stack[0m[2m=[0mtrue
[2m2026-07-04T00:59:22.651712Z[0m [32m INFO[0m [2mmoq_test_client::scenarios[0m[2m:[0m Subscribing to non-existent track: nonexistent/namespace/test-track
[2m2026-07-04T00:59:22.651750Z[0m [31mERROR[0m [2mmoq_transport::serve::error[0m[2m:[0m [8f790f4b-4975-49e2-a6bf-11be6da4f622] Internal error: request ID limit: too many requests at /build/moq-transport/src/session/subscriber.rs:191
[2m2026-07-04T00:59:22.651776Z[0m [33m WARN[0m [2mmoq_test_client::scenarios[0m[2m:[0m Got error but not clearly 'not found': internal error: Internal error [error:8f790f4b-4975-49e2-a6bf-11be6da4f622]. Relay may use different error text.
ok 3 - subscribe-error
  ---
  duration_ms: 430
  connection_id: abf0eea13a149c8a349dd8091d51a5fc
  ...
[2m2026-07-04T00:59:22.652625Z[0m [32m INFO[0m [2mmoq_native_ietf::quic[0m[2m:[0m UDP socket bound [3mbind[0m[2m=[0m[::]:0 [3mlocal[0m[2m=[0m[::]:55742 [3mdual_stack[0m[2m=[0mtrue
[2m2026-07-04T00:59:22.876710Z[0m [32m INFO[0m [2mmoq_native_ietf::quic[0m[2m:[0m UDP socket bound [3mbind[0m[2m=[0m[::]:0 [3mlocal[0m[2m=[0m[::]:58816 [3mdual_stack[0m[2m=[0mtrue
[2m2026-07-04T00:59:23.100326Z[0m [32m INFO[0m [2mmoq_test_client::scenarios[0m[2m:[0m Publisher sending PUBLISH_NAMESPACE: moq-test/interop
[2m2026-07-04T00:59:23.100349Z[0m [32m INFO[0m [2mmoq_test_client::scenarios[0m[2m:[0m Subscriber subscribing to track: moq-test/interop/test-track
not ok 4 - publish-namespace-subscribe
  ---
  duration_ms: 448
  message: "publisher PUBLISH_NAMESPACE failed: too many requests"
  ...
[2m2026-07-04T00:59:23.101323Z[0m [32m INFO[0m [2mmoq_native_ietf::quic[0m[2m:[0m UDP socket bound [3mbind[0m[2m=[0m[::]:0 [3mlocal[0m[2m=[0m[::]:39340 [3mdual_stack[0m[2m=[0mtrue
[2m2026-07-04T00:59:23.323771Z[0m [32m INFO[0m [2mmoq_test_client::scenarios[0m[2m:[0m Subscriber subscribing BEFORE PUBLISH_NAMESPACE: moq-test/interop/test-track
[2m2026-07-04T00:59:23.323832Z[0m [31mERROR[0m [2mmoq_transport::serve::error[0m[2m:[0m [12600790-9bd8-41c7-aa03-a6dbf2f40a31] Internal error: request ID limit: too many requests at /build/moq-transport/src/session/subscriber.rs:191
[2m2026-07-04T00:59:23.825263Z[0m [32m INFO[0m [2mmoq_native_ietf::quic[0m[2m:[0m UDP socket bound [3mbind[0m[2m=[0m[::]:0 [3mlocal[0m[2m=[0m[::]:56867 [3mdual_stack[0m[2m=[0mtrue
[2m2026-07-04T00:59:24.050094Z[0m [32m INFO[0m [2mmoq_test_client::scenarios[0m[2m:[0m Publisher sending PUBLISH_NAMESPACE (after subscriber): moq-test/interop
not ok 5 - subscribe-before-publish-namespace
  ---
  duration_ms: 949
  message: "publisher PUBLISH_NAMESPACE failed: too many requests"
  ...
[2m2026-07-04T00:59:24.050981Z[0m [32m INFO[0m [2mmoq_native_ietf::quic[0m[2m:[0m UDP socket bound [3mbind[0m[2m=[0m[::]:0 [3mlocal[0m[2m=[0m[::]:36956 [3mdual_stack[0m[2m=[0mtrue
[2m2026-07-04T00:59:24.487008Z[0m [32m INFO[0m [2mmoq_test_client::scenarios[0m[2m:[0m Sending PUBLISH_NAMESPACE: moq-test/interop
not ok 6 - publish-namespace-done
  ---
  duration_ms: 436
  message: "PUBLISH_NAMESPACE failed: too many requests"
  ...
make[1]: *** [Makefile:121: test-external] Error 1
make[1]: Leaving directory '/home/runner/work/moq-interop-runner/moq-interop-runner/main'
