make[1]: Entering directory '/home/runner/work/moq-interop-runner/moq-interop-runner/main'
Running tests against moqt://fb.mvfst.net:9448...
  Client: ghcr.io/englishm/moq-interop-runner-moq-test-client-draft-16:latest
docker run --rm \
	 \
	--network host \
	-e RELAY_URL=moqt://fb.mvfst.net:9448 \
	-e TLS_DISABLE_VERIFY=1 \
	ghcr.io/englishm/moq-interop-runner-moq-test-client-draft-16:latest
TAP version 14
# moq-test-client v0.1.0
# Relay: moqt://fb.mvfst.net:9448
1..6
ok 1 - setup-only
  ---
  duration_ms: 194
  connection_id: d7e2562910c7e8ae5fcbcd4b1e79319c
  ...
ok 2 - announce-only
  ---
  duration_ms: 2083
  connection_id: 1ba6e9fb21fc64fe51dc378a8e7a84a6
  ...
ok 3 - subscribe-error
  ---
  duration_ms: 144
  connection_id: dda78aaa058972939c401690482529a9
  ...
ok 4 - announce-subscribe
  ---
  duration_ms: 301
  publisher_connection_id: 3621e9decc302cdb51fd68ac6a9fdb48
  subscriber_connection_id: 5605a1802c4681fc1c7843617e3f500c
  ...
ok 5 - subscribe-before-announce
  ---
  duration_ms: 3671
  subscriber_connection_id: fe737134cf1ab2b91c9711a81c4d384c
  publisher_connection_id: 6c1fa1e569ce6e2fa7bfc3bc9c774a51
  ...
ok 6 - publish-namespace-done
  ---
  duration_ms: 2213
  connection_id: 8f185d641f6cead348aac0d84824a451
  ...
make[1]: Leaving directory '/home/runner/work/moq-interop-runner/moq-interop-runner/main'
