make[1]: Entering directory '/home/runner/work/moq-interop-runner/moq-interop-runner/main'
Running tests against https://moqt.nokiaresearch.com:4443/moq...
  Client: ghcr.io/englishm/moq-interop-runner-moq-test-client-draft-18:latest
docker run --rm \
	 \
	--network host \
	-e RELAY_URL=https://moqt.nokiaresearch.com:4443/moq \
	-e TLS_DISABLE_VERIFY=false \
	ghcr.io/englishm/moq-interop-runner-moq-test-client-draft-18:latest
TAP version 14
# moq-test-client v0.1.6
# Relay: https://moqt.nokiaresearch.com:4443/moq
1..6
[2m2026-07-04T01:00:42.439768Z[0m [32m INFO[0m [2mmoq_native_ietf::quic[0m[2m:[0m UDP socket bound [3mbind[0m[2m=[0m[::]:0 [3mlocal[0m[2m=[0m[::]:47773 [3mdual_stack[0m[2m=[0mtrue
[2m2026-07-04T01:00:42.972673Z[0m [32m INFO[0m [2mmoq_test_client::scenarios[0m[2m:[0m SETUP exchange completed successfully
ok 1 - setup-only
  ---
  duration_ms: 533
  connection_id: 07c35d49cd367bf276e83580bab6bb9c
  ...
[2m2026-07-04T01:00:42.973561Z[0m [32m INFO[0m [2mmoq_native_ietf::quic[0m[2m:[0m UDP socket bound [3mbind[0m[2m=[0m[::]:0 [3mlocal[0m[2m=[0m[::]:47674 [3mdual_stack[0m[2m=[0mtrue
[2m2026-07-04T01:00:43.506883Z[0m [32m INFO[0m [2mmoq_test_client::scenarios[0m[2m:[0m Sending PUBLISH_NAMESPACE for: moq-test/interop
not ok 2 - publish-namespace-only
  ---
  duration_ms: 534
  message: "PUBLISH_NAMESPACE failed: too many requests"
  ...
[2m2026-07-04T01:00:43.508089Z[0m [32m INFO[0m [2mmoq_native_ietf::quic[0m[2m:[0m UDP socket bound [3mbind[0m[2m=[0m[::]:0 [3mlocal[0m[2m=[0m[::]:37482 [3mdual_stack[0m[2m=[0mtrue
[2m2026-07-04T01:00:44.099360Z[0m [32m INFO[0m [2mmoq_test_client::scenarios[0m[2m:[0m Subscribing to non-existent track: nonexistent/namespace/test-track
[2m2026-07-04T01:00:44.099384Z[0m [31mERROR[0m [2mmoq_transport::serve::error[0m[2m:[0m [1164540e-6957-450c-b426-dcf0dd444313] Internal error: request ID limit: too many requests at /build/moq-transport/src/session/subscriber.rs:191
[2m2026-07-04T01:00:44.099414Z[0m [33m WARN[0m [2mmoq_test_client::scenarios[0m[2m:[0m Got error but not clearly 'not found': internal error: Internal error [error:1164540e-6957-450c-b426-dcf0dd444313]. Relay may use different error text.
ok 3 - subscribe-error
  ---
  duration_ms: 592
  connection_id: b8e945e6a8e983f4504fe3f0d7151e81
  ...
[2m2026-07-04T01:00:44.100404Z[0m [32m INFO[0m [2mmoq_native_ietf::quic[0m[2m:[0m UDP socket bound [3mbind[0m[2m=[0m[::]:0 [3mlocal[0m[2m=[0m[::]:42935 [3mdual_stack[0m[2m=[0mtrue
[2m2026-07-04T01:00:44.723808Z[0m [32m INFO[0m [2mmoq_native_ietf::quic[0m[2m:[0m UDP socket bound [3mbind[0m[2m=[0m[::]:0 [3mlocal[0m[2m=[0m[::]:48870 [3mdual_stack[0m[2m=[0mtrue
[2m2026-07-04T01:00:45.257414Z[0m [32m INFO[0m [2mmoq_test_client::scenarios[0m[2m:[0m Publisher sending PUBLISH_NAMESPACE: moq-test/interop
[2m2026-07-04T01:00:45.257434Z[0m [32m INFO[0m [2mmoq_test_client::scenarios[0m[2m:[0m Subscriber subscribing to track: moq-test/interop/test-track
not ok 4 - publish-namespace-subscribe
  ---
  duration_ms: 1158
  message: "publisher PUBLISH_NAMESPACE failed: too many requests"
  ...
[2m2026-07-04T01:00:45.258582Z[0m [32m INFO[0m [2mmoq_native_ietf::quic[0m[2m:[0m UDP socket bound [3mbind[0m[2m=[0m[::]:0 [3mlocal[0m[2m=[0m[::]:40053 [3mdual_stack[0m[2m=[0mtrue
[2m2026-07-04T01:00:45.829389Z[0m [32m INFO[0m [2mmoq_test_client::scenarios[0m[2m:[0m Subscriber subscribing BEFORE PUBLISH_NAMESPACE: moq-test/interop/test-track
[2m2026-07-04T01:00:45.829496Z[0m [31mERROR[0m [2mmoq_transport::serve::error[0m[2m:[0m [25fd78c5-d741-42e5-b2db-49844aaf6839] Internal error: request ID limit: too many requests at /build/moq-transport/src/session/subscriber.rs:191
[2m2026-07-04T01:00:46.331536Z[0m [32m INFO[0m [2mmoq_native_ietf::quic[0m[2m:[0m UDP socket bound [3mbind[0m[2m=[0m[::]:0 [3mlocal[0m[2m=[0m[::]:37372 [3mdual_stack[0m[2m=[0mtrue
[2m2026-07-04T01:00:46.927464Z[0m [32m INFO[0m [2mmoq_test_client::scenarios[0m[2m:[0m Publisher sending PUBLISH_NAMESPACE (after subscriber): moq-test/interop
not ok 5 - subscribe-before-publish-namespace
  ---
  duration_ms: 1670
  message: "publisher PUBLISH_NAMESPACE failed: too many requests"
  ...
[2m2026-07-04T01:00:46.928532Z[0m [32m INFO[0m [2mmoq_native_ietf::quic[0m[2m:[0m UDP socket bound [3mbind[0m[2m=[0m[::]:0 [3mlocal[0m[2m=[0m[::]:58037 [3mdual_stack[0m[2m=[0mtrue
[2m2026-07-04T01:00:47.567126Z[0m [32m INFO[0m [2mmoq_test_client::scenarios[0m[2m:[0m Sending PUBLISH_NAMESPACE: moq-test/interop
not ok 6 - publish-namespace-done
  ---
  duration_ms: 639
  message: "PUBLISH_NAMESPACE failed: too many requests"
  ...
make[1]: *** [Makefile:121: test-external] Error 1
make[1]: Leaving directory '/home/runner/work/moq-interop-runner/moq-interop-runner/main'
