make[1]: Entering directory '/home/runner/work/moq-interop-runner/moq-interop-runner/main'
Running tests against https://draft-16-manish.cloudflare.mediaoverquic.com:443/moq...
  Client: ghcr.io/facebookexperimental/moxygen-interop-client:latest-amd64
docker run --rm \
	 \
	--network host \
	-e RELAY_URL=https://draft-16-manish.cloudflare.mediaoverquic.com:443/moq \
	-e TLS_DISABLE_VERIFY=false \
	ghcr.io/facebookexperimental/moxygen-interop-client:latest-amd64
TAP version 14
# moxygen interop test client
# Relay: https://draft-16-manish.cloudflare.mediaoverquic.com:443/moq
# Transport: WebTransport
1..6
E20260704 01:32:11.200507     1 HQSession.cpp:578] Connection closed with error err=Crypto error: certificate_expired msg=fizz::FizzVerificationException: certificate verification failed: certificate has expired proto=, client CID=, server CID=50608cec3a1c3243, local=<uninitialized address>, 34.68.101.111:443=upstream, drain=none
E0704 01:32:11.201459     1 MoQWebTransportClient.cpp:95] std::runtime_error: Crypto error: certificate_expired
not ok 1 - setup-only
  ---
  duration_ms: 63
  error: Crypto error: certificate_expired
  ...
E20260704 01:32:11.245115     1 HQSession.cpp:578] Connection closed with error err=Crypto error: certificate_expired msg=fizz::FizzVerificationException: certificate verification failed: certificate has expired proto=, client CID=, server CID=ff4e07f0fdd85b82, local=<uninitialized address>, 34.68.101.111:443=upstream, drain=none
E0704 01:32:11.245203     1 MoQWebTransportClient.cpp:95] std::runtime_error: Crypto error: certificate_expired
not ok 2 - announce-only
  ---
  duration_ms: 43
  error: Crypto error: certificate_expired
  ...
E20260704 01:32:11.287525     1 HQSession.cpp:578] Connection closed with error err=Crypto error: certificate_expired msg=fizz::FizzVerificationException: certificate verification failed: certificate has expired proto=, client CID=, server CID=2846de6f707129f9, local=<uninitialized address>, 34.68.101.111:443=upstream, drain=none
E0704 01:32:11.287617     1 MoQWebTransportClient.cpp:95] std::runtime_error: Crypto error: certificate_expired
not ok 3 - subscribe-error
  ---
  duration_ms: 42
  error: Crypto error: certificate_expired
  ...
E20260704 01:32:11.356120     1 HQSession.cpp:578] Connection closed with error err=Crypto error: certificate_expired msg=fizz::FizzVerificationException: certificate verification failed: certificate has expired proto=, client CID=, server CID=6a6f33ab53aae0a9, local=<uninitialized address>, 34.68.101.111:443=upstream, drain=none
E0704 01:32:11.356207     1 MoQWebTransportClient.cpp:95] std::runtime_error: Crypto error: certificate_expired
not ok 4 - announce-subscribe
  ---
  duration_ms: 68
  error: Crypto error: certificate_expired
  ...
E20260704 01:32:11.492861     1 HQSession.cpp:578] Connection closed with error err=Crypto error: certificate_expired msg=fizz::FizzVerificationException: certificate verification failed: certificate has expired proto=, client CID=, server CID=76bbe50f8f4ec062, local=<uninitialized address>, 34.68.101.111:443=upstream, drain=none
E0704 01:32:11.492967     1 MoQWebTransportClient.cpp:95] std::runtime_error: Crypto error: certificate_expired
not ok 5 - publish-namespace-done
  ---
  duration_ms: 136
  error: Crypto error: certificate_expired
  ...
E20260704 01:32:11.535313     1 HQSession.cpp:578] Connection closed with error err=Crypto error: certificate_expired msg=fizz::FizzVerificationException: certificate verification failed: certificate has expired proto=, client CID=, server CID=be8e4354a8006e6b, local=<uninitialized address>, 34.68.101.111:443=upstream, drain=none
E0704 01:32:11.535409     1 MoQWebTransportClient.cpp:95] std::runtime_error: Crypto error: certificate_expired
not ok 6 - subscribe-before-announce
  ---
  duration_ms: 42
  error: Crypto error: certificate_expired
  ...
make[1]: *** [Makefile:121: test-external] Error 1
make[1]: Leaving directory '/home/runner/work/moq-interop-runner/moq-interop-runner/main'
