make[1]: Entering directory '/home/runner/work/moq-interop-runner/moq-interop-runner/main'
Running tests against https://draft-16-manish.cloudflare.mediaoverquic.com:443/moq...
  Client: ghcr.io/gmarzot/aiomoqt:latest
docker run --rm \
	 \
	--network host \
	-e RELAY_URL=https://draft-16-manish.cloudflare.mediaoverquic.com:443/moq \
	-e TLS_DISABLE_VERIFY=false \
	ghcr.io/gmarzot/aiomoqt:latest
2026-06-04 01:25:48.617 ERROR: handle_control_message: error handling control message: BufferReadError: BufferReadError('read out of bounds')
2026-06-04 01:25:48.618 ERROR: handle_control_message: traceback:
Traceback (most recent call last):
  File "/app/aiomoqt/protocol.py", line 433, in _moqt_handle_control_message
    msg = message_class.deserialize(buf, buf_end=end_pos)
          ^^^^^^^^^^^^^^^^^^^^^^^^^^^^^^^^^^^^^^^^^^^^^^^
  File "/app/aiomoqt/messages/session_setup.py", line 48, in deserialize
    params = MOQTMessage._deserialize_params(buf,
             ^^^^^^^^^^^^^^^^^^^^^^^^^^^^^^^^^^^^
  File "/app/aiomoqt/messages/base.py", line 489, in _deserialize_params
    param_value = buf.pull_uint_var()
                  ^^^^^^^^^^^^^^^^^^^
  File "src/aiopquic/_binding/_buffer.pyx", line 168, in aiopquic._binding._buffer.Buffer.pull_uint_var
  File "src/aiopquic/_binding/_buffer.pyx", line 170, in aiopquic._binding._buffer.Buffer.pull_uint_var
aiopquic._binding._buffer.BufferReadError: read out of bounds

ERROR asyncio: Exception in callback _Dispatcher._drain()
handle: <Handle _Dispatcher._drain()>
Traceback (most recent call last):
  File "/usr/local/lib/python3.12/asyncio/events.py", line 88, in _run
    self._context.run(self._callback, *self._args)
  File "/usr/local/lib/python3.12/site-packages/aiopquic/asyncio/webtransport.py", line 622, in _drain
    session._on_event(ev)
  File "/app/aiomoqt/protocol.py", line 2497, in _on_event
    self.quic_event_received(_SD(stream_id=sid, data=data,
  File "/app/aiomoqt/protocol.py", line 1064, in quic_event_received
    msg = self._moqt_handle_control_message(msg_buf)
          ^^^^^^^^^^^^^^^^^^^^^^^^^^^^^^^^^^^^^^^^^^
  File "/app/aiomoqt/protocol.py", line 433, in _moqt_handle_control_message
    msg = message_class.deserialize(buf, buf_end=end_pos)
          ^^^^^^^^^^^^^^^^^^^^^^^^^^^^^^^^^^^^^^^^^^^^^^^
  File "/app/aiomoqt/messages/session_setup.py", line 48, in deserialize
    params = MOQTMessage._deserialize_params(buf,
             ^^^^^^^^^^^^^^^^^^^^^^^^^^^^^^^^^^^^
  File "/app/aiomoqt/messages/base.py", line 489, in _deserialize_params
    param_value = buf.pull_uint_var()
                  ^^^^^^^^^^^^^^^^^^^
  File "src/aiopquic/_binding/_buffer.pyx", line 168, in aiopquic._binding._buffer.Buffer.pull_uint_var
  File "src/aiopquic/_binding/_buffer.pyx", line 170, in aiopquic._binding._buffer.Buffer.pull_uint_var
aiopquic._binding._buffer.BufferReadError: read out of bounds
2026-06-04 01:25:48.620 ERROR: MOQT error: closing: critical stream closed by remote peer: 4 (1)
2026-06-04 01:25:48.620 ERROR: MOQT error: session setup failed: False
  [FAIL] setup-only: Failed: MOQTException: critical stream closed by remote peer: 4 (1)
2026-06-04 01:25:48.775 ERROR: handle_control_message: error handling control message: BufferReadError: BufferReadError('read out of bounds')
2026-06-04 01:25:48.776 ERROR: handle_control_message: traceback:
Traceback (most recent call last):
  File "/app/aiomoqt/protocol.py", line 433, in _moqt_handle_control_message
    msg = message_class.deserialize(buf, buf_end=end_pos)
          ^^^^^^^^^^^^^^^^^^^^^^^^^^^^^^^^^^^^^^^^^^^^^^^
  File "/app/aiomoqt/messages/session_setup.py", line 48, in deserialize
    params = MOQTMessage._deserialize_params(buf,
             ^^^^^^^^^^^^^^^^^^^^^^^^^^^^^^^^^^^^
  File "/app/aiomoqt/messages/base.py", line 489, in _deserialize_params
    param_value = buf.pull_uint_var()
                  ^^^^^^^^^^^^^^^^^^^
  File "src/aiopquic/_binding/_buffer.pyx", line 168, in aiopquic._binding._buffer.Buffer.pull_uint_var
  File "src/aiopquic/_binding/_buffer.pyx", line 170, in aiopquic._binding._buffer.Buffer.pull_uint_var
aiopquic._binding._buffer.BufferReadError: read out of bounds

ERROR asyncio: Exception in callback _Dispatcher._drain()
handle: <Handle _Dispatcher._drain()>
Traceback (most recent call last):
  File "/usr/local/lib/python3.12/asyncio/events.py", line 88, in _run
    self._context.run(self._callback, *self._args)
  File "/usr/local/lib/python3.12/site-packages/aiopquic/asyncio/webtransport.py", line 622, in _drain
    session._on_event(ev)
  File "/app/aiomoqt/protocol.py", line 2497, in _on_event
    self.quic_event_received(_SD(stream_id=sid, data=data,
  File "/app/aiomoqt/protocol.py", line 1064, in quic_event_received
    msg = self._moqt_handle_control_message(msg_buf)
          ^^^^^^^^^^^^^^^^^^^^^^^^^^^^^^^^^^^^^^^^^^
  File "/app/aiomoqt/protocol.py", line 433, in _moqt_handle_control_message
    msg = message_class.deserialize(buf, buf_end=end_pos)
          ^^^^^^^^^^^^^^^^^^^^^^^^^^^^^^^^^^^^^^^^^^^^^^^
  File "/app/aiomoqt/messages/session_setup.py", line 48, in deserialize
    params = MOQTMessage._deserialize_params(buf,
             ^^^^^^^^^^^^^^^^^^^^^^^^^^^^^^^^^^^^
  File "/app/aiomoqt/messages/base.py", line 489, in _deserialize_params
    param_value = buf.pull_uint_var()
                  ^^^^^^^^^^^^^^^^^^^
  File "src/aiopquic/_binding/_buffer.pyx", line 168, in aiopquic._binding._buffer.Buffer.pull_uint_var
  File "src/aiopquic/_binding/_buffer.pyx", line 170, in aiopquic._binding._buffer.Buffer.pull_uint_var
aiopquic._binding._buffer.BufferReadError: read out of bounds
2026-06-04 01:25:48.777 ERROR: MOQT error: closing: critical stream closed by remote peer: 4 (1)
2026-06-04 01:25:48.777 ERROR: MOQT error: session setup failed: False
  [FAIL] announce-only: Failed: MOQTException: critical stream closed by remote peer: 4 (1)
2026-06-04 01:25:48.930 ERROR: handle_control_message: error handling control message: BufferReadError: BufferReadError('read out of bounds')
2026-06-04 01:25:48.931 ERROR: handle_control_message: traceback:
Traceback (most recent call last):
  File "/app/aiomoqt/protocol.py", line 433, in _moqt_handle_control_message
    msg = message_class.deserialize(buf, buf_end=end_pos)
          ^^^^^^^^^^^^^^^^^^^^^^^^^^^^^^^^^^^^^^^^^^^^^^^
  File "/app/aiomoqt/messages/session_setup.py", line 48, in deserialize
    params = MOQTMessage._deserialize_params(buf,
             ^^^^^^^^^^^^^^^^^^^^^^^^^^^^^^^^^^^^
  File "/app/aiomoqt/messages/base.py", line 489, in _deserialize_params
    param_value = buf.pull_uint_var()
                  ^^^^^^^^^^^^^^^^^^^
  File "src/aiopquic/_binding/_buffer.pyx", line 168, in aiopquic._binding._buffer.Buffer.pull_uint_var
  File "src/aiopquic/_binding/_buffer.pyx", line 170, in aiopquic._binding._buffer.Buffer.pull_uint_var
aiopquic._binding._buffer.BufferReadError: read out of bounds

ERROR asyncio: Exception in callback _Dispatcher._drain()
handle: <Handle _Dispatcher._drain()>
Traceback (most recent call last):
  File "/usr/local/lib/python3.12/asyncio/events.py", line 88, in _run
    self._context.run(self._callback, *self._args)
  File "/usr/local/lib/python3.12/site-packages/aiopquic/asyncio/webtransport.py", line 622, in _drain
    session._on_event(ev)
  File "/app/aiomoqt/protocol.py", line 2497, in _on_event
    self.quic_event_received(_SD(stream_id=sid, data=data,
  File "/app/aiomoqt/protocol.py", line 1064, in quic_event_received
    msg = self._moqt_handle_control_message(msg_buf)
          ^^^^^^^^^^^^^^^^^^^^^^^^^^^^^^^^^^^^^^^^^^
  File "/app/aiomoqt/protocol.py", line 433, in _moqt_handle_control_message
    msg = message_class.deserialize(buf, buf_end=end_pos)
          ^^^^^^^^^^^^^^^^^^^^^^^^^^^^^^^^^^^^^^^^^^^^^^^
  File "/app/aiomoqt/messages/session_setup.py", line 48, in deserialize
    params = MOQTMessage._deserialize_params(buf,
             ^^^^^^^^^^^^^^^^^^^^^^^^^^^^^^^^^^^^
  File "/app/aiomoqt/messages/base.py", line 489, in _deserialize_params
    param_value = buf.pull_uint_var()
                  ^^^^^^^^^^^^^^^^^^^
  File "src/aiopquic/_binding/_buffer.pyx", line 168, in aiopquic._binding._buffer.Buffer.pull_uint_var
  File "src/aiopquic/_binding/_buffer.pyx", line 170, in aiopquic._binding._buffer.Buffer.pull_uint_var
aiopquic._binding._buffer.BufferReadError: read out of bounds
2026-06-04 01:25:48.931 ERROR: MOQT error: closing: critical stream closed by remote peer: 4 (1)
2026-06-04 01:25:48.932 ERROR: MOQT error: session setup failed: False
  [FAIL] publish-namespace-done: Failed: MOQTException: critical stream closed by remote peer: 4 (1)
2026-06-04 01:25:49.087 ERROR: handle_control_message: error handling control message: BufferReadError: BufferReadError('read out of bounds')
2026-06-04 01:25:49.088 ERROR: handle_control_message: traceback:
Traceback (most recent call last):
  File "/app/aiomoqt/protocol.py", line 433, in _moqt_handle_control_message
    msg = message_class.deserialize(buf, buf_end=end_pos)
          ^^^^^^^^^^^^^^^^^^^^^^^^^^^^^^^^^^^^^^^^^^^^^^^
  File "/app/aiomoqt/messages/session_setup.py", line 48, in deserialize
    params = MOQTMessage._deserialize_params(buf,
             ^^^^^^^^^^^^^^^^^^^^^^^^^^^^^^^^^^^^
  File "/app/aiomoqt/messages/base.py", line 489, in _deserialize_params
    param_value = buf.pull_uint_var()
                  ^^^^^^^^^^^^^^^^^^^
  File "src/aiopquic/_binding/_buffer.pyx", line 168, in aiopquic._binding._buffer.Buffer.pull_uint_var
  File "src/aiopquic/_binding/_buffer.pyx", line 170, in aiopquic._binding._buffer.Buffer.pull_uint_var
aiopquic._binding._buffer.BufferReadError: read out of bounds

ERROR asyncio: Exception in callback _Dispatcher._drain()
handle: <Handle _Dispatcher._drain()>
Traceback (most recent call last):
  File "/usr/local/lib/python3.12/asyncio/events.py", line 88, in _run
    self._context.run(self._callback, *self._args)
  File "/usr/local/lib/python3.12/site-packages/aiopquic/asyncio/webtransport.py", line 622, in _drain
    session._on_event(ev)
  File "/app/aiomoqt/protocol.py", line 2497, in _on_event
    self.quic_event_received(_SD(stream_id=sid, data=data,
  File "/app/aiomoqt/protocol.py", line 1064, in quic_event_received
    msg = self._moqt_handle_control_message(msg_buf)
          ^^^^^^^^^^^^^^^^^^^^^^^^^^^^^^^^^^^^^^^^^^
  File "/app/aiomoqt/protocol.py", line 433, in _moqt_handle_control_message
    msg = message_class.deserialize(buf, buf_end=end_pos)
          ^^^^^^^^^^^^^^^^^^^^^^^^^^^^^^^^^^^^^^^^^^^^^^^
  File "/app/aiomoqt/messages/session_setup.py", line 48, in deserialize
    params = MOQTMessage._deserialize_params(buf,
             ^^^^^^^^^^^^^^^^^^^^^^^^^^^^^^^^^^^^
  File "/app/aiomoqt/messages/base.py", line 489, in _deserialize_params
    param_value = buf.pull_uint_var()
                  ^^^^^^^^^^^^^^^^^^^
  File "src/aiopquic/_binding/_buffer.pyx", line 168, in aiopquic._binding._buffer.Buffer.pull_uint_var
  File "src/aiopquic/_binding/_buffer.pyx", line 170, in aiopquic._binding._buffer.Buffer.pull_uint_var
aiopquic._binding._buffer.BufferReadError: read out of bounds
2026-06-04 01:25:49.089 ERROR: MOQT error: closing: critical stream closed by remote peer: 4 (1)
2026-06-04 01:25:49.089 ERROR: MOQT error: session setup failed: False
  [FAIL] subscribe-error: Failed: MOQTException: critical stream closed by remote peer: 4 (1)
2026-06-04 01:25:49.240 ERROR: handle_control_message: error handling control message: BufferReadError: BufferReadError('read out of bounds')
2026-06-04 01:25:49.240 ERROR: handle_control_message: traceback:
Traceback (most recent call last):
  File "/app/aiomoqt/protocol.py", line 433, in _moqt_handle_control_message
    msg = message_class.deserialize(buf, buf_end=end_pos)
          ^^^^^^^^^^^^^^^^^^^^^^^^^^^^^^^^^^^^^^^^^^^^^^^
  File "/app/aiomoqt/messages/session_setup.py", line 48, in deserialize
    params = MOQTMessage._deserialize_params(buf,
             ^^^^^^^^^^^^^^^^^^^^^^^^^^^^^^^^^^^^
  File "/app/aiomoqt/messages/base.py", line 489, in _deserialize_params
    param_value = buf.pull_uint_var()
                  ^^^^^^^^^^^^^^^^^^^
  File "src/aiopquic/_binding/_buffer.pyx", line 168, in aiopquic._binding._buffer.Buffer.pull_uint_var
  File "src/aiopquic/_binding/_buffer.pyx", line 170, in aiopquic._binding._buffer.Buffer.pull_uint_var
aiopquic._binding._buffer.BufferReadError: read out of bounds

ERROR asyncio: Exception in callback _Dispatcher._drain()
handle: <Handle _Dispatcher._drain()>
Traceback (most recent call last):
  File "/usr/local/lib/python3.12/asyncio/events.py", line 88, in _run
    self._context.run(self._callback, *self._args)
  File "/usr/local/lib/python3.12/site-packages/aiopquic/asyncio/webtransport.py", line 622, in _drain
    session._on_event(ev)
  File "/app/aiomoqt/protocol.py", line 2497, in _on_event
    self.quic_event_received(_SD(stream_id=sid, data=data,
  File "/app/aiomoqt/protocol.py", line 1064, in quic_event_received
    msg = self._moqt_handle_control_message(msg_buf)
          ^^^^^^^^^^^^^^^^^^^^^^^^^^^^^^^^^^^^^^^^^^
  File "/app/aiomoqt/protocol.py", line 433, in _moqt_handle_control_message
    msg = message_class.deserialize(buf, buf_end=end_pos)
          ^^^^^^^^^^^^^^^^^^^^^^^^^^^^^^^^^^^^^^^^^^^^^^^
  File "/app/aiomoqt/messages/session_setup.py", line 48, in deserialize
    params = MOQTMessage._deserialize_params(buf,
             ^^^^^^^^^^^^^^^^^^^^^^^^^^^^^^^^^^^^
  File "/app/aiomoqt/messages/base.py", line 489, in _deserialize_params
    param_value = buf.pull_uint_var()
                  ^^^^^^^^^^^^^^^^^^^
  File "src/aiopquic/_binding/_buffer.pyx", line 168, in aiopquic._binding._buffer.Buffer.pull_uint_var
  File "src/aiopquic/_binding/_buffer.pyx", line 170, in aiopquic._binding._buffer.Buffer.pull_uint_var
aiopquic._binding._buffer.BufferReadError: read out of bounds
2026-06-04 01:25:49.241 ERROR: MOQT error: closing: critical stream closed by remote peer: 4 (1)
2026-06-04 01:25:49.241 ERROR: MOQT error: session setup failed: False
  [FAIL] announce-subscribe: Failed: MOQTException: critical stream closed by remote peer: 4 (1)
2026-06-04 01:25:49.397 ERROR: handle_control_message: error handling control message: BufferReadError: BufferReadError('read out of bounds')
2026-06-04 01:25:49.398 ERROR: handle_control_message: traceback:
Traceback (most recent call last):
  File "/app/aiomoqt/protocol.py", line 433, in _moqt_handle_control_message
    msg = message_class.deserialize(buf, buf_end=end_pos)
          ^^^^^^^^^^^^^^^^^^^^^^^^^^^^^^^^^^^^^^^^^^^^^^^
  File "/app/aiomoqt/messages/session_setup.py", line 48, in deserialize
    params = MOQTMessage._deserialize_params(buf,
             ^^^^^^^^^^^^^^^^^^^^^^^^^^^^^^^^^^^^
  File "/app/aiomoqt/messages/base.py", line 489, in _deserialize_params
    param_value = buf.pull_uint_var()
                  ^^^^^^^^^^^^^^^^^^^
  File "src/aiopquic/_binding/_buffer.pyx", line 168, in aiopquic._binding._buffer.Buffer.pull_uint_var
  File "src/aiopquic/_binding/_buffer.pyx", line 170, in aiopquic._binding._buffer.Buffer.pull_uint_var
aiopquic._binding._buffer.BufferReadError: read out of bounds

ERROR asyncio: Exception in callback _Dispatcher._drain()
handle: <Handle _Dispatcher._drain()>
Traceback (most recent call last):
  File "/usr/local/lib/python3.12/asyncio/events.py", line 88, in _run
    self._context.run(self._callback, *self._args)
  File "/usr/local/lib/python3.12/site-packages/aiopquic/asyncio/webtransport.py", line 622, in _drain
    session._on_event(ev)
  File "/app/aiomoqt/protocol.py", line 2497, in _on_event
    self.quic_event_received(_SD(stream_id=sid, data=data,
  File "/app/aiomoqt/protocol.py", line 1064, in quic_event_received
    msg = self._moqt_handle_control_message(msg_buf)
          ^^^^^^^^^^^^^^^^^^^^^^^^^^^^^^^^^^^^^^^^^^
  File "/app/aiomoqt/protocol.py", line 433, in _moqt_handle_control_message
    msg = message_class.deserialize(buf, buf_end=end_pos)
          ^^^^^^^^^^^^^^^^^^^^^^^^^^^^^^^^^^^^^^^^^^^^^^^
  File "/app/aiomoqt/messages/session_setup.py", line 48, in deserialize
    params = MOQTMessage._deserialize_params(buf,
             ^^^^^^^^^^^^^^^^^^^^^^^^^^^^^^^^^^^^
  File "/app/aiomoqt/messages/base.py", line 489, in _deserialize_params
    param_value = buf.pull_uint_var()
                  ^^^^^^^^^^^^^^^^^^^
  File "src/aiopquic/_binding/_buffer.pyx", line 168, in aiopquic._binding._buffer.Buffer.pull_uint_var
  File "src/aiopquic/_binding/_buffer.pyx", line 170, in aiopquic._binding._buffer.Buffer.pull_uint_var
aiopquic._binding._buffer.BufferReadError: read out of bounds
2026-06-04 01:25:49.399 ERROR: MOQT error: closing: critical stream closed by remote peer: 4 (1)
2026-06-04 01:25:49.399 ERROR: MOQT error: session setup failed: False
  [FAIL] subscribe-before-announce: Failed: MOQTException: critical stream closed by remote peer: 4 (1)
Received a connection close request
Received a connection close request
Received a connection close request
Received a connection close request
Received a connection close request
Received a connection close request
TAP version 14
# date: 2026-06-04T01:25:48Z
# ended: 2026-06-04T01:25:49Z
# target: https://draft-16-manish.cloudflare.mediaoverquic.com:443/moq
# version: aiomoqt/0.9.5
1..6
not ok 1 - setup-only
  ---
  duration_ms: 162.6
  message: Failed: MOQTException: critical stream closed by remote peer: 4 (1)
  expected: SERVER_SETUP received
  received: MOQTException: critical stream closed by remote peer: 4 (1)
  ...
not ok 2 - announce-only
  ---
  duration_ms: 157.3
  message: Failed: MOQTException: critical stream closed by remote peer: 4 (1)
  expected: PUBLISH_NAMESPACE_OK
  received: MOQTException: critical stream closed by remote peer: 4 (1)
  ...
not ok 3 - publish-namespace-done
  ---
  duration_ms: 154.4
  message: Failed: MOQTException: critical stream closed by remote peer: 4 (1)
  expected: PUBLISH_NAMESPACE_OK + PUBLISH_NAMESPACE_DONE
  received: MOQTException: critical stream closed by remote peer: 4 (1)
  ...
not ok 4 - subscribe-error
  ---
  duration_ms: 157.4
  message: Failed: MOQTException: critical stream closed by remote peer: 4 (1)
  expected: error response
  received: MOQTException: critical stream closed by remote peer: 4 (1)
  ...
not ok 5 - announce-subscribe
  ---
  duration_ms: 152.1
  publisher_connection_id: unknown
  subscriber_connection_id: unknown
  message: Failed: MOQTException: critical stream closed by remote peer: 4 (1)
  received: MOQTException: critical stream closed by remote peer: 4 (1)
  ...
not ok 6 - subscribe-before-announce
  ---
  duration_ms: 158.2
  publisher_connection_id: unknown
  subscriber_connection_id: unknown
  message: Failed: MOQTException: critical stream closed by remote peer: 4 (1)
  received: MOQTException: critical stream closed by remote peer: 4 (1)
  ...
make[1]: *** [Makefile:121: test-external] Error 1
make[1]: Leaving directory '/home/runner/work/moq-interop-runner/moq-interop-runner/main'
