make[1]: Entering directory '/home/runner/work/moq-interop-runner/moq-interop-runner/main'
Running tests against moqt://lminiero.it:9000...
  Client: ghcr.io/englishm/moq-interop-runner-moq-test-client-draft-16:latest
docker run --rm \
	 \
	--network host \
	-e RELAY_URL=moqt://lminiero.it:9000 \
	-e TLS_DISABLE_VERIFY=false \
	ghcr.io/englishm/moq-interop-runner-moq-test-client-draft-16:latest
TAP version 14
# moq-test-client v0.1.0
# Relay: moqt://lminiero.it:9000
1..6
ok 1 - setup-only
  ---
  duration_ms: 497
  connection_id: 846eb93e8f1cdb96adb3cb1bcd21d906
  ...
ok 2 - announce-only
  ---
  duration_ms: 2818
  connection_id: b0a4f5df0109c8becbfe499650b2507c
  ...
ok 3 - subscribe-error
  ---
  duration_ms: 1013
  connection_id: b3e14aae4238fa667b9d6a47ff9ef363
  ...
ok 4 - announce-subscribe
  ---
  duration_ms: 4383
  publisher_connection_id: aecb80943a11034a6169b486c779a389
  subscriber_connection_id: 29959acefc79868cfdd1e7a2e3e5d748
  ...
ok 5 - subscribe-before-announce
  ---
  duration_ms: 4852
  subscriber_connection_id: a44a3c9aaa6b521a67c85d3a4cdcb84a
  publisher_connection_id: 550fc5843976180edcd751888f7aea02
  ...
ok 6 - publish-namespace-done
  ---
  duration_ms: 2932
  connection_id: 21f4dd0cb293d20aac0b70722b0469f8
  ...
make[1]: Leaving directory '/home/runner/work/moq-interop-runner/moq-interop-runner/main'
