make[1]: Entering directory '/home/runner/work/moq-interop-runner/moq-interop-runner/main'
Running tests against moqt://draft-16-manish.cloudflare.mediaoverquic.com:443...
  Client: ghcr.io/englishm/moq-interop-runner-moq-test-client-draft-16:latest
docker run --rm \
	 \
	--network host \
	-e RELAY_URL=moqt://draft-16-manish.cloudflare.mediaoverquic.com:443 \
	-e TLS_DISABLE_VERIFY=false \
	ghcr.io/englishm/moq-interop-runner-moq-test-client-draft-16:latest
TAP version 14
# moq-test-client v0.1.0
# Relay: moqt://draft-16-manish.cloudflare.mediaoverquic.com:443
1..6
ok 1 - setup-only
  ---
  duration_ms: 320
  connection_id: d9b850902eca3bbc5bbe4e202a56eb73
  ...
ok 2 - announce-only
  ---
  duration_ms: 2114
  connection_id: 3585b87718f16fad303bf3606b31c42c
  ...
ok 3 - subscribe-error
  ---
  duration_ms: 187
  connection_id: 69c9ce4ad49c555789ffb9f00d9223f1
  ...
ok 4 - announce-subscribe
  ---
  duration_ms: 289
  publisher_connection_id: 4c9dd0bf9fea7cb3590abef054274703
  subscriber_connection_id: f1b133b0eee2833865e63140be64fcc1
  ...
ok 5 - subscribe-before-announce
  ---
  duration_ms: 3735
  subscriber_connection_id: c6502a84e84393a8658b97205e2249eb
  publisher_connection_id: c732654a569abc7691bd49f99da6f2f4
  ...
ok 6 - publish-namespace-done
  ---
  duration_ms: 2233
  connection_id: 51813ae52fd19d27266a592cd1d7ff2a
  ...
make[1]: Leaving directory '/home/runner/work/moq-interop-runner/moq-interop-runner/main'
