make[1]: Entering directory '/home/runner/work/moq-interop-runner/moq-interop-runner/main'
Running tests against moqt://fb.mvfst.net:9448...
  Client: ghcr.io/englishm/moq-interop-runner-moq-test-client:latest
docker run --rm \
	 \
	--network host \
	-e RELAY_URL=moqt://fb.mvfst.net:9448 \
	-e TLS_DISABLE_VERIFY=1 \
	ghcr.io/englishm/moq-interop-runner-moq-test-client:latest
TAP version 14
# moq-test-client v0.1.0
# Relay: moqt://fb.mvfst.net:9448
1..6
ok 1 - setup-only
  ---
  duration_ms: 129
  connection_id: 50d00b00abcf064b14c37c3c8fef6167
  ...
ok 2 - announce-only
  ---
  duration_ms: 2128
  connection_id: 478467d95ab977023b882c75c3b96393
  ...
ok 3 - subscribe-error
  ---
  duration_ms: 195
  connection_id: 050d8fddcb71a41ec9aec0e9d594b1ad
  ...
ok 4 - announce-subscribe
  ---
  duration_ms: 3277
  publisher_connection_id: 182f3926b7cfae8cbb99db83fa651205
  subscriber_connection_id: 889ea807b8c25c68de52c3512b68ba33
  ...
ok 5 - subscribe-before-announce
  ---
  duration_ms: 3807
  subscriber_connection_id: 12dffaaacab370343fed60d96c7ddea0
  publisher_connection_id: 8fe2bd0125840b80d2f1ef0065593b13
  ...
ok 6 - publish-namespace-done
  ---
  duration_ms: 2312
  connection_id: 9319595052a54de98cfd9eea81e2b645
  ...
make[1]: Leaving directory '/home/runner/work/moq-interop-runner/moq-interop-runner/main'
