make[1]: Entering directory '/home/runner/work/moq-interop-runner/moq-interop-runner/main'
Running tests against https://draft-16-manish.cloudflare.mediaoverquic.com:443/moq...
  Client: ghcr.io/openmoq/moqx-interop-client:latest
docker run --rm \
	 \
	--network host \
	-e RELAY_URL=https://draft-16-manish.cloudflare.mediaoverquic.com:443/moq \
	-e TLS_DISABLE_VERIFY=false \
	ghcr.io/openmoq/moqx-interop-client:latest
TAP version 14
# moxygen interop test client
# Relay: https://draft-16-manish.cloudflare.mediaoverquic.com:443/moq
# Transport: WebTransport
1..6
W0604 01:07:12.305352     1 MoQWebTransportClient.cpp:173] WebTransport: No WT-Protocol header in response, will use legacy version negotiation
E0604 01:07:12.354954     1 MoQFramer.cpp:752] Server selected version draft-1 but we only offer draft-14 in legacy mode
E0604 01:07:12.354983     1 MoQCodec.cpp:126] Conn error=21
E0604 01:07:12.354988     1 MoQSession.cpp:4806] MoQCodec control stream parse error err=21
not ok 1 - setup-only
  ---
  duration_ms: 181
  error: coroutine operation cancelled
  ...
W0604 01:07:12.460817     1 MoQWebTransportClient.cpp:173] WebTransport: No WT-Protocol header in response, will use legacy version negotiation
E0604 01:07:12.509980     1 MoQFramer.cpp:752] Server selected version draft-1 but we only offer draft-14 in legacy mode
E0604 01:07:12.510014     1 MoQCodec.cpp:126] Conn error=21
E0604 01:07:12.510021     1 MoQSession.cpp:4806] MoQCodec control stream parse error err=21
not ok 2 - announce-only
  ---
  duration_ms: 154
  error: coroutine operation cancelled
  ...
W0604 01:07:12.647691     1 MoQWebTransportClient.cpp:173] WebTransport: No WT-Protocol header in response, will use legacy version negotiation
E0604 01:07:12.696703     1 MoQFramer.cpp:752] Server selected version draft-1 but we only offer draft-14 in legacy mode
E0604 01:07:12.696731     1 MoQCodec.cpp:126] Conn error=21
E0604 01:07:12.696737     1 MoQSession.cpp:4806] MoQCodec control stream parse error err=21
not ok 3 - subscribe-error
  ---
  duration_ms: 186
  error: coroutine operation cancelled
  ...
W0604 01:07:12.807405     1 MoQWebTransportClient.cpp:173] WebTransport: No WT-Protocol header in response, will use legacy version negotiation
E0604 01:07:12.857687     1 MoQFramer.cpp:752] Server selected version draft-1 but we only offer draft-14 in legacy mode
E0604 01:07:12.857722     1 MoQCodec.cpp:126] Conn error=21
E0604 01:07:12.857728     1 MoQSession.cpp:4806] MoQCodec control stream parse error err=21
not ok 4 - announce-subscribe
  ---
  duration_ms: 160
  error: coroutine operation cancelled
  ...
W0604 01:07:12.968514     1 MoQWebTransportClient.cpp:173] WebTransport: No WT-Protocol header in response, will use legacy version negotiation
E0604 01:07:13.019594     1 MoQFramer.cpp:752] Server selected version draft-1 but we only offer draft-14 in legacy mode
E0604 01:07:13.019625     1 MoQCodec.cpp:126] Conn error=21
E0604 01:07:13.019632     1 MoQSession.cpp:4806] MoQCodec control stream parse error err=21
not ok 5 - publish-namespace-done
  ---
  duration_ms: 161
  error: coroutine operation cancelled
  ...
W0604 01:07:13.133316     1 MoQWebTransportClient.cpp:173] WebTransport: No WT-Protocol header in response, will use legacy version negotiation
E0604 01:07:13.183825     1 MoQFramer.cpp:752] Server selected version draft-1 but we only offer draft-14 in legacy mode
E0604 01:07:13.183860     1 MoQCodec.cpp:126] Conn error=21
E0604 01:07:13.183864     1 MoQSession.cpp:4806] MoQCodec control stream parse error err=21
not ok 6 - subscribe-before-announce
  ---
  duration_ms: 164
  error: coroutine operation cancelled
  ...
make[1]: *** [Makefile:121: test-external] Error 1
make[1]: Leaving directory '/home/runner/work/moq-interop-runner/moq-interop-runner/main'
