make[1]: Entering directory '/home/runner/work/moq-interop-runner/moq-interop-runner/main'
Running tests against https://lminiero.it:9000...
  Client: ghcr.io/facebookexperimental/moxygen-interop-client:latest-amd64
docker run --rm \
	 \
	--network host \
	-e RELAY_URL=https://lminiero.it:9000 \
	-e TLS_DISABLE_VERIFY=false \
	ghcr.io/facebookexperimental/moxygen-interop-client:latest-amd64
TAP version 14
# moxygen interop test client
# Relay: https://lminiero.it:9000
# Transport: WebTransport
1..6
E0604 01:05:41.481841     1 MoQWebTransportClient.cpp:145] std::runtime_error: Error setting up WebTransport: proxygen::HTTPException: ingress timeout, streamID=0, timeout=2000ms
not ok 1 - setup-only
  ---
  duration_ms: 2202
  error: Error setting up WebTransport: proxygen::HTTPException: ingress timeout, streamID=0, timeout=2000ms
  ...
E0604 01:05:43.662306     1 MoQWebTransportClient.cpp:145] std::runtime_error: Error setting up WebTransport: proxygen::HTTPException: ingress timeout, streamID=0, timeout=2000ms
not ok 2 - announce-only
  ---
  duration_ms: 2180
  error: Error setting up WebTransport: proxygen::HTTPException: ingress timeout, streamID=0, timeout=2000ms
  ...
E0604 01:05:46.369400     1 MoQWebTransportClient.cpp:145] std::runtime_error: Error setting up WebTransport: proxygen::HTTPException: ingress timeout, streamID=0, timeout=2000ms
not ok 3 - subscribe-error
  ---
  duration_ms: 2706
  error: Error setting up WebTransport: proxygen::HTTPException: ingress timeout, streamID=0, timeout=2000ms
  ...
E0604 01:05:48.554373     1 MoQWebTransportClient.cpp:145] std::runtime_error: Error setting up WebTransport: proxygen::HTTPException: ingress timeout, streamID=0, timeout=2000ms
not ok 4 - announce-subscribe
  ---
  duration_ms: 2184
  error: Error setting up WebTransport: proxygen::HTTPException: ingress timeout, streamID=0, timeout=2000ms
  ...
E0604 01:05:50.739175     1 MoQWebTransportClient.cpp:145] std::runtime_error: Error setting up WebTransport: proxygen::HTTPException: ingress timeout, streamID=0, timeout=2000ms
not ok 5 - publish-namespace-done
  ---
  duration_ms: 2184
  error: Error setting up WebTransport: proxygen::HTTPException: ingress timeout, streamID=0, timeout=2000ms
  ...
E0604 01:05:52.923865     1 MoQWebTransportClient.cpp:145] std::runtime_error: Error setting up WebTransport: proxygen::HTTPException: ingress timeout, streamID=0, timeout=2000ms
not ok 6 - subscribe-before-announce
  ---
  duration_ms: 2184
  error: Error setting up WebTransport: proxygen::HTTPException: ingress timeout, streamID=0, timeout=2000ms
  ...
E20260604 01:05:53.923915     1 EventHandler.cpp:90] EventBase: failed to register event handler for fd 9: No such file or directory
E20260604 01:05:53.925375     1 EventHandler.cpp:90] EventBase: failed to register event handler for fd 10: No such file or directory
E20260604 01:05:53.925462     1 EventHandler.cpp:90] EventBase: failed to register event handler for fd 11: No such file or directory
E20260604 01:05:53.925532     1 EventHandler.cpp:90] EventBase: failed to register event handler for fd 12: No such file or directory
E20260604 01:05:53.925611     1 EventHandler.cpp:90] EventBase: failed to register event handler for fd 13: No such file or directory
E20260604 01:05:53.925688     1 EventHandler.cpp:90] EventBase: failed to register event handler for fd 14: No such file or directory
make[1]: *** [Makefile:121: test-external] Error 1
make[1]: Leaving directory '/home/runner/work/moq-interop-runner/moq-interop-runner/main'
