make[1]: Entering directory '/home/runner/work/moq-interop-runner/moq-interop-runner/main'
Running tests against https://draft-14.cloudflare.mediaoverquic.com:443/moq...
  Client: ghcr.io/englishm/moq-interop-runner-moq-test-client:latest
docker run --rm \
	--network host \
	-e RELAY_URL=https://draft-14.cloudflare.mediaoverquic.com:443/moq \
	-e TLS_DISABLE_VERIFY=false \
	ghcr.io/englishm/moq-interop-runner-moq-test-client:latest
TAP version 14
# moq-test-client v0.1.0
# Relay: https://draft-14.cloudflare.mediaoverquic.com/moq
1..6
ok 1 - setup-only
  ---
  duration_ms: 18
  connection_id: 667eff8aaaf1b1345d16ad2587759d79
  ...
ok 2 - announce-only
  ---
  duration_ms: 2010
  connection_id: 023dfba4bcf83523a02278e39eec30bc
  ...
ok 3 - subscribe-error
  ---
  duration_ms: 60
  connection_id: 1e5f97ec36e0f4242a5969070cf9d352
  ...
ok 4 - announce-subscribe
  ---
  duration_ms: 185
  publisher_connection_id: 27a4a3b08b839328d5d874417f1a2298
  subscriber_connection_id: 8f851bbe875e05cf1cf6ef2531f819e3
  ...
ok 5 - subscribe-before-announce
  ---
  duration_ms: 3555
  subscriber_connection_id: 31a99592547c69702a13dd9a832c2284
  publisher_connection_id: 0aca1c62bef395a8dc6fce315da01201
  ...
ok 6 - publish-namespace-done
  ---
  duration_ms: 2113
  connection_id: 38afac0aee3fa57c434e457ccbe125ac
  ...
make[1]: Leaving directory '/home/runner/work/moq-interop-runner/moq-interop-runner/main'
