make[1]: Entering directory '/home/runner/work/moq-interop-runner/moq-interop-runner/main'
Running tests against https://draft-16-manish.cloudflare.mediaoverquic.com:443/moq...
  Client: ghcr.io/englishm/moq-interop-runner-moq-test-client-draft-16:latest
docker run --rm \
	--network host \
	-e RELAY_URL=https://draft-16-manish.cloudflare.mediaoverquic.com:443/moq \
	-e TLS_DISABLE_VERIFY=false \
	ghcr.io/englishm/moq-interop-runner-moq-test-client-draft-16:latest
TAP version 14
# moq-test-client v0.1.0
# Relay: https://draft-16-manish.cloudflare.mediaoverquic.com/moq
1..6
ok 1 - setup-only
  ---
  duration_ms: 215
  connection_id: 0b5d5f5e4bbdb9f040cba493c22c846d
  ...
ok 2 - announce-only
  ---
  duration_ms: 2215
  connection_id: f5cb95d542ca4d2b8844963976161678
  ...
[2026-03-11T00:22:13Z ERROR moq_transport::session::reader] [READER] decode: ERROR decoding moq_transport::message::Message - FieldBoundsExceeded("ReasonPhrase") (buffer_len=57)
not ok 3 - subscribe-error
  ---
  duration_ms: 244
  message: "session error: decode error: field 'ReasonPhrase' too large: field 'ReasonPhrase' too large"
  ...
[2026-03-11T00:22:14Z ERROR moq_transport::session::reader] [READER] decode: ERROR decoding moq_transport::message::Message - FieldBoundsExceeded("ReasonPhrase") (buffer_len=57)
not ok 4 - announce-subscribe
  ---
  duration_ms: 480
  message: "subscriber session error: decode error: field 'ReasonPhrase' too large: field 'ReasonPhrase' too large"
  ...
[2026-03-11T00:22:14Z ERROR moq_transport::session::reader] [READER] decode: ERROR decoding moq_transport::message::Message - FieldBoundsExceeded("ReasonPhrase") (buffer_len=57)
ok 5 - subscribe-before-announce
  ---
  duration_ms: 3897
  subscriber_connection_id: 7ae423e53cb352ce439c3d0bd9807a62
  publisher_connection_id: 1cd19e73c593d5d3cf3a215ea2681115
  ...
ok 6 - publish-namespace-done
  ---
  duration_ms: 2297
  connection_id: 582712411ce5fe2e023e776061ede0a6
  ...
make[1]: *** [Makefile:91: test-external] Error 1
make[1]: Leaving directory '/home/runner/work/moq-interop-runner/moq-interop-runner/main'
