make[1]: Entering directory '/home/runner/work/moq-interop-runner/moq-interop-runner/main'
Running tests against https://fb.mvfst.net:9448/moq-relay...
  Client: ghcr.io/englishm/moq-interop-runner-moq-test-client:latest
docker run --rm \
	--network host \
	-e RELAY_URL=https://fb.mvfst.net:9448/moq-relay \
	-e TLS_DISABLE_VERIFY=1 \
	ghcr.io/englishm/moq-interop-runner-moq-test-client:latest
TAP version 14
# moq-test-client v0.1.0
# Relay: https://fb.mvfst.net:9448/moq-relay
1..6
ok 1 - setup-only
  ---
  duration_ms: 194
  connection_id: ab219ec82cdf5bc61ee4bf0e50648359
  ...
ok 2 - announce-only
  ---
  duration_ms: 2084
  connection_id: d6b885df6d6c9bea0b2b4ce6a0e5b76a
  ...
ok 3 - subscribe-error
  ---
  duration_ms: 185
  connection_id: 3d7f00be2426dac18d606d8d4f7c8971
  ...
ok 4 - announce-subscribe
  ---
  duration_ms: 3134
  publisher_connection_id: de10199888142609334f84ce8ee83938
  subscriber_connection_id: 1153b9610b1a82b939bd26b9379bbf70
  ...
ok 5 - subscribe-before-announce
  ---
  duration_ms: 3708
  subscriber_connection_id: 9298f1cd5f1926b5f0e85b969c62353a
  publisher_connection_id: b3fbf8d2a3537ab4c9a50ca89e837a56
  ...
ok 6 - publish-namespace-done
  ---
  duration_ms: 2159
  connection_id: d02280c9f9c136bd7457af5fb958ce84
  ...
make[1]: Leaving directory '/home/runner/work/moq-interop-runner/moq-interop-runner/main'
