make[1]: Entering directory '/home/runner/work/moq-interop-runner/moq-interop-runner/main'
Running tests against https://draft-14.cloudflare.mediaoverquic.com:443/moq...
  Client: ghcr.io/englishm/moq-interop-runner-moq-test-client:latest
docker run --rm \
	--network host \
	-e RELAY_URL=https://draft-14.cloudflare.mediaoverquic.com:443/moq \
	-e TLS_DISABLE_VERIFY=false \
	ghcr.io/englishm/moq-interop-runner-moq-test-client:latest
TAP version 14
# moq-test-client v0.1.0
# Relay: https://draft-14.cloudflare.mediaoverquic.com/moq
1..6
ok 1 - setup-only
  ---
  duration_ms: 14
  connection_id: 5e38c444de7ffca144e6153573ce4faa
  ...
ok 2 - announce-only
  ---
  duration_ms: 2036
  connection_id: 8aec962392d7d62f683c53ebcb35f641
  ...
ok 3 - subscribe-error
  ---
  duration_ms: 98
  connection_id: 16e80c307a12f41cbcb0385fc96e8826
  ...
ok 4 - announce-subscribe
  ---
  duration_ms: 430
  publisher_connection_id: 79d40f596a7c9617a5c3df31effc9eca
  subscriber_connection_id: c38e8006bc5eb3dbec83e7234fcf99ba
  ...
ok 5 - subscribe-before-announce
  ---
  duration_ms: 3529
  subscriber_connection_id: 066d1b3b3c1373f801476b0646b30661
  publisher_connection_id: a723c2491a7e012ef239062eb2787442
  ...
ok 6 - publish-namespace-done
  ---
  duration_ms: 2144
  connection_id: 11a9ee2bb7d0d20c45958848e99d418e
  ...
make[1]: Leaving directory '/home/runner/work/moq-interop-runner/moq-interop-runner/main'
