make[1]: Entering directory '/home/runner/work/moq-interop-runner/moq-interop-runner/main'
Running tests against moqt://us-west-2.relay.quicr.org:33437...
  Client: ghcr.io/englishm/moq-interop-runner-moq-test-client:latest
docker run --rm \
	--network host \
	-e RELAY_URL=moqt://us-west-2.relay.quicr.org:33437 \
	-e TLS_DISABLE_VERIFY=1 \
	ghcr.io/englishm/moq-interop-runner-moq-test-client:latest
TAP version 14
# moq-test-client v0.1.0
# Relay: moqt://us-west-2.relay.quicr.org:33437
1..6
ok 1 - setup-only
  ---
  duration_ms: 326
  connection_id: 227959e1696e887d1218c5fd2a9c11c6
  ...
ok 2 - announce-only
  ---
  duration_ms: 2176
  connection_id: 42442eb7e1d3eedef40543877da95a9d
  ...
not ok 3 - subscribe-error
  ---
  duration_ms: 10001
  message: "test timed out: deadline has elapsed"
  ...
ok 4 - announce-subscribe
  ---
  duration_ms: 3248
  publisher_connection_id: cf716542490232f23d1392454fb6dc10
  subscriber_connection_id: 25fe9071147ef3847791c02f8a514739
  ...
ok 5 - subscribe-before-announce
  ---
  duration_ms: 4729
  subscriber_connection_id: 6ece7bcf1e3b23c63199b8a798dd0e87
  publisher_connection_id: 9099b2d201064bb7d1278be6256a21a1
  ...
ok 6 - publish-namespace-done
  ---
  duration_ms: 2385
  connection_id: c6fd6e02fac31406aee21923f7f53d28
  ...
make[1]: *** [Makefile:91: test-external] Error 1
make[1]: Leaving directory '/home/runner/work/moq-interop-runner/moq-interop-runner/main'
