make[1]: Entering directory '/home/runner/work/moq-interop-runner/moq-interop-runner/main'
Running tests against moqt://draft-14.cloudflare.mediaoverquic.com:443...
  Client: ghcr.io/englishm/moq-interop-runner-moq-test-client:latest
docker run --rm \
	--network host \
	-e RELAY_URL=moqt://draft-14.cloudflare.mediaoverquic.com:443 \
	-e TLS_DISABLE_VERIFY=false \
	ghcr.io/englishm/moq-interop-runner-moq-test-client:latest
TAP version 14
# moq-test-client v0.1.0
# Relay: moqt://draft-14.cloudflare.mediaoverquic.com:443
1..6
ok 1 - setup-only
  ---
  duration_ms: 168
  connection_id: 612a5484c3b1267a9645eb4a21b328ce
  ...
ok 2 - announce-only
  ---
  duration_ms: 2021
  connection_id: 5c51f3779ea578debd09108c5ad9e312
  ...
ok 3 - subscribe-error
  ---
  duration_ms: 289
  connection_id: 99746f15e545e5dd0aa176e3d6be5873
  ...
ok 4 - announce-subscribe
  ---
  duration_ms: 527
  publisher_connection_id: 9865fb35f3198894cecbc689f6046df7
  subscriber_connection_id: 45643de2a431a3f518c9f6b43655b54f
  ...
ok 5 - subscribe-before-announce
  ---
  duration_ms: 3560
  subscriber_connection_id: 2b73a68222bef460879adc37cc736e77
  publisher_connection_id: 878300a898701ea01cf479ec9b35056f
  ...
ok 6 - publish-namespace-done
  ---
  duration_ms: 2121
  connection_id: a05e1d77976e650ad7123e175ae98e74
  ...
make[1]: Leaving directory '/home/runner/work/moq-interop-runner/moq-interop-runner/main'
