make[1]: Entering directory '/home/runner/work/moq-interop-runner/moq-interop-runner/main'
Running tests against https://lminiero.it:9000...
  Client: moq-test-client:latest
docker run --rm \
	--network host \
	-e RELAY_URL=https://lminiero.it:9000 \
	-e TLS_DISABLE_VERIFY=1 \
	moq-test-client:latest
TAP version 14
# moq-test-client v0.1.0
# Relay: https://lminiero.it:9000/
1..6
not ok 1 - setup-only
  ---
  duration_ms: 10000
  message: "test timed out: deadline has elapsed"
  ...
ok 2 - announce-only
  ---
  duration_ms: 2644
  connection_id: 02358f3af516152f1e4515def255d998
  ...
ok 3 - subscribe-error
  ---
  duration_ms: 844
  connection_id: faff19a39289c0955fe2880ddc919089
  ...
ok 4 - announce-subscribe
  ---
  duration_ms: 1159
  publisher_connection_id: 95a98b3ed864b0c1ec0eb9274bb87921
  subscriber_connection_id: b3182bd85884ecf57d593b606d50e76c
  ...
ok 5 - subscribe-before-announce
  ---
  duration_ms: 4780
  subscriber_connection_id: f3603e93860d5796147addd19dfa7327
  publisher_connection_id: 039ab9e777121308798fa60c929499aa
  ...
ok 6 - publish-namespace-done
  ---
  duration_ms: 2727
  connection_id: f8a975a3e31f6f66db73578fcaaa1700
  ...
make[1]: *** [Makefile:91: test-external] Error 1
make[1]: Leaving directory '/home/runner/work/moq-interop-runner/moq-interop-runner/main'
