make[1]: Entering directory '/home/runner/work/moq-interop-runner/moq-interop-runner/main'
Running tests against https://fb.mvfst.net:9448/moq-relay...
  Client: ghcr.io/englishm/moq-interop-runner-moq-test-client:latest
docker run --rm \
	--network host \
	-e RELAY_URL=https://fb.mvfst.net:9448/moq-relay \
	-e TLS_DISABLE_VERIFY=1 \
	ghcr.io/englishm/moq-interop-runner-moq-test-client:latest
TAP version 14
# moq-test-client v0.1.0
# Relay: https://fb.mvfst.net:9448/moq-relay
1..6
ok 1 - setup-only
  ---
  duration_ms: 171
  connection_id: ea43009c5b2b4f96ff631a66dcf501b1
  ...
ok 2 - announce-only
  ---
  duration_ms: 2217
  connection_id: 8e530972ca2e0ff70cc1bc508c8945be
  ...
ok 3 - subscribe-error
  ---
  duration_ms: 207
  connection_id: 1f4d780672d7ef657cd19d563910b2b9
  ...
ok 4 - announce-subscribe
  ---
  duration_ms: 3449
  publisher_connection_id: c8f4dc5f6a586801c21fc1276f9ab975
  subscriber_connection_id: ed49e5e3bbc66a2fe867c4252014e984
  ...
ok 5 - subscribe-before-announce
  ---
  duration_ms: 3882
  subscriber_connection_id: 574312ca47ed0e7a89767d2c890deee9
  publisher_connection_id: 5c1dd01b4e05510ff6ab9cdb0c9887b3
  ...
ok 6 - publish-namespace-done
  ---
  duration_ms: 2175
  connection_id: 320196b8288c122a1b8adce5669b6312
  ...
make[1]: Leaving directory '/home/runner/work/moq-interop-runner/moq-interop-runner/main'
