make[1]: Entering directory '/home/runner/work/moq-interop-runner/moq-interop-runner/main'
Running tests against https://draft-14.cloudflare.mediaoverquic.com:443/moq...
  Client: ghcr.io/englishm/moq-interop-runner-moq-test-client:latest
docker run --rm \
	--network host \
	-e RELAY_URL=https://draft-14.cloudflare.mediaoverquic.com:443/moq \
	-e TLS_DISABLE_VERIFY=false \
	ghcr.io/englishm/moq-interop-runner-moq-test-client:latest
TAP version 14
# moq-test-client v0.1.0
# Relay: https://draft-14.cloudflare.mediaoverquic.com/moq
1..6
ok 1 - setup-only
  ---
  duration_ms: 51
  connection_id: 035ac87f13eb690baed52d7924b2d0e2
  ...
ok 2 - announce-only
  ---
  duration_ms: 2076
  connection_id: d8e3f8cb3d0c3f3f73b801521ff0b430
  ...
ok 3 - subscribe-error
  ---
  duration_ms: 146
  connection_id: cc6a2ce27bc75cfdd9887d6a0be70736
  ...
ok 4 - announce-subscribe
  ---
  duration_ms: 3144
  publisher_connection_id: 20ba2647595b30357282c86fd622302c
  subscriber_connection_id: 51b959837484375ca8dfde1186dbf07d
  ...
ok 5 - subscribe-before-announce
  ---
  duration_ms: 3664
  subscriber_connection_id: c2b5be41ca8ebd1da17605123ba554a3
  publisher_connection_id: d039d5692483b615c941785bed92df61
  ...
ok 6 - publish-namespace-done
  ---
  duration_ms: 2158
  connection_id: f11015558d3bd8507229a9e9f049cecd
  ...
make[1]: Leaving directory '/home/runner/work/moq-interop-runner/moq-interop-runner/main'
