make[1]: Entering directory '/home/runner/work/moq-interop-runner/moq-interop-runner/main'
Running tests against moqt://draft-16-manish.cloudflare.mediaoverquic.com:443...
  Client: ghcr.io/englishm/moq-interop-runner-moq-test-client-draft-16:latest
docker run --rm \
	--network host \
	-e RELAY_URL=moqt://draft-16-manish.cloudflare.mediaoverquic.com:443 \
	-e TLS_DISABLE_VERIFY=false \
	ghcr.io/englishm/moq-interop-runner-moq-test-client-draft-16:latest
TAP version 14
# moq-test-client v0.1.0
# Relay: moqt://draft-16-manish.cloudflare.mediaoverquic.com:443
1..6
ok 1 - setup-only
  ---
  duration_ms: 333
  connection_id: e65c36212ee4defdc62fe68256d88083
  ...
ok 2 - announce-only
  ---
  duration_ms: 2205
  connection_id: e84ff739137d19e1c92a874032bf7974
  ...
ok 3 - subscribe-error
  ---
  duration_ms: 159
  connection_id: f24357f83d3ded6a598d4a0bab3d9871
  ...
ok 4 - announce-subscribe
  ---
  duration_ms: 3419
  publisher_connection_id: 5b9719482b8f38940a11d6520717f4f0
  subscriber_connection_id: 7ecd1d4ef057af13e1c0b75097882011
  ...
ok 5 - subscribe-before-announce
  ---
  duration_ms: 3822
  subscriber_connection_id: b8d2d01ec50ad566fc2cc63f477046f9
  publisher_connection_id: 84cdbe7edb7f11bca2b149911f71c621
  ...
ok 6 - publish-namespace-done
  ---
  duration_ms: 2210
  connection_id: ef7a063517311a5b39991b48e3c08015
  ...
make[1]: Leaving directory '/home/runner/work/moq-interop-runner/moq-interop-runner/main'
