make[1]: Entering directory '/home/runner/work/moq-interop-runner/moq-interop-runner/main'
Running tests against https://moqx-000.ci.openmoq.org:4433/moq-relay...
  Client: ghcr.io/englishm/moq-interop-runner-moq-test-client:latest
docker run --rm \
	--network host \
	-e RELAY_URL=https://moqx-000.ci.openmoq.org:4433/moq-relay \
	-e TLS_DISABLE_VERIFY=false \
	ghcr.io/englishm/moq-interop-runner-moq-test-client:latest
TAP version 14
# moq-test-client v0.1.0
# Relay: https://moqx-000.ci.openmoq.org:4433/moq-relay
1..6
ok 1 - setup-only
  ---
  duration_ms: 241
  connection_id: f9c9cc4c8aeb44bb51222d1676e9d1e9
  ...
ok 2 - announce-only
  ---
  duration_ms: 2169
  connection_id: ecf78e1675870b369c68c3251c53cf76
  ...
ok 3 - subscribe-error
  ---
  duration_ms: 199
  connection_id: de0186fb512ddd0c447d2d0d27060702
  ...
ok 4 - announce-subscribe
  ---
  duration_ms: 3316
  publisher_connection_id: 91fbecb9158588a3425e28b8dfef322e
  subscriber_connection_id: d5506ad1e17401074745301b529f843a
  ...
ok 5 - subscribe-before-announce
  ---
  duration_ms: 3827
  subscriber_connection_id: eb1b0b85a951fe732142ee7e3328a155
  publisher_connection_id: 8fc7c8e1d2ea062b344c25c9d82abe6f
  ...
ok 6 - publish-namespace-done
  ---
  duration_ms: 2254
  connection_id: 2600872d3731ea93e149446e564b671b
  ...
make[1]: Leaving directory '/home/runner/work/moq-interop-runner/moq-interop-runner/main'
