make[1]: Entering directory '/home/runner/work/moq-interop-runner/moq-interop-runner/main'
Running tests against https://draft-14.cloudflare.mediaoverquic.com:443/moq...
  Client: ghcr.io/englishm/moq-interop-runner-moq-test-client:latest
docker run --rm \
	--network host \
	-e RELAY_URL=https://draft-14.cloudflare.mediaoverquic.com:443/moq \
	-e TLS_DISABLE_VERIFY=false \
	ghcr.io/englishm/moq-interop-runner-moq-test-client:latest
TAP version 14
# moq-test-client v0.1.0
# Relay: https://draft-14.cloudflare.mediaoverquic.com/moq
1..6
ok 1 - setup-only
  ---
  duration_ms: 52
  connection_id: ddf890aeadd41a82ccb76f1c06c4afd5
  ...
ok 2 - announce-only
  ---
  duration_ms: 2058
  connection_id: 739b023807dbb8975625763ce5ffe378
  ...
ok 3 - subscribe-error
  ---
  duration_ms: 146
  connection_id: 975df248f135f144316f68872d583cea
  ...
ok 4 - announce-subscribe
  ---
  duration_ms: 165
  publisher_connection_id: ca522a73b300fffd13651d94a2395c11
  subscriber_connection_id: 130ea279fc2859f91d10a4af339563d0
  ...
not ok 5 - subscribe-before-announce
  ---
  duration_ms: 650
  message: "publisher announce failed: serve error: closed, code=0: closed, code=0"
  ...
not ok 6 - publish-namespace-done
  ---
  duration_ms: 101
  message: "announce failed: serve error: closed, code=0: closed, code=0"
  ...
make[1]: *** [Makefile:91: test-external] Error 1
make[1]: Leaving directory '/home/runner/work/moq-interop-runner/moq-interop-runner/main'
