make[1]: Entering directory '/home/runner/work/moq-interop-runner/moq-interop-runner/main'
Running tests against moqt://lminiero.it:9000...
  Client: ghcr.io/englishm/moq-interop-runner-moq-test-client-draft-16:latest
docker run --rm \
	--network host \
	-e RELAY_URL=moqt://lminiero.it:9000 \
	-e TLS_DISABLE_VERIFY=false \
	ghcr.io/englishm/moq-interop-runner-moq-test-client-draft-16:latest
TAP version 14
# moq-test-client v0.1.0
# Relay: moqt://lminiero.it:9000
1..6
ok 1 - setup-only
  ---
  duration_ms: 769
  connection_id: bc6e97c2a42039c28a1d7229db7d07bf
  ...
ok 2 - announce-only
  ---
  duration_ms: 2481
  connection_id: d5f993c337af694b1a399dcc1930faf4
  ...
ok 3 - subscribe-error
  ---
  duration_ms: 631
  connection_id: e85ee2e6d93bfb9d517dbaea6e228615
  ...
ok 4 - announce-subscribe
  ---
  duration_ms: 4391
  publisher_connection_id: 6377855c671b664c44037646eb7c52e3
  subscriber_connection_id: 8b8c43424a1bb39d681ab2d30a5a70a3
  ...
ok 5 - subscribe-before-announce
  ---
  duration_ms: 4760
  subscriber_connection_id: 1dfcd6fd8d345c2e3238b5fbd1c8e6b1
  publisher_connection_id: 014e9f47b19036e8e54e3dfd1c095114
  ...
ok 6 - publish-namespace-done
  ---
  duration_ms: 2566
  connection_id: f82ddb0bf2259669646626a86cd20054
  ...
make[1]: Leaving directory '/home/runner/work/moq-interop-runner/moq-interop-runner/main'
