make[1]: Entering directory '/home/runner/work/moq-interop-runner/moq-interop-runner/main'
Running tests against https://fb.mvfst.net:9448/moq-relay...
  Client: ghcr.io/englishm/moq-interop-runner-moq-test-client:latest
docker run --rm \
	--network host \
	-e RELAY_URL=https://fb.mvfst.net:9448/moq-relay \
	-e TLS_DISABLE_VERIFY=1 \
	ghcr.io/englishm/moq-interop-runner-moq-test-client:latest
TAP version 14
# moq-test-client v0.1.0
# Relay: https://fb.mvfst.net:9448/moq-relay
1..6
ok 1 - setup-only
  ---
  duration_ms: 215
  connection_id: 724ad2edd8f22e7527367ec804deeaa0
  ...
ok 2 - announce-only
  ---
  duration_ms: 2219
  connection_id: d575eb5ede52134810fd71ae342566fb
  ...
ok 3 - subscribe-error
  ---
  duration_ms: 288
  connection_id: 4483f1aa9cb3172c41334e1cefa7abc7
  ...
ok 4 - announce-subscribe
  ---
  duration_ms: 3457
  publisher_connection_id: 9ed148e83207fe848ab25f4f17ef8f69
  subscriber_connection_id: 125d76dba112f49dea18849bbd51d8a0
  ...
ok 5 - subscribe-before-announce
  ---
  duration_ms: 3892
  subscriber_connection_id: ee7ab6269d9d0388bd4ef34607ec57be
  publisher_connection_id: 92ebea3523190c4e5c1719a317b52ea3
  ...
ok 6 - publish-namespace-done
  ---
  duration_ms: 2292
  connection_id: 2319c6d817af981da4b7137df99b711e
  ...
make[1]: Leaving directory '/home/runner/work/moq-interop-runner/moq-interop-runner/main'
