make[1]: Entering directory '/home/runner/work/moq-interop-runner/moq-interop-runner/main'
Running tests against moqt://fb.mvfst.net:9448...
  Client: ghcr.io/englishm/moq-interop-runner-moq-test-client-draft-16:latest
docker run --rm \
	--network host \
	-e RELAY_URL=moqt://fb.mvfst.net:9448 \
	-e TLS_DISABLE_VERIFY=1 \
	ghcr.io/englishm/moq-interop-runner-moq-test-client-draft-16:latest
TAP version 14
# moq-test-client v0.1.0
# Relay: moqt://fb.mvfst.net:9448
1..6
ok 1 - setup-only
  ---
  duration_ms: 178
  connection_id: 43c23f5f2fbd71bf4ee9655b61ac50a1
  ...
ok 2 - announce-only
  ---
  duration_ms: 2073
  connection_id: b51db1c5ba26802a90759fc942f6b1f5
  ...
ok 3 - subscribe-error
  ---
  duration_ms: 80
  connection_id: e28bd4e0600ee3b3ef31334253f3cad9
  ...
ok 4 - announce-subscribe
  ---
  duration_ms: 82
  publisher_connection_id: 7170bc4c400c3ee11eb02f9fced04b11
  subscriber_connection_id: 598d34efeb48930079423d9f43f188f3
  ...
ok 5 - subscribe-before-announce
  ---
  duration_ms: 3573
  subscriber_connection_id: ca1e8356892d18ba69fe2f37d0803caf
  publisher_connection_id: f87901241b1608eb9e3b0f259949597f
  ...
ok 6 - publish-namespace-done
  ---
  duration_ms: 2138
  connection_id: af22e69efa17b48ce6b56e3c2dce094c
  ...
make[1]: Leaving directory '/home/runner/work/moq-interop-runner/moq-interop-runner/main'
