make[1]: Entering directory '/home/runner/work/moq-interop-runner/moq-interop-runner/main'
Running tests against moqt://us-west-2.relay.quicr.org:33437...
  Client: ghcr.io/englishm/moq-interop-runner-moq-test-client:latest
docker run --rm \
	--network host \
	-e RELAY_URL=moqt://us-west-2.relay.quicr.org:33437 \
	-e TLS_DISABLE_VERIFY=1 \
	ghcr.io/englishm/moq-interop-runner-moq-test-client:latest
TAP version 14
# moq-test-client v0.1.0
# Relay: moqt://us-west-2.relay.quicr.org:33437
1..6
ok 1 - setup-only
  ---
  duration_ms: 125
  connection_id: 3de447e509a1525a2cb96199bf3abe7a
  ...
ok 2 - announce-only
  ---
  duration_ms: 2240
  connection_id: ce82c5ae9422676060e6cb5744c86b11
  ...
not ok 3 - subscribe-error
  ---
  duration_ms: 10000
  message: "test timed out: deadline has elapsed"
  ...
ok 4 - announce-subscribe
  ---
  duration_ms: 3315
  publisher_connection_id: 3d08ea3ebb1eed6e1382cf6cfc46c604
  subscriber_connection_id: 14d319babb71c4560144753b136d2d01
  ...
ok 5 - subscribe-before-announce
  ---
  duration_ms: 9360
  subscriber_connection_id: 7290fbeb285f344a4054afa0af25d70c
  publisher_connection_id: 863b6ce5d7531dd90df5a4c6403215b6
  ...
ok 6 - publish-namespace-done
  ---
  duration_ms: 2227
  connection_id: 180b05fbef3b9261cc1f224b3ae006ee
  ...
make[1]: *** [Makefile:91: test-external] Error 1
make[1]: Leaving directory '/home/runner/work/moq-interop-runner/moq-interop-runner/main'
