make[1]: Entering directory '/home/runner/work/moq-interop-runner/moq-interop-runner/main'
Running tests against https://us-west-2.relay.quicr.org:33437/relay...
  Client: ghcr.io/englishm/moq-interop-runner-moq-test-client:latest
docker run --rm \
	--network host \
	-e RELAY_URL=https://us-west-2.relay.quicr.org:33437/relay \
	-e TLS_DISABLE_VERIFY=1 \
	ghcr.io/englishm/moq-interop-runner-moq-test-client:latest
TAP version 14
# moq-test-client v0.1.0
# Relay: https://us-west-2.relay.quicr.org:33437/relay
1..6
ok 1 - setup-only
  ---
  duration_ms: 359
  connection_id: b24d226bb7ffd6ab3b6de6f784db1006
  ...
ok 2 - announce-only
  ---
  duration_ms: 2202
  connection_id: e5d70118db9f4f078dc16cba622b90f3
  ...
not ok 3 - subscribe-error
  ---
  duration_ms: 10000
  message: "test timed out: deadline has elapsed"
  ...
ok 4 - announce-subscribe
  ---
  duration_ms: 3649
  publisher_connection_id: 8da07febe15bb1efddad964243ffff33
  subscriber_connection_id: c57fe1064ce27f7fe6a1d8ddbab02279
  ...
ok 5 - subscribe-before-announce
  ---
  duration_ms: 5008
  subscriber_connection_id: c57d4116f2275c6d3ecca84885919a15
  publisher_connection_id: 18959569ddc4a2ec9c5b930735e5325c
  ...
ok 6 - publish-namespace-done
  ---
  duration_ms: 2341
  connection_id: 4e560ab9241e36845720bf50dc4bf5f6
  ...
make[1]: *** [Makefile:91: test-external] Error 1
make[1]: Leaving directory '/home/runner/work/moq-interop-runner/moq-interop-runner/main'
