make[1]: Entering directory '/home/runner/work/moq-interop-runner/moq-interop-runner/main'
Running tests against moqt://draft-14.cloudflare.mediaoverquic.com:443...
  Client: ghcr.io/englishm/moq-interop-runner-moq-test-client:latest
docker run --rm \
	--network host \
	-e RELAY_URL=moqt://draft-14.cloudflare.mediaoverquic.com:443 \
	-e TLS_DISABLE_VERIFY=false \
	ghcr.io/englishm/moq-interop-runner-moq-test-client:latest
TAP version 14
# moq-test-client v0.1.0
# Relay: moqt://draft-14.cloudflare.mediaoverquic.com:443
1..6
ok 1 - setup-only
  ---
  duration_ms: 84
  connection_id: 9b2d76df30c9b1896777f272554befd2
  ...
ok 2 - announce-only
  ---
  duration_ms: 2049
  connection_id: 723063ffb9fcd0f8db1ad6782e36cbdc
  ...
ok 3 - subscribe-error
  ---
  duration_ms: 332
  connection_id: adc2b4fba983d146d6ba006a363ccd72
  ...
ok 4 - announce-subscribe
  ---
  duration_ms: 1243
  publisher_connection_id: 6aef9113850d3d9cf76e4cc5b4a0b406
  subscriber_connection_id: fa9e92b992180c3cc30e04a5df214b82
  ...
ok 5 - subscribe-before-announce
  ---
  duration_ms: 3603
  subscriber_connection_id: 744d98951088d6d37575fa981c5ce3fc
  publisher_connection_id: 5b861d4ef295f49b133b1e132069ac0e
  ...
ok 6 - publish-namespace-done
  ---
  duration_ms: 2153
  connection_id: 093a4d4084b036546dffc561e6fc02f7
  ...
make[1]: Leaving directory '/home/runner/work/moq-interop-runner/moq-interop-runner/main'
