make[1]: Entering directory '/home/runner/work/moq-interop-runner/moq-interop-runner/main'
Running tests against https://draft-14.cloudflare.mediaoverquic.com:443/moq...
  Client: ghcr.io/englishm/moq-interop-runner-moq-test-client:latest
docker run --rm \
	--network host \
	-e RELAY_URL=https://draft-14.cloudflare.mediaoverquic.com:443/moq \
	-e TLS_DISABLE_VERIFY=false \
	ghcr.io/englishm/moq-interop-runner-moq-test-client:latest
TAP version 14
# moq-test-client v0.1.0
# Relay: https://draft-14.cloudflare.mediaoverquic.com/moq
1..6
ok 1 - setup-only
  ---
  duration_ms: 15
  connection_id: a30235cca7b210336ec1a319447d1433
  ...
ok 2 - announce-only
  ---
  duration_ms: 2030
  connection_id: 8b988bd02afc39a7ceaa8f044e9f7728
  ...
ok 3 - subscribe-error
  ---
  duration_ms: 139
  connection_id: 6f0546a1ce9f6de2a5b163506c459ec8
  ...
ok 4 - announce-subscribe
  ---
  duration_ms: 181
  publisher_connection_id: 6d244ca060e3a18f09e350b2db3c89c2
  subscriber_connection_id: b79c275c4cfd76520f31f5e17a95f41e
  ...
ok 5 - subscribe-before-announce
  ---
  duration_ms: 3530
  subscriber_connection_id: 8ae2eb9bf338d421fd6892f7e172601e
  publisher_connection_id: 3c405c3ffb6d803416156eaa6d4dd65b
  ...
ok 6 - publish-namespace-done
  ---
  duration_ms: 2118
  connection_id: 9759bc3c05d70f163768cf571aeb83b8
  ...
make[1]: Leaving directory '/home/runner/work/moq-interop-runner/moq-interop-runner/main'
