make[1]: Entering directory '/home/runner/work/moq-interop-runner/moq-interop-runner/main'
Running tests against moqt://lminiero.it:9000...
  Client: ghcr.io/englishm/moq-interop-runner-moq-test-client-draft-16:latest
docker run --rm \
	--network host \
	-e RELAY_URL=moqt://lminiero.it:9000 \
	-e TLS_DISABLE_VERIFY=false \
	ghcr.io/englishm/moq-interop-runner-moq-test-client-draft-16:latest
TAP version 14
# moq-test-client v0.1.0
# Relay: moqt://lminiero.it:9000
1..6
ok 1 - setup-only
  ---
  duration_ms: 583
  connection_id: 0e53f2db6707509bfcd0bbe40aa3e25c
  ...
ok 2 - announce-only
  ---
  duration_ms: 2480
  connection_id: fbff50a1b9ab460e6376735fc63adef5
  ...
ok 3 - subscribe-error
  ---
  duration_ms: 480
  connection_id: f310dede0fa1eb1ebec7150458b72cd7
  ...
ok 4 - announce-subscribe
  ---
  duration_ms: 3842
  publisher_connection_id: f8d1fca19268bddbd355e8332be2ae70
  subscriber_connection_id: d8a27dd6fe50d63ae20338f1b641f9fd
  ...
ok 5 - subscribe-before-announce
  ---
  duration_ms: 5342
  subscriber_connection_id: d4f930b7afef7ec13b63e0f99a317815
  publisher_connection_id: 885210a18c7aa0e607a2daacaee43c5b
  ...
ok 6 - publish-namespace-done
  ---
  duration_ms: 2698
  connection_id: 6d5fa4dacb233c80f4fc2658663440f8
  ...
make[1]: Leaving directory '/home/runner/work/moq-interop-runner/moq-interop-runner/main'
