make[1]: Entering directory '/home/runner/work/moq-interop-runner/moq-interop-runner/main'
Running tests against moqt://fb.mvfst.net:9448...
  Client: ghcr.io/englishm/moq-interop-runner-moq-test-client:latest
docker run --rm \
	--network host \
	-e RELAY_URL=moqt://fb.mvfst.net:9448 \
	-e TLS_DISABLE_VERIFY=1 \
	ghcr.io/englishm/moq-interop-runner-moq-test-client:latest
TAP version 14
# moq-test-client v0.1.0
# Relay: moqt://fb.mvfst.net:9448
1..6
ok 1 - setup-only
  ---
  duration_ms: 89
  connection_id: 59b52fc7e527d36a128fadde54153c88
  ...
ok 2 - announce-only
  ---
  duration_ms: 2037
  connection_id: 8cfd4430e06337ea43f05ccd37756b97
  ...
ok 3 - subscribe-error
  ---
  duration_ms: 50
  connection_id: 2f24773a587d8143bd843ccde46520f1
  ...
ok 4 - announce-subscribe
  ---
  duration_ms: 3073
  publisher_connection_id: 4e7550e3023e57e5f7fb58379e3ff1c3
  subscriber_connection_id: 0140e4e6fc141496c966e00e92a2d3f0
  ...
ok 5 - subscribe-before-announce
  ---
  duration_ms: 3576
  subscriber_connection_id: 11a1912afd65d3527be86b96f5ffd701
  publisher_connection_id: d69825399bb9576608322aafef0d2015
  ...
ok 6 - publish-namespace-done
  ---
  duration_ms: 2175
  connection_id: e8a8d126c5d991793bf6fe5ad3b08583
  ...
make[1]: Leaving directory '/home/runner/work/moq-interop-runner/moq-interop-runner/main'
