make[1]: Entering directory '/home/runner/work/moq-interop-runner/moq-interop-runner/main'
Running tests against https://relay.moqtail.dev...
  Client: ghcr.io/englishm/moq-interop-runner-moq-test-client:latest
docker run --rm \
	--network host \
	-e RELAY_URL=https://relay.moqtail.dev \
	-e TLS_DISABLE_VERIFY=false \
	ghcr.io/englishm/moq-interop-runner-moq-test-client:latest
TAP version 14
# moq-test-client v0.1.0
# Relay: https://relay.moqtail.dev/
1..6
ok 1 - setup-only
  ---
  duration_ms: 495
  connection_id: 55a8b8101efaaf13e5e44d8004b13c40
  ...
ok 2 - announce-only
  ---
  duration_ms: 2499
  connection_id: 6f2723b34ff1486a62c8a53b670ff673
  ...
ok 3 - subscribe-error
  ---
  duration_ms: 603
  connection_id: 7f0728dc53f21d10a694670d4716874e
  ...
ok 4 - announce-subscribe
  ---
  duration_ms: 1007
  publisher_connection_id: 8e5e245eff4cd9c2675aa0b3bfd6ae8a
  subscriber_connection_id: 4baa449db3ae0af91a60cdfeeed398fe
  ...
ok 5 - subscribe-before-announce
  ---
  duration_ms: 4453
  subscriber_connection_id: 0904f264e7182316ed6ef506612329b0
  publisher_connection_id: 0f571c7860369bfd5cc4f55c3f155c02
  ...
ok 6 - publish-namespace-done
  ---
  duration_ms: 2615
  connection_id: 1a5d083a66ff11411a3fba8a5cd12443
  ...
make[1]: Leaving directory '/home/runner/work/moq-interop-runner/moq-interop-runner/main'
