make[1]: Entering directory '/home/runner/work/moq-interop-runner/moq-interop-runner/main'
Running tests against https://draft-16-manish.cloudflare.mediaoverquic.com:443/moq...
  Client: ghcr.io/englishm/moq-interop-runner-moq-test-client-draft-16:latest
docker run --rm \
	--network host \
	-e RELAY_URL=https://draft-16-manish.cloudflare.mediaoverquic.com:443/moq \
	-e TLS_DISABLE_VERIFY=false \
	ghcr.io/englishm/moq-interop-runner-moq-test-client-draft-16:latest
TAP version 14
# moq-test-client v0.1.0
# Relay: https://draft-16-manish.cloudflare.mediaoverquic.com/moq
1..6
ok 1 - setup-only
  ---
  duration_ms: 72
  connection_id: 4d7d386d12d66577d689a60fe5adcdc4
  ...
ok 2 - announce-only
  ---
  duration_ms: 2076
  connection_id: 1046a76d8887e2ae230e00f9a8f698c9
  ...
ok 3 - subscribe-error
  ---
  duration_ms: 125
  connection_id: 8c4c2fd0721cc20374527dbfaa5e3c80
  ...
ok 4 - announce-subscribe
  ---
  duration_ms: 205
  publisher_connection_id: bce9db831423501361ae3063903813a0
  subscriber_connection_id: eb35cc2240b1269b0419b5d47639e6b9
  ...
ok 5 - subscribe-before-announce
  ---
  duration_ms: 3633
  subscriber_connection_id: 17582bf2405a1ac2cb5f573c4d549c86
  publisher_connection_id: 4c5d17025a64424004ac460185c5b68b
  ...
ok 6 - publish-namespace-done
  ---
  duration_ms: 2172
  connection_id: 0cf2c3ed35f4eace331ca65c2d461edb
  ...
make[1]: Leaving directory '/home/runner/work/moq-interop-runner/moq-interop-runner/main'
