make[1]: Entering directory '/home/runner/work/moq-interop-runner/moq-interop-runner/main'
Running tests against https://fb.mvfst.net:9448/moq-relay...
  Client: ghcr.io/englishm/moq-interop-runner-moq-test-client:latest
docker run --rm \
	 \
	--network host \
	-e RELAY_URL=https://fb.mvfst.net:9448/moq-relay \
	-e TLS_DISABLE_VERIFY=1 \
	ghcr.io/englishm/moq-interop-runner-moq-test-client:latest
TAP version 14
# moq-test-client v0.1.0
# Relay: https://fb.mvfst.net:9448/moq-relay
1..6
ok 1 - setup-only
  ---
  duration_ms: 197
  connection_id: 62388247504a39b3928a97f1c851bf5b
  ...
ok 2 - announce-only
  ---
  duration_ms: 2105
  connection_id: 36455c75c755e0054f35ee6b3ac112e8
  ...
ok 3 - subscribe-error
  ---
  duration_ms: 59
  connection_id: 10ff5fa9e4088b6a622ea0ec2d858946
  ...
ok 4 - announce-subscribe
  ---
  duration_ms: 294
  publisher_connection_id: fa8430987bdc3a2cf2de51987feb51de
  subscriber_connection_id: 0aa8ab1143d40638ab55dd3b4c766294
  ...
ok 5 - subscribe-before-announce
  ---
  duration_ms: 3727
  subscriber_connection_id: 5f7a6f6196b41ce06d9e68cd53ecde62
  publisher_connection_id: f4602a085d62ea3f64819c236b54bb8a
  ...
ok 6 - publish-namespace-done
  ---
  duration_ms: 2155
  connection_id: 28fe8ef4df9d7ccc8549b85ef9788f87
  ...
make[1]: Leaving directory '/home/runner/work/moq-interop-runner/moq-interop-runner/main'
