make[1]: Entering directory '/home/runner/work/moq-interop-runner/moq-interop-runner/main'
Running tests against moqt://draft-16-manish.cloudflare.mediaoverquic.com:443...
  Client: ghcr.io/englishm/moq-interop-runner-moq-test-client-draft-16:latest
docker run --rm \
	 \
	--network host \
	-e RELAY_URL=moqt://draft-16-manish.cloudflare.mediaoverquic.com:443 \
	-e TLS_DISABLE_VERIFY=false \
	ghcr.io/englishm/moq-interop-runner-moq-test-client-draft-16:latest
TAP version 14
# moq-test-client v0.1.0
# Relay: moqt://draft-16-manish.cloudflare.mediaoverquic.com:443
1..6
ok 1 - setup-only
  ---
  duration_ms: 186
  connection_id: 22c08de8751abf63332e53db34783daf
  ...
ok 2 - announce-only
  ---
  duration_ms: 2146
  connection_id: 70e11f60ccd318bf1e2661c5935dfa6b
  ...
ok 3 - subscribe-error
  ---
  duration_ms: 93
  connection_id: ec08f6c693493c049f7fe6c007c5379e
  ...
ok 4 - announce-subscribe
  ---
  duration_ms: 3194
  publisher_connection_id: b01b7b23b8bfb759d21b83931b966a1d
  subscriber_connection_id: 5657afe728f47d9f7bc81eeb6892ba42
  ...
ok 5 - subscribe-before-announce
  ---
  duration_ms: 3617
  subscriber_connection_id: bc2948a76ec9f8e6c1921aba9c33380c
  publisher_connection_id: 14f3108ecfff10f2461fad901f4c33a5
  ...
ok 6 - publish-namespace-done
  ---
  duration_ms: 2138
  connection_id: bb57bb2e73447b36c1982df987e1ae14
  ...
make[1]: Leaving directory '/home/runner/work/moq-interop-runner/moq-interop-runner/main'
