make[1]: Entering directory '/home/runner/work/moq-interop-runner/moq-interop-runner/main'
Running tests against https://draft-14.cloudflare.mediaoverquic.com:443/moq...
  Client: ghcr.io/englishm/moq-interop-runner-moq-test-client:latest
docker run --rm \
	 \
	--network host \
	-e RELAY_URL=https://draft-14.cloudflare.mediaoverquic.com:443/moq \
	-e TLS_DISABLE_VERIFY=false \
	ghcr.io/englishm/moq-interop-runner-moq-test-client:latest
TAP version 14
# moq-test-client v0.1.0
# Relay: https://draft-14.cloudflare.mediaoverquic.com/moq
1..6
ok 1 - setup-only
  ---
  duration_ms: 24
  connection_id: 22cfb2f1291d655eb4e4ea726baf56fa
  ...
ok 2 - announce-only
  ---
  duration_ms: 2014
  connection_id: 720835b7041d8ce9daa7985ae33fbe64
  ...
ok 3 - subscribe-error
  ---
  duration_ms: 103
  connection_id: 4220cefe73b5181b91e0721e2da18304
  ...
ok 4 - announce-subscribe
  ---
  duration_ms: 112
  publisher_connection_id: 78f257a0a4b83247daaee7642a8595e9
  subscriber_connection_id: 60a498b956acce9a8f7214ff0b4743fc
  ...
not ok 5 - subscribe-before-announce
  ---
  duration_ms: 609
  message: "publisher announce failed: serve error: closed, code=0: closed, code=0"
  ...
not ok 6 - publish-namespace-done
  ---
  duration_ms: 137
  message: "announce failed: serve error: closed, code=0: closed, code=0"
  ...
make[1]: *** [Makefile:121: test-external] Error 1
make[1]: Leaving directory '/home/runner/work/moq-interop-runner/moq-interop-runner/main'
