make[1]: Entering directory '/home/runner/work/moq-interop-runner/moq-interop-runner/main'
Running tests against https://draft-16-manish.cloudflare.mediaoverquic.com:443/moq...
  Client: ghcr.io/englishm/moq-interop-runner-moq-test-client-draft-16:latest
docker run --rm \
	 \
	--network host \
	-e RELAY_URL=https://draft-16-manish.cloudflare.mediaoverquic.com:443/moq \
	-e TLS_DISABLE_VERIFY=false \
	ghcr.io/englishm/moq-interop-runner-moq-test-client-draft-16:latest
TAP version 14
# moq-test-client v0.1.0
# Relay: https://draft-16-manish.cloudflare.mediaoverquic.com/moq
1..6
ok 1 - setup-only
  ---
  duration_ms: 67
  connection_id: a9a311fd45f6f690cb3c3f39da7608a2
  ...
ok 2 - announce-only
  ---
  duration_ms: 2065
  connection_id: 36ddce00ca4490a86767c680a17de230
  ...
ok 3 - subscribe-error
  ---
  duration_ms: 77
  connection_id: acdebb93816242cc0d7cc61e911711cc
  ...
ok 4 - announce-subscribe
  ---
  duration_ms: 3144
  publisher_connection_id: 3604913bc503d4153ac53cea9937150e
  subscriber_connection_id: db55e64563b8c1a17aec26880282e749
  ...
ok 5 - subscribe-before-announce
  ---
  duration_ms: 3630
  subscriber_connection_id: 6c13b9ae3a9697afaab9941057a3fb7b
  publisher_connection_id: c27d24f0d24ac709c5a0446204892ed9
  ...
ok 6 - publish-namespace-done
  ---
  duration_ms: 2164
  connection_id: 3ddf03d8ea04c695b45bb1c64d52e1b5
  ...
make[1]: Leaving directory '/home/runner/work/moq-interop-runner/moq-interop-runner/main'
