make[1]: Entering directory '/home/runner/work/moq-interop-runner/moq-interop-runner/main'
Running tests against https://moqx-000.ci.openmoq.org:4433/moq-relay...
  Client: ghcr.io/englishm/moq-interop-runner-moq-test-client-draft-16:latest
docker run --rm \
	 \
	--network host \
	-e RELAY_URL=https://moqx-000.ci.openmoq.org:4433/moq-relay \
	-e TLS_DISABLE_VERIFY=false \
	ghcr.io/englishm/moq-interop-runner-moq-test-client-draft-16:latest
TAP version 14
# moq-test-client v0.1.0
# Relay: https://moqx-000.ci.openmoq.org:4433/moq-relay
1..6
ok 1 - setup-only
  ---
  duration_ms: 86
  connection_id: 9a4629e19ccd35c5a070ff2be60e2e01
  ...
ok 2 - announce-only
  ---
  duration_ms: 2415
  connection_id: 7339413c66a94431810e37a44fbec022
  ...
ok 3 - subscribe-error
  ---
  duration_ms: 106
  connection_id: 919830f1c7788f94c93340aaf5967e62
  ...
ok 4 - announce-subscribe
  ---
  duration_ms: 3127
  publisher_connection_id: 8222585e761bb285800faba138cd8ff8
  subscriber_connection_id: c829f1318637dab8da764a32e66250ea
  ...
ok 5 - subscribe-before-announce
  ---
  duration_ms: 4618
  subscriber_connection_id: 7b9f05f33c76d028f35b941cea1cc637
  publisher_connection_id: 36b1c01ea579b69a9fca1c7b3ed1376f
  ...
ok 6 - publish-namespace-done
  ---
  duration_ms: 2184
  connection_id: 82021dc1243a92fe112165d403c403ca
  ...
make[1]: Leaving directory '/home/runner/work/moq-interop-runner/moq-interop-runner/main'
