make[1]: Entering directory '/home/runner/work/moq-interop-runner/moq-interop-runner/main'
Running tests against moqt://fb.mvfst.net:9448...
  Client: ghcr.io/englishm/moq-interop-runner-moq-test-client-draft-16:latest
docker run --rm \
	 \
	--network host \
	-e RELAY_URL=moqt://fb.mvfst.net:9448 \
	-e TLS_DISABLE_VERIFY=1 \
	ghcr.io/englishm/moq-interop-runner-moq-test-client-draft-16:latest
TAP version 14
# moq-test-client v0.1.0
# Relay: moqt://fb.mvfst.net:9448
1..6
ok 1 - setup-only
  ---
  duration_ms: 38
  connection_id: 8a9d5cb6c0b125a28769f5388ef1a1de
  ...
ok 2 - announce-only
  ---
  duration_ms: 2036
  connection_id: cda8590d6bf756fc962de5d087e513ab
  ...
ok 3 - subscribe-error
  ---
  duration_ms: 104
  connection_id: aa5230ee486b4f0be7cec36757076667
  ...
not ok 4 - announce-subscribe
  ---
  duration_ms: 92
  message: "publisher session error: webtransport error: session error: connection error: closed by peer: 3: session error: connection error: closed by peer: 3: connection error: closed by peer: 3"
  ...
ok 5 - subscribe-before-announce
  ---
  duration_ms: 3682
  subscriber_connection_id: ba2c48bcee55434089b984c26f0b5015
  publisher_connection_id: 7ac9e4273774ad7c378851075dbeb301
  ...
ok 6 - publish-namespace-done
  ---
  duration_ms: 2138
  connection_id: 842045b1019116033f93c18a3bd68dc6
  ...
make[1]: *** [Makefile:121: test-external] Error 1
make[1]: Leaving directory '/home/runner/work/moq-interop-runner/moq-interop-runner/main'
