make[1]: Entering directory '/home/runner/work/moq-interop-runner/moq-interop-runner/main'
Running tests against https://draft-14.cloudflare.mediaoverquic.com:443/moq...
  Client: ghcr.io/facebookexperimental/moxygen-interop-client:latest-amd64
docker run --rm \
	 \
	--network host \
	-e RELAY_URL=https://draft-14.cloudflare.mediaoverquic.com:443/moq \
	-e TLS_DISABLE_VERIFY=false \
	ghcr.io/facebookexperimental/moxygen-interop-client:latest-amd64
TAP version 14
# moxygen interop test client
# Relay: https://draft-14.cloudflare.mediaoverquic.com:443/moq
# Transport: WebTransport
1..6
W0523 01:05:40.649657     1 MoQWebTransportClient.cpp:172] WebTransport: No WT-Protocol header in response, will use legacy version negotiation
ok 1 - setup-only
  ---
  duration_ms: 37
  info: SETUP exchange completed successfully
  ...
W0523 01:05:40.667070     1 MoQWebTransportClient.cpp:172] WebTransport: No WT-Protocol header in response, will use legacy version negotiation
not ok 2 - announce-only
  ---
  duration_ms: 79
  error: done
  ...
W0523 01:05:40.743228     1 MoQWebTransportClient.cpp:172] WebTransport: No WT-Protocol header in response, will use legacy version negotiation
E0523 01:05:42.746026     1 MoQSession.cpp:4873] subscribeFuture exception=folly::OperationCancelled: coroutine operation cancelled
not ok 3 - subscribe-error
  ---
  duration_ms: 2013
  error: Timed out waiting for SUBSCRIBE response
  ...
W0523 01:05:42.759976     1 MoQWebTransportClient.cpp:172] WebTransport: No WT-Protocol header in response, will use legacy version negotiation
not ok 4 - announce-subscribe
  ---
  duration_ms: 104
  error: PUBLISH_NAMESPACE failed: done
  ...
W0523 01:05:42.861053     1 MoQWebTransportClient.cpp:172] WebTransport: No WT-Protocol header in response, will use legacy version negotiation
not ok 5 - publish-namespace-done
  ---
  duration_ms: 96
  error: PUBLISH_NAMESPACE failed: done
  ...
W0523 01:05:42.957828     1 MoQWebTransportClient.cpp:172] WebTransport: No WT-Protocol header in response, will use legacy version negotiation
W0523 01:05:43.470818     1 MoQWebTransportClient.cpp:172] WebTransport: No WT-Protocol header in response, will use legacy version negotiation
E0523 01:05:44.978291     1 MoQWebTransportClient.cpp:197] proxygen::HTTPException: ingress timeout, streamID=0, timeout=2000ms
not ok 6 - subscribe-before-announce
  ---
  duration_ms: 2030
  error: Publisher failed: std::runtime_error: PUBLISH_NAMESPACE failed: done
  ...
E20260523 01:05:44.981717     1 HQSession.cpp:528] Connection closed with error err=91141958510811 msg=Client closed by peer reason=stream closed proto=h3, client CID=, server CID=8ebeccf146b424ee, local=10.1.0.156:44380, 162.159.207.5:443=upstream, drain=done
make[1]: *** [Makefile:121: test-external] Error 1
make[1]: Leaving directory '/home/runner/work/moq-interop-runner/moq-interop-runner/main'
