make[1]: Entering directory '/home/runner/work/moq-interop-runner/moq-interop-runner/main'
Running tests against https://draft-14.cloudflare.mediaoverquic.com:443/moq...
  Client: ghcr.io/englishm/moq-interop-runner-moq-test-client:latest
docker run --rm \
	--network host \
	-e RELAY_URL=https://draft-14.cloudflare.mediaoverquic.com:443/moq \
	-e TLS_DISABLE_VERIFY=false \
	ghcr.io/englishm/moq-interop-runner-moq-test-client:latest
TAP version 14
# moq-test-client v0.1.0
# Relay: https://draft-14.cloudflare.mediaoverquic.com/moq
1..6
ok 1 - setup-only
  ---
  duration_ms: 10
  connection_id: 475251c0f747899ef2cdb4bb528bffda
  ...
ok 2 - announce-only
  ---
  duration_ms: 2011
  connection_id: a79dff986520fe583da71755a82acfd5
  ...
ok 3 - subscribe-error
  ---
  duration_ms: 101
  connection_id: 68b871eab4dacf67739b1fdff91986b8
  ...
ok 4 - announce-subscribe
  ---
  duration_ms: 3034
  publisher_connection_id: f43e8b2c00ac8b16b97e8e4fd79c7231
  subscriber_connection_id: 7f00340040e609ac570e6af685185294
  ...
ok 5 - subscribe-before-announce
  ---
  duration_ms: 3523
  subscriber_connection_id: f02ce38df4458b4f96411907b68865a9
  publisher_connection_id: 356525fbc669b5a3eb13daf121f24bac
  ...
ok 6 - publish-namespace-done
  ---
  duration_ms: 2111
  connection_id: 3d9976c5485c11f41aca49545e103344
  ...
make[1]: Leaving directory '/home/runner/work/moq-interop-runner/moq-interop-runner/main'
