make[1]: Entering directory '/home/runner/work/moq-interop-runner/moq-interop-runner/main'
Running tests against https://fb.mvfst.net:9448/moq-relay...
  Client: ghcr.io/englishm/moq-interop-runner-moq-test-client:latest
docker run --rm \
	--network host \
	-e RELAY_URL=https://fb.mvfst.net:9448/moq-relay \
	-e TLS_DISABLE_VERIFY=1 \
	ghcr.io/englishm/moq-interop-runner-moq-test-client:latest
TAP version 14
# moq-test-client v0.1.0
# Relay: https://fb.mvfst.net:9448/moq-relay
1..6
ok 1 - setup-only
  ---
  duration_ms: 197
  connection_id: 4f54816f8e334e692dcab155085916c4
  ...
ok 2 - announce-only
  ---
  duration_ms: 2218
  connection_id: 96d76181fe27a147a47c71169de955bd
  ...
ok 3 - subscribe-error
  ---
  duration_ms: 266
  connection_id: d94f2510185861298fdeef29743c2d8e
  ...
ok 4 - announce-subscribe
  ---
  duration_ms: 490
  publisher_connection_id: 95919c69d237423c12cda708ee1016a3
  subscriber_connection_id: 2f35a837a9e9cc56443170611a519c0b
  ...
ok 5 - subscribe-before-announce
  ---
  duration_ms: 3898
  subscriber_connection_id: 4206f438cfc9538c9e9d3ad48579fbd6
  publisher_connection_id: 33a104403d6dcc40c0f85eef6c33ba13
  ...
ok 6 - publish-namespace-done
  ---
  duration_ms: 2297
  connection_id: 146934f088f3a35866731dc3af8c8d08
  ...
make[1]: Leaving directory '/home/runner/work/moq-interop-runner/moq-interop-runner/main'
