make[1]: Entering directory '/home/runner/work/moq-interop-runner/moq-interop-runner/main'
Running tests against moqt://fb.mvfst.net:9448...
  Client: ghcr.io/englishm/moq-interop-runner-moq-test-client:latest
docker run --rm \
	--network host \
	-e RELAY_URL=moqt://fb.mvfst.net:9448 \
	-e TLS_DISABLE_VERIFY=1 \
	ghcr.io/englishm/moq-interop-runner-moq-test-client:latest
TAP version 14
# moq-test-client v0.1.0
# Relay: moqt://fb.mvfst.net:9448
1..6
ok 1 - setup-only
  ---
  duration_ms: 133
  connection_id: d19746f88570d90ec8f67e885cf8091d
  ...
ok 2 - announce-only
  ---
  duration_ms: 2134
  connection_id: 3324affa7d5500301c974643995a1580
  ...
ok 3 - subscribe-error
  ---
  duration_ms: 217
  connection_id: cbc70fc1ac7f1e1820deb51e9d07b0f5
  ...
ok 4 - announce-subscribe
  ---
  duration_ms: 3281
  publisher_connection_id: 6dbc73cd088380d12a17ba0e4ab8c127
  subscriber_connection_id: 770a23756420780ef8caa137d1f7298e
  ...
ok 5 - subscribe-before-announce
  ---
  duration_ms: 3780
  subscriber_connection_id: 6ad6e5c14cbbdee9e319bd19226b319b
  publisher_connection_id: 7f93ea85675dc91511f194f57058a823
  ...
ok 6 - publish-namespace-done
  ---
  duration_ms: 2233
  connection_id: fa7cbfa935b6a2275d698bc7734f0ecf
  ...
make[1]: Leaving directory '/home/runner/work/moq-interop-runner/moq-interop-runner/main'
