make[1]: Entering directory '/home/runner/work/moq-interop-runner/moq-interop-runner/main'
Running tests against https://us-west-2.relay.quicr.org:33437/relay...
  Client: ghcr.io/englishm/moq-interop-runner-moq-test-client:latest
docker run --rm \
	--network host \
	-e RELAY_URL=https://us-west-2.relay.quicr.org:33437/relay \
	-e TLS_DISABLE_VERIFY=1 \
	ghcr.io/englishm/moq-interop-runner-moq-test-client:latest
TAP version 14
# moq-test-client v0.1.0
# Relay: https://us-west-2.relay.quicr.org:33437/relay
1..6
ok 1 - setup-only
  ---
  duration_ms: 129
  connection_id: 4b0a6aea3d2d0948d9393fea1e9c3be4
  ...
ok 2 - announce-only
  ---
  duration_ms: 2086
  connection_id: c36ce03f1639a08d98b910a58714f8b9
  ...
not ok 3 - subscribe-error
  ---
  duration_ms: 10002
  message: "test timed out: deadline has elapsed"
  ...
ok 4 - announce-subscribe
  ---
  duration_ms: 3158
  publisher_connection_id: f3014af0709a76c4275807e9725f7045
  subscriber_connection_id: c7ff4d703b35fc54dfc091f59a3e4009
  ...
ok 5 - subscribe-before-announce
  ---
  duration_ms: 4690
  subscriber_connection_id: 714eaa07c1c9e705b0fe506f5d31d4d1
  publisher_connection_id: d9fa50a8d7289545db50d9538148e4ca
  ...
ok 6 - publish-namespace-done
  ---
  duration_ms: 2185
  connection_id: 7d1f15fd775b50e43508b87ff06a313a
  ...
make[1]: *** [Makefile:91: test-external] Error 1
make[1]: Leaving directory '/home/runner/work/moq-interop-runner/moq-interop-runner/main'
