make[1]: Entering directory '/home/runner/work/moq-interop-runner/moq-interop-runner/main'
Running tests against moqt://draft-16-manish.cloudflare.mediaoverquic.com:443...
  Client: ghcr.io/gmarzot/aiomoqt:latest
docker run --rm \
	 \
	--network host \
	-e RELAY_URL=moqt://draft-16-manish.cloudflare.mediaoverquic.com:443 \
	-e TLS_DISABLE_VERIFY=false \
	ghcr.io/gmarzot/aiomoqt:latest
# Compat (auto for draft-16-manish.cloudflare.mediaoverquic.com): lenient-extensions
  [PASS] setup-only: SERVER_SETUP received with compatible version
  [PASS] announce-only: PUBLISH_NAMESPACE_OK received
  [PASS] publish-namespace-done: PUBLISH_NAMESPACE_OK received, PUBLISH_NAMESPACE_DONE sent
  [PASS] subscribe-error: Error received (expected): code=4
2026-07-20 01:17:10.525 ERROR: MOQT wire non-compliance tolerated: truncated trailing extensions block (kvp_start=6 tell=7 exts_end=7) — returned 0 KVPs; enabled by --compat lenient-extensions
  [PASS (COMPAT)] announce-subscribe: SUBSCRIBE_OK received — relay routed subscription
  [PASS] subscribe-before-announce: Error received (valid: relay didn't buffer): code=4
TAP version 14
# date: 2026-07-20T01:17:09Z
# ended: 2026-07-20T01:17:11Z
# target: moqt://draft-16-manish.cloudflare.mediaoverquic.com:443
# version: aiomoqt/0.10.6
# compat: lenient-extensions
# note: preference probe pinned draft-16
1..6
ok 1 - setup-only
  ---
  duration_ms: 45.3
  connection_id: unknown
  message: SERVER_SETUP received with compatible version
  ...
ok 2 - announce-only
  ---
  duration_ms: 72.9
  connection_id: unknown
  message: PUBLISH_NAMESPACE_OK received
  ...
ok 3 - publish-namespace-done
  ---
  duration_ms: 160.0
  connection_id: unknown
  message: PUBLISH_NAMESPACE_OK received, PUBLISH_NAMESPACE_DONE sent
  ...
ok 4 - subscribe-error
  ---
  duration_ms: 60.3
  connection_id: unknown
  message: Error received (expected): code=4
  expected: SUBSCRIBE_ERROR code=TRACK_DOES_NOT_EXIST
  ...
ok 5 - announce-subscribe # COMPAT
  ---
  duration_ms: 118.9
  publisher_connection_id: unknown
  subscriber_connection_id: unknown
  message: SUBSCRIBE_OK received — relay routed subscription
  compat: true
  compat_note: peer sent 1 non-compliant trailing extensions block(s); tolerated via --compat lenient-extensions
  wire_noncompliance: 1
  ...
ok 6 - subscribe-before-announce
  ---
  duration_ms: 599.7
  publisher_connection_id: unknown
  subscriber_connection_id: unknown
  message: Error received (valid: relay didn't buffer): code=4
  ...
# wire_noncompliance_total: trailing_extensions=1
make[1]: Leaving directory '/home/runner/work/moq-interop-runner/moq-interop-runner/main'
