make[1]: Entering directory '/home/runner/work/moq-interop-runner/moq-interop-runner/main'
Running tests against https://lminiero.it:9000...
  Client: ghcr.io/englishm/moq-interop-runner-moq-test-client-draft-18:latest
docker run --rm \
	 \
	--network host \
	-e RELAY_URL=https://lminiero.it:9000 \
	-e TLS_DISABLE_VERIFY=false \
	ghcr.io/englishm/moq-interop-runner-moq-test-client-draft-18:latest
TAP version 14
# moq-test-client v0.1.6
# Relay: https://lminiero.it:9000/
1..6
[2m2026-07-20T01:00:19.171252Z[0m [32m INFO[0m [2mmoq_native_ietf::quic[0m[2m:[0m UDP socket bound [3mbind[0m[2m=[0m[::]:0 [3mlocal[0m[2m=[0m[::]:57204 [3mdual_stack[0m[2m=[0mtrue
[2m2026-07-20T01:00:19.918111Z[0m [32m INFO[0m [2mmoq_test_client::scenarios[0m[2m:[0m SETUP exchange completed successfully
ok 1 - setup-only
  ---
  duration_ms: 747
  connection_id: 5e2122ff63f2caf10bfb86191f0e2945
  ...
[2m2026-07-20T01:00:19.918951Z[0m [32m INFO[0m [2mmoq_native_ietf::quic[0m[2m:[0m UDP socket bound [3mbind[0m[2m=[0m[::]:0 [3mlocal[0m[2m=[0m[::]:43314 [3mdual_stack[0m[2m=[0mtrue
[2m2026-07-20T01:00:20.623037Z[0m [32m INFO[0m [2mmoq_test_client::scenarios[0m[2m:[0m Sending PUBLISH_NAMESPACE for: moq-test/interop
[2m2026-07-20T01:00:22.624314Z[0m [32m INFO[0m [2mmoq_test_client::scenarios[0m[2m:[0m PUBLISH_NAMESPACE succeeded (REQUEST_OK received, waiting for subscribers)
ok 2 - publish-namespace-only
  ---
  duration_ms: 2706
  connection_id: f0bbbe4efe1fb23ecaa53237c8d6d20e
  ...
[2m2026-07-20T01:00:22.625313Z[0m [32m INFO[0m [2mmoq_native_ietf::quic[0m[2m:[0m UDP socket bound [3mbind[0m[2m=[0m[::]:0 [3mlocal[0m[2m=[0m[::]:51989 [3mdual_stack[0m[2m=[0mtrue
[2m2026-07-20T01:00:23.328828Z[0m [32m INFO[0m [2mmoq_test_client::scenarios[0m[2m:[0m Subscribing to non-existent track: nonexistent/namespace/test-track
[2m2026-07-20T01:00:23.445138Z[0m [33m WARN[0m [2mmoq_transport::serve::error[0m[2m:[0m [d8197008-a364-441c-b63f-3185dc58acb8] Not found: Namespace not found at moq-transport/src/session/subscriber.rs:455
[2m2026-07-20T01:00:23.445173Z[0m [33m WARN[0m [2mmoq_transport::session::reader[0m[2m:[0m [READER] decode: stream ended while waiting for data (have=0 bytes, need=1)
[2m2026-07-20T01:00:23.445236Z[0m [32m INFO[0m [2mmoq_test_client::scenarios[0m[2m:[0m Got expected 'not found' error: not found: Track not found [error:d8197008-a364-441c-b63f-3185dc58acb8]
ok 3 - subscribe-error
  ---
  duration_ms: 820
  connection_id: e40ad1cc11720c0046e1495c5d6c1cf9
  ...
[2m2026-07-20T01:00:23.446160Z[0m [32m INFO[0m [2mmoq_native_ietf::quic[0m[2m:[0m UDP socket bound [3mbind[0m[2m=[0m[::]:0 [3mlocal[0m[2m=[0m[::]:40331 [3mdual_stack[0m[2m=[0mtrue
[2m2026-07-20T01:00:24.138893Z[0m [32m INFO[0m [2mmoq_native_ietf::quic[0m[2m:[0m UDP socket bound [3mbind[0m[2m=[0m[::]:0 [3mlocal[0m[2m=[0m[::]:56881 [3mdual_stack[0m[2m=[0mtrue
[2m2026-07-20T01:00:24.615006Z[0m [32m INFO[0m [2mmoq_test_client::scenarios[0m[2m:[0m Publisher sending PUBLISH_NAMESPACE: moq-test/interop
[2m2026-07-20T01:00:24.615020Z[0m [32m INFO[0m [2mmoq_test_client::scenarios[0m[2m:[0m Subscriber subscribing to track: moq-test/interop/test-track
[2m2026-07-20T01:00:27.616014Z[0m [32m INFO[0m [2mmoq_test_client::scenarios[0m[2m:[0m Test timeout reached - subscription routing may still be in progress
ok 4 - publish-namespace-subscribe
  ---
  duration_ms: 4170
  publisher_connection_id: 9dfe46c3a413e0ac6b5735c18422fa60
  subscriber_connection_id: f5f372e5599fbc62bbfed5b4a5997b90
  ...
[2m2026-07-20T01:00:27.616918Z[0m [32m INFO[0m [2mmoq_native_ietf::quic[0m[2m:[0m UDP socket bound [3mbind[0m[2m=[0m[::]:0 [3mlocal[0m[2m=[0m[::]:59748 [3mdual_stack[0m[2m=[0mtrue
[2m2026-07-20T01:00:28.089701Z[0m [32m INFO[0m [2mmoq_test_client::scenarios[0m[2m:[0m Subscriber subscribing BEFORE PUBLISH_NAMESPACE: moq-test/interop/test-track
[2m2026-07-20T01:00:28.206721Z[0m [33m WARN[0m [2mmoq_transport::serve::error[0m[2m:[0m [a17608f9-7b36-4d90-912f-9483acf57045] Not found: Namespace not found at moq-transport/src/session/subscriber.rs:455
[2m2026-07-20T01:00:28.206740Z[0m [33m WARN[0m [2mmoq_transport::session::reader[0m[2m:[0m [READER] decode: stream ended while waiting for data (have=0 bytes, need=1)
[2m2026-07-20T01:00:28.591233Z[0m [32m INFO[0m [2mmoq_native_ietf::quic[0m[2m:[0m UDP socket bound [3mbind[0m[2m=[0m[::]:0 [3mlocal[0m[2m=[0m[::]:38372 [3mdual_stack[0m[2m=[0mtrue
[2m2026-07-20T01:00:29.069622Z[0m [32m INFO[0m [2mmoq_test_client::scenarios[0m[2m:[0m Publisher sending PUBLISH_NAMESPACE (after subscriber): moq-test/interop
[2m2026-07-20T01:00:32.071088Z[0m [32m INFO[0m [2mmoq_test_client::scenarios[0m[2m:[0m Publisher PUBLISH_NAMESPACE timeout (expected)
[2m2026-07-20T01:00:32.071114Z[0m [32m INFO[0m [2mmoq_test_client::scenarios[0m[2m:[0m Subscriber got error: not found: Track not found [error:a17608f9-7b36-4d90-912f-9483acf57045] (may be expected)
ok 5 - subscribe-before-publish-namespace
  ---
  duration_ms: 4455
  subscriber_connection_id: 2adfcdf8ebda251380f6e64e77d160dd
  publisher_connection_id: 8f9dcafe583e961bcacd1d4c95b3e5e7
  ...
[2m2026-07-20T01:00:32.072124Z[0m [32m INFO[0m [2mmoq_native_ietf::quic[0m[2m:[0m UDP socket bound [3mbind[0m[2m=[0m[::]:0 [3mlocal[0m[2m=[0m[::]:49245 [3mdual_stack[0m[2m=[0mtrue
[2m2026-07-20T01:00:32.772958Z[0m [32m INFO[0m [2mmoq_test_client::scenarios[0m[2m:[0m Sending PUBLISH_NAMESPACE: moq-test/interop
[2m2026-07-20T01:00:34.773915Z[0m [32m INFO[0m [2mmoq_test_client::scenarios[0m[2m:[0m PUBLISH_NAMESPACE active; sending PUBLISH_NAMESPACE_DONE
[2m2026-07-20T01:00:34.874331Z[0m [32m INFO[0m [2mmoq_test_client::scenarios[0m[2m:[0m PUBLISH_NAMESPACE_DONE sent successfully
ok 6 - publish-namespace-done
  ---
  duration_ms: 2803
  connection_id: c05573ae6073ec297b23f5fe6ebfee05
  ...
make[1]: Leaving directory '/home/runner/work/moq-interop-runner/moq-interop-runner/main'
