make[1]: Entering directory '/home/runner/work/moq-interop-runner/moq-interop-runner/main'
Running tests against moqt://fb.mvfst.net:9448...
  Client: ghcr.io/englishm/moq-interop-runner-moq-test-client:latest
docker run --rm \
	 \
	--network host \
	-e RELAY_URL=moqt://fb.mvfst.net:9448 \
	-e TLS_DISABLE_VERIFY=1 \
	ghcr.io/englishm/moq-interop-runner-moq-test-client:latest
TAP version 14
# moq-test-client v0.1.0
# Relay: moqt://fb.mvfst.net:9448
1..6
ok 1 - setup-only
  ---
  duration_ms: 58
  connection_id: 1515605229b994593ba071b33de35e68
  ...
ok 2 - announce-only
  ---
  duration_ms: 2119
  connection_id: 6e3d8e5d87443eccbb7359161d5ea15d
  ...
ok 3 - subscribe-error
  ---
  duration_ms: 79
  connection_id: c7017202c4c7c43dd781806d504d6e58
  ...
ok 4 - announce-subscribe
  ---
  duration_ms: 3270
  publisher_connection_id: 621e8fa0bb5095505798c568c2ac85b1
  subscriber_connection_id: 4e4966b082f0966849c218764c01ee3d
  ...
ok 5 - subscribe-before-announce
  ---
  duration_ms: 3755
  subscriber_connection_id: eab385a9ed5cc2d759abd5c8236b0f89
  publisher_connection_id: 1170dbb625be8012233c2a053e0ea263
  ...
ok 6 - publish-namespace-done
  ---
  duration_ms: 2160
  connection_id: 7c9d970ce06ddc998985531a94201b94
  ...
make[1]: Leaving directory '/home/runner/work/moq-interop-runner/moq-interop-runner/main'
