make[1]: Entering directory '/home/runner/work/moq-interop-runner/moq-interop-runner/main'
Running tests against moqt://fb.mvfst.net:9448...
  Client: ghcr.io/englishm/moq-interop-runner-moq-test-client-draft-18:latest
docker run --rm \
	 \
	--network host \
	-e RELAY_URL=moqt://fb.mvfst.net:9448 \
	-e TLS_DISABLE_VERIFY=1 \
	ghcr.io/englishm/moq-interop-runner-moq-test-client-draft-18:latest
TAP version 14
# moq-test-client v0.1.6
# Relay: moqt://fb.mvfst.net:9448
1..6
[2m2026-07-20T01:04:47.812386Z[0m [32m INFO[0m [2mmoq_native_ietf::quic[0m[2m:[0m UDP socket bound [3mbind[0m[2m=[0m[::]:0 [3mlocal[0m[2m=[0m[::]:36864 [3mdual_stack[0m[2m=[0mtrue
[2m2026-07-20T01:04:47.859409Z[0m [32m INFO[0m [2mmoq_test_client::scenarios[0m[2m:[0m SETUP exchange completed successfully
ok 1 - setup-only
  ---
  duration_ms: 47
  connection_id: 59f9c8d1f3db50bdf6c6cbe40b3638ba
  ...
[2m2026-07-20T01:04:47.860154Z[0m [32m INFO[0m [2mmoq_native_ietf::quic[0m[2m:[0m UDP socket bound [3mbind[0m[2m=[0m[::]:0 [3mlocal[0m[2m=[0m[::]:59866 [3mdual_stack[0m[2m=[0mtrue
[2m2026-07-20T01:04:47.899668Z[0m [32m INFO[0m [2mmoq_test_client::scenarios[0m[2m:[0m Sending PUBLISH_NAMESPACE for: moq-test/interop
[2m2026-07-20T01:04:49.900799Z[0m [32m INFO[0m [2mmoq_test_client::scenarios[0m[2m:[0m PUBLISH_NAMESPACE succeeded (REQUEST_OK received, waiting for subscribers)
ok 2 - publish-namespace-only
  ---
  duration_ms: 2041
  connection_id: 8fc21f7ef10795e189c77028dd7dcc8c
  ...
[2m2026-07-20T01:04:49.901707Z[0m [32m INFO[0m [2mmoq_native_ietf::quic[0m[2m:[0m UDP socket bound [3mbind[0m[2m=[0m[::]:0 [3mlocal[0m[2m=[0m[::]:43757 [3mdual_stack[0m[2m=[0mtrue
[2m2026-07-20T01:04:49.937942Z[0m [32m INFO[0m [2mmoq_test_client::scenarios[0m[2m:[0m Subscribing to non-existent track: nonexistent/namespace/test-track
[2m2026-07-20T01:04:49.965824Z[0m [33m WARN[0m [2mmoq_transport::serve::error[0m[2m:[0m [f82a6cf6-0839-4ae9-aa8b-df5b91092bb6] Not found: no such namespace or track at moq-transport/src/session/subscriber.rs:455
[2m2026-07-20T01:04:49.965858Z[0m [33m WARN[0m [2mmoq_transport::session::reader[0m[2m:[0m [READER] decode: stream ended while waiting for data (have=0 bytes, need=1)
[2m2026-07-20T01:04:49.965958Z[0m [32m INFO[0m [2mmoq_test_client::scenarios[0m[2m:[0m Got expected 'not found' error: not found: Track not found [error:f82a6cf6-0839-4ae9-aa8b-df5b91092bb6]
ok 3 - subscribe-error
  ---
  duration_ms: 65
  connection_id: 6533ed711109194061a12d3de0a822d9
  ...
[2m2026-07-20T01:04:49.966847Z[0m [32m INFO[0m [2mmoq_native_ietf::quic[0m[2m:[0m UDP socket bound [3mbind[0m[2m=[0m[::]:0 [3mlocal[0m[2m=[0m[::]:44383 [3mdual_stack[0m[2m=[0mtrue
[2m2026-07-20T01:04:50.000676Z[0m [32m INFO[0m [2mmoq_native_ietf::quic[0m[2m:[0m UDP socket bound [3mbind[0m[2m=[0m[::]:0 [3mlocal[0m[2m=[0m[::]:43486 [3mdual_stack[0m[2m=[0mtrue
[2m2026-07-20T01:04:50.103267Z[0m [32m INFO[0m [2mmoq_test_client::scenarios[0m[2m:[0m Publisher sending PUBLISH_NAMESPACE: moq-test/interop
[2m2026-07-20T01:04:50.103284Z[0m [32m INFO[0m [2mmoq_test_client::scenarios[0m[2m:[0m Subscriber subscribing to track: moq-test/interop/test-track
[2m2026-07-20T01:04:50.132222Z[0m [33m WARN[0m [2mmoq_transport::serve::error[0m[2m:[0m [a25d27d1-aba6-46c3-a45d-84918848ebb9] Not found: no such namespace or track at moq-transport/src/session/subscriber.rs:455
[2m2026-07-20T01:04:50.132247Z[0m [33m WARN[0m [2mmoq_transport::session::reader[0m[2m:[0m [READER] decode: stream ended while waiting for data (have=0 bytes, need=1)
[2m2026-07-20T01:04:50.132324Z[0m [32m INFO[0m [2mmoq_test_client::scenarios[0m[2m:[0m Subscriber got error: not found: Track not found [error:a25d27d1-aba6-46c3-a45d-84918848ebb9] - subscription was processed
ok 4 - publish-namespace-subscribe
  ---
  duration_ms: 166
  publisher_connection_id: e46f0fe986e3b723ff1ca130eecba936
  subscriber_connection_id: 97322b04b7a3810ea13b4c7e64d4955f
  ...
[2m2026-07-20T01:04:50.133313Z[0m [32m INFO[0m [2mmoq_native_ietf::quic[0m[2m:[0m UDP socket bound [3mbind[0m[2m=[0m[::]:0 [3mlocal[0m[2m=[0m[::]:54816 [3mdual_stack[0m[2m=[0mtrue
[2m2026-07-20T01:04:50.167293Z[0m [32m INFO[0m [2mmoq_test_client::scenarios[0m[2m:[0m Subscriber subscribing BEFORE PUBLISH_NAMESPACE: moq-test/interop/test-track
[2m2026-07-20T01:04:50.193686Z[0m [33m WARN[0m [2mmoq_transport::serve::error[0m[2m:[0m [6c2e6d36-94e5-4928-ad30-25a33811bcca] Not found: no such namespace or track at moq-transport/src/session/subscriber.rs:455
[2m2026-07-20T01:04:50.193709Z[0m [33m WARN[0m [2mmoq_transport::session::reader[0m[2m:[0m [READER] decode: stream ended while waiting for data (have=0 bytes, need=1)
[2m2026-07-20T01:04:50.669696Z[0m [32m INFO[0m [2mmoq_native_ietf::quic[0m[2m:[0m UDP socket bound [3mbind[0m[2m=[0m[::]:0 [3mlocal[0m[2m=[0m[::]:58646 [3mdual_stack[0m[2m=[0mtrue
[2m2026-07-20T01:04:50.755194Z[0m [32m INFO[0m [2mmoq_test_client::scenarios[0m[2m:[0m Publisher sending PUBLISH_NAMESPACE (after subscriber): moq-test/interop
[2m2026-07-20T01:04:53.755998Z[0m [32m INFO[0m [2mmoq_test_client::scenarios[0m[2m:[0m Publisher PUBLISH_NAMESPACE timeout (expected)
[2m2026-07-20T01:04:53.756018Z[0m [32m INFO[0m [2mmoq_test_client::scenarios[0m[2m:[0m Subscriber got error: not found: Track not found [error:6c2e6d36-94e5-4928-ad30-25a33811bcca] (may be expected)
ok 5 - subscribe-before-publish-namespace
  ---
  duration_ms: 3623
  subscriber_connection_id: 01591b5a751e1931a1545dbb18d84fdb
  publisher_connection_id: 2c43f9bf4cace6668a46d845dbb91b1b
  ...
[2m2026-07-20T01:04:53.756924Z[0m [32m INFO[0m [2mmoq_native_ietf::quic[0m[2m:[0m UDP socket bound [3mbind[0m[2m=[0m[::]:0 [3mlocal[0m[2m=[0m[::]:38434 [3mdual_stack[0m[2m=[0mtrue
[2m2026-07-20T01:04:53.825921Z[0m [32m INFO[0m [2mmoq_test_client::scenarios[0m[2m:[0m Sending PUBLISH_NAMESPACE: moq-test/interop
[2m2026-07-20T01:04:55.827393Z[0m [32m INFO[0m [2mmoq_test_client::scenarios[0m[2m:[0m PUBLISH_NAMESPACE active; sending PUBLISH_NAMESPACE_DONE
[2m2026-07-20T01:04:55.928759Z[0m [32m INFO[0m [2mmoq_test_client::scenarios[0m[2m:[0m PUBLISH_NAMESPACE_DONE sent successfully
ok 6 - publish-namespace-done
  ---
  duration_ms: 2172
  connection_id: af2a1bea7d15c3a2f81bb62e6e620943
  ...
make[1]: Leaving directory '/home/runner/work/moq-interop-runner/moq-interop-runner/main'
