make[1]: Entering directory '/home/runner/work/moq-interop-runner/moq-interop-runner/main'
Running tests against moqt://lminiero.it:9000...
  Client: ghcr.io/englishm/moq-interop-runner-moq-test-client-draft-18:latest
docker run --rm \
	 \
	--network host \
	-e RELAY_URL=moqt://lminiero.it:9000 \
	-e TLS_DISABLE_VERIFY=false \
	ghcr.io/englishm/moq-interop-runner-moq-test-client-draft-18:latest
TAP version 14
# moq-test-client v0.1.6
# Relay: moqt://lminiero.it:9000
1..6
[2m2026-07-20T01:00:35.031146Z[0m [32m INFO[0m [2mmoq_native_ietf::quic[0m[2m:[0m UDP socket bound [3mbind[0m[2m=[0m[::]:0 [3mlocal[0m[2m=[0m[::]:54956 [3mdual_stack[0m[2m=[0mtrue
[2m2026-07-20T01:00:35.500314Z[0m [32m INFO[0m [2mmoq_test_client::scenarios[0m[2m:[0m SETUP exchange completed successfully
ok 1 - setup-only
  ---
  duration_ms: 469
  connection_id: 2ae0e8dec2485629b83ec87525c22ccc
  ...
[2m2026-07-20T01:00:35.501334Z[0m [32m INFO[0m [2mmoq_native_ietf::quic[0m[2m:[0m UDP socket bound [3mbind[0m[2m=[0m[::]:0 [3mlocal[0m[2m=[0m[::]:42887 [3mdual_stack[0m[2m=[0mtrue
[2m2026-07-20T01:00:36.190120Z[0m [32m INFO[0m [2mmoq_test_client::scenarios[0m[2m:[0m Sending PUBLISH_NAMESPACE for: moq-test/interop
[2m2026-07-20T01:00:38.192189Z[0m [32m INFO[0m [2mmoq_test_client::scenarios[0m[2m:[0m PUBLISH_NAMESPACE succeeded (REQUEST_OK received, waiting for subscribers)
ok 2 - publish-namespace-only
  ---
  duration_ms: 2691
  connection_id: 7c2c7ca507e4fb8e114c939b94da0bc1
  ...
[2m2026-07-20T01:00:38.193239Z[0m [32m INFO[0m [2mmoq_native_ietf::quic[0m[2m:[0m UDP socket bound [3mbind[0m[2m=[0m[::]:0 [3mlocal[0m[2m=[0m[::]:35879 [3mdual_stack[0m[2m=[0mtrue
[2m2026-07-20T01:00:38.675972Z[0m [32m INFO[0m [2mmoq_test_client::scenarios[0m[2m:[0m Subscribing to non-existent track: nonexistent/namespace/test-track
[2m2026-07-20T01:00:38.791921Z[0m [33m WARN[0m [2mmoq_transport::serve::error[0m[2m:[0m [c8897d81-2b25-4a95-b90c-985d311d4d4b] Not found: Namespace not found at moq-transport/src/session/subscriber.rs:455
[2m2026-07-20T01:00:38.791952Z[0m [33m WARN[0m [2mmoq_transport::session::reader[0m[2m:[0m [READER] decode: stream ended while waiting for data (have=0 bytes, need=1)
[2m2026-07-20T01:00:38.792016Z[0m [32m INFO[0m [2mmoq_test_client::scenarios[0m[2m:[0m Got expected 'not found' error: not found: Track not found [error:c8897d81-2b25-4a95-b90c-985d311d4d4b]
ok 3 - subscribe-error
  ---
  duration_ms: 599
  connection_id: 766fe450f3224a7b9846b9599f1066e2
  ...
[2m2026-07-20T01:00:38.792918Z[0m [32m INFO[0m [2mmoq_native_ietf::quic[0m[2m:[0m UDP socket bound [3mbind[0m[2m=[0m[::]:0 [3mlocal[0m[2m=[0m[::]:58989 [3mdual_stack[0m[2m=[0mtrue
[2m2026-07-20T01:00:39.030698Z[0m [32m INFO[0m [2mmoq_native_ietf::quic[0m[2m:[0m UDP socket bound [3mbind[0m[2m=[0m[::]:0 [3mlocal[0m[2m=[0m[::]:39512 [3mdual_stack[0m[2m=[0mtrue
[2m2026-07-20T01:00:39.267691Z[0m [32m INFO[0m [2mmoq_test_client::scenarios[0m[2m:[0m Publisher sending PUBLISH_NAMESPACE: moq-test/interop
[2m2026-07-20T01:00:39.267766Z[0m [32m INFO[0m [2mmoq_test_client::scenarios[0m[2m:[0m Subscriber subscribing to track: moq-test/interop/test-track
[2m2026-07-20T01:00:42.269010Z[0m [32m INFO[0m [2mmoq_test_client::scenarios[0m[2m:[0m Test timeout reached - subscription routing may still be in progress
ok 4 - publish-namespace-subscribe
  ---
  duration_ms: 3476
  publisher_connection_id: 6e29a004c6bfec07cbd85df0f5d7e978
  subscriber_connection_id: 6899f3c9ca1f8887751a65aed5ecdf23
  ...
[2m2026-07-20T01:00:42.269837Z[0m [32m INFO[0m [2mmoq_native_ietf::quic[0m[2m:[0m UDP socket bound [3mbind[0m[2m=[0m[::]:0 [3mlocal[0m[2m=[0m[::]:52585 [3mdual_stack[0m[2m=[0mtrue
[2m2026-07-20T01:00:42.974089Z[0m [32m INFO[0m [2mmoq_test_client::scenarios[0m[2m:[0m Subscriber subscribing BEFORE PUBLISH_NAMESPACE: moq-test/interop/test-track
[2m2026-07-20T01:00:43.088922Z[0m [33m WARN[0m [2mmoq_transport::serve::error[0m[2m:[0m [30392af0-aea2-4849-99a7-305d185ab9bc] Not found: Namespace not found at moq-transport/src/session/subscriber.rs:455
[2m2026-07-20T01:00:43.088948Z[0m [33m WARN[0m [2mmoq_transport::session::reader[0m[2m:[0m [READER] decode: stream ended while waiting for data (have=0 bytes, need=1)
[2m2026-07-20T01:00:43.476833Z[0m [32m INFO[0m [2mmoq_native_ietf::quic[0m[2m:[0m UDP socket bound [3mbind[0m[2m=[0m[::]:0 [3mlocal[0m[2m=[0m[::]:33740 [3mdual_stack[0m[2m=[0mtrue
[2m2026-07-20T01:00:43.721796Z[0m [32m INFO[0m [2mmoq_test_client::scenarios[0m[2m:[0m Publisher sending PUBLISH_NAMESPACE (after subscriber): moq-test/interop
[2m2026-07-20T01:00:46.722974Z[0m [32m INFO[0m [2mmoq_test_client::scenarios[0m[2m:[0m Publisher PUBLISH_NAMESPACE timeout (expected)
[2m2026-07-20T01:00:46.722992Z[0m [32m INFO[0m [2mmoq_test_client::scenarios[0m[2m:[0m Subscriber got error: not found: Track not found [error:30392af0-aea2-4849-99a7-305d185ab9bc] (may be expected)
ok 5 - subscribe-before-publish-namespace
  ---
  duration_ms: 4453
  subscriber_connection_id: 19c430a5e27dda7f6544ecf00c142c6b
  publisher_connection_id: f68f5d0fdd2344096f89cb0622112e89
  ...
[2m2026-07-20T01:00:46.723848Z[0m [32m INFO[0m [2mmoq_native_ietf::quic[0m[2m:[0m UDP socket bound [3mbind[0m[2m=[0m[::]:0 [3mlocal[0m[2m=[0m[::]:32813 [3mdual_stack[0m[2m=[0mtrue
[2m2026-07-20T01:00:46.966694Z[0m [32m INFO[0m [2mmoq_test_client::scenarios[0m[2m:[0m Sending PUBLISH_NAMESPACE: moq-test/interop
[2m2026-07-20T01:00:48.968072Z[0m [32m INFO[0m [2mmoq_test_client::scenarios[0m[2m:[0m PUBLISH_NAMESPACE active; sending PUBLISH_NAMESPACE_DONE
[2m2026-07-20T01:00:49.069486Z[0m [32m INFO[0m [2mmoq_test_client::scenarios[0m[2m:[0m PUBLISH_NAMESPACE_DONE sent successfully
ok 6 - publish-namespace-done
  ---
  duration_ms: 2346
  connection_id: f181bf6ecc69180c6d865fcc33e5d91a
  ...
make[1]: Leaving directory '/home/runner/work/moq-interop-runner/moq-interop-runner/main'
