make[1]: Entering directory '/home/runner/work/moq-interop-runner/moq-interop-runner/main'
Running tests against moqt://moqx-main.ci.openmoq.org:4433...
  Client: ghcr.io/englishm/moq-interop-runner-moq-test-client-draft-18:latest
docker run --rm \
	 \
	--network host \
	-e RELAY_URL=moqt://moqx-main.ci.openmoq.org:4433 \
	-e TLS_DISABLE_VERIFY=false \
	ghcr.io/englishm/moq-interop-runner-moq-test-client-draft-18:latest
TAP version 14
# moq-test-client v0.1.6
# Relay: moqt://moqx-main.ci.openmoq.org:4433
1..6
[2m2026-07-20T01:03:47.471565Z[0m [32m INFO[0m [2mmoq_native_ietf::quic[0m[2m:[0m UDP socket bound [3mbind[0m[2m=[0m[::]:0 [3mlocal[0m[2m=[0m[::]:46429 [3mdual_stack[0m[2m=[0mtrue
[2m2026-07-20T01:03:47.482003Z[0m [32m INFO[0m [2mmoq_test_client::scenarios[0m[2m:[0m SETUP exchange completed successfully
ok 1 - setup-only
  ---
  duration_ms: 11
  connection_id: fe1045d90d431db2b2b9c7a3362ba1a1
  ...
[2m2026-07-20T01:03:47.482783Z[0m [32m INFO[0m [2mmoq_native_ietf::quic[0m[2m:[0m UDP socket bound [3mbind[0m[2m=[0m[::]:0 [3mlocal[0m[2m=[0m[::]:56554 [3mdual_stack[0m[2m=[0mtrue
[2m2026-07-20T01:03:47.545180Z[0m [32m INFO[0m [2mmoq_test_client::scenarios[0m[2m:[0m Sending PUBLISH_NAMESPACE for: moq-test/interop
[2m2026-07-20T01:03:49.545728Z[0m [32m INFO[0m [2mmoq_test_client::scenarios[0m[2m:[0m PUBLISH_NAMESPACE succeeded (REQUEST_OK received, waiting for subscribers)
ok 2 - publish-namespace-only
  ---
  duration_ms: 2063
  connection_id: a375c0178f19bb560cd3a0aade89b0cb
  ...
[2m2026-07-20T01:03:49.546643Z[0m [32m INFO[0m [2mmoq_native_ietf::quic[0m[2m:[0m UDP socket bound [3mbind[0m[2m=[0m[::]:0 [3mlocal[0m[2m=[0m[::]:33954 [3mdual_stack[0m[2m=[0mtrue
[2m2026-07-20T01:03:49.557581Z[0m [32m INFO[0m [2mmoq_test_client::scenarios[0m[2m:[0m Subscribing to non-existent track: nonexistent/namespace/test-track
[2m2026-07-20T01:03:49.559773Z[0m [33m WARN[0m [2mmoq_transport::serve::error[0m[2m:[0m [88c4753f-f216-4794-8330-1e1998ef46ad] Not found: no such namespace or track at moq-transport/src/session/subscriber.rs:455
[2m2026-07-20T01:03:49.559802Z[0m [33m WARN[0m [2mmoq_transport::session::reader[0m[2m:[0m [READER] decode: stream ended while waiting for data (have=0 bytes, need=1)
[2m2026-07-20T01:03:49.559858Z[0m [32m INFO[0m [2mmoq_test_client::scenarios[0m[2m:[0m Got expected 'not found' error: not found: Track not found [error:88c4753f-f216-4794-8330-1e1998ef46ad]
ok 3 - subscribe-error
  ---
  duration_ms: 14
  connection_id: 3a724ca61ccb974ef02467757d666cc7
  ...
[2m2026-07-20T01:03:49.560617Z[0m [32m INFO[0m [2mmoq_native_ietf::quic[0m[2m:[0m UDP socket bound [3mbind[0m[2m=[0m[::]:0 [3mlocal[0m[2m=[0m[::]:42060 [3mdual_stack[0m[2m=[0mtrue
[2m2026-07-20T01:03:49.630694Z[0m [32m INFO[0m [2mmoq_native_ietf::quic[0m[2m:[0m UDP socket bound [3mbind[0m[2m=[0m[::]:0 [3mlocal[0m[2m=[0m[::]:41571 [3mdual_stack[0m[2m=[0mtrue
[2m2026-07-20T01:03:49.641782Z[0m [32m INFO[0m [2mmoq_test_client::scenarios[0m[2m:[0m Publisher sending PUBLISH_NAMESPACE: moq-test/interop
[2m2026-07-20T01:03:49.641797Z[0m [32m INFO[0m [2mmoq_test_client::scenarios[0m[2m:[0m Subscriber subscribing to track: moq-test/interop/test-track
[2m2026-07-20T01:03:52.643370Z[0m [32m INFO[0m [2mmoq_test_client::scenarios[0m[2m:[0m Test timeout reached - subscription routing may still be in progress
ok 4 - publish-namespace-subscribe
  ---
  duration_ms: 3083
  publisher_connection_id: 9e9ba4f78a641b1049c0c4aca80ecd04
  subscriber_connection_id: dcd0592a28580509545a661002da86ab
  ...
[2m2026-07-20T01:03:52.644390Z[0m [32m INFO[0m [2mmoq_native_ietf::quic[0m[2m:[0m UDP socket bound [3mbind[0m[2m=[0m[::]:0 [3mlocal[0m[2m=[0m[::]:54809 [3mdual_stack[0m[2m=[0mtrue
[2m2026-07-20T01:03:52.655777Z[0m [32m INFO[0m [2mmoq_test_client::scenarios[0m[2m:[0m Subscriber subscribing BEFORE PUBLISH_NAMESPACE: moq-test/interop/test-track
[2m2026-07-20T01:03:53.158140Z[0m [32m INFO[0m [2mmoq_native_ietf::quic[0m[2m:[0m UDP socket bound [3mbind[0m[2m=[0m[::]:0 [3mlocal[0m[2m=[0m[::]:39600 [3mdual_stack[0m[2m=[0mtrue
[2m2026-07-20T01:03:53.180414Z[0m [32m INFO[0m [2mmoq_test_client::scenarios[0m[2m:[0m Publisher sending PUBLISH_NAMESPACE (after subscriber): moq-test/interop
[2m2026-07-20T01:03:54.652320Z[0m [33m WARN[0m [2mmoq_transport::session::reader[0m[2m:[0m [READER] decode: stream ended while waiting for data (have=0 bytes, need=1)
[2m2026-07-20T01:03:54.652481Z[0m [33m WARN[0m [2mmoq_transport::session::reader[0m[2m:[0m [READER] decode: stream ended while waiting for data (have=0 bytes, need=1)
[2m2026-07-20T01:03:56.182099Z[0m [32m INFO[0m [2mmoq_test_client::scenarios[0m[2m:[0m Publisher PUBLISH_NAMESPACE timeout (expected)
[2m2026-07-20T01:03:56.182125Z[0m [32m INFO[0m [2mmoq_test_client::scenarios[0m[2m:[0m Subscriber got error: closed, code=3 (may be expected)
ok 5 - subscribe-before-publish-namespace
  ---
  duration_ms: 3538
  subscriber_connection_id: fbaaae045dcd39ae0dea15dc46eb2946
  publisher_connection_id: cadcd7b4e99544353ccea71b9677c835
  ...
[2m2026-07-20T01:03:56.183063Z[0m [32m INFO[0m [2mmoq_native_ietf::quic[0m[2m:[0m UDP socket bound [3mbind[0m[2m=[0m[::]:0 [3mlocal[0m[2m=[0m[::]:56967 [3mdual_stack[0m[2m=[0mtrue
[2m2026-07-20T01:03:56.353728Z[0m [32m INFO[0m [2mmoq_test_client::scenarios[0m[2m:[0m Sending PUBLISH_NAMESPACE: moq-test/interop
[2m2026-07-20T01:03:58.355224Z[0m [32m INFO[0m [2mmoq_test_client::scenarios[0m[2m:[0m PUBLISH_NAMESPACE active; sending PUBLISH_NAMESPACE_DONE
[2m2026-07-20T01:03:58.455655Z[0m [32m INFO[0m [2mmoq_test_client::scenarios[0m[2m:[0m PUBLISH_NAMESPACE_DONE sent successfully
ok 6 - publish-namespace-done
  ---
  duration_ms: 2273
  connection_id: 4329f14d7f78abf28461f7bad240e6e7
  ...
make[1]: Leaving directory '/home/runner/work/moq-interop-runner/moq-interop-runner/main'
