make[1]: Entering directory '/home/runner/work/moq-interop-runner/moq-interop-runner/main'
Running tests against https://draft-14.cloudflare.mediaoverquic.com:443/moq...
  Client: ghcr.io/englishm/moq-interop-runner-moq-test-client:latest
docker run --rm \
	 \
	--network host \
	-e RELAY_URL=https://draft-14.cloudflare.mediaoverquic.com:443/moq \
	-e TLS_DISABLE_VERIFY=false \
	ghcr.io/englishm/moq-interop-runner-moq-test-client:latest
TAP version 14
# moq-test-client v0.1.0
# Relay: https://draft-14.cloudflare.mediaoverquic.com/moq
1..6
ok 1 - setup-only
  ---
  duration_ms: 19
  connection_id: 6d13494f07c6b5936b837b4ae34dd5d8
  ...
ok 2 - announce-only
  ---
  duration_ms: 2016
  connection_id: f481360a96ce4044dc5e8714b93981c3
  ...
ok 3 - subscribe-error
  ---
  duration_ms: 109
  connection_id: 31a9ce53a579894e5e0bc3c37023e85c
  ...
ok 4 - announce-subscribe
  ---
  duration_ms: 144
  publisher_connection_id: 9ebea6253e9a26a2b6892d01cf3ee067
  subscriber_connection_id: 8d289c9059ea25cc877bbc1692d81625
  ...
not ok 5 - subscribe-before-announce
  ---
  duration_ms: 652
  message: "publisher announce failed: serve error: closed, code=0: closed, code=0"
  ...
not ok 6 - publish-namespace-done
  ---
  duration_ms: 96
  message: "announce failed: serve error: closed, code=0: closed, code=0"
  ...
make[1]: *** [Makefile:122: test-external] Error 1
make[1]: Leaving directory '/home/runner/work/moq-interop-runner/moq-interop-runner/main'
