make[1]: Entering directory '/home/runner/work/moq-interop-runner/moq-interop-runner/main'
Running tests against moqt://moqx-main.ci.openmoq.org:4433...
  Client: ghcr.io/englishm/moq-interop-runner-moq-test-client:latest
docker run --rm \
	 \
	--network host \
	-e RELAY_URL=moqt://moqx-main.ci.openmoq.org:4433 \
	-e TLS_DISABLE_VERIFY=false \
	ghcr.io/englishm/moq-interop-runner-moq-test-client:latest
TAP version 14
# moq-test-client v0.1.0
# Relay: moqt://moqx-main.ci.openmoq.org:4433
1..6
ok 1 - setup-only
  ---
  duration_ms: 10
  connection_id: c2847104cade7decca816a32ab556f3b
  ...
ok 2 - announce-only
  ---
  duration_ms: 2032
  connection_id: b3faf5f37afbabd04e0197e5f733476c
  ...
ok 3 - subscribe-error
  ---
  duration_ms: 33
  connection_id: 0c928a47c0b3be06cf659401b20103eb
  ...
ok 4 - announce-subscribe
  ---
  duration_ms: 3019
  publisher_connection_id: 70886064e40d7fa92623af7a18f00401
  subscriber_connection_id: 65d74ef01527c70169b6b226fdfd8eed
  ...
ok 5 - subscribe-before-announce
  ---
  duration_ms: 3554
  subscriber_connection_id: f6d98ee2c7342a266ac19c310a1b7f1c
  publisher_connection_id: 6e783208faa8aa81d32b736f47562987
  ...
ok 6 - publish-namespace-done
  ---
  duration_ms: 2127
  connection_id: 160b9e12a70f9f7b303e26e79a9016db
  ...
make[1]: Leaving directory '/home/runner/work/moq-interop-runner/moq-interop-runner/main'
