make[1]: Entering directory '/home/runner/work/moq-interop-runner/moq-interop-runner/main'
Running tests against moqt://fb.mvfst.net:9448...
  Client: ghcr.io/englishm/moq-interop-runner-moq-test-client-draft-16:latest
docker run --rm \
	 \
	--network host \
	-e RELAY_URL=moqt://fb.mvfst.net:9448 \
	-e TLS_DISABLE_VERIFY=1 \
	ghcr.io/englishm/moq-interop-runner-moq-test-client-draft-16:latest
TAP version 14
# moq-test-client v0.1.0
# Relay: moqt://fb.mvfst.net:9448
1..6
ok 1 - setup-only
  ---
  duration_ms: 122
  connection_id: 1e3febe09279fefc79e2caa1b008bae0
  ...
ok 2 - announce-only
  ---
  duration_ms: 2096
  connection_id: a4bcbfb6d91742ffa5efbee8f353dd50
  ...
ok 3 - subscribe-error
  ---
  duration_ms: 193
  connection_id: c5f36df5af034a6c516c5a319222ea2d
  ...
ok 4 - announce-subscribe
  ---
  duration_ms: 315
  publisher_connection_id: 9fbe653bc7fc0dcaf0b65dffc3a3e1b5
  subscriber_connection_id: f33573af40ce95cec877fd1ef179001f
  ...
ok 5 - subscribe-before-announce
  ---
  duration_ms: 3815
  subscriber_connection_id: 76f66be30d0421560d0bc578c54f1bdf
  publisher_connection_id: 590d6bc49e117f7e9f92d60ac803ca24
  ...
ok 6 - publish-namespace-done
  ---
  duration_ms: 2161
  connection_id: a1ca1c28bc50ac904a167ebe82e68f65
  ...
make[1]: Leaving directory '/home/runner/work/moq-interop-runner/moq-interop-runner/main'
