make[1]: Entering directory '/home/runner/work/moq-interop-runner/moq-interop-runner/main'
Running tests against https://draft-16-manish.cloudflare.mediaoverquic.com:443/moq...
  Client: ghcr.io/facebookexperimental/moxygen-interop-client:latest-amd64
docker run --rm \
	 \
	--network host \
	-e RELAY_URL=https://draft-16-manish.cloudflare.mediaoverquic.com:443/moq \
	-e TLS_DISABLE_VERIFY=false \
	ghcr.io/facebookexperimental/moxygen-interop-client:latest-amd64
TAP version 14
# moxygen interop test client
# Relay: https://draft-16-manish.cloudflare.mediaoverquic.com:443/moq
# Transport: WebTransport
1..6
E20260720 01:41:56.626103     1 HQSession.cpp:579] Connection closed with error err=Crypto error: certificate_expired msg=fizz::FizzVerificationException: certificate verification failed: certificate has expired proto=, client CID=, server CID=ca6edfdabd26173f, local=<uninitialized address>, 34.68.101.111:443=upstream, drain=none
not ok 1 - setup-only
  ---
  duration_ms: 40
  error: Crypto error: certificate_expired
  ...
E0720 01:41:56.626975     1 MoQWebTransportClient.cpp:95] std::runtime_error: Crypto error: certificate_expired
E20260720 01:41:56.766752     1 HQSession.cpp:579] Connection closed with error err=Crypto error: certificate_expired msg=fizz::FizzVerificationException: certificate verification failed: certificate has expired proto=, client CID=, server CID=fdef72b9269d7153, local=<uninitialized address>, 34.68.101.111:443=upstream, drain=none
E0720 01:41:56.766828     1 MoQWebTransportClient.cpp:95] std::runtime_error: Crypto error: certificate_expired
not ok 2 - announce-only
  ---
  duration_ms: 139
  error: Crypto error: certificate_expired
  ...
E20260720 01:41:56.786974     1 HQSession.cpp:579] Connection closed with error err=Crypto error: certificate_expired msg=fizz::FizzVerificationException: certificate verification failed: certificate has expired proto=, client CID=, server CID=967a2cd369789ae5, local=<uninitialized address>, 34.68.101.111:443=upstream, drain=none
E0720 01:41:56.787067     1 MoQWebTransportClient.cpp:95] std::runtime_error: Crypto error: certificate_expired
not ok 3 - subscribe-error
  ---
  duration_ms: 20
  error: Crypto error: certificate_expired
  ...
E20260720 01:41:56.807194     1 HQSession.cpp:579] Connection closed with error err=Crypto error: certificate_expired msg=fizz::FizzVerificationException: certificate verification failed: certificate has expired proto=, client CID=, server CID=98fb67859628e4c1, local=<uninitialized address>, 34.68.101.111:443=upstream, drain=none
E0720 01:41:56.807286     1 MoQWebTransportClient.cpp:95] std::runtime_error: Crypto error: certificate_expired
not ok 4 - announce-subscribe
  ---
  duration_ms: 20
  error: Crypto error: certificate_expired
  ...
E20260720 01:41:56.826733     1 HQSession.cpp:579] Connection closed with error err=Crypto error: certificate_expired msg=fizz::FizzVerificationException: certificate verification failed: certificate has expired proto=, client CID=, server CID=a5540803009ed1a0, local=<uninitialized address>, 34.68.101.111:443=upstream, drain=none
E0720 01:41:56.826825     1 MoQWebTransportClient.cpp:95] std::runtime_error: Crypto error: certificate_expired
not ok 5 - publish-namespace-done
  ---
  duration_ms: 19
  error: Crypto error: certificate_expired
  ...
E20260720 01:41:56.846977     1 HQSession.cpp:579] Connection closed with error err=Crypto error: certificate_expired msg=fizz::FizzVerificationException: certificate verification failed: certificate has expired proto=, client CID=, server CID=83078c61118afc12, local=<uninitialized address>, 34.68.101.111:443=upstream, drain=none
E0720 01:41:56.847070     1 MoQWebTransportClient.cpp:95] std::runtime_error: Crypto error: certificate_expired
not ok 6 - subscribe-before-announce
  ---
  duration_ms: 20
  error: Crypto error: certificate_expired
  ...
make[1]: *** [Makefile:122: test-external] Error 1
make[1]: Leaving directory '/home/runner/work/moq-interop-runner/moq-interop-runner/main'
