make[1]: Entering directory '/home/runner/work/moq-interop-runner/moq-interop-runner/main'
Running tests against moqt://moqx-main.ci.openmoq.org:4433...
  Client: ghcr.io/englishm/moq-interop-runner-xquic-moq-client-draft-18:latest
docker run --rm \
	 \
	--network host \
	-e RELAY_URL=moqt://moqx-main.ci.openmoq.org:4433 \
	-e TLS_DISABLE_VERIFY=false \
	ghcr.io/englishm/moq-interop-runner-xquic-moq-client-draft-18:latest
TAP version 14
# xquic-moq-interop-client v0.3.0-draft18
# Draft: draft-18
# Relay: moqt://172.234.201.95:4433 (sni=moqx-main.ci.openmoq.org)
1..2
ok 1 - setup-only
  ---
  duration_ms: 108
  ...
ok 2 - announce-only
  ---
  duration_ms: 102
  ...
make[1]: Leaving directory '/home/runner/work/moq-interop-runner/moq-interop-runner/main'
