make[1]: Entering directory '/home/runner/work/moq-interop-runner/moq-interop-runner/main'
Running tests against moqt://us-west-2.relay.quicr.org:33437...
  Client: ghcr.io/gmarzot/aiomoqt:latest
docker run --rm \
	 \
	--network host \
	-e RELAY_URL=moqt://us-west-2.relay.quicr.org:33437 \
	-e TLS_DISABLE_VERIFY=1 \
	ghcr.io/gmarzot/aiomoqt:latest
2026-05-28 01:15:08.356 ERROR: QUIC error: code: 376 reason: ConnectionTerminated
2026-05-28 01:15:08.356 ERROR: MOQT error: closing: ConnectionTerminated (376)
  [FAIL] setup-only: Failed: TimeoutError
2026-05-28 01:15:10.356 ERROR: QUIC error: code: 376 reason: ConnectionTerminated
2026-05-28 01:15:10.357 ERROR: MOQT error: closing: ConnectionTerminated (376)
  [FAIL] announce-only: Failed: TimeoutError
2026-05-28 01:15:12.360 ERROR: QUIC error: code: 376 reason: ConnectionTerminated
2026-05-28 01:15:12.360 ERROR: MOQT error: closing: ConnectionTerminated (376)
  [FAIL] publish-namespace-done: Failed: TimeoutError
2026-05-28 01:15:14.363 ERROR: QUIC error: code: 376 reason: ConnectionTerminated
2026-05-28 01:15:14.363 ERROR: MOQT error: closing: ConnectionTerminated (376)
  [FAIL] subscribe-error: Failed: TimeoutError
2026-05-28 01:15:16.366 ERROR: QUIC error: code: 376 reason: ConnectionTerminated
2026-05-28 01:15:16.366 ERROR: MOQT error: closing: ConnectionTerminated (376)
  [FAIL] announce-subscribe: Failed: TimeoutError
2026-05-28 01:15:19.370 ERROR: QUIC error: code: 376 reason: ConnectionTerminated
2026-05-28 01:15:19.370 ERROR: MOQT error: closing: ConnectionTerminated (376)
  [FAIL] subscribe-before-announce: Failed: TimeoutError
TAP version 14
# date: 2026-05-28T01:15:08Z
# ended: 2026-05-28T01:15:22Z
# target: moqt://us-west-2.relay.quicr.org:33437
# version: aiomoqt/0.9.5
1..6
not ok 1 - setup-only
  ---
  duration_ms: 2003.5
  message: Failed: TimeoutError
  expected: SERVER_SETUP received
  received: TimeoutError
  ...
not ok 2 - announce-only
  ---
  duration_ms: 2002.7
  message: Failed: TimeoutError
  expected: PUBLISH_NAMESPACE_OK
  received: TimeoutError
  ...
not ok 3 - publish-namespace-done
  ---
  duration_ms: 2003.1
  message: Failed: TimeoutError
  expected: PUBLISH_NAMESPACE_OK + PUBLISH_NAMESPACE_DONE
  received: TimeoutError
  ...
not ok 4 - subscribe-error
  ---
  duration_ms: 2003.3
  message: Failed: TimeoutError
  expected: error response
  received: TimeoutError
  ...
not ok 5 - announce-subscribe
  ---
  duration_ms: 3003.9
  publisher_connection_id: unknown
  subscriber_connection_id: unknown
  message: Failed: TimeoutError
  received: TimeoutError
  ...
not ok 6 - subscribe-before-announce
  ---
  duration_ms: 3504.4
  publisher_connection_id: unknown
  subscriber_connection_id: unknown
  message: Failed: TimeoutError
  received: TimeoutError
  ...
make[1]: *** [Makefile:121: test-external] Error 1
make[1]: Leaving directory '/home/runner/work/moq-interop-runner/moq-interop-runner/main'
