make[1]: Entering directory '/home/runner/work/moq-interop-runner/moq-interop-runner/main'
Running tests against https://moqx-main.ci.openmoq.org:4433/moq-relay...
  Client: ghcr.io/englishm/moq-interop-runner-moq-test-client:latest
docker run --rm \
	 \
	--network host \
	-e RELAY_URL=https://moqx-main.ci.openmoq.org:4433/moq-relay \
	-e TLS_DISABLE_VERIFY=false \
	ghcr.io/englishm/moq-interop-runner-moq-test-client:latest
TAP version 14
# moq-test-client v0.1.0
# Relay: https://moqx-main.ci.openmoq.org:4433/moq-relay
1..6
ok 1 - setup-only
  ---
  duration_ms: 406
  connection_id: 552f3ac5973e6489a096e616ee909224
  ...
ok 2 - announce-only
  ---
  duration_ms: 2285
  connection_id: 45671cfedfeebc4902af2c100a5e6198
  ...
ok 3 - subscribe-error
  ---
  duration_ms: 227
  connection_id: 062a267d7e356e80e93ad1b9526e362b
  ...
ok 4 - announce-subscribe
  ---
  duration_ms: 3521
  publisher_connection_id: 78e0e8f35374930157184f6bd4f13a0d
  subscriber_connection_id: 9fb88f8ad5a5f2b64e77af9750f92bdf
  ...
ok 5 - subscribe-before-announce
  ---
  duration_ms: 4033
  subscriber_connection_id: fbd6278fb3ca0d3476092263cf389314
  publisher_connection_id: 23ef820d9ee272f2facf1cef456db1b0
  ...
ok 6 - publish-namespace-done
  ---
  duration_ms: 2354
  connection_id: 8046ebb02dfde16dd3bcbcfb3820ca57
  ...
make[1]: Leaving directory '/home/runner/work/moq-interop-runner/moq-interop-runner/main'
