make[1]: Entering directory '/home/runner/work/moq-interop-runner/moq-interop-runner/main'
Running tests against moqt://draft-16-manish.cloudflare.mediaoverquic.com:443...
  Client: ghcr.io/englishm/moq-interop-runner-moq-test-client-draft-16:latest
docker run --rm \
	 \
	--network host \
	-e RELAY_URL=moqt://draft-16-manish.cloudflare.mediaoverquic.com:443 \
	-e TLS_DISABLE_VERIFY=false \
	ghcr.io/englishm/moq-interop-runner-moq-test-client-draft-16:latest
TAP version 14
# moq-test-client v0.1.0
# Relay: moqt://draft-16-manish.cloudflare.mediaoverquic.com:443
1..6
ok 1 - setup-only
  ---
  duration_ms: 306
  connection_id: 3188a2ad37abd3857db5ef81ca8065eb
  ...
ok 2 - announce-only
  ---
  duration_ms: 2122
  connection_id: 974959937e75b3fdd5a0ab4a8eda3617
  ...
ok 3 - subscribe-error
  ---
  duration_ms: 186
  connection_id: 779c1d0d6933bbc0fe19685242c6741d
  ...
ok 4 - announce-subscribe
  ---
  duration_ms: 307
  publisher_connection_id: 05510fec22de2190f9d49cd3a9e07097
  subscriber_connection_id: 478717accee444629ee970f7080df71f
  ...
ok 5 - subscribe-before-announce
  ---
  duration_ms: 3771
  subscriber_connection_id: e2505b8c6ff1753aa46d2c8c1745b81c
  publisher_connection_id: 87d4232dce6eaa672524ab80fa115f00
  ...
ok 6 - publish-namespace-done
  ---
  duration_ms: 2214
  connection_id: c02da3b5e3c2cba04806632dee202098
  ...
make[1]: Leaving directory '/home/runner/work/moq-interop-runner/moq-interop-runner/main'
