make[1]: Entering directory '/home/runner/work/moq-interop-runner/moq-interop-runner/main'
Running tests against https://fb.mvfst.net:9448/moq-relay...
  Client: ghcr.io/englishm/moq-interop-runner-moq-test-client:latest
docker run --rm \
	 \
	--network host \
	-e RELAY_URL=https://fb.mvfst.net:9448/moq-relay \
	-e TLS_DISABLE_VERIFY=1 \
	ghcr.io/englishm/moq-interop-runner-moq-test-client:latest
TAP version 14
# moq-test-client v0.1.0
# Relay: https://fb.mvfst.net:9448/moq-relay
1..6
ok 1 - setup-only
  ---
  duration_ms: 216
  connection_id: e7a7e973cd954da2f5d36cc021929db4
  ...
ok 2 - announce-only
  ---
  duration_ms: 2208
  connection_id: d6b22c4d9a7258688b46d83487975898
  ...
ok 3 - subscribe-error
  ---
  duration_ms: 267
  connection_id: 981ad2a751e0e401bd04e9773a23ece4
  ...
ok 4 - announce-subscribe
  ---
  duration_ms: 3415
  publisher_connection_id: 30e25772b06a0d7ff0fc1184f2b5416e
  subscriber_connection_id: 03d3c00873478738acc6d8d965f0c068
  ...
ok 5 - subscribe-before-announce
  ---
  duration_ms: 3927
  subscriber_connection_id: c6d382b611f2a8759c0cdfa83bebc911
  publisher_connection_id: 441c31e3e614c816c7fce8dd9908e74d
  ...
ok 6 - publish-namespace-done
  ---
  duration_ms: 2292
  connection_id: 255f14a7b691230f7202fe14fae3664b
  ...
make[1]: Leaving directory '/home/runner/work/moq-interop-runner/moq-interop-runner/main'
