make[1]: Entering directory '/home/runner/work/moq-interop-runner/moq-interop-runner/main'
Running tests against moqt://us-west-2.relay.quicr.org:33437...
  Client: ghcr.io/openmoq/moqx-interop-client:latest
docker run --rm \
	 \
	--network host \
	-e RELAY_URL=moqt://us-west-2.relay.quicr.org:33437 \
	-e TLS_DISABLE_VERIFY=1 \
	ghcr.io/openmoq/moqx-interop-client:latest
TAP version 14
# moxygen interop test client
# Relay: moqt://us-west-2.relay.quicr.org:33437
# Transport: QUIC
1..6
ok 1 - setup-only
  ---
  duration_ms: 78
  info: SETUP exchange completed successfully
  ...
W0528 01:07:42.989123     1 MoQSession.cpp:4880] Issuing request that will fail; nextRequestID_=0 peerMaxRequestID_=0 sess=0x55b340f53c70
E0528 01:07:43.009831     1 MoQRelaySession.cpp:718] PublishNamespaceDone for unknown publishNamespace, sess=0x55b340f53c70
ok 2 - announce-only
  ---
  duration_ms: 67
  info: PUBLISH_NAMESPACE completed successfully
  ...
W0528 01:07:43.056274     1 MoQSession.cpp:4880] Issuing request that will fail; nextRequestID_=0 peerMaxRequestID_=0 sess=0x55b340f62da0
not ok 3 - subscribe-error
  ---
  duration_ms: 66
  error: Subscribe succeeded (relay accepted non-existent track)
  ...
W0528 01:07:43.123477     1 MoQSession.cpp:4880] Issuing request that will fail; nextRequestID_=0 peerMaxRequestID_=0 sess=0x55b340f71210
W0528 01:07:43.190236     1 MoQSession.cpp:4880] Issuing request that will fail; nextRequestID_=0 peerMaxRequestID_=0 sess=0x55b340edd7a0
ok 4 - announce-subscribe
  ---
  duration_ms: 133
  info: Publisher announced, subscriber subscribed successfully
  ...
W0528 01:07:43.256269     1 MoQSession.cpp:4880] Issuing request that will fail; nextRequestID_=0 peerMaxRequestID_=0 sess=0x55b340f30460
ok 5 - publish-namespace-done
  ---
  duration_ms: 66
  info: PUBLISH_NAMESPACE_OK received, PUBLISH_NAMESPACE_DONE sent
  ...
W0528 01:07:43.325330     1 MoQSession.cpp:4880] Issuing request that will fail; nextRequestID_=0 peerMaxRequestID_=0 sess=0x55b340f30460
W0528 01:07:43.871448     1 MoQSession.cpp:4880] Issuing request that will fail; nextRequestID_=0 peerMaxRequestID_=0 sess=0x55b340f27d90
ok 6 - subscribe-before-announce
  ---
  duration_ms: 614
  info: Subscribe succeeded after publisher announced (relay buffers pending subscriptions)
  ...
make[1]: *** [Makefile:121: test-external] Error 1
make[1]: Leaving directory '/home/runner/work/moq-interop-runner/moq-interop-runner/main'
