make[1]: Entering directory '/home/runner/work/moq-interop-runner/moq-interop-runner/main'
Running tests against https://relay.moqtail.dev...
  Client: ghcr.io/gmarzot/aiomoqt:latest
docker run --rm \
	 \
	--network host \
	-e RELAY_URL=https://relay.moqtail.dev \
	-e TLS_DISABLE_VERIFY=false \
	ghcr.io/gmarzot/aiomoqt:latest
  [PASS] setup-only: SERVER_SETUP received with compatible version
  [PASS] announce-only: PUBLISH_NAMESPACE_OK received
  [PASS] publish-namespace-done: PUBLISH_NAMESPACE_OK received, PUBLISH_NAMESPACE_DONE sent
  [FAIL] subscribe-error: Failed: TimeoutError
  [FAIL] announce-subscribe: Failed: TimeoutError
  [FAIL] subscribe-before-announce: Timeout waiting for subscriber response
TAP version 14
# date: 2026-06-16T01:06:29Z
# ended: 2026-06-16T01:06:42Z
# target: https://relay.moqtail.dev
# version: aiomoqt/0.9.8
1..6
ok 1 - setup-only
  ---
  duration_ms: 46.9
  connection_id: unknown
  message: SERVER_SETUP received with compatible version
  ...
ok 2 - announce-only
  ---
  duration_ms: 10.1
  connection_id: unknown
  message: PUBLISH_NAMESPACE_OK received
  ...
ok 3 - publish-namespace-done
  ---
  duration_ms: 110.7
  connection_id: unknown
  message: PUBLISH_NAMESPACE_OK received, PUBLISH_NAMESPACE_DONE sent
  ...
not ok 4 - subscribe-error
  ---
  duration_ms: 5006.4
  message: Failed: TimeoutError
  expected: error response
  received: TimeoutError
  ...
not ok 5 - announce-subscribe
  ---
  duration_ms: 6006.7
  publisher_connection_id: unknown
  subscriber_connection_id: unknown
  message: Failed: TimeoutError
  received: TimeoutError
  ...
not ok 6 - subscribe-before-announce
  ---
  duration_ms: 2521.9
  publisher_connection_id: unknown
  subscriber_connection_id: unknown
  message: Timeout waiting for subscriber response
  ...
make[1]: *** [Makefile:121: test-external] Error 1
make[1]: Leaving directory '/home/runner/work/moq-interop-runner/moq-interop-runner/main'
