make[1]: Entering directory '/home/runner/work/moq-interop-runner/moq-interop-runner/main'
Running tests against moqt://lminiero.it:9000...
  Client: ghcr.io/englishm/moq-interop-runner-moq-test-client-draft-16:latest
docker run --rm \
	 \
	--network host \
	-e RELAY_URL=moqt://lminiero.it:9000 \
	-e TLS_DISABLE_VERIFY=false \
	ghcr.io/englishm/moq-interop-runner-moq-test-client-draft-16:latest
TAP version 14
# moq-test-client v0.1.0
# Relay: moqt://lminiero.it:9000
1..6
ok 1 - setup-only
  ---
  duration_ms: 704
  connection_id: 8a0d20ef174e7edefdb6c6abd09fa7d8
  ...
ok 2 - announce-only
  ---
  duration_ms: 2347
  connection_id: da6a03ef1f4fd963f64bf32cbb6e8c55
  ...
ok 3 - subscribe-error
  ---
  duration_ms: 694
  connection_id: 187a32927306204ecd49066951d8b539
  ...
ok 4 - announce-subscribe
  ---
  duration_ms: 3947
  publisher_connection_id: 91df31cf840d3b94f289948ce9337c4d
  subscriber_connection_id: d68dd3fa0b36c5d2ba820d365f8c4e9b
  ...
ok 5 - subscribe-before-announce
  ---
  duration_ms: 5324
  subscriber_connection_id: 7644ef8ef95506a74aee9354e0aa4c70
  publisher_connection_id: 3d3be0795e489783390ce71a7e4969d2
  ...
ok 6 - publish-namespace-done
  ---
  duration_ms: 2689
  connection_id: 2302a4be6e3aa8299552e7e33b00ee78
  ...
make[1]: Leaving directory '/home/runner/work/moq-interop-runner/moq-interop-runner/main'
