make[1]: Entering directory '/home/runner/work/moq-interop-runner/moq-interop-runner/main'
Running tests against https://fb.mvfst.net:9448/moq-relay...
  Client: ghcr.io/englishm/moq-interop-runner-moq-test-client:latest
docker run --rm \
	 \
	--network host \
	-e RELAY_URL=https://fb.mvfst.net:9448/moq-relay \
	-e TLS_DISABLE_VERIFY=1 \
	ghcr.io/englishm/moq-interop-runner-moq-test-client:latest
TAP version 14
# moq-test-client v0.1.0
# Relay: https://fb.mvfst.net:9448/moq-relay
1..6
ok 1 - setup-only
  ---
  duration_ms: 207
  connection_id: 39433090f42d58b46676a4bf90ef3c3c
  ...
ok 2 - announce-only
  ---
  duration_ms: 2123
  connection_id: 571249feaafbaf9111afd5446321b3f5
  ...
ok 3 - subscribe-error
  ---
  duration_ms: 220
  connection_id: 0866b988950d5d083d15598fbe0821e3
  ...
ok 4 - announce-subscribe
  ---
  duration_ms: 299
  publisher_connection_id: 464f6ac7565a79cedc57e72e503b1573
  subscriber_connection_id: 14a84f0e4b354c54fa6067a08919d8a8
  ...
ok 5 - subscribe-before-announce
  ---
  duration_ms: 3852
  subscriber_connection_id: 3df11892b0f64153fb3f2ff1a4be3db8
  publisher_connection_id: 9808429cef4009f77bf81302864a7422
  ...
ok 6 - publish-namespace-done
  ---
  duration_ms: 2161
  connection_id: 2bde5f39ff5923ca94b3a3c50c3f5d76
  ...
make[1]: Leaving directory '/home/runner/work/moq-interop-runner/moq-interop-runner/main'
