make[1]: Entering directory '/home/runner/work/moq-interop-runner/moq-interop-runner/main'
Running tests against moqt://lminiero.it:9000...
  Client: ghcr.io/openmoq/moqx-interop-client:latest
docker run --rm \
	 \
	--network host \
	-e RELAY_URL=moqt://lminiero.it:9000 \
	-e TLS_DISABLE_VERIFY=false \
	ghcr.io/openmoq/moqx-interop-client:latest
TAP version 14
# moxygen interop test client
# Relay: moqt://lminiero.it:9000
# Transport: QUIC
1..6
ok 1 - setup-only
  ---
  duration_ms: 711
  info: SETUP exchange completed successfully
  ...
E0616 01:27:46.830448     1 MoQRelaySession.cpp:879] PublishNamespaceDone for unknown publishNamespace, sess=0x55a8de589d90
ok 2 - announce-only
  ---
  duration_ms: 353
  info: PUBLISH_NAMESPACE completed successfully
  ...
ok 3 - subscribe-error
  ---
  duration_ms: 1267
  info: Subscribe correctly returned error: Namespace not found
  ...
ok 4 - announce-subscribe
  ---
  duration_ms: 815
  info: Publisher announced, subscriber subscribed successfully
  ...
E0616 01:27:48.913067     1 MoQSession.cpp:5573] publishDone for invalid id=1 sess=0x55a8de57c040
ok 5 - publish-namespace-done
  ---
  duration_ms: 735
  info: PUBLISH_NAMESPACE_OK received, PUBLISH_NAMESPACE_DONE sent
  ...
E0616 01:27:54.390917     1 MoQSession.cpp:5445] subscribeFuture exception=folly::OperationCancelled: coroutine operation cancelled
not ok 6 - subscribe-before-announce
  ---
  duration_ms: 4743
  error: Timed out during subscribe-before-announce test
  ...
make[1]: *** [Makefile:121: test-external] Error 1
make[1]: Leaving directory '/home/runner/work/moq-interop-runner/moq-interop-runner/main'
