make[1]: Entering directory '/home/runner/work/moq-interop-runner/moq-interop-runner/main'
Running tests against https://quichemoq.dev:443...
  Client: ghcr.io/facebookexperimental/moxygen-interop-client:latest-amd64
docker run --rm \
	 \
	--network host \
	-e RELAY_URL=https://quichemoq.dev:443 \
	-e TLS_DISABLE_VERIFY=false \
	ghcr.io/facebookexperimental/moxygen-interop-client:latest-amd64
TAP version 14
# moxygen interop test client
# Relay: https://quichemoq.dev:443
# Transport: WebTransport
1..6
E20260616 01:33:06.636221     1 HQSession.cpp:558] Connection closed with error err=Connect failed msg=connect timeout proto=, client CID=, server CID=, local=<uninitialized address>, 34.53.4.47:443=upstream, drain=none
E0616 01:33:06.637312     1 MoQWebTransportClient.cpp:96] std::runtime_error: Connect failed
not ok 1 - setup-only
  ---
  duration_ms: 2103
  error: Connect failed
  ...
E20260616 01:33:08.653277     1 HQSession.cpp:558] Connection closed with error err=Connect failed msg=connect timeout proto=, client CID=, server CID=, local=<uninitialized address>, 34.53.4.47:443=upstream, drain=none
E0616 01:33:08.653405     1 MoQWebTransportClient.cpp:96] std::runtime_error: Connect failed
not ok 2 - announce-only
  ---
  duration_ms: 2016
  error: Connect failed
  ...
E20260616 01:33:10.744752     1 HQSession.cpp:558] Connection closed with error err=Connect failed msg=connect timeout proto=, client CID=, server CID=, local=<uninitialized address>, 34.53.4.47:443=upstream, drain=none
E0616 01:33:10.744905     1 MoQWebTransportClient.cpp:96] std::runtime_error: Connect failed
not ok 3 - subscribe-error
  ---
  duration_ms: 2091
  error: Connect failed
  ...
E20260616 01:33:12.835258     1 HQSession.cpp:558] Connection closed with error err=Connect failed msg=connect timeout proto=, client CID=, server CID=, local=<uninitialized address>, 34.53.4.47:443=upstream, drain=none
E0616 01:33:12.835407     1 MoQWebTransportClient.cpp:96] std::runtime_error: Connect failed
not ok 4 - announce-subscribe
  ---
  duration_ms: 2090
  error: Connect failed
  ...
E20260616 01:33:14.925451     1 HQSession.cpp:558] Connection closed with error err=Connect failed msg=connect timeout proto=, client CID=, server CID=, local=<uninitialized address>, 34.53.4.47:443=upstream, drain=none
E0616 01:33:14.925597     1 MoQWebTransportClient.cpp:96] std::runtime_error: Connect failed
not ok 5 - publish-namespace-done
  ---
  duration_ms: 2090
  error: Connect failed
  ...
E20260616 01:33:16.942212     1 HQSession.cpp:558] Connection closed with error err=Connect failed msg=connect timeout proto=, client CID=, server CID=, local=<uninitialized address>, 34.53.4.47:443=upstream, drain=none
E0616 01:33:16.942359     1 MoQWebTransportClient.cpp:96] std::runtime_error: Connect failed
not ok 6 - subscribe-before-announce
  ---
  duration_ms: 2016
  error: Connect failed
  ...
make[1]: *** [Makefile:121: test-external] Error 1
make[1]: Leaving directory '/home/runner/work/moq-interop-runner/moq-interop-runner/main'
