make[1]: Entering directory '/home/runner/work/moq-interop-runner/moq-interop-runner/main'
Running tests against https://draft-16-manish.cloudflare.mediaoverquic.com:443/moq...
  Client: ghcr.io/facebookexperimental/moxygen-interop-client:latest-amd64
docker run --rm \
	 \
	--network host \
	-e RELAY_URL=https://draft-16-manish.cloudflare.mediaoverquic.com:443/moq \
	-e TLS_DISABLE_VERIFY=false \
	ghcr.io/facebookexperimental/moxygen-interop-client:latest-amd64
TAP version 14
# moxygen interop test client
# Relay: https://draft-16-manish.cloudflare.mediaoverquic.com:443/moq
# Transport: WebTransport
1..6
E20260616 01:32:09.556970     1 HQSession.cpp:558] Connection closed with error err=Crypto error: certificate_expired msg=fizz::FizzVerificationException: certificate verification failed: certificate has expired proto=, client CID=, server CID=dae76f76ba9b4802, local=<uninitialized address>, 34.68.101.111:443=upstream, drain=none
E0616 01:32:09.557817     1 MoQWebTransportClient.cpp:96] std::runtime_error: Crypto error: certificate_expired
not ok 1 - setup-only
  ---
  duration_ms: 43
  error: Crypto error: certificate_expired
  ...
E20260616 01:32:09.577921     1 HQSession.cpp:558] Connection closed with error err=Crypto error: certificate_expired msg=fizz::FizzVerificationException: certificate verification failed: certificate has expired proto=, client CID=, server CID=0b7937eacf51f166, local=<uninitialized address>, 34.68.101.111:443=upstream, drain=none
E0616 01:32:09.578010     1 MoQWebTransportClient.cpp:96] std::runtime_error: Crypto error: certificate_expired
not ok 2 - announce-only
  ---
  duration_ms: 20
  error: Crypto error: certificate_expired
  ...
E20260616 01:32:09.700752     1 HQSession.cpp:558] Connection closed with error err=Crypto error: certificate_expired msg=fizz::FizzVerificationException: certificate verification failed: certificate has expired proto=, client CID=, server CID=8e7f868f4629b01a, local=<uninitialized address>, 34.68.101.111:443=upstream, drain=none
E0616 01:32:09.700832     1 MoQWebTransportClient.cpp:96] std::runtime_error: Crypto error: certificate_expired
not ok 3 - subscribe-error
  ---
  duration_ms: 122
  error: Crypto error: certificate_expired
  ...
E20260616 01:32:09.720938     1 HQSession.cpp:558] Connection closed with error err=Crypto error: certificate_expired msg=fizz::FizzVerificationException: certificate verification failed: certificate has expired proto=, client CID=, server CID=fe35f2d6160a7553, local=<uninitialized address>, 34.68.101.111:443=upstream, drain=none
E0616 01:32:09.721018     1 MoQWebTransportClient.cpp:96] std::runtime_error: Crypto error: certificate_expired
not ok 4 - announce-subscribe
  ---
  duration_ms: 20
  error: Crypto error: certificate_expired
  ...
E20260616 01:32:09.742103     1 HQSession.cpp:558] Connection closed with error err=Crypto error: certificate_expired msg=fizz::FizzVerificationException: certificate verification failed: certificate has expired proto=, client CID=, server CID=1599f31f703d4cf3, local=<uninitialized address>, 34.68.101.111:443=upstream, drain=none
E0616 01:32:09.742205     1 MoQWebTransportClient.cpp:96] std::runtime_error: Crypto error: certificate_expired
not ok 5 - publish-namespace-done
  ---
  duration_ms: 21
  error: Crypto error: certificate_expired
  ...
E20260616 01:32:09.762423     1 HQSession.cpp:558] Connection closed with error err=Crypto error: certificate_expired msg=fizz::FizzVerificationException: certificate verification failed: certificate has expired proto=, client CID=, server CID=dfdb645833eb2c11, local=<uninitialized address>, 34.68.101.111:443=upstream, drain=none
E0616 01:32:09.762503     1 MoQWebTransportClient.cpp:96] std::runtime_error: Crypto error: certificate_expired
not ok 6 - subscribe-before-announce
  ---
  duration_ms: 20
  error: Crypto error: certificate_expired
  ...
make[1]: *** [Makefile:121: test-external] Error 1
make[1]: Leaving directory '/home/runner/work/moq-interop-runner/moq-interop-runner/main'
