make[1]: Entering directory '/home/runner/work/moq-interop-runner/moq-interop-runner/main'
Running tests against moqt://fb.mvfst.net:9448...
  Client: ghcr.io/englishm/moq-interop-runner-moq-test-client-draft-16:latest
docker run --rm \
	 \
	--network host \
	-e RELAY_URL=moqt://fb.mvfst.net:9448 \
	-e TLS_DISABLE_VERIFY=1 \
	ghcr.io/englishm/moq-interop-runner-moq-test-client-draft-16:latest
TAP version 14
# moq-test-client v0.1.0
# Relay: moqt://fb.mvfst.net:9448
1..6
ok 1 - setup-only
  ---
  duration_ms: 47
  connection_id: 852649757ae9cca60531ddd44c2c8667
  ...
ok 2 - announce-only
  ---
  duration_ms: 2068
  connection_id: a70caa0f4a5dfdf26cb5850f41e7b724
  ...
ok 3 - subscribe-error
  ---
  duration_ms: 96
  connection_id: a83942486bc54ff264429f867c761b1e
  ...
not ok 4 - announce-subscribe
  ---
  duration_ms: 259
  message: "publisher session error: webtransport error: session error: connection error: closed by peer: 3: session error: connection error: closed by peer: 3: connection error: closed by peer: 3"
  ...
ok 5 - subscribe-before-announce
  ---
  duration_ms: 3631
  subscriber_connection_id: d3b0506592aca74fb0c76089956d863f
  publisher_connection_id: c834af464b800134792ac5d73e197ff4
  ...
ok 6 - publish-namespace-done
  ---
  duration_ms: 2147
  connection_id: 4dacee1a0c53bf6d6a097c2bbaa7055b
  ...
make[1]: *** [Makefile:121: test-external] Error 1
make[1]: Leaving directory '/home/runner/work/moq-interop-runner/moq-interop-runner/main'
