make[1]: Entering directory '/home/runner/work/moq-interop-runner/moq-interop-runner/main'
Running tests against https://draft-14.cloudflare.mediaoverquic.com:443/moq...
  Client: ghcr.io/englishm/moq-interop-runner-moq-test-client:latest
docker run --rm \
	 \
	--network host \
	-e RELAY_URL=https://draft-14.cloudflare.mediaoverquic.com:443/moq \
	-e TLS_DISABLE_VERIFY=false \
	ghcr.io/englishm/moq-interop-runner-moq-test-client:latest
TAP version 14
# moq-test-client v0.1.0
# Relay: https://draft-14.cloudflare.mediaoverquic.com/moq
1..6
ok 1 - setup-only
  ---
  duration_ms: 29
  connection_id: 595d9551b2278f8fa8e38b4097be025d
  ...
ok 2 - announce-only
  ---
  duration_ms: 2028
  connection_id: 2ceb2b231783dd91840cacac3370d5ab
  ...
ok 3 - subscribe-error
  ---
  duration_ms: 165
  connection_id: d0887378ba66de7c513d9999a581c60a
  ...
ok 4 - announce-subscribe
  ---
  duration_ms: 3070
  publisher_connection_id: f33613931fa0005419bb04489a09aa38
  subscriber_connection_id: 3aaa1d00e546d85c6e7e6a4517e5cae5
  ...
ok 5 - subscribe-before-announce
  ---
  duration_ms: 3587
  subscriber_connection_id: 019df3e11c7e2d00f2324e8198e58097
  publisher_connection_id: 6ba743860772edb3988f138a813c445d
  ...
ok 6 - publish-namespace-done
  ---
  duration_ms: 2150
  connection_id: f786ab59303db1dab7898326227d1b00
  ...
make[1]: Leaving directory '/home/runner/work/moq-interop-runner/moq-interop-runner/main'
