make[1]: Entering directory '/home/runner/work/moq-interop-runner/moq-interop-runner/main'
Running tests against https://fb.mvfst.net:9448/moq-relay...
  Client: ghcr.io/englishm/moq-interop-runner-moq-test-client:latest
docker run --rm \
	 \
	--network host \
	-e RELAY_URL=https://fb.mvfst.net:9448/moq-relay \
	-e TLS_DISABLE_VERIFY=1 \
	ghcr.io/englishm/moq-interop-runner-moq-test-client:latest
TAP version 14
# moq-test-client v0.1.0
# Relay: https://fb.mvfst.net:9448/moq-relay
1..6
ok 1 - setup-only
  ---
  duration_ms: 140
  connection_id: a3b8ac5e18e987ce55d70a631383e0b2
  ...
ok 2 - announce-only
  ---
  duration_ms: 2082
  connection_id: c21f55664ea63764448a154fe5a6cf6f
  ...
ok 3 - subscribe-error
  ---
  duration_ms: 164
  connection_id: 647bd08b8981784ad432de6b2a407da9
  ...
ok 4 - announce-subscribe
  ---
  duration_ms: 302
  publisher_connection_id: 2eece2a6827c305d22da46f766ce886e
  subscriber_connection_id: b4dff0743cc06e63f34eaf126d3df904
  ...
ok 5 - subscribe-before-announce
  ---
  duration_ms: 3810
  subscriber_connection_id: 9b51dad26b8be67168976f16889caf12
  publisher_connection_id: 4de07362badc9a43f45b2118964ba2f2
  ...
ok 6 - publish-namespace-done
  ---
  duration_ms: 2184
  connection_id: 04b72f5035c7feff5d481198c67498be
  ...
make[1]: Leaving directory '/home/runner/work/moq-interop-runner/moq-interop-runner/main'
