make[1]: Entering directory '/home/runner/work/moq-interop-runner/moq-interop-runner/main'
Running tests against moqt://lminiero.it:9000...
  Client: ghcr.io/openmoq/moqx-interop-client:latest
docker run --rm \
	 \
	--network host \
	-e RELAY_URL=moqt://lminiero.it:9000 \
	-e TLS_DISABLE_VERIFY=false \
	ghcr.io/openmoq/moqx-interop-client:latest
TAP version 14
# moxygen interop test client
# Relay: moqt://lminiero.it:9000
# Transport: QUIC
1..6
ok 1 - setup-only
  ---
  duration_ms: 255
  info: SETUP exchange completed successfully
  ...
E0525 00:52:41.429516     1 MoQRelaySession.cpp:712] PublishNamespaceDone for unknown publishNamespace, sess=0x55ed8bc92430
ok 2 - announce-only
  ---
  duration_ms: 532
  info: PUBLISH_NAMESPACE completed successfully
  ...
ok 3 - subscribe-error
  ---
  duration_ms: 546
  info: Subscribe correctly returned error: Namespace not found
  ...
not ok 4 - announce-subscribe
  ---
  duration_ms: 334
  error: PUBLISH_NAMESPACE failed: Namespace already published
  ...
ok 5 - publish-namespace-done
  ---
  duration_ms: 335
  info: PUBLISH_NAMESPACE_OK received, PUBLISH_NAMESPACE_DONE sent
  ...
E0525 00:52:47.371191     1 MoQSession.cpp:4893] subscribeFuture exception=folly::OperationCancelled: coroutine operation cancelled
not ok 6 - subscribe-before-announce
  ---
  duration_ms: 4724
  error: Timed out during subscribe-before-announce test
  ...
make[1]: *** [Makefile:121: test-external] Error 1
make[1]: Leaving directory '/home/runner/work/moq-interop-runner/moq-interop-runner/main'
