make[1]: Entering directory '/home/runner/work/moq-interop-runner/moq-interop-runner/main'
Running tests against https://relay.moqtail.dev...
  Client: ghcr.io/openmoq/moqx-interop-client:latest
docker run --rm \
	 \
	--network host \
	-e RELAY_URL=https://relay.moqtail.dev \
	-e TLS_DISABLE_VERIFY=false \
	ghcr.io/openmoq/moqx-interop-client:latest
TAP version 14
# moxygen interop test client
# Relay: https://relay.moqtail.dev
# Transport: WebTransport
1..6
W0525 01:08:56.675489     1 MoQWebTransportClient.cpp:172] WebTransport: No WT-Protocol header in response, will use legacy version negotiation
E0525 01:08:56.697653     1 MoQWebTransportClient.cpp:197] proxygen::HTTPException: Got error=ApplicationError: No Error, Client closed by peer reason=Setup failed
not ok 1 - setup-only
  ---
  duration_ms: 247
  error: coroutine operation cancelled
  ...
W0525 01:08:56.805852     1 MoQWebTransportClient.cpp:172] WebTransport: No WT-Protocol header in response, will use legacy version negotiation
E0525 01:08:56.830509     1 MoQWebTransportClient.cpp:197] proxygen::HTTPException: Got error=ApplicationError: No Error, Client closed by peer reason=Setup failed
not ok 2 - announce-only
  ---
  duration_ms: 132
  error: coroutine operation cancelled
  ...
W0525 01:08:56.948284     1 MoQWebTransportClient.cpp:172] WebTransport: No WT-Protocol header in response, will use legacy version negotiation
E0525 01:08:56.968069     1 MoQWebTransportClient.cpp:197] proxygen::HTTPException: Got error=ApplicationError: No Error, Client closed by peer reason=Setup failed
not ok 3 - subscribe-error
  ---
  duration_ms: 137
  error: coroutine operation cancelled
  ...
W0525 01:08:57.044498     1 MoQWebTransportClient.cpp:172] WebTransport: No WT-Protocol header in response, will use legacy version negotiation
E0525 01:08:57.070915     1 MoQWebTransportClient.cpp:197] proxygen::HTTPException: Got error=ApplicationError: No Error, Client closed by peer reason=Setup failed
not ok 4 - announce-subscribe
  ---
  duration_ms: 102
  error: coroutine operation cancelled
  ...
W0525 01:08:57.134214     1 MoQWebTransportClient.cpp:172] WebTransport: No WT-Protocol header in response, will use legacy version negotiation
E0525 01:08:57.154624     1 MoQWebTransportClient.cpp:197] proxygen::HTTPException: Got error=ApplicationError: No Error, Client closed by peer reason=Setup failed
not ok 5 - publish-namespace-done
  ---
  duration_ms: 83
  error: coroutine operation cancelled
  ...
W0525 01:08:57.213938     1 MoQWebTransportClient.cpp:172] WebTransport: No WT-Protocol header in response, will use legacy version negotiation
E0525 01:08:57.239317     1 MoQWebTransportClient.cpp:197] proxygen::HTTPException: Got error=ApplicationError: No Error, Client closed by peer reason=Setup failed
not ok 6 - subscribe-before-announce
  ---
  duration_ms: 84
  error: coroutine operation cancelled
  ...
make[1]: *** [Makefile:121: test-external] Error 1
make[1]: Leaving directory '/home/runner/work/moq-interop-runner/moq-interop-runner/main'
