make[1]: Entering directory '/home/runner/work/moq-interop-runner/moq-interop-runner/main'
Running tests against moqt://draft-16-manish.cloudflare.mediaoverquic.com:443...
  Client: ghcr.io/facebookexperimental/moxygen-interop-client:latest-amd64
docker run --rm \
	 \
	--network host \
	-e RELAY_URL=moqt://draft-16-manish.cloudflare.mediaoverquic.com:443 \
	-e TLS_DISABLE_VERIFY=false \
	ghcr.io/facebookexperimental/moxygen-interop-client:latest-amd64
TAP version 14
# moxygen interop test client
# Relay: moqt://draft-16-manish.cloudflare.mediaoverquic.com:443
# Transport: QUIC
1..6
ok 1 - setup-only
  ---
  duration_ms: 182
  info: SETUP exchange completed successfully
  ...
ok 2 - announce-only
  ---
  duration_ms: 104
  info: PUBLISH_NAMESPACE completed successfully
  ...
E0525 00:49:26.434255     1 MoQRelaySession.cpp:712] PublishNamespaceDone for unknown publishNamespace, sess=0x557e7feff100
ok 3 - subscribe-error
  ---
  duration_ms: 163
  info: Subscribe correctly returned error: not found: Track not found [error:73094e6d-6881-420e-b681-cf3909a8678b]
  ...
E0525 00:49:26.911225     1 MoQCodec.cpp:95] Frame underflow -> parse error
E0525 00:49:26.911261     1 MoQCodec.cpp:126] Conn error=3
E0525 00:49:26.911265     1 MoQSession.cpp:4660] MoQCodec control stream parse error err=3
not ok 4 - announce-subscribe
  ---
  duration_ms: 313
  error: Subscribe failed: Session closed
  ...
ok 5 - publish-namespace-done
  ---
  duration_ms: 141
  info: PUBLISH_NAMESPACE_OK received, PUBLISH_NAMESPACE_DONE sent
  ...
ok 6 - subscribe-before-announce
  ---
  duration_ms: 778
  info: Subscribe returned error (relay doesn't buffer pending subscriptions): not found: Track not found [error:142ac6f9-08ae-4272-939a-c9d0b295c491]
  ...
make[1]: *** [Makefile:121: test-external] Error 1
make[1]: Leaving directory '/home/runner/work/moq-interop-runner/moq-interop-runner/main'
