make[1]: Entering directory '/home/runner/work/moq-interop-runner/moq-interop-runner/main'
Running tests against moqt://draft-16-manish.cloudflare.mediaoverquic.com:443...
  Client: ghcr.io/englishm/moq-interop-runner-moq-test-client-draft-16:latest
docker run --rm \
	--network host \
	-e RELAY_URL=moqt://draft-16-manish.cloudflare.mediaoverquic.com:443 \
	-e TLS_DISABLE_VERIFY=false \
	ghcr.io/englishm/moq-interop-runner-moq-test-client-draft-16:latest
TAP version 14
# moq-test-client v0.1.0
# Relay: moqt://draft-16-manish.cloudflare.mediaoverquic.com:443
1..6
ok 1 - setup-only
  ---
  duration_ms: 336
  connection_id: 898a5eafe4943f23555ed6e554b1e21d
  ...
ok 2 - announce-only
  ---
  duration_ms: 2080
  connection_id: 9793403a25cad4f5206d81ba96938bfa
  ...
ok 3 - subscribe-error
  ---
  duration_ms: 133
  connection_id: 97d3f59c79748c0451205efcfd9a60ea
  ...
ok 4 - announce-subscribe
  ---
  duration_ms: 3268
  publisher_connection_id: 0f0d1bcf468b2822aeb4fb9bf850c3b4
  subscriber_connection_id: 44d173e9dbb59e7777e85d7ee8e9427b
  ...
ok 5 - subscribe-before-announce
  ---
  duration_ms: 3681
  subscriber_connection_id: 6b2de35a6df98733667a24846459992e
  publisher_connection_id: 438419716d662e6d23daf3f43c6f10de
  ...
ok 6 - publish-namespace-done
  ---
  duration_ms: 2167
  connection_id: 7058baeec5cda2900a6ed0275799b17e
  ...
make[1]: Leaving directory '/home/runner/work/moq-interop-runner/moq-interop-runner/main'
