make[1]: Entering directory '/home/runner/work/moq-interop-runner/moq-interop-runner/main'
Running tests against https://draft-14.cloudflare.mediaoverquic.com:443/moq...
  Client: ghcr.io/englishm/moq-interop-runner-moq-test-client:latest
docker run --rm \
	--network host \
	-e RELAY_URL=https://draft-14.cloudflare.mediaoverquic.com:443/moq \
	-e TLS_DISABLE_VERIFY=false \
	ghcr.io/englishm/moq-interop-runner-moq-test-client:latest
TAP version 14
# moq-test-client v0.1.0
# Relay: https://draft-14.cloudflare.mediaoverquic.com/moq
1..6
ok 1 - setup-only
  ---
  duration_ms: 33
  connection_id: 7fde873a02c3a07d1b42c095c2bf5ca6
  ...
ok 2 - announce-only
  ---
  duration_ms: 2033
  connection_id: ee207efe32474188b5a8875c7269e694
  ...
ok 3 - subscribe-error
  ---
  duration_ms: 163
  connection_id: 4af99c060bac4ef59fdb7a87ad1a9056
  ...
ok 4 - announce-subscribe
  ---
  duration_ms: 186
  publisher_connection_id: afe42ee561ce46175e8b089d925d4341
  subscriber_connection_id: c40c46fd9b47b9faa77eda39435c07e9
  ...
ok 5 - subscribe-before-announce
  ---
  duration_ms: 3545
  subscriber_connection_id: 90f41dd815f1986ed056b7dcf3c11dbb
  publisher_connection_id: c655d4c7e91a5db7a5a9808fa50fa431
  ...
ok 6 - publish-namespace-done
  ---
  duration_ms: 2115
  connection_id: a913040bcf54a7d093039cc66f9552e8
  ...
make[1]: Leaving directory '/home/runner/work/moq-interop-runner/moq-interop-runner/main'
