make[1]: Entering directory '/home/runner/work/moq-interop-runner/moq-interop-runner/main'
Running tests against moqt://fb.mvfst.net:9448...
  Client: ghcr.io/englishm/moq-interop-runner-moq-test-client-draft-16:latest
docker run --rm \
	--network host \
	-e RELAY_URL=moqt://fb.mvfst.net:9448 \
	-e TLS_DISABLE_VERIFY=1 \
	ghcr.io/englishm/moq-interop-runner-moq-test-client-draft-16:latest
TAP version 14
# moq-test-client v0.1.0
# Relay: moqt://fb.mvfst.net:9448
1..6
ok 1 - setup-only
  ---
  duration_ms: 57
  connection_id: 7b7fcd7c1d484bc656023778bfab7c31
  ...
ok 2 - announce-only
  ---
  duration_ms: 2071
  connection_id: 29ed458e13f4acc9de94e81bc167449b
  ...
ok 3 - subscribe-error
  ---
  duration_ms: 92
  connection_id: 046f5e5decc7d49c4b260931fd40884e
  ...
ok 4 - announce-subscribe
  ---
  duration_ms: 338
  publisher_connection_id: 8290b945e1366a67c8588b14ec2a2291
  subscriber_connection_id: 3fd805b63dd28677ec6d33300b65253b
  ...
ok 5 - subscribe-before-announce
  ---
  duration_ms: 3706
  subscriber_connection_id: b940281e7cc22fc241f253aabbb41975
  publisher_connection_id: 553eb43a4a505b748ab0f9057816550b
  ...
ok 6 - publish-namespace-done
  ---
  duration_ms: 2280
  connection_id: 0b241baa0e5a061a9d76e3d3bc923a7f
  ...
make[1]: Leaving directory '/home/runner/work/moq-interop-runner/moq-interop-runner/main'
