make[1]: Entering directory '/home/runner/work/moq-interop-runner/moq-interop-runner/main'
Running tests against moqt://moqx-000.ci.openmoq.org:4433...
  Client: ghcr.io/englishm/moq-interop-runner-moq-test-client-draft-16:latest
docker run --rm \
	--network host \
	-e RELAY_URL=moqt://moqx-000.ci.openmoq.org:4433 \
	-e TLS_DISABLE_VERIFY=false \
	ghcr.io/englishm/moq-interop-runner-moq-test-client-draft-16:latest
TAP version 14
# moq-test-client v0.1.0
# Relay: moqt://moqx-000.ci.openmoq.org:4433
1..6
ok 1 - setup-only
  ---
  duration_ms: 85
  connection_id: 13f98de330f86e5f6bff601476736b0d
  ...
ok 2 - announce-only
  ---
  duration_ms: 2040
  connection_id: 780c672b3516b229825d31317054b8c0
  ...
ok 3 - subscribe-error
  ---
  duration_ms: 59
  connection_id: d63c8ffd11ed51d64bd8d00e1f59c725
  ...
ok 4 - announce-subscribe
  ---
  duration_ms: 206
  publisher_connection_id: 9bc367962823e94427b3e8ba0cf57bf6
  subscriber_connection_id: be152ff809d7279970958de57190183d
  ...
ok 5 - subscribe-before-announce
  ---
  duration_ms: 3988
  subscriber_connection_id: 336bfca8d2a9cceff32b67d0fc956e19
  publisher_connection_id: 96492f94dc0714fd7f66a2af9ef526a1
  ...
ok 6 - publish-namespace-done
  ---
  duration_ms: 2141
  connection_id: bbecde9ffc904e536c1f7cf6dff43f40
  ...
make[1]: Leaving directory '/home/runner/work/moq-interop-runner/moq-interop-runner/main'
