make[1]: Entering directory '/home/runner/work/moq-interop-runner/moq-interop-runner/main'
Running tests against https://moqx-000.ci.openmoq.org:4433/moq-relay...
  Client: ghcr.io/englishm/moq-interop-runner-moq-test-client:latest
docker run --rm \
	--network host \
	-e RELAY_URL=https://moqx-000.ci.openmoq.org:4433/moq-relay \
	-e TLS_DISABLE_VERIFY=false \
	ghcr.io/englishm/moq-interop-runner-moq-test-client:latest
TAP version 14
# moq-test-client v0.1.0
# Relay: https://moqx-000.ci.openmoq.org:4433/moq-relay
1..6
ok 1 - setup-only
  ---
  duration_ms: 263
  connection_id: 920c2574791f2fca8ad8ee366237c06d
  ...
ok 2 - announce-only
  ---
  duration_ms: 2291
  connection_id: b548287be0dbe7e77ac699f32387bcb3
  ...
ok 3 - subscribe-error
  ---
  duration_ms: 242
  connection_id: 199140de4cb6508fea5efc1b4d3c92fe
  ...
ok 4 - announce-subscribe
  ---
  duration_ms: 324
  publisher_connection_id: ca50124b020aad4768b71302d577f2d3
  subscriber_connection_id: aac5fb584cc676fa6bd60bddbeb0e0be
  ...
ok 5 - subscribe-before-announce
  ---
  duration_ms: 3826
  subscriber_connection_id: 57d042960e4e6db4aa557af35060ad80
  publisher_connection_id: 641a7a0c4f4c5e8e9cd2c2aabaa3ce01
  ...
ok 6 - publish-namespace-done
  ---
  duration_ms: 2230
  connection_id: 3d98c7523143a10f579091abf6489c6d
  ...
make[1]: Leaving directory '/home/runner/work/moq-interop-runner/moq-interop-runner/main'
