make[1]: Entering directory '/home/runner/work/moq-interop-runner/moq-interop-runner/main'
Running tests against moqt://draft-14.cloudflare.mediaoverquic.com:443...
  Client: ghcr.io/englishm/moq-interop-runner-moq-test-client:latest
docker run --rm \
	--network host \
	-e RELAY_URL=moqt://draft-14.cloudflare.mediaoverquic.com:443 \
	-e TLS_DISABLE_VERIFY=false \
	ghcr.io/englishm/moq-interop-runner-moq-test-client:latest
TAP version 14
# moq-test-client v0.1.0
# Relay: moqt://draft-14.cloudflare.mediaoverquic.com:443
1..6
ok 1 - setup-only
  ---
  duration_ms: 80
  connection_id: 31bccf2caa6f83fc0e84458cc075505f
  ...
ok 2 - announce-only
  ---
  duration_ms: 2040
  connection_id: e19c1102c54511d85fda827f430902ce
  ...
ok 3 - subscribe-error
  ---
  duration_ms: 382
  connection_id: d9d85a3e1a9b511cb275e641704bc995
  ...
ok 4 - announce-subscribe
  ---
  duration_ms: 3044
  publisher_connection_id: 4b46ef597188ffdcba5019ff7d3cc41d
  subscriber_connection_id: 2306fd0ddd391a79f9365427fe4b3b81
  ...
ok 5 - subscribe-before-announce
  ---
  duration_ms: 3579
  subscriber_connection_id: a31ac41017e9d1341a13cad9ae5fa04d
  publisher_connection_id: ae348e3bc87419cb9f29a8c73318ee16
  ...
ok 6 - publish-namespace-done
  ---
  duration_ms: 2138
  connection_id: 16a813d01747d1088b87844657dcc0c1
  ...
make[1]: Leaving directory '/home/runner/work/moq-interop-runner/moq-interop-runner/main'
