make[1]: Entering directory '/home/runner/work/moq-interop-runner/moq-interop-runner/main'
Running tests against https://lminiero.it:9000...
  Client: ghcr.io/englishm/moq-interop-runner-moq-test-client-draft-16:latest
docker run --rm \
	--network host \
	-e RELAY_URL=https://lminiero.it:9000 \
	-e TLS_DISABLE_VERIFY=false \
	ghcr.io/englishm/moq-interop-runner-moq-test-client-draft-16:latest
TAP version 14
# moq-test-client v0.1.0
# Relay: https://lminiero.it:9000/
1..6
ok 1 - setup-only
  ---
  duration_ms: 768
  connection_id: d6fce052139a0906195aa03ffab99738
  ...
ok 2 - announce-only
  ---
  duration_ms: 3205
  connection_id: ff8403be1c21d73164a16c0616f50b95
  ...
ok 3 - subscribe-error
  ---
  duration_ms: 846
  connection_id: 2449b56c2dabf98b861c47c9c17a8f2e
  ...
ok 4 - announce-subscribe
  ---
  duration_ms: 4114
  publisher_connection_id: a60f30742d297abda77e9c0492a4d37d
  subscriber_connection_id: 6a2d61f73272a05577c94562c0aaa50d
  ...
ok 5 - subscribe-before-announce
  ---
  duration_ms: 5914
  subscriber_connection_id: 5d1bdee67b13dc4200446b54e90e1d0f
  publisher_connection_id: c02638c126db00f197dded3d83c257f9
  ...
ok 6 - publish-namespace-done
  ---
  duration_ms: 2656
  connection_id: c5530921bdbd9eb87ce9927be84000d6
  ...
make[1]: Leaving directory '/home/runner/work/moq-interop-runner/moq-interop-runner/main'
