make[1]: Entering directory '/home/runner/work/moq-interop-runner/moq-interop-runner/main'
Running tests against moqt://fb.mvfst.net:9448...
  Client: ghcr.io/englishm/moq-interop-runner-moq-test-client:latest
docker run --rm \
	 \
	--network host \
	-e RELAY_URL=moqt://fb.mvfst.net:9448 \
	-e TLS_DISABLE_VERIFY=1 \
	ghcr.io/englishm/moq-interop-runner-moq-test-client:latest
TAP version 14
# moq-test-client v0.1.0
# Relay: moqt://fb.mvfst.net:9448
1..6
ok 1 - setup-only
  ---
  duration_ms: 56
  connection_id: bc97c7cfc34189338b4d580e526d67fe
  ...
ok 2 - announce-only
  ---
  duration_ms: 2146
  connection_id: f23dd3a789873c6d90d6e3724f51e7a5
  ...
ok 3 - subscribe-error
  ---
  duration_ms: 86
  connection_id: e109bd14e8e67d5433c41f4a19e9e916
  ...
ok 4 - announce-subscribe
  ---
  duration_ms: 3164
  publisher_connection_id: 8baf3a38557cce251e788f30c30be6df
  subscriber_connection_id: 5451b7d7df608e33febc24673bf8755f
  ...
ok 5 - subscribe-before-announce
  ---
  duration_ms: 3778
  subscriber_connection_id: c0c8cdfb0943542b0a02f179938e607e
  publisher_connection_id: 39d5368a1312851bdbfdf28db5d75306
  ...
ok 6 - publish-namespace-done
  ---
  duration_ms: 2158
  connection_id: 637ccf1fdae87838b7d4550adb8e95de
  ...
make[1]: Leaving directory '/home/runner/work/moq-interop-runner/moq-interop-runner/main'
