make[1]: Entering directory '/home/runner/work/moq-interop-runner/moq-interop-runner/main'
Running tests against moqt://draft-14.cloudflare.mediaoverquic.com:443...
  Client: ghcr.io/englishm/moq-interop-runner-moq-test-client:latest
docker run --rm \
	 \
	--network host \
	-e RELAY_URL=moqt://draft-14.cloudflare.mediaoverquic.com:443 \
	-e TLS_DISABLE_VERIFY=false \
	ghcr.io/englishm/moq-interop-runner-moq-test-client:latest
TAP version 14
# moq-test-client v0.1.0
# Relay: moqt://draft-14.cloudflare.mediaoverquic.com:443
1..6
ok 1 - setup-only
  ---
  duration_ms: 55
  connection_id: eff6bf8b9fdf07f2944aa4b01ce1bd1d
  ...
ok 2 - announce-only
  ---
  duration_ms: 2028
  connection_id: 0d8fd45850d96c826b915ed947173cc4
  ...
ok 3 - subscribe-error
  ---
  duration_ms: 137
  connection_id: 9c6a213eed3d5e9e19698560209ce15b
  ...
ok 4 - announce-subscribe
  ---
  duration_ms: 167
  publisher_connection_id: ec12bc03a5eadafa511243783e49a379
  subscriber_connection_id: ecf399def1d6bc77ea4cd505b45a55d6
  ...
ok 5 - subscribe-before-announce
  ---
  duration_ms: 3524
  subscriber_connection_id: d7d4a4288aad5a2c325196b3584ace5a
  publisher_connection_id: 4f0a3c7ee90dabf9209f30195bb757c5
  ...
ok 6 - publish-namespace-done
  ---
  duration_ms: 2128
  connection_id: 370add874910c26ef16f6ebad345ae0f
  ...
make[1]: Leaving directory '/home/runner/work/moq-interop-runner/moq-interop-runner/main'
