make[1]: Entering directory '/home/runner/work/moq-interop-runner/moq-interop-runner/main'
Running tests against moqt://fb.mvfst.net:9448...
  Client: ghcr.io/englishm/moq-interop-runner-moq-test-client-draft-16:latest
docker run --rm \
	 \
	--network host \
	-e RELAY_URL=moqt://fb.mvfst.net:9448 \
	-e TLS_DISABLE_VERIFY=1 \
	ghcr.io/englishm/moq-interop-runner-moq-test-client-draft-16:latest
TAP version 14
# moq-test-client v0.1.0
# Relay: moqt://fb.mvfst.net:9448
1..6
ok 1 - setup-only
  ---
  duration_ms: 120
  connection_id: fe76d9a8b9c81dc3f57b638ef6e26896
  ...
ok 2 - announce-only
  ---
  duration_ms: 2057
  connection_id: 864debee13203327578dd3e35efe2fb9
  ...
ok 3 - subscribe-error
  ---
  duration_ms: 85
  connection_id: fddf039447630fa2e7cc02b95ecf2031
  ...
ok 4 - announce-subscribe
  ---
  duration_ms: 312
  publisher_connection_id: 5d350dee9f1997d6c52c8ccc0a41ab1e
  subscriber_connection_id: cb0fa19e2f320b50c4452996507e834d
  ...
ok 5 - subscribe-before-announce
  ---
  duration_ms: 3630
  subscriber_connection_id: 1e10bcabcad8d72dbd6ea975a684f3fb
  publisher_connection_id: ca6c51078edb221834bc71794d38d572
  ...
ok 6 - publish-namespace-done
  ---
  duration_ms: 2158
  connection_id: 51e1f7e2d23bc2fdd64a3ab1cfd621a0
  ...
make[1]: Leaving directory '/home/runner/work/moq-interop-runner/moq-interop-runner/main'
