make[1]: Entering directory '/home/runner/work/moq-interop-runner/moq-interop-runner/main'
Running tests against https://draft-14.cloudflare.mediaoverquic.com:443/moq...
  Client: ghcr.io/englishm/moq-interop-runner-moq-test-client:latest
docker run --rm \
	 \
	--network host \
	-e RELAY_URL=https://draft-14.cloudflare.mediaoverquic.com:443/moq \
	-e TLS_DISABLE_VERIFY=false \
	ghcr.io/englishm/moq-interop-runner-moq-test-client:latest
TAP version 14
# moq-test-client v0.1.0
# Relay: https://draft-14.cloudflare.mediaoverquic.com/moq
1..6
ok 1 - setup-only
  ---
  duration_ms: 16
  connection_id: 82fd312e6f4fda3d8c1b83192d01652f
  ...
ok 2 - announce-only
  ---
  duration_ms: 2016
  connection_id: 1b940087de652d8881d26bb9665bdfb6
  ...
ok 3 - subscribe-error
  ---
  duration_ms: 139
  connection_id: 2e912fcb4d91f9a93193d50331678447
  ...
ok 4 - announce-subscribe
  ---
  duration_ms: 142
  publisher_connection_id: 0b9517b6856e072b6e69b858801e64aa
  subscriber_connection_id: 8f0f5f5db092884e8dc0a2e117bd856d
  ...
ok 5 - subscribe-before-announce
  ---
  duration_ms: 3581
  subscriber_connection_id: f1aecc2a241eae90c8476b2aabd28fe0
  publisher_connection_id: 8c7168af81f067c90ab74a827131bc2d
  ...
ok 6 - publish-namespace-done
  ---
  duration_ms: 2127
  connection_id: 280fd3dab6ed2d98817a96f7f781c679
  ...
make[1]: Leaving directory '/home/runner/work/moq-interop-runner/moq-interop-runner/main'
