make[1]: Entering directory '/home/runner/work/moq-interop-runner/moq-interop-runner/main'
Running tests against https://moqx-main.ci.openmoq.org:4433/moq-relay...
  Client: ghcr.io/englishm/moq-interop-runner-moq-test-client-draft-16:latest
docker run --rm \
	 \
	--network host \
	-e RELAY_URL=https://moqx-main.ci.openmoq.org:4433/moq-relay \
	-e TLS_DISABLE_VERIFY=false \
	ghcr.io/englishm/moq-interop-runner-moq-test-client-draft-16:latest
TAP version 14
# moq-test-client v0.1.0
# Relay: https://moqx-main.ci.openmoq.org:4433/moq-relay
1..6
ok 1 - setup-only
  ---
  duration_ms: 98
  connection_id: 92a1005872b9f4b49210914aaf74a71c
  ...
ok 2 - announce-only
  ---
  duration_ms: 2099
  connection_id: 8c5f65d26a18ea29e7cc8d0bba347a6c
  ...
ok 3 - subscribe-error
  ---
  duration_ms: 166
  connection_id: 15dc2e29a05d9a9c6fd318763984594b
  ...
ok 4 - announce-subscribe
  ---
  duration_ms: 3354
  publisher_connection_id: 4a9985bf51d7e85e28aa9c9c4b2921c2
  subscriber_connection_id: 3e79abe8112b550c49dd8bb0ce1ece7c
  ...
ok 5 - subscribe-before-announce
  ---
  duration_ms: 4630
  subscriber_connection_id: e504af1aa9ac2ca22ecb1c90aef2884d
  publisher_connection_id: 351354a8c34220371dd010deabe10cd5
  ...
ok 6 - publish-namespace-done
  ---
  duration_ms: 2172
  connection_id: 21ce469368c2b664b8e03c939038eb29
  ...
make[1]: Leaving directory '/home/runner/work/moq-interop-runner/moq-interop-runner/main'
