make[1]: Entering directory '/home/runner/work/moq-interop-runner/moq-interop-runner/main'
Running tests against https://relay.moqtail.dev...
  Client: ghcr.io/englishm/moq-interop-runner-moq-test-client-draft-16:latest
docker run --rm \
	 \
	--network host \
	-e RELAY_URL=https://relay.moqtail.dev \
	-e TLS_DISABLE_VERIFY=false \
	ghcr.io/englishm/moq-interop-runner-moq-test-client-draft-16:latest
TAP version 14
# moq-test-client v0.1.0
# Relay: https://relay.moqtail.dev/
1..6
ok 1 - setup-only
  ---
  duration_ms: 210
  connection_id: 90d2451570138f0bd72fb1e260e5a4be
  ...
ok 2 - announce-only
  ---
  duration_ms: 2107
  connection_id: 7c6c36a14450c8890a1a109ee8543886
  ...
ok 3 - subscribe-error
  ---
  duration_ms: 220
  connection_id: 4b2e3842aa82f7fb74c21ab34e18370f
  ...
not ok 4 - announce-subscribe
  ---
  duration_ms: 264
  message: "publisher session error: webtransport error: session error: connection error: closed: session error: connection error: closed: connection error: closed"
  ...
ok 5 - subscribe-before-announce
  ---
  duration_ms: 3740
  subscriber_connection_id: cf87371269791ca31ebf15ab678e60e3
  publisher_connection_id: f5806befeca55d6d896e08f5c185c1ba
  ...
ok 6 - publish-namespace-done
  ---
  duration_ms: 2240
  connection_id: 6c6d571f514d326746553f92fda1d6f6
  ...
make[1]: *** [Makefile:121: test-external] Error 1
make[1]: Leaving directory '/home/runner/work/moq-interop-runner/moq-interop-runner/main'
