make[1]: Entering directory '/home/runner/work/moq-interop-runner/moq-interop-runner/main'
Running tests against https://draft-16-manish.cloudflare.mediaoverquic.com:443/moq...
  Client: ghcr.io/facebookexperimental/moxygen-interop-client:latest-amd64
docker run --rm \
	 \
	--network host \
	-e RELAY_URL=https://draft-16-manish.cloudflare.mediaoverquic.com:443/moq \
	-e TLS_DISABLE_VERIFY=false \
	ghcr.io/facebookexperimental/moxygen-interop-client:latest-amd64
TAP version 14
# moxygen interop test client
# Relay: https://draft-16-manish.cloudflare.mediaoverquic.com:443/moq
# Transport: WebTransport
1..6
E20260609 01:10:27.859776     1 HQSession.cpp:541] Connection closed with error err=Crypto error: certificate_expired msg=fizz::FizzVerificationException: certificate verification failed: certificate has expired proto=, client CID=, server CID=e494f044a51fbc7f, local=<uninitialized address>, 34.68.101.111:443=upstream, drain=none
E0609 01:10:27.860781     1 MoQWebTransportClient.cpp:95] std::runtime_error: Crypto error: certificate_expired
not ok 1 - setup-only
  ---
  duration_ms: 71
  error: Crypto error: certificate_expired
  ...
E20260609 01:10:27.897259     1 HQSession.cpp:541] Connection closed with error err=Crypto error: certificate_expired msg=fizz::FizzVerificationException: certificate verification failed: certificate has expired proto=, client CID=, server CID=b282aace1b03091b, local=<uninitialized address>, 34.68.101.111:443=upstream, drain=none
E0609 01:10:27.897412     1 MoQWebTransportClient.cpp:95] std::runtime_error: Crypto error: certificate_expired
not ok 2 - announce-only
  ---
  duration_ms: 36
  error: Crypto error: certificate_expired
  ...
E20260609 01:10:27.956523     1 HQSession.cpp:541] Connection closed with error err=Crypto error: certificate_expired msg=fizz::FizzVerificationException: certificate verification failed: certificate has expired proto=, client CID=, server CID=7e2d934045cbc120, local=<uninitialized address>, 34.68.101.111:443=upstream, drain=none
E0609 01:10:27.956688     1 MoQWebTransportClient.cpp:95] std::runtime_error: Crypto error: certificate_expired
not ok 3 - subscribe-error
  ---
  duration_ms: 59
  error: Crypto error: certificate_expired
  ...
E20260609 01:10:27.998647     1 HQSession.cpp:541] Connection closed with error err=Crypto error: certificate_expired msg=fizz::FizzVerificationException: certificate verification failed: certificate has expired proto=, client CID=, server CID=7133e5afd77e5ab7, local=<uninitialized address>, 34.68.101.111:443=upstream, drain=none
E0609 01:10:27.998795     1 MoQWebTransportClient.cpp:95] std::runtime_error: Crypto error: certificate_expired
not ok 4 - announce-subscribe
  ---
  duration_ms: 42
  error: Crypto error: certificate_expired
  ...
E20260609 01:10:28.038753     1 HQSession.cpp:541] Connection closed with error err=Crypto error: certificate_expired msg=fizz::FizzVerificationException: certificate verification failed: certificate has expired proto=, client CID=, server CID=31d1faf1c35e3f72, local=<uninitialized address>, 34.68.101.111:443=upstream, drain=none
E0609 01:10:28.038943     1 MoQWebTransportClient.cpp:95] std::runtime_error: Crypto error: certificate_expired
not ok 5 - publish-namespace-done
  ---
  duration_ms: 40
  error: Crypto error: certificate_expired
  ...
E20260609 01:10:28.077400     1 HQSession.cpp:541] Connection closed with error err=Crypto error: certificate_expired msg=fizz::FizzVerificationException: certificate verification failed: certificate has expired proto=, client CID=, server CID=5ab779315b13cb72, local=<uninitialized address>, 34.68.101.111:443=upstream, drain=none
E0609 01:10:28.077562     1 MoQWebTransportClient.cpp:95] std::runtime_error: Crypto error: certificate_expired
not ok 6 - subscribe-before-announce
  ---
  duration_ms: 38
  error: Crypto error: certificate_expired
  ...
make[1]: *** [Makefile:121: test-external] Error 1
make[1]: Leaving directory '/home/runner/work/moq-interop-runner/moq-interop-runner/main'
