make[1]: Entering directory '/home/runner/work/moq-interop-runner/moq-interop-runner/main'
Running tests against moqt://us-west-2.relay.quicr.org:33437...
  Client: ghcr.io/englishm/moq-interop-runner-moq-test-client:latest
docker run --rm \
	--network host \
	-e RELAY_URL=moqt://us-west-2.relay.quicr.org:33437 \
	-e TLS_DISABLE_VERIFY=1 \
	ghcr.io/englishm/moq-interop-runner-moq-test-client:latest
TAP version 14
# moq-test-client v0.1.0
# Relay: moqt://us-west-2.relay.quicr.org:33437
1..6
ok 1 - setup-only
  ---
  duration_ms: 352
  connection_id: e3d64c6a39c1e818e2ded5c68fcd831f
  ...
ok 2 - announce-only
  ---
  duration_ms: 2421
  connection_id: 58dacc3240de6155ea245b7f036c91b7
  ...
not ok 3 - subscribe-error
  ---
  duration_ms: 10001
  message: "test timed out: deadline has elapsed"
  ...
ok 4 - announce-subscribe
  ---
  duration_ms: 3736
  publisher_connection_id: f73df360f6ea9e104b031602d0ed018a
  subscriber_connection_id: 76e1366da3fdceb9aca5d9f21381035d
  ...
ok 5 - subscribe-before-announce
  ---
  duration_ms: 5128
  subscriber_connection_id: c8e74c80c7c6df68ee5f2bd15140cb49
  publisher_connection_id: 2399b96dda7d7aafe43208605c4b7226
  ...
ok 6 - publish-namespace-done
  ---
  duration_ms: 2504
  connection_id: 38b017e6b205a17121efb4a0adeaabc1
  ...
make[1]: *** [Makefile:91: test-external] Error 1
make[1]: Leaving directory '/home/runner/work/moq-interop-runner/moq-interop-runner/main'
