make[1]: Entering directory '/home/runner/work/moq-interop-runner/moq-interop-runner/main'
Running tests against https://draft-14.cloudflare.mediaoverquic.com:443/moq...
  Client: ghcr.io/englishm/moq-interop-runner-moq-test-client:latest
docker run --rm \
	--network host \
	-e RELAY_URL=https://draft-14.cloudflare.mediaoverquic.com:443/moq \
	-e TLS_DISABLE_VERIFY=false \
	ghcr.io/englishm/moq-interop-runner-moq-test-client:latest
TAP version 14
# moq-test-client v0.1.0
# Relay: https://draft-14.cloudflare.mediaoverquic.com/moq
1..6
ok 1 - setup-only
  ---
  duration_ms: 34
  connection_id: a571b8cb2a7babfd5955169ae8d26d83
  ...
ok 2 - announce-only
  ---
  duration_ms: 2022
  connection_id: 6ad5cfbde1fed0eab3ff272ca0c3684a
  ...
ok 3 - subscribe-error
  ---
  duration_ms: 158
  connection_id: 5a050d8ff4616a84ea435568868e63e9
  ...
ok 4 - announce-subscribe
  ---
  duration_ms: 447
  publisher_connection_id: f6dd2ba6d6c84aaeb3ad25c705019f3b
  subscriber_connection_id: 04c4d48a53bb0255ffad86176a959315
  ...
ok 5 - subscribe-before-announce
  ---
  duration_ms: 3550
  subscriber_connection_id: 7a4f204a6b6a7ffc1d833dbe8bf76ba0
  publisher_connection_id: cb5287c50b824171b571da93db86157f
  ...
ok 6 - publish-namespace-done
  ---
  duration_ms: 2133
  connection_id: bd806574acca8013075f3883b1d67cad
  ...
make[1]: Leaving directory '/home/runner/work/moq-interop-runner/moq-interop-runner/main'
