make[1]: Entering directory '/home/runner/work/moq-interop-runner/moq-interop-runner/main'
Running tests against moqt://fb.mvfst.net:9448...
  Client: ghcr.io/englishm/moq-interop-runner-moq-test-client-draft-16:latest
docker run --rm \
	--network host \
	-e RELAY_URL=moqt://fb.mvfst.net:9448 \
	-e TLS_DISABLE_VERIFY=1 \
	ghcr.io/englishm/moq-interop-runner-moq-test-client-draft-16:latest
TAP version 14
# moq-test-client v0.1.0
# Relay: moqt://fb.mvfst.net:9448
1..6
ok 1 - setup-only
  ---
  duration_ms: 124
  connection_id: cf975bdc3883263602096a2b7b7bab14
  ...
ok 2 - announce-only
  ---
  duration_ms: 2086
  connection_id: ea56238fbee2c2ff4eb5df7556a420e4
  ...
ok 3 - subscribe-error
  ---
  duration_ms: 56
  connection_id: 4d00d494bb97f384077d5c7a218cdf69
  ...
not ok 4 - announce-subscribe
  ---
  duration_ms: 196
  message: "publisher session error: webtransport error: session error: connection error: closed by peer: 3: session error: connection error: closed by peer: 3: connection error: closed by peer: 3"
  ...
ok 5 - subscribe-before-announce
  ---
  duration_ms: 3632
  subscriber_connection_id: 22bbacffd6740d6549a164eab124ee08
  publisher_connection_id: 1c8b916cf7fe1da7a756f9b012366569
  ...
ok 6 - publish-namespace-done
  ---
  duration_ms: 2249
  connection_id: 02c5e01c3673fa87f4852f1ecf5bfc0f
  ...
make[1]: *** [Makefile:91: test-external] Error 1
make[1]: Leaving directory '/home/runner/work/moq-interop-runner/moq-interop-runner/main'
