make[1]: Entering directory '/home/runner/work/moq-interop-runner/moq-interop-runner/main'
Running tests against https://relay.moqtail.dev...
  Client: ghcr.io/englishm/moq-interop-runner-moq-test-client-draft-16:latest
docker run --rm \
	 \
	--network host \
	-e RELAY_URL=https://relay.moqtail.dev \
	-e TLS_DISABLE_VERIFY=false \
	ghcr.io/englishm/moq-interop-runner-moq-test-client-draft-16:latest
TAP version 14
# moq-test-client v0.1.0
# Relay: https://relay.moqtail.dev/
1..6
ok 1 - setup-only
  ---
  duration_ms: 131
  connection_id: 745eb2e2d4e22e3ae14a77769c30b5fb
  ...
ok 2 - announce-only
  ---
  duration_ms: 2110
  connection_id: 2f51957beabbc6b4a4cce8700f99c01d
  ...
ok 3 - subscribe-error
  ---
  duration_ms: 159
  connection_id: feba9377d4ab238478cb489964df3793
  ...
ok 4 - announce-subscribe
  ---
  duration_ms: 263
  publisher_connection_id: 4743fcc1538bb49cb3652adbf62ac29e
  subscriber_connection_id: cbabe2c3526b7d13a5e80816267d7b18
  ...
ok 5 - subscribe-before-announce
  ---
  duration_ms: 3781
  subscriber_connection_id: 5189cc59d8f844c3da41ac62cd01e66d
  publisher_connection_id: b34a64bf565552706a90b0d32c5a2506
  ...
ok 6 - publish-namespace-done
  ---
  duration_ms: 2277
  connection_id: 58501fa4578b026d6633cb58b30d7ff8
  ...
make[1]: Leaving directory '/home/runner/work/moq-interop-runner/moq-interop-runner/main'
