make[1]: Entering directory '/home/runner/work/moq-interop-runner/moq-interop-runner/main'
Running tests against moqt://fb.mvfst.net:9448...
  Client: ghcr.io/englishm/moq-interop-runner-moq-test-client-draft-16:latest
docker run --rm \
	 \
	--network host \
	-e RELAY_URL=moqt://fb.mvfst.net:9448 \
	-e TLS_DISABLE_VERIFY=1 \
	ghcr.io/englishm/moq-interop-runner-moq-test-client-draft-16:latest
TAP version 14
# moq-test-client v0.1.0
# Relay: moqt://fb.mvfst.net:9448
1..6
ok 1 - setup-only
  ---
  duration_ms: 178
  connection_id: f6938ff5ea181701fb08577301490a53
  ...
ok 2 - announce-only
  ---
  duration_ms: 2293
  connection_id: 3b36ff5321b82abaa85a748bfe5ae9dc
  ...
ok 3 - subscribe-error
  ---
  duration_ms: 112
  connection_id: bd334cd58fdc495a047fb3e266ffa1fc
  ...
ok 4 - announce-subscribe
  ---
  duration_ms: 493
  publisher_connection_id: f076cf75ef4641e2c79d8e29db618806
  subscriber_connection_id: 2f8d9eed86c9684b0a2da8c196d23e6d
  ...
ok 5 - subscribe-before-announce
  ---
  duration_ms: 3759
  subscriber_connection_id: b159640fe3315809395efbb9bad1f771
  publisher_connection_id: a0a1bab974d93cc4ea47f6c669f02f7c
  ...
ok 6 - publish-namespace-done
  ---
  duration_ms: 2225
  connection_id: b118ca5f6a36b9c585b637afd6cd29ce
  ...
make[1]: Leaving directory '/home/runner/work/moq-interop-runner/moq-interop-runner/main'
