make[1]: Entering directory '/home/runner/work/moq-interop-runner/moq-interop-runner/main'
Running tests against https://moqt.nokiaresearch.com:4443/moq...
  Client: ghcr.io/englishm/moq-interop-runner-moq-test-client-draft-18:latest
docker run --rm \
	 \
	--network host \
	-e RELAY_URL=https://moqt.nokiaresearch.com:4443/moq \
	-e TLS_DISABLE_VERIFY=false \
	ghcr.io/englishm/moq-interop-runner-moq-test-client-draft-18:latest
TAP version 14
# moq-test-client v0.1.6
# Relay: https://moqt.nokiaresearch.com:4443/moq
1..6
[2m2026-06-18T00:57:06.254762Z[0m [32m INFO[0m [2mmoq_native_ietf::quic[0m[2m:[0m UDP socket bound [3mbind[0m[2m=[0m[::]:0 [3mlocal[0m[2m=[0m[::]:35629 [3mdual_stack[0m[2m=[0mtrue
[2m2026-06-18T00:57:06.898491Z[0m [32m INFO[0m [2mmoq_test_client::scenarios[0m[2m:[0m SETUP exchange completed successfully
ok 1 - setup-only
  ---
  duration_ms: 644
  connection_id: 1588675d583bd517b1d125e586f6f582
  ...
[2m2026-06-18T00:57:06.899413Z[0m [32m INFO[0m [2mmoq_native_ietf::quic[0m[2m:[0m UDP socket bound [3mbind[0m[2m=[0m[::]:0 [3mlocal[0m[2m=[0m[::]:34252 [3mdual_stack[0m[2m=[0mtrue
[2m2026-06-18T00:57:07.439284Z[0m [32m INFO[0m [2mmoq_test_client::scenarios[0m[2m:[0m Sending PUBLISH_NAMESPACE for: moq-test/interop
not ok 2 - publish-namespace-only
  ---
  duration_ms: 540
  message: "PUBLISH_NAMESPACE failed: too many requests"
  ...
[2m2026-06-18T00:57:07.440389Z[0m [32m INFO[0m [2mmoq_native_ietf::quic[0m[2m:[0m UDP socket bound [3mbind[0m[2m=[0m[::]:0 [3mlocal[0m[2m=[0m[::]:50251 [3mdual_stack[0m[2m=[0mtrue
[2m2026-06-18T00:57:08.067681Z[0m [32m INFO[0m [2mmoq_test_client::scenarios[0m[2m:[0m Subscribing to non-existent track: nonexistent/namespace/test-track
[2m2026-06-18T00:57:08.067716Z[0m [31mERROR[0m [2mmoq_transport::serve::error[0m[2m:[0m [ebc55029-88df-44c2-ab6c-a7e6e8e43661] Internal error: request ID limit: too many requests at /build/moq-transport/src/session/subscriber.rs:191
[2m2026-06-18T00:57:08.067745Z[0m [33m WARN[0m [2mmoq_test_client::scenarios[0m[2m:[0m Got error but not clearly 'not found': internal error: Internal error [error:ebc55029-88df-44c2-ab6c-a7e6e8e43661]. Relay may use different error text.
ok 3 - subscribe-error
  ---
  duration_ms: 628
  connection_id: 24723e5e9c05b110a0b9ede1af370115
  ...
[2m2026-06-18T00:57:08.068629Z[0m [32m INFO[0m [2mmoq_native_ietf::quic[0m[2m:[0m UDP socket bound [3mbind[0m[2m=[0m[::]:0 [3mlocal[0m[2m=[0m[::]:60942 [3mdual_stack[0m[2m=[0mtrue
[2m2026-06-18T00:57:08.608144Z[0m [32m INFO[0m [2mmoq_native_ietf::quic[0m[2m:[0m UDP socket bound [3mbind[0m[2m=[0m[::]:0 [3mlocal[0m[2m=[0m[::]:54781 [3mdual_stack[0m[2m=[0mtrue
[2m2026-06-18T00:57:09.147920Z[0m [32m INFO[0m [2mmoq_test_client::scenarios[0m[2m:[0m Publisher sending PUBLISH_NAMESPACE: moq-test/interop
[2m2026-06-18T00:57:09.147945Z[0m [32m INFO[0m [2mmoq_test_client::scenarios[0m[2m:[0m Subscriber subscribing to track: moq-test/interop/test-track
not ok 4 - publish-namespace-subscribe
  ---
  duration_ms: 1080
  message: "publisher PUBLISH_NAMESPACE failed: too many requests"
  ...
[2m2026-06-18T00:57:09.149087Z[0m [32m INFO[0m [2mmoq_native_ietf::quic[0m[2m:[0m UDP socket bound [3mbind[0m[2m=[0m[::]:0 [3mlocal[0m[2m=[0m[::]:35130 [3mdual_stack[0m[2m=[0mtrue
[2m2026-06-18T00:57:09.689198Z[0m [32m INFO[0m [2mmoq_test_client::scenarios[0m[2m:[0m Subscriber subscribing BEFORE PUBLISH_NAMESPACE: moq-test/interop/test-track
[2m2026-06-18T00:57:09.689307Z[0m [31mERROR[0m [2mmoq_transport::serve::error[0m[2m:[0m [8a2c3628-c4d6-40b0-a178-634d20a0d287] Internal error: request ID limit: too many requests at /build/moq-transport/src/session/subscriber.rs:191
[2m2026-06-18T00:57:10.190849Z[0m [32m INFO[0m [2mmoq_native_ietf::quic[0m[2m:[0m UDP socket bound [3mbind[0m[2m=[0m[::]:0 [3mlocal[0m[2m=[0m[::]:48621 [3mdual_stack[0m[2m=[0mtrue
[2m2026-06-18T00:57:10.744119Z[0m [32m INFO[0m [2mmoq_test_client::scenarios[0m[2m:[0m Publisher sending PUBLISH_NAMESPACE (after subscriber): moq-test/interop
not ok 5 - subscribe-before-publish-namespace
  ---
  duration_ms: 1596
  message: "publisher PUBLISH_NAMESPACE failed: too many requests"
  ...
[2m2026-06-18T00:57:10.745166Z[0m [32m INFO[0m [2mmoq_native_ietf::quic[0m[2m:[0m UDP socket bound [3mbind[0m[2m=[0m[::]:0 [3mlocal[0m[2m=[0m[::]:52896 [3mdual_stack[0m[2m=[0mtrue
[2m2026-06-18T00:57:11.284302Z[0m [32m INFO[0m [2mmoq_test_client::scenarios[0m[2m:[0m Sending PUBLISH_NAMESPACE: moq-test/interop
not ok 6 - publish-namespace-done
  ---
  duration_ms: 540
  message: "PUBLISH_NAMESPACE failed: too many requests"
  ...
make[1]: *** [Makefile:121: test-external] Error 1
make[1]: Leaving directory '/home/runner/work/moq-interop-runner/moq-interop-runner/main'
