make[1]: Entering directory '/home/runner/work/moq-interop-runner/moq-interop-runner/main'
Running tests against https://fb.mvfst.net:9448/moq-relay...
  Client: ghcr.io/englishm/moq-interop-runner-moq-test-client-draft-16:latest
docker run --rm \
	 \
	--network host \
	-e RELAY_URL=https://fb.mvfst.net:9448/moq-relay \
	-e TLS_DISABLE_VERIFY=1 \
	ghcr.io/englishm/moq-interop-runner-moq-test-client-draft-16:latest
TAP version 14
# moq-test-client v0.1.0
# Relay: https://fb.mvfst.net:9448/moq-relay
1..6
ok 1 - setup-only
  ---
  duration_ms: 186
  connection_id: f63a7d396c0b4ce7ac1d2da49f0c5eed
  ...
ok 2 - announce-only
  ---
  duration_ms: 2149
  connection_id: 4373e713f2543105fee6dd6f3c5c42f7
  ...
ok 3 - subscribe-error
  ---
  duration_ms: 143
  connection_id: 8df8222e79f6c05603b1238d171da2b7
  ...
not ok 4 - announce-subscribe
  ---
  duration_ms: 406
  message: "publisher session error: webtransport error: read error: RESET_STREAM: 386759528: read error: RESET_STREAM: 386759528"
  ...
ok 5 - subscribe-before-announce
  ---
  duration_ms: 3912
  subscriber_connection_id: f09aeb0ac55422869fe181545e440c84
  publisher_connection_id: c4e16764f020e46ee56529fa56b84231
  ...
ok 6 - publish-namespace-done
  ---
  duration_ms: 2285
  connection_id: 6a1697bc49bbef772194c30d2b1be045
  ...
make[1]: *** [Makefile:121: test-external] Error 1
make[1]: Leaving directory '/home/runner/work/moq-interop-runner/moq-interop-runner/main'
