make[1]: Entering directory '/home/runner/work/moq-interop-runner/moq-interop-runner/main'
Running tests against moqt://lminiero.it:9000...
  Client: ghcr.io/englishm/moq-interop-runner-moq-test-client-draft-16:latest
docker run --rm \
	 \
	--network host \
	-e RELAY_URL=moqt://lminiero.it:9000 \
	-e TLS_DISABLE_VERIFY=false \
	ghcr.io/englishm/moq-interop-runner-moq-test-client-draft-16:latest
TAP version 14
# moq-test-client v0.1.0
# Relay: moqt://lminiero.it:9000
1..6
ok 1 - setup-only
  ---
  duration_ms: 322
  connection_id: 08f229a9607e23f41d24d0e7f9a80d9b
  ...
ok 2 - announce-only
  ---
  duration_ms: 2431
  connection_id: 2f10b9227c022199313cc55ff2fef553
  ...
ok 3 - subscribe-error
  ---
  duration_ms: 532
  connection_id: 678151b23cca92a7222b852020e87d04
  ...
ok 4 - announce-subscribe
  ---
  duration_ms: 4272
  publisher_connection_id: b0460ba84350cc59966ec21063ae210f
  subscriber_connection_id: db55bffefeac77afcab12751cc6c057e
  ...
ok 5 - subscribe-before-announce
  ---
  duration_ms: 5253
  subscriber_connection_id: 411fee7d32bf6ba98433ccc6b6d30b3a
  publisher_connection_id: a9884a94418934da68123b8e7f7f23f1
  ...
ok 6 - publish-namespace-done
  ---
  duration_ms: 2526
  connection_id: df715b2570fceec9a296d57718d47404
  ...
make[1]: Leaving directory '/home/runner/work/moq-interop-runner/moq-interop-runner/main'
