make[1]: Entering directory '/home/runner/work/moq-interop-runner/moq-interop-runner/main'
Running tests against https://draft-16-manish.cloudflare.mediaoverquic.com:443/moq...
  Client: ghcr.io/openmoq/moqx-interop-client:latest
docker run --rm \
	 \
	--network host \
	-e RELAY_URL=https://draft-16-manish.cloudflare.mediaoverquic.com:443/moq \
	-e TLS_DISABLE_VERIFY=false \
	ghcr.io/openmoq/moqx-interop-client:latest
TAP version 14
# moxygen interop test client
# Relay: https://draft-16-manish.cloudflare.mediaoverquic.com:443/moq
# Transport: WebTransport
1..6
E20260618 01:22:58.325330     1 HQSession.cpp:558] Connection closed with error err=Crypto error: certificate_expired msg=fizz::FizzVerificationException: certificate verification failed: certificate has expired proto=, client CID=, server CID=30a493e34d28e256, local=<uninitialized address>, 34.68.101.111:443=upstream, drain=none
E0618 01:22:58.326205     1 MoQWebTransportClient.cpp:96] std::runtime_error: Crypto error: certificate_expired
not ok 1 - setup-only
  ---
  duration_ms: 67
  error: Crypto error: certificate_expired
  ...
E20260618 01:22:58.369561     1 HQSession.cpp:558] Connection closed with error err=Crypto error: certificate_expired msg=fizz::FizzVerificationException: certificate verification failed: certificate has expired proto=, client CID=, server CID=75749ef1a950471e, local=<uninitialized address>, 34.68.101.111:443=upstream, drain=none
E0618 01:22:58.369706     1 MoQWebTransportClient.cpp:96] std::runtime_error: Crypto error: certificate_expired
not ok 2 - announce-only
  ---
  duration_ms: 43
  error: Crypto error: certificate_expired
  ...
E20260618 01:22:58.413245     1 HQSession.cpp:558] Connection closed with error err=Crypto error: certificate_expired msg=fizz::FizzVerificationException: certificate verification failed: certificate has expired proto=, client CID=, server CID=78790855f229a3e0, local=<uninitialized address>, 34.68.101.111:443=upstream, drain=none
E0618 01:22:58.413391     1 MoQWebTransportClient.cpp:96] std::runtime_error: Crypto error: certificate_expired
not ok 3 - subscribe-error
  ---
  duration_ms: 43
  error: Crypto error: certificate_expired
  ...
E20260618 01:22:58.556322     1 HQSession.cpp:558] Connection closed with error err=Crypto error: certificate_expired msg=fizz::FizzVerificationException: certificate verification failed: certificate has expired proto=, client CID=, server CID=f8c6895fef93a4f8, local=<uninitialized address>, 34.68.101.111:443=upstream, drain=none
E0618 01:22:58.556447     1 MoQWebTransportClient.cpp:96] std::runtime_error: Crypto error: certificate_expired
not ok 4 - announce-subscribe
  ---
  duration_ms: 143
  error: Crypto error: certificate_expired
  ...
E20260618 01:22:58.637995     1 HQSession.cpp:558] Connection closed with error err=Crypto error: certificate_expired msg=fizz::FizzVerificationException: certificate verification failed: certificate has expired proto=, client CID=, server CID=82c7df8972aa119f, local=<uninitialized address>, 34.68.101.111:443=upstream, drain=none
E0618 01:22:58.638093     1 MoQWebTransportClient.cpp:96] std::runtime_error: Crypto error: certificate_expired
not ok 5 - publish-namespace-done
  ---
  duration_ms: 81
  error: Crypto error: certificate_expired
  ...
E20260618 01:22:58.776468     1 HQSession.cpp:558] Connection closed with error err=Crypto error: certificate_expired msg=fizz::FizzVerificationException: certificate verification failed: certificate has expired proto=, client CID=, server CID=4cf2b1d59afb4927, local=<uninitialized address>, 34.68.101.111:443=upstream, drain=none
E0618 01:22:58.776601     1 MoQWebTransportClient.cpp:96] std::runtime_error: Crypto error: certificate_expired
not ok 6 - subscribe-before-announce
  ---
  duration_ms: 138
  error: Crypto error: certificate_expired
  ...
make[1]: *** [Makefile:121: test-external] Error 1
make[1]: Leaving directory '/home/runner/work/moq-interop-runner/moq-interop-runner/main'
