make[1]: Entering directory '/home/runner/work/moq-interop-runner/moq-interop-runner/main'
Running tests against moqt://us-west-2.relay.quicr.org:33437...
  Client: ghcr.io/openmoq/moqx-interop-client:latest
docker run --rm \
	 \
	--network host \
	-e RELAY_URL=moqt://us-west-2.relay.quicr.org:33437 \
	-e TLS_DISABLE_VERIFY=1 \
	ghcr.io/openmoq/moqx-interop-client:latest
TAP version 14
# moxygen interop test client
# Relay: moqt://us-west-2.relay.quicr.org:33437
# Transport: QUIC
1..6
ok 1 - setup-only
  ---
  duration_ms: 169
  info: SETUP exchange completed successfully
  ...
W0618 01:21:49.373339     1 MoQSession.cpp:5345] Issuing request that will fail; nextRequestID_=0 peerMaxRequestID_=0 sess=0x560bf6411e60
E0618 01:21:49.454401     1 MoQRelaySession.cpp:880] PublishNamespaceDone for unknown publishNamespace, sess=0x560bf6411e60
ok 2 - announce-only
  ---
  duration_ms: 660
  info: PUBLISH_NAMESPACE completed successfully
  ...
W0618 01:21:49.812406     1 MoQSession.cpp:5345] Issuing request that will fail; nextRequestID_=0 peerMaxRequestID_=0 sess=0x560bf639b660
not ok 3 - subscribe-error
  ---
  duration_ms: 437
  error: Subscribe succeeded (relay accepted non-existent track)
  ...
W0618 01:21:50.333291     1 MoQSession.cpp:5345] Issuing request that will fail; nextRequestID_=0 peerMaxRequestID_=0 sess=0x560bf63ed8f0
W0618 01:21:50.588111     1 MoQSession.cpp:5345] Issuing request that will fail; nextRequestID_=0 peerMaxRequestID_=0 sess=0x560bf63ed230
E0618 01:21:50.669493     1 MoQSession.cpp:5572] publishDone for invalid id=1 sess=0x560bf63ed8f0
ok 4 - announce-subscribe
  ---
  duration_ms: 776
  info: Publisher announced, subscriber subscribed successfully
  ...
W0618 01:21:50.885348     1 MoQSession.cpp:5345] Issuing request that will fail; nextRequestID_=0 peerMaxRequestID_=0 sess=0x560bf6423cd0
ok 5 - publish-namespace-done
  ---
  duration_ms: 297
  info: PUBLISH_NAMESPACE_OK received, PUBLISH_NAMESPACE_DONE sent
  ...
W0618 01:21:51.398413     1 MoQSession.cpp:5345] Issuing request that will fail; nextRequestID_=0 peerMaxRequestID_=0 sess=0x560bf63e5d30
W0618 01:21:52.064370     1 MoQSession.cpp:5345] Issuing request that will fail; nextRequestID_=0 peerMaxRequestID_=0 sess=0x560bf63e8920
ok 6 - subscribe-before-announce
  ---
  duration_ms: 1178
  info: Subscribe succeeded after publisher announced (relay buffers pending subscriptions)
  ...
make[1]: *** [Makefile:121: test-external] Error 1
make[1]: Leaving directory '/home/runner/work/moq-interop-runner/moq-interop-runner/main'
