make[1]: Entering directory '/home/runner/work/moq-interop-runner/moq-interop-runner/main'
Running tests against https://us-west-2.relay.quicr.org:33437/relay...
  Client: ghcr.io/facebookexperimental/moxygen-interop-client:latest-amd64
docker run --rm \
	 \
	--network host \
	-e RELAY_URL=https://us-west-2.relay.quicr.org:33437/relay \
	-e TLS_DISABLE_VERIFY=1 \
	ghcr.io/facebookexperimental/moxygen-interop-client:latest-amd64
TAP version 14
# moxygen interop test client
# Relay: https://us-west-2.relay.quicr.org:33437/relay
# Transport: WebTransport
1..6
W0618 01:24:54.029403     1 MoQWebTransportClient.cpp:176] WebTransport: No WT-Protocol header in response, will use legacy version negotiation
E0618 01:24:54.110449     1 MoQFramer.cpp:1004] Server selected version draft-1 but we only offer draft-14 in legacy mode
E0618 01:24:54.110487     1 MoQCodec.cpp:126] Conn error=21
E0618 01:24:54.110494     1 MoQSession.cpp:5158] MoQCodec control stream parse error err=21
not ok 1 - setup-only
  ---
  duration_ms: 470
  error: coroutine operation cancelled
  ...
W0618 01:24:54.461265     1 MoQWebTransportClient.cpp:176] WebTransport: No WT-Protocol header in response, will use legacy version negotiation
E0618 01:24:54.542355     1 MoQFramer.cpp:1004] Server selected version draft-1 but we only offer draft-14 in legacy mode
E0618 01:24:54.542368     1 MoQCodec.cpp:126] Conn error=21
E0618 01:24:54.542371     1 MoQSession.cpp:5158] MoQCodec control stream parse error err=21
not ok 2 - announce-only
  ---
  duration_ms: 431
  error: coroutine operation cancelled
  ...
W0618 01:24:54.892845     1 MoQWebTransportClient.cpp:176] WebTransport: No WT-Protocol header in response, will use legacy version negotiation
E0618 01:24:54.974472     1 MoQFramer.cpp:1004] Server selected version draft-1 but we only offer draft-14 in legacy mode
E0618 01:24:54.974484     1 MoQCodec.cpp:126] Conn error=21
E0618 01:24:54.974487     1 MoQSession.cpp:5158] MoQCodec control stream parse error err=21
not ok 3 - subscribe-error
  ---
  duration_ms: 431
  error: coroutine operation cancelled
  ...
W0618 01:24:55.189019     1 MoQWebTransportClient.cpp:176] WebTransport: No WT-Protocol header in response, will use legacy version negotiation
E0618 01:24:55.270794     1 MoQFramer.cpp:1004] Server selected version draft-1 but we only offer draft-14 in legacy mode
E0618 01:24:55.270806     1 MoQCodec.cpp:126] Conn error=21
E0618 01:24:55.270809     1 MoQSession.cpp:5158] MoQCodec control stream parse error err=21
not ok 4 - announce-subscribe
  ---
  duration_ms: 296
  error: coroutine operation cancelled
  ...
W0618 01:24:55.705931     1 MoQWebTransportClient.cpp:176] WebTransport: No WT-Protocol header in response, will use legacy version negotiation
E0618 01:24:55.786901     1 MoQFramer.cpp:1004] Server selected version draft-1 but we only offer draft-14 in legacy mode
E0618 01:24:55.786913     1 MoQCodec.cpp:126] Conn error=21
E0618 01:24:55.786916     1 MoQSession.cpp:5158] MoQCodec control stream parse error err=21
not ok 5 - publish-namespace-done
  ---
  duration_ms: 516
  error: coroutine operation cancelled
  ...
W0618 01:24:56.188023     1 MoQWebTransportClient.cpp:176] WebTransport: No WT-Protocol header in response, will use legacy version negotiation
E0618 01:24:56.269001     1 MoQFramer.cpp:1004] Server selected version draft-1 but we only offer draft-14 in legacy mode
E0618 01:24:56.269013     1 MoQCodec.cpp:126] Conn error=21
E0618 01:24:56.269016     1 MoQSession.cpp:5158] MoQCodec control stream parse error err=21
not ok 6 - subscribe-before-announce
  ---
  duration_ms: 481
  error: coroutine operation cancelled
  ...
make[1]: *** [Makefile:121: test-external] Error 1
make[1]: Leaving directory '/home/runner/work/moq-interop-runner/moq-interop-runner/main'
