make[1]: Entering directory '/home/runner/work/moq-interop-runner/moq-interop-runner/main'
Running tests against https://quichemoq.dev:443...
  Client: ghcr.io/facebookexperimental/moxygen-interop-client:latest-amd64
docker run --rm \
	 \
	--network host \
	-e RELAY_URL=https://quichemoq.dev:443 \
	-e TLS_DISABLE_VERIFY=false \
	ghcr.io/facebookexperimental/moxygen-interop-client:latest-amd64
TAP version 14
# moxygen interop test client
# Relay: https://quichemoq.dev:443
# Transport: WebTransport
1..6
E20260618 01:27:07.600536     1 HQSession.cpp:558] Connection closed with error err=Connect failed msg=connect timeout proto=, client CID=, server CID=, local=<uninitialized address>, 34.53.4.47:443=upstream, drain=none
E0618 01:27:07.601790     1 MoQWebTransportClient.cpp:96] std::runtime_error: Connect failed
not ok 1 - setup-only
  ---
  duration_ms: 2119
  error: Connect failed
  ...
E20260618 01:27:09.628592     1 HQSession.cpp:558] Connection closed with error err=Connect failed msg=connect timeout proto=, client CID=, server CID=, local=<uninitialized address>, 34.53.4.47:443=upstream, drain=none
E0618 01:27:09.628655     1 MoQWebTransportClient.cpp:96] std::runtime_error: Connect failed
not ok 2 - announce-only
  ---
  duration_ms: 2026
  error: Connect failed
  ...
E20260618 01:27:11.706081     1 HQSession.cpp:558] Connection closed with error err=Connect failed msg=connect timeout proto=, client CID=, server CID=, local=<uninitialized address>, 34.53.4.47:443=upstream, drain=none
E0618 01:27:11.706171     1 MoQWebTransportClient.cpp:96] std::runtime_error: Connect failed
not ok 3 - subscribe-error
  ---
  duration_ms: 2077
  error: Connect failed
  ...
E20260618 01:27:13.723176     1 HQSession.cpp:558] Connection closed with error err=Connect failed msg=connect timeout proto=, client CID=, server CID=, local=<uninitialized address>, 34.53.4.47:443=upstream, drain=none
E0618 01:27:13.723258     1 MoQWebTransportClient.cpp:96] std::runtime_error: Connect failed
not ok 4 - announce-subscribe
  ---
  duration_ms: 2017
  error: Connect failed
  ...
E20260618 01:27:15.768994     1 HQSession.cpp:558] Connection closed with error err=Connect failed msg=connect timeout proto=, client CID=, server CID=, local=<uninitialized address>, 34.53.4.47:443=upstream, drain=none
E0618 01:27:15.769094     1 MoQWebTransportClient.cpp:96] std::runtime_error: Connect failed
not ok 5 - publish-namespace-done
  ---
  duration_ms: 2045
  error: Connect failed
  ...
not ok 6 - subscribe-before-announce
  ---
  duration_ms: 2084
  error: Connect failed
  ...
E20260618 01:27:17.853981     1 HQSession.cpp:558] Connection closed with error err=Connect failed msg=connect timeout proto=, client CID=, server CID=, local=<uninitialized address>, 34.53.4.47:443=upstream, drain=none
E0618 01:27:17.854064     1 MoQWebTransportClient.cpp:96] std::runtime_error: Connect failed
make[1]: *** [Makefile:121: test-external] Error 1
make[1]: Leaving directory '/home/runner/work/moq-interop-runner/moq-interop-runner/main'
